19:29:16.827427 - control :: Starting bot process.
19:29:16.945426 - control :: Bot has initialised, connecting to server.
19:29:16.948375 - stdin   :: 40 60 4 5
19:29:16.956457 - stdin   :: 16 53 0 0
15 50
15 52
16 51
16 53
3 3 3 3 3 -1 3 3 3 3 3
3 3 0 0 0 -1 -1 -1 -1 3 3
3 0 0 0 0 -1 -1 -1 -1 -1 3
3 -1 0 0 0 0 -1 -1 -1 -1 3
3 -1 0 0 0 0 -1 -1 -1 -1 3
-1 -1 1 1 1 1 -1 -1 -1 -1 -1
3 -1 -1 -1 -1 -1 -1 -1 -1 -1 3
3 -1 -1 -1 -1 -1 -1 -1 -1 -1 3
3 -1 -1 -1 -1 -1 -1 -1 -1 -1 3
3 3 -1 -1 100 100 100 100 -1 3 3
3 3 3 3 3 100 3 3 3 3 3
19:29:16.957362 - stdout  :: 0 -1
19:29:16.964003 - stdin   :: 16 52 0 -1
14 50
14 53
16 50
16 52
3 3 3 3 3 -1 3 3 3 3 3
3 3 0 0 0 0 -1 -1 -1 3 3
3 -1 0 0 0 0 -1 -1 -1 -1 3
3 -1 -1 0 0 0 0 -1 -1 -1 3
3 -1 -1 0 0 0 0 -1 -1 -1 3
-1 -1 -1 1 1 1 1 -1 -1 -1 -1
3 -1 -1 -1 -1 -1 -1 -1 -1 -1 3
3 -1 -1 -1 -1 -1 -1 -1 -1 -1 3
3 -1 -1 -1 -1 -1 -1 -1 -1 -1 3
3 3 -1 -1 -1 100 100 100 100 3 3
3 3 3 3 3 100 3 3 3 3 3
19:29:16.964907 - stdout  :: -1 0
19:29:16.971957 - stdin   :: 15 51 -1 -1
13 49
14 53
15 50
15 51
3 3 3 3 3 0 3 3 3 3 3
3 3 0 0 92 0 -1 -1 -1 3 3
3 -1 0 0 0 0 0 -1 -1 -1 3
3 -1 -1 0 0 0 0 -1 -1 -1 3
3 -1 -1 -1 0 0 0 0 -1 -1 3
-1 -1 -1 -1 0 0 0 0 -1 -1 -1
3 -1 -1 -1 1 1 1 1 -1 -1 3
3 -1 -1 -1 -1 -1 -1 -1 -1 -1 3
3 -1 -1 -1 -1 -1 -1 -1 -1 -1 3
3 3 -1 -1 -1 -1 -1 -1 -1 3 3
3 3 3 3 3 -1 3 3 3 3 3
19:29:16.972769 - stdout  :: 0 0
19:29:16.979925 - stdin   :: 14 50 -1 -1
12 48
15 52
15 51
14 50
3 3 3 3 3 0 3 3 3 3 3
3 3 0 0 0 0 0 -1 -1 3 3
3 -1 -1 0 0 92 0 -1 -1 -1 3
3 -1 -1 0 0 0 0 0 -1 -1 3
3 -1 -1 -1 0 0 0 0 -1 -1 3
-1 -1 -1 -1 -1 0 0 0 0 -1 -1
3 -1 -1 -1 -1 0 0 0 0 -1 3
3 -1 -1 -1 -1 1 1 1 1 -1 3
3 -1 -1 -1 -1 -1 -1 -1 -1 -1 3
3 3 -1 -1 -1 -1 -1 -1 -1 3 3
3 3 3 3 3 -1 3 3 3 3 3
19:29:16.980802 - stdout  :: 0 1
19:29:16.987345 - stdin   :: 13 50 -1 0
11 48
16 51
15 52
13 50
3 3 3 3 3 0 3 3 3 3 3
3 3 0 0 0 0 -1 -1 -1 3 3
3 -1 0 0 0 0 0 -1 -1 -1 3
3 -1 -1 0 0 92 0 -1 -1 -1 3
3 -1 -1 0 0 0 0 0 -1 -1 3
-1 -1 -1 -1 0 0 0 0 -1 -1 -1
3 -1 -1 -1 -1 0 0 0 0 -1 3
3 -1 -1 -1 -1 0 0 0 0 -1 3
3 -1 -1 -1 -1 1 1 1 1 -1 3
3 3 -1 -1 -1 -1 -1 -1 -1 3 3
3 3 3 3 3 -1 3 3 3 3 3
19:29:16.988256 - stdout  :: 0 -1
19:29:16.994086 - stdin   :: 12 49 -1 -1
10 47
16 50
15 53
12 49
3 3 3 3 3 0 3 3 3 3 3
3 3 0 0 0 0 0 -1 -1 3 3
3 -1 -1 0 0 0 0 -1 -1 -1 3
3 -1 -1 0 0 0 0 0 -1 -1 3
3 -1 -1 -1 0 0 92 0 -1 -1 3
-1 -1 -1 -1 0 0 0 0 0 -1 -1
3 -1 -1 -1 -1 0 0 0 0 -1 3
3 -1 -1 -1 -1 -1 0 0 0 0 3
3 -1 -1 -1 -1 -1 0 0 0 0 3
3 3 -1 -1 -1 -1 1 1 1 3 3
3 3 3 3 3 -1 3 3 3 3 3
19:29:16.995068 - stdout  :: 0 1
19:29:17.000799 - stdin   :: 11 49 -1 0
9 47
15 50
16 53
11 49
3 3 3 3 3 -1 3 3 3 3 3
3 3 0 0 0 0 -1 -1 -1 3 3
3 0 0 0 0 0 0 -1 -1 -1 3
3 -1 -1 0 0 0 0 -1 -1 -1 3
3 -1 -1 0 0 0 0 0 -1 -1 3
-1 -1 -1 -1 0 0 92 0 -1 -1 -1
3 -1 -1 -1 0 0 0 0 0 -1 3
3 -1 -1 -1 -1 0 0 0 0 -1 3
3 -1 -1 -1 -1 -1 0 0 0 0 3
3 3 -1 -1 -1 -1 0 0 0 3 3
3 3 3 3 3 -1 3 3 3 3 3
19:29:17.001557 - stdout  :: 0 -1
19:29:17.006909 - stdin   :: 10 48 -1 -1
8 46
14 50
16 53
10 48
3 3 3 3 3 -1 3 3 3 3 3
3 3 0 0 0 0 -1 -1 -1 3 3
3 0 0 0 0 0 0 -1 -1 -1 3
3 -1 0 0 0 0 0 0 -1 -1 3
3 -1 -1 -1 0 0 0 0 -1 -1 3
-1 -1 -1 -1 0 0 0 0 0 -1 -1
3 -1 -1 -1 -1 0 0 92 0 -1 3
3 -1 -1 -1 -1 0 0 0 0 0 3
3 -1 -1 -1 -1 -1 0 0 0 0 3
3 3 -1 -1 -1 -1 -1 0 0 3 3
3 3 3 3 3 -1 3 3 3 3 3
19:29:17.007642 - stdout  :: 0 0
19:29:17.013061 - stdin   :: 9 47 -1 -1
7 45
13 50
15 53
9 47
3 3 3 3 3 -1 3 3 3 3 3
3 3 0 0 0 0 -1 -1 -1 3 3
3 0 0 0 0 0 0 -1 -1 -1 3
3 0 0 0 0 0 0 0 -1 -1 3
3 -1 -1 0 0 0 0 0 0 -1 3
-1 -1 -1 -1 -1 0 0 0 0 -1 -1
3 -1 -1 -1 -1 0 0 0 0 0 3
3 -1 -1 -1 -1 -1 0 0 92 0 3
3 -1 -1 -1 -1 -1 0 0 0 0 3
3 3 -1 -1 -1 -1 -1 0 0 3 3
3 3 3 3 3 -1 3 3 3 3 3
19:29:17.013812 - stdout  :: 0 0
19:29:17.019527 - stdin   :: 8 46 -1 -1
6 44
12 50
14 53
8 46
3 3 3 3 3 -1 3 3 3 3 3
3 3 0 0 -1 -1 -1 -1 -1 3 3
3 0 0 0 0 0 0 -1 -1 -1 3
3 0 0 0 0 0 0 0 -1 -1 3
3 0 0 0 0 0 0 0 0 -1 3
0 0 -1 -1 0 0 0 0 0 0 -1
3 -1 -1 -1 -1 -1 0 0 0 0 3
3 -1 -1 -1 -1 -1 0 0 0 0 3
3 -1 -1 -1 -1 -1 -1 0 0 92 3
3 3 -1 -1 -1 -1 -1 0 0 3 3
3 3 3 3 3 -1 3 3 3 3 3
19:29:17.020223 - stdout  :: 1 0
19:29:17.025751 - stdin   :: 8 45 0 -1
6 43
11 50
14 52
8 45
3 3 3 3 3 -1 3 3 3 3 3
3 3 0 0 0 -1 -1 -1 -1 3 3
3 0 0 0 0 0 0 0 -1 -1 3
3 0 0 0 0 0 0 0 0 -1 3
3 0 0 0 0 0 0 0 0 0 3
91 0 0 -1 -1 0 0 0 0 0 0
3 0 -1 -1 -1 -1 -1 0 0 0 3
3 -1 -1 -1 -1 -1 -1 0 0 0 3
3 -1 -1 -1 -1 -1 -1 -1 0 0 3
3 3 -1 -1 -1 -1 -1 -1 0 3 3
3 3 3 3 3 -1 3 3 3 3 3
19:29:17.026402 - stdout  :: -1 0
19:29:17.034792 - stdin   :: 7 44 -1 -1
7 42
11 49
14 51
7 44
3 3 3 3 3 -1 3 3 3 3 3
3 3 -1 -1 -1 -1 -1 -1 -1 3 3
3 -1 0 0 0 0 -1 -1 -1 -1 3
3 0 0 0 0 0 0 0 0 -1 3
3 0 0 0 0 0 0 0 0 0 3
0 0 0 0 0 0 0 0 0 0 0
3 91 0 0 -1 -1 0 0 0 0 3
3 0 0 -1 -1 -1 -1 -1 0 0 3
3 -1 -1 -1 -1 -1 -1 -1 0 0 3
3 3 -1 -1 -1 -1 -1 -1 -1 3 3
3 3 3 3 3 -1 3 3 3 3 3
19:29:17.035421 - stdout  :: 1 0
19:29:17.041417 - stdin   :: 7 43 0 -1
8 41
11 48
14 50
7 43
3 3 3 3 3 -1 3 3 3 3 3
3 3 -1 -1 -1 -1 -1 -1 -1 3 3
3 -1 -1 0 0 0 0 -1 -1 -1 3
3 -1 0 0 0 0 0 0 0 0 3
3 0 0 0 0 0 0 0 0 0 3
0 0 0 0 0 0 0 0 0 0 0
3 0 91 0 0 -1 -1 0 0 0 3
3 0 0 0 -1 -1 -1 -1 -1 0 3
3 0 -1 -1 -1 -1 -1 -1 -1 0 3
3 3 -1 -1 -1 -1 -1 -1 -1 3 3
3 3 3 3 3 -1 3 3 3 3 3
19:29:17.042116 - stdout  :: 1 0
19:29:17.048149 - stdin   :: 8 42 1 -1
8 40
10 47
13 50
8 42
3 3 3 3 3 -1 3 3 3 3 3
3 3 -1 -1 0 0 0 0 -1 3 3
3 -1 -1 0 0 0 0 0 0 0 3
3 -1 0 0 0 0 0 0 0 0 3
3 0 0 0 0 0 0 0 0 0 3
0 0 0 91 0 0 -1 -1 0 0 0
3 0 0 0 0 -1 -1 -1 -1 -1 3
3 0 0 -1 -1 -1 -1 -1 -1 -1 3
3 -1 -1 -1 -1 -1 -1 -1 -1 -1 3
3 3 -1 -1 -1 -1 -1 -1 -1 3 3
3 3 3 3 3 -1 3 3 3 3 3
19:29:17.048874 - stdout  :: 0 0
19:29:17.054955 - stdin   :: 9 41 1 -1
8 40
8 46
13 51
9 41
3 3 3 3 3 0 3 3 3 3 3
3 3 -1 -1 0 0 0 0 0 3 3
3 -1 -1 0 0 0 0 0 0 0 3
3 0 0 0 0 0 0 0 0 0 3
3 0 0 0 91 0 0 -1 -1 0 3
0 0 0 0 0 0 -1 -1 -1 -1 -1
3 0 0 0 -1 -1 -1 -1 -1 -1 3
3 -1 -1 -1 -1 -1 -1 -1 -1 -1 3
3 -1 -1 -1 -1 -1 -1 -1 -1 -1 3
3 3 -1 -1 -1 -1 -1 -1 -1 3 3
3 3 3 3 3 0 3 3 3 3 3
19:29:17.055725 - stdout  :: -1 0
19:29:17.061701 - stdin   :: 9 40 0 -1
7 39
6 45
13 52
9 40
3 3 3 3 3 -1 3 3 3 3 3
3 3 -1 -1 -1 0 0 0 0 3 3
3 -1 -1 -1 0 0 0 0 0 0 3
3 -1 0 0 0 0 0 0 0 0 3
3 0 0 0 0 91 0 0 -1 -1 3
0 0 0 0 0 0 0 -1 -1 -1 -1
3 0 0 0 0 -1 -1 -1 -1 -1 3
3 0 -1 -1 -1 -1 -1 -1 -1 -1 3
3 -1 -1 -1 -1 -1 -1 -1 -1 -1 3
3 3 -1 -1 -1 -1 -1 -1 -1 3 3
3 3 3 3 3 0 3 3 3 3 3
19:29:17.062548 - stdout  :: 1 0
19:29:17.068305 - stdin   :: 10 39 1 -1
7 38
4 44
12 52
10 39
3 3 3 3 3 -1 3 3 3 3 3
3 3 -1 -1 -1 0 0 0 0 3 3
3 -1 -1 0 0 0 0 0 0 0 3
3 0 0 0 0 0 91 0 0 -1 3
3 0 0 0 0 0 0 0 -1 -1 3
0 0 0 0 0 0 -1 -1 -1 -1 -1
3 0 0 -1 -1 -1 -1 -1 -1 -1 3
3 0 -1 -1 -1 -1 -1 -1 -1 -1 3
3 0 -1 -1 -1 -1 -1 -1 -1 -1 3
3 3 0 0 0 0 0 0 0 3 3
3 3 3 3 3 0 3 3 3 3 3
19:29:17.069028 - stdout  :: -1 0
19:29:17.074797 - stdin   :: 10 38 0 -1
8 37
4 44
12 51
10 38
3 3 3 3 3 -1 3 3 3 3 3
3 3 -1 -1 -1 -1 0 0 0 3 3
3 -1 -1 -1 0 0 0 0 0 0 3
3 -1 0 0 0 0 0 91 0 0 3
3 0 0 0 0 0 0 0 0 -1 3
0 0 0 0 0 0 0 -1 -1 -1 -1
3 0 0 0 -1 -1 -1 -1 -1 -1 3
3 0 0 -1 -1 -1 -1 -1 -1 -1 3
3 0 0 -1 -1 -1 -1 -1 -1 -1 3
3 3 0 0 0 0 0 0 0 3 3
3 3 3 3 3 0 3 3 3 3 3
19:29:17.075550 - stdout  :: 0 0
19:29:17.080492 - stdin   :: 10 37 0 -1
9 36
4 44
12 50
10 37
3 3 3 3 3 -1 3 3 3 3 3
3 3 -1 -1 -1 -1 -1 0 0 3 3
3 -1 -1 -1 -1 0 0 0 0 0 3
3 -1 -1 0 0 0 0 0 91 0 3
3 0 0 0 0 0 0 0 0 0 3
0 0 0 0 0 0 0 0 -1 -1 -1
3 0 0 0 0 -1 -1 -1 -1 -1 3
3 0 0 0 -1 -1 -1 -1 -1 -1 3
3 0 0 0 -1 -1 -1 -1 -1 -1 3
3 3 0 0 0 0 0 0 0 3 3
3 3 3 3 3 0 3 3 3 3 3
19:29:17.081058 - stdout  :: 1 0
19:29:17.086268 - stdin   :: 11 36 1 -1
10 35
4 44
12 49
11 36
3 3 3 3 3 -1 3 3 3 3 3
3 3 -1 -1 -1 -1 0 0 0 3 3
3 -1 -1 -1 0 0 0 0 0 91 3
3 -1 0 0 0 0 0 0 0 0 3
3 0 0 0 0 0 0 0 0 -1 3
-1 0 0 0 0 0 -1 -1 -1 -1 -1
3 0 0 0 0 -1 -1 -1 -1 -1 3
3 0 0 0 0 -1 -1 -1 -1 -1 3
3 0 0 0 0 0 0 0 0 0 3
3 3 0 0 0 0 0 0 0 3 3
3 3 3 3 3 0 3 3 3 3 3
19:29:17.087279 - stdout  :: 0 0
19:29:17.092693 - stdin   :: 12 35 1 -1
11 34
4 44
13 49
12 35
3 3 3 3 3 -1 3 3 3 3 3
3 3 -1 -1 -1 0 0 0 0 3 3
3 0 -1 0 0 0 0 0 0 0 3
3 0 0 0 0 0 0 0 0 0 3
3 -1 0 0 0 0 0 -1 -1 -1 3
-1 0 0 0 0 0 -1 -1 -1 -1 -1
3 0 0 0 0 0 -1 -1 -1 -1 3
3 0 0 0 0 0 0 0 0 0 3
3 0 0 0 0 0 0 0 0 0 3
3 3 0 0 0 0 0 0 0 3 3
3 3 3 3 3 -1 3 3 3 3 3
19:29:17.093323 - stdout  :: 0 1
19:29:17.098279 - stdin   :: 13 35 1 0
12 33
4 44
13 49
13 35
3 3 3 3 3 0 3 3 3 3 3
3 3 -1 0 0 0 0 0 0 3 3
3 0 0 0 0 0 0 0 0 0 3
3 -1 0 0 0 0 0 -1 -1 -1 3
3 0 0 0 0 0 -1 -1 -1 -1 3
-1 0 0 0 0 0 -1 -1 -1 -1 -1
3 0 0 0 0 0 0 0 0 0 3
3 0 0 0 0 0 0 0 0 0 3
3 -1 0 0 0 0 0 0 0 0 3
3 3 -1 -1 -1 -1 -1 -1 -1 3 3
3 3 3 3 3 -1 3 3 3 3 3
19:29:17.098800 - stdout  :: 0 1
19:29:17.103578 - stdin   :: 14 36 1 1
13 33
4 44
12 49
14 36
3 3 3 3 3 0 3 3 3 3 3
3 3 0 0 0 0 0 0 0 3 3
3 0 0 0 0 0 -1 -1 -1 -1 3
3 0 0 0 0 -1 -1 -1 -1 -1 3
3 0 0 0 0 -1 -1 -1 -1 -1 3
0 0 0 0 0 0 0 0 0 0 0
3 0 0 0 0 0 0 0 0 0 3
3 0 0 0 0 0 0 0 0 0 3
3 -1 -1 -1 -1 -1 -1 -1 -1 0 3
3 3 -1 -1 -1 -1 -1 -1 -1 3 3
3 3 3 3 3 -1 3 3 3 3 3
19:29:17.104068 - stdout  :: 0 0
19:29:17.110159 - stdin   :: 15 37 1 1
14 34
5 45
12 48
15 37
3 3 3 3 3 0 3 3 3 3 3
3 3 0 0 0 -1 -1 -1 -1 3 3
3 0 0 0 -1 -1 -1 -1 -1 -1 3
3 0 0 0 -1 -1 -1 -1 -1 -1 3
3 0 0 0 0 0 0 0 0 0 3
0 0 0 0 0 0 0 0 0 0 0
3 0 0 0 0 0 0 0 0 0 3
3 -1 -1 -1 -1 -1 -1 -1 0 0 3
3 -1 -1 -1 -1 -1 -1 -1 0 0 3
3 3 -1 -1 -1 -1 -1 0 0 3 3
3 3 3 3 3 -1 3 3 3 3 3
19:29:17.110664 - stdout  :: 0 0
19:29:17.116666 - stdin   :: 16 38 1 1
15 35
6 46
11 48
16 38
3 3 3 3 3 -1 3 3 3 3 3
3 3 0 -1 -1 -1 -1 -1 -1 3 3
3 0 0 -1 -1 -1 -1 -1 -1 -1 3
3 0 0 0 0 0 0 0 0 0 3
3 0 0 0 0 0 0 0 0 0 3
0 0 0 0 0 0 0 0 0 0 0
3 -1 -1 -1 -1 -1 -1 0 0 92 3
3 -1 -1 -1 -1 -1 -1 0 0 92 3
3 -1 -1 -1 -1 -1 0 0 0 0 3
3 3 -1 -1 -1 0 0 0 0 3 3
3 3 3 3 3 0 3 3 3 3 3
19:29:17.117190 - stdout  :: -1 0
19:29:17.123667 - stdin   :: 16 39 0 1
15 36
7 47
11 49
16 39
3 3 3 3 3 -1 3 3 3 3 3
3 3 -1 -1 -1 -1 -1 -1 -1 3 3
3 0 -1 -1 -1 -1 -1 -1 -1 -1 3
3 0 0 0 0 0 0 0 0 0 3
3 0 0 0 0 0 0 0 0 0 3
0 0 0 0 0 0 0 0 0 0 0
3 -1 -1 -1 -1 -1 0 0 92 0 3
3 -1 -1 -1 -1 -1 0 0 92 0 3
3 -1 -1 -1 -1 0 0 0 0 0 3
3 3 -1 -1 0 0 0 0 0 3 3
3 3 3 3 3 0 3 3 3 3 3
19:29:17.124221 - stdout  :: 1 0
19:29:17.131446 - stdin   :: 17 40 1 1
14 37
8 48
10 49
17 40
3 3 3 3 3 -1 3 3 3 3 3
3 3 -1 -1 -1 -1 -1 -1 -1 3 3
3 0 0 0 0 0 0 0 0 -1 3
3 0 0 0 0 0 0 0 0 0 3
3 0 0 0 0 0 0 0 0 0 3
-1 -1 -1 -1 -1 0 0 92 0 0 -1
3 -1 -1 -1 -1 0 0 92 0 0 3
3 -1 -1 -1 0 0 0 0 0 0 3
3 -1 -1 0 0 0 0 0 0 0 3
3 3 0 0 0 0 0 0 0 3 3
3 3 3 3 3 0 3 3 3 3 3
19:29:17.132010 - stdout  :: 0 0
19:29:17.138694 - stdin   :: 18 41 1 1
14 38
9 49
10 50
18 41
3 3 3 3 3 -1 3 3 3 3 3
3 3 0 0 0 0 0 0 -1 3 3
3 0 0 0 0 0 0 0 0 -1 3
3 0 0 0 0 0 0 0 0 -1 3
3 -1 -1 -1 0 0 92 0 0 -1 3
-1 -1 -1 -1 0 0 92 0 0 -1 -1
3 -1 -1 0 0 0 0 0 0 -1 3
3 -1 0 0 0 0 0 0 0 -1 3
3 0 0 0 0 0 0 0 -1 -1 3
3 3 0 0 0 0 0 0 -1 3 3
3 3 3 3 3 -1 3 3 3 3 3
19:29:17.139279 - stdout  :: 0 0
19:29:17.145603 - stdin   :: 19 42 1 1
15 39
10 49
10 51
19 42
3 3 3 3 3 0 3 3 3 3 3
3 3 0 0 0 0 0 0 -1 3 3
3 0 0 0 0 0 0 0 -1 -1 3
3 -1 -1 0 0 92 0 0 -1 -1 3
3 -1 -1 0 0 92 0 0 -1 -1 3
-1 -1 0 0 0 0 0 0 -1 -1 -1
3 0 0 0 0 0 0 0 -1 -1 3
3 0 0 0 0 0 0 -1 -1 -1 3
3 0 0 0 0 0 0 -1 -1 -1 3
3 3 0 0 -1 -1 -1 -1 -1 3 3
3 3 3 3 3 -1 3 3 3 3 3
19:29:17.146205 - stdout  :: 0 0
19:29:17.152210 - stdin   :: 20 43 1 1
16 40
11 49
10 51
20 43
3 3 3 3 3 0 3 3 3 3 3
3 3 0 0 0 0 0 -1 -1 3 3
3 -1 0 0 92 0 0 -1 -1 -1 3
3 -1 0 0 92 0 0 -1 -1 -1 3
3 0 0 0 0 0 0 -1 -1 -1 3
0 0 0 0 0 0 0 -1 -1 -1 -1
3 0 0 0 0 0 -1 -1 -1 -1 3
3 0 0 0 0 0 -1 -1 -1 -1 3
3 0 0 -1 -1 -1 -1 -1 -1 -1 3
3 3 -1 -1 -1 -1 -1 -1 -1 3 3
3 3 3 3 3 -1 3 3 3 3 3
19:29:17.152857 - stdout  :: 0 -1
19:29:17.158912 - stdin   :: 21 43 1 0
17 41
12 49
10 50
21 43
3 3 3 3 3 0 3 3 3 3 3
3 3 0 0 92 0 0 -1 -1 3 3
3 -1 0 0 92 0 0 -1 -1 -1 3
3 0 0 0 0 0 0 -1 -1 -1 3
3 0 0 0 0 0 0 -1 -1 -1 3
0 0 0 0 0 0 -1 -1 -1 -1 -1
3 0 0 0 0 0 -1 -1 -1 -1 3
3 0 0 -1 -1 -1 -1 -1 -1 -1 3
3 -1 -1 -1 -1 -1 -1 -1 -1 -1 3
3 3 -1 -1 -1 -1 -1 -1 -1 3 3
3 3 3 3 3 -1 3 3 3 3 3
19:29:17.159565 - stdout  :: -1 -1
19:29:17.165643 - stdin   :: 21 42 0 -1
18 41
13 49
9 50
21 42
3 3 3 3 3 0 3 3 3 3 3
3 3 -1 0 0 92 0 0 -1 3 3
3 -1 -1 0 0 92 0 0 -1 -1 3
3 -1 0 0 0 0 0 0 -1 -1 3
3 0 0 0 0 0 0 0 -1 -1 3
0 0 0 0 0 0 0 -1 -1 -1 -1
3 0 0 0 0 0 0 -1 -1 -1 3
3 0 0 0 -1 -1 -1 -1 -1 -1 3
3 -1 -1 -1 -1 -1 -1 -1 -1 -1 3
3 3 -1 -1 -1 -1 -1 -1 -1 3 3
3 3 3 3 3 -1 3 3 3 3 3
19:29:17.166342 - stdout  :: 0 0
19:29:17.173838 - stdin   :: 21 41 0 -1
19 40
13 50
9 49
21 41
3 3 3 3 3 0 3 3 3 3 3
3 3 -1 -1 0 0 92 0 0 3 3
3 -1 -1 -1 0 0 92 0 0 -1 3
3 -1 -1 0 0 0 0 0 0 -1 3
3 -1 0 0 0 0 0 0 0 -1 3
0 0 0 0 0 0 0 0 -1 -1 -1
3 0 0 0 0 0 0 0 -1 -1 3
3 0 0 0 0 -1 -1 -1 -1 -1 3
3 -1 -1 -1 -1 -1 -1 -1 -1 -1 3
3 3 -1 -1 -1 -1 -1 -1 -1 3 3
3 3 3 3 3 0 3 3 3 3 3
19:29:17.174774 - stdout  :: 0 0
19:29:17.182962 - stdin   :: 21 40 0 -1
20 39
13 51
9 48
21 40
3 3 3 3 3 0 3 3 3 3 3
3 3 -1 -1 -1 0 0 92 0 3 3
3 -1 -1 -1 -1 0 0 92 0 0 3
3 -1 -1 -1 0 0 0 0 0 0 3
3 -1 -1 0 0 0 0 0 0 0 3
0 0 0 0 0 0 0 0 0 -1 -1
3 0 0 0 0 0 0 0 0 -1 3
3 0 0 0 0 0 -1 -1 -1 -1 3
3 -1 -1 -1 -1 -1 -1 -1 -1 -1 3
3 3 -1 -1 -1 -1 -1 -1 -1 3 3
3 3 3 3 3 0 3 3 3 3 3
19:29:17.183735 - stdout  :: 0 0
19:29:17.190607 - stdin   :: 21 39 0 -1
21 38
13 52
10 48
21 39
3 3 3 3 3 0 3 3 3 3 3
3 3 -1 -1 -1 -1 0 0 92 3 3
3 -1 -1 -1 -1 -1 0 0 92 0 3
3 -1 -1 -1 -1 0 0 0 0 0 3
3 -1 -1 -1 0 0 0 0 0 0 3
0 0 0 0 0 0 0 0 0 0 -1
3 0 0 0 0 0 0 0 0 0 3
3 0 0 0 0 0 0 -1 -1 -1 3
3 -1 -1 -1 -1 -1 -1 -1 -1 -1 3
3 3 -1 -1 -1 -1 -1 -1 -1 3 3
3 3 3 3 3 0 3 3 3 3 3
19:29:17.191407 - stdout  :: 0 -1
19:29:17.197890 - stdin   :: 21 37 0 -2
22 37
14 53
10 47
21 37
3 3 3 3 3 0 3 3 3 3 3
3 3 -1 -1 -1 -1 -1 -1 0 3 3
3 -1 -1 -1 -1 -1 -1 -1 0 0 3
3 -1 -1 -1 -1 -1 -1 0 0 0 3
3 0 0 -1 -1 -1 0 0 0 0 3
91 0 0 0 0 0 0 0 0 0 0
3 0 0 0 0 0 0 0 0 0 3
3 0 0 0 0 0 0 0 0 -1 3
3 -1 -1 -1 -1 -1 -1 -1 -1 -1 3
3 3 -1 -1 -1 -1 -1 -1 -1 3 3
3 3 3 3 3 0 3 3 3 3 3
19:29:17.198749 - stdout  :: 0 1
19:29:17.205113 - stdin   :: 21 36 0 -1
22 36
15 53
9 47
21 36
3 3 3 3 3 0 3 3 3 3 3
3 3 -1 -1 -1 -1 -1 -1 -1 3 3
3 -1 -1 -1 -1 -1 -1 -1 -1 0 3
3 -1 -1 -1 -1 -1 -1 -1 0 0 3
3 0 0 0 -1 -1 -1 0 0 0 3
91 91 0 0 0 0 0 0 0 0 0
3 0 0 0 0 0 0 0 0 0 3
3 -1 0 0 0 0 0 0 0 0 3
3 -1 -1 -1 -1 -1 -1 -1 -1 -1 3
3 3 -1 -1 -1 -1 -1 -1 -1 3 3
3 3 3 3 3 0 3 3 3 3 3
19:29:17.206021 - stdout  :: 0 0
19:29:17.212320 - stdin   :: 21 35 0 -1
22 35
16 53
8 47
21 35
3 3 3 3 3 0 3 3 3 3 3
3 3 -1 -1 -1 -1 -1 -1 -1 3 3
3 -1 -1 -1 -1 -1 -1 -1 -1 -1 3
3 0 -1 -1 -1 -1 -1 -1 -1 0 3
3 0 0 0 0 -1 -1 -1 0 0 3
0 91 91 0 0 0 0 0 0 0 0
3 0 0 0 0 0 0 0 0 0 3
3 -1 -1 0 0 0 0 0 0 0 3
3 -1 -1 -1 -1 -1 -1 -1 -1 -1 3
3 3 -1 -1 -1 -1 -1 -1 -1 3 3
3 3 3 3 3 0 3 3 3 3 3
19:29:17.213234 - stdout  :: 0 0
19:29:17.219692 - stdin   :: 21 34 0 -1
21 35
16 52
8 48
21 34
3 3 3 3 3 0 3 3 3 3 3
3 3 -1 -1 -1 -1 -1 -1 -1 3 3
3 -1 -1 -1 -1 -1 -1 -1 -1 -1 3
3 0 0 -1 -1 -1 -1 -1 -1 -1 3
3 0 0 0 0 0 -1 -1 -1 0 3
0 0 91 91 0 0 0 0 0 0 0
3 0 0 0 0 0 0 0 0 0 3
3 -1 -1 -1 0 0 0 0 0 0 3
3 -1 -1 -1 -1 -1 -1 -1 -1 -1 3
3 3 -1 -1 -1 -1 -1 -1 -1 3 3
3 3 3 3 3 0 3 3 3 3 3
19:29:17.220599 - stdout  :: 0 0
19:29:17.226946 - stdin   :: 21 33 0 -1
20 34
16 51
8 49
21 33
3 3 3 3 3 0 3 3 3 3 3
3 3 -1 -1 -1 -1 -1 -1 -1 3 3
3 0 -1 -1 -1 -1 -1 -1 -1 -1 3
3 0 0 0 -1 -1 -1 -1 -1 -1 3
3 0 0 0 0 0 0 -1 -1 -1 3
0 0 0 91 91 0 0 0 0 0 0
3 -1 0 0 0 0 0 0 0 0 3
3 -1 -1 -1 -1 0 0 0 0 0 3
3 -1 -1 -1 -1 -1 -1 -1 -1 -1 3
3 3 -1 -1 -1 -1 -1 -1 -1 3 3
3 3 3 3 3 -1 3 3 3 3 3
19:29:17.227951 - stdout  :: -1 0
19:29:17.234086 - stdin   :: 20 32 -1 -1
20 33
16 50
8 50
20 32
3 3 3 3 3 0 3 3 3 3 3
3 3 -1 -1 -1 0 0 0 0 3 3
3 -1 -1 -1 -1 -1 -1 -1 -1 -1 3
3 0 0 -1 -1 -1 -1 -1 -1 -1 3
3 0 0 0 0 -1 -1 -1 -1 -1 3
0 0 0 0 0 0 0 0 -1 -1 -1
3 0 0 0 91 91 0 0 0 0 3
3 -1 -1 0 0 0 0 0 0 0 3
3 -1 -1 -1 -1 -1 0 0 0 0 3
3 3 -1 -1 -1 -1 -1 -1 -1 3 3
3 3 3 3 3 -1 3 3 3 3 3
19:29:17.235152 - stdout  :: 1 0
19:29:17.241732 - stdin   :: 20 31 0 -1
20 32
15 50
8 50
20 31
3 3 3 3 3 0 3 3 3 3 3
3 3 -1 -1 -1 -1 0 0 0 3 3
3 0 -1 -1 -1 -1 -1 -1 -1 -1 3
3 0 0 0 -1 -1 -1 -1 -1 -1 3
3 0 0 0 0 0 -1 -1 -1 -1 3
0 0 0 0 0 0 0 0 0 -1 -1
3 0 0 0 0 91 91 0 0 0 3
3 -1 -1 -1 0 0 0 0 0 0 3
3 -1 -1 -1 -1 -1 -1 0 0 0 3
3 3 -1 -1 -1 -1 -1 -1 -1 3 3
3 3 3 3 3 -1 3 3 3 3 3
19:29:17.242846 - stdout  :: 0 0
19:29:17.249254 - stdin   :: 20 30 0 -1
19 31
14 50
8 49
20 30
3 3 3 3 3 -1 3 3 3 3 3
3 3 0 -1 -1 -1 -1 0 0 3 3
3 0 0 -1 -1 -1 -1 -1 -1 -1 3
3 0 0 0 0 -1 -1 -1 -1 -1 3
3 0 0 0 0 0 0 -1 -1 -1 3
-1 0 0 0 0 0 0 0 0 0 -1
3 -1 0 0 0 0 91 91 0 0 3
3 -1 -1 -1 -1 0 0 0 0 0 3
3 -1 -1 -1 -1 -1 -1 -1 0 0 3
3 3 -1 -1 -1 -1 -1 -1 -1 3 3
3 3 3 3 3 -1 3 3 3 3 3
19:29:17.250495 - stdout  :: 0 0
19:29:17.256747 - stdin   :: 20 29 0 -1
19 30
13 50
7 49
20 29
3 3 3 3 3 -1 3 3 3 3 3
3 3 0 0 -1 -1 -1 -1 0 3 3
3 0 0 0 -1 -1 -1 -1 -1 -1 3
3 0 0 0 0 0 -1 -1 -1 -1 3
3 0 0 0 0 0 0 0 -1 -1 3
-1 -1 0 0 0 0 0 0 0 0 0
3 -1 -1 0 0 0 0 91 91 0 3
3 -1 -1 -1 -1 -1 0 0 0 0 3
3 -1 -1 -1 -1 -1 -1 -1 -1 0 3
3 3 -1 -1 -1 -1 -1 -1 -1 3 3
3 3 3 3 3 -1 3 3 3 3 3
19:29:17.258276 - stdout  :: 0 0
19:29:17.264783 - stdin   :: 20 28 0 -1
18 29
12 50
7 48
20 28
3 3 3 3 3 -1 3 3 3 3 3
3 3 0 0 0 -1 -1 -1 -1 3 3
3 0 0 0 0 -1 -1 -1 -1 -1 3
3 -1 0 0 0 0 0 -1 -1 -1 3
3 -1 0 0 0 0 0 0 0 -1 3
-1 -1 -1 0 0 0 0 0 0 0 0
3 -1 -1 -1 0 0 0 0 91 91 3
3 -1 -1 -1 -1 -1 -1 0 0 0 3
3 -1 -1 -1 -1 -1 -1 -1 -1 -1 3
3 3 -1 -1 -1 -1 -1 -1 -1 3 3
3 3 3 3 3 -1 3 3 3 3 3
19:29:17.266465 - stdout  :: 0 0
19:29:17.273987 - stdin   :: 20 27 0 -1
18 28
11 50
7 47
20 27
3 3 3 3 3 0 3 3 3 3 3
3 3 0 0 0 0 -1 -1 -1 3 3
3 -1 0 0 0 0 -1 -1 -1 -1 3
3 -1 -1 0 0 0 0 0 -1 -1 3
3 -1 -1 0 0 0 0 0 0 0 3
-1 -1 -1 -1 0 0 0 0 0 0 0
3 -1 -1 -1 -1 0 0 0 0 91 3
3 -1 -1 -1 -1 -1 -1 -1 0 0 3
3 -1 -1 -1 -1 -1 -1 -1 -1 -1 3
3 3 -1 -1 -1 -1 -1 -1 -1 3 3
3 3 3 3 3 -1 3 3 3 3 3
19:29:17.275774 - stdout  :: -1 0
19:29:17.282211 - stdin   :: 19 26 -1 -1
17 27
11 50
7 46
19 26
3 3 3 3 3 0 3 3 3 3 3
3 3 0 0 0 0 0 -1 -1 3 3
3 -1 0 0 0 0 0 -1 -1 -1 3
3 -1 -1 0 0 0 0 -1 -1 -1 3
3 -1 -1 -1 0 0 0 0 0 -1 3
-1 -1 -1 -1 0 0 0 0 0 0 0
3 -1 -1 -1 -1 0 0 0 0 0 3
3 -1 -1 -1 -1 -1 0 0 0 0 3
3 -1 -1 -1 -1 -1 -1 -1 -1 0 3
3 3 -1 -1 -1 -1 -1 -1 -1 3 3
3 3 3 3 3 -1 3 3 3 3 3
19:29:17.284015 - stdout  :: 0 0
19:29:17.290974 - stdin   :: 18 25 -1 -1
16 26
12 51
8 46
18 25
3 3 3 3 3 0 3 3 3 3 3
3 3 -1 0 0 0 0 -1 -1 3 3
3 -1 -1 0 0 0 0 0 -1 -1 3
3 -1 -1 0 0 0 0 0 -1 -1 3
3 -1 -1 -1 0 0 0 0 -1 -1 3
0 -1 -1 -1 -1 0 0 0 0 0 -1
3 -1 -1 -1 -1 0 0 0 0 0 3
3 -1 -1 -1 -1 -1 0 0 0 0 3
3 -1 -1 -1 -1 -1 -1 0 0 0 3
3 3 -1 -1 -1 -1 -1 -1 -1 3 3
3 3 3 3 3 -1 3 3 3 3 3
19:29:17.293208 - stdout  :: 0 1
19:29:17.299627 - stdin   :: 17 25 -1 0
15 25
13 52
8 45
17 25
3 3 3 3 3 0 3 3 3 3 3
3 3 -1 0 0 0 0 -1 -1 3 3
3 -1 -1 0 0 0 0 -1 -1 -1 3
3 -1 -1 0 0 0 0 0 -1 -1 3
3 -1 -1 0 0 0 0 0 -1 -1 3
0 -1 -1 -1 0 0 0 0 -1 -1 -1
3 -1 -1 -1 -1 0 0 0 0 0 3
3 -1 -1 -1 -1 0 0 0 0 0 3
3 -1 -1 -1 -1 -1 0 0 0 0 3
3 3 -1 -1 -1 -1 -1 0 0 3 3
3 3 3 3 3 -1 3 3 3 3 3
19:29:17.301622 - stdout  :: 0 1
19:29:17.308006 - stdin   :: 16 26 -1 1
14 24
14 53
7 45
16 26
3 3 3 3 3 0 3 3 3 3 3
3 3 -1 0 0 0 -1 -1 -1 3 3
3 -1 0 0 0 0 -1 -1 -1 -1 3
3 -1 0 0 0 0 -1 -1 -1 -1 3
3 -1 0 0 0 0 0 -1 -1 -1 3
-1 -1 0 0 0 0 0 -1 -1 -1 -1
3 -1 -1 0 0 0 0 -1 -1 -1 3
3 -1 -1 -1 0 0 0 0 0 -1 3
3 -1 -1 -1 0 0 0 0 0 0 3
3 3 -1 -1 -1 0 0 0 0 3 3
3 3 3 3 3 -1 3 3 3 3 3
19:29:17.310079 - stdout  :: 0 0
19:29:17.317049 - stdin   :: 15 27 -1 1
13 24
15 53
7 44
15 27
3 3 3 3 3 0 3 3 3 3 3
3 3 0 0 0 0 -1 -1 -1 3 3
3 -1 0 0 0 -1 -1 -1 -1 0 3
3 0 0 0 0 -1 -1 -1 -1 0 3
3 0 0 0 0 -1 -1 -1 -1 0 3
-1 0 0 0 0 0 -1 -1 -1 0 0
3 0 0 0 0 0 -1 -1 -1 -1 3
3 -1 0 0 0 0 -1 -1 -1 -1 3
3 -1 -1 0 0 0 0 0 -1 -1 3
3 3 -1 0 0 0 0 0 0 3 3
3 3 3 3 3 0 3 3 3 3 3
19:29:17.319198 - stdout  :: 0 -1
19:29:17.356157 - stdin   :: 15 27 0 0
7 24
16 50
9 40
15 27
3 3 3 3 3 0 3 3 3 3 3
3 3 0 0 0 0 -1 -1 -1 3 3
3 -1 0 0 0 -1 -1 -1 -1 0 3
3 0 0 0 0 -1 -1 -1 -1 0 3
3 0 0 0 0 -1 -1 -1 -1 0 3
-1 0 0 0 0 0 -1 -1 -1 0 0
3 0 0 0 0 0 -1 -1 -1 -1 3
3 -1 0 0 0 0 -1 -1 -1 -1 3
3 -1 -1 0 0 0 0 0 -1 -1 3
3 3 -1 0 0 0 0 0 0 3 3
3 3 3 3 3 0 3 3 3 3 3
19:29:17.358220 - stdout  :: -1 -1
19:29:17.364537 - stdin   :: 14 26 -1 -1
6 23
16 50
9 39
14 26
3 3 3 3 3 0 3 3 3 3 3
3 3 -1 0 0 0 0 0 -1 3 3
3 0 0 0 0 0 0 -1 -1 -1 3
3 -1 -1 0 0 0 -1 -1 -1 -1 3
3 -1 0 0 0 0 -1 -1 -1 -1 3
-1 -1 0 0 0 0 -1 -1 -1 -1 0
3 -1 0 0 0 0 0 -1 -1 -1 3
3 -1 0 0 0 0 0 -1 -1 -1 3
3 -1 -1 0 0 0 0 -1 -1 -1 3
3 3 -1 -1 0 0 0 0 0 3 3
3 3 3 3 3 0 3 3 3 3 3
19:29:17.366607 - stdout  :: 0 1
19:29:17.373177 - stdin   :: 13 26 -1 0
5 22
16 50
10 39
13 26
3 3 3 3 3 0 3 3 3 3 3
3 3 -1 -1 0 0 0 0 -1 3 3
3 -1 -1 0 0 0 0 0 -1 -1 3
3 0 0 0 0 0 0 -1 -1 -1 3
3 -1 -1 0 0 0 -1 -1 -1 -1 3
-1 -1 0 0 0 0 -1 -1 -1 -1 0
3 -1 0 0 0 0 -1 -1 -1 -1 3
3 -1 0 0 0 0 0 -1 -1 -1 3
3 -1 0 0 0 0 0 -1 -1 -1 3
3 3 -1 0 0 0 0 -1 -1 3 3
3 3 3 3 3 0 3 3 3 3 3
19:29:17.375305 - stdout  :: 0 0
19:29:17.383854 - stdin   :: 12 26 -1 0
4 22
16 50
10 38
12 26
3 3 3 3 3 0 3 3 3 3 3
3 3 -1 -1 0 0 0 0 -1 3 3
3 -1 -1 -1 0 0 0 0 -1 -1 3
3 -1 -1 0 0 0 0 0 -1 -1 3
3 0 0 0 0 0 0 -1 -1 -1 3
-1 -1 -1 0 0 0 -1 -1 -1 -1 0
3 -1 0 0 0 0 -1 -1 -1 -1 3
3 -1 0 0 0 0 -1 -1 -1 -1 3
3 -1 0 0 0 0 0 -1 -1 -1 3
3 3 0 0 0 0 0 -1 -1 3 3
3 3 3 3 3 0 3 3 3 3 3
19:29:17.385975 - stdout  :: 0 1
19:29:17.394417 - stdin   :: 11 27 -1 1
3 21
16 51
9 38
11 27
3 3 3 3 3 0 3 3 3 3 3
3 3 0 0 0 0 0 -1 -1 3 3
3 -1 -1 0 0 0 0 -1 -1 0 3
3 -1 -1 0 0 0 0 -1 -1 0 3
3 -1 0 0 0 0 0 -1 -1 0 3
0 0 0 0 0 0 -1 -1 -1 -1 0
3 -1 0 0 0 -1 -1 -1 -1 0 3
3 0 0 0 0 -1 -1 -1 -1 0 3
3 0 0 0 0 -1 -1 -1 -1 0 3
3 3 0 0 0 0 -1 -1 -1 3 3
3 3 3 3 3 0 3 3 3 3 3
19:29:17.396595 - stdout  :: 0 0
19:29:17.404956 - stdin   :: 10 28 -1 1
3 20
16 52
8 38
10 28
3 3 3 3 3 0 3 3 3 3 3
3 3 0 0 0 0 -1 -1 -1 3 3
3 0 0 0 0 0 -1 -1 0 0 3
3 -1 0 0 0 0 -1 -1 0 -1 3
3 -1 0 0 0 0 -1 -1 0 -1 3
-1 0 0 0 0 0 -1 -1 0 0 0
3 0 0 0 0 -1 -1 -1 -1 0 3
3 0 0 0 -1 -1 -1 -1 0 0 3
3 0 0 0 -1 -1 -1 -1 0 0 3
3 3 0 0 -1 -1 -1 -1 0 3 3
3 3 3 3 3 -1 3 3 3 3 3
19:29:17.407052 - stdout  :: 0 -1
19:29:17.415485 - stdin   :: 9 28 -1 0
4 19
15 53
7 38
9 28
3 3 3 3 3 0 3 3 3 3 3
3 3 0 0 -1 0 -1 -1 0 3 3
3 0 0 0 0 0 -1 -1 -1 0 3
3 0 0 0 0 0 -1 -1 0 0 3
3 -1 0 0 0 0 -1 -1 0 -1 3
-1 -1 0 0 0 0 -1 -1 0 -1 0
3 0 0 0 0 0 -1 -1 0 0 3
3 0 0 0 0 -1 -1 -1 -1 0 3
3 0 0 0 -1 -1 -1 -1 0 0 3
3 3 0 0 -1 -1 -1 -1 0 3 3
3 3 3 3 3 -1 3 3 3 3 3
19:29:17.417541 - stdout  :: 0 0
19:29:17.425595 - stdin   :: 8 28 -1 0
5 18
14 53
7 39
8 28
3 3 3 3 3 0 3 3 3 3 3
3 3 0 0 -1 0 -1 -1 0 3 3
3 91 0 0 -1 0 -1 -1 0 0 3
3 0 0 0 0 0 -1 -1 -1 0 3
3 0 0 0 0 0 -1 -1 0 0 3
-1 -1 0 0 0 0 -1 -1 0 -1 -1
3 -1 0 0 0 0 -1 -1 0 -1 3
3 0 0 0 0 0 -1 -1 0 0 3
3 0 0 0 0 -1 -1 -1 -1 0 3
3 3 0 0 -1 -1 -1 -1 0 3 3
3 3 3 3 3 -1 3 3 3 3 3
19:29:17.427689 - stdout  :: 0 0
19:29:17.436389 - stdin   :: 7 28 -1 0
5 17
13 52
7 40
7 28
3 3 3 3 3 -1 3 3 3 3 3
3 3 0 0 -1 0 0 0 0 3 3
3 0 0 0 -1 0 -1 -1 0 -1 3
3 91 0 0 -1 0 -1 -1 0 0 3
3 0 0 0 0 0 -1 -1 -1 0 3
-1 0 0 0 0 0 -1 -1 0 0 -1
3 -1 0 0 0 0 -1 -1 0 -1 3
3 -1 0 0 0 0 -1 -1 0 -1 3
3 0 0 0 0 0 -1 -1 0 0 3
3 3 0 0 0 -1 -1 -1 -1 3 3
3 3 3 3 3 -1 3 3 3 3 3
19:29:17.438387 - stdout  :: 0 0
19:29:17.446379 - stdin   :: 6 28 -1 0
4 16
12 51
7 41
6 28
3 3 3 3 3 -1 3 3 3 3 3
3 3 0 0 -1 -1 -1 -1 -1 3 3
3 0 0 0 -1 0 0 0 0 -1 3
3 0 0 0 -1 0 -1 -1 0 -1 3
3 91 0 0 -1 0 -1 -1 0 0 3
0 0 0 0 0 0 -1 -1 -1 0 -1
3 0 0 0 0 0 -1 -1 0 0 3
3 -1 0 0 0 0 -1 -1 0 -1 3
3 -1 0 0 0 0 -1 -1 0 -1 3
3 3 0 0 0 0 -1 -1 0 3 3
3 3 3 3 3 -1 3 3 3 3 3
19:29:17.448356 - stdout  :: 0 0
19:29:17.456391 - stdin   :: 5 28 -1 0
4 15
11 50
6 41
5 28
3 3 3 3 3 -1 3 3 3 3 3
3 3 -1 -1 -1 -1 -1 -1 -1 3 3
3 -1 0 0 -1 -1 -1 -1 -1 -1 3
3 0 0 0 -1 0 0 0 0 -1 3
3 0 0 0 -1 0 -1 -1 0 -1 3
0 91 0 0 -1 0 -1 -1 0 0 -1
3 0 0 0 0 0 -1 -1 -1 0 3
3 0 0 0 0 0 -1 -1 0 0 3
3 -1 0 0 0 0 -1 -1 0 -1 3
3 3 0 0 0 0 -1 -1 0 3 3
3 3 3 3 3 0 3 3 3 3 3
19:29:17.458359 - stdout  :: 0 0
19:29:17.466524 - stdin   :: 4 28 -1 0
5 14
10 50
6 42
4 28
3 3 3 3 3 -1 3 3 3 3 3
3 3 -1 -1 -1 -1 -1 -1 -1 3 3
3 -1 -1 -1 -1 -1 -1 -1 -1 -1 3
3 -1 0 0 -1 -1 -1 -1 -1 -1 3
3 0 0 0 -1 0 0 0 0 -1 3
91 0 0 0 -1 0 -1 -1 0 -1 -1
3 91 0 0 -1 0 -1 -1 0 0 3
3 0 0 0 0 0 -1 -1 -1 0 3
3 0 0 0 0 0 -1 -1 0 0 3
3 3 0 0 0 0 -1 -1 0 3 3
3 3 3 3 3 0 3 3 3 3 3
19:29:17.468612 - stdout  :: 1 -1
19:29:17.512696 - stdin   :: 4 28 0 0
11 8
8 46
6 48
4 28
3 3 3 3 3 -1 3 3 3 3 3
3 3 -1 -1 -1 -1 -1 -1 -1 3 3
3 -1 -1 -1 -1 -1 -1 -1 -1 -1 3
3 -1 0 0 -1 -1 -1 -1 -1 -1 3
3 0 0 0 -1 0 0 0 0 -1 3
91 0 0 0 -1 0 -1 -1 0 -1 -1
3 91 0 0 -1 0 -1 -1 0 0 3
3 0 0 0 0 0 -1 -1 -1 0 3
3 0 0 0 0 0 -1 -1 0 0 3
3 3 0 0 0 0 -1 -1 0 3 3
3 3 3 3 3 0 3 3 3 3 3
19:29:17.514735 - stdout  :: 1 0
19:29:17.522451 - stdin   :: 5 28 1 0
12 7
8 45
6 48
5 28
3 3 3 3 3 -1 3 3 3 3 3
3 3 -1 -1 -1 -1 -1 -1 -1 3 3
3 -1 0 0 -1 -1 -1 -1 -1 -1 3
3 0 0 0 -1 0 0 0 0 -1 3
3 0 0 0 -1 0 -1 -1 0 -1 3
0 91 0 0 -1 0 -1 -1 0 0 -1
3 0 0 0 0 0 -1 -1 -1 0 3
3 0 0 0 0 0 -1 -1 0 0 3
3 -1 0 0 0 0 -1 -1 0 -1 3
3 3 0 0 0 0 -1 -1 0 3 3
3 3 3 3 3 0 3 3 3 3 3
19:29:17.524578 - stdout  :: 0 0
19:29:17.532507 - stdin   :: 6 28 1 0
13 7
7 43
6 47
6 28
3 3 3 3 3 -1 3 3 3 3 3
3 3 0 0 -1 -1 -1 -1 -1 3 3
3 0 0 0 -1 0 0 0 0 -1 3
3 0 0 0 -1 0 -1 -1 0 -1 3
3 91 0 0 -1 0 -1 -1 0 0 3
0 0 0 0 0 0 -1 -1 -1 0 -1
3 0 0 0 0 0 -1 -1 0 0 3
3 -1 0 0 0 0 -1 -1 0 -1 3
3 -1 0 0 0 0 -1 -1 0 -1 3
3 3 0 0 0 0 -1 -1 0 3 3
3 3 3 3 3 -1 3 3 3 3 3
19:29:17.534580 - stdout  :: 0 -1
19:29:17.542497 - stdin   :: 7 27 1 -1
14 8
6 41
5 47
7 27
3 3 3 3 3 -1 3 3 3 3 3
3 3 0 0 0 -1 0 0 0 3 3
3 91 0 0 0 -1 0 -1 -1 0 3
3 0 91 0 0 -1 0 -1 -1 0 3
3 0 0 0 0 0 0 -1 -1 -1 3
-1 -1 0 0 0 0 0 -1 -1 0 0
3 -1 -1 0 0 0 0 -1 -1 0 3
3 -1 -1 0 0 0 0 -1 -1 0 3
3 -1 0 0 0 0 0 -1 -1 0 3
3 3 0 0 0 0 -1 -1 -1 3 3
3 3 3 3 3 -1 3 3 3 3 3
19:29:17.544613 - stdout  :: 0 0
19:29:17.552420 - stdin   :: 8 26 1 -1
15 9
6 40
5 46
8 26
3 3 3 3 3 0 3 3 3 3 3
3 3 91 0 0 0 -1 0 -1 3 3
3 0 0 91 0 0 -1 0 -1 -1 3
3 0 0 0 0 0 0 0 -1 -1 3
3 -1 -1 0 0 0 0 0 -1 -1 3
-1 -1 -1 -1 0 0 0 0 -1 -1 0
3 -1 -1 -1 0 0 0 0 -1 -1 3
3 -1 -1 0 0 0 0 0 -1 -1 3
3 0 0 0 0 0 0 -1 -1 -1 3
3 3 -1 0 0 0 -1 -1 -1 3 3
3 3 3 3 3 0 3 3 3 3 3
19:29:17.554442 - stdout  :: 0 0
19:29:17.562092 - stdin   :: 9 25 1 -1
15 10
6 39
5 45
9 25
3 3 3 3 3 0 3 3 3 3 3
3 3 0 0 91 0 0 -1 0 3 3
3 -1 0 0 0 0 0 0 0 -1 3
3 -1 -1 -1 0 0 0 0 0 -1 3
3 -1 -1 -1 -1 0 0 0 0 -1 3
-1 -1 -1 -1 -1 0 0 0 0 -1 -1
3 0 -1 -1 0 0 0 0 0 -1 3
3 0 0 0 0 0 0 0 -1 -1 3
3 -1 -1 -1 0 0 0 -1 -1 -1 3
3 3 -1 0 0 0 0 -1 -1 3 3
3 3 3 3 3 0 3 3 3 3 3
19:29:17.564017 - stdout  :: 0 0
19:29:17.571961 - stdin   :: 10 24 1 -1
14 11
7 38
5 44
10 24
3 3 3 3 3 91 3 3 3 3 3
3 3 -1 0 0 0 0 0 0 3 3
3 -1 -1 -1 -1 0 0 0 0 0 3
3 -1 -1 -1 -1 -1 0 0 0 0 3
3 -1 -1 -1 -1 -1 0 0 0 0 3
0 0 0 -1 -1 0 0 0 0 0 -1
3 -1 0 0 0 0 0 0 0 -1 3
3 -1 -1 -1 -1 0 0 0 -1 -1 3
3 -1 -1 -1 0 0 0 0 -1 -1 3
3 3 -1 -1 0 0 0 0 -1 3 3
3 3 3 3 3 0 3 3 3 3 3
19:29:17.573868 - stdout  :: 0 0
19:29:17.582385 - stdin   :: 11 23 1 -1
14 12
8 37
5 43
11 23
3 3 3 3 3 0 3 3 3 3 3
3 3 -1 -1 -1 -1 0 0 0 3 3
3 -1 -1 -1 -1 -1 -1 0 0 0 3
3 -1 -1 -1 -1 -1 -1 0 0 0 3
3 0 0 0 -1 -1 0 0 0 0 3
0 -1 -1 0 0 0 0 0 0 0 -1
3 -1 -1 -1 -1 -1 0 0 0 -1 3
3 -1 -1 -1 -1 0 0 0 0 -1 3
3 0 -1 -1 -1 0 0 0 0 -1 3
3 3 0 -1 -1 0 0 0 0 3 3
3 3 3 3 3 0 3 3 3 3 3
19:29:17.584374 - stdout  :: -1 0
19:29:17.592504 - stdin   :: 11 22 0 -1
15 13
10 36
5 42
11 22
3 3 3 3 3 0 3 3 3 3 3
3 3 -1 -1 -1 -1 -1 0 0 3 3
3 -1 -1 -1 -1 -1 -1 -1 0 0 3
3 -1 -1 -1 -1 -1 -1 -1 0 0 3
3 0 0 0 0 -1 -1 0 0 0 3
0 0 -1 -1 0 0 0 0 0 0 0
3 -1 -1 -1 -1 -1 -1 0 0 0 3
3 -1 -1 -1 -1 -1 0 0 0 0 3
3 0 0 -1 -1 -1 0 0 0 0 3
3 3 0 0 -1 -1 0 0 0 3 3
3 3 3 3 3 -1 3 3 3 3 3
19:29:17.594435 - stdout  :: 0 0
19:29:17.602392 - stdin   :: 11 21 0 -1
16 14
12 35
5 41
11 21
3 3 3 3 3 -1 3 3 3 3 3
3 3 0 -1 -1 -1 -1 -1 0 3 3
3 0 -1 -1 -1 -1 -1 -1 -1 0 3
3 -1 -1 -1 -1 -1 -1 -1 -1 0 3
3 -1 0 0 0 0 -1 -1 0 0 3
0 0 0 -1 -1 0 0 0 0 0 0
3 -1 -1 -1 -1 -1 -1 -1 0 0 3
3 -1 -1 -1 -1 -1 -1 0 0 0 3
3 0 0 0 -1 -1 -1 0 0 0 3
3 3 0 0 0 -1 -1 0 0 3 3
3 3 3 3 3 -1 3 3 3 3 3
19:29:17.604248 - stdout  :: -1 0
19:29:17.621110 - stdin   :: 10 20 -1 -1
17 15
14 34
5 40
10 20
3 3 3 3 3 0 3 3 3 3 3
3 3 0 0 0 -1 -1 0 0 3 3
3 0 0 0 -1 -1 -1 -1 -1 0 3
3 0 0 -1 -1 -1 -1 -1 -1 -1 3
3 -1 -1 -1 -1 -1 -1 -1 -1 -1 3
-1 -1 -1 0 0 0 0 -1 -1 0 0
3 0 0 0 -1 -1 0 0 0 0 3
3 0 -1 -1 -1 -1 -1 -1 -1 0 3
3 -1 -1 -1 -1 -1 -1 -1 0 0 3
3 3 0 0 0 -1 -1 -1 0 3 3
3 3 3 3 3 0 3 3 3 3 3
19:29:17.622939 - stdout  :: 1 0
19:29:17.631198 - stdin   :: 10 19 0 -1
18 15
16 33
5 40
10 19
3 3 3 3 3 0 3 3 3 3 3
3 3 0 0 0 0 -1 -1 0 3 3
3 0 0 0 0 -1 -1 -1 -1 -1 3
3 0 0 0 -1 -1 -1 -1 -1 -1 3
3 -1 -1 -1 -1 -1 -1 -1 -1 -1 3
-1 -1 -1 -1 0 0 0 0 -1 -1 0
3 -1 0 0 0 -1 -1 0 0 0 3
3 0 0 -1 -1 -1 -1 -1 -1 -1 3
3 -1 -1 -1 -1 -1 -1 -1 -1 0 3
3 3 0 0 0 0 -1 -1 -1 3 3
3 3 3 3 3 0 3 3 3 3 3
19:29:17.633172 - stdout  :: 1 0
19:29:17.642122 - stdin   :: 11 18 1 -1
19 14
16 33
5 41
11 18
3 3 3 3 3 0 3 3 3 3 3
3 3 0 0 0 0 -1 -1 -1 3 3
3 0 0 0 0 -1 -1 -1 -1 -1 3
3 0 -1 -1 -1 -1 -1 -1 -1 -1 3
3 -1 -1 -1 -1 0 0 0 0 -1 3
-1 -1 -1 0 0 0 -1 -1 0 0 0
3 0 0 0 -1 -1 -1 -1 -1 -1 3
3 0 -1 -1 -1 -1 -1 -1 -1 -1 3
3 0 0 0 0 0 0 -1 -1 -1 3
3 3 0 0 0 0 0 0 -1 3 3
3 3 3 3 3 0 3 3 3 3 3
19:29:17.643542 - stdout  :: -1 0
19:29:17.650814 - stdin   :: 11 17 0 -1
20 13
16 33
4 41
11 17
3 3 3 3 3 0 3 3 3 3 3
3 3 0 0 0 0 0 -1 -1 3 3
3 0 0 0 0 0 -1 -1 -1 -1 3
3 0 0 -1 -1 -1 -1 -1 -1 -1 3
3 -1 -1 -1 -1 -1 0 0 0 0 3
-1 -1 -1 -1 0 0 0 -1 -1 0 0
3 -1 0 0 0 -1 -1 -1 -1 -1 3
3 -1 0 -1 -1 -1 -1 -1 -1 -1 3
3 0 0 0 0 0 0 0 -1 -1 3
3 3 0 0 0 0 0 0 0 3 3
3 3 3 3 3 0 3 3 3 3 3
19:29:17.652183 - stdout  :: 1 0
19:29:17.659377 - stdin   :: 12 16 1 -1
21 12
16 33
4 41
12 16
3 3 3 3 3 0 3 3 3 3 3
3 3 0 0 0 0 0 -1 -1 3 3
3 0 0 0 -1 -1 -1 -1 -1 -1 3
3 0 -1 -1 -1 -1 -1 0 0 0 3
3 -1 -1 -1 -1 0 0 0 -1 -1 3
-1 -1 -1 0 0 0 -1 -1 -1 -1 -1
3 -1 -1 0 -1 -1 -1 -1 -1 -1 3
3 0 0 0 0 0 0 0 0 -1 3
3 0 0 0 0 0 0 0 0 0 3
3 3 0 0 0 91 0 0 0 3 3
3 3 3 3 3 0 3 3 3 3 3
19:29:17.660718 - stdout  :: -1 0
19:29:17.668029 - stdin   :: 12 15 0 -1
21 11
16 33
5 41
12 15
3 3 3 3 3 0 3 3 3 3 3
3 3 0 0 0 0 0 0 -1 3 3
3 0 0 0 0 -1 -1 -1 -1 -1 3
3 0 0 -1 -1 -1 -1 -1 0 0 3
3 -1 -1 -1 -1 -1 0 0 0 -1 3
-1 -1 -1 -1 0 0 0 -1 -1 -1 -1
3 -1 -1 -1 0 -1 -1 -1 -1 -1 3
3 0 0 0 0 0 0 0 0 0 3
3 0 0 0 0 0 0 0 0 0 3
3 3 0 0 0 0 91 0 0 3 3
3 3 3 3 3 0 3 3 3 3 3
19:29:17.669341 - stdout  :: 1 0
19:29:17.677534 - stdin   :: 13 14 1 -1
20 10
16 33
6 41
13 14
3 3 3 3 3 0 3 3 3 3 3
3 3 0 0 0 0 -1 -1 -1 3 3
3 0 0 0 -1 -1 -1 -1 -1 0 3
3 -1 -1 -1 -1 -1 -1 0 0 0 3
3 -1 -1 -1 -1 0 0 0 -1 -1 3
0 -1 -1 -1 -1 0 -1 -1 -1 -1 -1
3 0 0 0 0 0 0 0 0 0 3
3 0 0 0 0 0 0 0 0 0 3
3 0 0 0 0 0 0 91 0 0 3
3 3 -1 -1 -1 0 0 0 0 3 3
3 3 3 3 3 0 3 3 3 3 3
19:29:17.678500 - stdout  :: 0 1
19:29:17.693621 - stdin   :: 14 14 1 0
20 9
16 33
7 41
14 14
3 3 3 3 3 0 3 3 3 3 3
3 3 0 0 -1 -1 -1 -1 -1 3 3
3 -1 -1 -1 -1 -1 -1 0 0 0 3
3 -1 -1 -1 -1 0 0 0 -1 -1 3
3 -1 -1 -1 -1 0 -1 -1 -1 -1 3
0 0 0 0 0 0 0 0 0 0 0
3 0 0 0 0 0 0 0 0 0 3
3 0 0 0 0 0 0 91 0 0 3
3 -1 -1 -1 -1 0 0 0 0 0 3
3 3 -1 0 0 0 0 0 0 3 3
3 3 3 3 3 0 3 3 3 3 3
19:29:17.696007 - stdout  :: 0 1
19:29:17.712963 - stdin   :: 15 15 1 1
21 8
15 33
7 40
15 15
3 3 3 3 3 -1 3 3 3 3 3
3 3 -1 -1 -1 -1 0 0 0 3 3
3 -1 -1 -1 0 0 0 -1 -1 -1 3
3 -1 -1 -1 0 -1 -1 -1 -1 -1 3
3 0 0 0 0 0 0 0 0 0 3
0 0 0 0 0 0 0 0 0 0 0
3 0 0 0 0 0 91 0 0 0 3
3 -1 -1 -1 0 0 0 0 0 0 3
3 -1 0 0 0 0 0 0 0 0 3
3 3 0 0 0 0 0 0 0 3 3
3 3 3 3 3 0 3 3 3 3 3
19:29:17.714146 - stdout  :: 0 -1
19:29:17.724525 - stdin   :: 16 15 1 0
22 7
14 33
7 39
16 15
3 3 3 3 3 -1 3 3 3 3 3
3 3 -1 -1 0 0 0 -1 -1 3 3
3 -1 -1 -1 0 -1 -1 -1 -1 -1 3
3 0 0 0 0 0 0 0 0 0 3
3 0 0 0 0 0 0 0 0 0 3
0 0 0 0 0 0 91 0 0 0 0
3 -1 -1 -1 0 0 0 0 0 0 3
3 -1 0 0 0 0 0 0 0 0 3
3 0 0 0 0 0 0 0 0 -1 3
3 3 0 0 0 0 -1 -1 -1 3 3
3 3 3 3 3 -1 3 3 3 3 3
19:29:17.726720 - stdout  :: 0 1
19:29:17.739024 - stdin   :: 17 16 1 1
23 6
13 32
7 38
17 16
3 3 3 3 3 0 3 3 3 3 3
3 3 -1 0 -1 -1 -1 -1 -1 3 3
3 0 0 0 0 0 0 0 0 -1 3
3 0 0 0 0 0 0 0 0 0 3
3 0 0 0 0 91 0 0 0 0 3
-1 -1 -1 0 0 0 0 0 0 0 -1
3 0 0 0 0 0 0 0 0 0 3
3 0 0 0 0 0 0 0 -1 -1 3
3 0 0 0 0 -1 -1 -1 -1 -1 3
3 3 0 -1 -1 -1 -1 -1 -1 3 3
3 3 3 3 3 -1 3 3 3 3 3
19:29:17.740573 - stdout  :: 0 -1
19:29:17.752414 - stdin   :: 18 16 1 0
24 5
12 31
7 37
18 16
3 3 3 3 3 -1 3 3 3 3 3
3 3 0 0 0 0 0 0 0 3 3
3 0 0 0 0 0 0 0 0 0 3
3 0 0 0 0 91 0 0 0 0 3
3 -1 -1 0 0 0 0 0 0 0 3
-1 0 0 0 0 0 0 0 0 0 -1
3 0 0 0 0 0 0 0 -1 -1 3
3 0 0 0 0 -1 -1 -1 -1 -1 3
3 0 0 -1 -1 -1 -1 -1 -1 -1 3
3 3 -1 -1 -1 -1 -1 -1 -1 3 3
3 3 3 3 3 -1 3 3 3 3 3
19:29:17.753757 - stdout  :: 0 -1
19:29:16.768828 - stdin   :: 19 15 1 -1
25 4
12 31
8 37
19 15
3 3 3 3 3 0 3 3 3 3 3
3 3 0 0 0 0 0 0 0 3 3
3 0 0 0 0 0 91 0 0 0 3
3 -1 -1 -1 0 0 0 0 0 0 3
3 -1 0 0 0 0 0 0 0 0 3
0 0 0 0 0 0 0 0 0 -1 -1
3 0 0 0 0 0 -1 -1 -1 -1 3
3 0 0 0 -1 -1 -1 -1 -1 -1 3
3 -1 -1 -1 -1 -1 -1 -1 -1 -1 3
3 3 -1 -1 -1 -1 -1 -1 -1 3 3
3 3 3 3 3 -1 3 3 3 3 3
19:29:16.770754 - stdout  :: 0 0
19:29:16.780038 - stdin   :: 20 14 1 -1
26 4
12 32
9 37
20 14
3 3 3 3 3 0 3 3 3 3 3
3 3 0 0 0 0 0 91 0 3 3
3 -1 -1 -1 -1 0 0 0 0 0 3
3 -1 -1 0 0 0 0 0 0 0 3
3 0 0 0 0 0 0 0 0 0 3
0 0 0 0 0 0 0 -1 -1 -1 -1
3 0 0 0 0 -1 -1 -1 -1 -1 3
3 -1 -1 -1 -1 -1 -1 -1 -1 -1 3
3 -1 -1 -1 -1 -1 -1 -1 -1 -1 3
3 3 -1 -1 -1 -1 -1 -1 -1 3 3
3 3 3 3 3 0 3 3 3 3 3
19:29:16.781795 - stdout  :: -1 0
19:29:16.791035 - stdin   :: 20 13 0 -1
27 5
12 33
10 37
20 13
3 3 3 3 3 0 3 3 3 3 3
3 3 0 0 0 0 0 0 91 3 3
3 -1 -1 -1 -1 -1 0 0 0 0 3
3 -1 -1 -1 0 0 0 0 0 0 3
3 0 0 0 0 0 0 0 0 0 3
0 0 0 0 0 0 0 0 -1 -1 -1
3 0 0 0 0 0 -1 -1 -1 -1 3
3 0 -1 -1 -1 -1 -1 -1 -1 -1 3
3 -1 -1 -1 -1 -1 -1 -1 -1 -1 3
3 3 -1 -1 -1 -1 -1 -1 -1 3 3
3 3 3 3 3 0 3 3 3 3 3
19:29:16.792815 - stdout  :: 0 0
19:29:16.802123 - stdin   :: 20 12 0 -1
28 6
12 34
10 36
20 12
3 3 3 3 3 0 3 3 3 3 3
3 3 0 0 0 0 0 0 0 3 3
3 -1 -1 -1 -1 -1 -1 0 0 0 3
3 -1 -1 -1 -1 0 0 0 0 0 3
3 0 0 0 0 0 0 0 0 0 3
0 0 0 0 0 0 0 0 0 -1 -1
3 0 0 0 0 0 0 -1 -1 -1 3
3 0 0 -1 -1 -1 -1 -1 -1 -1 3
3 0 -1 -1 -1 -1 -1 -1 -1 -1 3
3 3 -1 -1 -1 -1 -1 -1 -1 3 3
3 3 3 3 3 -1 3 3 3 3 3
19:29:16.804063 - stdout  :: 0 0
19:29:16.815043 - stdin   :: 20 11 0 -1
28 7
12 35
11 36
20 11
3 3 3 3 3 0 3 3 3 3 3
3 3 0 0 0 0 0 0 0 3 3
3 -1 -1 -1 -1 -1 -1 -1 0 0 3
3 -1 -1 -1 -1 -1 0 0 0 0 3
3 0 0 0 0 0 0 0 0 0 3
0 0 0 0 0 0 0 0 0 0 -1
3 0 0 0 0 0 0 0 -1 -1 3
3 0 0 0 -1 -1 -1 -1 -1 -1 3
3 0 0 -1 -1 -1 -1 -1 -1 -1 3
3 3 -1 -1 -1 -1 -1 -1 -1 3 3
3 3 3 3 3 -1 3 3 3 3 3
19:29:16.816811 - stdout  :: 1 0
19:29:16.826849 - stdin   :: 21 10 1 -1
29 8
13 35
11 35
21 10
3 3 3 3 3 0 3 3 3 3 3
3 3 -1 -1 -1 -1 -1 -1 -1 3 3
3 -1 -1 -1 -1 -1 -1 0 0 0 3
3 -1 0 0 0 0 0 0 0 0 3
3 0 0 0 0 0 0 0 0 0 3
0 0 0 0 0 0 0 0 0 -1 -1
3 0 0 0 0 -1 -1 -1 -1 -1 3
3 0 0 0 -1 -1 -1 -1 -1 -1 3
3 0 0 -1 -1 -1 -1 -1 -1 -1 3
3 3 -1 -1 -1 -1 -1 -1 0 3 3
3 3 3 3 3 0 3 3 3 3 3
19:29:16.828247 - stdout  :: 0 0
19:29:16.838092 - stdin   :: 22 9 1 -1
30 8
14 35
12 35
22 9
3 3 3 3 3 -1 3 3 3 3 3
3 3 -1 -1 -1 -1 -1 -1 0 3 3
3 -1 -1 0 0 0 0 0 0 0 3
3 -1 0 0 0 0 0 0 0 0 3
3 0 0 0 0 0 0 0 0 0 3
0 0 0 0 0 0 -1 -1 -1 -1 -1
3 0 0 0 0 -1 -1 -1 -1 -1 3
3 0 0 0 -1 -1 -1 -1 -1 -1 3
3 0 0 -1 -1 -1 -1 -1 -1 0 3
3 3 0 -1 -1 -1 0 0 0 3 3
3 3 3 3 3 0 3 3 3 3 3
19:29:16.839441 - stdout  :: 0 0
19:29:16.849061 - stdin   :: 23 8 1 -1
30 9
15 35
13 35
23 8
3 3 3 3 3 -1 3 3 3 3 3
3 3 -1 -1 0 0 0 0 0 3 3
3 -1 -1 0 0 0 0 0 0 0 3
3 -1 0 0 0 0 0 0 0 0 3
3 0 0 0 0 0 0 -1 -1 -1 3
-1 0 0 0 0 0 -1 -1 -1 -1 -1
3 0 0 0 0 -1 -1 -1 -1 -1 3
3 0 0 0 -1 -1 -1 -1 -1 -1 3
3 0 0 0 -1 -1 -1 0 0 0 3
3 3 0 0 -1 0 0 0 0 3 3
3 3 3 3 3 0 3 3 3 3 3
19:29:16.850218 - stdout  :: 0 0
19:29:16.860078 - stdin   :: 24 7 1 -1
29 10
16 35
14 35
24 7
3 3 3 3 3 0 3 3 3 3 3
3 3 -1 -1 0 0 0 0 0 3 3
3 -1 -1 0 0 0 0 0 0 0 3
3 -1 0 0 0 0 0 0 -1 -1 3
3 -1 0 0 0 0 0 -1 -1 -1 3
-1 0 0 0 0 0 -1 -1 -1 -1 -1
3 0 0 0 0 -1 -1 -1 -1 -1 3
3 0 0 0 0 -1 -1 -1 0 0 3
3 0 0 0 0 -1 0 0 0 0 3
3 3 0 0 0 0 0 0 0 3 3
3 3 3 3 3 91 3 3 3 3 3
19:29:16.861273 - stdout  :: 0 0
19:29:16.871957 - stdin   :: 25 6 1 -1
28 11
16 36
14 36
25 6
3 3 3 3 3 0 3 3 3 3 3
3 3 -1 -1 0 0 0 0 0 3 3
3 -1 -1 0 0 0 0 0 0 -1 3
3 -1 -1 0 0 0 0 0 -1 -1 3
3 -1 0 0 0 0 0 -1 -1 -1 3
-1 -1 0 0 0 0 -1 -1 -1 -1 -1
3 -1 0 0 0 0 -1 -1 -1 0 3
3 -1 0 0 0 0 -1 0 0 0 3
3 -1 0 0 0 0 0 0 0 0 3
3 3 0 0 0 0 91 0 0 3 3
3 3 3 3 3 0 3 3 3 3 3
19:29:16.873434 - stdout  :: 0 1
19:29:16.884441 - stdin   :: 26 6 1 0
27 12
16 37
14 37
26 6
3 3 3 3 3 0 3 3 3 3 3
3 3 -1 0 0 0 0 0 0 3 3
3 -1 -1 0 0 0 0 0 -1 -1 3
3 -1 0 0 0 0 0 -1 -1 -1 3
3 -1 0 0 0 0 -1 -1 -1 -1 3
-1 -1 0 0 0 0 -1 -1 -1 0 0
3 -1 0 0 0 0 -1 0 0 0 3
3 -1 0 0 0 0 0 0 0 0 3
3 -1 0 0 0 0 91 0 0 0 3
3 3 -1 0 0 0 0 0 0 3 3
3 3 3 3 3 0 3 3 3 3 3
19:29:16.885823 - stdout  :: 0 0
19:29:16.897030 - stdin   :: 27 6 1 0
26 13
16 38
14 38
27 6
3 3 3 3 3 0 3 3 3 3 3
3 3 -1 0 0 0 0 0 -1 3 3
3 -1 0 0 0 0 0 -1 -1 -1 3
3 -1 0 0 0 0 -1 -1 -1 -1 3
3 -1 0 0 0 0 -1 -1 -1 0 3
-1 -1 0 0 0 0 -1 0 0 0 0
3 -1 0 0 0 0 0 0 0 0 3
3 -1 0 0 0 0 91 0 0 0 3
3 -1 -1 0 0 0 0 0 0 0 3
3 3 -1 0 0 0 -1 -1 0 3 3
3 3 3 3 3 0 3 3 3 3 3
19:29:16.898128 - stdout  :: 0 1
19:29:16.908696 - stdin   :: 28 7 1 1
25 14
16 39
14 39
28 7
3 3 3 3 3 0 3 3 3 3 3
3 3 0 0 0 0 -1 -1 -1 3 3
3 0 0 0 0 -1 -1 -1 -1 -1 3
3 0 0 0 0 -1 -1 -1 0 0 3
3 0 0 0 0 -1 0 0 0 0 3
-1 0 0 0 0 0 0 0 0 0 0
3 0 0 0 0 91 0 0 0 0 3
3 -1 0 0 0 0 0 0 0 -1 3
3 -1 0 0 0 -1 -1 0 0 0 3
3 3 -1 0 0 0 0 -1 -1 3 3
3 3 3 3 3 0 3 3 3 3 3
19:29:16.909569 - stdout  :: -1 0
19:29:16.919828 - stdin   :: 28 8 0 1
25 15
16 40
14 40
28 8
3 3 3 3 3 0 3 3 3 3 3
3 3 0 0 0 -1 -1 -1 -1 3 3
3 0 0 0 -1 -1 -1 -1 -1 -1 3
3 0 0 0 -1 -1 -1 0 0 0 3
3 0 0 0 -1 0 0 0 0 0 3
0 0 0 0 0 0 0 0 0 0 0
3 0 0 0 91 0 0 0 0 0 3
3 0 0 0 0 0 0 0 -1 -1 3
3 0 0 0 -1 -1 0 0 0 0 3
3 3 0 0 0 0 -1 -1 -1 3 3
3 3 3 3 3 0 3 3 3 3 3
19:29:16.920645 - stdout  :: -1 0
19:29:16.931256 - stdin   :: 27 9 -1 1
26 16
15 41
14 41
27 9
3 3 3 3 3 0 3 3 3 3 3
3 3 0 0 0 -1 -1 -1 -1 3 3
3 0 0 0 -1 -1 -1 -1 -1 -1 3
3 0 0 -1 -1 -1 -1 -1 -1 0 3
3 0 0 -1 -1 -1 0 0 0 0 3
0 0 0 -1 0 0 0 0 0 0 0
3 0 0 0 0 0 0 0 0 0 3
3 0 0 91 0 0 0 0 0 -1 3
3 0 0 0 0 0 0 -1 -1 -1 3
3 3 0 -1 -1 0 0 0 0 3 3
3 3 3 3 3 -1 3 3 3 3 3
19:29:16.932048 - stdout  :: 0 0
19:29:16.942482 - stdin   :: 26 10 -1 1
26 17
14 42
15 42
26 10
3 3 3 3 3 0 3 3 3 3 3
3 3 0 0 0 -1 -1 -1 -1 3 3
3 0 0 0 -1 -1 -1 -1 -1 -1 3
3 0 0 -1 -1 -1 -1 -1 -1 -1 3
3 0 -1 -1 -1 -1 -1 -1 0 0 3
0 0 -1 -1 -1 0 0 0 0 0 0
3 0 -1 0 0 0 0 0 0 0 3
3 0 0 0 0 0 0 0 0 0 3
3 0 91 0 0 0 0 0 -1 -1 3
3 3 0 0 0 0 -1 -1 -1 3 3
3 3 3 3 3 0 3 3 3 3 3
19:29:16.943355 - stdout  :: 1 0
19:29:16.953870 - stdin   :: 26 11 0 1
27 18
14 43
15 43
26 11
3 3 3 3 3 0 3 3 3 3 3
3 3 0 0 -1 -1 -1 -1 -1 3 3
3 0 0 -1 -1 -1 -1 -1 -1 -1 3
3 0 -1 -1 -1 -1 -1 -1 -1 -1 3
3 -1 -1 -1 -1 -1 -1 0 0 0 3
0 -1 -1 -1 0 0 0 0 0 0 0
3 -1 0 0 0 0 0 0 0 0 3
3 0 0 0 0 0 0 0 0 0 3
3 91 0 0 0 0 0 -1 -1 -1 3
3 3 0 0 0 -1 -1 -1 -1 3 3
3 3 3 3 3 0 3 3 3 3 3
19:29:16.954725 - stdout  :: 0 0
19:29:16.966051 - stdin   :: 26 12 0 1
28 19
15 44
16 44
26 12
3 3 3 3 3 0 3 3 3 3 3
3 3 0 -1 -1 -1 -1 -1 -1 3 3
3 0 -1 -1 -1 -1 -1 -1 -1 -1 3
3 -1 -1 -1 -1 -1 -1 -1 -1 -1 3
3 -1 -1 -1 -1 -1 0 0 0 0 3
-1 -1 -1 0 0 0 0 0 0 0 0
3 0 0 0 0 0 0 0 0 0 3
3 0 0 0 0 0 0 0 0 -1 3
3 0 0 0 0 0 -1 -1 -1 -1 3
3 3 0 0 -1 -1 -1 -1 -1 3 3
3 3 3 3 3 0 3 3 3 3 3
19:29:16.966832 - stdout  :: -1 0
19:29:16.977479 - stdin   :: 25 13 -1 1
28 20
17 44
16 44
25 13
3 3 3 3 3 0 3 3 3 3 3
3 3 0 0 0 0 -1 -1 -1 3 3
3 0 -1 -1 -1 -1 -1 -1 -1 -1 3
3 -1 -1 -1 -1 -1 -1 -1 -1 -1 3
3 -1 -1 -1 -1 -1 -1 -1 -1 -1 3
-1 -1 -1 -1 -1 0 0 0 0 0 0
3 -1 0 0 0 0 0 0 0 0 3
3 0 0 0 0 0 0 0 0 0 3
3 0 0 0 0 0 0 0 -1 -1 3
3 3 0 0 0 -1 -1 -1 -1 3 3
3 3 3 3 3 -1 3 3 3 3 3
19:29:16.978518 - stdout  :: 1 0
19:29:16.991653 - stdin   :: 25 14 0 1
29 21
19 44
17 44
25 14
3 3 3 3 3 0 3 3 3 3 3
3 3 0 0 0 -1 -1 -1 -1 3 3
3 -1 -1 -1 -1 -1 -1 -1 -1 -1 3
3 -1 -1 -1 -1 -1 -1 -1 -1 -1 3
3 -1 -1 -1 -1 -1 -1 -1 -1 -1 3
-1 -1 -1 -1 0 0 0 0 0 0 0
3 0 0 0 0 0 0 0 0 0 3
3 0 0 0 0 0 0 0 0 0 3
3 0 0 0 0 0 0 -1 -1 0 3
3 3 0 0 -1 -1 -1 -1 -1 3 3
3 3 3 3 3 -1 3 3 3 3 3
19:29:16.992491 - stdout  :: 0 0
19:29:17.003551 - stdin   :: 25 15 0 1
30 22
22 43
18 44
25 15
3 3 3 3 3 0 3 3 3 3 3
3 3 0 0 -1 -1 -1 -1 -1 3 3
3 -1 -1 -1 -1 -1 -1 -1 -1 -1 3
3 -1 -1 -1 -1 -1 -1 -1 -1 -1 3
3 -1 -1 -1 -1 -1 -1 -1 -1 -1 3
-1 -1 -1 0 0 0 0 0 0 0 0
3 0 0 0 0 0 0 0 0 0 3
3 0 0 0 0 0 0 0 0 0 3
3 0 0 0 0 0 -1 -1 0 0 3
3 3 0 -1 -1 -1 -1 -1 -1 3 3
3 3 3 3 3 -1 3 3 3 3 3
19:29:17.004346 - stdout  :: 0 0
19:29:17.016195 - stdin   :: 25 16 0 1
31 23
22 43
19 44
25 16
3 3 3 3 3 -1 3 3 3 3 3
3 3 0 -1 -1 -1 -1 -1 -1 3 3
3 -1 -1 -1 -1 -1 -1 -1 -1 -1 3
3 -1 -1 -1 -1 -1 -1 -1 -1 -1 3
3 -1 -1 -1 -1 -1 -1 -1 -1 -1 3
-1 -1 0 0 0 0 0 0 0 0 -1
3 0 0 0 0 0 0 0 0 0 3
3 0 0 0 0 0 0 0 0 0 3
3 0 0 0 0 -1 -1 0 0 0 3
3 3 -1 -1 -1 -1 -1 -1 -1 3 3
3 3 3 3 3 -1 3 3 3 3 3
19:29:17.016898 - stdout  :: 0 0
19:29:17.027652 - stdin   :: 25 17 0 1
32 24
22 43
20 44
25 17
3 3 3 3 3 -1 3 3 3 3 3
3 3 -1 -1 -1 -1 -1 -1 -1 3 3
3 -1 -1 -1 -1 -1 -1 -1 -1 -1 3
3 -1 -1 -1 -1 -1 -1 -1 -1 -1 3
3 -1 -1 -1 -1 -1 -1 -1 -1 -1 3
-1 0 0 0 0 0 0 0 0 -1 -1
3 0 0 0 0 0 0 0 0 0 3
3 0 0 0 0 0 0 0 0 0 3
3 0 0 0 -1 -1 0 0 0 0 3
3 3 -1 -1 -1 -1 -1 -1 0 3 3
3 3 3 3 3 -1 3 3 3 3 3
19:29:17.028365 - stdout  :: 0 0
19:29:17.037887 - stdin   :: 25 18 0 1
33 25
22 43
20 43
25 18
3 3 3 3 3 -1 3 3 3 3 3
3 3 -1 -1 -1 -1 -1 -1 -1 3 3
3 -1 -1 -1 -1 -1 -1 -1 -1 -1 3
3 -1 -1 -1 -1 -1 -1 -1 -1 -1 3
3 -1 -1 -1 -1 -1 -1 -1 -1 -1 3
0 0 0 0 0 0 0 0 -1 -1 -1
3 0 0 0 0 0 0 0 0 -1 3
3 0 0 0 0 0 0 0 0 0 3
3 0 0 -1 -1 0 0 0 0 0 3
3 3 -1 -1 -1 -1 -1 0 0 3 3
3 3 3 3 3 -1 3 3 3 3 3
19:29:17.038553 - stdout  :: 0 0
19:29:17.048839 - stdin   :: 25 19 0 1
33 26
22 43
21 43
25 19
3 3 3 3 3 -1 3 3 3 3 3
3 3 -1 -1 -1 -1 -1 -1 -1 3 3
3 -1 -1 -1 -1 -1 -1 -1 -1 -1 3
3 -1 -1 -1 -1 -1 -1 -1 -1 -1 3
3 -1 -1 -1 -1 -1 -1 -1 -1 -1 3
0 0 0 0 0 0 0 -1 -1 -1 -1
3 0 0 0 0 0 0 0 -1 -1 3
3 0 0 0 0 0 0 0 0 0 3
3 0 -1 -1 0 0 0 0 0 0 3
3 3 -1 -1 -1 -1 0 0 91 3 3
3 3 3 3 3 -1 3 3 3 3 3
19:29:17.049498 - stdout  :: 0 0
19:29:17.059472 - stdin   :: 25 20 0 1
32 27
22 43
22 42
25 20
3 3 3 3 3 -1 3 3 3 3 3
3 3 -1 -1 -1 -1 -1 -1 -1 3 3
3 -1 -1 -1 -1 -1 -1 -1 -1 -1 3
3 -1 -1 -1 -1 -1 -1 -1 -1 -1 3
3 -1 -1 -1 -1 -1 -1 -1 -1 -1 3
0 0 0 0 0 0 -1 -1 -1 -1 -1
3 0 0 0 0 0 0 -1 -1 -1 3
3 0 0 0 0 0 0 0 0 -1 3
3 -1 -1 0 0 0 0 0 0 0 3
3 3 -1 -1 -1 0 0 91 0 3 3
3 3 3 3 3 -1 3 3 3 3 3
19:29:17.060158 - stdout  :: 1 0
19:29:17.070407 - stdin   :: 26 21 1 1
31 28
22 43
22 42
26 21
3 3 3 3 3 -1 3 3 3 3 3
3 3 -1 -1 -1 -1 -1 -1 -1 3 3
3 -1 -1 -1 -1 -1 -1 -1 -1 -1 3
3 -1 -1 -1 -1 -1 -1 -1 -1 -1 3
3 0 0 0 0 -1 -1 -1 -1 -1 3
0 0 0 0 0 0 -1 -1 -1 -1 -1
3 0 0 0 0 0 0 0 -1 -1 3
3 -1 0 0 0 0 0 0 0 -1 3
3 -1 -1 -1 0 0 91 0 0 0 3
3 3 -1 -1 -1 0 0 0 0 3 3
3 3 3 3 3 -1 3 3 3 3 3
19:29:17.071027 - stdout  :: 0 0
19:29:17.082648 - stdin   :: 27 22 1 1
30 29
21 43
22 43
27 22
3 3 3 3 3 -1 3 3 3 3 3
3 3 -1 -1 -1 -1 -1 -1 -1 3 3
3 -1 -1 -1 -1 -1 -1 -1 -1 -1 3
3 0 0 0 -1 -1 -1 -1 -1 -1 3
3 0 0 0 0 -1 -1 -1 -1 -1 3
0 0 0 0 0 0 0 -1 -1 -1 -1
3 0 0 0 0 0 0 0 -1 -1 3
3 -1 -1 0 0 91 0 0 0 0 3
3 -1 -1 -1 0 0 0 0 0 0 3
3 3 -1 -1 -1 -1 0 0 0 3 3
3 3 3 3 3 -1 3 3 3 3 3
19:29:17.083396 - stdout  :: -1 0
19:29:17.095848 - stdin   :: 27 23 0 1
30 29
20 43
21 43
27 23
3 3 3 3 3 -1 3 3 3 3 3
3 3 -1 -1 -1 -1 -1 -1 -1 3 3
3 -1 -1 -1 -1 -1 -1 -1 -1 -1 3
3 0 0 -1 -1 -1 -1 -1 -1 -1 3
3 0 0 0 -1 -1 -1 -1 -1 -1 3
0 0 0 0 0 0 -1 -1 -1 -1 -1
3 0 0 0 0 0 0 -1 -1 -1 3
3 -1 0 0 91 0 0 0 0 -1 3
3 -1 -1 0 0 0 0 0 0 0 3
3 3 -1 -1 -1 0 0 0 0 3 3
3 3 3 3 3 -1 3 3 3 3 3
19:29:17.096507 - stdout  :: 1 0
19:29:17.106153 - stdin   :: 28 24 1 1
30 29
19 43
21 42
28 24
3 3 3 3 3 -1 3 3 3 3 3
3 3 -1 -1 -1 -1 -1 -1 -1 3 3
3 0 -1 -1 -1 -1 -1 -1 -1 -1 3
3 0 0 -1 -1 -1 -1 -1 -1 -1 3
3 0 0 0 0 -1 -1 -1 -1 -1 3
0 0 0 0 0 0 -1 -1 -1 -1 -1
3 0 0 91 0 0 0 0 -1 0 3
3 -1 0 0 0 0 0 0 0 0 3
3 -1 -1 -1 0 0 0 0 0 0 3
3 3 -1 -1 -1 0 0 0 0 3 3
3 3 3 3 3 0 3 3 3 3 3
19:29:17.106836 - stdout  :: 0 0
19:29:17.116538 - stdin   :: 29 25 1 1
30 29
18 43
20 42
29 25
3 3 3 3 3 -1 3 3 3 3 3
3 3 -1 -1 -1 -1 -1 -1 -1 3 3
3 0 -1 -1 -1 -1 -1 -1 -1 -1 3
3 0 0 0 -1 -1 -1 -1 -1 -1 3
3 0 0 0 0 -1 -1 -1 -1 -1 3
0 0 91 0 0 0 0 -1 0 0 0
3 0 0 0 0 0 0 0 0 0 3
3 -1 -1 0 0 0 0 0 0 0 3
3 -1 -1 -1 0 0 0 0 0 0 3
3 3 0 0 0 0 0 0 0 3 3
3 3 3 3 3 0 3 3 3 3 3
19:29:17.117092 - stdout  :: -1 0
19:29:17.126314 - stdin   :: 29 26 0 1
30 29
17 43
20 41
29 26
3 3 3 3 3 -1 3 3 3 3 3
3 3 -1 -1 -1 -1 -1 -1 -1 3 3
3 -1 -1 -1 -1 -1 -1 -1 -1 -1 3
3 0 0 -1 -1 -1 -1 -1 -1 -1 3
3 0 0 0 -1 -1 -1 -1 -1 0 3
0 91 0 0 0 0 -1 0 0 0 0
3 0 0 0 0 0 0 0 0 -1 3
3 -1 0 0 0 0 0 0 0 0 3
3 -1 -1 0 0 0 0 0 0 0 3
3 3 0 0 0 0 0 0 91 3 3
3 3 3 3 3 0 3 3 3 3 3
19:29:17.126849 - stdout  :: 1 0
19:29:17.136029 - stdin   :: 30 27 1 1
30 29
16 43
21 41
30 27
3 3 3 3 3 -1 3 3 3 3 3
3 3 -1 -1 -1 -1 -1 -1 -1 3 3
3 0 -1 -1 -1 -1 -1 -1 -1 -1 3
3 0 0 -1 -1 -1 -1 -1 0 0 3
3 0 0 0 0 -1 0 0 0 0 3
0 0 0 0 0 0 0 0 -1 -1 -1
3 0 0 0 0 0 0 0 0 0 3
3 -1 0 0 0 0 0 0 0 0 3
3 0 0 0 0 0 0 91 91 91 3
3 3 -1 0 0 0 0 0 0 3 3
3 3 3 3 3 0 3 3 3 3 3
19:29:17.136518 - stdout  :: -1 0
19:29:17.145896 - stdin   :: 30 28 0 1
30 29
15 43
22 41
30 28
3 3 3 3 3 -1 3 3 3 3 3
3 3 -1 -1 -1 -1 -1 -1 -1 3 3
3 -1 -1 -1 -1 -1 -1 -1 -1 -1 3
3 0 -1 -1 -1 -1 -1 0 0 0 3
3 0 0 0 -1 0 0 0 0 -1 3
0 0 0 0 0 0 0 -1 -1 -1 -1
3 0 0 0 0 0 0 0 0 0 3
3 0 0 0 0 0 0 0 0 0 3
3 0 0 0 0 0 91 91 91 0 3
3 3 0 0 0 0 0 0 0 3 3
3 3 3 3 3 0 3 3 3 3 3
19:29:17.146397 - stdout  :: -1 0
19:29:17.157251 - stdin   :: 29 29 -1 1
31 30
15 44
22 40
29 29
3 3 3 3 3 -1 3 3 3 3 3
3 3 -1 -1 -1 -1 -1 -1 -1 3 3
3 -1 -1 -1 -1 -1 -1 -1 -1 -1 3
3 -1 -1 -1 -1 -1 -1 -1 -1 0 3
3 -1 -1 -1 -1 -1 0 0 0 0 3
0 0 0 -1 0 0 0 0 -1 -1 -1
3 0 0 0 0 0 -1 -1 -1 -1 3
3 0 0 0 0 0 0 0 0 -1 3
3 0 0 0 0 0 0 0 0 0 3
3 3 0 0 0 91 91 91 0 3 3
3 3 3 3 3 0 3 3 3 3 3
19:29:17.157812 - stdout  :: 0 0
19:29:17.168417 - stdin   :: 28 30 -1 1
32 31
16 44
21 40
28 30
3 3 3 3 3 -1 3 3 3 3 3
3 3 -1 -1 -1 -1 -1 -1 -1 3 3
3 -1 -1 -1 -1 -1 -1 -1 -1 -1 3
3 -1 -1 -1 -1 -1 -1 -1 -1 0 3
3 -1 -1 -1 -1 -1 -1 -1 0 0 3
-1 -1 -1 -1 -1 0 0 0 0 0 0
3 0 -1 0 0 0 0 -1 -1 -1 3
3 0 0 0 0 -1 -1 -1 -1 -1 3
3 0 0 0 0 0 0 0 -1 -1 3
3 3 0 0 0 0 0 0 0 3 3
3 3 3 3 3 91 3 3 3 3 3
19:29:17.168879 - stdout  :: 1 0
19:29:17.179323 - stdin   :: 28 31 0 1
32 32
17 44
20 40
28 31
3 3 3 3 3 -1 3 3 3 3 3
3 3 -1 -1 -1 -1 -1 -1 -1 3 3
3 -1 -1 -1 -1 -1 -1 -1 -1 -1 3
3 -1 -1 -1 -1 -1 -1 -1 0 0 3
3 -1 -1 -1 -1 -1 -1 0 0 0 3
-1 -1 -1 -1 0 0 0 0 0 0 -1
3 -1 0 0 0 0 -1 -1 -1 -1 3
3 0 0 0 -1 -1 -1 -1 -1 -1 3
3 0 0 0 0 0 0 -1 -1 -1 3
3 3 0 0 0 0 0 0 0 3 3
3 3 3 3 3 91 3 3 3 3 3
19:29:17.179781 - stdout  :: 0 0
19:29:17.190271 - stdin   :: 28 32 0 1
32 33
18 44
20 39
28 32
3 3 3 3 3 -1 3 3 3 3 3
3 3 -1 -1 -1 -1 -1 -1 -1 3 3
3 -1 -1 -1 -1 -1 -1 -1 -1 -1 3
3 -1 -1 -1 -1 -1 -1 0 0 0 3
3 -1 -1 -1 -1 -1 0 0 0 0 3
-1 -1 -1 0 0 0 0 0 0 -1 -1
3 0 0 0 0 -1 -1 -1 -1 -1 3
3 0 0 -1 -1 -1 -1 -1 -1 -1 3
3 0 0 0 0 0 -1 -1 -1 -1 3
3 3 0 0 0 0 0 0 0 3 3
3 3 3 3 3 0 3 3 3 3 3
19:29:17.190760 - stdout  :: -1 0
19:29:17.200953 - stdin   :: 27 33 -1 1
32 34
19 44
19 39
27 33
3 3 3 3 3 0 3 3 3 3 3
3 3 -1 -1 -1 0 0 0 0 3 3
3 -1 -1 -1 -1 -1 -1 -1 -1 -1 3
3 -1 -1 -1 -1 -1 -1 -1 -1 -1 3
3 -1 -1 -1 -1 -1 0 0 0 0 3
-1 -1 -1 -1 -1 0 0 0 0 0 0
3 -1 0 0 0 0 0 0 -1 -1 3
3 0 0 0 -1 -1 -1 -1 -1 -1 3
3 0 -1 -1 -1 -1 -1 -1 -1 -1 3
3 3 0 0 0 -1 -1 -1 -1 3 3
3 3 3 3 3 0 3 3 3 3 3
19:29:17.201401 - stdout  :: 0 0
19:29:17.211842 - stdin   :: 26 34 -1 1
32 35
20 44
19 39
26 34
3 3 3 3 3 0 3 3 3 3 3
3 3 0 0 0 0 0 0 0 3 3
3 -1 -1 -1 0 0 0 0 0 0 3
3 -1 -1 -1 -1 -1 -1 -1 -1 -1 3
3 -1 -1 -1 -1 -1 -1 -1 -1 -1 3
-1 -1 -1 -1 -1 0 0 0 0 0 0
3 -1 -1 -1 0 0 0 0 0 0 3
3 0 0 0 0 0 0 -1 -1 -1 3
3 0 0 -1 -1 -1 -1 -1 -1 -1 3
3 3 -1 -1 -1 -1 -1 -1 -1 3 3
3 3 3 3 3 -1 3 3 3 3 3
19:29:17.212304 - stdout  :: 1 0
19:29:17.230476 - stdin   :: 26 35 0 1
32 36
22 43
20 39
26 35
3 3 3 3 3 0 3 3 3 3 3
3 3 0 0 0 0 0 0 0 3 3
3 -1 -1 0 0 0 0 0 0 0 3
3 -1 -1 -1 -1 -1 -1 -1 -1 -1 3
3 -1 -1 -1 -1 -1 -1 -1 -1 -1 3
-1 -1 -1 -1 0 0 0 0 0 0 0
3 -1 -1 0 0 0 0 0 0 0 3
3 0 0 0 0 0 -1 -1 -1 -1 3
3 0 -1 -1 -1 -1 -1 -1 -1 -1 3
3 3 -1 -1 -1 -1 -1 -1 -1 3 3
3 3 3 3 3 -1 3 3 3 3 3
19:29:17.231057 - stdout  :: 0 0
19:29:17.254147 - stdin   :: 26 36 0 1
32 37
22 43
21 39
26 36
3 3 3 3 3 0 3 3 3 3 3
3 3 0 0 0 0 0 0 0 3 3
3 -1 0 0 0 0 0 0 0 0 3
3 -1 -1 -1 -1 -1 -1 -1 -1 -1 3
3 -1 -1 -1 -1 -1 -1 -1 -1 -1 3
-1 -1 -1 0 0 0 0 0 0 0 0
3 -1 0 0 0 0 0 0 0 0 3
3 0 0 0 0 -1 -1 -1 -1 -1 3
3 -1 -1 -1 -1 -1 -1 -1 -1 -1 3
3 3 -1 -1 -1 -1 -1 -1 -1 3 3
3 3 3 3 3 -1 3 3 3 3 3
19:29:17.254839 - stdout  :: 0 0
19:29:17.265745 - stdin   :: 26 37 0 1
32 38
22 43
22 39
26 37
3 3 3 3 3 0 3 3 3 3 3
3 3 0 0 0 0 0 0 0 3 3
3 0 0 0 0 0 0 0 0 -1 3
3 -1 -1 -1 -1 -1 -1 -1 -1 -1 3
3 -1 -1 -1 -1 -1 -1 -1 -1 -1 3
-1 -1 0 0 0 0 0 0 0 0 -1
3 0 0 0 0 0 0 0 0 0 3
3 0 0 0 -1 -1 -1 -1 -1 0 3
3 -1 -1 -1 -1 -1 -1 -1 -1 -1 3
3 3 -1 -1 -1 -1 -1 -1 -1 3 3
3 3 3 3 3 -1 3 3 3 3 3
19:29:17.266316 - stdout  :: 0 0
19:29:17.276546 - stdin   :: 26 38 0 1
31 39
22 43
23 39
26 38
3 3 3 3 3 0 3 3 3 3 3
3 3 0 0 0 0 0 0 0 3 3
3 0 0 0 0 0 0 0 -1 -1 3
3 -1 -1 -1 -1 -1 -1 -1 -1 -1 3
3 -1 -1 -1 -1 -1 -1 -1 -1 -1 3
-1 0 0 0 0 0 0 0 0 -1 -1
3 0 0 0 0 0 0 0 0 0 3
3 0 0 -1 -1 -1 -1 -1 0 0 3
3 -1 -1 -1 -1 -1 -1 -1 -1 0 3
3 3 -1 -1 -1 -1 -1 -1 0 3 3
3 3 3 3 3 -1 3 3 3 3 3
19:29:17.277031 - stdout  :: 0 0
19:29:17.286708 - stdin   :: 26 39 0 1
31 40
22 43
23 40
26 39
3 3 3 3 3 0 3 3 3 3 3
3 3 0 0 0 0 0 0 0 3 3
3 0 0 0 0 0 0 -1 -1 -1 3
3 -1 -1 -1 -1 -1 -1 -1 -1 -1 3
3 -1 -1 -1 -1 -1 -1 -1 -1 -1 3
0 0 0 0 0 0 0 0 -1 -1 -1
3 0 0 0 0 0 0 0 0 0 3
3 0 -1 -1 -1 -1 -1 0 0 0 3
3 -1 -1 -1 -1 -1 -1 -1 0 0 3
3 3 -1 -1 -1 -1 -1 0 0 3 3
3 3 3 3 3 0 3 3 3 3 3
19:29:17.287166 - stdout  :: 0 0
19:29:17.296863 - stdin   :: 26 40 0 1
30 41
22 43
23 40
26 40
3 3 3 3 3 0 3 3 3 3 3
3 3 0 0 0 0 0 0 0 3 3
3 0 0 0 0 0 -1 -1 -1 -1 3
3 -1 -1 -1 -1 -1 -1 -1 -1 -1 3
3 -1 -1 -1 -1 -1 -1 -1 -1 -1 3
0 0 0 0 0 0 0 -1 -1 -1 -1
3 0 0 0 0 0 0 0 0 -1 3
3 -1 -1 -1 -1 -1 0 0 0 0 3
3 -1 -1 -1 -1 -1 -1 0 0 0 3
3 3 -1 -1 -1 -1 0 0 0 3 3
3 3 3 3 3 0 3 3 3 3 3
19:29:17.297341 - stdout  :: 0 0
19:29:17.307554 - stdin   :: 26 41 0 1
29 42
22 43
23 39
26 41
3 3 3 3 3 0 3 3 3 3 3
3 3 0 0 0 0 0 0 -1 3 3
3 0 0 0 0 -1 -1 -1 -1 -1 3
3 -1 -1 -1 -1 -1 -1 -1 -1 -1 3
3 -1 -1 -1 -1 -1 -1 -1 -1 -1 3
0 0 0 0 0 0 -1 -1 -1 -1 -1
3 0 0 0 0 0 0 0 -1 -1 3
3 -1 -1 -1 -1 0 0 0 0 0 3
3 -1 -1 -1 -1 -1 0 0 0 92 3
3 3 -1 -1 -1 0 0 0 0 3 3
3 3 3 3 3 0 3 3 3 3 3
19:29:17.308120 - stdout  :: 1 0
19:29:17.319172 - stdin   :: 27 42 1 1
29 43
22 42
23 38
27 42
3 3 3 3 3 0 3 3 3 3 3
3 3 0 0 -1 -1 -1 -1 -1 3 3
3 -1 -1 -1 -1 -1 -1 -1 -1 -1 3
3 -1 -1 -1 -1 -1 -1 -1 -1 -1 3
3 0 0 0 0 -1 -1 -1 -1 -1 3
0 0 0 0 0 0 0 -1 -1 -1 -1
3 -1 -1 -1 0 0 0 0 0 -1 3
3 -1 -1 -1 -1 0 0 0 92 92 3
3 -1 -1 -1 0 0 0 0 92 92 3
3 3 0 0 0 0 0 0 92 3 3
3 3 3 3 3 0 3 3 3 3 3
19:29:17.319651 - stdout  :: 0 0
19:29:17.331576 - stdin   :: 28 43 1 1
29 43
22 41
22 38
28 43
3 3 3 3 3 -1 3 3 3 3 3
3 3 -1 -1 -1 -1 -1 -1 -1 3 3
3 -1 -1 -1 -1 -1 -1 -1 -1 -1 3
3 0 0 0 -1 -1 -1 -1 -1 -1 3
3 0 0 0 0 0 -1 -1 -1 -1 3
-1 -1 -1 0 0 0 0 0 -1 -1 -1
3 -1 -1 -1 0 0 0 92 92 92 3
3 -1 -1 0 0 0 0 92 92 92 3
3 0 0 0 0 0 0 92 92 92 3
3 3 0 0 0 0 0 0 -1 3 3
3 3 3 3 3 0 3 3 3 3 3
19:29:17.332109 - stdout  :: 0 0
19:29:17.344800 - stdin   :: 29 44 1 1
29 42
21 40
21 38
29 44
3 3 3 3 3 -1 3 3 3 3 3
3 3 -1 -1 -1 -1 -1 -1 -1 3 3
3 0 0 -1 -1 -1 -1 -1 -1 -1 3
3 0 0 0 0 -1 -1 -1 -1 -1 3
3 -1 0 0 0 0 0 -1 -1 -1 3
-1 -1 -1 0 0 0 92 92 92 92 92
3 -1 0 0 0 0 92 92 92 92 3
3 0 0 0 0 0 92 92 92 92 3
3 0 0 0 0 0 0 -1 -1 -1 3
3 3 0 0 0 -1 -1 -1 -1 3 3
3 3 3 3 3 -1 3 3 3 3 3
19:29:17.345377 - stdout  :: 0 -1
19:29:17.357045 - stdin   :: 30 44 1 0
30 41
20 39
20 38
30 44
3 3 3 3 3 -1 3 3 3 3 3
3 3 0 -1 -1 -1 -1 -1 -1 3 3
3 0 0 0 0 -1 -1 -1 -1 -1 3
3 -1 0 0 0 0 0 -1 -1 -1 3
3 -1 -1 0 0 0 92 92 92 92 3
-1 -1 0 0 0 0 92 92 92 92 92
3 0 0 0 0 0 92 92 92 92 3
3 0 0 0 0 0 0 -1 -1 -1 3
3 0 0 0 0 -1 -1 -1 -1 -1 3
3 3 0 -1 -1 -1 -1 -1 -1 3 3
3 3 3 3 3 -1 3 3 3 3 3
19:29:17.357705 - stdout  :: 0 0
19:29:17.370043 - stdin   :: 31 44 1 0
31 40
19 39
20 38
31 44
3 3 3 3 3 -1 3 3 3 3 3
3 3 0 0 0 -1 -1 -1 -1 3 3
3 -1 0 0 0 0 0 -1 -1 -1 3
3 -1 -1 0 0 0 92 92 92 92 3
3 -1 0 0 0 0 92 92 92 92 3
0 0 0 0 0 0 92 92 92 92 92
3 0 0 0 0 0 0 -1 -1 -1 3
3 0 0 0 0 -1 -1 -1 -1 -1 3
3 0 0 -1 -1 -1 -1 -1 -1 -1 3
3 3 -1 -1 -1 -1 -1 -1 -1 3 3
3 3 3 3 3 -1 3 3 3 3 3
19:29:17.370877 - stdout  :: 0 -1
19:29:17.383520 - stdin   :: 32 43 1 -1
31 39
18 40
21 38
32 43
3 3 3 3 3 0 3 3 3 3 3
3 3 -1 0 0 0 0 0 -1 3 3
3 -1 -1 -1 0 0 0 92 92 92 3
3 -1 -1 0 0 0 0 92 92 92 3
3 0 0 0 0 0 0 92 92 92 3
0 0 0 0 0 0 0 0 -1 -1 -1
3 0 0 0 0 0 -1 -1 -1 -1 3
3 0 0 0 -1 -1 -1 -1 -1 -1 3
3 -1 -1 -1 -1 -1 -1 -1 -1 -1 3
3 3 -1 -1 -1 -1 -1 -1 -1 3 3
3 3 3 3 3 -1 3 3 3 3 3
19:29:17.384437 - stdout  :: -1 0
19:29:17.399514 - stdin   :: 32 42 0 -1
32 38
17 41
21 37
32 42
3 3 3 3 3 0 3 3 3 3 3
3 3 -1 -1 0 0 0 0 0 3 3
3 -1 -1 -1 -1 0 0 0 92 92 3
3 -1 -1 -1 0 0 0 0 92 92 3
3 -1 0 0 0 0 0 0 92 92 3
0 0 0 0 0 0 0 0 0 -1 -1
3 0 0 0 0 0 0 -1 -1 -1 3
3 0 0 0 0 -1 -1 -1 -1 -1 3
3 -1 -1 -1 -1 -1 -1 -1 -1 -1 3
3 3 -1 -1 -1 -1 -1 -1 -1 3 3
3 3 3 3 3 -1 3 3 3 3 3
19:29:17.400497 - stdout  :: -1 0
19:29:17.417364 - stdin   :: 31 41 -1 -1
32 37
16 42
22 37
31 41
3 3 3 3 3 0 3 3 3 3 3
3 3 0 0 0 0 0 0 -1 3 3
3 -1 -1 -1 -1 0 0 0 0 0 3
3 -1 -1 -1 -1 -1 0 0 0 92 3
3 -1 -1 -1 -1 0 0 0 0 92 3
-1 -1 -1 0 0 0 0 0 0 92 92
3 0 0 0 0 0 0 0 0 0 3
3 0 0 0 0 0 0 0 -1 -1 3
3 0 0 0 0 0 -1 -1 -1 -1 3
3 3 -1 -1 -1 -1 -1 -1 -1 3 3
3 3 3 3 3 -1 3 3 3 3 3
19:29:17.418339 - stdout  :: 1 0
19:29:17.430738 - stdin   :: 31 40 0 -1
33 36
15 43
23 37
31 40
3 3 3 3 3 0 3 3 3 3 3
3 3 0 0 0 0 0 0 0 3 3
3 -1 -1 -1 -1 -1 0 0 0 0 3
3 -1 -1 -1 -1 -1 -1 0 0 0 3
3 -1 -1 -1 -1 -1 0 0 0 0 3
-1 -1 -1 -1 0 0 0 0 0 0 92
3 0 0 0 0 0 0 0 0 0 3
3 0 0 0 0 0 0 0 0 -1 3
3 0 0 0 0 0 0 -1 -1 -1 3
3 3 -1 -1 -1 -1 -1 -1 -1 3 3
3 3 3 3 3 -1 3 3 3 3 3
19:29:17.431591 - stdout  :: 1 0
19:29:17.443436 - stdin   :: 32 39 1 -1
34 35
14 43
23 36
32 39
3 3 3 3 3 0 3 3 3 3 3
3 3 -1 -1 -1 -1 -1 0 0 3 3
3 -1 -1 -1 -1 -1 -1 -1 0 0 3
3 -1 -1 -1 -1 -1 -1 0 0 0 3
3 -1 -1 -1 -1 0 0 0 0 0 3
0 0 0 0 0 0 0 0 0 0 0
3 0 0 0 0 0 0 0 0 0 3
3 0 0 0 0 0 0 0 -1 -1 3
3 -1 -1 -1 -1 -1 -1 -1 -1 -1 3
3 3 -1 -1 -1 -1 -1 -1 -1 3 3
3 3 3 3 3 -1 3 3 3 3 3
19:29:17.444301 - stdout  :: -1 0
19:29:17.456344 - stdin   :: 32 38 0 -1
34 34
14 42
22 36
32 38
3 3 3 3 3 0 3 3 3 3 3
3 3 0 -1 -1 -1 -1 -1 0 3 3
3 -1 -1 -1 -1 -1 -1 -1 -1 0 3
3 -1 -1 -1 -1 -1 -1 -1 0 0 3
3 -1 -1 -1 -1 -1 0 0 0 0 3
0 0 0 0 0 0 0 0 0 0 0
3 0 0 0 0 0 0 0 0 0 3
3 0 0 0 0 0 0 0 0 -1 3
3 -1 -1 -1 -1 -1 -1 -1 -1 -1 3
3 3 -1 -1 -1 -1 -1 -1 -1 3 3
3 3 3 3 3 -1 3 3 3 3 3
19:29:17.457236 - stdout  :: 0 0
19:29:17.469131 - stdin   :: 32 37 0 -1
34 33
14 41
21 36
32 37
3 3 3 3 3 0 3 3 3 3 3
3 3 0 0 -1 -1 -1 -1 -1 3 3
3 -1 -1 -1 -1 -1 -1 -1 -1 -1 3
3 -1 -1 -1 -1 -1 -1 -1 -1 0 3
3 -1 -1 -1 -1 -1 -1 0 0 0 3
0 0 0 0 0 0 0 0 0 0 0
3 0 0 0 0 0 0 0 0 0 3
3 0 0 0 0 0 0 0 0 0 3
3 -1 -1 -1 -1 -1 -1 -1 -1 -1 3
3 3 -1 -1 -1 -1 -1 -1 -1 3 3
3 3 3 3 3 -1 3 3 3 3 3
19:29:17.470135 - stdout  :: 0 0
19:29:17.481551 - stdin   :: 32 36 0 -1
34 32
14 40
21 35
32 36
3 3 3 3 3 0 3 3 3 3 3
3 3 0 0 0 -1 -1 -1 -1 3 3
3 -1 -1 -1 -1 -1 -1 -1 -1 -1 3
3 -1 -1 -1 -1 -1 -1 -1 -1 -1 3
3 0 -1 -1 -1 -1 -1 -1 0 0 3
0 0 0 0 0 0 0 0 0 0 0
3 0 0 0 0 0 0 0 0 0 3
3 0 0 0 0 0 0 0 0 0 3
3 -1 -1 -1 -1 -1 -1 -1 -1 -1 3
3 3 -1 -1 -1 -1 -1 -1 -1 3 3
3 3 3 3 3 -1 3 3 3 3 3
19:29:17.482429 - stdout  :: 0 0
19:29:17.494082 - stdin   :: 32 35 0 -1
35 31
14 39
22 35
32 35
3 3 3 3 3 0 3 3 3 3 3
3 3 0 0 0 0 -1 -1 -1 3 3
3 0 -1 -1 -1 -1 -1 -1 -1 -1 3
3 -1 -1 -1 -1 -1 -1 -1 -1 -1 3
3 0 0 -1 -1 -1 -1 -1 -1 0 3
0 0 0 0 0 0 0 0 0 0 0
3 91 0 0 0 0 0 0 0 0 3
3 0 0 0 0 0 0 0 0 0 3
3 0 -1 -1 -1 -1 -1 -1 -1 -1 3
3 3 -1 -1 -1 -1 -1 -1 -1 3 3
3 3 3 3 3 -1 3 3 3 3 3
19:29:17.495002 - stdout  :: 0 0
19:29:17.507279 - stdin   :: 32 34 0 -1
35 30
14 38
23 35
32 34
3 3 3 3 3 0 3 3 3 3 3
3 3 0 0 0 0 0 -1 -1 3 3
3 0 0 -1 -1 -1 -1 -1 -1 -1 3
3 -1 -1 -1 -1 -1 -1 -1 -1 -1 3
3 0 0 0 -1 -1 -1 -1 -1 -1 3
0 0 0 0 0 0 0 0 0 0 0
3 91 91 0 0 0 0 0 0 0 3
3 0 0 0 0 0 0 0 0 0 3
3 0 0 -1 -1 -1 -1 -1 -1 -1 3
3 3 -1 -1 -1 -1 -1 -1 -1 3 3
3 3 3 3 3 -1 3 3 3 3 3
19:29:17.508195 - stdout  :: 1 0
19:29:17.519068 - stdin   :: 33 33 1 -1
36 29
14 37
23 34
33 33
3 3 3 3 3 0 3 3 3 3 3
3 3 0 0 -1 -1 -1 -1 -1 3 3
3 0 -1 -1 -1 -1 -1 -1 -1 -1 3
3 0 0 0 0 -1 -1 -1 -1 -1 3
3 0 0 0 0 0 0 0 0 0 3
0 91 91 91 0 0 0 0 0 0 0
3 0 0 0 0 0 0 0 0 0 3
3 0 0 0 -1 -1 -1 -1 -1 -1 3
3 0 -1 -1 -1 -1 -1 -1 -1 -1 3
3 3 -1 -1 -1 -1 -1 -1 -1 3 3
3 3 3 3 3 -1 3 3 3 3 3
19:29:17.520009 - stdout  :: -1 0
19:29:17.531099 - stdin   :: 33 32 0 -1
36 28
14 36
22 34
33 32
3 3 3 3 3 0 3 3 3 3 3
3 3 0 0 0 -1 -1 -1 -1 3 3
3 0 0 -1 -1 -1 -1 -1 -1 -1 3
3 0 0 0 0 0 -1 -1 -1 -1 3
3 0 0 0 0 0 0 0 0 0 3
0 0 91 91 91 0 0 0 0 0 0
3 0 0 0 0 0 0 0 0 0 3
3 0 0 0 0 -1 -1 -1 -1 -1 3
3 0 0 -1 -1 -1 -1 -1 -1 -1 3
3 3 -1 -1 -1 -1 -1 -1 -1 3 3
3 3 3 3 3 -1 3 3 3 3 3
19:29:17.532083 - stdout  :: 1 0
19:29:17.543305 - stdin   :: 34 31 1 -1
36 27
14 35
21 34
34 31
3 3 3 3 3 0 3 3 3 3 3
3 3 0 0 -1 -1 -1 -1 -1 3 3
3 0 0 0 0 0 0 -1 -1 -1 3
3 0 0 0 0 0 0 0 0 0 3
3 0 0 91 91 91 0 0 0 0 3
0 0 0 0 0 0 0 0 0 0 0
3 0 0 0 0 0 -1 -1 -1 -1 3
3 0 0 0 -1 -1 -1 -1 -1 -1 3
3 -1 -1 -1 -1 -1 -1 -1 -1 -1 3
3 3 -1 -1 -1 -1 -1 -1 -1 3 3
3 3 3 3 3 -1 3 3 3 3 3
19:29:17.549823 - stdout  :: -1 0
19:29:17.560655 - stdin   :: 34 30 0 -1
36 26
14 34
20 34
34 30
3 3 3 3 3 0 3 3 3 3 3
3 3 0 0 0 -1 -1 -1 -1 3 3
3 0 0 0 0 0 0 0 -1 -1 3
3 0 0 0 0 0 0 0 0 0 3
3 0 0 0 91 91 91 0 0 0 3
0 0 0 0 0 0 0 0 0 0 0
3 0 0 0 0 0 0 -1 -1 -1 3
3 0 0 0 0 -1 -1 -1 -1 -1 3
3 -1 -1 -1 -1 -1 -1 -1 -1 -1 3
3 3 -1 -1 -1 -1 -1 -1 -1 3 3
3 3 3 3 3 -1 3 3 3 3 3
19:29:17.567556 - stdout  :: -1 1
19:29:17.585641 - stdin   :: 33 30 -1 0
37 25
14 33
20 33
33 30
3 3 3 3 3 0 3 3 3 3 3
3 3 -1 0 0 0 0 -1 -1 3 3
3 0 0 0 0 -1 -1 -1 -1 -1 3
3 0 0 0 0 0 0 0 -1 -1 3
3 0 0 0 0 0 0 0 0 0 3
0 0 0 0 91 91 91 0 0 0 0
3 0 0 0 0 0 0 0 0 0 3
3 0 0 0 0 0 0 -1 -1 -1 3
3 0 0 0 0 -1 -1 -1 -1 -1 3
3 3 -1 -1 -1 -1 -1 -1 -1 3 3
3 3 3 3 3 -1 3 3 3 3 3
19:29:17.592421 - stdout  :: 0 1
19:29:17.604467 - stdin   :: 31 31 -2 1
37 24
14 32
21 33
31 31
3 3 3 3 3 -1 3 3 3 3 3
3 3 -1 -1 -1 -1 -1 0 0 3 3
3 -1 -1 -1 0 0 0 0 0 0 3
3 -1 0 0 0 0 -1 -1 -1 -1 3
3 0 0 0 -1 -1 -1 -1 -1 -1 3
0 0 0 0 0 0 0 -1 -1 -1 -1
3 0 0 0 0 0 0 0 0 0 3
3 0 0 91 91 91 0 0 0 0 3
3 0 0 0 0 0 0 0 0 0 3
3 3 0 0 0 0 -1 -1 -1 3 3
3 3 3 3 3 -1 3 3 3 3 3
19:29:17.610503 - stdout  :: 1 0
19:29:17.677603 - stdin   :: 31 31 0 0
36 18
12 34
22 31
31 31
3 3 3 3 3 -1 3 3 3 3 3
3 3 -1 -1 -1 -1 -1 0 0 3 3
3 -1 -1 -1 0 0 0 0 0 0 3
3 -1 0 0 0 0 -1 -1 -1 -1 3
3 0 0 0 -1 -1 -1 -1 -1 -1 3
0 0 0 0 0 0 0 -1 -1 -1 -1
3 0 0 0 0 0 0 0 0 0 3
3 0 0 91 91 91 0 0 0 0 3
3 0 0 0 0 0 0 0 0 0 3
3 3 0 0 0 0 -1 -1 -1 3 3
3 3 3 3 3 -1 3 3 3 3 3
19:29:17.683337 - stdout  :: 0 1
19:29:17.694959 - stdin   :: 31 32 0 1
36 17
12 35
22 30
31 32
3 3 3 3 3 -1 3 3 3 3 3
3 3 -1 -1 -1 -1 0 0 0 3 3
3 -1 -1 0 0 0 0 0 0 -1 3
3 0 0 0 0 -1 -1 -1 -1 -1 3
3 0 0 -1 -1 -1 -1 -1 -1 -1 3
0 0 0 0 0 0 -1 -1 -1 -1 -1
3 0 0 0 0 0 0 0 0 0 3
3 0 91 91 91 0 0 0 0 0 3
3 0 0 0 0 0 0 0 0 0 3
3 3 0 0 0 -1 -1 -1 -1 3 3
3 3 3 3 3 -1 3 3 3 3 3
19:29:17.700726 - stdout  :: 1 0
19:29:17.712002 - stdin   :: 32 33 1 1
36 16
11 35
21 30
32 33
3 3 3 3 3 0 3 3 3 3 3
3 3 0 0 0 0 0 0 -1 3 3
3 0 0 0 -1 -1 -1 -1 -1 -1 3
3 0 -1 -1 -1 -1 -1 -1 -1 -1 3
3 0 0 0 0 -1 -1 -1 -1 -1 3
0 0 0 0 0 0 0 0 0 0 0
3 91 91 91 0 0 0 0 0 0 3
3 0 0 0 0 0 0 0 0 0 3
3 0 0 0 -1 -1 -1 -1 -1 -1 3
3 3 -1 -1 -1 -1 -1 -1 -1 3 3
3 3 3 3 3 -1 3 3 3 3 3
19:29:17.717734 - stdout  :: -1 0
19:29:17.729197 - stdin   :: 32 34 0 1
35 15
10 35
20 30
32 34
3 3 3 3 3 0 3 3 3 3 3
3 3 0 0 0 0 0 -1 -1 3 3
3 0 0 -1 -1 -1 -1 -1 -1 -1 3
3 -1 -1 -1 -1 -1 -1 -1 -1 -1 3
3 0 0 0 -1 -1 -1 -1 -1 -1 3
0 0 0 0 0 0 0 0 0 0 0
3 91 91 0 0 0 0 0 0 0 3
3 0 0 0 0 0 0 0 0 0 3
3 0 0 -1 -1 -1 -1 -1 -1 -1 3
3 3 -1 -1 -1 -1 -1 -1 -1 3 3
3 3 3 3 3 -1 3 3 3 3 3
19:29:17.734936 - stdout  :: 0 0
19:29:17.746307 - stdin   :: 32 35 0 1
35 14
9 35
19 30
32 35
3 3 3 3 3 0 3 3 3 3 3
3 3 0 0 0 0 -1 -1 -1 3 3
3 0 -1 -1 -1 -1 -1 -1 -1 -1 3
3 -1 -1 -1 -1 -1 -1 -1 -1 -1 3
3 0 0 -1 -1 -1 -1 -1 -1 0 3
0 0 0 0 0 0 0 0 0 0 0
3 91 0 0 0 0 0 0 0 0 3
3 0 0 0 0 0 0 0 0 0 3
3 0 -1 -1 -1 -1 -1 -1 -1 -1 3
3 3 -1 -1 -1 -1 -1 -1 -1 3 3
3 3 3 3 3 -1 3 3 3 3 3
19:29:17.751812 - stdout  :: 0 0
19:29:17.763460 - stdin   :: 32 36 0 1
36 13
8 35
19 29
32 36
3 3 3 3 3 0 3 3 3 3 3
3 3 0 0 0 -1 -1 -1 -1 3 3
3 -1 -1 -1 -1 -1 -1 -1 -1 -1 3
3 -1 -1 -1 -1 -1 -1 -1 -1 -1 3
3 0 -1 -1 -1 -1 -1 -1 0 0 3
0 0 0 0 0 0 0 0 0 0 0
3 0 0 0 0 0 0 0 0 0 3
3 0 0 0 0 0 0 0 0 0 3
3 -1 -1 -1 -1 -1 -1 -1 -1 -1 3
3 3 -1 -1 -1 -1 -1 -1 -1 3 3
3 3 3 3 3 -1 3 3 3 3 3
19:29:17.768711 - stdout  :: 0 0
19:29:17.780683 - stdin   :: 32 37 0 1
37 12
8 36
20 29
32 37
3 3 3 3 3 0 3 3 3 3 3
3 3 0 0 -1 -1 -1 -1 -1 3 3
3 -1 -1 -1 -1 -1 -1 -1 -1 -1 3
3 -1 -1 -1 -1 -1 -1 -1 -1 0 3
3 -1 -1 -1 -1 -1 -1 0 0 0 3
0 0 0 0 0 0 0 0 0 0 0
3 0 0 0 0 0 0 0 0 0 3
3 0 0 0 0 0 0 0 0 0 3
3 -1 -1 -1 -1 -1 -1 -1 -1 -1 3
3 3 -1 -1 -1 -1 -1 -1 -1 3 3
3 3 3 3 3 -1 3 3 3 3 3
19:29:17.785832 - stdout  :: 0 0
19:29:17.797511 - stdin   :: 32 38 0 1
37 11
8 37
21 29
32 38
3 3 3 3 3 0 3 3 3 3 3
3 3 0 -1 -1 -1 -1 -1 0 3 3
3 -1 -1 -1 -1 -1 -1 -1 -1 0 3
3 -1 -1 -1 -1 -1 -1 -1 0 0 3
3 -1 -1 -1 -1 -1 0 0 0 0 3
0 0 0 0 0 0 0 0 0 0 0
3 0 0 0 0 0 0 0 0 0 3
3 0 0 0 0 0 0 0 0 -1 3
3 -1 -1 -1 -1 -1 -1 -1 -1 -1 3
3 3 -1 -1 -1 -1 -1 -1 -1 3 3
3 3 3 3 3 -1 3 3 3 3 3
19:29:17.802661 - stdout  :: -1 0
19:29:17.814260 - stdin   :: 31 39 -1 1
36 10
8 38
21 28
31 39
3 3 3 3 3 0 3 3 3 3 3
3 3 0 0 0 0 0 0 0 3 3
3 0 -1 -1 -1 -1 -1 0 0 0 3
3 -1 -1 -1 -1 -1 -1 -1 0 0 3
3 -1 -1 -1 -1 -1 -1 0 0 0 3
-1 -1 -1 -1 -1 0 0 0 0 0 0
3 0 0 0 0 0 0 0 0 0 3
3 0 0 0 0 0 0 0 0 0 3
3 0 0 0 0 0 0 0 -1 -1 3
3 3 -1 -1 -1 -1 -1 -1 -1 3 3
3 3 3 3 3 -1 3 3 3 3 3
19:29:17.819392 - stdout  :: 1 0
19:29:17.831403 - stdin   :: 31 40 0 1
35 9
8 39
20 28
31 40
3 3 3 3 3 0 3 3 3 3 3
3 3 0 0 0 0 0 0 0 3 3
3 -1 -1 -1 -1 -1 0 0 0 0 3
3 -1 -1 -1 -1 -1 -1 0 0 0 3
3 -1 -1 -1 -1 -1 0 0 0 0 3
-1 -1 -1 -1 0 0 0 0 0 0 92
3 0 0 0 0 0 0 0 0 0 3
3 0 0 0 0 0 0 0 0 -1 3
3 0 0 0 0 0 0 -1 -1 -1 3
3 3 -1 -1 -1 -1 -1 -1 -1 3 3
3 3 3 3 3 -1 3 3 3 3 3
19:29:17.836393 - stdout  :: -1 0
19:29:17.848296 - stdin   :: 30 41 -1 1
34 8
8 40
19 28
30 41
3 3 3 3 3 -1 3 3 3 3 3
3 3 0 0 0 0 -1 -1 -1 3 3
3 0 0 0 0 0 0 0 -1 -1 3
3 -1 -1 -1 -1 0 0 0 0 0 3
3 -1 -1 -1 -1 -1 0 0 0 92 3
-1 -1 -1 -1 -1 0 0 0 0 92 92
3 -1 -1 0 0 0 0 0 0 92 3
3 0 0 0 0 0 0 0 0 0 3
3 0 0 0 0 0 0 0 -1 -1 3
3 3 0 0 0 0 -1 -1 -1 3 3
3 3 3 3 3 -1 3 3 3 3 3
19:29:17.853273 - stdout  :: 0 0
19:29:17.866474 - stdin   :: 29 42 -1 1
33 8
9 40
18 28
29 42
3 3 3 3 3 -1 3 3 3 3 3
3 3 -1 -1 -1 -1 -1 -1 -1 3 3
3 0 0 0 0 -1 -1 -1 -1 -1 3
3 0 0 0 0 0 0 -1 -1 -1 3
3 -1 -1 -1 0 0 0 0 0 -1 3
-1 -1 -1 -1 -1 0 0 0 92 92 92
3 -1 -1 -1 0 0 0 0 92 92 3
3 -1 0 0 0 0 0 0 92 92 3
3 0 0 0 0 0 0 0 0 -1 3
3 3 0 0 0 0 0 -1 -1 3 3
3 3 3 3 3 -1 3 3 3 3 3
19:29:17.871485 - stdout  :: 0 0
19:29:17.884833 - stdin   :: 28 43 -1 1
32 8
9 39
18 29
28 43
3 3 3 3 3 -1 3 3 3 3 3
3 3 -1 -1 -1 -1 -1 -1 -1 3 3
3 -1 -1 -1 -1 -1 -1 -1 -1 -1 3
3 0 0 0 -1 -1 -1 -1 -1 -1 3
3 0 0 0 0 0 -1 -1 -1 -1 3
-1 -1 -1 0 0 0 0 0 -1 -1 -1
3 -1 -1 -1 0 0 0 92 92 92 3
3 -1 -1 0 0 0 0 92 92 92 3
3 0 0 0 0 0 0 92 92 92 3
3 3 0 0 0 0 0 0 -1 3 3
3 3 3 3 3 0 3 3 3 3 3
19:29:17.889776 - stdout  :: 1 0
19:29:17.903288 - stdin   :: 28 44 0 1
31 9
9 38
18 29
28 44
3 3 3 3 3 -1 3 3 3 3 3
3 3 -1 -1 -1 -1 -1 -1 -1 3 3
3 -1 -1 -1 -1 -1 -1 -1 -1 -1 3
3 0 0 -1 -1 -1 -1 -1 -1 -1 3
3 0 0 0 0 -1 -1 -1 -1 -1 3
-1 -1 0 0 0 0 0 -1 -1 -1 -1
3 -1 -1 0 0 0 92 92 92 92 3
3 -1 0 0 0 0 92 92 92 92 3
3 0 0 0 0 0 92 92 92 92 3
3 3 0 0 0 0 0 -1 -1 3 3
3 3 3 3 3 -1 3 3 3 3 3
19:29:17.908419 - stdout  :: 0 0
19:29:17.922967 - stdin   :: 28 45 0 1
30 9
9 37
18 28
28 45
3 3 3 3 3 -1 3 3 3 3 3
3 3 -1 -1 -1 -1 -1 -1 -1 3 3
3 -1 -1 -1 -1 -1 -1 -1 -1 -1 3
3 0 -1 -1 -1 -1 -1 -1 -1 -1 3
3 0 0 0 -1 -1 -1 -1 -1 -1 3
-1 0 0 0 0 0 -1 -1 -1 -1 -1
3 -1 0 0 0 92 92 92 92 92 3
3 0 0 0 0 92 92 92 92 92 3
3 0 0 0 0 92 92 92 92 92 3
3 3 0 0 0 0 -1 -1 -1 3 3
3 3 3 3 3 -1 3 3 3 3 3
19:29:17.928046 - stdout  :: 1 0
19:29:17.941553 - stdin   :: 29 46 1 1
29 8
9 36
18 27
29 46
3 3 3 3 3 -1 3 3 3 3 3
3 3 -1 -1 -1 -1 -1 -1 -1 3 3
3 -1 -1 -1 -1 -1 -1 -1 -1 -1 3
3 0 0 -1 -1 -1 -1 -1 -1 -1 3
3 0 0 0 0 -1 -1 -1 -1 -1 3
-1 0 0 0 92 92 92 92 92 0 0
3 0 0 0 92 92 92 92 92 0 3
3 0 0 0 92 92 92 92 92 0 3
3 0 0 0 0 -1 -1 -1 -1 -1 3
3 3 0 -1 -1 -1 -1 -1 -1 3 3
3 3 3 3 3 -1 3 3 3 3 3
19:29:17.946464 - stdout  :: -1 0
19:29:17.960084 - stdin   :: 29 46 0 0
28 7
9 35
19 27
29 46
3 3 3 3 3 -1 3 3 3 3 3
3 3 -1 -1 -1 -1 -1 -1 -1 3 3
3 -1 -1 -1 -1 -1 -1 -1 -1 -1 3
3 0 0 -1 -1 -1 -1 -1 -1 -1 3
3 0 0 0 0 -1 -1 -1 -1 -1 3
-1 0 0 0 92 92 92 92 92 0 0
3 0 0 0 92 92 92 92 92 0 3
3 0 0 0 92 92 92 92 92 0 3
3 0 0 0 0 -1 -1 -1 -1 -1 3
3 3 0 -1 -1 -1 -1 -1 -1 3 3
3 3 3 3 3 -1 3 3 3 3 3
19:29:17.965035 - stdout  :: 0 1
19:29:17.978432 - stdin   :: 29 47 0 1
27 6
9 34
20 27
29 47
3 3 3 3 3 -1 3 3 3 3 3
3 3 -1 -1 -1 -1 -1 -1 -1 3 3
3 -1 -1 -1 -1 -1 -1 -1 -1 -1 3
3 0 -1 -1 -1 -1 -1 -1 -1 -1 3
3 0 0 0 -1 -1 -1 -1 -1 0 3
0 0 0 92 92 92 92 92 0 0 0
3 0 0 92 92 92 92 92 0 0 3
3 0 0 92 92 92 92 92 0 0 3
3 0 0 0 -1 -1 -1 -1 -1 -1 3
3 3 -1 -1 -1 -1 -1 -1 -1 3 3
3 3 3 3 3 -1 3 3 3 3 3
19:29:17.979048 - stdout  :: 0 0
19:29:17.995102 - stdin   :: 30 47 1 0
26 6
9 33
21 27
30 47
3 3 3 3 3 -1 3 3 3 3 3
3 3 -1 -1 -1 -1 -1 -1 -1 3 3
3 0 -1 -1 -1 -1 -1 -1 -1 -1 3
3 0 0 0 -1 -1 -1 -1 -1 0 3
3 0 0 92 92 92 92 92 0 0 3
0 0 0 92 92 92 92 92 0 0 0
3 0 0 92 92 92 92 92 0 0 3
3 0 0 0 -1 -1 -1 -1 -1 -1 3
3 0 -1 -1 -1 -1 -1 -1 -1 -1 3
3 3 -1 -1 -1 -1 -1 -1 -1 3 3
3 3 3 3 3 -1 3 3 3 3 3
19:29:17.996106 - stdout  :: -1 1
19:29:18.009540 - stdin   :: 30 47 0 0
25 6
10 32
21 27
30 47
3 3 3 3 3 -1 3 3 3 3 3
3 3 -1 -1 -1 -1 -1 -1 -1 3 3
3 0 -1 -1 -1 -1 -1 -1 -1 -1 3
3 0 0 0 -1 -1 -1 -1 -1 0 3
3 0 0 92 92 92 92 92 0 0 3
0 0 0 92 92 92 92 92 0 0 0
3 0 0 92 92 92 92 92 0 0 3
3 0 0 0 -1 -1 -1 -1 -1 -1 3
3 0 -1 -1 -1 -1 -1 -1 -1 -1 3
3 3 -1 -1 -1 -1 -1 -1 -1 3 3
3 3 3 3 3 -1 3 3 3 3 3
19:29:18.010158 - stdout  :: -1 1
19:29:18.022784 - stdin   :: 29 48 -1 1
24 7
12 32
20 27
29 48
3 3 3 3 3 -1 3 3 3 3 3
3 3 -1 -1 -1 -1 -1 -1 -1 3 3
3 -1 -1 -1 -1 -1 -1 -1 -1 -1 3
3 -1 -1 -1 -1 -1 -1 -1 -1 -1 3
3 0 0 -1 -1 -1 -1 -1 0 0 3
0 0 92 92 92 92 92 0 0 0 0
3 0 92 92 92 92 92 0 0 0 3
3 0 92 92 92 92 92 0 0 0 3
3 0 0 -1 -1 -1 -1 -1 -1 -1 3
3 3 -1 -1 -1 -1 -1 -1 -1 3 3
3 3 3 3 3 -1 3 3 3 3 3
19:29:18.023245 - stdout  :: 1 0
19:29:18.092552 - stdin   :: 29 48 0 0
19 13
16 32
16 27
29 48
3 3 3 3 3 -1 3 3 3 3 3
3 3 -1 -1 -1 -1 -1 -1 -1 3 3
3 -1 -1 -1 -1 -1 -1 -1 -1 -1 3
3 -1 -1 -1 -1 -1 -1 -1 -1 -1 3
3 0 0 -1 -1 -1 -1 -1 0 0 3
0 0 92 92 92 92 92 0 0 0 0
3 0 92 92 92 92 92 0 0 0 3
3 0 92 92 92 92 92 0 0 0 3
3 0 0 -1 -1 -1 -1 -1 -1 -1 3
3 3 -1 -1 -1 -1 -1 -1 -1 3 3
3 3 3 3 3 -1 3 3 3 3 3
19:29:18.093041 - stdout  :: 0 1
19:29:18.104478 - stdin   :: 29 49 0 1
19 14
16 32
15 27
29 49
3 3 3 3 3 -1 3 3 3 3 3
3 3 -1 -1 -1 -1 -1 -1 -1 3 3
3 -1 -1 -1 -1 -1 -1 -1 -1 0 3
3 -1 -1 -1 -1 -1 -1 -1 -1 0 3
3 0 -1 -1 -1 -1 -1 0 0 0 3
0 92 92 92 92 92 0 0 0 0 0
3 92 92 92 92 92 0 0 0 0 3
3 92 92 92 92 92 0 0 0 0 3
3 0 -1 -1 -1 -1 -1 -1 -1 -1 3
3 3 -1 -1 -1 -1 -1 -1 -1 3 3
3 3 3 3 3 -1 3 3 3 3 3
19:29:18.104913 - stdout  :: 0 0
19:29:18.116567 - stdin   :: 30 49 1 0
19 15
16 32
15 26
30 49
3 3 3 3 3 -1 3 3 3 3 3
3 3 -1 -1 -1 -1 -1 -1 -1 3 3
3 -1 -1 -1 -1 -1 -1 -1 -1 0 3
3 0 -1 -1 -1 -1 -1 0 0 0 3
3 92 92 92 92 92 0 0 0 0 3
0 92 92 92 92 92 0 0 0 0 0
3 92 92 92 92 92 0 0 0 0 3
3 0 -1 -1 -1 -1 -1 -1 -1 -1 3
3 -1 -1 -1 -1 -1 -1 -1 -1 -1 3
3 3 -1 -1 -1 -1 -1 -1 -1 3 3
3 3 3 3 3 -1 3 3 3 3 3
19:29:18.116999 - stdout  :: -1 1
19:29:18.129918 - stdin   :: 30 48 0 -1
19 16
15 33
16 26
30 48
3 3 3 3 3 -1 3 3 3 3 3
3 3 -1 -1 -1 -1 -1 -1 -1 3 3
3 -1 -1 -1 -1 -1 -1 -1 -1 -1 3
3 0 0 -1 -1 -1 -1 -1 0 0 3
3 0 92 92 92 92 92 0 0 0 3
0 0 92 92 92 92 92 0 0 0 0
3 0 92 92 92 92 92 0 0 0 3
3 0 0 -1 -1 -1 -1 -1 -1 -1 3
3 -1 -1 -1 -1 -1 -1 -1 -1 -1 3
3 3 -1 -1 -1 -1 -1 -1 -1 3 3
3 3 3 3 3 -1 3 3 3 3 3
19:29:18.130347 - stdout  :: -1 1
19:29:18.143115 - stdin   :: 30 47 0 -1
18 17
14 34
16 25
30 47
3 3 3 3 3 -1 3 3 3 3 3
3 3 -1 -1 -1 -1 -1 -1 -1 3 3
3 0 -1 -1 -1 -1 -1 -1 -1 -1 3
3 0 0 0 -1 -1 -1 -1 -1 0 3
3 0 0 92 92 92 92 92 0 0 3
0 0 0 92 92 92 92 92 0 0 0
3 0 0 92 92 92 92 92 0 0 3
3 0 0 0 -1 -1 -1 -1 -1 -1 3
3 0 -1 -1 -1 -1 -1 -1 -1 -1 3
3 3 -1 -1 -1 -1 -1 -1 -1 3 3
3 3 3 3 3 -1 3 3 3 3 3
19:29:18.143690 - stdout  :: -1 1
19:29:18.156271 - stdin   :: 30 46 0 -1
17 17
13 35
17 25
30 46
3 3 3 3 3 -1 3 3 3 3 3
3 3 -1 -1 -1 -1 -1 -1 -1 3 3
3 0 0 -1 -1 -1 -1 -1 -1 -1 3
3 0 0 0 0 -1 -1 -1 -1 -1 3
3 0 0 0 92 92 92 92 92 0 3
0 0 0 0 92 92 92 92 92 0 0
3 0 0 0 92 92 92 92 92 0 3
3 0 0 0 0 -1 -1 -1 -1 -1 3
3 0 0 -1 -1 -1 -1 -1 -1 -1 3
3 3 -1 -1 -1 -1 -1 -1 -1 3 3
3 3 3 3 3 -1 3 3 3 3 3
19:29:18.156995 - stdout  :: -1 1
19:29:18.170109 - stdin   :: 30 45 0 -1
16 17
12 35
18 25
30 45
3 3 3 3 3 -1 3 3 3 3 3
3 3 -1 -1 -1 -1 -1 -1 -1 3 3
3 0 0 0 -1 -1 -1 -1 -1 -1 3
3 0 0 0 0 0 -1 -1 -1 -1 3
3 -1 0 0 0 92 92 92 92 92 3
-1 0 0 0 0 92 92 92 92 92 0
3 0 0 0 0 92 92 92 92 92 3
3 0 0 0 0 0 -1 -1 -1 -1 3
3 0 0 0 -1 -1 -1 -1 -1 -1 3
3 3 -1 -1 -1 -1 -1 -1 -1 3 3
3 3 3 3 3 -1 3 3 3 3 3
19:29:18.175830 - stdout  :: -1 1
19:29:18.190520 - stdin   :: 29 45 -1 0
15 16
11 35
19 25
29 45
3 3 3 3 3 -1 3 3 3 3 3
3 3 -1 -1 -1 -1 -1 -1 -1 3 3
3 0 -1 -1 -1 -1 -1 -1 -1 -1 3
3 0 0 0 -1 -1 -1 -1 -1 -1 3
3 0 0 0 0 0 -1 -1 -1 -1 3
-1 -1 0 0 0 92 92 92 92 92 0
3 0 0 0 0 92 92 92 92 92 3
3 0 0 0 0 92 92 92 92 92 3
3 0 0 0 0 0 -1 -1 -1 -1 3
3 3 0 0 -1 -1 -1 -1 -1 3 3
3 3 3 3 3 -1 3 3 3 3 3
19:29:18.196081 - stdout  :: 1 1
19:29:18.209166 - stdin   :: 28 45 -1 0
14 15
10 35
19 25
28 45
3 3 3 3 3 -1 3 3 3 3 3
3 3 -1 -1 -1 -1 -1 -1 -1 3 3
3 -1 -1 -1 -1 -1 -1 -1 -1 -1 3
3 0 -1 -1 -1 -1 -1 -1 -1 -1 3
3 0 0 0 -1 -1 -1 -1 -1 -1 3
-1 0 0 0 0 0 -1 -1 -1 -1 -1
3 -1 0 0 0 92 92 92 92 92 3
3 0 0 0 0 92 92 92 92 92 3
3 0 0 0 0 92 92 92 92 92 3
3 3 0 0 0 0 -1 -1 -1 3 3
3 3 3 3 3 -1 3 3 3 3 3
19:29:18.214779 - stdout  :: 1 1
19:29:18.288602 - stdin   :: 28 45 0 0
10 18
9 31
15 25
28 45
3 3 3 3 3 -1 3 3 3 3 3
3 3 -1 -1 -1 -1 -1 -1 -1 3 3
3 -1 -1 -1 -1 -1 -1 -1 -1 -1 3
3 0 -1 -1 -1 -1 -1 -1 -1 -1 3
3 0 0 0 -1 -1 -1 -1 -1 -1 3
-1 0 0 0 0 0 -1 -1 -1 -1 -1
3 -1 0 0 0 92 92 92 92 92 3
3 0 0 0 0 92 92 92 92 92 3
3 0 0 0 0 92 92 92 92 92 3
3 3 0 0 0 0 -1 -1 -1 3 3
3 3 3 3 3 -1 3 3 3 3 3
19:29:18.293981 - stdout  :: 1 1
19:29:18.306922 - stdin   :: 29 46 1 1
10 19
8 31
14 25
29 46
3 3 3 3 3 -1 3 3 3 3 3
3 3 -1 -1 -1 -1 -1 -1 -1 3 3
3 -1 -1 -1 -1 -1 -1 -1 -1 -1 3
3 0 0 -1 -1 -1 -1 -1 -1 -1 3
3 0 0 0 0 -1 -1 -1 -1 -1 3
-1 0 0 0 92 92 92 92 92 0 0
3 0 0 0 92 92 92 92 92 0 3
3 0 0 0 92 92 92 92 92 0 3
3 0 0 0 0 -1 -1 -1 -1 -1 3
3 3 0 -1 -1 -1 -1 -1 -1 3 3
3 3 3 3 3 -1 3 3 3 3 3
19:29:18.311802 - stdout  :: -1 0
19:29:18.326201 - stdin   :: 30 46 1 0
10 20
7 31
14 26
30 46
3 3 3 3 3 -1 3 3 3 3 3
3 3 -1 -1 -1 -1 -1 -1 -1 3 3
3 0 0 -1 -1 -1 -1 -1 -1 -1 3
3 0 0 0 0 -1 -1 -1 -1 -1 3
3 0 0 0 92 92 92 92 92 0 3
0 0 0 0 92 92 92 92 92 0 0
3 0 0 0 92 92 92 92 92 0 3
3 0 0 0 0 -1 -1 -1 -1 -1 3
3 0 0 -1 -1 -1 -1 -1 -1 -1 3
3 3 -1 -1 -1 -1 -1 -1 -1 3 3
3 3 3 3 3 -1 3 3 3 3 3
19:29:18.326960 - stdout  :: -1 1
19:29:18.340974 - stdin   :: 30 47 0 1
10 21
5 32
13 26
30 47
3 3 3 3 3 -1 3 3 3 3 3
3 3 -1 -1 -1 -1 -1 -1 -1 3 3
3 0 -1 -1 -1 -1 -1 -1 -1 -1 3
3 0 0 0 -1 -1 -1 -1 -1 0 3
3 0 0 92 92 92 92 92 0 0 3
0 0 0 92 92 92 92 92 0 0 0
3 0 0 92 92 92 92 92 0 0 3
3 0 0 0 -1 -1 -1 -1 -1 -1 3
3 0 -1 -1 -1 -1 -1 -1 -1 -1 3
3 3 -1 -1 -1 -1 -1 -1 -1 3 3
3 3 3 3 3 -1 3 3 3 3 3
19:29:18.341571 - stdout  :: -1 0
19:29:18.354714 - stdin   :: 31 47 1 0
11 22
5 32
12 26
31 47
3 3 3 3 3 -1 3 3 3 3 3
3 3 -1 -1 -1 -1 -1 -1 -1 3 3
3 0 0 0 -1 -1 -1 -1 -1 0 3
3 0 0 92 92 92 92 92 0 0 3
3 0 0 92 92 92 92 92 0 0 3
0 0 0 92 92 92 92 92 0 0 0
3 0 0 0 -1 -1 -1 -1 -1 -1 3
3 0 -1 -1 -1 -1 -1 -1 -1 -1 3
3 -1 -1 -1 -1 -1 -1 -1 -1 -1 3
3 3 -1 -1 -1 -1 -1 -1 -1 3 3
3 3 3 3 3 -1 3 3 3 3 3
19:29:18.355330 - stdout  :: -1 1
19:29:18.367259 - stdin   :: 31 47 0 0
11 23
5 32
11 26
31 47
3 3 3 3 3 -1 3 3 3 3 3
3 3 -1 -1 -1 -1 -1 -1 -1 3 3
3 0 0 0 -1 -1 -1 -1 -1 0 3
3 0 0 92 92 92 92 92 0 0 3
3 0 0 92 92 92 92 92 0 0 3
0 0 0 92 92 92 92 92 0 0 0
3 0 0 0 -1 -1 -1 -1 -1 -1 3
3 0 -1 -1 -1 -1 -1 -1 -1 -1 3
3 -1 -1 -1 -1 -1 -1 -1 -1 -1 3
3 3 -1 -1 -1 -1 -1 -1 -1 3 3
3 3 3 3 3 -1 3 3 3 3 3
19:29:18.367919 - stdout  :: -1 1
19:29:18.381245 - stdin   :: 30 48 -1 1
10 24
5 32
11 27
30 48
3 3 3 3 3 -1 3 3 3 3 3
3 3 -1 -1 -1 -1 -1 -1 -1 3 3
3 -1 -1 -1 -1 -1 -1 -1 -1 -1 3
3 0 0 -1 -1 -1 -1 -1 0 0 3
3 0 92 92 92 92 92 0 0 0 3
0 0 92 92 92 92 92 0 0 0 0
3 0 92 92 92 92 92 0 0 0 3
3 0 0 -1 -1 -1 -1 -1 -1 -1 3
3 -1 -1 -1 -1 -1 -1 -1 -1 -1 3
3 3 -1 -1 -1 -1 -1 -1 -1 3 3
3 3 3 3 3 -1 3 3 3 3 3
19:29:18.381716 - stdout  :: 0 0
19:29:18.394434 - stdin   :: 30 49 0 1
9 25
5 32
10 27
30 49
3 3 3 3 3 -1 3 3 3 3 3
3 3 -1 -1 -1 -1 -1 -1 -1 3 3
3 -1 -1 -1 -1 -1 -1 -1 -1 0 3
3 0 -1 -1 -1 -1 -1 0 0 0 3
3 92 92 92 92 92 0 0 0 0 3
0 92 92 92 92 92 0 0 0 0 0
3 92 92 92 92 92 0 0 0 0 3
3 0 -1 -1 -1 -1 -1 -1 -1 -1 3
3 -1 -1 -1 -1 -1 -1 -1 -1 -1 3
3 3 -1 -1 -1 -1 -1 -1 -1 3 3
3 3 3 3 3 -1 3 3 3 3 3
19:29:18.394966 - stdout  :: -1 0
19:29:18.408426 - stdin   :: 29 49 -1 0
8 26
5 32
10 28
29 49
3 3 3 3 3 -1 3 3 3 3 3
3 3 -1 -1 -1 -1 -1 -1 -1 3 3
3 -1 -1 -1 -1 -1 -1 -1 -1 0 3
3 -1 -1 -1 -1 -1 -1 -1 -1 0 3
3 0 -1 -1 -1 -1 -1 0 0 0 3
0 92 92 92 92 92 0 0 0 0 0
3 92 92 92 92 92 0 0 0 0 3
3 92 92 92 92 92 0 0 0 0 3
3 0 -1 -1 -1 -1 -1 -1 -1 -1 3
3 3 -1 -1 -1 -1 -1 -1 -1 3 3
3 3 3 3 3 -1 3 3 3 3 3
19:29:18.408961 - stdout  :: 1 1
19:29:18.422369 - stdin   :: 29 48 0 -1
7 27
5 32
9 28
29 48
3 3 3 3 3 -1 3 3 3 3 3
3 3 -1 -1 -1 -1 -1 -1 -1 3 3
3 -1 -1 -1 -1 -1 -1 -1 -1 -1 3
3 -1 -1 -1 -1 -1 -1 -1 -1 -1 3
3 0 0 -1 -1 -1 -1 -1 0 0 3
0 0 92 92 92 92 92 0 0 0 0
3 0 92 92 92 92 92 0 0 0 3
3 0 92 92 92 92 92 0 0 0 3
3 0 0 -1 -1 -1 -1 -1 -1 -1 3
3 3 -1 -1 -1 -1 -1 -1 -1 3 3
3 3 3 3 3 -1 3 3 3 3 3
19:29:18.422900 - stdout  :: -1 1
19:29:18.438320 - stdin   :: 29 48 0 0
6 28
6 32
8 28
29 48
3 3 3 3 3 -1 3 3 3 3 3
3 3 -1 -1 -1 -1 -1 -1 -1 3 3
3 -1 -1 -1 -1 -1 -1 -1 -1 -1 3
3 -1 -1 -1 -1 -1 -1 -1 -1 -1 3
3 0 0 -1 -1 -1 -1 -1 0 0 3
0 0 92 92 92 92 92 0 0 0 0
3 0 92 92 92 92 92 0 0 0 3
3 0 92 92 92 92 92 0 0 0 3
3 0 0 -1 -1 -1 -1 -1 -1 -1 3
3 3 -1 -1 -1 -1 -1 -1 -1 3 3
3 3 3 3 3 -1 3 3 3 3 3
19:29:18.438912 - stdout  :: 0 1
19:29:18.454001 - stdin   :: 29 49 0 1
5 28
7 32
7 28
29 49
3 3 3 3 3 -1 3 3 3 3 3
3 3 -1 -1 -1 -1 -1 -1 -1 3 3
3 -1 -1 -1 -1 -1 -1 -1 -1 0 3
3 -1 -1 -1 -1 -1 -1 -1 -1 0 3
3 0 -1 -1 -1 -1 -1 0 0 0 3
0 92 92 92 92 92 0 0 0 0 0
3 92 92 92 92 92 0 0 0 0 3
3 92 92 92 92 92 0 0 0 0 3
3 0 -1 -1 -1 -1 -1 -1 -1 -1 3
3 3 -1 -1 -1 -1 -1 -1 -1 3 3
3 3 3 3 3 -1 3 3 3 3 3
19:29:18.454538 - stdout  :: 0 0
19:29:18.548017 - stdin   :: 29 49 0 0
5 32
16 34
3 30
29 49
3 3 3 3 3 -1 3 3 3 3 3
3 3 -1 -1 -1 -1 -1 -1 -1 3 3
3 -1 -1 -1 -1 -1 -1 -1 -1 0 3
3 -1 -1 -1 -1 -1 -1 -1 -1 0 3
3 0 -1 -1 -1 -1 -1 0 0 0 3
0 92 92 92 92 92 0 0 0 0 0
3 92 92 92 92 92 0 0 0 0 3
3 92 92 92 92 92 0 0 0 0 3
3 0 -1 -1 -1 -1 -1 -1 -1 -1 3
3 3 -1 -1 -1 -1 -1 -1 -1 3 3
3 3 3 3 3 -1 3 3 3 3 3
19:29:18.548583 - stdout  :: 0 1
19:29:18.562720 - stdin   :: 29 50 0 1
6 32
16 34
3 31
29 50
3 3 3 3 3 -1 3 3 3 3 3
3 3 -1 -1 -1 -1 -1 -1 0 3 3
3 -1 -1 -1 -1 -1 -1 -1 0 0 3
3 -1 -1 -1 -1 -1 -1 -1 0 0 3
3 -1 -1 -1 -1 -1 0 0 0 0 3
92 92 92 92 92 0 0 0 0 0 0
3 92 92 92 92 0 0 0 0 0 3
3 92 92 92 92 0 0 0 0 -1 3
3 -1 -1 -1 -1 -1 -1 -1 -1 -1 3
3 3 -1 -1 -1 -1 -1 -1 -1 3 3
3 3 3 3 3 -1 3 3 3 3 3
19:29:18.563218 - stdout  :: -1 0
19:29:18.578254 - stdin   :: 28 51 -1 1
7 32
16 34
3 31
28 51
3 3 3 3 3 -1 3 3 3 3 3
3 3 -1 -1 -1 -1 -1 100 100 3 3
3 -1 -1 -1 -1 -1 -1 0 0 0 3
3 -1 -1 -1 -1 -1 -1 0 0 0 3
3 -1 -1 -1 -1 -1 -1 0 0 0 3
-1 -1 -1 -1 -1 0 0 0 0 0 -1
3 92 92 92 0 0 0 0 0 0 3
3 92 92 92 0 0 0 0 0 -1 3
3 92 92 92 0 0 0 0 -1 -1 3
3 3 -1 -1 -1 -1 -1 -1 -1 3 3
3 3 3 3 3 -1 3 3 3 3 3
19:29:18.578782 - stdout  :: 1 0
19:29:18.593528 - stdin   :: 28 52 0 1
8 31
16 34
3 30
28 52
3 3 3 3 3 -1 3 3 3 3 3
3 3 -1 -1 -1 -1 100 100 100 3 3
3 -1 -1 -1 -1 -1 0 0 0 -1 3
3 -1 -1 -1 -1 -1 0 0 0 -1 3
3 -1 -1 -1 -1 -1 0 0 0 -1 3
-1 -1 -1 -1 0 0 0 0 0 -1 -1
3 92 92 0 0 0 0 0 0 -1 3
3 92 92 0 0 0 0 0 -1 -1 3
3 92 92 0 0 0 0 -1 -1 -1 3
3 3 -1 -1 -1 -1 -1 -1 -1 3 3
3 3 3 3 3 -1 3 3 3 3 3
19:29:18.594083 - stdout  :: -1 0
19:29:18.608649 - stdin   :: 27 53 -1 1
9 31
16 34
3 29
27 53
3 3 3 3 3 100 3 3 3 3 3
3 3 -1 -1 -1 100 100 100 100 3 3
3 -1 -1 -1 -1 100 100 100 100 -1 3
3 -1 -1 -1 -1 0 0 0 -1 -1 3
3 -1 -1 -1 -1 0 0 0 -1 -1 3
-1 -1 -1 -1 -1 0 0 0 -1 -1 -1
3 -1 -1 0 0 0 0 0 -1 -1 3
3 92 0 0 0 0 0 0 -1 -1 3
3 92 0 0 0 0 0 -1 -1 -1 3
3 3 0 0 0 0 -1 -1 -1 3 3
3 3 3 3 3 -1 3 3 3 3 3
19:29:18.609170 - stdout  :: 0 -1
19:29:18.623529 - stdin   :: 26 53 -1 0
10 32
16 34
3 28
26 53
3 3 3 3 3 100 3 3 3 3 3
3 3 -1 -1 100 100 100 100 100 3 3
3 -1 -1 -1 -1 100 100 100 100 -1 3
3 -1 -1 -1 -1 100 100 100 100 -1 3
3 -1 -1 -1 -1 0 0 0 -1 -1 3
-1 -1 -1 -1 -1 0 0 0 -1 -1 -1
3 -1 -1 -1 -1 0 0 0 -1 -1 3
3 -1 -1 0 0 0 0 0 -1 -1 3
3 92 0 0 0 0 0 0 -1 -1 3
3 3 0 0 0 0 0 -1 -1 3 3
3 3 3 3 3 0 3 3 3 3 3
19:29:18.624028 - stdout  :: 0 0
19:29:18.639959 - stdin   :: 25 53 -1 0
11 33
15 33
4 28
25 53
3 3 3 3 3 100 3 3 3 3 3
3 3 -1 -1 100 100 100 100 -1 3 3
3 -1 -1 -1 100 100 100 100 100 -1 3
3 -1 -1 -1 -1 100 100 100 100 -1 3
3 -1 -1 -1 -1 100 100 100 100 -1 3
-1 -1 -1 -1 -1 0 0 0 -1 -1 -1
3 -1 -1 -1 -1 0 0 0 -1 -1 3
3 -1 -1 -1 -1 0 0 0 -1 -1 3
3 -1 -1 0 0 0 0 0 -1 -1 3
3 3 0 0 0 0 0 0 -1 3 3
3 3 3 3 3 0 3 3 3 3 3
19:29:18.640485 - stdout  :: 0 0
19:29:24.555776 - stdin   :: ~~~END~~~
19:29:24.557087 - control :: Server has terminated, no more data.
