16:50:10.525060 - control :: Starting bot process.
16:50:10.642496 - control :: Bot has initialised, connecting to server.
16:50:12.242234 - stdin   :: 40 59 4 5
16:50:12.243837 - stdin   :: 1 2 0 0
1 2
17 18
21 18
37 2
3 3 3 3 3 -1 3 3 3 3 3
3 3 -1 -1 -1 -1 -1 -1 -1 3 3
3 -1 -1 -1 -1 -1 -1 -1 -1 -1 3
3 -1 -1 -1 -1 -1 -1 -1 -1 -1 3
3 -1 -1 -1 -1 -1 -1 -1 -1 -1 3
-1 -1 -1 -1 -1 1 0 0 0 0 0
3 -1 -1 -1 -1 -1 -1 -1 -1 -1 3
3 -1 -1 -1 -1 -1 -1 -1 -1 -1 3
3 -1 -1 -1 -1 -1 -1 -1 -1 -1 3
3 3 -1 -1 -1 -1 -1 -1 -1 3 3
3 3 3 3 3 -1 3 3 3 3 3
16:50:12.244762 - stdout  :: 0 1
16:50:12.254982 - stdin   :: 1 3 0 1
1 3
16 18
22 18
37 3
3 3 3 3 3 -1 3 3 3 3 3
3 3 -1 -1 -1 -1 -1 -1 -1 3 3
3 -1 -1 -1 -1 -1 -1 -1 -1 -1 3
3 -1 -1 -1 -1 -1 -1 -1 -1 -1 3
3 -1 -1 -1 -1 -1 -1 -1 -1 -1 3
-1 -1 -1 -1 1 0 0 0 0 0 0
3 -1 -1 -1 -1 -1 -1 -1 -1 -1 3
3 -1 -1 -1 -1 -1 -1 -1 -1 -1 3
3 -1 -1 -1 -1 -1 -1 -1 -1 -1 3
3 3 -1 -1 -1 -1 -1 -1 -1 3 3
3 3 3 3 3 -1 3 3 3 3 3
16:50:12.255640 - stdout  :: 0 0
16:50:12.263023 - stdin   :: 1 4 0 1
1 4
15 18
23 18
37 5
3 3 3 3 3 -1 3 3 3 3 3
3 3 -1 -1 -1 -1 -1 -1 -1 3 3
3 -1 -1 -1 -1 -1 -1 -1 -1 -1 3
3 -1 -1 -1 -1 -1 -1 -1 -1 -1 3
3 -1 -1 -1 -1 -1 -1 -1 -1 -1 3
-1 -1 -1 1 0 0 0 0 0 0 0
3 -1 -1 -1 -1 -1 -1 -1 -1 -1 3
3 -1 -1 -1 -1 -1 -1 -1 -1 -1 3
3 -1 -1 -1 -1 -1 -1 -1 -1 -1 3
3 3 -1 -1 -1 -1 -1 -1 -1 3 3
3 3 3 3 3 -1 3 3 3 3 3
16:50:12.263632 - stdout  :: 0 0
16:50:12.270166 - stdin   :: 1 5 0 1
1 5
14 18
24 18
37 8
3 3 3 3 3 -1 3 3 3 3 3
3 3 -1 -1 -1 -1 -1 -1 -1 3 3
3 -1 -1 -1 -1 -1 -1 -1 -1 -1 3
3 -1 -1 -1 -1 -1 -1 -1 -1 -1 3
3 -1 -1 -1 -1 -1 -1 -1 -1 -1 3
-1 -1 1 0 0 0 0 0 0 0 0
3 -1 -1 -1 -1 -1 -1 -1 -1 -1 3
3 -1 -1 -1 -1 -1 -1 -1 -1 -1 3
3 -1 -1 -1 -1 -1 -1 -1 -1 -1 3
3 3 -1 -1 -1 -1 -1 -1 -1 3 3
3 3 3 3 3 -1 3 3 3 3 3
16:50:12.270593 - stdout  :: 0 0
16:50:12.276988 - stdin   :: 1 6 0 1
1 6
13 18
25 18
37 12
3 3 3 3 3 -1 3 3 3 3 3
3 3 -1 -1 -1 -1 -1 -1 -1 3 3
3 -1 -1 -1 -1 -1 -1 -1 -1 -1 3
3 -1 -1 -1 -1 -1 -1 -1 -1 -1 3
3 -1 -1 -1 -1 -1 -1 -1 -1 -1 3
-1 1 0 0 0 0 0 0 0 0 0
3 -1 -1 -1 -1 -1 -1 -1 -1 -1 3
3 -1 -1 -1 -1 -1 -1 -1 -1 -1 3
3 -1 -1 -1 -1 -1 -1 -1 -1 -1 3
3 3 -1 -1 -1 -1 -1 -1 -1 3 3
3 3 3 3 3 -1 3 3 3 3 3
16:50:12.277402 - stdout  :: 0 0
16:50:12.283572 - stdin   :: 1 7 0 1
1 7
12 18
26 18
37 16
3 3 3 3 3 -1 3 3 3 3 3
3 3 -1 -1 -1 -1 -1 -1 -1 3 3
3 -1 -1 -1 -1 -1 -1 -1 -1 -1 3
3 -1 -1 -1 -1 -1 -1 -1 -1 -1 3
3 -1 -1 -1 -1 -1 -1 -1 -1 -1 3
1 0 0 0 0 0 0 0 0 0 0
3 -1 -1 -1 -1 -1 -1 -1 -1 -1 3
3 -1 -1 -1 -1 -1 -1 -1 -1 -1 3
3 -1 -1 -1 -1 -1 -1 -1 -1 -1 3
3 3 -1 -1 -1 -1 -1 -1 -1 3 3
3 3 3 3 3 -1 3 3 3 3 3
16:50:12.283988 - stdout  :: 0 0
16:50:12.290231 - stdin   :: 1 8 0 1
1 8
11 18
27 18
37 16
3 3 3 3 3 -1 3 3 3 3 3
3 3 -1 -1 -1 -1 -1 -1 -1 3 3
3 -1 -1 -1 -1 -1 -1 -1 -1 -1 3
3 -1 -1 -1 -1 -1 -1 -1 -1 -1 3
3 -1 -1 -1 -1 -1 -1 -1 -1 -1 3
0 0 0 0 0 0 0 0 0 0 0
3 -1 -1 -1 -1 -1 -1 -1 -1 -1 3
3 -1 -1 -1 -1 -1 -1 -1 -1 -1 3
3 -1 -1 -1 -1 -1 -1 -1 -1 -1 3
3 3 -1 -1 -1 -1 -1 -1 -1 3 3
3 3 3 3 3 -1 3 3 3 3 3
16:50:12.290640 - stdout  :: 0 0
16:50:12.295105 - stdin   :: 1 9 0 1
1 9
10 18
28 18
37 16
3 3 3 3 3 -1 3 3 3 3 3
3 3 -1 -1 -1 -1 -1 -1 -1 3 3
3 -1 -1 -1 -1 -1 -1 -1 -1 -1 3
3 -1 -1 -1 -1 -1 -1 -1 -1 -1 3
3 -1 -1 -1 -1 -1 -1 -1 -1 -1 3
0 0 0 0 0 0 0 0 0 0 0
3 -1 -1 -1 -1 -1 -1 -1 -1 -1 3
3 -1 -1 -1 -1 -1 -1 -1 -1 -1 3
3 -1 -1 -1 -1 -1 -1 -1 -1 -1 3
3 3 -1 -1 -1 -1 -1 -1 -1 3 3
3 3 3 3 3 -1 3 3 3 3 3
16:50:12.295493 - stdout  :: 0 0
16:50:12.299715 - stdin   :: 1 10 0 1
1 10
9 18
29 18
37 16
3 3 3 3 3 -1 3 3 3 3 3
3 3 -1 -1 -1 -1 -1 -1 -1 3 3
3 -1 -1 -1 -1 -1 -1 -1 -1 -1 3
3 -1 -1 -1 -1 -1 -1 -1 -1 -1 3
3 -1 -1 -1 -1 -1 -1 -1 -1 -1 3
0 0 0 0 0 0 0 0 0 0 0
3 -1 -1 -1 -1 -1 -1 -1 -1 -1 3
3 -1 -1 -1 -1 -1 -1 -1 -1 -1 3
3 -1 -1 -1 -1 -1 -1 -1 -1 -1 3
3 3 -1 -1 -1 -1 -1 -1 -1 3 3
3 3 3 3 3 -1 3 3 3 3 3
16:50:12.300097 - stdout  :: 0 0
16:50:12.304766 - stdin   :: 1 11 0 1
1 11
8 18
30 18
37 16
3 3 3 3 3 -1 3 3 3 3 3
3 3 -1 -1 -1 -1 -1 -1 -1 3 3
3 -1 -1 -1 -1 -1 -1 -1 -1 -1 3
3 -1 -1 -1 -1 -1 -1 -1 -1 -1 3
3 -1 -1 -1 -1 -1 -1 -1 -1 -1 3
0 0 0 0 0 0 0 0 0 0 0
3 -1 -1 -1 -1 -1 -1 -1 -1 -1 3
3 -1 -1 -1 -1 -1 -1 -1 -1 -1 3
3 -1 -1 -1 -1 -1 -1 -1 -1 0 3
3 3 -1 -1 -1 -1 -1 -1 0 3 3
3 3 3 3 3 -1 3 3 3 3 3
16:50:12.305259 - stdout  :: 0 0
16:50:12.309950 - stdin   :: 1 12 0 1
1 12
7 18
31 18
37 16
3 3 3 3 3 -1 3 3 3 3 3
3 3 -1 -1 -1 -1 -1 -1 -1 3 3
3 -1 -1 -1 -1 -1 -1 -1 -1 -1 3
3 -1 -1 -1 -1 -1 -1 -1 -1 -1 3
3 -1 -1 -1 -1 -1 -1 -1 -1 -1 3
0 0 0 0 0 0 0 0 0 0 0
3 -1 -1 -1 -1 -1 -1 -1 -1 -1 3
3 -1 -1 -1 -1 -1 -1 -1 -1 0 3
3 -1 -1 -1 -1 -1 -1 -1 0 -1 3
3 3 -1 -1 -1 -1 -1 0 -1 3 3
3 3 3 3 3 -1 3 3 3 3 3
16:50:12.310316 - stdout  :: 0 0
16:50:12.315023 - stdin   :: 1 13 0 1
1 13
6 18
32 18
37 16
3 3 3 3 3 -1 3 3 3 3 3
3 3 -1 -1 -1 -1 -1 -1 -1 3 3
3 -1 -1 -1 -1 -1 -1 -1 -1 -1 3
3 -1 -1 -1 -1 -1 -1 -1 -1 -1 3
3 -1 -1 -1 -1 -1 -1 -1 -1 -1 3
0 0 0 0 0 0 0 0 0 0 0
3 -1 -1 -1 -1 -1 -1 -1 -1 0 3
3 -1 -1 -1 -1 -1 -1 -1 0 -1 3
3 -1 -1 -1 -1 -1 -1 0 -1 -1 3
3 3 -1 -1 -1 -1 0 -1 -1 3 3
3 3 3 3 3 0 3 3 3 3 3
16:50:12.315403 - stdout  :: 0 0
16:50:12.321537 - stdin   :: 1 14 0 1
1 14
5 18
33 18
36 17
3 3 3 3 3 -1 3 3 3 3 3
3 3 -1 -1 -1 -1 -1 -1 -1 3 3
3 -1 -1 -1 -1 -1 -1 -1 -1 -1 3
3 -1 -1 -1 -1 -1 -1 -1 -1 -1 3
3 -1 -1 -1 -1 -1 -1 -1 -1 -1 3
0 0 0 0 0 0 0 0 0 0 -1
3 -1 -1 -1 -1 -1 -1 -1 0 0 3
3 -1 -1 -1 -1 -1 -1 0 -1 0 3
3 -1 -1 -1 -1 -1 0 -1 -1 0 3
3 3 -1 -1 -1 0 -1 -1 -1 3 3
3 3 3 3 3 -1 3 3 3 3 3
16:50:12.321905 - stdout  :: 0 0
16:50:12.327881 - stdin   :: 1 15 0 1
1 15
4 18
34 18
35 18
3 3 3 3 3 -1 3 3 3 3 3
3 3 -1 -1 -1 -1 -1 -1 -1 3 3
3 -1 -1 -1 -1 -1 -1 -1 -1 -1 3
3 -1 -1 -1 -1 -1 -1 -1 -1 -1 3
3 -1 -1 -1 -1 -1 -1 -1 -1 -1 3
0 0 0 0 0 0 0 0 0 -1 0
3 -1 -1 -1 -1 -1 -1 0 0 -1 3
3 -1 -1 -1 -1 -1 0 -1 0 -1 3
3 -1 -1 -1 -1 0 -1 -1 0 -1 3
3 3 -1 -1 0 -1 -1 -1 0 3 3
3 3 3 3 3 -1 3 3 3 3 3
16:50:12.328281 - stdout  :: 0 0
16:50:12.333936 - stdin   :: 1 16 0 1
1 16
3 18
34 18
33 18
3 3 3 3 3 -1 3 3 3 3 3
3 3 -1 -1 -1 -1 -1 -1 -1 3 3
3 -1 -1 -1 -1 -1 -1 -1 -1 -1 3
3 -1 -1 -1 -1 -1 -1 -1 -1 -1 3
3 -1 -1 -1 -1 -1 -1 -1 -1 -1 3
0 0 0 0 0 0 0 0 -1 0 0
3 -1 -1 -1 -1 -1 0 0 -1 0 3
3 -1 -1 -1 -1 0 -1 0 -1 0 3
3 -1 -1 -1 0 -1 -1 0 -1 0 3
3 3 -1 0 -1 -1 -1 0 -1 3 3
3 3 3 3 3 -1 3 3 3 3 3
16:50:12.334293 - stdout  :: 1 0
16:50:12.340292 - stdin   :: 2 17 1 1
2 17
2 18
35 18
30 18
3 3 3 3 3 -1 3 3 3 3 3
3 3 -1 -1 -1 -1 -1 -1 -1 3 3
3 -1 -1 -1 -1 -1 -1 -1 -1 -1 3
3 -1 -1 -1 -1 -1 -1 -1 -1 -1 3
3 0 0 0 0 0 0 -1 0 0 3
-1 -1 -1 -1 -1 0 0 -1 0 -1 -1
3 -1 -1 -1 0 -1 0 -1 0 -1 3
3 -1 -1 0 -1 -1 0 -1 0 -1 3
3 -1 0 -1 -1 -1 0 -1 0 -1 3
3 3 -1 -1 -1 -1 0 -1 0 3 3
3 3 3 3 3 -1 3 3 3 3 3
16:50:12.340676 - stdout  :: 0 -1
16:50:12.369292 - stdin   :: 2 17 0 0
2 17
1 13
37 17
22 18
3 3 3 3 3 -1 3 3 3 3 3
3 3 -1 -1 -1 -1 -1 -1 -1 3 3
3 -1 -1 -1 -1 -1 -1 -1 -1 -1 3
3 -1 -1 -1 -1 -1 -1 -1 -1 -1 3
3 0 0 0 0 0 0 -1 0 0 3
-1 -1 -1 -1 -1 0 0 -1 0 -1 -1
3 -1 -1 -1 0 -1 0 -1 0 -1 3
3 -1 -1 0 -1 -1 0 -1 0 -1 3
3 -1 0 -1 -1 -1 0 -1 0 -1 3
3 3 -1 -1 -1 -1 0 -1 0 3 3
3 3 3 3 3 -1 3 3 3 3 3
16:50:12.369669 - stdout  :: 1 -1
16:50:12.374505 - stdin   :: 3 16 1 -1
3 16
1 12
37 16
22 18
3 3 3 3 3 -1 3 3 3 3 3
3 3 -1 -1 -1 -1 -1 -1 -1 3 3
3 -1 -1 -1 -1 -1 -1 -1 -1 -1 3
3 0 0 0 0 0 0 0 -1 0 3
3 -1 -1 -1 -1 -1 0 0 -1 0 3
-1 -1 -1 -1 -1 0 -1 0 -1 0 -1
3 -1 -1 -1 0 -1 -1 0 -1 0 3
3 -1 -1 0 -1 -1 -1 0 -1 0 3
3 -1 0 -1 -1 -1 -1 0 -1 0 3
3 3 -1 -1 -1 -1 -1 0 -1 3 3
3 3 3 3 3 -1 3 3 3 3 3
16:50:12.374878 - stdout  :: 0 0
16:50:12.379429 - stdin   :: 4 15 1 -1
4 15
1 11
37 15
22 18
3 3 3 3 3 -1 3 3 3 3 3
3 3 -1 -1 -1 -1 -1 -1 -1 3 3
3 0 0 0 0 0 0 0 0 -1 3
3 -1 -1 -1 -1 -1 -1 0 0 -1 3
3 -1 -1 -1 -1 -1 0 -1 0 -1 3
-1 -1 -1 -1 -1 0 -1 -1 0 -1 0
3 -1 -1 -1 0 -1 -1 -1 0 -1 3
3 -1 -1 0 -1 -1 -1 -1 0 -1 3
3 -1 0 -1 -1 -1 -1 -1 0 -1 3
3 3 -1 -1 -1 -1 -1 -1 0 3 3
3 3 3 3 3 -1 3 3 3 3 3
16:50:12.379766 - stdout  :: 0 0
16:50:12.385781 - stdin   :: 5 14 1 -1
5 14
1 10
37 14
23 18
3 3 3 3 3 -1 3 3 3 3 3
3 3 0 0 0 0 0 0 0 3 3
3 -1 -1 -1 -1 -1 -1 -1 0 0 3
3 -1 -1 -1 -1 -1 -1 0 -1 0 3
3 -1 -1 -1 -1 -1 0 -1 -1 0 3
-1 -1 -1 -1 -1 0 -1 -1 -1 0 -1
3 -1 -1 -1 0 -1 -1 -1 -1 0 3
3 -1 -1 0 -1 -1 -1 -1 -1 0 3
3 -1 0 -1 -1 -1 -1 -1 -1 0 3
3 3 -1 -1 -1 -1 -1 -1 -1 3 3
3 3 3 3 3 -1 3 3 3 3 3
16:50:12.386107 - stdout  :: 0 0
16:50:12.392194 - stdin   :: 6 13 1 -1
6 13
1 9
37 13
25 18
3 3 3 3 3 0 3 3 3 3 3
3 3 -1 -1 -1 -1 -1 -1 -1 3 3
3 -1 -1 -1 -1 -1 -1 -1 0 -1 3
3 -1 -1 -1 -1 -1 -1 0 -1 -1 3
3 -1 -1 -1 -1 -1 0 -1 -1 -1 3
-1 -1 -1 -1 -1 0 -1 -1 -1 -1 0
3 -1 -1 -1 0 -1 -1 -1 -1 -1 3
3 -1 -1 0 -1 -1 -1 -1 -1 -1 3
3 -1 0 -1 -1 -1 -1 -1 -1 -1 3
3 3 -1 -1 -1 -1 -1 -1 -1 3 3
3 3 3 3 3 -1 3 3 3 3 3
16:50:12.392569 - stdout  :: 0 0
16:50:12.398573 - stdin   :: 7 12 1 -1
7 12
1 8
37 12
28 18
3 3 3 3 3 -1 3 3 3 3 3
3 3 -1 -1 -1 -1 -1 -1 -1 3 3
3 -1 -1 -1 -1 -1 -1 -1 0 -1 3
3 -1 -1 -1 -1 -1 -1 0 -1 -1 3
3 -1 -1 -1 -1 -1 0 -1 -1 -1 3
-1 -1 -1 -1 -1 0 -1 -1 -1 -1 -1
3 -1 -1 -1 0 -1 -1 -1 -1 -1 3
3 -1 -1 0 -1 -1 -1 -1 -1 -1 3
3 -1 0 -1 -1 -1 -1 -1 -1 -1 3
3 3 -1 -1 -1 -1 -1 -1 -1 3 3
3 3 3 3 3 -1 3 3 3 3 3
16:50:12.398892 - stdout  :: 0 0
16:50:12.404821 - stdin   :: 8 11 1 -1
8 11
1 7
37 11
32 18
3 3 3 3 3 -1 3 3 3 3 3
3 3 -1 -1 -1 -1 -1 -1 -1 3 3
3 -1 -1 -1 -1 -1 -1 -1 0 -1 3
3 -1 -1 -1 -1 -1 -1 0 -1 -1 3
3 -1 -1 -1 -1 -1 0 -1 -1 -1 3
-1 -1 -1 -1 -1 0 -1 -1 -1 -1 -1
3 -1 -1 -1 0 -1 -1 -1 -1 -1 3
3 -1 -1 0 -1 -1 -1 -1 -1 -1 3
3 -1 0 -1 -1 -1 -1 -1 -1 -1 3
3 3 -1 -1 -1 -1 -1 -1 -1 3 3
3 3 3 3 3 -1 3 3 3 3 3
16:50:12.405142 - stdout  :: 0 0
16:50:12.411331 - stdin   :: 9 10 1 -1
9 10
1 6
37 10
35 18
3 3 3 3 3 -1 3 3 3 3 3
3 3 -1 -1 -1 -1 -1 -1 -1 3 3
3 -1 -1 -1 -1 -1 -1 -1 0 -1 3
3 -1 -1 -1 -1 -1 -1 0 -1 -1 3
3 -1 -1 -1 -1 -1 0 -1 -1 -1 3
-1 -1 -1 -1 -1 0 -1 -1 -1 -1 -1
3 -1 -1 -1 0 -1 -1 -1 -1 -1 3
3 -1 -1 0 -1 -1 -1 -1 -1 -1 3
3 -1 0 -1 -1 -1 -1 -1 -1 -1 3
3 3 -1 -1 -1 -1 -1 -1 -1 3 3
3 3 3 3 3 -1 3 3 3 3 3
16:50:12.411652 - stdout  :: 0 0
16:50:12.417615 - stdin   :: 10 9 1 -1
10 9
1 5
37 9
37 18
3 3 3 3 3 -1 3 3 3 3 3
3 3 -1 -1 -1 -1 -1 -1 -1 3 3
3 -1 -1 -1 -1 -1 -1 -1 0 -1 3
3 -1 -1 -1 -1 -1 -1 0 -1 -1 3
3 -1 -1 -1 -1 -1 0 -1 -1 -1 3
-1 -1 -1 -1 -1 0 -1 -1 -1 -1 -1
3 -1 -1 -1 0 -1 -1 -1 -1 -1 3
3 -1 -1 0 -1 -1 -1 -1 -1 -1 3
3 -1 0 -1 -1 -1 -1 -1 -1 -1 3
3 3 -1 -1 -1 -1 -1 -1 -1 3 3
3 3 3 3 3 -1 3 3 3 3 3
16:50:12.417936 - stdout  :: 0 0
16:50:12.423960 - stdin   :: 11 8 1 -1
11 8
1 4
37 8
37 18
3 3 3 3 3 -1 3 3 3 3 3
3 3 -1 -1 -1 -1 -1 -1 -1 3 3
3 -1 -1 -1 -1 -1 -1 -1 0 -1 3
3 -1 -1 -1 -1 -1 -1 0 -1 -1 3
3 -1 -1 -1 -1 -1 0 -1 -1 -1 3
-1 -1 -1 -1 -1 0 -1 -1 -1 -1 -1
3 -1 -1 -1 0 -1 -1 -1 -1 -1 3
3 -1 -1 0 -1 -1 -1 -1 -1 -1 3
3 -1 0 -1 -1 -1 -1 -1 -1 -1 3
3 3 -1 -1 -1 -1 -1 -1 -1 3 3
3 3 3 3 3 -1 3 3 3 3 3
16:50:12.424293 - stdout  :: 0 0
16:50:12.429137 - stdin   :: 12 7 1 -1
12 7
1 3
37 7
37 18
3 3 3 3 3 -1 3 3 3 3 3
3 3 -1 -1 -1 -1 -1 -1 -1 3 3
3 -1 -1 -1 -1 -1 -1 -1 0 -1 3
3 -1 -1 -1 -1 -1 -1 0 -1 -1 3
3 -1 -1 -1 -1 -1 0 -1 -1 -1 3
-1 -1 -1 -1 -1 0 -1 -1 -1 -1 -1
3 -1 -1 -1 0 -1 -1 -1 -1 -1 3
3 -1 -1 0 -1 -1 -1 -1 -1 -1 3
3 -1 0 -1 -1 -1 -1 -1 -1 -1 3
3 3 -1 -1 -1 -1 -1 -1 -1 3 3
3 3 3 3 3 -1 3 3 3 3 3
16:50:12.429452 - stdout  :: 0 0
16:50:12.434175 - stdin   :: 13 6 1 -1
13 6
1 2
37 6
37 18
3 3 3 3 3 -1 3 3 3 3 3
3 3 -1 -1 -1 -1 -1 -1 -1 3 3
3 -1 -1 -1 -1 -1 -1 -1 0 -1 3
3 -1 -1 -1 -1 -1 -1 0 -1 -1 3
3 -1 -1 -1 -1 -1 0 -1 -1 -1 3
-1 -1 -1 -1 -1 0 -1 -1 -1 -1 -1
3 -1 -1 -1 0 -1 -1 -1 -1 -1 3
3 -1 -1 0 -1 -1 -1 -1 -1 -1 3
3 -1 0 -1 -1 -1 -1 -1 -1 -1 3
3 3 -1 -1 -1 -1 -1 -1 -1 3 3
3 3 3 3 3 -1 3 3 3 3 3
16:50:12.434485 - stdout  :: 0 0
16:50:12.441492 - stdin   :: 14 5 1 -1
14 5
1 2
37 5
37 18
3 3 3 3 3 -1 3 3 3 3 3
3 3 -1 -1 -1 -1 -1 -1 -1 3 3
3 -1 -1 -1 -1 -1 -1 -1 0 -1 3
3 -1 -1 -1 -1 -1 -1 0 -1 -1 3
3 -1 -1 -1 -1 -1 0 -1 -1 -1 3
-1 -1 -1 -1 -1 0 -1 -1 -1 -1 -1
3 -1 -1 -1 0 -1 -1 -1 -1 -1 3
3 -1 -1 0 -1 -1 -1 -1 -1 -1 3
3 -1 0 -1 -1 -1 -1 -1 -1 -1 3
3 3 -1 -1 -1 -1 -1 -1 -1 3 3
3 3 3 3 3 0 3 3 3 3 3
16:50:12.443154 - stdout  :: 0 0
16:50:12.449816 - stdin   :: 15 4 1 -1
15 4
1 3
37 4
37 18
3 3 3 3 3 -1 3 3 3 3 3
3 3 -1 -1 -1 -1 -1 -1 -1 3 3
3 -1 -1 -1 -1 -1 -1 -1 0 -1 3
3 -1 -1 -1 -1 -1 -1 0 -1 -1 3
3 -1 -1 -1 -1 -1 0 -1 -1 -1 3
-1 -1 -1 -1 -1 0 -1 -1 -1 -1 -1
3 -1 -1 -1 0 -1 -1 -1 -1 -1 3
3 -1 -1 0 -1 -1 -1 -1 -1 -1 3
3 -1 0 -1 -1 -1 -1 -1 -1 -1 3
3 3 0 0 0 0 0 0 0 3 3
3 3 3 3 3 -1 3 3 3 3 3
16:50:12.450339 - stdout  :: 0 0
16:50:12.455804 - stdin   :: 16 3 1 -1
16 3
1 4
37 3
37 18
3 3 3 3 3 -1 3 3 3 3 3
3 3 -1 -1 -1 -1 -1 -1 -1 3 3
3 -1 -1 -1 -1 -1 -1 -1 0 -1 3
3 -1 -1 -1 -1 -1 -1 0 -1 -1 3
3 -1 -1 -1 -1 -1 0 -1 -1 -1 3
-1 -1 -1 -1 -1 0 -1 -1 -1 -1 -1
3 -1 -1 -1 0 -1 -1 -1 -1 -1 3
3 -1 -1 0 -1 -1 -1 -1 -1 -1 3
3 -1 -1 0 0 0 0 0 0 0 3
3 3 -1 0 -1 -1 -1 -1 -1 3 3
3 3 3 3 3 -1 3 3 3 3 3
16:50:12.456246 - stdout  :: 0 0
16:50:12.462852 - stdin   :: 17 2 1 -1
17 2
1 5
37 2
36 17
3 3 3 3 3 -1 3 3 3 3 3
3 3 -1 -1 -1 -1 -1 -1 -1 3 3
3 -1 -1 -1 -1 -1 -1 -1 0 -1 3
3 -1 -1 -1 -1 -1 -1 0 -1 -1 3
3 -1 -1 -1 -1 -1 0 -1 -1 -1 3
-1 -1 -1 -1 -1 0 -1 -1 -1 -1 -1
3 -1 -1 -1 0 -1 -1 -1 -1 -1 3
3 -1 -1 -1 0 0 0 0 0 0 3
3 -1 -1 -1 0 -1 -1 -1 -1 -1 3
3 3 -1 -1 -1 0 -1 -1 -1 3 3
3 3 3 3 3 -1 3 3 3 3 3
16:50:12.463240 - stdout  :: 0 0
16:50:12.470585 - stdin   :: 18 1 1 -1
18 1
1 6
37 2
34 15
3 3 3 3 3 -1 3 3 3 3 3
3 3 -1 -1 -1 -1 -1 -1 -1 3 3
3 -1 -1 -1 -1 -1 -1 -1 0 -1 3
3 -1 -1 -1 -1 -1 -1 0 -1 -1 3
3 -1 -1 -1 -1 -1 0 -1 -1 -1 3
-1 -1 -1 -1 -1 0 -1 -1 -1 -1 -1
3 -1 -1 -1 -1 0 0 0 0 0 3
3 -1 -1 -1 -1 0 -1 -1 -1 -1 3
3 -1 -1 -1 -1 -1 0 -1 -1 -1 3
3 3 -1 -1 -1 -1 -1 0 -1 3 3
3 3 3 3 3 -1 3 3 3 3 3
16:50:12.470962 - stdout  :: 0 1
16:50:12.478259 - stdin   :: 19 1 1 0
19 1
1 7
37 3
32 13
3 3 3 3 3 -1 3 3 3 3 3
3 3 -1 -1 -1 -1 -1 -1 0 3 3
3 -1 -1 -1 -1 -1 -1 0 -1 -1 3
3 -1 -1 -1 -1 -1 0 -1 -1 -1 3
3 -1 -1 -1 -1 0 -1 -1 -1 -1 3
-1 -1 -1 -1 -1 0 0 0 0 0 0
3 -1 -1 -1 -1 0 -1 -1 -1 -1 3
3 -1 -1 -1 -1 -1 0 -1 -1 -1 3
3 -1 -1 -1 -1 -1 -1 0 -1 -1 3
3 3 -1 -1 -1 -1 -1 -1 0 3 3
3 3 3 3 3 -1 3 3 3 3 3
16:50:12.478704 - stdout  :: 0 0
16:50:12.486605 - stdin   :: 20 1 1 0
20 1
1 8
37 4
30 11
3 3 3 3 3 -1 3 3 3 3 3
3 3 -1 -1 -1 -1 -1 0 -1 3 3
3 -1 -1 -1 -1 -1 0 -1 -1 -1 3
3 -1 -1 -1 -1 0 -1 -1 -1 -1 3
3 -1 -1 -1 -1 0 0 0 0 0 3
-1 -1 -1 -1 -1 0 -1 -1 -1 -1 -1
3 -1 -1 -1 -1 -1 0 -1 -1 -1 3
3 -1 -1 -1 -1 -1 -1 0 -1 -1 3
3 -1 -1 -1 -1 -1 -1 -1 0 -1 3
3 3 -1 -1 -1 -1 -1 -1 -1 3 3
3 3 3 3 3 -1 3 3 3 3 3
16:50:12.487000 - stdout  :: 0 1
16:50:12.494572 - stdin   :: 21 2 1 1
21 2
1 10
37 5
28 9
3 3 3 3 3 -1 3 3 3 3 3
3 3 -1 -1 -1 0 -1 -1 -1 3 3
3 -1 -1 -1 0 -1 -1 -1 -1 -1 3
3 -1 -1 -1 0 0 0 0 0 0 3
3 -1 -1 -1 0 -1 -1 -1 -1 -1 3
-1 -1 -1 -1 -1 0 -1 -1 -1 -1 -1
3 -1 -1 -1 -1 -1 0 -1 -1 -1 3
3 -1 -1 -1 -1 -1 -1 0 -1 -1 3
3 -1 -1 -1 -1 -1 -1 -1 0 -1 3
3 3 -1 -1 -1 -1 -1 -1 -1 3 3
3 3 3 3 3 -1 3 3 3 3 3
16:50:12.494985 - stdout  :: 0 0
16:50:12.504662 - stdin   :: 22 3 1 1
22 3
1 12
37 6
26 7
3 3 3 3 3 -1 3 3 3 3 3
3 3 -1 0 -1 -1 -1 -1 -1 3 3
3 -1 -1 0 0 0 0 0 0 0 3
3 -1 -1 0 -1 -1 -1 -1 -1 -1 3
3 -1 -1 -1 0 -1 -1 -1 -1 -1 3
-1 -1 -1 -1 -1 0 -1 -1 -1 -1 -1
3 -1 -1 -1 -1 -1 0 -1 -1 -1 3
3 -1 -1 -1 -1 -1 -1 0 -1 -1 3
3 -1 -1 -1 -1 -1 -1 -1 0 -1 3
3 3 -1 -1 -1 -1 -1 -1 -1 3 3
3 3 3 3 3 -1 3 3 3 3 3
16:50:12.505121 - stdout  :: -1 -1
16:50:12.512508 - stdin   :: 22 3 0 0
22 3
1 14
37 7
24 5
3 3 3 3 3 -1 3 3 3 3 3
3 3 -1 0 -1 -1 -1 -1 -1 3 3
3 -1 -1 0 0 0 0 0 0 0 3
3 -1 -1 0 -1 -1 -1 -1 -1 -1 3
3 -1 -1 -1 0 -1 -1 -1 -1 -1 3
-1 -1 -1 -1 -1 0 -1 -1 -1 -1 -1
3 -1 -1 -1 -1 -1 0 -1 -1 -1 3
3 -1 -1 -1 -1 -1 -1 0 -1 -1 3
3 -1 -1 -1 -1 -1 -1 -1 0 -1 3
3 3 -1 -1 -1 -1 -1 -1 -1 3 3
3 3 3 3 3 -1 3 3 3 3 3
16:50:12.512937 - stdout  :: -1 -1
16:50:12.520360 - stdin   :: 21 2 -1 -1
21 2
1 16
37 8
22 3
3 3 3 3 3 -1 3 3 3 3 3
3 3 -1 -1 -1 0 -1 -1 -1 3 3
3 -1 -1 -1 0 -1 -1 -1 -1 -1 3
3 -1 -1 -1 0 0 0 0 0 0 3
3 -1 -1 -1 0 -1 -1 -1 -1 -1 3
-1 -1 -1 -1 -1 0 -1 -1 -1 -1 -1
3 -1 -1 -1 -1 -1 0 -1 -1 -1 3
3 -1 -1 -1 -1 -1 -1 0 -1 -1 3
3 -1 -1 -1 -1 -1 -1 -1 0 -1 3
3 3 -1 -1 -1 -1 -1 -1 -1 3 3
3 3 3 3 3 -1 3 3 3 3 3
16:50:12.520763 - stdout  :: 0 0
16:50:12.527941 - stdin   :: 20 1 -1 -1
20 1
1 18
37 9
21 2
3 3 3 3 3 -1 3 3 3 3 3
3 3 -1 -1 -1 -1 -1 0 -1 3 3
3 -1 -1 -1 -1 -1 0 -1 -1 -1 3
3 -1 -1 -1 -1 0 -1 -1 -1 -1 3
3 -1 -1 -1 -1 0 0 0 0 0 3
-1 -1 -1 -1 -1 0 -1 -1 -1 -1 -1
3 -1 -1 -1 -1 -1 0 -1 -1 -1 3
3 -1 -1 -1 -1 -1 -1 0 -1 -1 3
3 -1 -1 -1 -1 -1 -1 -1 0 -1 3
3 3 -1 -1 -1 -1 -1 -1 -1 3 3
3 3 3 3 3 -1 3 3 3 3 3
16:50:12.528323 - stdout  :: 0 1
16:50:12.535635 - stdin   :: 19 1 -1 0
19 1
1 18
37 10
20 1
3 3 3 3 3 -1 3 3 3 3 3
3 3 -1 -1 -1 -1 -1 -1 0 3 3
3 -1 -1 -1 -1 -1 -1 0 -1 -1 3
3 -1 -1 -1 -1 -1 0 -1 -1 -1 3
3 -1 -1 -1 -1 0 -1 -1 -1 -1 3
-1 -1 -1 -1 -1 0 0 0 0 0 0
3 -1 -1 -1 -1 0 -1 -1 -1 -1 3
3 -1 -1 -1 -1 -1 0 -1 -1 -1 3
3 -1 -1 -1 -1 -1 -1 0 -1 -1 3
3 3 -1 -1 -1 -1 -1 -1 0 3 3
3 3 3 3 3 -1 3 3 3 3 3
16:50:12.536058 - stdout  :: 1 1
16:50:12.542189 - stdin   :: 19 2 0 1
19 2
1 18
37 11
18 1
3 3 3 3 3 -1 3 3 3 3 3
3 3 -1 -1 -1 -1 -1 0 -1 3 3
3 -1 -1 -1 -1 -1 0 -1 -1 -1 3
3 -1 -1 -1 -1 0 -1 -1 -1 -1 3
3 -1 -1 -1 0 -1 -1 -1 -1 -1 3
-1 -1 -1 -1 0 0 0 0 0 0 0
3 -1 -1 -1 0 -1 -1 -1 -1 -1 3
3 -1 -1 -1 -1 0 -1 -1 -1 -1 3
3 -1 -1 -1 -1 -1 0 -1 -1 -1 3
3 3 -1 -1 -1 -1 -1 0 -1 3 3
3 3 3 3 3 -1 3 3 3 3 3
16:50:12.542706 - stdout  :: 0 0
16:50:12.549005 - stdin   :: 19 3 0 1
19 3
1 18
37 12
17 2
3 3 3 3 3 -1 3 3 3 3 3
3 3 -1 -1 -1 -1 0 -1 -1 3 3
3 -1 -1 -1 -1 0 -1 -1 -1 -1 3
3 -1 -1 -1 0 -1 -1 -1 -1 -1 3
3 -1 -1 0 -1 -1 -1 -1 -1 -1 3
-1 -1 -1 0 0 0 0 0 0 0 0
3 -1 -1 0 -1 -1 -1 -1 -1 -1 3
3 -1 -1 -1 0 -1 -1 -1 -1 -1 3
3 -1 -1 -1 -1 0 -1 -1 -1 -1 3
3 3 -1 -1 -1 -1 0 -1 -1 3 3
3 3 3 3 3 -1 3 3 3 3 3
16:50:12.549372 - stdout  :: 0 0
16:50:12.555285 - stdin   :: 19 4 0 1
19 4
1 18
37 13
16 3
3 3 3 3 3 -1 3 3 3 3 3
3 3 -1 -1 -1 0 -1 -1 -1 3 3
3 -1 -1 -1 0 -1 -1 -1 -1 -1 3
3 -1 -1 0 -1 -1 -1 -1 -1 -1 3
3 -1 0 -1 -1 -1 -1 -1 -1 -1 3
-1 -1 0 0 0 0 0 0 0 0 0
3 -1 0 -1 -1 -1 -1 -1 -1 -1 3
3 -1 -1 0 -1 -1 -1 -1 -1 -1 3
3 -1 -1 -1 0 -1 -1 -1 -1 -1 3
3 3 -1 -1 -1 0 -1 -1 -1 3 3
3 3 3 3 3 -1 3 3 3 3 3
16:50:12.555671 - stdout  :: 0 0
16:50:12.563585 - stdin   :: 19 5 0 1
19 5
1 18
37 14
15 4
3 3 3 3 3 0 3 3 3 3 3
3 3 -1 -1 0 -1 -1 -1 -1 3 3
3 -1 -1 0 -1 -1 -1 -1 -1 -1 3
3 -1 0 -1 -1 -1 -1 -1 -1 -1 3
3 0 -1 -1 -1 -1 -1 -1 -1 -1 3
-1 0 0 0 0 0 0 0 0 0 0
3 0 -1 -1 -1 -1 -1 -1 -1 -1 3
3 -1 0 -1 -1 -1 -1 -1 -1 -1 3
3 -1 -1 0 -1 -1 -1 -1 -1 -1 3
3 3 -1 -1 0 -1 -1 -1 -1 3 3
3 3 3 3 3 0 3 3 3 3 3
16:50:12.564089 - stdout  :: 0 0
16:50:12.570688 - stdin   :: 19 6 0 1
19 6
1 18
37 15
13 6
3 3 3 3 3 -1 3 3 3 3 3
3 3 -1 0 -1 -1 -1 -1 -1 3 3
3 -1 0 -1 -1 -1 -1 -1 -1 -1 3
3 0 -1 -1 -1 -1 -1 -1 -1 -1 3
3 -1 -1 -1 -1 -1 -1 -1 -1 -1 3
0 0 0 0 0 0 0 0 0 0 0
3 -1 -1 -1 -1 -1 -1 -1 -1 -1 3
3 0 -1 -1 -1 -1 -1 -1 -1 -1 3
3 -1 0 -1 -1 -1 -1 -1 -1 -1 3
3 3 -1 0 -1 -1 -1 -1 -1 3 3
3 3 3 3 3 -1 3 3 3 3 3
16:50:12.571059 - stdout  :: 0 0
16:50:12.578446 - stdin   :: 19 7 0 1
19 7
2 17
36 17
11 8
3 3 3 3 3 -1 3 3 3 3 3
3 3 0 -1 -1 -1 -1 -1 -1 3 3
3 0 -1 -1 -1 -1 -1 -1 -1 -1 3
3 -1 -1 -1 -1 -1 -1 -1 -1 -1 3
3 -1 -1 -1 -1 -1 -1 -1 -1 -1 3
0 0 0 0 0 0 0 0 0 0 0
3 -1 -1 -1 -1 -1 -1 -1 -1 -1 3
3 -1 -1 -1 -1 -1 -1 -1 -1 -1 3
3 0 -1 -1 -1 -1 -1 -1 -1 -1 3
3 3 0 -1 -1 -1 -1 -1 -1 3 3
3 3 3 3 3 -1 3 3 3 3 3
16:50:12.578811 - stdout  :: 0 0
16:50:12.585816 - stdin   :: 19 8 0 1
19 8
3 16
35 18
9 10
3 3 3 3 3 -1 3 3 3 3 3
3 3 -1 -1 -1 -1 -1 -1 -1 3 3
3 -1 -1 -1 -1 -1 -1 -1 -1 -1 3
3 -1 -1 -1 -1 -1 -1 -1 -1 -1 3
3 -1 -1 -1 -1 -1 -1 -1 -1 -1 3
0 0 0 0 0 0 0 0 0 0 0
3 -1 -1 -1 -1 -1 -1 -1 -1 -1 3
3 -1 -1 -1 -1 -1 -1 -1 -1 -1 3
3 -1 -1 -1 -1 -1 -1 -1 -1 -1 3
3 3 -1 -1 -1 -1 -1 -1 -1 3 3
3 3 3 3 3 -1 3 3 3 3 3
16:50:12.586171 - stdout  :: 0 0
16:50:12.593008 - stdin   :: 19 9 0 1
19 9
4 15
33 18
7 12
3 3 3 3 3 -1 3 3 3 3 3
3 3 -1 -1 -1 -1 -1 -1 -1 3 3
3 -1 -1 -1 -1 -1 -1 -1 -1 -1 3
3 -1 -1 -1 -1 -1 -1 -1 -1 -1 3
3 -1 -1 -1 -1 -1 -1 -1 -1 -1 3
0 0 0 0 0 0 0 0 0 0 0
3 -1 -1 -1 -1 -1 -1 -1 -1 -1 3
3 -1 -1 -1 -1 -1 -1 -1 -1 -1 3
3 -1 -1 -1 -1 -1 -1 -1 -1 -1 3
3 3 -1 -1 -1 -1 -1 -1 -1 3 3
3 3 3 3 3 -1 3 3 3 3 3
16:50:12.593361 - stdout  :: 0 0
16:50:12.600443 - stdin   :: 19 10 0 1
19 10
5 14
32 18
6 13
3 3 3 3 3 -1 3 3 3 3 3
3 3 -1 -1 -1 -1 -1 -1 -1 3 3
3 -1 -1 -1 -1 -1 -1 -1 -1 -1 3
3 -1 -1 -1 -1 -1 -1 -1 -1 -1 3
3 -1 -1 -1 -1 -1 -1 -1 -1 -1 3
0 0 0 0 0 0 0 0 0 0 0
3 -1 -1 -1 -1 -1 -1 -1 -1 -1 3
3 -1 -1 -1 -1 -1 -1 -1 -1 -1 3
3 -1 -1 -1 -1 -1 -1 -1 -1 -1 3
3 3 -1 -1 -1 -1 -1 -1 -1 3 3
3 3 3 3 3 -1 3 3 3 3 3
16:50:12.600799 - stdout  :: 0 0
16:50:12.607855 - stdin   :: 19 11 0 1
19 11
7 12
31 18
4 15
3 3 3 3 3 -1 3 3 3 3 3
3 3 -1 -1 -1 -1 -1 -1 -1 3 3
3 -1 -1 -1 -1 -1 -1 -1 -1 -1 3
3 -1 -1 -1 -1 -1 -1 -1 -1 -1 3
3 -1 -1 -1 -1 -1 -1 -1 -1 -1 3
0 0 0 0 0 0 0 0 0 0 0
3 -1 -1 -1 -1 -1 -1 -1 -1 -1 3
3 -1 -1 -1 -1 -1 -1 -1 -1 -1 3
3 -1 -1 -1 -1 -1 -1 -1 -1 -1 3
3 3 -1 -1 -1 -1 -1 -1 -1 3 3
3 3 3 3 3 -1 3 3 3 3 3
16:50:12.608208 - stdout  :: 0 0
16:50:12.617547 - stdin   :: 19 12 0 1
19 12
9 10
30 18
2 17
3 3 3 3 3 -1 3 3 3 3 3
3 3 -1 -1 -1 -1 -1 -1 -1 3 3
3 -1 -1 -1 -1 -1 -1 -1 -1 -1 3
3 -1 -1 -1 -1 -1 -1 -1 -1 -1 3
3 -1 -1 -1 -1 -1 -1 -1 -1 -1 3
0 0 0 0 0 0 0 0 0 0 0
3 -1 -1 -1 -1 -1 -1 -1 -1 -1 3
3 -1 -1 -1 -1 -1 -1 -1 -1 -1 3
3 -1 -1 -1 -1 -1 -1 -1 -1 -1 3
3 3 -1 -1 -1 -1 -1 -1 -1 3 3
3 3 3 3 3 -1 3 3 3 3 3
16:50:12.618191 - stdout  :: 0 0
16:50:12.626566 - stdin   :: 19 13 0 1
19 13
11 8
29 18
1 18
3 3 3 3 3 -1 3 3 3 3 3
3 3 -1 -1 -1 -1 -1 -1 -1 3 3
3 -1 -1 -1 -1 -1 -1 -1 -1 -1 3
3 -1 -1 -1 -1 -1 -1 -1 -1 -1 3
3 -1 -1 -1 -1 -1 -1 -1 -1 -1 3
0 0 0 0 0 0 0 0 0 0 0
3 -1 -1 -1 -1 -1 -1 -1 -1 -1 3
3 -1 -1 -1 -1 -1 -1 -1 -1 -1 3
3 -1 -1 -1 -1 -1 -1 -1 -1 -1 3
3 3 -1 -1 -1 -1 -1 -1 -1 3 3
3 3 3 3 3 -1 3 3 3 3 3
16:50:12.626993 - stdout  :: 0 0
16:50:12.634985 - stdin   :: 19 14 0 1
19 14
13 6
28 18
1 18
3 3 3 3 3 -1 3 3 3 3 3
3 3 -1 -1 -1 -1 -1 -1 -1 3 3
3 -1 -1 -1 -1 -1 -1 -1 -1 0 3
3 -1 -1 -1 -1 -1 -1 -1 -1 1 3
3 -1 -1 -1 -1 -1 -1 -1 -1 -1 3
0 0 0 0 0 0 0 0 0 0 0
3 -1 -1 -1 -1 -1 -1 -1 -1 -1 3
3 -1 -1 -1 -1 -1 -1 -1 -1 1 3
3 -1 -1 -1 -1 -1 -1 -1 -1 0 3
3 3 -1 -1 -1 -1 -1 -1 -1 3 3
3 3 3 3 3 -1 3 3 3 3 3
16:50:12.635426 - stdout  :: 0 0
16:50:12.641384 - stdin   :: 19 15 0 1
19 15
15 4
27 18
1 18
3 3 3 3 3 -1 3 3 3 3 3
3 3 -1 -1 -1 -1 -1 -1 0 3 3
3 -1 -1 -1 -1 -1 -1 -1 0 -1 3
3 -1 -1 -1 -1 -1 -1 -1 1 -1 3
3 -1 -1 -1 -1 -1 -1 -1 -1 -1 3
0 0 0 0 0 0 0 0 0 0 0
3 -1 -1 -1 -1 -1 -1 -1 -1 -1 3
3 -1 -1 -1 -1 -1 -1 -1 1 -1 3
3 -1 -1 -1 -1 -1 -1 -1 0 -1 3
3 3 -1 -1 -1 -1 -1 -1 0 3 3
3 3 3 3 3 -1 3 3 3 3 3
16:50:12.641752 - stdout  :: 0 0
16:50:12.647635 - stdin   :: 19 16 0 1
19 16
17 2
26 18
1 18
3 3 3 3 3 -1 3 3 3 3 3
3 3 -1 -1 -1 -1 -1 0 -1 3 3
3 -1 -1 -1 -1 -1 -1 0 -1 0 3
3 -1 -1 -1 -1 -1 -1 1 -1 0 3
3 -1 -1 -1 -1 -1 -1 -1 -1 0 3
0 0 0 0 0 0 0 0 0 0 -1
3 -1 -1 -1 -1 -1 -1 -1 -1 0 3
3 -1 -1 -1 -1 -1 -1 1 -1 0 3
3 -1 -1 -1 -1 -1 -1 0 -1 0 3
3 3 -1 -1 -1 -1 -1 0 -1 3 3
3 3 3 3 3 -1 3 3 3 3 3
16:50:12.648082 - stdout  :: 0 0
16:50:12.654129 - stdin   :: 19 17 0 1
19 17
18 1
25 18
1 18
3 3 3 3 3 -1 3 3 3 3 3
3 3 -1 -1 -1 -1 0 -1 0 3 3
3 -1 -1 -1 -1 -1 0 -1 0 -1 3
3 -1 -1 -1 -1 -1 1 -1 0 -1 3
3 -1 -1 -1 -1 -1 -1 -1 0 -1 3
0 0 0 0 0 0 0 0 0 -1 100
3 -1 -1 -1 -1 -1 -1 -1 0 -1 3
3 -1 -1 -1 -1 -1 1 -1 0 -1 3
3 -1 -1 -1 -1 -1 0 -1 0 -1 3
3 3 -1 -1 -1 -1 0 -1 0 3 3
3 3 3 3 3 -1 3 3 3 3 3
16:50:12.654517 - stdout  :: 0 0
16:50:12.660436 - stdin   :: 19 18 0 1
19 18
20 1
24 18
1 18
3 3 3 3 3 0 3 3 3 3 3
3 3 -1 -1 -1 0 -1 0 -1 3 3
3 -1 -1 -1 -1 0 -1 0 -1 100 3
3 -1 -1 -1 -1 1 -1 0 -1 100 3
3 -1 -1 -1 -1 -1 -1 0 -1 100 3
0 0 0 0 0 0 0 0 -1 100 -1
3 -1 -1 -1 -1 -1 -1 0 -1 100 3
3 -1 -1 -1 -1 1 -1 0 -1 -1 3
3 -1 -1 -1 -1 0 -1 0 -1 -1 3
3 3 -1 -1 -1 0 -1 0 -1 3 3
3 3 3 3 3 0 3 3 3 3 3
16:50:12.660948 - stdout  :: 0 0
16:50:12.667012 - stdin   :: 19 19 0 1
19 19
21 2
23 18
1 18
3 3 3 3 3 -1 3 3 3 3 3
3 3 -1 -1 0 -1 0 -1 100 3 3
3 -1 -1 -1 0 -1 0 -1 100 100 3
3 -1 -1 -1 1 -1 0 -1 100 100 3
3 -1 -1 -1 -1 -1 0 -1 100 -1 3
0 0 0 0 0 0 0 -1 100 -1 -1
3 -1 -1 -1 -1 -1 0 -1 100 -1 3
3 -1 -1 -1 1 -1 0 -1 -1 -1 3
3 -1 -1 -1 0 -1 0 -1 -1 -1 3
3 3 -1 -1 0 -1 0 -1 -1 3 3
3 3 3 3 3 -1 3 3 3 3 3
16:50:12.667385 - stdout  :: -1 0
16:50:12.674329 - stdin   :: 18 20 -1 1
18 20
22 3
22 18
2 18
3 3 3 3 3 0 3 3 3 3 3
3 3 -1 0 -1 0 -1 -1 100 3 3
3 -1 -1 0 -1 0 -1 100 100 100 3
3 -1 -1 0 -1 0 -1 100 100 -1 3
3 -1 -1 1 -1 0 -1 100 100 -1 3
-1 -1 -1 -1 -1 0 -1 100 -1 -1 -1
3 0 0 0 0 0 -1 100 -1 -1 3
3 -1 -1 -1 -1 0 -1 100 -1 -1 3
3 -1 -1 1 -1 0 -1 -1 -1 -1 3
3 3 -1 0 -1 0 -1 -1 -1 3 3
3 3 3 3 3 0 3 3 3 3 3
16:50:12.674719 - stdout  :: 0 -1
16:50:12.681874 - stdin   :: 17 20 -1 0
17 20
23 4
21 18
4 18
3 3 3 3 3 0 3 3 3 3 3
3 3 -1 0 -1 0 -1 -1 -1 3 3
3 -1 -1 0 -1 0 -1 -1 100 100 3
3 -1 -1 0 -1 0 -1 100 100 100 3
3 -1 -1 0 -1 0 -1 100 100 -1 3
-1 -1 -1 1 -1 0 -1 100 100 -1 -1
3 -1 -1 -1 -1 0 -1 100 -1 -1 3
3 0 0 0 0 0 -1 100 -1 -1 3
3 -1 -1 -1 -1 0 -1 100 -1 -1 3
3 3 -1 1 -1 0 -1 -1 -1 3 3
3 3 3 3 3 0 3 3 3 3 3
16:50:12.682246 - stdout  :: 0 0
16:50:12.689379 - stdin   :: 16 20 -1 0
16 20
24 5
21 18
7 18
3 3 3 3 3 0 3 3 3 3 3
3 3 -1 0 -1 0 -1 -1 -1 3 3
3 -1 -1 0 -1 0 -1 -1 -1 100 3
3 -1 -1 0 -1 0 -1 -1 100 100 3
3 -1 -1 0 -1 0 -1 100 100 100 3
-1 -1 -1 0 -1 0 -1 100 100 -1 -1
3 -1 -1 1 -1 0 -1 100 100 -1 3
3 -1 -1 -1 -1 0 -1 100 -1 -1 3
3 0 0 0 0 0 -1 100 -1 -1 3
3 3 -1 -1 -1 0 -1 100 -1 3 3
3 3 3 3 3 0 3 3 3 3 3
16:50:12.689735 - stdout  :: 0 0
16:50:12.697041 - stdin   :: 15 20 -1 0
15 20
25 6
22 18
11 18
3 3 3 3 3 0 3 3 3 3 3
3 3 -1 0 -1 0 -1 -1 -1 3 3
3 -1 -1 0 -1 0 -1 -1 -1 -1 3
3 -1 -1 0 -1 0 -1 -1 -1 100 3
3 -1 -1 0 -1 0 -1 -1 100 100 3
-1 -1 -1 0 -1 0 -1 100 100 100 -1
3 -1 -1 0 -1 0 -1 100 100 -1 3
3 -1 -1 1 -1 0 -1 100 100 -1 3
3 -1 -1 -1 -1 0 -1 100 -1 -1 3
3 3 0 0 0 0 -1 100 -1 3 3
3 3 3 3 3 0 3 3 3 3 3
16:50:12.697391 - stdout  :: 0 0
16:50:12.704543 - stdin   :: 14 20 -1 0
14 20
26 7
23 18
15 18
3 3 3 3 3 0 3 3 3 3 3
3 3 -1 0 -1 0 -1 -1 -1 3 3
3 -1 -1 0 -1 0 -1 -1 -1 -1 3
3 -1 -1 0 -1 0 -1 -1 -1 -1 3
3 -1 -1 0 -1 0 -1 -1 -1 100 3
-1 -1 -1 0 -1 0 -1 -1 100 100 -1
3 -1 -1 0 -1 0 -1 100 100 100 3
3 -1 -1 0 -1 0 -1 100 100 -1 3
3 -1 -1 1 -1 0 -1 100 100 -1 3
3 3 -1 -1 -1 0 -1 100 -1 3 3
3 3 3 3 3 0 3 3 3 3 3
16:50:12.704898 - stdout  :: 0 0
16:50:12.713350 - stdin   :: 13 20 -1 0
13 20
27 8
24 18
15 18
3 3 3 3 3 0 3 3 3 3 3
3 3 -1 0 -1 0 -1 -1 -1 3 3
3 -1 -1 0 -1 0 -1 -1 -1 -1 3
3 -1 -1 0 -1 0 -1 -1 -1 -1 3
3 -1 -1 0 -1 0 -1 -1 -1 -1 3
-1 -1 -1 0 -1 0 -1 -1 -1 100 0
3 -1 -1 0 -1 0 -1 -1 100 100 3
3 -1 -1 0 -1 0 -1 100 100 100 3
3 -1 -1 0 -1 0 -1 100 100 -1 3
3 3 -1 1 -1 0 -1 100 100 3 3
3 3 3 3 3 0 3 3 3 3 3
16:50:12.713762 - stdout  :: 0 0
16:50:12.719826 - stdin   :: 12 20 -1 0
12 20
28 9
25 18
15 18
3 3 3 3 3 0 3 3 3 3 3
3 3 -1 0 -1 0 -1 -1 -1 3 3
3 -1 -1 0 -1 0 -1 -1 -1 -1 3
3 -1 -1 0 -1 0 -1 -1 -1 -1 3
3 -1 -1 0 -1 0 -1 -1 -1 -1 3
-1 -1 -1 0 -1 0 -1 -1 -1 -1 0
3 -1 -1 0 -1 0 -1 -1 -1 100 3
3 -1 -1 0 -1 0 -1 -1 100 100 3
3 -1 -1 0 -1 0 -1 100 100 100 3
3 3 -1 0 -1 0 -1 100 100 3 3
3 3 3 3 3 0 3 3 3 3 3
16:50:12.720186 - stdout  :: 0 0
16:50:12.726326 - stdin   :: 11 20 -1 0
11 20
29 10
26 18
15 18
3 3 3 3 3 0 3 3 3 3 3
3 3 -1 0 -1 0 -1 -1 -1 3 3
3 -1 -1 0 -1 0 -1 -1 -1 -1 3
3 -1 -1 0 -1 0 -1 -1 -1 -1 3
3 -1 -1 0 -1 0 -1 -1 -1 -1 3
-1 -1 -1 0 -1 0 -1 -1 -1 -1 -1
3 -1 -1 0 -1 0 -1 -1 -1 -1 3
3 -1 -1 0 -1 0 -1 -1 -1 100 3
3 -1 -1 0 -1 0 -1 -1 100 100 3
3 3 -1 0 -1 0 -1 100 100 3 3
3 3 3 3 3 0 3 3 3 3 3
16:50:12.726745 - stdout  :: 0 0
16:50:12.734045 - stdin   :: 10 20 -1 0
10 20
30 11
27 18
15 18
3 3 3 3 3 0 3 3 3 3 3
3 3 -1 0 -1 0 -1 -1 -1 3 3
3 -1 -1 0 -1 0 -1 -1 -1 -1 3
3 -1 -1 0 -1 0 -1 -1 -1 -1 3
3 -1 -1 0 -1 0 -1 -1 -1 -1 3
-1 -1 -1 0 -1 0 -1 -1 -1 -1 -1
3 -1 -1 0 -1 0 -1 -1 -1 -1 3
3 -1 -1 0 -1 0 -1 -1 -1 -1 3
3 -1 -1 0 -1 0 -1 -1 -1 100 3
3 3 -1 0 -1 0 -1 -1 100 3 3
3 3 3 3 3 0 3 3 3 3 3
16:50:12.734529 - stdout  :: 0 0
16:50:12.743626 - stdin   :: 9 20 -1 0
9 20
32 13
28 18
15 18
3 3 3 3 3 0 3 3 3 3 3
3 3 -1 0 -1 0 -1 -1 -1 3 3
3 -1 -1 0 -1 0 -1 -1 -1 -1 3
3 -1 -1 0 -1 0 -1 -1 -1 -1 3
3 -1 -1 0 -1 0 -1 -1 -1 -1 3
-1 -1 -1 0 -1 0 -1 -1 -1 -1 -1
3 -1 -1 0 -1 0 -1 -1 -1 -1 3
3 -1 -1 0 -1 0 -1 -1 -1 -1 3
3 -1 -1 0 -1 0 -1 -1 -1 -1 3
3 3 -1 0 -1 0 -1 -1 -1 3 3
3 3 3 3 3 0 3 3 3 3 3
16:50:12.744140 - stdout  :: 0 0
16:50:12.755318 - stdin   :: 8 20 -1 0
8 20
34 15
29 18
15 18
3 3 3 3 3 0 3 3 3 3 3
3 3 -1 0 -1 0 -1 -1 -1 3 3
3 -1 -1 0 -1 0 -1 -1 -1 -1 3
3 -1 -1 0 -1 0 -1 -1 -1 -1 3
3 -1 -1 0 -1 0 -1 -1 -1 -1 3
-1 -1 -1 0 -1 0 -1 -1 -1 -1 -1
3 -1 -1 0 -1 0 -1 -1 -1 -1 3
3 -1 -1 0 -1 0 -1 -1 -1 -1 3
3 -1 -1 0 -1 0 -1 -1 -1 -1 3
3 3 -1 0 -1 0 -1 -1 -1 3 3
3 3 3 3 3 0 3 3 3 3 3
16:50:12.757007 - stdout  :: 0 0
16:50:12.768731 - stdin   :: 7 20 -1 0
7 20
36 17
30 18
14 18
3 3 3 3 3 0 3 3 3 3 3
3 3 -1 0 -1 0 -1 -1 -1 3 3
3 -1 -1 0 -1 0 -1 -1 -1 -1 3
3 -1 -1 0 -1 0 -1 -1 -1 -1 3
3 -1 -1 0 -1 0 -1 -1 -1 -1 3
-1 -1 -1 0 -1 0 -1 -1 -1 -1 -1
3 -1 -1 0 -1 0 -1 -1 -1 -1 3
3 -1 -1 0 -1 0 -1 -1 -1 -1 3
3 -1 -1 0 -1 0 -1 -1 -1 -1 3
3 3 -1 0 -1 0 -1 -1 -1 3 3
3 3 3 3 3 0 3 3 3 3 3
16:50:12.769261 - stdout  :: 0 0
16:50:12.779031 - stdin   :: 6 20 -1 0
6 20
37 18
31 18
12 18
3 3 3 3 3 0 3 3 3 3 3
3 3 0 0 -1 0 -1 -1 -1 3 3
3 0 -1 0 -1 0 -1 -1 -1 -1 3
3 -1 -1 0 -1 0 -1 -1 -1 -1 3
3 -1 -1 0 -1 0 -1 -1 -1 -1 3
-1 -1 -1 0 -1 0 -1 -1 -1 -1 -1
3 -1 -1 0 -1 0 -1 -1 -1 -1 3
3 -1 -1 0 -1 0 -1 -1 -1 -1 3
3 -1 -1 0 -1 0 -1 -1 -1 -1 3
3 3 -1 0 -1 0 -1 -1 -1 3 3
3 3 3 3 3 0 3 3 3 3 3
16:50:12.779478 - stdout  :: 0 0
16:50:12.788122 - stdin   :: 5 20 -1 0
5 20
37 18
32 18
9 18
3 3 3 3 3 -1 3 3 3 3 3
3 3 0 0 -1 0 0 0 0 3 3
3 -1 0 0 -1 0 -1 -1 -1 -1 3
3 0 -1 0 -1 0 -1 -1 -1 -1 3
3 -1 -1 0 -1 0 -1 -1 -1 -1 3
-1 -1 -1 0 -1 0 -1 -1 -1 -1 -1
3 -1 -1 0 -1 0 -1 -1 -1 -1 3
3 -1 -1 0 -1 0 -1 -1 -1 -1 3
3 -1 -1 0 -1 0 -1 -1 -1 -1 3
3 3 -1 0 -1 0 -1 -1 -1 3 3
3 3 3 3 3 0 3 3 3 3 3
16:50:12.788501 - stdout  :: 0 0
16:50:12.796629 - stdin   :: 4 20 -1 0
4 20
36 18
33 18
5 18
3 3 3 3 3 -1 3 3 3 3 3
3 3 -1 -1 -1 -1 -1 -1 -1 3 3
3 0 0 0 -1 0 0 0 0 0 3
3 -1 0 0 -1 0 -1 -1 -1 -1 3
3 0 -1 0 -1 0 -1 -1 -1 -1 3
0 -1 -1 0 -1 0 -1 -1 -1 -1 -1
3 -1 -1 0 -1 0 -1 -1 -1 -1 3
3 -1 -1 0 -1 0 -1 -1 -1 -1 3
3 -1 -1 0 -1 0 -1 -1 -1 -1 3
3 3 -1 0 -1 0 -1 -1 -1 3 3
3 3 3 3 3 0 3 3 3 3 3
16:50:12.796990 - stdout  :: 0 0
16:50:12.804596 - stdin   :: 3 20 -1 0
3 20
35 18
34 18
2 18
3 3 3 3 3 -1 3 3 3 3 3
3 3 -1 -1 -1 -1 -1 -1 -1 3 3
3 -1 -1 -1 -1 -1 -1 -1 -1 -1 3
3 0 0 0 -1 0 0 0 0 0 3
3 -1 0 0 -1 0 -1 -1 -1 -1 3
-1 0 -1 0 -1 0 -1 -1 -1 -1 -1
3 -1 -1 0 -1 0 -1 -1 -1 -1 3
3 -1 -1 0 -1 0 -1 -1 -1 -1 3
3 -1 -1 0 -1 0 -1 -1 -1 -1 3
3 3 -1 0 -1 0 -1 -1 -1 3 3
3 3 3 3 3 0 3 3 3 3 3
16:50:12.804955 - stdout  :: 0 0
16:50:12.812873 - stdin   :: 2 20 -1 0
2 20
33 18
36 18
2 18
3 3 3 3 3 -1 3 3 3 3 3
3 3 -1 -1 -1 -1 -1 -1 -1 3 3
3 -1 -1 -1 -1 -1 -1 -1 -1 -1 3
3 -1 -1 -1 -1 -1 -1 -1 -1 -1 3
3 0 0 0 -1 0 0 0 0 0 3
-1 -1 0 0 -1 0 -1 -1 -1 -1 -1
3 0 -1 0 -1 0 -1 -1 -1 -1 3
3 -1 -1 0 -1 0 -1 -1 -1 -1 3
3 -1 -1 0 -1 0 -1 -1 -1 -1 3
3 3 -1 0 -1 0 -1 -1 -1 3 3
3 3 3 3 3 0 3 3 3 3 3
16:50:12.813187 - stdout  :: 0 1
16:50:12.819211 - stdin   :: 1 21 -1 1
1 21
31 18
37 18
2 18
3 3 3 3 3 -1 3 3 3 3 3
3 3 -1 -1 -1 -1 -1 -1 -1 3 3
3 -1 -1 -1 -1 -1 -1 -1 -1 -1 3
3 -1 -1 -1 -1 -1 -1 -1 -1 -1 3
3 -1 -1 -1 -1 -1 -1 -1 -1 -1 3
0 0 0 -1 0 0 0 0 0 0 0
3 0 0 -1 0 -1 -1 -1 -1 -1 3
3 -1 0 -1 0 -1 -1 -1 -1 -1 3
3 -1 0 -1 0 -1 -1 -1 -1 -1 3
3 3 0 -1 0 -1 -1 -1 -1 3 3
3 3 3 3 3 -1 3 3 3 3 3
16:50:12.819583 - stdout  :: 1 0
16:50:12.825411 - stdin   :: 1 22 0 1
1 22
29 18
37 17
2 18
3 3 3 3 3 -1 3 3 3 3 3
3 3 -1 -1 -1 -1 -1 -1 -1 3 3
3 -1 -1 -1 -1 -1 -1 -1 -1 -1 3
3 -1 -1 -1 -1 -1 -1 -1 -1 -1 3
3 -1 -1 -1 -1 -1 -1 -1 -1 -1 3
0 0 -1 0 0 0 0 0 0 0 0
3 0 -1 0 -1 -1 -1 -1 -1 -1 3
3 0 -1 0 -1 -1 -1 -1 -1 -1 3
3 0 -1 0 -1 -1 -1 -1 -1 -1 3
3 3 -1 0 -1 -1 -1 -1 -1 3 3
3 3 3 3 3 -1 3 3 3 3 3
16:50:12.825755 - stdout  :: 0 0
16:50:12.831934 - stdin   :: 1 23 0 1
1 23
27 18
37 16
2 18
3 3 3 3 3 -1 3 3 3 3 3
3 3 -1 -1 -1 -1 -1 -1 -1 3 3
3 -1 -1 -1 -1 -1 -1 -1 -1 -1 3
3 -1 -1 -1 -1 -1 -1 -1 -1 -1 3
3 -1 -1 -1 -1 -1 -1 -1 -1 -1 3
0 -1 0 0 0 0 0 0 0 0 0
3 -1 0 -1 -1 -1 -1 -1 -1 -1 3
3 -1 0 -1 -1 -1 -1 -1 -1 -1 3
3 -1 0 -1 -1 -1 -1 -1 -1 -1 3
3 3 0 -1 -1 -1 -1 -1 -1 3 3
3 3 3 3 3 -1 3 3 3 3 3
16:50:12.832332 - stdout  :: 0 0
16:50:12.839045 - stdin   :: 1 24 0 1
1 24
25 18
37 16
2 18
3 3 3 3 3 -1 3 3 3 3 3
3 3 -1 -1 -1 -1 -1 -1 -1 3 3
3 -1 -1 -1 -1 -1 -1 -1 -1 -1 3
3 -1 -1 -1 -1 -1 -1 -1 -1 -1 3
3 -1 -1 -1 -1 -1 -1 -1 -1 -1 3
-1 0 0 0 0 0 0 0 0 0 0
3 0 -1 -1 -1 -1 -1 -1 -1 -1 3
3 0 -1 -1 -1 -1 -1 -1 -1 -1 3
3 0 -1 -1 -1 -1 -1 -1 -1 -1 3
3 3 -1 -1 -1 -1 -1 -1 -1 3 3
3 3 3 3 3 -1 3 3 3 3 3
16:50:12.839519 - stdout  :: 0 0
16:50:12.846371 - stdin   :: 1 25 0 1
1 25
23 18
36 17
2 18
3 3 3 3 3 -1 3 3 3 3 3
3 3 -1 -1 -1 -1 -1 -1 -1 3 3
3 -1 -1 -1 -1 -1 -1 -1 -1 -1 3
3 -1 -1 -1 -1 -1 -1 -1 -1 -1 3
3 -1 -1 -1 -1 -1 -1 -1 -1 -1 3
0 0 0 0 0 0 0 0 0 0 0
3 -1 -1 -1 -1 -1 -1 -1 -1 -1 3
3 -1 -1 -1 -1 -1 -1 -1 -1 0 3
3 -1 -1 -1 -1 -1 -1 -1 -1 0 3
3 3 -1 -1 -1 -1 -1 -1 -1 3 3
3 3 3 3 3 -1 3 3 3 3 3
16:50:12.846799 - stdout  :: 0 0
16:50:12.854802 - stdin   :: 1 26 0 1
1 26
21 18
35 18
2 17
3 3 3 3 3 -1 3 3 3 3 3
3 3 -1 -1 -1 -1 -1 -1 -1 3 3
3 -1 -1 -1 -1 -1 -1 -1 -1 -1 3
3 -1 -1 -1 -1 -1 -1 -1 -1 -1 3
3 -1 -1 -1 -1 -1 -1 -1 -1 -1 3
0 0 0 0 0 0 0 0 0 0 0
3 -1 -1 -1 -1 -1 -1 -1 -1 -1 3
3 -1 -1 -1 -1 -1 -1 -1 0 0 3
3 -1 -1 -1 -1 -1 -1 -1 0 0 3
3 3 -1 -1 -1 -1 -1 -1 0 3 3
3 3 3 3 3 -1 3 3 3 3 3
16:50:12.855208 - stdout  :: 0 0
16:50:12.863411 - stdin   :: 1 27 0 1
1 27
21 18
35 18
1 15
3 3 3 3 3 -1 3 3 3 3 3
3 3 -1 -1 -1 -1 -1 -1 -1 3 3
3 -1 -1 -1 -1 -1 -1 -1 -1 -1 3
3 -1 -1 -1 -1 -1 -1 -1 -1 -1 3
3 -1 -1 -1 -1 -1 -1 -1 -1 -1 3
0 0 0 0 0 0 0 0 0 0 0
3 -1 -1 -1 -1 -1 -1 -1 -1 -1 3
3 -1 -1 -1 -1 -1 -1 0 0 0 3
3 -1 -1 -1 -1 -1 -1 0 0 0 3
3 3 -1 -1 -1 -1 -1 0 0 3 3
3 3 3 3 3 -1 3 3 3 3 3
16:50:12.863777 - stdout  :: 0 0
16:50:12.870651 - stdin   :: 1 28 0 1
1 28
21 18
36 18
1 14
3 3 3 3 3 -1 3 3 3 3 3
3 3 -1 -1 -1 -1 -1 -1 -1 3 3
3 -1 -1 -1 -1 -1 -1 -1 -1 -1 3
3 -1 -1 -1 -1 -1 -1 -1 -1 -1 3
3 -1 -1 -1 -1 -1 -1 -1 -1 -1 3
0 0 0 0 0 0 0 0 0 0 0
3 -1 -1 -1 -1 -1 -1 -1 -1 -1 3
3 -1 -1 -1 -1 -1 0 0 0 0 3
3 -1 -1 -1 -1 -1 0 0 0 0 3
3 3 -1 -1 -1 -1 0 0 0 3 3
3 3 3 3 3 -1 3 3 3 3 3
16:50:12.871021 - stdout  :: 0 0
16:50:12.878080 - stdin   :: 1 29 0 1
1 29
21 18
36 18
1 13
3 3 3 3 3 -1 3 3 3 3 3
3 3 -1 -1 -1 -1 -1 -1 -1 3 3
3 -1 -1 -1 -1 -1 -1 -1 -1 -1 3
3 -1 -1 -1 -1 -1 -1 -1 -1 -1 3
3 -1 -1 -1 -1 -1 -1 -1 -1 -1 3
0 0 0 0 0 0 0 0 0 0 0
3 -1 -1 -1 -1 -1 -1 -1 -1 -1 3
3 -1 -1 -1 -1 0 0 0 0 0 3
3 -1 -1 -1 -1 0 0 0 0 0 3
3 3 -1 -1 -1 0 0 0 0 3 3
3 3 3 3 3 0 3 3 3 3 3
16:50:12.878456 - stdout  :: 0 0
16:50:12.885181 - stdin   :: 1 30 0 1
1 30
21 18
36 17
1 12
3 3 3 3 3 -1 3 3 3 3 3
3 3 -1 -1 -1 -1 -1 -1 -1 3 3
3 -1 -1 -1 -1 -1 -1 -1 -1 -1 3
3 -1 -1 -1 -1 -1 -1 -1 -1 -1 3
3 -1 -1 -1 -1 -1 -1 -1 -1 -1 3
0 0 0 0 0 0 0 0 0 0 0
3 -1 -1 -1 -1 -1 -1 -1 -1 -1 3
3 -1 -1 -1 0 0 0 0 0 0 3
3 -1 -1 -1 0 0 0 0 0 0 3
3 3 -1 -1 0 0 0 0 0 3 3
3 3 3 3 3 0 3 3 3 3 3
16:50:12.885556 - stdout  :: 0 0
16:50:12.892602 - stdin   :: 1 31 0 1
1 31
21 18
35 16
1 11
3 3 3 3 3 -1 3 3 3 3 3
3 3 -1 -1 -1 -1 -1 -1 -1 3 3
3 -1 -1 -1 -1 -1 -1 -1 -1 -1 3
3 -1 -1 -1 -1 -1 -1 -1 -1 -1 3
3 -1 -1 -1 -1 -1 -1 -1 -1 -1 3
0 0 0 0 0 0 0 0 0 0 0
3 -1 -1 -1 -1 -1 -1 -1 -1 -1 3
3 -1 -1 0 0 0 0 0 0 0 3
3 -1 -1 0 0 0 0 0 0 0 3
3 3 -1 0 0 0 0 0 0 3 3
3 3 3 3 3 0 3 3 3 3 3
16:50:12.893256 - stdout  :: 0 0
16:50:12.899081 - stdin   :: 1 32 0 1
1 32
21 18
33 14
1 10
3 3 3 3 3 -1 3 3 3 3 3
3 3 -1 -1 -1 -1 -1 -1 -1 3 3
3 -1 -1 -1 -1 -1 -1 -1 -1 -1 3
3 -1 -1 -1 -1 -1 -1 -1 -1 -1 3
3 -1 -1 -1 -1 -1 -1 -1 -1 -1 3
0 0 0 0 0 0 0 0 0 0 0
3 -1 -1 -1 -1 -1 -1 -1 -1 -1 3
3 -1 0 0 0 0 0 0 0 0 3
3 -1 0 0 0 0 0 0 0 0 3
3 3 0 0 0 0 0 0 0 3 3
3 3 3 3 3 0 3 3 3 3 3
16:50:12.899514 - stdout  :: 0 0
16:50:12.906509 - stdin   :: 1 33 0 1
1 33
22 18
31 12
1 9
3 3 3 3 3 -1 3 3 3 3 3
3 3 -1 -1 -1 -1 -1 -1 -1 3 3
3 -1 -1 -1 -1 -1 -1 -1 -1 -1 3
3 -1 -1 -1 -1 -1 -1 -1 -1 -1 3
3 -1 -1 -1 -1 -1 -1 -1 -1 -1 3
0 0 0 0 0 0 0 0 0 0 0
3 -1 -1 -1 -1 -1 -1 -1 -1 -1 3
3 0 0 0 0 0 0 0 0 0 3
3 0 0 0 0 0 0 0 0 0 3
3 3 0 0 0 0 0 0 0 3 3
3 3 3 3 3 0 3 3 3 3 3
16:50:12.906933 - stdout  :: 0 0
16:50:12.913854 - stdin   :: 1 34 0 1
1 34
23 18
29 10
1 8
3 3 3 3 3 -1 3 3 3 3 3
3 3 -1 -1 -1 -1 -1 -1 -1 3 3
3 -1 -1 -1 -1 -1 -1 -1 -1 -1 3
3 -1 -1 -1 -1 -1 -1 -1 -1 -1 3
3 -1 -1 -1 -1 -1 -1 -1 -1 -1 3
0 0 0 0 0 0 0 0 0 0 0
3 -1 -1 -1 -1 -1 -1 -1 -1 -1 3
3 0 0 0 0 0 0 0 0 0 3
3 0 0 0 0 0 0 0 0 0 3
3 3 0 0 0 0 0 0 0 3 3
3 3 3 3 3 0 3 3 3 3 3
16:50:12.914247 - stdout  :: 0 0
16:50:12.920721 - stdin   :: 1 35 0 1
1 35
24 18
27 8
1 7
3 3 3 3 3 -1 3 3 3 3 3
3 3 -1 -1 -1 -1 -1 -1 -1 3 3
3 -1 -1 -1 -1 -1 -1 -1 -1 -1 3
3 -1 -1 -1 -1 -1 -1 -1 -1 -1 3
3 -1 -1 -1 -1 -1 -1 -1 -1 -1 3
0 0 0 0 0 0 0 0 0 0 0
3 -1 -1 -1 -1 -1 -1 -1 -1 -1 3
3 0 0 0 0 0 0 0 0 0 3
3 0 0 0 0 0 0 0 0 0 3
3 3 0 0 0 0 0 0 0 3 3
3 3 3 3 3 0 3 3 3 3 3
16:50:12.921137 - stdout  :: 0 0
16:50:12.927722 - stdin   :: 1 36 0 1
1 36
25 18
25 6
1 6
3 3 3 3 3 -1 3 3 3 3 3
3 3 -1 -1 -1 -1 -1 -1 -1 3 3
3 -1 -1 -1 -1 -1 -1 -1 -1 -1 3
3 -1 -1 -1 -1 -1 -1 -1 -1 -1 3
3 -1 -1 -1 -1 -1 -1 -1 -1 -1 3
0 0 0 0 0 0 0 0 0 0 0
3 -1 -1 -1 -1 -1 -1 -1 -1 -1 3
3 0 0 0 0 0 0 0 0 0 3
3 0 0 0 0 0 0 0 0 0 3
3 3 0 0 0 0 0 0 0 3 3
3 3 3 3 3 0 3 3 3 3 3
16:50:12.928170 - stdout  :: 0 0
16:50:12.935195 - stdin   :: 1 37 0 1
1 37
27 18
23 4
1 5
3 3 3 3 3 -1 3 3 3 3 3
3 3 -1 -1 -1 -1 -1 -1 -1 3 3
3 -1 -1 -1 -1 -1 -1 -1 -1 -1 3
3 -1 -1 -1 -1 -1 -1 -1 -1 -1 3
3 -1 -1 -1 -1 -1 -1 -1 -1 -1 3
0 0 0 0 0 0 0 0 0 0 0
3 -1 -1 -1 -1 -1 -1 -1 -1 -1 3
3 0 0 0 0 0 0 0 0 -1 3
3 0 0 0 0 0 0 0 0 -1 3
3 3 0 0 0 0 0 0 0 3 3
3 3 3 3 3 0 3 3 3 3 3
16:50:12.935614 - stdout  :: 0 0
16:50:12.942489 - stdin   :: 1 38 0 1
1 38
29 18
21 2
1 4
3 3 3 3 3 -1 3 3 3 3 3
3 3 -1 -1 -1 -1 -1 -1 -1 3 3
3 -1 -1 -1 -1 -1 -1 -1 -1 -1 3
3 -1 -1 -1 -1 -1 -1 -1 -1 -1 3
3 -1 -1 -1 -1 -1 -1 -1 -1 -1 3
0 0 0 0 0 0 0 0 0 0 0
3 -1 -1 -1 -1 -1 -1 -1 -1 -1 3
3 0 0 0 0 0 0 0 -1 -1 3
3 0 0 0 0 0 0 0 -1 -1 3
3 3 0 0 0 0 0 0 -1 3 3
3 3 3 3 3 0 3 3 3 3 3
16:50:12.942919 - stdout  :: 0 0
16:50:12.950184 - stdin   :: 1 39 0 1
1 39
31 18
18 1
1 3
3 3 3 3 3 -1 3 3 3 3 3
3 3 -1 -1 -1 -1 -1 -1 -1 3 3
3 -1 -1 -1 -1 -1 -1 -1 -1 -1 3
3 -1 -1 -1 -1 -1 -1 -1 -1 -1 3
3 -1 -1 -1 -1 -1 -1 -1 -1 -1 3
0 0 0 0 0 0 0 0 0 0 0
3 -1 -1 -1 -1 -1 -1 -1 -1 -1 3
3 0 0 0 0 0 0 -1 -1 -1 3
3 0 0 0 0 0 0 -1 -1 -1 3
3 3 0 0 0 0 0 -1 -1 3 3
3 3 3 3 3 0 3 3 3 3 3
16:50:12.950631 - stdout  :: 0 0
16:50:12.957697 - stdin   :: 1 40 0 1
1 40
33 18
18 1
1 2
3 3 3 3 3 -1 3 3 3 3 3
3 3 -1 -1 -1 -1 -1 -1 -1 3 3
3 -1 -1 -1 -1 -1 -1 -1 -1 -1 3
3 -1 -1 -1 -1 -1 -1 -1 -1 -1 3
3 -1 -1 -1 -1 -1 -1 -1 -1 -1 3
0 0 0 0 0 0 0 0 0 0 0
3 -1 -1 -1 -1 -1 -1 -1 -1 -1 3
3 0 0 0 0 0 -1 -1 -1 -1 3
3 0 0 0 0 0 -1 -1 -1 -1 3
3 3 0 0 0 0 -1 -1 -1 3 3
3 3 3 3 3 0 3 3 3 3 3
16:50:12.958110 - stdout  :: 0 0
16:50:12.962107 - stdin   :: 1 41 0 1
1 41
35 18
18 1
1 2
3 3 3 3 3 -1 3 3 3 3 3
3 3 -1 -1 -1 -1 -1 -1 -1 3 3
3 -1 -1 -1 -1 -1 -1 -1 -1 -1 3
3 -1 -1 -1 -1 -1 -1 -1 -1 -1 3
3 -1 -1 -1 -1 -1 -1 -1 -1 -1 3
0 0 0 0 0 0 0 0 0 0 0
3 -1 -1 -1 -1 -1 -1 -1 -1 -1 3
3 0 0 0 0 -1 -1 -1 -1 -1 3
3 0 0 0 0 -1 -1 -1 -1 -1 3
3 3 0 0 0 -1 -1 -1 -1 3 3
3 3 3 3 3 -1 3 3 3 3 3
16:50:12.962519 - stdout  :: 0 0
16:50:12.964445 - stdin   :: 1 42 0 1
1 42
37 18
18 1
1 2
3 3 3 3 3 -1 3 3 3 3 3
3 3 -1 -1 -1 -1 -1 -1 -1 3 3
3 -1 -1 -1 -1 -1 -1 -1 -1 -1 3
3 -1 -1 -1 -1 -1 -1 -1 -1 -1 3
3 -1 -1 -1 -1 -1 -1 -1 -1 -1 3
0 0 0 0 0 0 0 0 0 0 0
3 -1 -1 -1 -1 -1 -1 -1 -1 -1 3
3 0 0 0 -1 -1 -1 -1 -1 -1 3
3 0 0 0 -1 -1 -1 -1 -1 -1 3
3 3 0 0 -1 -1 -1 -1 -1 3 3
3 3 3 3 3 -1 3 3 3 3 3
16:50:12.964809 - stdout  :: 0 0
16:50:12.966719 - stdin   :: 1 43 0 1
1 43
37 18
18 1
1 2
3 3 3 3 3 -1 3 3 3 3 3
3 3 -1 -1 -1 -1 -1 -1 -1 3 3
3 -1 -1 -1 -1 -1 -1 -1 -1 -1 3
3 -1 -1 -1 -1 -1 -1 -1 -1 -1 3
3 -1 -1 -1 -1 -1 -1 -1 -1 -1 3
0 0 0 0 0 0 0 0 0 0 0
3 -1 -1 -1 -1 -1 -1 -1 -1 -1 3
3 0 0 -1 -1 -1 -1 -1 -1 -1 3
3 0 0 -1 -1 -1 -1 -1 -1 -1 3
3 3 0 -1 -1 -1 -1 -1 -1 3 3
3 3 3 3 3 -1 3 3 3 3 3
16:50:12.967038 - stdout  :: 0 0
16:50:12.967733 - stdin   :: 1 44 0 1
1 44
37 18
18 1
1 2
3 3 3 3 3 -1 3 3 3 3 3
3 3 -1 -1 -1 -1 -1 -1 -1 3 3
3 -1 -1 -1 -1 -1 -1 -1 -1 -1 3
3 -1 -1 -1 -1 -1 -1 -1 -1 -1 3
3 -1 -1 -1 -1 -1 -1 -1 -1 -1 3
0 0 0 0 0 0 0 0 0 0 0
3 -1 -1 -1 -1 -1 -1 -1 -1 -1 3
3 0 -1 -1 -1 -1 -1 -1 -1 -1 3
3 0 -1 -1 -1 -1 -1 -1 -1 -1 3
3 3 -1 -1 -1 -1 -1 -1 -1 3 3
3 3 3 3 3 -1 3 3 3 3 3
16:50:12.968033 - stdout  :: 0 0
16:50:12.968717 - stdin   :: 1 45 0 1
1 45
37 18
18 1
1 2
3 3 3 3 3 -1 3 3 3 3 3
3 3 -1 -1 -1 -1 -1 -1 -1 3 3
3 -1 -1 -1 -1 -1 -1 -1 -1 -1 3
3 -1 -1 -1 -1 -1 -1 -1 -1 -1 3
3 -1 -1 -1 -1 -1 -1 -1 -1 -1 3
0 0 0 0 0 0 0 0 0 0 0
3 -1 -1 -1 -1 -1 -1 -1 -1 -1 3
3 -1 -1 -1 -1 -1 -1 -1 -1 -1 3
3 -1 -1 -1 -1 -1 -1 -1 -1 -1 3
3 3 -1 -1 -1 -1 -1 -1 -1 3 3
3 3 3 3 3 -1 3 3 3 3 3
16:50:12.969014 - stdout  :: 0 0
16:50:12.972805 - stdin   :: 1 46 0 1
1 46
37 18
19 1
1 2
3 3 3 3 3 -1 3 3 3 3 3
3 3 -1 -1 -1 -1 -1 -1 -1 3 3
3 -1 -1 -1 -1 -1 -1 -1 -1 -1 3
3 -1 -1 -1 -1 -1 -1 -1 -1 -1 3
3 -1 -1 -1 -1 -1 -1 -1 -1 -1 3
0 0 0 0 0 0 0 0 0 0 0
3 -1 -1 -1 -1 -1 -1 -1 -1 -1 3
3 -1 -1 -1 -1 -1 -1 -1 -1 -1 3
3 -1 -1 -1 -1 -1 -1 -1 -1 -1 3
3 3 -1 -1 -1 -1 -1 -1 -1 3 3
3 3 3 3 3 -1 3 3 3 3 3
16:50:12.973122 - stdout  :: 0 0
16:50:12.978581 - stdin   :: 1 47 0 1
1 47
37 18
19 2
1 3
3 3 3 3 3 -1 3 3 3 3 3
3 3 -1 -1 -1 -1 -1 -1 -1 3 3
3 -1 -1 -1 -1 -1 -1 -1 -1 -1 3
3 -1 -1 -1 -1 -1 -1 -1 -1 -1 3
3 -1 -1 -1 -1 -1 -1 -1 -1 -1 3
0 0 0 0 0 0 0 0 0 0 0
3 -1 -1 -1 -1 -1 -1 -1 -1 -1 3
3 -1 -1 -1 -1 -1 -1 -1 -1 -1 3
3 -1 -1 -1 -1 -1 -1 -1 -1 -1 3
3 3 -1 -1 -1 -1 -1 -1 -1 3 3
3 3 3 3 3 -1 3 3 3 3 3
16:50:12.978952 - stdout  :: 0 0
16:50:12.984306 - stdin   :: 1 48 0 1
1 48
37 18
19 3
1 5
3 3 3 3 3 -1 3 3 3 3 3
3 3 -1 -1 -1 -1 -1 -1 -1 3 3
3 -1 -1 -1 -1 -1 -1 -1 -1 -1 3
3 -1 -1 -1 -1 -1 -1 -1 -1 -1 3
3 -1 -1 -1 -1 -1 -1 -1 -1 -1 3
0 0 0 0 0 0 0 0 0 0 0
3 -1 -1 -1 -1 -1 -1 -1 -1 -1 3
3 -1 -1 -1 -1 -1 -1 -1 -1 -1 3
3 -1 -1 -1 -1 -1 -1 -1 -1 -1 3
3 3 -1 -1 -1 -1 -1 -1 -1 3 3
3 3 3 3 3 -1 3 3 3 3 3
16:50:12.984679 - stdout  :: 0 0
16:50:12.991271 - stdin   :: 1 49 0 1
1 49
36 17
19 4
1 8
3 3 3 3 3 -1 3 3 3 3 3
3 3 -1 -1 -1 -1 -1 -1 -1 3 3
3 -1 -1 -1 -1 -1 -1 -1 -1 -1 3
3 -1 -1 -1 -1 -1 -1 -1 -1 -1 3
3 -1 -1 -1 -1 -1 -1 -1 -1 -1 3
0 0 0 0 0 0 0 0 0 0 0
3 -1 -1 -1 -1 -1 -1 -1 -1 -1 3
3 -1 -1 -1 -1 -1 -1 -1 -1 -1 3
3 -1 -1 -1 -1 -1 -1 -1 -1 -1 3
3 3 -1 -1 -1 -1 -1 -1 -1 3 3
3 3 3 3 3 -1 3 3 3 3 3
16:50:12.991627 - stdout  :: 0 0
16:50:12.999133 - stdin   :: 1 50 0 1
1 50
35 16
19 5
1 12
3 3 3 3 3 -1 3 3 3 3 3
3 3 -1 -1 -1 -1 -1 -1 -1 3 3
3 -1 -1 -1 -1 -1 -1 -1 -1 -1 3
3 -1 -1 -1 -1 -1 -1 -1 -1 -1 3
3 -1 -1 -1 -1 -1 -1 -1 -1 -1 3
0 0 0 0 0 0 0 0 0 0 0
3 -1 -1 -1 -1 -1 -1 -1 -1 -1 3
3 -1 -1 -1 -1 -1 -1 -1 -1 -1 3
3 -1 -1 -1 -1 -1 -1 -1 -1 -1 3
3 3 -1 -1 -1 -1 -1 -1 -1 3 3
3 3 3 3 3 -1 3 3 3 3 3
16:50:12.999536 - stdout  :: 0 0
16:50:13.006524 - stdin   :: 1 51 0 1
1 51
34 15
19 6
1 16
3 3 3 3 3 -1 3 3 3 3 3
3 3 -1 -1 -1 -1 -1 -1 -1 3 3
3 -1 -1 -1 -1 -1 -1 -1 -1 -1 3
3 -1 -1 -1 -1 -1 -1 -1 -1 -1 3
3 -1 -1 -1 -1 -1 -1 -1 -1 -1 3
0 0 0 0 0 0 0 0 0 0 0
3 -1 -1 -1 -1 -1 -1 -1 -1 -1 3
3 -1 -1 -1 -1 -1 -1 -1 -1 -1 3
3 -1 -1 -1 -1 -1 -1 -1 -1 -1 3
3 3 -1 -1 -1 -1 -1 -1 -1 3 3
3 3 3 3 3 -1 3 3 3 3 3
16:50:13.006943 - stdout  :: 0 0
16:50:13.013779 - stdin   :: 1 52 0 1
1 52
33 14
19 7
1 16
3 3 3 3 3 -1 3 3 3 3 3
3 3 -1 -1 -1 -1 -1 -1 -1 3 3
3 -1 -1 -1 -1 -1 -1 -1 -1 -1 3
3 -1 -1 -1 -1 -1 -1 -1 -1 -1 3
3 -1 -1 -1 -1 -1 -1 -1 -1 -1 3
0 0 0 0 0 0 0 0 0 0 0
3 -1 -1 -1 -1 -1 -1 -1 -1 -1 3
3 -1 -1 -1 -1 -1 -1 -1 -1 -1 3
3 -1 -1 -1 -1 -1 -1 -1 -1 -1 3
3 3 -1 -1 -1 -1 -1 -1 -1 3 3
3 3 3 3 3 -1 3 3 3 3 3
16:50:13.014139 - stdout  :: 0 0
16:50:13.019176 - stdin   :: 1 53 0 1
1 53
31 12
19 8
1 16
3 3 3 3 3 -1 3 3 3 3 3
3 3 -1 -1 -1 -1 -1 -1 -1 3 3
3 -1 -1 -1 -1 -1 -1 -1 -1 -1 3
3 -1 -1 -1 -1 -1 -1 -1 -1 -1 3
3 -1 -1 -1 -1 -1 -1 -1 -1 -1 3
0 0 0 0 0 0 0 0 0 0 -1
3 -1 -1 -1 -1 -1 -1 -1 -1 0 3
3 -1 -1 -1 -1 -1 -1 -1 -1 0 3
3 -1 -1 -1 -1 -1 -1 -1 -1 0 3
3 3 -1 -1 -1 -1 -1 -1 -1 3 3
3 3 3 3 3 -1 3 3 3 3 3
16:50:13.019512 - stdout  :: 0 0
16:50:13.025034 - stdin   :: 1 54 0 1
1 54
29 10
19 9
1 16
3 3 3 3 3 -1 3 3 3 3 3
3 3 -1 -1 -1 -1 -1 -1 -1 3 3
3 -1 -1 -1 -1 -1 -1 -1 -1 -1 3
3 -1 -1 -1 -1 -1 -1 -1 -1 -1 3
3 -1 -1 -1 -1 -1 -1 -1 -1 -1 3
0 0 0 0 0 0 0 0 0 -1 -1
3 -1 -1 -1 -1 -1 -1 -1 0 -1 3
3 -1 -1 -1 -1 -1 -1 -1 0 -1 3
3 -1 -1 -1 -1 -1 -1 -1 0 -1 3
3 3 -1 -1 -1 -1 -1 -1 0 3 3
3 3 3 3 3 -1 3 3 3 3 3
16:50:13.025417 - stdout  :: 0 0
16:50:13.031145 - stdin   :: 1 55 0 1
1 55
27 8
19 10
1 16
3 3 3 3 3 -1 3 3 3 3 3
3 3 -1 -1 -1 -1 -1 -1 -1 3 3
3 -1 -1 -1 -1 -1 -1 -1 -1 -1 3
3 -1 -1 -1 -1 -1 -1 -1 -1 -1 3
3 -1 -1 -1 -1 -1 -1 -1 -1 -1 3
0 0 0 0 0 0 0 0 -1 -1 -1
3 -1 -1 -1 -1 -1 -1 0 -1 -1 3
3 -1 -1 -1 -1 -1 -1 0 -1 -1 3
3 -1 -1 -1 -1 -1 -1 0 -1 -1 3
3 3 -1 -1 -1 -1 -1 0 -1 3 3
3 3 3 3 3 -1 3 3 3 3 3
16:50:13.031506 - stdout  :: 0 0
16:50:13.036964 - stdin   :: 1 56 0 1
1 56
25 6
19 11
1 16
3 3 3 3 3 -1 3 3 3 3 3
3 3 -1 -1 -1 -1 -1 -1 -1 3 3
3 -1 -1 -1 -1 -1 -1 -1 -1 -1 3
3 -1 -1 -1 -1 -1 -1 -1 -1 -1 3
3 -1 -1 -1 -1 -1 -1 -1 -1 -1 3
0 0 0 0 0 0 0 -1 -1 -1 -1
3 -1 -1 -1 -1 -1 0 -1 -1 -1 3
3 -1 -1 -1 -1 -1 0 -1 -1 -1 3
3 -1 -1 -1 -1 -1 0 -1 -1 -1 3
3 3 -1 -1 -1 -1 0 -1 -1 3 3
3 3 3 3 3 -1 3 3 3 3 3
16:50:13.037310 - stdout  :: 1 0
16:50:13.042633 - stdin   :: 2 57 1 1
2 57
23 4
19 12
1 16
3 3 3 3 3 -1 3 3 3 3 3
3 3 -1 -1 -1 -1 -1 -1 -1 3 3
3 -1 -1 -1 -1 -1 -1 -1 -1 -1 3
3 -1 -1 -1 -1 -1 -1 -1 -1 -1 3
3 0 0 0 0 0 -1 -1 -1 -1 3
-1 -1 -1 -1 -1 0 -1 -1 -1 -1 -1
3 -1 -1 -1 -1 0 -1 -1 -1 -1 3
3 -1 -1 -1 -1 0 -1 -1 -1 -1 3
3 -1 -1 -1 -1 0 -1 -1 -1 -1 3
3 3 -1 -1 -1 0 -1 -1 -1 3 3
3 3 3 3 3 0 3 3 3 3 3
16:50:13.042994 - stdout  :: 0 -1
16:50:13.050638 - stdin   :: 3 57 1 0
3 57
21 2
19 13
2 17
3 3 3 3 3 -1 3 3 3 3 3
3 3 -1 -1 -1 -1 -1 -1 -1 3 3
3 -1 -1 -1 -1 -1 -1 -1 -1 -1 3
3 0 0 0 0 0 -1 -1 -1 -1 3
3 -1 -1 -1 -1 0 -1 -1 -1 -1 3
-1 -1 -1 -1 -1 0 -1 -1 -1 -1 -1
3 -1 -1 -1 -1 0 -1 -1 -1 -1 3
3 -1 -1 -1 -1 0 -1 -1 -1 -1 3
3 -1 -1 -1 -1 0 -1 -1 -1 -1 3
3 3 -1 -1 -1 0 -1 -1 -1 3 3
3 3 3 3 3 0 3 3 3 3 3
16:50:13.051004 - stdout  :: 0 0
16:50:13.058676 - stdin   :: 4 57 1 0
4 57
20 1
19 14
3 18
3 3 3 3 3 -1 3 3 3 3 3
3 3 -1 -1 -1 -1 -1 -1 -1 3 3
3 0 0 0 0 0 -1 -1 -1 -1 3
3 -1 -1 -1 -1 0 -1 -1 -1 -1 3
3 -1 -1 -1 -1 0 -1 -1 -1 -1 3
-1 -1 -1 -1 -1 0 -1 -1 -1 -1 -1
3 -1 -1 -1 -1 0 -1 -1 -1 -1 3
3 -1 -1 -1 -1 0 -1 -1 -1 -1 3
3 -1 -1 -1 -1 0 -1 -1 -1 -1 3
3 3 -1 -1 -1 0 -1 -1 -1 3 3
3 3 3 3 3 0 3 3 3 3 3
16:50:13.059124 - stdout  :: 0 0
16:50:13.067668 - stdin   :: 5 57 1 0
5 57
18 1
19 15
4 18
3 3 3 3 3 -1 3 3 3 3 3
3 3 0 0 0 0 -1 -1 -1 3 3
3 -1 -1 -1 -1 0 -1 -1 -1 -1 3
3 -1 -1 -1 -1 0 -1 -1 -1 -1 3
3 -1 -1 -1 -1 0 -1 -1 -1 -1 3
-1 -1 -1 -1 -1 0 -1 -1 -1 -1 -1
3 -1 -1 -1 -1 0 -1 -1 -1 -1 3
3 -1 -1 -1 -1 0 -1 -1 -1 -1 3
3 -1 -1 -1 -1 0 -1 -1 -1 -1 3
3 3 -1 -1 -1 0 -1 -1 -1 3 3
3 3 3 3 3 0 3 3 3 3 3
16:50:13.068081 - stdout  :: 0 0
16:50:13.075527 - stdin   :: 6 57 1 0
6 57
17 2
19 16
5 18
3 3 3 3 3 0 3 3 3 3 3
3 3 -1 -1 -1 0 -1 -1 -1 3 3
3 -1 -1 -1 -1 0 -1 -1 -1 -1 3
3 -1 -1 -1 -1 0 -1 -1 -1 -1 3
3 -1 -1 -1 -1 0 -1 -1 -1 -1 3
-1 -1 -1 -1 -1 0 -1 -1 -1 -1 -1
3 -1 -1 -1 -1 0 -1 -1 -1 -1 3
3 -1 -1 -1 -1 0 -1 -1 -1 -1 3
3 -1 -1 -1 -1 0 -1 -1 -1 -1 3
3 3 -1 -1 -1 0 -1 -1 -1 3 3
3 3 3 3 3 0 3 3 3 3 3
16:50:13.075911 - stdout  :: 0 0
16:50:13.083097 - stdin   :: 7 57 1 0
7 57
16 3
19 17
6 18
3 3 3 3 3 0 3 3 3 3 3
3 3 -1 -1 -1 0 -1 -1 -1 3 3
3 -1 -1 -1 -1 0 -1 -1 -1 -1 3
3 -1 -1 -1 -1 0 -1 -1 -1 -1 3
3 -1 -1 -1 -1 0 -1 -1 -1 -1 3
-1 -1 -1 -1 -1 0 -1 -1 -1 -1 -1
3 -1 -1 -1 -1 0 -1 -1 -1 -1 3
3 -1 -1 -1 -1 0 -1 -1 -1 -1 3
3 -1 -1 -1 -1 0 -1 -1 -1 -1 3
3 3 -1 -1 -1 0 -1 -1 -1 3 3
3 3 3 3 3 0 3 3 3 3 3
16:50:13.083511 - stdout  :: 0 0
16:50:13.091007 - stdin   :: 8 57 1 0
8 57
15 4
19 18
7 18
3 3 3 3 3 0 3 3 3 3 3
3 3 -1 -1 -1 0 -1 -1 -1 3 3
3 -1 -1 -1 -1 0 -1 -1 -1 -1 3
3 -1 -1 -1 -1 0 -1 -1 -1 -1 3
3 -1 -1 -1 -1 0 -1 -1 -1 -1 3
-1 -1 -1 -1 -1 0 -1 -1 -1 -1 -1
3 -1 -1 -1 -1 0 -1 -1 -1 -1 3
3 -1 -1 -1 -1 0 -1 -1 -1 -1 3
3 -1 -1 -1 -1 0 -1 -1 -1 -1 3
3 3 -1 -1 -1 0 -1 -1 -1 3 3
3 3 3 3 3 0 3 3 3 3 3
16:50:13.091363 - stdout  :: 0 0
16:50:13.098647 - stdin   :: 9 57 1 0
9 57
14 5
19 19
8 18
3 3 3 3 3 0 3 3 3 3 3
3 3 -1 -1 -1 0 -1 -1 -1 3 3
3 -1 -1 -1 -1 0 -1 -1 -1 -1 3
3 -1 -1 -1 -1 0 -1 -1 -1 -1 3
3 -1 -1 -1 -1 0 -1 -1 -1 -1 3
-1 -1 -1 -1 -1 0 -1 -1 -1 -1 -1
3 -1 -1 -1 -1 0 -1 -1 -1 -1 3
3 -1 -1 -1 -1 0 -1 -1 -1 -1 3
3 -1 -1 -1 -1 0 -1 -1 -1 -1 3
3 3 -1 -1 -1 0 -1 -1 -1 3 3
3 3 3 3 3 0 3 3 3 3 3
16:50:13.099008 - stdout  :: 0 0
16:50:13.106329 - stdin   :: 10 57 1 0
10 57
13 6
19 20
9 18
3 3 3 3 3 0 3 3 3 3 3
3 3 -1 -1 -1 0 -1 -1 -1 3 3
3 -1 -1 -1 -1 0 -1 -1 -1 -1 3
3 -1 -1 -1 -1 0 -1 -1 -1 -1 3
3 -1 -1 -1 -1 0 -1 -1 -1 -1 3
-1 -1 -1 -1 -1 0 -1 -1 -1 -1 -1
3 -1 -1 -1 -1 0 -1 -1 -1 -1 3
3 -1 -1 -1 -1 0 -1 -1 -1 -1 3
3 -1 -1 -1 -1 0 -1 -1 -1 -1 3
3 3 -1 -1 -1 0 -1 -1 -1 3 3
3 3 3 3 3 0 3 3 3 3 3
16:50:13.106674 - stdout  :: 0 0
16:50:13.114121 - stdin   :: 11 57 1 0
11 57
12 7
18 20
10 18
3 3 3 3 3 0 3 3 3 3 3
3 3 -1 -1 -1 0 -1 -1 -1 3 3
3 -1 -1 -1 -1 0 -1 -1 -1 -1 3
3 -1 -1 -1 -1 0 -1 -1 -1 -1 3
3 -1 -1 -1 -1 0 -1 -1 -1 -1 3
-1 -1 -1 -1 -1 0 -1 -1 -1 -1 -1
3 -1 -1 -1 -1 0 -1 -1 -1 -1 3
3 -1 -1 -1 -1 0 -1 -1 -1 -1 3
3 -1 -1 -1 -1 0 -1 -1 -1 -1 3
3 3 -1 -1 -1 0 -1 -1 -1 3 3
3 3 3 3 3 0 3 3 3 3 3
16:50:13.114459 - stdout  :: 0 0
16:50:13.121725 - stdin   :: 12 57 1 0
12 57
11 8
17 20
11 18
3 3 3 3 3 0 3 3 3 3 3
3 3 -1 -1 -1 0 -1 -1 -1 3 3
3 -1 -1 -1 -1 0 -1 -1 -1 -1 3
3 -1 -1 -1 -1 0 -1 -1 -1 -1 3
3 -1 -1 -1 -1 0 -1 -1 -1 -1 3
-1 -1 -1 -1 -1 0 -1 -1 -1 -1 -1
3 -1 -1 -1 -1 0 -1 -1 -1 -1 3
3 -1 -1 -1 -1 0 -1 -1 -1 -1 3
3 -1 -1 -1 -1 0 -1 -1 -1 -1 3
3 3 -1 -1 -1 0 -1 -1 -1 3 3
3 3 3 3 3 0 3 3 3 3 3
16:50:13.122089 - stdout  :: 0 0
16:50:13.129555 - stdin   :: 13 57 1 0
13 57
10 9
16 20
12 18
3 3 3 3 3 0 3 3 3 3 3
3 3 -1 -1 -1 0 -1 -1 -1 3 3
3 -1 -1 -1 -1 0 -1 -1 -1 -1 3
3 -1 -1 -1 -1 0 -1 -1 -1 -1 3
3 -1 -1 -1 -1 0 -1 -1 -1 -1 3
-1 -1 -1 -1 -1 0 -1 -1 -1 -1 -1
3 -1 -1 -1 -1 0 -1 -1 -1 -1 3
3 -1 -1 -1 -1 0 -1 -1 -1 -1 3
3 -1 -1 -1 -1 0 -1 -1 -1 -1 3
3 3 0 -1 -1 0 -1 -1 -1 3 3
3 3 3 3 3 0 3 3 3 3 3
16:50:13.129899 - stdout  :: 0 0
16:50:13.137180 - stdin   :: 14 57 1 0
14 57
9 10
15 20
13 18
3 3 3 3 3 0 3 3 3 3 3
3 3 -1 -1 -1 0 -1 -1 -1 3 3
3 -1 -1 -1 -1 0 -1 -1 -1 -1 3
3 -1 -1 -1 -1 0 -1 -1 -1 -1 3
3 -1 -1 -1 -1 0 -1 -1 -1 -1 3
-1 -1 -1 -1 -1 0 -1 -1 -1 -1 -1
3 -1 -1 -1 -1 0 -1 -1 -1 -1 3
3 -1 -1 -1 -1 0 -1 -1 -1 -1 3
3 0 0 -1 -1 0 -1 -1 -1 -1 3
3 3 0 -1 -1 0 -1 -1 -1 3 3
3 3 3 3 3 0 3 3 3 3 3
16:50:13.137508 - stdout  :: 0 0
16:50:13.144828 - stdin   :: 15 57 1 0
15 57
8 11
14 20
14 18
3 3 3 3 3 0 3 3 3 3 3
3 3 -1 -1 -1 0 -1 -1 -1 3 3
3 -1 -1 -1 -1 0 -1 -1 -1 -1 3
3 -1 -1 -1 -1 0 -1 -1 -1 -1 3
3 -1 -1 -1 -1 0 -1 -1 -1 -1 3
-1 -1 -1 -1 -1 0 -1 -1 -1 -1 -1
3 -1 -1 -1 -1 0 -1 -1 -1 -1 3
3 0 0 -1 -1 0 -1 -1 -1 -1 3
3 -1 0 -1 -1 0 -1 -1 -1 -1 3
3 3 0 0 0 0 -1 -1 -1 3 3
3 3 3 3 3 0 3 3 3 3 3
16:50:13.146455 - stdout  :: 0 0
16:50:13.154761 - stdin   :: 16 57 1 0
16 57
7 12
13 20
15 18
3 3 3 3 3 0 3 3 3 3 3
3 3 -1 -1 -1 0 -1 -1 -1 3 3
3 -1 -1 -1 -1 0 -1 -1 -1 -1 3
3 -1 -1 -1 -1 0 -1 -1 -1 -1 3
3 -1 -1 -1 -1 0 -1 -1 -1 -1 3
-1 -1 -1 -1 -1 0 -1 -1 -1 -1 -1
3 0 0 -1 -1 0 -1 -1 -1 -1 3
3 -1 0 -1 -1 0 -1 -1 -1 -1 3
3 -1 0 0 0 0 -1 -1 -1 -1 3
3 3 0 -1 -1 0 -1 -1 -1 3 3
3 3 3 3 3 0 3 3 3 3 3
16:50:13.155161 - stdout  :: 0 0
16:50:13.163616 - stdin   :: 17 57 1 0
17 57
6 13
12 20
16 18
3 3 3 3 3 0 3 3 3 3 3
3 3 -1 -1 -1 0 -1 -1 -1 3 3
3 -1 -1 -1 -1 0 -1 -1 -1 -1 3
3 -1 -1 -1 -1 0 -1 -1 -1 -1 3
3 -1 -1 -1 -1 0 -1 -1 -1 -1 3
0 0 0 -1 -1 0 -1 -1 -1 -1 -1
3 -1 0 -1 -1 0 -1 -1 -1 -1 3
3 -1 0 0 0 0 -1 -1 -1 -1 3
3 -1 0 -1 -1 0 -1 -1 -1 -1 3
3 3 0 -1 -1 0 -1 -1 -1 3 3
3 3 3 3 3 0 3 3 3 3 3
16:50:13.164571 - stdout  :: 0 0
16:50:13.173382 - stdin   :: 18 57 1 0
18 57
5 14
11 20
17 18
3 3 3 3 3 0 3 3 3 3 3
3 3 -1 -1 -1 0 -1 -1 -1 3 3
3 -1 -1 -1 -1 0 -1 -1 -1 -1 3
3 -1 -1 -1 -1 0 -1 -1 -1 -1 3
3 0 0 -1 -1 0 -1 -1 -1 -1 3
0 -1 0 -1 -1 0 -1 -1 -1 -1 -1
3 -1 0 0 0 0 -1 -1 -1 -1 3
3 -1 0 -1 -1 0 -1 -1 -1 -1 3
3 0 0 -1 -1 0 -1 -1 -1 -1 3
3 3 -1 -1 -1 0 -1 -1 -1 3 3
3 3 3 3 3 0 3 3 3 3 3
16:50:13.173784 - stdout  :: 0 -1
16:50:13.181851 - stdin   :: 19 56 1 -1
19 56
4 15
10 20
17 18
3 3 3 3 3 -1 3 3 3 3 3
3 3 -1 -1 -1 -1 0 -1 -1 3 3
3 -1 -1 -1 -1 -1 0 -1 -1 -1 3
3 0 0 0 -1 -1 0 -1 -1 -1 3
3 0 -1 0 -1 -1 0 -1 -1 -1 3
0 0 -1 0 0 0 0 -1 -1 -1 -1
3 0 -1 0 -1 -1 0 -1 -1 -1 3
3 0 0 0 -1 -1 0 -1 -1 -1 3
3 -1 -1 -1 -1 -1 0 -1 -1 -1 3
3 3 -1 -1 -1 -1 0 -1 -1 3 3
3 3 3 3 3 -1 3 3 3 3 3
16:50:13.182247 - stdout  :: -1 0
16:50:13.188540 - stdin   :: 19 55 0 -1
19 55
3 16
9 20
17 18
3 3 3 3 3 -1 3 3 3 3 3
3 3 -1 -1 -1 -1 -1 0 -1 3 3
3 -1 -1 -1 -1 -1 -1 0 -1 -1 3
3 -1 0 0 0 -1 -1 0 -1 -1 3
3 -1 0 -1 0 -1 -1 0 -1 -1 3
0 0 0 -1 0 0 0 0 -1 -1 -1
3 -1 0 -1 0 -1 -1 0 -1 -1 3
3 -1 0 0 0 -1 -1 0 -1 -1 3
3 -1 -1 -1 -1 -1 -1 0 -1 -1 3
3 3 -1 -1 -1 -1 -1 0 -1 3 3
3 3 3 3 3 -1 3 3 3 3 3
16:50:13.188921 - stdout  :: -1 0
16:50:13.195068 - stdin   :: 18 54 -1 -1
18 54
2 17
8 20
17 18
3 3 3 3 3 -1 3 3 3 3 3
3 3 -1 -1 -1 -1 -1 -1 0 3 3
3 -1 -1 -1 -1 -1 -1 -1 0 -1 3
3 -1 -1 -1 -1 -1 -1 -1 0 -1 3
3 0 -1 0 0 0 -1 -1 0 -1 3
-1 0 -1 0 -1 0 -1 -1 0 -1 -1
3 0 0 0 -1 0 0 0 0 -1 3
3 0 -1 0 -1 0 -1 -1 0 -1 3
3 0 -1 0 0 0 -1 -1 0 -1 3
3 3 -1 -1 -1 -1 -1 -1 0 3 3
3 3 3 3 3 -1 3 3 3 3 3
16:50:13.195515 - stdout  :: 0 0
16:50:13.201735 - stdin   :: 17 53 -1 -1
17 53
1 18
7 20
17 18
3 3 3 3 3 -1 3 3 3 3 3
3 3 -1 -1 -1 -1 -1 -1 -1 3 3
3 -1 -1 -1 -1 -1 -1 -1 -1 0 3
3 -1 -1 -1 -1 -1 -1 -1 -1 0 3
3 -1 -1 -1 -1 -1 -1 -1 -1 0 3
0 0 0 -1 0 0 0 -1 -1 0 -1
3 -1 0 -1 0 -1 0 -1 -1 0 3
3 -1 0 0 0 -1 0 0 0 0 3
3 -1 0 -1 0 -1 0 -1 -1 0 3
3 3 0 -1 0 0 0 -1 -1 3 3
3 3 3 3 3 -1 3 3 3 3 3
16:50:13.202111 - stdout  :: 1 0
16:50:13.208453 - stdin   :: 17 52 0 -1
17 52
1 18
6 20
17 18
3 3 3 3 3 -1 3 3 3 3 3
3 3 -1 -1 -1 -1 -1 -1 -1 3 3
3 -1 -1 -1 -1 -1 -1 -1 -1 -1 3
3 -1 -1 -1 -1 -1 -1 -1 -1 -1 3
3 -1 -1 -1 -1 -1 -1 -1 -1 -1 3
-1 0 0 0 -1 0 0 0 -1 -1 0
3 0 -1 0 -1 0 -1 0 -1 -1 3
3 0 -1 0 0 0 -1 0 0 0 3
3 0 -1 0 -1 0 -1 0 -1 -1 3
3 3 -1 0 -1 0 0 0 -1 3 3
3 3 3 3 3 -1 3 3 3 3 3
16:50:13.208826 - stdout  :: 1 1
16:50:13.215269 - stdin   :: 18 52 1 0
18 52
1 17
5 20
17 18
3 3 3 3 3 -1 3 3 3 3 3
3 3 -1 -1 -1 -1 -1 -1 -1 3 3
3 -1 -1 -1 -1 -1 -1 -1 -1 -1 3
3 -1 -1 -1 -1 -1 -1 -1 -1 -1 3
3 0 0 0 -1 0 0 0 -1 -1 3
-1 0 -1 0 -1 0 -1 0 -1 -1 0
3 0 -1 0 0 0 -1 0 0 0 3
3 0 -1 0 -1 0 -1 0 -1 -1 3
3 0 -1 0 -1 0 0 0 -1 -1 3
3 3 0 0 -1 -1 -1 -1 -1 3 3
3 3 3 3 3 -1 3 3 3 3 3
16:50:13.215688 - stdout  :: 0 -1
16:50:13.223757 - stdin   :: 19 51 1 -1
19 51
1 16
4 20
16 18
3 3 3 3 3 -1 3 3 3 3 3
3 3 -1 -1 -1 -1 -1 -1 -1 3 3
3 -1 -1 -1 -1 -1 -1 -1 -1 -1 3
3 -1 0 0 0 -1 0 0 0 -1 3
3 -1 0 -1 0 -1 0 -1 0 -1 3
0 -1 0 -1 0 0 0 -1 0 0 0
3 0 0 -1 0 -1 0 -1 0 -1 3
3 -1 0 -1 0 -1 0 0 0 -1 3
3 -1 0 0 0 -1 -1 -1 -1 -1 3
3 3 0 -1 -1 -1 -1 -1 -1 3 3
3 3 3 3 3 -1 3 3 3 3 3
16:50:13.224163 - stdout  :: 0 0
16:50:13.233034 - stdin   :: 20 50 1 -1
20 50
1 15
3 20
14 18
3 3 3 3 3 -1 3 3 3 3 3
3 3 -1 -1 -1 -1 -1 -1 -1 3 3
3 0 -1 0 0 0 -1 0 0 0 3
3 0 -1 0 -1 0 -1 0 -1 0 3
3 0 -1 0 -1 0 0 0 -1 0 3
0 0 0 0 -1 0 -1 0 -1 0 -1
3 0 -1 0 -1 0 -1 0 0 0 3
3 0 -1 0 0 0 -1 -1 -1 -1 3
3 0 -1 0 -1 -1 -1 -1 -1 -1 3
3 3 -1 0 -1 -1 -1 -1 -1 3 3
3 3 3 3 3 -1 3 3 3 3 3
16:50:13.233448 - stdout  :: 0 1
16:50:13.241574 - stdin   :: 21 50 1 0
21 50
1 14
2 20
11 18
3 3 3 3 3 -1 3 3 3 3 3
3 3 -1 0 0 0 -1 0 0 3 3
3 0 -1 0 -1 0 -1 0 -1 0 3
3 0 -1 0 -1 0 0 0 -1 0 3
3 0 0 0 -1 0 -1 0 -1 0 3
0 0 -1 0 -1 0 -1 0 0 0 -1
3 0 -1 0 0 0 -1 -1 -1 -1 3
3 0 -1 0 -1 -1 -1 -1 -1 -1 3
3 0 -1 0 -1 -1 -1 -1 -1 -1 3
3 3 0 -1 -1 -1 -1 -1 -1 3 3
3 3 3 3 3 -1 3 3 3 3 3
16:50:13.242069 - stdout  :: 0 -1
16:50:13.249935 - stdin   :: 22 49 1 -1
22 49
1 13
1 20
7 18
3 3 3 3 3 0 3 3 3 3 3
3 3 0 -1 0 -1 0 -1 0 3 3
3 0 0 -1 0 -1 0 0 0 -1 3
3 0 0 0 0 -1 0 -1 0 -1 3
3 0 0 -1 0 -1 0 -1 0 0 3
0 0 0 -1 0 0 0 -1 -1 -1 -1
3 0 0 -1 0 -1 -1 -1 -1 -1 3
3 0 0 -1 0 -1 -1 -1 -1 -1 3
3 0 0 0 -1 -1 -1 -1 -1 -1 3
3 3 0 -1 -1 -1 -1 -1 -1 3 3
3 3 3 3 3 -1 3 3 3 3 3
16:50:13.250292 - stdout  :: -1 0
16:50:13.258464 - stdin   :: 22 48 0 -1
22 48
1 12
1 21
3 18
3 3 3 3 3 0 3 3 3 3 3
3 3 0 0 -1 0 -1 0 -1 3 3
3 0 0 0 -1 0 -1 0 0 0 3
3 0 0 0 0 0 -1 0 -1 0 3
3 0 0 0 -1 0 -1 0 -1 0 3
0 0 0 0 -1 0 0 0 -1 -1 -1
3 0 0 0 -1 0 -1 -1 -1 -1 3
3 0 0 0 -1 0 -1 -1 -1 -1 3
3 0 0 0 0 -1 -1 -1 -1 -1 3
3 3 0 0 -1 -1 -1 -1 -1 3 3
3 3 3 3 3 -1 3 3 3 3 3
16:50:13.258837 - stdout  :: -1 1
16:50:13.266768 - stdin   :: 21 48 -1 0
21 48
1 11
1 22
3 18
3 3 3 3 3 -1 3 3 3 3 3
3 3 -1 0 -1 0 0 0 -1 3 3
3 -1 0 0 -1 0 -1 0 -1 0 3
3 0 0 0 -1 0 -1 0 0 0 3
3 0 0 0 0 0 -1 0 -1 0 3
0 0 0 0 -1 0 -1 0 -1 0 0
3 0 0 0 -1 0 0 0 -1 -1 3
3 0 0 0 -1 0 -1 -1 -1 -1 3
3 0 0 0 -1 0 -1 -1 -1 -1 3
3 3 0 0 0 -1 -1 -1 -1 3 3
3 3 3 3 3 -1 3 3 3 3 3
16:50:13.267125 - stdout  :: 0 -1
16:50:13.273507 - stdin   :: 20 47 -1 -1
20 47
1 10
1 23
3 18
3 3 3 3 3 -1 3 3 3 3 3
3 3 -1 -1 -1 -1 -1 -1 -1 3 3
3 -1 -1 -1 0 -1 0 0 0 -1 3
3 -1 -1 0 0 -1 0 -1 0 -1 3
3 -1 0 0 0 -1 0 -1 0 0 3
-1 0 0 0 0 0 0 -1 0 -1 0
3 0 0 0 0 -1 0 -1 0 -1 3
3 0 0 0 0 -1 0 0 0 -1 3
3 0 0 0 0 -1 0 -1 -1 -1 3
3 3 0 0 0 -1 0 -1 -1 3 3
3 3 3 3 3 0 3 3 3 3 3
16:50:13.273912 - stdout  :: 1 0
16:50:13.280638 - stdin   :: 20 46 0 -1
20 46
1 9
1 24
3 18
3 3 3 3 3 -1 3 3 3 3 3
3 3 -1 -1 -1 -1 -1 -1 -1 3 3
3 -1 -1 -1 -1 0 -1 0 0 0 3
3 -1 -1 -1 0 0 -1 0 -1 0 3
3 -1 -1 0 0 0 -1 0 -1 0 3
-1 -1 0 0 0 0 0 0 -1 0 -1
3 -1 0 0 0 0 -1 0 -1 0 3
3 0 0 0 0 0 -1 0 0 0 3
3 0 0 0 0 0 -1 0 -1 -1 3
3 3 0 0 0 0 -1 0 -1 3 3
3 3 3 3 3 0 3 3 3 3 3
16:50:13.281300 - stdout  :: 1 0
16:50:13.288219 - stdin   :: 21 45 1 -1
21 45
1 8
1 25
3 18
3 3 3 3 3 -1 3 3 3 3 3
3 3 -1 -1 -1 -1 0 -1 0 3 3
3 -1 -1 -1 -1 0 0 -1 0 -1 3
3 -1 -1 -1 0 0 0 -1 0 -1 3
3 -1 -1 0 0 0 0 0 0 -1 3
-1 -1 -1 0 0 0 0 -1 0 -1 0
3 -1 0 0 0 0 0 -1 0 0 3
3 -1 0 0 0 0 0 -1 0 -1 3
3 0 0 0 0 0 0 -1 0 -1 3
3 3 0 0 0 0 0 0 -1 3 3
3 3 3 3 3 0 3 3 3 3 3
16:50:13.288648 - stdout  :: 0 0
16:50:13.295285 - stdin   :: 22 44 1 -1
22 44
1 7
1 26
3 18
3 3 3 3 3 -1 3 3 3 3 3
3 3 -1 -1 -1 -1 0 0 -1 3 3
3 -1 -1 -1 -1 0 0 0 -1 0 3
3 -1 -1 -1 0 0 0 0 0 0 3
3 -1 -1 -1 0 0 0 0 -1 0 3
-1 -1 -1 0 0 0 0 0 -1 0 0
3 -1 -1 0 0 0 0 0 -1 0 3
3 -1 0 0 0 0 0 0 -1 0 3
3 -1 0 0 0 0 0 0 0 -1 3
3 3 0 0 0 0 0 0 -1 3 3
3 3 3 3 3 0 3 3 3 3 3
16:50:13.295889 - stdout  :: 0 0
16:50:13.302783 - stdin   :: 23 43 1 -1
23 43
1 6
1 27
3 18
3 3 3 3 3 -1 3 3 3 3 3
3 3 -1 -1 -1 -1 0 0 0 3 3
3 -1 -1 -1 -1 0 0 0 0 0 3
3 -1 -1 -1 -1 0 0 0 0 -1 3
3 -1 -1 -1 0 0 0 0 0 -1 3
-1 -1 -1 -1 0 0 0 0 0 -1 0
3 -1 -1 0 0 0 0 0 0 -1 3
3 -1 -1 0 0 0 0 0 0 0 3
3 -1 -1 0 0 0 0 0 0 -1 3
3 3 -1 0 0 0 0 0 0 3 3
3 3 3 3 3 0 3 3 3 3 3
16:50:13.303249 - stdout  :: 0 1
16:50:13.312171 - stdin   :: 24 43 1 0
24 43
1 5
1 28
2 17
3 3 3 3 3 -1 3 3 3 3 3
3 3 -1 -1 -1 0 0 0 0 3 3
3 -1 -1 -1 -1 0 0 0 0 -1 3
3 -1 -1 -1 0 0 0 0 0 -1 3
3 -1 -1 -1 0 0 0 0 0 -1 3
-1 -1 -1 0 0 0 0 0 0 -1 0
3 -1 -1 0 0 0 0 0 0 0 3
3 -1 -1 0 0 0 0 0 0 -1 3
3 -1 -1 0 0 0 0 0 0 -1 3
3 3 0 0 0 0 0 0 0 3 3
3 3 3 3 3 0 3 3 3 3 3
16:50:13.312635 - stdout  :: 0 1
16:50:13.321291 - stdin   :: 25 44 1 1
25 44
1 4
1 29
1 16
3 3 3 3 3 0 3 3 3 3 3
3 3 -1 -1 0 0 0 0 -1 3 3
3 -1 -1 0 0 0 0 0 -1 0 3
3 -1 -1 0 0 0 0 0 -1 0 3
3 -1 0 0 0 0 0 0 -1 0 3
-1 -1 0 0 0 0 0 0 0 -1 -1
3 -1 0 0 0 0 0 0 -1 -1 3
3 -1 0 0 0 0 0 0 -1 -1 3
3 0 0 0 0 0 0 0 -1 -1 3
3 3 0 0 0 0 0 -1 -1 3 3
3 3 3 3 3 0 3 3 3 3 3
16:50:13.321749 - stdout  :: 0 -1
16:50:13.330704 - stdin   :: 26 44 1 0
26 44
1 3
1 30
1 14
3 3 3 3 3 0 3 3 3 3 3
3 3 -1 0 0 0 0 0 -1 3 3
3 -1 -1 0 0 0 0 0 -1 0 3
3 -1 0 0 0 0 0 0 -1 0 3
3 -1 0 0 0 0 0 0 0 -1 3
-1 -1 0 0 0 0 0 0 -1 -1 -1
3 -1 0 0 0 0 0 0 -1 -1 3
3 0 0 0 0 0 0 0 -1 -1 3
3 0 0 0 0 0 0 -1 -1 -1 3
3 3 0 0 0 0 0 -1 -1 3 3
3 3 3 3 3 0 3 3 3 3 3
16:50:13.331206 - stdout  :: 0 -1
16:50:13.339899 - stdin   :: 27 43 1 -1
27 43
1 2
1 31
1 12
3 3 3 3 3 0 3 3 3 3 3
3 3 -1 -1 0 0 0 0 0 3 3
3 -1 -1 0 0 0 0 0 0 -1 3
3 -1 -1 0 0 0 0 0 0 0 3
3 -1 -1 0 0 0 0 0 0 -1 3
-1 -1 -1 0 0 0 0 0 0 -1 -1
3 -1 0 0 0 0 0 0 0 -1 3
3 -1 0 0 0 0 0 0 -1 -1 3
3 0 0 0 0 0 0 0 -1 -1 3
3 3 0 0 0 0 0 0 -1 3 3
3 3 3 3 3 0 3 3 3 3 3
16:50:13.340385 - stdout  :: 0 0
16:50:13.349418 - stdin   :: 28 42 1 -1
28 42
1 2
1 32
1 11
3 3 3 3 3 0 3 3 3 3 3
3 3 -1 -1 0 0 0 0 0 3 3
3 -1 -1 -1 0 0 0 0 0 0 3
3 -1 -1 -1 0 0 0 0 0 0 3
3 -1 -1 -1 0 0 0 0 0 0 3
-1 -1 -1 0 0 0 0 0 0 0 -1
3 -1 -1 0 0 0 0 0 0 -1 3
3 -1 0 0 0 0 0 0 0 -1 3
3 0 0 0 0 0 0 0 0 -1 3
3 3 0 0 0 0 0 0 0 3 3
3 3 3 3 3 0 3 3 3 3 3
16:50:13.349883 - stdout  :: 0 0
16:50:13.358976 - stdin   :: 29 41 1 -1
29 41
1 3
1 33
1 10
3 3 3 3 3 0 3 3 3 3 3
3 3 -1 -1 -1 0 0 0 0 3 3
3 -1 -1 -1 -1 0 0 0 0 0 3
3 -1 -1 -1 -1 0 0 0 0 0 3
3 -1 -1 -1 0 0 0 0 0 0 3
0 -1 -1 -1 0 0 0 0 0 0 -1
3 -1 -1 0 0 0 0 0 0 0 3
3 0 0 0 0 0 0 0 0 0 3
3 0 0 0 0 0 0 0 0 0 3
3 3 0 0 0 0 0 0 0 3 3
3 3 3 3 3 0 3 3 3 3 3
16:50:13.359425 - stdout  :: 0 0
16:50:13.368467 - stdin   :: 30 40 1 -1
30 40
1 4
1 34
1 9
3 3 3 3 3 -1 3 3 3 3 3
3 3 -1 -1 -1 -1 0 0 0 3 3
3 -1 -1 -1 -1 -1 0 0 0 0 3
3 -1 -1 -1 -1 0 0 0 0 0 3
3 0 -1 -1 -1 0 0 0 0 0 3
0 0 -1 -1 0 0 0 0 0 0 0
3 0 0 0 0 0 0 0 0 0 3
3 0 0 0 0 0 0 0 0 0 3
3 0 0 0 0 0 0 0 0 0 3
3 3 0 0 0 0 0 0 0 3 3
3 3 3 3 3 0 3 3 3 3 3
16:50:13.368905 - stdout  :: 0 0
16:50:13.377545 - stdin   :: 31 39 1 -1
31 39
1 5
1 35
1 8
3 3 3 3 3 -1 3 3 3 3 3
3 3 -1 -1 -1 -1 -1 0 0 3 3
3 0 -1 -1 -1 -1 0 0 0 0 3
3 0 0 -1 -1 -1 0 0 0 0 3
3 0 0 -1 -1 0 0 0 0 0 3
0 0 0 0 0 0 0 0 0 0 0
3 0 0 0 0 0 0 0 0 0 3
3 0 0 0 0 0 0 0 0 0 3
3 0 0 0 0 0 0 0 0 0 3
3 3 0 0 0 0 0 0 0 3 3
3 3 3 3 3 0 3 3 3 3 3
16:50:13.378218 - stdout  :: 0 0
16:50:13.387108 - stdin   :: 32 38 1 -1
32 38
1 6
1 36
1 7
3 3 3 3 3 -1 3 3 3 3 3
3 3 0 -1 -1 -1 -1 0 0 3 3
3 0 0 0 -1 -1 -1 0 0 0 3
3 0 0 0 -1 -1 0 0 0 0 3
3 0 0 0 0 0 0 0 0 0 3
0 0 0 0 0 0 0 0 0 0 0
3 0 0 0 0 0 0 0 0 0 3
3 0 0 0 0 0 0 0 0 0 3
3 0 0 0 0 0 0 0 0 0 3
3 3 0 0 0 0 0 0 -1 3 3
3 3 3 3 3 -1 3 3 3 3 3
16:50:13.387515 - stdout  :: -1 0
16:50:13.398898 - stdin   :: 32 37 0 -1
32 37
1 8
1 37
1 6
3 3 3 3 3 -1 3 3 3 3 3
3 3 0 0 -1 -1 -1 -1 0 3 3
3 0 0 0 0 -1 -1 -1 0 0 3
3 0 0 0 0 -1 -1 0 0 0 3
3 0 0 0 0 0 0 0 0 0 3
0 0 0 0 0 0 0 0 0 0 0
3 0 0 0 0 0 0 0 0 0 3
3 0 0 0 0 0 0 0 0 0 3
3 0 0 0 0 0 0 0 0 0 3
3 3 0 0 0 0 0 0 0 3 3
3 3 3 3 3 -1 3 3 3 3 3
16:50:13.399384 - stdout  :: -1 0
16:50:13.410471 - stdin   :: 31 36 -1 -1
31 36
1 10
1 38
1 5
3 3 3 3 3 0 3 3 3 3 3
3 3 0 0 0 -1 -1 -1 -1 3 3
3 0 0 0 0 -1 -1 -1 -1 0 3
3 0 0 0 0 0 -1 -1 -1 0 3
3 0 0 0 0 0 -1 -1 0 0 3
0 0 0 0 0 0 0 0 0 0 0
3 0 0 0 0 0 0 0 0 0 3
3 0 0 0 0 0 0 0 0 0 3
3 0 0 0 0 0 0 0 0 0 3
3 3 0 0 0 0 0 0 0 3 3
3 3 3 3 3 0 3 3 3 3 3
16:50:13.410998 - stdout  :: 0 0
16:50:13.420512 - stdin   :: 30 35 -1 -1
30 35
1 12
1 39
1 4
3 3 3 3 3 0 3 3 3 3 3
3 3 0 0 0 0 0 -1 -1 3 3
3 0 0 0 0 0 -1 -1 -1 -1 3
3 0 0 0 0 0 -1 -1 -1 -1 3
3 0 0 0 0 0 0 -1 -1 -1 3
-1 0 0 0 0 0 0 -1 -1 0 0
3 0 0 0 0 0 0 0 0 0 3
3 0 0 0 0 0 0 0 0 0 3
3 -1 0 0 0 0 0 0 0 0 3
3 3 0 0 0 0 0 0 0 3 3
3 3 3 3 3 0 3 3 3 3 3
16:50:13.420938 - stdout  :: 0 0
16:50:13.431302 - stdin   :: 29 34 -1 -1
29 34
1 14
1 40
1 3
3 3 3 3 3 0 3 3 3 3 3
3 3 0 0 0 0 0 0 0 3 3
3 -1 0 0 0 0 0 0 -1 -1 3
3 -1 0 0 0 0 0 -1 -1 -1 3
3 -1 0 0 0 0 0 -1 -1 -1 3
-1 -1 0 0 0 0 0 0 -1 -1 -1
3 -1 0 0 0 0 0 0 -1 -1 3
3 -1 0 0 0 0 0 0 0 0 3
3 -1 0 0 0 0 0 0 0 0 3
3 3 -1 0 0 0 0 0 0 3 3
3 3 3 3 3 0 3 3 3 3 3
16:50:13.431776 - stdout  :: 0 0
16:50:13.441914 - stdin   :: 28 33 -1 -1
28 33
1 16
1 41
1 2
3 3 3 3 3 0 3 3 3 3 3
3 3 -1 0 0 0 0 0 0 3 3
3 -1 -1 0 0 0 0 0 0 0 3
3 -1 -1 0 0 0 0 0 0 -1 3
3 -1 -1 0 0 0 0 0 -1 -1 3
-1 -1 -1 0 0 0 0 0 -1 -1 -1
3 -1 -1 0 0 0 0 0 0 -1 3
3 -1 -1 0 0 0 0 0 0 -1 3
3 -1 -1 0 0 0 0 0 0 0 3
3 3 -1 0 0 0 0 0 0 3 3
3 3 3 3 3 0 3 3 3 3 3
16:50:13.442447 - stdout  :: 0 1
16:50:13.464953 - stdin   :: 27 33 -1 0
27 33
1 18
1 42
1 2
3 3 3 3 3 0 3 3 3 3 3
3 3 -1 0 0 0 0 0 0 3 3
3 -1 -1 0 0 0 0 0 0 0 3
3 -1 -1 0 0 0 0 0 0 0 3
3 -1 -1 0 0 0 0 0 0 -1 3
-1 -1 -1 0 0 0 0 0 -1 -1 -1
3 -1 -1 0 0 0 0 0 -1 -1 3
3 -1 -1 0 0 0 0 0 0 -1 3
3 -1 -1 0 0 0 0 0 0 -1 3
3 3 -1 0 0 0 0 0 0 3 3
3 3 3 3 3 0 3 3 3 3 3
16:50:13.465841 - stdout  :: 0 1
16:50:13.478039 - stdin   :: 26 34 -1 1
26 34
1 18
1 43
1 2
3 3 3 3 3 0 3 3 3 3 3
3 3 0 0 0 0 0 0 0 3 3
3 -1 0 0 0 0 0 0 0 -1 3
3 -1 0 0 0 0 0 0 0 -1 3
3 -1 0 0 0 0 0 0 0 -1 3
-1 -1 0 0 0 0 0 0 -1 -1 -1
3 -1 0 0 0 0 0 -1 -1 -1 3
3 -1 0 0 0 0 0 -1 -1 -1 3
3 -1 0 0 0 0 0 0 -1 -1 3
3 3 0 0 0 0 0 0 -1 3 3
3 3 3 3 3 0 3 3 3 3 3
16:50:13.478819 - stdout  :: 0 -1
16:50:13.486956 - stdin   :: 25 34 -1 0
25 34
1 18
1 44
1 2
3 3 3 3 3 0 3 3 3 3 3
3 3 0 0 0 0 0 0 0 3 3
3 -1 0 0 0 0 0 0 0 -1 3
3 -1 0 0 0 0 0 0 0 -1 3
3 -1 0 0 0 0 0 0 0 -1 3
-1 -1 0 0 0 0 0 0 0 -1 -1
3 -1 0 0 0 0 0 0 -1 -1 3
3 -1 0 0 0 0 0 -1 -1 -1 3
3 -1 0 0 0 0 0 -1 -1 -1 3
3 3 0 0 0 0 0 0 -1 3 3
3 3 3 3 3 0 3 3 3 3 3
16:50:13.487510 - stdout  :: 0 -1
16:50:13.495432 - stdin   :: 24 33 -1 -1
24 33
1 18
1 45
1 2
3 3 3 3 3 0 3 3 3 3 3
3 3 -1 0 0 0 0 0 0 3 3
3 -1 -1 0 0 0 0 0 0 0 3
3 -1 -1 0 0 0 0 0 0 0 3
3 -1 -1 0 0 0 0 0 0 0 3
-1 -1 -1 0 0 0 0 0 0 0 -1
3 -1 -1 0 0 0 0 0 0 0 3
3 -1 -1 0 0 0 0 0 0 -1 3
3 -1 -1 0 0 0 0 0 -1 -1 3
3 3 -1 0 0 0 0 0 -1 3 3
3 3 3 3 3 0 3 3 3 3 3
16:50:13.497580 - stdout  :: 0 1
16:50:13.507284 - stdin   :: 23 33 -1 0
23 33
1 18
1 46
1 2
3 3 3 3 3 0 3 3 3 3 3
3 3 -1 0 0 0 0 0 0 3 3
3 -1 -1 0 0 0 0 0 0 0 3
3 -1 -1 0 0 0 0 0 0 0 3
3 -1 -1 0 0 0 0 0 0 0 3
-1 -1 -1 0 0 0 0 0 0 0 -1
3 -1 -1 0 0 0 0 0 0 0 3
3 -1 -1 0 0 0 0 0 0 0 3
3 -1 -1 0 0 0 0 0 0 -1 3
3 3 -1 0 0 0 0 0 -1 3 3
3 3 3 3 3 0 3 3 3 3 3
16:50:13.507906 - stdout  :: 0 1
16:50:13.516787 - stdin   :: 22 34 -1 1
22 34
1 18
1 47
1 2
3 3 3 3 3 0 3 3 3 3 3
3 3 0 0 0 0 0 0 0 3 3
3 -1 0 0 0 0 0 0 0 0 3
3 -1 0 0 0 0 0 0 0 -1 3
3 -1 0 0 0 0 0 0 0 -1 3
-1 -1 0 0 0 0 0 0 0 -1 -1
3 -1 0 0 0 0 0 0 0 -1 3
3 -1 0 0 0 0 0 0 0 -1 3
3 -1 0 0 0 0 0 0 0 -1 3
3 3 0 0 0 0 0 0 -1 3 3
3 3 3 3 3 0 3 3 3 3 3
16:50:13.517377 - stdout  :: 0 -1
16:50:13.527158 - stdin   :: 21 34 -1 0
21 34
1 18
1 48
1 3
3 3 3 3 3 0 3 3 3 3 3
3 3 0 0 0 0 0 0 0 3 3
3 -1 0 0 0 0 0 0 0 0 3
3 -1 0 0 0 0 0 0 0 0 3
3 -1 0 0 0 0 0 0 0 -1 3
-1 -1 0 0 0 0 0 0 0 -1 -1
3 -1 0 0 0 0 0 0 0 -1 3
3 -1 0 0 0 0 0 0 0 -1 3
3 -1 0 0 0 0 0 0 0 -1 3
3 3 0 0 0 0 0 0 0 3 3
3 3 3 3 3 0 3 3 3 3 3
16:50:13.527717 - stdout  :: 0 -1
16:50:13.539392 - stdin   :: 20 33 -1 -1
20 33
1 17
1 49
1 5
3 3 3 3 3 0 3 3 3 3 3
3 3 -1 0 0 0 0 0 0 3 3
3 -1 -1 0 0 0 0 0 0 0 3
3 -1 -1 0 0 0 0 0 0 0 3
3 -1 -1 0 0 0 0 0 0 0 3
-1 -1 -1 0 0 0 0 0 0 0 -1
3 -1 -1 0 0 0 0 0 0 0 3
3 -1 -1 0 0 0 0 0 0 0 3
3 -1 -1 0 0 0 0 0 0 0 3
3 3 -1 0 0 0 0 0 0 3 3
3 3 3 3 3 0 3 3 3 3 3
16:50:13.539917 - stdout  :: 0 1
16:50:13.550299 - stdin   :: 19 33 -1 0
19 33
1 16
1 50
1 8
3 3 3 3 3 0 3 3 3 3 3
3 3 -1 0 0 0 0 0 0 3 3
3 -1 -1 0 0 0 0 0 0 0 3
3 -1 -1 0 0 0 0 0 0 0 3
3 -1 -1 0 0 0 0 0 0 0 3
-1 -1 -1 0 0 0 0 0 0 0 0
3 -1 -1 0 0 0 0 0 0 0 3
3 -1 -1 0 0 0 0 0 0 0 3
3 -1 -1 0 0 0 0 0 0 0 3
3 3 -1 0 0 0 0 0 0 3 3
3 3 3 3 3 0 3 3 3 3 3
16:50:13.550895 - stdout  :: 0 1
16:50:13.561109 - stdin   :: 18 34 -1 1
18 34
1 15
1 51
1 12
3 3 3 3 3 0 3 3 3 3 3
3 3 0 0 0 0 0 0 0 3 3
3 -1 0 0 0 0 0 0 0 0 3
3 -1 0 0 0 0 0 0 0 0 3
3 -1 0 0 0 0 0 0 0 0 3
-1 -1 0 0 0 0 0 0 0 0 -1
3 -1 0 0 0 0 0 0 0 0 3
3 -1 0 0 0 0 0 0 0 -1 3
3 -1 0 0 0 0 0 0 0 -1 3
3 3 0 0 0 0 0 0 0 3 3
3 3 3 3 3 0 3 3 3 3 3
16:50:13.561570 - stdout  :: 0 -1
16:50:13.571448 - stdin   :: 17 34 -1 0
17 34
1 14
1 52
1 16
3 3 3 3 3 0 3 3 3 3 3
3 3 0 0 0 0 0 0 0 3 3
3 -1 0 0 0 0 0 0 0 0 3
3 -1 0 0 0 0 0 0 0 0 3
3 -1 0 0 0 0 0 0 0 0 3
-1 -1 0 0 0 0 0 0 0 0 -1
3 -1 0 0 0 0 0 0 0 0 3
3 -1 0 0 0 0 0 0 0 0 3
3 -1 0 0 0 0 0 0 0 -1 3
3 3 0 0 0 0 0 0 0 3 3
3 3 3 3 3 0 3 3 3 3 3
16:50:13.571865 - stdout  :: 0 -1
16:50:13.581906 - stdin   :: 16 33 -1 -1
16 33
1 13
1 53
1 16
3 3 3 3 3 0 3 3 3 3 3
3 3 -1 0 0 0 0 0 0 3 3
3 -1 -1 0 0 0 0 0 0 0 3
3 -1 -1 0 0 0 0 0 0 0 3
3 -1 -1 0 0 0 0 0 0 0 3
-1 -1 -1 0 0 0 0 0 0 0 0
3 -1 -1 0 0 0 0 0 0 0 3
3 -1 -1 0 0 0 0 0 0 0 3
3 -1 -1 0 0 0 0 0 0 0 3
3 3 -1 0 0 0 0 0 0 3 3
3 3 3 3 3 0 3 3 3 3 3
16:50:13.582347 - stdout  :: 0 1
16:50:13.590799 - stdin   :: 15 33 -1 0
15 33
1 12
1 54
1 16
3 3 3 3 3 0 3 3 3 3 3
3 3 -1 0 0 0 0 0 0 3 3
3 -1 -1 0 0 0 0 0 0 0 3
3 -1 -1 0 0 0 0 0 0 0 3
3 -1 -1 0 0 0 0 0 0 0 3
-1 -1 -1 0 0 0 0 0 0 0 0
3 -1 -1 0 0 0 0 0 0 0 3
3 -1 -1 0 0 0 0 0 0 0 3
3 -1 -1 0 0 0 0 0 0 0 3
3 3 -1 0 0 0 0 0 0 3 3
3 3 3 3 3 0 3 3 3 3 3
16:50:13.591419 - stdout  :: 0 1
16:50:13.600107 - stdin   :: 14 34 -1 1
14 34
1 11
1 55
1 16
3 3 3 3 3 0 3 3 3 3 3
3 3 0 0 0 0 0 0 0 3 3
3 -1 0 0 0 0 0 0 0 0 3
3 -1 0 0 0 0 0 0 0 0 3
3 -1 0 0 0 0 0 0 0 0 3
-1 -1 0 0 0 0 0 0 0 0 0
3 -1 0 0 0 0 0 0 0 0 3
3 -1 0 0 0 0 0 0 0 0 3
3 -1 0 0 0 0 0 0 0 0 3
3 3 0 0 0 0 0 0 0 3 3
3 3 3 3 3 0 3 3 3 3 3
16:50:13.600555 - stdout  :: 0 -1
16:50:13.609136 - stdin   :: 13 34 -1 0
13 34
1 10
1 56
1 16
3 3 3 3 3 0 3 3 3 3 3
3 3 0 0 0 0 0 0 0 3 3
3 -1 0 0 0 0 0 0 0 0 3
3 -1 0 0 0 0 0 0 0 0 3
3 -1 0 0 0 0 0 0 0 0 3
-1 -1 0 0 0 0 0 0 0 0 0
3 -1 0 0 0 0 0 0 0 0 3
3 -1 0 0 0 0 0 0 0 0 3
3 -1 0 0 0 0 0 0 0 0 3
3 3 0 0 0 0 0 0 0 3 3
3 3 3 3 3 0 3 3 3 3 3
16:50:13.609587 - stdout  :: 0 -1
16:50:13.617581 - stdin   :: 12 33 -1 -1
12 33
1 8
1 57
1 16
3 3 3 3 3 0 3 3 3 3 3
3 3 0 0 0 0 0 0 0 3 3
3 0 -1 0 0 0 0 0 0 0 3
3 -1 -1 0 0 0 0 0 0 0 3
3 -1 -1 0 0 0 0 0 0 0 3
-1 -1 -1 0 0 0 0 0 0 0 0
3 -1 -1 0 0 0 0 0 0 0 3
3 -1 -1 0 0 0 0 0 0 0 3
3 -1 -1 0 0 0 0 0 0 0 3
3 3 -1 0 0 0 0 0 0 3 3
3 3 3 3 3 0 3 3 3 3 3
16:50:13.618008 - stdout  :: 0 1
16:50:13.625976 - stdin   :: 11 33 -1 0
11 33
1 6
2 57
1 16
3 3 3 3 3 0 3 3 3 3 3
3 3 0 0 0 0 0 0 0 3 3
3 0 0 0 0 0 0 0 0 0 3
3 0 -1 0 0 0 0 0 0 0 3
3 -1 -1 0 0 0 0 0 0 0 3
-1 -1 -1 0 0 0 0 0 0 0 0
3 -1 -1 0 0 0 0 0 0 0 3
3 -1 -1 0 0 0 0 0 0 0 3
3 -1 -1 0 0 0 0 0 0 0 3
3 3 -1 0 0 0 0 0 0 3 3
3 3 3 3 3 0 3 3 3 3 3
16:50:13.626425 - stdout  :: 0 -1
16:50:13.635902 - stdin   :: 10 32 -1 -1
10 32
1 4
3 57
2 17
3 3 3 3 3 0 3 3 3 3 3
3 3 0 0 0 0 0 0 0 3 3
3 -1 0 0 0 0 0 0 0 0 3
3 -1 0 0 0 0 0 0 0 0 3
3 0 0 -1 0 0 0 0 0 0 3
0 0 -1 -1 0 0 0 0 0 0 0
3 -1 -1 -1 0 0 0 0 0 0 3
3 -1 -1 -1 0 0 0 0 0 0 3
3 -1 -1 -1 0 0 0 0 0 0 3
3 3 -1 -1 0 0 0 0 0 3 3
3 3 3 3 3 0 3 3 3 3 3
16:50:13.636415 - stdout  :: 0 0
16:50:13.648611 - stdin   :: 9 31 -1 -1
9 31
1 2
4 57
3 18
3 3 3 3 3 0 3 3 3 3 3
3 3 -1 0 0 0 0 0 0 3 3
3 -1 -1 0 0 0 0 0 0 0 3
3 -1 -1 0 0 0 0 0 0 0 3
3 -1 -1 0 0 0 0 0 0 0 3
-1 -1 0 0 -1 0 0 0 0 0 0
3 0 0 -1 -1 0 0 0 0 0 3
3 0 -1 -1 -1 0 0 0 0 0 3
3 -1 -1 -1 -1 0 0 0 0 0 3
3 3 -1 -1 -1 0 0 0 0 3 3
3 3 3 3 3 0 3 3 3 3 3
16:50:13.649159 - stdout  :: 0 0
16:50:13.659884 - stdin   :: 8 30 -1 -1
8 30
1 2
5 57
4 18
3 3 3 3 3 0 3 3 3 3 3
3 3 -1 -1 0 0 0 0 0 3 3
3 -1 -1 -1 0 0 0 0 0 0 3
3 -1 -1 -1 0 0 0 0 0 0 3
3 -1 -1 -1 0 0 0 0 0 0 3
-1 -1 -1 -1 0 0 0 0 0 0 0
3 -1 -1 0 0 -1 0 0 0 0 3
3 -1 0 0 -1 -1 0 0 0 0 3
3 0 0 -1 -1 -1 0 0 0 0 3
3 3 -1 -1 -1 -1 0 0 0 3 3
3 3 3 3 3 -1 3 3 3 3 3
16:50:13.660366 - stdout  :: 1 0
16:50:13.669076 - stdin   :: 8 29 0 -1
8 29
1 2
6 57
5 18
3 3 3 3 3 0 3 3 3 3 3
3 3 -1 -1 -1 0 0 0 0 3 3
3 -1 -1 -1 -1 0 0 0 0 0 3
3 -1 -1 -1 -1 0 0 0 0 0 3
3 -1 -1 -1 -1 0 0 0 0 0 3
-1 -1 -1 -1 -1 0 0 0 0 0 0
3 -1 -1 -1 0 0 -1 0 0 0 3
3 -1 -1 0 0 -1 -1 0 0 0 3
3 -1 0 0 -1 -1 -1 0 0 0 3
3 3 0 -1 -1 -1 -1 0 0 3 3
3 3 3 3 3 -1 3 3 3 3 3
16:50:13.669548 - stdout  :: 1 0
16:50:13.679680 - stdin   :: 9 28 1 -1
9 28
1 2
7 57
6 18
3 3 3 3 3 -1 3 3 3 3 3
3 3 -1 -1 -1 -1 0 0 0 3 3
3 -1 -1 -1 -1 -1 0 0 0 0 3
3 -1 -1 -1 -1 -1 0 0 0 0 3
3 -1 -1 -1 -1 -1 0 0 0 0 3
-1 -1 -1 -1 -1 0 0 -1 0 0 0
3 -1 -1 -1 0 0 -1 -1 0 0 3
3 -1 -1 0 0 -1 -1 -1 0 0 3
3 -1 0 0 -1 -1 -1 -1 0 0 3
3 3 0 -1 -1 -1 -1 -1 0 3 3
3 3 3 3 3 -1 3 3 3 3 3
16:50:13.680101 - stdout  :: 0 0
16:50:13.688806 - stdin   :: 10 27 1 -1
10 27
1 2
8 57
7 18
3 3 3 3 3 -1 3 3 3 3 3
3 3 -1 -1 -1 -1 -1 0 0 3 3
3 -1 -1 -1 -1 -1 -1 0 0 0 3
3 -1 -1 -1 -1 -1 -1 0 0 0 3
3 -1 -1 -1 -1 -1 0 0 -1 0 3
-1 -1 -1 -1 -1 0 0 -1 -1 0 0
3 -1 -1 -1 0 0 -1 -1 -1 0 3
3 -1 -1 0 0 -1 -1 -1 -1 0 3
3 -1 100 0 -1 -1 -1 -1 -1 0 3
3 3 100 -1 -1 -1 -1 -1 -1 3 3
3 3 3 3 3 -1 3 3 3 3 3
16:50:13.689163 - stdout  :: 0 0
16:50:13.698187 - stdin   :: 11 26 1 -1
11 26
1 2
9 57
8 18
3 3 3 3 3 -1 3 3 3 3 3
3 3 -1 -1 -1 -1 -1 -1 0 3 3
3 -1 -1 -1 -1 -1 -1 -1 0 0 3
3 -1 -1 -1 -1 -1 -1 0 0 -1 3
3 -1 -1 -1 -1 -1 0 0 -1 -1 3
-1 -1 -1 -1 -1 0 0 -1 -1 -1 0
3 -1 -1 -1 0 0 -1 -1 -1 -1 3
3 -1 -1 100 0 -1 -1 -1 -1 -1 3
3 -1 100 100 -1 -1 -1 -1 -1 -1 3
3 3 100 100 -1 -1 -1 -1 -1 3 3
3 3 3 3 3 -1 3 3 3 3 3
16:50:13.698586 - stdout  :: 0 0
16:50:13.707361 - stdin   :: 12 25 1 -1
12 25
1 2
10 57
9 18
3 3 3 3 3 -1 3 3 3 3 3
3 3 -1 -1 -1 -1 -1 -1 -1 3 3
3 -1 -1 -1 -1 -1 -1 -1 0 0 3
3 -1 -1 -1 -1 -1 -1 0 0 -1 3
3 -1 -1 -1 -1 -1 0 0 -1 -1 3
0 -1 -1 -1 -1 0 0 -1 -1 -1 -1
3 -1 -1 -1 100 0 -1 -1 -1 -1 3
3 -1 -1 100 100 -1 -1 -1 -1 -1 3
3 -1 100 100 100 -1 -1 -1 -1 -1 3
3 3 100 100 -1 -1 -1 -1 -1 3 3
3 3 3 3 3 -1 3 3 3 3 3
16:50:13.707677 - stdout  :: 0 0
16:50:15.357434 - stdin   :: ~~~END~~~
16:50:15.361276 - control :: Server has terminated, no more data.
