15:53:12.037209 - control :: Starting bot process.
15:53:12.176503 - control :: Bot has initialised, connecting to server.
15:53:12.662202 - stdin   :: 20 40 4 8
15:53:12.671079 - stdin   :: 9 2 0 0
8 3
7 3
9 2
10 2
3 3 3 3 3 3 3 3 -1 3 3 3 3 3 3 3 3
3 3 3 3 3 -1 -1 -1 -1 -1 -1 -1 3 3 3 3 3
3 3 3 -1 -1 -1 -1 -1 -1 -1 -1 -1 -1 -1 3 3 3
3 3 -1 -1 -1 -1 -1 -1 -1 -1 -1 -1 -1 -1 -1 3 3
3 3 -1 -1 -1 -1 -1 -1 -1 -1 -1 -1 -1 -1 -1 3 3
3 -1 -1 -1 -1 -1 -1 -1 -1 -1 -1 -1 -1 -1 -1 -1 3
3 -1 -1 -1 -1 -1 -1 -1 1 0 0 0 0 0 0 0 3
3 -1 -1 -1 -1 -1 -1 -1 1 0 0 0 0 0 0 0 3
-1 -1 -1 -1 -1 -1 -1 -1 1 0 0 0 0 0 0 0 0
3 -1 -1 -1 -1 -1 -1 -1 1 0 0 0 0 0 0 0 3
3 -1 -1 -1 -1 -1 -1 -1 -1 -1 -1 -1 -1 -1 -1 -1 3
3 -1 -1 -1 -1 -1 -1 -1 -1 -1 -1 -1 -1 -1 -1 -1 3
3 3 -1 -1 -1 -1 -1 -1 -1 -1 -1 -1 -1 -1 -1 3 3
3 3 -1 -1 -1 -1 -1 -1 -1 -1 -1 -1 -1 -1 -1 3 3
3 3 3 -1 -1 -1 -1 -1 -1 -1 -1 -1 -1 -1 3 3 3
3 3 3 3 3 -1 -1 -1 -1 -1 -1 -1 3 3 3 3 3
3 3 3 3 3 3 3 3 -1 3 3 3 3 3 3 3 3
15:53:12.673201 - stdout  :: -1 0
15:53:12.686919 - stdin   :: 8 2 -1 0
8 4
7 5
8 2
9 3
3 3 3 3 3 3 3 3 -1 3 3 3 3 3 3 3 3
3 3 3 3 3 -1 -1 -1 -1 -1 -1 -1 3 3 3 3 3
3 3 3 -1 -1 -1 -1 -1 -1 -1 -1 -1 -1 -1 3 3 3
3 3 -1 -1 -1 -1 -1 -1 -1 -1 -1 -1 -1 -1 -1 3 3
3 3 -1 -1 -1 -1 -1 -1 -1 -1 -1 -1 -1 -1 -1 3 3
3 -1 -1 -1 -1 -1 -1 -1 -1 -1 -1 -1 -1 -1 -1 -1 3
3 -1 -1 -1 -1 -1 -1 -1 -1 -1 -1 -1 -1 -1 -1 -1 3
3 -1 -1 -1 -1 -1 -1 -1 1 0 0 0 0 0 0 0 3
-1 -1 -1 -1 -1 -1 -1 -1 1 0 0 0 0 0 0 0 0
3 -1 -1 -1 -1 -1 -1 -1 1 0 0 0 0 0 0 0 3
3 -1 -1 -1 -1 -1 -1 -1 1 0 0 0 0 0 0 0 3
3 -1 -1 -1 -1 -1 -1 -1 -1 -1 -1 -1 -1 -1 -1 -1 3
3 3 -1 -1 -1 -1 -1 -1 -1 -1 -1 -1 -1 -1 -1 3 3
3 3 -1 -1 -1 -1 -1 -1 -1 -1 -1 -1 -1 -1 -1 3 3
3 3 3 -1 -1 -1 -1 -1 -1 -1 -1 -1 -1 -1 3 3 3
3 3 3 3 3 -1 -1 -1 -1 -1 -1 -1 3 3 3 3 3
3 3 3 3 3 3 3 3 -1 3 3 3 3 3 3 3 3
15:53:12.688766 - stdout  :: 0 0
15:53:12.700939 - stdin   :: 7 2 -1 0
9 5
7 7
7 2
8 5
3 3 3 3 3 3 3 3 -1 3 3 3 3 3 3 3 3
3 3 3 3 3 -1 -1 -1 -1 -1 -1 -1 3 3 3 3 3
3 3 3 -1 -1 -1 -1 -1 -1 -1 -1 -1 -1 -1 3 3 3
3 3 -1 -1 -1 -1 -1 -1 -1 -1 -1 -1 -1 -1 -1 3 3
3 3 -1 -1 -1 -1 -1 -1 -1 -1 -1 -1 -1 -1 -1 3 3
3 -1 -1 -1 -1 -1 -1 -1 -1 -1 -1 -1 -1 -1 -1 -1 3
3 -1 -1 -1 -1 -1 -1 -1 -1 -1 -1 -1 -1 -1 -1 -1 3
3 -1 -1 -1 -1 -1 -1 -1 -1 -1 -1 -1 -1 -1 -1 -1 3
-1 -1 -1 -1 -1 -1 -1 -1 1 0 0 0 0 0 0 0 0
3 -1 -1 -1 -1 -1 -1 -1 1 0 0 0 0 0 0 0 3
3 -1 -1 -1 -1 -1 -1 -1 1 0 0 0 0 0 0 0 3
3 -1 -1 -1 -1 -1 -1 -1 1 0 0 0 0 0 0 0 3
3 3 -1 -1 -1 -1 -1 -1 -1 -1 -1 -1 -1 -1 -1 3 3
3 3 -1 -1 -1 -1 -1 -1 -1 -1 -1 -1 -1 -1 -1 3 3
3 3 3 -1 -1 -1 -1 -1 -1 -1 -1 -1 -1 -1 3 3 3
3 3 3 3 3 -1 -1 -1 -1 -1 -1 -1 3 3 3 3 3
3 3 3 3 3 3 3 3 -1 3 3 3 3 3 3 3 3
15:53:12.702592 - stdout  :: 1 1
15:53:12.714444 - stdin   :: 7 3 0 1
9 6
7 9
7 3
7 6
3 3 3 3 3 3 3 3 -1 3 3 3 3 3 3 3 3
3 3 3 3 3 -1 -1 -1 -1 -1 -1 -1 3 3 3 3 3
3 3 3 -1 -1 -1 -1 -1 -1 -1 -1 -1 -1 -1 3 3 3
3 3 -1 -1 -1 -1 -1 -1 -1 -1 -1 -1 -1 -1 -1 3 3
3 3 -1 -1 -1 -1 -1 -1 -1 -1 -1 -1 -1 -1 -1 3 3
3 -1 -1 -1 -1 -1 -1 -1 -1 -1 -1 -1 -1 -1 -1 -1 3
3 -1 -1 -1 -1 -1 -1 -1 -1 -1 -1 -1 -1 -1 -1 -1 3
3 -1 -1 -1 -1 -1 -1 -1 -1 -1 -1 -1 -1 -1 -1 -1 3
-1 -1 -1 -1 -1 -1 -1 1 0 0 0 0 0 0 0 0 0
3 -1 -1 -1 -1 -1 -1 1 0 0 0 0 0 0 0 0 3
3 -1 -1 -1 -1 -1 -1 1 0 0 0 0 0 0 0 0 3
3 -1 -1 -1 -1 -1 -1 1 0 0 0 0 0 0 0 0 3
3 3 -1 -1 -1 -1 -1 -1 -1 -1 -1 -1 -1 -1 -1 3 3
3 3 -1 -1 -1 -1 -1 -1 -1 -1 -1 -1 -1 -1 -1 3 3
3 3 3 -1 -1 -1 -1 -1 -1 -1 -1 -1 -1 -1 3 3 3
3 3 3 3 3 -1 -1 -1 -1 -1 -1 -1 3 3 3 3 3
3 3 3 3 3 3 3 3 -1 3 3 3 3 3 3 3 3
15:53:12.716126 - stdout  :: 1 -1
15:53:12.727909 - stdin   :: 8 3 1 0
8 7
7 11
8 3
7 7
3 3 3 3 3 3 3 3 -1 3 3 3 3 3 3 3 3
3 3 3 3 3 -1 -1 -1 -1 -1 -1 -1 3 3 3 3 3
3 3 3 -1 -1 -1 -1 -1 -1 -1 -1 -1 -1 -1 3 3 3
3 3 -1 -1 -1 -1 -1 -1 -1 -1 -1 -1 -1 -1 -1 3 3
3 3 -1 -1 -1 -1 -1 -1 -1 -1 -1 -1 -1 -1 -1 3 3
3 -1 -1 -1 -1 -1 -1 -1 -1 -1 -1 -1 -1 -1 -1 -1 3
3 -1 -1 -1 -1 -1 -1 -1 -1 -1 -1 -1 -1 -1 -1 -1 3
3 -1 -1 -1 -1 -1 -1 1 0 0 0 0 0 0 0 0 3
-1 -1 -1 -1 -1 -1 -1 1 0 0 0 0 0 0 0 0 0
3 -1 -1 -1 -1 -1 -1 1 0 0 0 0 0 0 0 0 3
3 -1 -1 -1 -1 -1 -1 1 0 0 0 0 0 0 0 0 3
3 -1 -1 -1 -1 -1 -1 -1 -1 -1 -1 -1 -1 -1 -1 -1 3
3 3 -1 -1 -1 -1 -1 -1 -1 -1 -1 -1 -1 -1 -1 3 3
3 3 -1 -1 -1 -1 -1 -1 -1 -1 -1 -1 -1 -1 -1 3 3
3 3 3 -1 -1 -1 -1 -1 -1 -1 -1 -1 -1 -1 3 3 3
3 3 3 3 3 -1 -1 -1 -1 -1 -1 -1 3 3 3 3 3
3 3 3 3 3 3 3 3 -1 3 3 3 3 3 3 3 3
15:53:12.729722 - stdout  :: 0 0
15:53:12.740234 - stdin   :: 9 3 1 0
7 8
7 13
9 3
8 8
3 3 3 3 3 3 3 3 -1 3 3 3 3 3 3 3 3
3 3 3 3 3 -1 -1 -1 -1 -1 -1 -1 3 3 3 3 3
3 3 3 -1 -1 -1 -1 -1 -1 -1 -1 -1 -1 -1 3 3 3
3 3 -1 -1 -1 -1 -1 -1 -1 -1 -1 -1 -1 -1 -1 3 3
3 3 -1 -1 -1 -1 -1 -1 -1 -1 -1 -1 -1 -1 -1 3 3
3 -1 -1 -1 -1 -1 -1 -1 -1 -1 -1 -1 -1 -1 -1 -1 3
3 -1 -1 -1 -1 -1 -1 1 0 0 0 0 0 0 0 0 3
3 -1 -1 -1 -1 -1 -1 1 0 0 0 0 0 0 0 0 3
-1 -1 -1 -1 -1 -1 -1 1 0 0 0 0 0 0 0 0 0
3 -1 -1 -1 -1 -1 -1 1 0 0 0 0 0 0 0 0 3
3 -1 -1 -1 -1 -1 -1 -1 -1 -1 -1 -1 -1 -1 -1 -1 3
3 -1 -1 -1 -1 -1 -1 -1 -1 -1 -1 -1 -1 -1 -1 -1 3
3 3 -1 -1 -1 -1 -1 -1 -1 -1 -1 -1 -1 -1 -1 3 3
3 3 -1 -1 -1 -1 -1 -1 -1 -1 -1 -1 -1 -1 -1 3 3
3 3 3 -1 -1 -1 -1 -1 -1 -1 -1 -1 -1 -1 3 3 3
3 3 3 3 3 -1 -1 -1 -1 -1 -1 -1 3 3 3 3 3
3 3 3 3 3 3 3 3 -1 3 3 3 3 3 3 3 3
15:53:12.742213 - stdout  :: 0 0
15:53:12.761122 - stdin   :: 10 3 1 0
7 9
7 15
10 3
8 9
3 3 3 3 3 3 3 3 -1 3 3 3 3 3 3 3 3
3 3 3 3 3 -1 -1 -1 -1 -1 -1 -1 3 3 3 3 3
3 3 3 -1 -1 -1 -1 -1 -1 -1 -1 -1 -1 -1 3 3 3
3 3 -1 -1 -1 -1 -1 -1 -1 -1 -1 -1 -1 -1 -1 3 3
3 3 -1 -1 -1 -1 -1 -1 -1 -1 -1 -1 -1 -1 -1 3 3
3 -1 -1 -1 -1 -1 -1 1 0 0 0 0 0 0 0 0 3
3 -1 -1 -1 -1 -1 -1 1 0 0 0 0 0 0 0 0 3
3 -1 -1 -1 -1 -1 -1 1 0 0 0 0 0 0 0 0 3
-1 -1 -1 -1 -1 -1 -1 1 0 0 0 0 0 0 0 0 0
3 -1 -1 -1 -1 -1 -1 -1 -1 -1 -1 -1 -1 -1 -1 -1 3
3 -1 -1 -1 -1 -1 -1 -1 -1 -1 -1 -1 -1 -1 -1 -1 3
3 -1 -1 -1 -1 -1 -1 -1 -1 -1 -1 -1 -1 -1 -1 -1 3
3 3 -1 -1 -1 -1 -1 -1 -1 -1 -1 -1 -1 -1 -1 3 3
3 3 -1 -1 -1 -1 -1 -1 -1 -1 -1 -1 -1 -1 -1 3 3
3 3 3 -1 -1 -1 -1 -1 -1 -1 -1 -1 -1 -1 3 3 3
3 3 3 3 3 -1 -1 -1 -1 -1 -1 -1 3 3 3 3 3
3 3 3 3 3 3 3 3 -1 3 3 3 3 3 3 3 3
15:53:12.762936 - stdout  :: -1 -1
15:53:12.772988 - stdin   :: 10 2 0 -1
8 10
7 17
10 2
7 10
3 3 3 3 3 3 3 3 -1 3 3 3 3 3 3 3 3
3 3 3 3 3 -1 -1 -1 -1 -1 -1 -1 3 3 3 3 3
3 3 3 -1 -1 -1 -1 -1 -1 -1 -1 -1 -1 -1 3 3 3
3 3 -1 -1 -1 -1 -1 -1 -1 -1 -1 -1 -1 -1 -1 3 3
3 3 -1 -1 -1 -1 -1 -1 -1 -1 -1 -1 -1 -1 -1 3 3
3 -1 -1 -1 -1 -1 -1 -1 1 0 0 0 0 0 0 0 3
3 -1 -1 -1 -1 -1 -1 -1 1 0 0 0 0 0 0 0 3
3 -1 -1 -1 -1 -1 -1 -1 1 0 0 0 0 0 0 0 3
-1 -1 -1 -1 -1 -1 -1 -1 1 0 0 0 0 0 0 0 0
3 -1 -1 -1 -1 -1 -1 -1 -1 -1 -1 -1 -1 -1 -1 -1 3
3 -1 -1 -1 -1 -1 -1 -1 -1 -1 -1 -1 -1 -1 -1 -1 3
3 -1 -1 -1 -1 -1 -1 -1 -1 -1 -1 -1 -1 -1 -1 -1 3
3 3 -1 -1 -1 -1 -1 -1 -1 -1 -1 -1 -1 -1 -1 3 3
3 3 -1 -1 -1 -1 -1 -1 -1 -1 -1 -1 -1 -1 -1 3 3
3 3 3 -1 -1 -1 -1 -1 -1 -1 -1 -1 -1 -1 3 3 3
3 3 3 3 3 -1 -1 -1 -1 -1 -1 -1 3 3 3 3 3
3 3 3 3 3 3 3 3 -1 3 3 3 3 3 3 3 3
15:53:12.774640 - stdout  :: 0 1
15:53:12.790441 - stdin   :: 10 2 0 0
8 11
7 19
10 2
7 11
3 3 3 3 3 3 3 3 -1 3 3 3 3 3 3 3 3
3 3 3 3 3 -1 -1 -1 -1 -1 -1 -1 3 3 3 3 3
3 3 3 -1 -1 -1 -1 -1 -1 -1 -1 -1 -1 -1 3 3 3
3 3 -1 -1 -1 -1 -1 -1 -1 -1 -1 -1 -1 -1 -1 3 3
3 3 -1 -1 -1 -1 -1 -1 -1 -1 -1 -1 -1 -1 -1 3 3
3 -1 -1 -1 -1 -1 -1 -1 1 0 0 0 0 0 0 0 3
3 -1 -1 -1 -1 -1 -1 -1 1 0 0 0 0 0 0 0 3
3 -1 -1 -1 -1 -1 -1 -1 1 0 0 0 0 0 0 0 3
-1 -1 -1 -1 -1 -1 -1 -1 1 0 0 0 0 0 0 0 0
3 -1 -1 -1 -1 -1 -1 -1 -1 -1 -1 -1 -1 -1 -1 -1 3
3 -1 -1 -1 -1 -1 -1 -1 -1 -1 -1 -1 -1 -1 -1 -1 3
3 -1 -1 -1 -1 -1 -1 -1 -1 -1 -1 -1 -1 -1 -1 -1 3
3 3 -1 -1 -1 -1 -1 -1 -1 -1 -1 -1 -1 -1 -1 3 3
3 3 -1 -1 -1 -1 -1 -1 -1 -1 -1 -1 -1 -1 -1 3 3
3 3 3 -1 -1 -1 -1 -1 -1 -1 -1 -1 -1 -1 3 3 3
3 3 3 3 3 -1 -1 -1 -1 -1 -1 -1 3 3 3 3 3
3 3 3 3 3 3 3 3 -1 3 3 3 3 3 3 3 3
15:53:12.792337 - stdout  :: 0 1
15:53:12.810599 - stdin   :: 10 3 0 1
7 12
7 21
10 3
8 12
3 3 3 3 3 3 3 3 -1 3 3 3 3 3 3 3 3
3 3 3 3 3 -1 -1 -1 -1 -1 -1 -1 3 3 3 3 3
3 3 3 -1 -1 -1 -1 -1 -1 -1 -1 -1 -1 -1 3 3 3
3 3 -1 -1 -1 -1 -1 -1 -1 -1 -1 -1 -1 -1 -1 3 3
3 3 -1 -1 -1 -1 -1 -1 -1 -1 -1 -1 -1 -1 -1 3 3
3 -1 -1 -1 -1 -1 -1 1 0 0 0 0 0 0 0 0 3
3 -1 -1 -1 -1 -1 -1 1 0 0 0 0 0 0 0 0 3
3 -1 -1 -1 -1 -1 -1 1 0 0 0 0 0 0 0 0 3
-1 -1 -1 -1 -1 -1 -1 1 0 0 0 0 0 0 0 0 0
3 -1 -1 -1 -1 -1 -1 -1 -1 -1 -1 -1 -1 -1 -1 -1 3
3 -1 -1 -1 -1 -1 -1 -1 -1 -1 -1 -1 -1 -1 -1 -1 3
3 -1 -1 -1 -1 -1 -1 -1 -1 -1 -1 -1 -1 -1 -1 -1 3
3 3 -1 -1 -1 -1 -1 -1 -1 -1 -1 -1 -1 -1 -1 3 3
3 3 -1 -1 -1 -1 -1 -1 -1 -1 -1 -1 -1 -1 -1 3 3
3 3 3 -1 -1 -1 -1 -1 -1 -1 -1 -1 -1 -1 3 3 3
3 3 3 3 3 -1 -1 -1 -1 -1 -1 -1 3 3 3 3 3
3 3 3 3 3 3 3 3 -1 3 3 3 3 3 3 3 3
15:53:12.815258 - stdout  :: 0 0
15:53:12.824363 - stdin   :: 10 4 0 1
7 13
8 24
10 4
8 13
3 3 3 3 3 3 3 3 -1 3 3 3 3 3 3 3 3
3 3 3 3 3 -1 -1 -1 -1 -1 -1 -1 3 3 3 3 3
3 3 3 -1 -1 -1 -1 -1 -1 -1 -1 -1 -1 -1 3 3 3
3 3 -1 -1 -1 -1 -1 -1 -1 -1 -1 -1 -1 -1 -1 3 3
3 3 -1 -1 -1 -1 -1 -1 -1 -1 -1 -1 -1 -1 -1 3 3
3 -1 -1 -1 -1 -1 1 0 0 0 0 0 0 0 0 0 3
3 -1 -1 -1 -1 -1 1 0 0 0 0 0 0 0 0 0 3
3 -1 -1 -1 -1 -1 1 0 0 0 0 0 0 0 0 0 3
-1 -1 -1 -1 -1 -1 1 0 0 0 0 0 0 0 0 0 0
3 -1 -1 -1 -1 -1 -1 -1 -1 -1 -1 -1 -1 -1 -1 -1 3
3 -1 -1 -1 -1 -1 -1 -1 -1 -1 -1 -1 -1 -1 -1 -1 3
3 -1 -1 -1 -1 -1 -1 -1 -1 -1 -1 -1 -1 -1 -1 -1 3
3 3 -1 -1 -1 -1 -1 -1 -1 -1 -1 -1 -1 -1 -1 3 3
3 3 -1 -1 -1 -1 -1 -1 -1 -1 -1 -1 -1 -1 -1 3 3
3 3 3 -1 -1 -1 -1 -1 -1 -1 -1 -1 -1 -1 3 3 3
3 3 3 3 3 -1 -1 -1 -1 -1 -1 -1 3 3 3 3 3
3 3 3 3 3 3 3 3 -1 3 3 3 3 3 3 3 3
15:53:12.826236 - stdout  :: -1 -1
15:53:12.849899 - stdin   :: 9 4 -1 0
8 14
9 27
9 4
7 14
3 3 3 3 3 3 3 3 -1 3 3 3 3 3 3 3 3
3 3 3 3 3 -1 -1 -1 -1 -1 -1 -1 3 3 3 3 3
3 3 3 -1 -1 -1 -1 -1 -1 -1 -1 -1 -1 -1 3 3 3
3 3 -1 -1 -1 -1 -1 -1 -1 -1 -1 -1 -1 -1 -1 3 3
3 3 -1 -1 -1 -1 -1 -1 -1 -1 -1 -1 -1 -1 -1 3 3
3 -1 -1 -1 -1 -1 -1 -1 -1 -1 -1 -1 -1 -1 -1 -1 3
3 -1 -1 -1 -1 -1 1 0 0 0 0 0 0 0 0 0 3
3 -1 -1 -1 -1 -1 1 0 0 0 0 0 0 0 0 0 3
-1 -1 -1 -1 -1 -1 1 0 0 0 0 0 0 0 0 0 0
3 -1 -1 -1 -1 -1 1 0 0 0 0 0 0 0 0 0 3
3 -1 -1 -1 -1 -1 -1 -1 -1 -1 -1 -1 -1 -1 -1 -1 3
3 -1 -1 -1 -1 -1 -1 -1 -1 -1 -1 -1 -1 -1 -1 -1 3
3 3 -1 -1 -1 -1 -1 -1 -1 -1 -1 -1 -1 -1 -1 3 3
3 3 -1 -1 -1 -1 -1 -1 -1 -1 -1 -1 -1 -1 -1 3 3
3 3 3 -1 -1 -1 -1 -1 -1 -1 -1 -1 -1 -1 3 3 3
3 3 3 3 3 -1 -1 -1 -1 -1 -1 -1 3 3 3 3 3
3 3 3 3 3 3 3 3 -1 3 3 3 3 3 3 3 3
15:53:12.851975 - stdout  :: 0 0
15:53:12.863626 - stdin   :: 8 4 -1 0
8 15
10 30
8 4
7 15
3 3 3 3 3 3 3 3 -1 3 3 3 3 3 3 3 3
3 3 3 3 3 -1 -1 -1 -1 -1 -1 -1 3 3 3 3 3
3 3 3 -1 -1 -1 -1 -1 -1 -1 -1 -1 -1 -1 3 3 3
3 3 -1 -1 -1 -1 -1 -1 -1 -1 -1 -1 -1 -1 -1 3 3
3 3 -1 -1 -1 -1 -1 -1 -1 -1 -1 -1 -1 -1 -1 3 3
3 -1 -1 -1 -1 -1 -1 -1 -1 -1 -1 -1 -1 -1 -1 -1 3
3 -1 -1 -1 -1 -1 -1 -1 -1 -1 -1 -1 -1 -1 -1 -1 3
3 -1 -1 -1 -1 -1 1 0 0 0 0 0 0 0 0 0 3
-1 -1 -1 -1 -1 -1 1 0 0 0 0 0 0 0 0 0 0
3 -1 -1 -1 -1 -1 1 0 0 0 0 0 0 0 0 0 3
3 -1 -1 -1 -1 -1 1 0 0 0 0 0 0 0 0 0 3
3 -1 -1 -1 -1 -1 -1 -1 -1 -1 -1 -1 -1 -1 -1 -1 3
3 3 -1 -1 -1 -1 -1 -1 -1 -1 -1 -1 -1 -1 -1 3 3
3 3 -1 -1 -1 -1 -1 -1 -1 -1 -1 -1 -1 -1 -1 3 3
3 3 3 -1 -1 -1 -1 -1 -1 -1 -1 -1 -1 -1 3 3 3
3 3 3 3 3 -1 -1 -1 -1 -1 -1 -1 3 3 3 3 3
3 3 3 3 3 3 3 3 -1 3 3 3 3 3 3 3 3
15:53:12.866139 - stdout  :: 0 0
15:53:12.879477 - stdin   :: 7 4 -1 0
7 16
10 30
7 4
8 16
3 3 3 3 3 3 3 3 -1 3 3 3 3 3 3 3 3
3 3 3 3 3 -1 -1 -1 -1 -1 -1 -1 3 3 3 3 3
3 3 3 -1 -1 -1 -1 -1 -1 -1 -1 -1 -1 -1 3 3 3
3 3 -1 -1 -1 -1 -1 -1 -1 -1 -1 -1 -1 -1 -1 3 3
3 3 -1 -1 -1 -1 -1 -1 -1 -1 -1 -1 -1 -1 -1 3 3
3 -1 -1 -1 -1 -1 -1 -1 -1 -1 -1 -1 -1 -1 -1 -1 3
3 -1 -1 -1 -1 -1 -1 -1 -1 -1 -1 -1 -1 -1 -1 -1 3
3 -1 -1 -1 -1 -1 -1 -1 -1 -1 -1 -1 -1 -1 -1 -1 3
-1 -1 -1 -1 -1 -1 1 0 0 0 0 0 0 0 0 0 0
3 -1 -1 -1 -1 -1 1 0 0 0 0 0 0 0 0 0 3
3 -1 -1 -1 -1 -1 1 0 0 0 0 0 0 0 0 0 3
3 -1 -1 -1 -1 -1 1 0 0 0 0 0 0 0 0 0 3
3 3 -1 -1 -1 -1 -1 -1 -1 -1 -1 -1 -1 -1 -1 3 3
3 3 -1 -1 -1 -1 -1 -1 -1 -1 -1 -1 -1 -1 -1 3 3
3 3 3 -1 -1 -1 -1 -1 -1 -1 -1 -1 -1 -1 3 3 3
3 3 3 3 3 -1 -1 -1 -1 -1 -1 -1 3 3 3 3 3
3 3 3 3 3 3 3 3 -1 3 3 3 3 3 3 3 3
15:53:12.881489 - stdout  :: 1 1
15:53:12.895625 - stdin   :: 7 5 0 1
7 17
10 30
7 5
8 17
3 3 3 3 3 3 3 3 -1 3 3 3 3 3 3 3 3
3 3 3 3 3 -1 -1 -1 -1 -1 -1 -1 3 3 3 3 3
3 3 3 -1 -1 -1 -1 -1 -1 -1 -1 -1 -1 -1 3 3 3
3 3 -1 -1 -1 -1 -1 -1 -1 -1 -1 -1 -1 -1 -1 3 3
3 3 -1 -1 -1 -1 -1 -1 -1 -1 -1 -1 -1 -1 -1 3 3
3 -1 -1 -1 -1 -1 -1 -1 -1 -1 -1 -1 -1 -1 -1 -1 3
3 -1 -1 -1 -1 -1 -1 -1 -1 -1 -1 -1 -1 -1 -1 -1 3
3 -1 -1 -1 -1 -1 -1 -1 -1 -1 -1 -1 -1 -1 -1 -1 3
-1 -1 -1 -1 -1 1 0 0 0 0 0 0 0 0 0 0 0
3 -1 -1 -1 -1 1 0 0 0 0 0 0 0 0 0 0 3
3 -1 -1 -1 -1 1 0 0 0 0 0 0 0 0 0 0 3
3 -1 -1 -1 -1 1 0 0 0 0 0 0 0 0 0 0 3
3 3 -1 -1 -1 -1 -1 -1 -1 -1 -1 -1 -1 -1 -1 3 3
3 3 -1 -1 -1 -1 -1 -1 -1 -1 -1 -1 -1 -1 -1 3 3
3 3 3 -1 -1 -1 -1 -1 -1 -1 -1 -1 -1 -1 3 3 3
3 3 3 3 3 -1 -1 -1 -1 -1 -1 -1 3 3 3 3 3
3 3 3 3 3 3 3 3 -1 3 3 3 3 3 3 3 3
15:53:12.901837 - stdout  :: 1 -1
15:53:12.916565 - stdin   :: 8 5 1 0
8 18
10 30
8 5
7 18
3 3 3 3 3 3 3 3 -1 3 3 3 3 3 3 3 3
3 3 3 3 3 -1 -1 -1 -1 -1 -1 -1 3 3 3 3 3
3 3 3 -1 -1 -1 -1 -1 -1 -1 -1 -1 -1 -1 3 3 3
3 3 -1 -1 -1 -1 -1 -1 -1 -1 -1 -1 -1 -1 -1 3 3
3 3 -1 -1 -1 -1 -1 -1 -1 -1 -1 -1 -1 -1 -1 3 3
3 -1 -1 -1 -1 -1 -1 -1 -1 -1 -1 -1 -1 -1 -1 -1 3
3 -1 -1 -1 -1 -1 -1 -1 -1 -1 -1 -1 -1 -1 -1 -1 3
3 -1 -1 -1 -1 1 0 0 0 0 0 0 0 0 0 0 3
-1 -1 -1 -1 -1 1 0 0 0 0 0 0 0 0 0 0 0
3 -1 -1 -1 -1 1 0 0 0 0 0 0 0 0 0 0 3
3 -1 -1 -1 -1 1 0 0 0 0 0 0 0 0 0 0 3
3 -1 -1 -1 -1 -1 -1 -1 -1 -1 -1 -1 -1 -1 -1 -1 3
3 3 -1 -1 -1 -1 -1 -1 -1 -1 -1 -1 -1 -1 -1 3 3
3 3 -1 -1 -1 -1 -1 -1 -1 -1 -1 -1 -1 -1 -1 3 3
3 3 3 -1 -1 -1 -1 -1 -1 -1 -1 -1 -1 -1 3 3 3
3 3 3 3 3 -1 -1 -1 -1 -1 -1 -1 3 3 3 3 3
3 3 3 3 3 3 3 3 -1 3 3 3 3 3 3 3 3
15:53:12.918610 - stdout  :: 0 0
15:53:12.935739 - stdin   :: 9 5 1 0
8 19
10 30
9 5
7 19
3 3 3 3 3 3 3 3 -1 3 3 3 3 3 3 3 3
3 3 3 3 3 -1 -1 -1 -1 -1 -1 -1 3 3 3 3 3
3 3 3 -1 -1 -1 -1 -1 -1 -1 -1 -1 -1 -1 3 3 3
3 3 -1 -1 -1 -1 -1 -1 -1 -1 -1 -1 -1 -1 -1 3 3
3 3 -1 -1 -1 -1 -1 -1 -1 -1 -1 -1 -1 -1 -1 3 3
3 -1 -1 -1 -1 -1 -1 -1 -1 -1 -1 -1 -1 -1 -1 -1 3
3 -1 -1 -1 -1 1 0 0 0 0 0 0 0 0 0 0 3
3 -1 -1 -1 -1 1 0 0 0 0 0 0 0 0 0 0 3
-1 -1 -1 -1 -1 1 0 0 0 0 0 0 0 0 0 0 0
3 -1 -1 -1 -1 1 0 0 0 0 0 0 0 0 0 0 3
3 -1 -1 -1 -1 -1 -1 -1 -1 -1 -1 -1 -1 -1 -1 -1 3
3 -1 -1 -1 -1 -1 -1 -1 -1 -1 -1 -1 -1 -1 -1 -1 3
3 3 -1 -1 -1 -1 -1 -1 -1 -1 -1 -1 -1 -1 -1 3 3
3 3 -1 -1 -1 -1 -1 -1 -1 -1 -1 -1 -1 -1 -1 3 3
3 3 3 -1 -1 -1 -1 -1 -1 -1 -1 -1 -1 -1 3 3 3
3 3 3 3 3 -1 -1 -1 -1 -1 -1 -1 3 3 3 3 3
3 3 3 3 3 3 3 3 -1 3 3 3 3 3 3 3 3
15:53:12.937639 - stdout  :: 0 0
15:53:12.951059 - stdin   :: 10 5 1 0
7 20
10 30
10 5
8 20
3 3 3 3 3 3 3 3 -1 3 3 3 3 3 3 3 3
3 3 3 3 3 -1 -1 -1 -1 -1 -1 -1 3 3 3 3 3
3 3 3 -1 -1 -1 -1 -1 -1 -1 -1 -1 -1 -1 3 3 3
3 3 -1 -1 -1 -1 -1 -1 -1 -1 -1 -1 -1 -1 -1 3 3
3 3 -1 -1 -1 -1 -1 -1 -1 -1 -1 -1 -1 -1 -1 3 3
3 -1 -1 -1 -1 1 0 0 0 0 0 0 0 0 0 0 3
3 -1 -1 -1 -1 1 0 0 0 0 0 0 0 0 0 0 3
3 -1 -1 -1 -1 1 0 0 0 0 0 0 0 0 0 0 3
-1 -1 -1 -1 -1 1 0 0 0 0 0 0 0 0 0 0 0
3 -1 -1 -1 -1 -1 -1 -1 -1 -1 -1 -1 -1 -1 -1 -1 3
3 -1 -1 -1 -1 -1 -1 -1 -1 -1 -1 -1 -1 -1 -1 -1 3
3 -1 -1 -1 -1 -1 -1 -1 -1 -1 -1 -1 -1 -1 -1 -1 3
3 3 -1 -1 -1 -1 -1 -1 -1 -1 -1 -1 -1 -1 -1 3 3
3 3 -1 -1 -1 -1 -1 -1 -1 -1 -1 -1 -1 -1 -1 3 3
3 3 3 -1 -1 -1 -1 -1 -1 -1 -1 -1 -1 -1 3 3 3
3 3 3 3 3 -1 -1 -1 -1 -1 -1 -1 3 3 3 3 3
3 3 3 3 3 3 3 3 -1 3 3 3 3 3 3 3 3
15:53:12.952953 - stdout  :: -1 1
15:53:12.960797 - stdin   :: 10 6 0 1
7 21
10 30
10 6
8 21
3 3 3 3 3 3 3 3 -1 3 3 3 3 3 3 3 3
3 3 3 3 3 -1 -1 -1 -1 -1 -1 -1 3 3 3 3 3
3 3 3 -1 -1 -1 -1 -1 -1 -1 -1 -1 -1 -1 3 3 3
3 3 -1 -1 -1 -1 -1 -1 -1 -1 -1 -1 -1 -1 -1 3 3
3 3 -1 -1 -1 -1 -1 -1 -1 -1 -1 -1 -1 -1 -1 3 3
3 -1 -1 -1 1 0 0 0 0 0 0 0 0 0 0 0 3
3 -1 -1 -1 1 0 0 0 0 0 0 0 0 0 0 0 3
3 -1 -1 -1 1 0 0 0 0 0 0 0 0 0 0 0 3
-1 -1 -1 -1 1 0 0 0 0 0 0 0 0 0 0 0 0
3 -1 -1 -1 -1 -1 -1 -1 -1 -1 -1 -1 -1 -1 -1 -1 3
3 -1 -1 -1 -1 -1 -1 -1 -1 -1 -1 -1 -1 -1 -1 -1 3
3 -1 -1 -1 -1 -1 -1 -1 -1 -1 -1 -1 -1 -1 -1 -1 3
3 3 -1 -1 -1 -1 -1 -1 -1 -1 -1 -1 -1 -1 -1 3 3
3 3 -1 -1 -1 -1 -1 -1 -1 -1 -1 -1 -1 -1 -1 3 3
3 3 3 -1 -1 -1 -1 -1 -1 -1 -1 -1 -1 -1 3 3 3
3 3 3 3 3 -1 -1 -1 -1 -1 -1 -1 3 3 3 3 3
3 3 3 3 3 3 3 3 -1 3 3 3 3 3 3 3 3
15:53:12.962725 - stdout  :: -1 -1
15:53:12.970143 - stdin   :: 9 6 -1 0
7 22
10 30
9 6
8 22
3 3 3 3 3 3 3 3 -1 3 3 3 3 3 3 3 3
3 3 3 3 3 -1 -1 -1 -1 -1 -1 -1 3 3 3 3 3
3 3 3 -1 -1 -1 -1 -1 -1 -1 -1 -1 -1 -1 3 3 3
3 3 -1 -1 -1 -1 -1 -1 -1 -1 -1 -1 -1 -1 -1 3 3
3 3 -1 -1 -1 -1 -1 -1 -1 -1 -1 -1 -1 -1 -1 3 3
3 -1 -1 -1 -1 -1 -1 -1 -1 -1 -1 -1 -1 -1 -1 -1 3
3 -1 -1 -1 1 0 0 0 0 0 0 0 0 0 0 0 3
3 -1 -1 -1 1 0 0 0 0 0 0 0 0 0 0 0 3
-1 -1 -1 -1 1 0 0 0 0 0 0 0 0 0 0 0 0
3 -1 -1 -1 1 0 0 0 0 0 0 0 0 0 0 0 3
3 -1 -1 -1 -1 -1 -1 -1 -1 -1 -1 -1 -1 -1 -1 -1 3
3 -1 -1 -1 -1 -1 -1 -1 -1 -1 -1 -1 -1 -1 -1 -1 3
3 3 -1 -1 -1 -1 -1 -1 -1 -1 -1 -1 -1 -1 -1 3 3
3 3 -1 -1 -1 -1 -1 -1 -1 -1 -1 -1 -1 -1 -1 3 3
3 3 3 -1 -1 -1 -1 -1 -1 -1 -1 -1 -1 -1 3 3 3
3 3 3 3 3 -1 -1 -1 -1 -1 -1 -1 3 3 3 3 3
3 3 3 3 3 3 3 3 -1 3 3 3 3 3 3 3 3
15:53:12.972122 - stdout  :: 0 0
15:53:12.986238 - stdin   :: 8 6 -1 0
7 23
10 30
8 6
8 23
3 3 3 3 3 3 3 3 -1 3 3 3 3 3 3 3 3
3 3 3 3 3 -1 -1 -1 -1 -1 -1 -1 3 3 3 3 3
3 3 3 -1 -1 -1 -1 -1 -1 -1 -1 -1 -1 -1 3 3 3
3 3 -1 -1 -1 -1 -1 -1 -1 -1 -1 -1 -1 -1 -1 3 3
3 3 -1 -1 -1 -1 -1 -1 -1 -1 -1 -1 -1 -1 -1 3 3
3 -1 -1 -1 -1 -1 -1 -1 -1 -1 -1 -1 -1 -1 -1 -1 3
3 -1 -1 -1 -1 -1 -1 -1 -1 -1 -1 -1 -1 -1 -1 -1 3
3 -1 -1 -1 1 0 0 0 0 0 0 0 0 0 0 0 3
-1 -1 -1 -1 1 0 0 0 0 0 0 0 0 0 0 0 0
3 -1 -1 -1 1 0 0 0 0 0 0 0 0 0 0 0 3
3 -1 -1 -1 1 0 0 0 0 0 0 0 0 0 0 0 3
3 -1 -1 -1 -1 -1 -1 -1 -1 -1 -1 -1 -1 -1 -1 -1 3
3 3 -1 -1 -1 -1 -1 -1 -1 -1 -1 -1 -1 -1 -1 3 3
3 3 -1 -1 -1 -1 -1 -1 -1 -1 -1 -1 -1 -1 -1 3 3
3 3 3 -1 -1 -1 -1 -1 -1 -1 -1 -1 -1 -1 3 3 3
3 3 3 3 3 -1 -1 -1 -1 -1 -1 -1 3 3 3 3 3
3 3 3 3 3 3 3 3 -1 3 3 3 3 3 3 3 3
15:53:12.988367 - stdout  :: 0 0
15:53:13.003622 - stdin   :: 7 6 -1 0
7 24
10 30
7 6
8 24
3 3 3 3 3 3 3 3 -1 3 3 3 3 3 3 3 3
3 3 3 3 3 -1 -1 -1 -1 -1 -1 -1 3 3 3 3 3
3 3 3 -1 -1 -1 -1 -1 -1 -1 -1 -1 -1 -1 3 3 3
3 3 -1 -1 -1 -1 -1 -1 -1 -1 -1 -1 -1 -1 -1 3 3
3 3 -1 -1 -1 -1 -1 -1 -1 -1 -1 -1 -1 -1 -1 3 3
3 -1 -1 -1 -1 -1 -1 -1 -1 -1 -1 -1 -1 -1 -1 -1 3
3 -1 -1 -1 -1 -1 -1 -1 -1 -1 -1 -1 -1 -1 -1 -1 3
3 -1 -1 -1 -1 -1 -1 -1 -1 -1 -1 -1 -1 -1 -1 -1 3
-1 -1 -1 -1 1 0 0 0 0 0 0 0 0 0 0 0 0
3 -1 -1 -1 1 0 0 0 0 0 0 0 0 0 0 0 3
3 -1 -1 -1 1 0 0 0 0 0 0 0 0 0 0 0 3
3 -1 -1 -1 1 0 0 0 0 0 0 0 0 0 0 0 3
3 3 -1 -1 -1 -1 -1 -1 -1 -1 -1 -1 -1 -1 -1 3 3
3 3 -1 -1 -1 -1 -1 -1 -1 -1 -1 -1 -1 -1 -1 3 3
3 3 3 -1 -1 -1 -1 -1 -1 -1 -1 -1 -1 -1 3 3 3
3 3 3 3 3 -1 -1 -1 -1 -1 -1 -1 3 3 3 3 3
3 3 3 3 3 3 3 3 -1 3 3 3 3 3 3 3 3
15:53:13.005520 - stdout  :: 1 1
15:53:13.026349 - stdin   :: 7 7 0 1
7 25
10 30
7 7
8 25
3 3 3 3 3 3 3 3 -1 3 3 3 3 3 3 3 3
3 3 3 3 3 -1 -1 -1 -1 -1 -1 -1 3 3 3 3 3
3 3 3 -1 -1 -1 -1 -1 -1 -1 -1 -1 -1 -1 3 3 3
3 3 -1 -1 -1 -1 -1 -1 -1 -1 -1 -1 -1 -1 -1 3 3
3 3 -1 -1 -1 -1 -1 -1 -1 -1 -1 -1 -1 -1 -1 3 3
3 -1 -1 -1 -1 -1 -1 -1 -1 -1 -1 -1 -1 -1 -1 -1 3
3 -1 -1 -1 -1 -1 -1 -1 -1 -1 -1 -1 -1 -1 -1 -1 3
3 -1 -1 -1 -1 -1 -1 -1 -1 -1 -1 -1 -1 -1 -1 -1 3
-1 -1 -1 1 0 0 0 0 0 0 0 0 0 0 0 0 0
3 -1 -1 1 0 0 0 0 0 0 0 0 0 0 0 0 3
3 -1 -1 1 0 0 0 0 0 0 0 0 0 0 0 0 3
3 -1 -1 1 0 0 0 0 0 0 0 0 0 0 0 0 3
3 3 -1 -1 -1 -1 -1 -1 -1 -1 -1 -1 -1 -1 -1 3 3
3 3 -1 -1 -1 -1 -1 -1 -1 -1 -1 -1 -1 -1 -1 3 3
3 3 3 -1 -1 -1 -1 -1 -1 -1 -1 -1 -1 -1 3 3 3
3 3 3 3 3 -1 -1 -1 -1 -1 -1 -1 3 3 3 3 3
3 3 3 3 3 3 3 3 -1 3 3 3 3 3 3 3 3
15:53:13.028246 - stdout  :: 1 -1
15:53:13.036230 - stdin   :: 8 7 1 0
7 26
10 30
8 7
8 26
3 3 3 3 3 3 3 3 -1 3 3 3 3 3 3 3 3
3 3 3 3 3 -1 -1 -1 -1 -1 -1 -1 3 3 3 3 3
3 3 3 -1 -1 -1 -1 -1 -1 -1 -1 -1 -1 -1 3 3 3
3 3 -1 -1 -1 -1 -1 -1 -1 -1 -1 -1 -1 -1 -1 3 3
3 3 -1 -1 -1 -1 -1 -1 -1 -1 -1 -1 -1 -1 -1 3 3
3 -1 -1 -1 -1 -1 -1 -1 -1 -1 -1 -1 -1 -1 -1 -1 3
3 -1 -1 -1 -1 -1 -1 -1 -1 -1 -1 -1 -1 -1 -1 -1 3
3 -1 -1 1 0 0 0 0 0 0 0 0 0 0 0 0 3
-1 -1 -1 1 0 0 0 0 0 0 0 0 0 0 0 0 0
3 -1 -1 1 0 0 0 0 0 0 0 0 0 0 0 0 3
3 -1 -1 1 0 0 0 0 0 0 0 0 0 0 0 0 3
3 -1 -1 -1 -1 -1 -1 -1 -1 -1 -1 -1 -1 -1 -1 -1 3
3 3 -1 -1 -1 -1 -1 -1 -1 -1 -1 -1 -1 -1 -1 3 3
3 3 -1 -1 -1 -1 -1 -1 -1 -1 -1 -1 -1 -1 -1 3 3
3 3 3 -1 -1 -1 -1 -1 -1 -1 -1 -1 -1 -1 3 3 3
3 3 3 3 3 -1 -1 -1 -1 -1 -1 -1 3 3 3 3 3
3 3 3 3 3 3 3 3 -1 3 3 3 3 3 3 3 3
15:53:13.038393 - stdout  :: 0 0
15:53:13.046269 - stdin   :: 9 7 1 0
7 27
10 30
9 7
8 27
3 3 3 3 3 3 3 3 -1 3 3 3 3 3 3 3 3
3 3 3 3 3 -1 -1 -1 -1 -1 -1 -1 3 3 3 3 3
3 3 3 -1 -1 -1 -1 -1 -1 -1 -1 -1 -1 -1 3 3 3
3 3 -1 -1 -1 -1 -1 -1 -1 -1 -1 -1 -1 -1 -1 3 3
3 3 -1 -1 -1 -1 -1 -1 -1 -1 -1 -1 -1 -1 -1 3 3
3 -1 -1 -1 -1 -1 -1 -1 -1 -1 -1 -1 -1 -1 -1 -1 3
3 -1 -1 1 0 0 0 0 0 0 0 0 0 0 0 0 3
3 -1 -1 1 0 0 0 0 0 0 0 0 0 0 0 0 3
-1 -1 -1 1 0 0 0 0 0 0 0 0 0 0 0 0 0
3 -1 -1 1 0 0 0 0 0 0 0 0 0 0 0 0 3
3 -1 -1 -1 -1 -1 -1 -1 -1 -1 -1 -1 -1 -1 -1 -1 3
3 -1 -1 -1 -1 -1 -1 -1 -1 -1 -1 -1 -1 -1 -1 -1 3
3 3 -1 -1 -1 -1 -1 -1 -1 -1 -1 -1 -1 -1 -1 3 3
3 3 -1 -1 -1 -1 -1 -1 -1 -1 -1 -1 -1 -1 -1 3 3
3 3 3 -1 -1 -1 -1 -1 -1 -1 -1 -1 -1 -1 3 3 3
3 3 3 3 3 -1 -1 -1 -1 -1 -1 -1 3 3 3 3 3
3 3 3 3 3 3 3 3 -1 3 3 3 3 3 3 3 3
15:53:13.048322 - stdout  :: 0 0
15:53:13.061812 - stdin   :: 10 7 1 0
7 28
10 30
10 7
8 28
3 3 3 3 3 3 3 3 -1 3 3 3 3 3 3 3 3
3 3 3 3 3 -1 -1 -1 -1 -1 -1 -1 3 3 3 3 3
3 3 3 -1 -1 -1 -1 -1 -1 -1 -1 -1 -1 -1 3 3 3
3 3 -1 -1 -1 -1 -1 -1 -1 -1 -1 -1 -1 -1 -1 3 3
3 3 -1 -1 -1 -1 -1 -1 -1 -1 -1 -1 -1 -1 -1 3 3
3 -1 -1 1 0 0 0 0 0 0 0 0 0 0 0 0 3
3 -1 -1 1 0 0 0 0 0 0 0 0 0 0 0 0 3
3 -1 -1 1 0 0 0 0 0 0 0 0 0 0 0 0 3
-1 -1 -1 1 0 0 0 0 0 0 0 0 0 0 0 0 0
3 -1 -1 -1 -1 -1 -1 -1 -1 -1 -1 -1 -1 -1 -1 -1 3
3 -1 -1 -1 -1 -1 -1 -1 -1 -1 -1 -1 -1 -1 -1 -1 3
3 -1 -1 -1 -1 -1 -1 -1 -1 -1 -1 -1 -1 -1 -1 -1 3
3 3 -1 -1 -1 -1 -1 -1 -1 -1 -1 -1 -1 -1 -1 3 3
3 3 -1 -1 -1 -1 -1 -1 -1 -1 -1 -1 -1 -1 -1 3 3
3 3 3 -1 -1 -1 -1 -1 -1 -1 -1 -1 -1 -1 3 3 3
3 3 3 3 3 -1 -1 -1 -1 -1 -1 -1 3 3 3 3 3
3 3 3 3 3 3 3 3 -1 3 3 3 3 3 3 3 3
15:53:13.063938 - stdout  :: -1 1
15:53:13.076991 - stdin   :: 10 8 0 1
7 29
10 30
10 8
8 29
3 3 3 3 3 3 3 3 -1 3 3 3 3 3 3 3 3
3 3 3 3 3 -1 -1 -1 -1 -1 -1 -1 3 3 3 3 3
3 3 3 -1 -1 -1 -1 -1 -1 -1 -1 -1 -1 -1 3 3 3
3 3 -1 -1 -1 -1 -1 -1 -1 -1 -1 -1 -1 -1 -1 3 3
3 3 -1 -1 -1 -1 -1 -1 -1 -1 -1 -1 -1 -1 -1 3 3
3 -1 1 0 0 0 0 0 0 0 0 0 0 0 0 0 3
3 -1 1 0 0 0 0 0 0 0 0 0 0 0 0 0 3
3 -1 1 0 0 0 0 0 0 0 0 0 0 0 0 0 3
-1 -1 1 0 0 0 0 0 0 0 0 0 0 0 0 0 0
3 -1 -1 -1 -1 -1 -1 -1 -1 -1 -1 -1 -1 -1 -1 -1 3
3 -1 -1 -1 -1 -1 -1 -1 -1 -1 -1 -1 -1 -1 -1 -1 3
3 -1 -1 -1 -1 -1 -1 -1 -1 -1 -1 -1 -1 -1 -1 -1 3
3 3 -1 -1 -1 -1 -1 -1 -1 -1 -1 -1 -1 -1 -1 3 3
3 3 -1 -1 -1 -1 -1 -1 -1 -1 -1 -1 -1 -1 -1 3 3
3 3 3 -1 -1 -1 -1 -1 -1 -1 -1 -1 -1 -1 3 3 3
3 3 3 3 3 -1 -1 -1 -1 -1 -1 -1 3 3 3 3 3
3 3 3 3 3 3 3 3 -1 3 3 3 3 3 3 3 3
15:53:13.079090 - stdout  :: -1 -1
15:53:13.080458 - stdin   :: 9 8 -1 0
7 29
10 30
9 8
8 29
3 3 3 3 3 3 3 3 -1 3 3 3 3 3 3 3 3
3 3 3 3 3 -1 -1 -1 -1 -1 -1 -1 3 3 3 3 3
3 3 3 -1 -1 -1 -1 -1 -1 -1 -1 -1 -1 -1 3 3 3
3 3 -1 -1 -1 -1 -1 -1 -1 -1 -1 -1 -1 -1 -1 3 3
3 3 -1 -1 -1 -1 -1 -1 -1 -1 -1 -1 -1 -1 -1 3 3
3 -1 -1 -1 -1 -1 -1 -1 -1 -1 -1 -1 -1 -1 -1 -1 3
3 -1 1 0 0 0 0 0 0 0 0 0 0 0 0 0 3
3 -1 1 0 0 0 0 0 0 0 0 0 0 0 0 0 3
-1 -1 1 0 0 0 0 0 0 0 0 0 0 0 0 0 0
3 -1 1 0 0 0 0 0 0 0 0 0 0 0 0 0 3
3 -1 -1 -1 -1 -1 -1 -1 -1 -1 -1 -1 -1 -1 -1 -1 3
3 -1 -1 -1 -1 -1 -1 -1 -1 -1 -1 -1 -1 -1 -1 -1 3
3 3 -1 -1 -1 -1 -1 -1 -1 -1 -1 -1 -1 -1 -1 3 3
3 3 -1 -1 -1 -1 -1 -1 -1 -1 -1 -1 -1 -1 -1 3 3
3 3 3 -1 -1 -1 -1 -1 -1 -1 -1 -1 -1 -1 3 3 3
3 3 3 3 3 -1 -1 -1 -1 -1 -1 -1 3 3 3 3 3
3 3 3 3 3 3 3 3 -1 3 3 3 3 3 3 3 3
15:53:13.082877 - stdout  :: 0 0
15:53:13.084110 - stdin   :: 8 8 -1 0
7 29
10 30
8 8
8 29
3 3 3 3 3 3 3 3 -1 3 3 3 3 3 3 3 3
3 3 3 3 3 -1 -1 -1 -1 -1 -1 -1 3 3 3 3 3
3 3 3 -1 -1 -1 -1 -1 -1 -1 -1 -1 -1 -1 3 3 3
3 3 -1 -1 -1 -1 -1 -1 -1 -1 -1 -1 -1 -1 -1 3 3
3 3 -1 -1 -1 -1 -1 -1 -1 -1 -1 -1 -1 -1 -1 3 3
3 -1 -1 -1 -1 -1 -1 -1 -1 -1 -1 -1 -1 -1 -1 -1 3
3 -1 -1 -1 -1 -1 -1 -1 -1 -1 -1 -1 -1 -1 -1 -1 3
3 -1 1 0 0 0 0 0 0 0 0 0 0 0 0 0 3
-1 -1 1 0 0 0 0 0 0 0 0 0 0 0 0 0 0
3 -1 1 0 0 0 0 0 0 0 0 0 0 0 0 0 3
3 -1 1 0 0 0 0 0 0 0 0 0 0 0 0 0 3
3 -1 -1 -1 -1 -1 -1 -1 -1 -1 -1 -1 -1 -1 -1 -1 3
3 3 -1 -1 -1 -1 -1 -1 -1 -1 -1 -1 -1 -1 -1 3 3
3 3 -1 -1 -1 -1 -1 -1 -1 -1 -1 -1 -1 -1 -1 3 3
3 3 3 -1 -1 -1 -1 -1 -1 -1 -1 -1 -1 -1 3 3 3
3 3 3 3 3 -1 -1 -1 -1 -1 -1 -1 3 3 3 3 3
3 3 3 3 3 3 3 3 -1 3 3 3 3 3 3 3 3
15:53:13.086248 - stdout  :: 0 0
15:53:13.087446 - stdin   :: 7 8 -1 0
7 29
10 30
7 8
8 29
3 3 3 3 3 3 3 3 -1 3 3 3 3 3 3 3 3
3 3 3 3 3 -1 -1 -1 -1 -1 -1 -1 3 3 3 3 3
3 3 3 -1 -1 -1 -1 -1 -1 -1 -1 -1 -1 -1 3 3 3
3 3 -1 -1 -1 -1 -1 -1 -1 -1 -1 -1 -1 -1 -1 3 3
3 3 -1 -1 -1 -1 -1 -1 -1 -1 -1 -1 -1 -1 -1 3 3
3 -1 -1 -1 -1 -1 -1 -1 -1 -1 -1 -1 -1 -1 -1 -1 3
3 -1 -1 -1 -1 -1 -1 -1 -1 -1 -1 -1 -1 -1 -1 -1 3
3 -1 -1 -1 -1 -1 -1 -1 -1 -1 -1 -1 -1 -1 -1 -1 3
-1 -1 1 0 0 0 0 0 0 0 0 0 0 0 0 0 0
3 -1 1 0 0 0 0 0 0 0 0 0 0 0 0 0 3
3 -1 1 0 0 0 0 0 0 0 0 0 0 0 0 0 3
3 -1 1 0 0 0 0 0 0 0 0 0 0 0 0 0 3
3 3 -1 -1 -1 -1 -1 -1 -1 -1 -1 -1 -1 -1 -1 3 3
3 3 -1 -1 -1 -1 -1 -1 -1 -1 -1 -1 -1 -1 -1 3 3
3 3 3 -1 -1 -1 -1 -1 -1 -1 -1 -1 -1 -1 3 3 3
3 3 3 3 3 -1 -1 -1 -1 -1 -1 -1 3 3 3 3 3
3 3 3 3 3 3 3 3 -1 3 3 3 3 3 3 3 3
15:53:13.089485 - stdout  :: 1 1
15:53:13.090587 - stdin   :: 7 9 0 1
7 29
10 30
7 9
8 29
3 3 3 3 3 3 3 3 -1 3 3 3 3 3 3 3 3
3 3 3 3 3 -1 -1 -1 -1 -1 -1 -1 3 3 3 3 3
3 3 3 -1 -1 -1 -1 -1 -1 -1 -1 -1 -1 -1 3 3 3
3 3 -1 -1 -1 -1 -1 -1 -1 -1 -1 -1 -1 -1 -1 3 3
3 3 -1 -1 -1 -1 -1 -1 -1 -1 -1 -1 -1 -1 -1 3 3
3 -1 -1 -1 -1 -1 -1 -1 -1 -1 -1 -1 -1 -1 -1 -1 3
3 -1 -1 -1 -1 -1 -1 -1 -1 -1 -1 -1 -1 -1 -1 -1 3
3 -1 -1 -1 -1 -1 -1 -1 -1 -1 -1 -1 -1 -1 -1 -1 3
-1 1 0 0 0 0 0 0 0 0 0 0 0 0 0 0 0
3 1 0 0 0 0 0 0 0 0 0 0 0 0 0 0 3
3 1 0 0 0 0 0 0 0 0 0 0 0 0 0 0 3
3 1 0 0 0 0 0 0 0 0 0 0 0 0 0 0 3
3 3 -1 -1 -1 -1 -1 -1 -1 -1 -1 -1 -1 -1 -1 3 3
3 3 -1 -1 -1 -1 -1 -1 -1 -1 -1 -1 -1 -1 -1 3 3
3 3 3 -1 -1 -1 -1 -1 -1 -1 -1 -1 -1 -1 3 3 3
3 3 3 3 3 -1 -1 -1 -1 -1 -1 -1 3 3 3 3 3
3 3 3 3 3 3 3 3 -1 3 3 3 3 3 3 3 3
15:53:13.092707 - stdout  :: 1 -1
15:53:13.093852 - stdin   :: 8 9 1 0
7 29
10 30
8 9
8 29
3 3 3 3 3 3 3 3 -1 3 3 3 3 3 3 3 3
3 3 3 3 3 -1 -1 -1 -1 -1 -1 -1 3 3 3 3 3
3 3 3 -1 -1 -1 -1 -1 -1 -1 -1 -1 -1 -1 3 3 3
3 3 -1 -1 -1 -1 -1 -1 -1 -1 -1 -1 -1 -1 -1 3 3
3 3 -1 -1 -1 -1 -1 -1 -1 -1 -1 -1 -1 -1 -1 3 3
3 -1 -1 -1 -1 -1 -1 -1 -1 -1 -1 -1 -1 -1 -1 -1 3
3 -1 -1 -1 -1 -1 -1 -1 -1 -1 -1 -1 -1 -1 -1 -1 3
3 1 0 0 0 0 0 0 0 0 0 0 0 0 0 0 3
-1 1 0 0 0 0 0 0 0 0 0 0 0 0 0 0 0
3 1 0 0 0 0 0 0 0 0 0 0 0 0 0 0 3
3 1 0 0 0 0 0 0 0 0 0 0 0 0 0 0 3
3 -1 -1 -1 -1 -1 -1 -1 -1 -1 -1 -1 -1 -1 -1 -1 3
3 3 -1 -1 -1 -1 -1 -1 -1 -1 -1 -1 -1 -1 -1 3 3
3 3 -1 -1 -1 -1 -1 -1 -1 -1 -1 -1 -1 -1 -1 3 3
3 3 3 -1 -1 -1 -1 -1 -1 -1 -1 -1 -1 -1 3 3 3
3 3 3 3 3 -1 -1 -1 -1 -1 -1 -1 3 3 3 3 3
3 3 3 3 3 3 3 3 -1 3 3 3 3 3 3 3 3
15:53:13.096062 - stdout  :: 0 0
15:53:13.097186 - stdin   :: 9 9 1 0
7 29
10 30
9 9
8 29
3 3 3 3 3 3 3 3 -1 3 3 3 3 3 3 3 3
3 3 3 3 3 -1 -1 -1 -1 -1 -1 -1 3 3 3 3 3
3 3 3 -1 -1 -1 -1 -1 -1 -1 -1 -1 -1 -1 3 3 3
3 3 -1 -1 -1 -1 -1 -1 -1 -1 -1 -1 -1 -1 -1 3 3
3 3 -1 -1 -1 -1 -1 -1 -1 -1 -1 -1 -1 -1 -1 3 3
3 -1 -1 -1 -1 -1 -1 -1 -1 -1 -1 -1 -1 -1 -1 -1 3
3 1 0 0 0 0 0 0 0 0 0 0 0 0 0 0 3
3 1 0 0 0 0 0 0 0 0 0 0 0 0 0 0 3
-1 1 0 0 0 0 0 0 0 0 0 0 0 0 0 0 0
3 1 0 0 0 0 0 0 0 0 0 0 0 0 0 0 3
3 -1 -1 -1 -1 -1 -1 -1 -1 -1 -1 -1 -1 -1 -1 -1 3
3 -1 -1 -1 -1 -1 -1 -1 -1 -1 -1 -1 -1 -1 -1 -1 3
3 3 -1 -1 -1 -1 -1 -1 -1 -1 -1 -1 -1 -1 -1 3 3
3 3 -1 -1 -1 -1 -1 -1 -1 -1 -1 -1 -1 -1 -1 3 3
3 3 3 -1 -1 -1 -1 -1 -1 -1 -1 -1 -1 -1 3 3 3
3 3 3 3 3 -1 -1 -1 -1 -1 -1 -1 3 3 3 3 3
3 3 3 3 3 3 3 3 -1 3 3 3 3 3 3 3 3
15:53:13.099360 - stdout  :: 0 0
15:53:13.100490 - stdin   :: 10 9 1 0
7 29
10 30
10 9
8 29
3 3 3 3 3 3 3 3 -1 3 3 3 3 3 3 3 3
3 3 3 3 3 -1 -1 -1 -1 -1 -1 -1 3 3 3 3 3
3 3 3 -1 -1 -1 -1 -1 -1 -1 -1 -1 -1 -1 3 3 3
3 3 -1 -1 -1 -1 -1 -1 -1 -1 -1 -1 -1 -1 -1 3 3
3 3 -1 -1 -1 -1 -1 -1 -1 -1 -1 -1 -1 -1 -1 3 3
3 1 0 0 0 0 0 0 0 0 0 0 0 0 0 0 3
3 1 0 0 0 0 0 0 0 0 0 0 0 0 0 0 3
3 1 0 0 0 0 0 0 0 0 0 0 0 0 0 0 3
-1 1 0 0 0 0 0 0 0 0 0 0 0 0 0 0 0
3 -1 -1 -1 -1 -1 -1 -1 -1 -1 -1 -1 -1 -1 -1 -1 3
3 -1 -1 -1 -1 -1 -1 -1 -1 -1 -1 -1 -1 -1 -1 -1 3
3 -1 -1 -1 -1 -1 -1 -1 -1 -1 -1 -1 -1 -1 -1 -1 3
3 3 -1 -1 -1 -1 -1 -1 -1 -1 -1 -1 -1 -1 -1 3 3
3 3 -1 -1 -1 -1 -1 -1 -1 -1 -1 -1 -1 -1 -1 3 3
3 3 3 -1 -1 -1 -1 -1 -1 -1 -1 -1 -1 -1 3 3 3
3 3 3 3 3 -1 -1 -1 -1 -1 -1 -1 3 3 3 3 3
3 3 3 3 3 3 3 3 -1 3 3 3 3 3 3 3 3
15:53:13.102945 - stdout  :: -1 1
15:53:13.104299 - stdin   :: 10 10 0 1
7 29
10 30
10 10
8 29
3 3 3 3 3 3 3 3 -1 3 3 3 3 3 3 3 3
3 3 3 3 3 -1 -1 -1 -1 -1 -1 -1 3 3 3 3 3
3 3 3 -1 -1 -1 -1 -1 -1 -1 -1 -1 -1 -1 3 3 3
3 3 -1 -1 -1 -1 -1 -1 -1 -1 -1 -1 -1 -1 -1 3 3
3 3 -1 -1 -1 -1 -1 -1 -1 -1 -1 -1 -1 -1 -1 3 3
3 0 0 0 0 0 0 0 0 0 0 0 0 0 0 0 3
3 0 0 0 0 0 0 0 0 0 0 0 0 0 0 0 3
3 0 0 0 0 0 0 0 0 0 0 0 0 0 0 0 3
1 0 0 0 0 0 0 0 0 0 0 0 0 0 0 0 0
3 -1 -1 -1 -1 -1 -1 -1 -1 -1 -1 -1 -1 -1 -1 -1 3
3 -1 -1 -1 -1 -1 -1 -1 -1 -1 -1 -1 -1 -1 -1 -1 3
3 -1 -1 -1 -1 -1 -1 -1 -1 -1 -1 -1 -1 -1 -1 -1 3
3 3 -1 -1 -1 -1 -1 -1 -1 -1 -1 -1 -1 -1 -1 3 3
3 3 -1 -1 -1 -1 -1 -1 -1 -1 -1 -1 -1 -1 -1 3 3
3 3 3 -1 -1 -1 -1 -1 -1 -1 -1 -1 -1 -1 3 3 3
3 3 3 3 3 -1 -1 -1 -1 -1 -1 -1 3 3 3 3 3
3 3 3 3 3 3 3 3 -1 3 3 3 3 3 3 3 3
15:53:13.106755 - stdout  :: -1 -1
15:53:13.108187 - stdin   :: 9 10 -1 0
7 29
10 30
9 10
8 29
3 3 3 3 3 3 3 3 -1 3 3 3 3 3 3 3 3
3 3 3 3 3 -1 -1 -1 -1 -1 -1 -1 3 3 3 3 3
3 3 3 -1 -1 -1 -1 -1 -1 -1 -1 -1 -1 -1 3 3 3
3 3 -1 -1 -1 -1 -1 -1 -1 -1 -1 -1 -1 -1 -1 3 3
3 3 -1 -1 -1 -1 -1 -1 -1 -1 -1 -1 -1 -1 -1 3 3
3 -1 -1 -1 -1 -1 -1 -1 -1 -1 -1 -1 -1 -1 -1 -1 3
3 0 0 0 0 0 0 0 0 0 0 0 0 0 0 0 3
3 0 0 0 0 0 0 0 0 0 0 0 0 0 0 0 3
1 0 0 0 0 0 0 0 0 0 0 0 0 0 0 0 0
3 0 0 0 0 0 0 0 0 0 0 0 0 0 0 0 3
3 -1 -1 -1 -1 -1 -1 -1 -1 -1 -1 -1 -1 -1 -1 -1 3
3 -1 -1 -1 -1 -1 -1 -1 -1 -1 -1 -1 -1 -1 -1 -1 3
3 3 -1 -1 -1 -1 -1 -1 -1 -1 -1 -1 -1 -1 -1 3 3
3 3 -1 -1 -1 -1 -1 -1 -1 -1 -1 -1 -1 -1 -1 3 3
3 3 3 -1 -1 -1 -1 -1 -1 -1 -1 -1 -1 -1 3 3 3
3 3 3 3 3 -1 -1 -1 -1 -1 -1 -1 3 3 3 3 3
3 3 3 3 3 3 3 3 -1 3 3 3 3 3 3 3 3
15:53:13.113400 - stdout  :: 0 0
15:53:13.116573 - stdin   :: 8 10 -1 0
7 29
10 30
8 10
8 29
3 3 3 3 3 3 3 3 -1 3 3 3 3 3 3 3 3
3 3 3 3 3 -1 -1 -1 -1 -1 -1 -1 3 3 3 3 3
3 3 3 -1 -1 -1 -1 -1 -1 -1 -1 -1 -1 -1 3 3 3
3 3 -1 -1 -1 -1 -1 -1 -1 -1 -1 -1 -1 -1 -1 3 3
3 3 -1 -1 -1 -1 -1 -1 -1 -1 -1 -1 -1 -1 -1 3 3
3 -1 -1 -1 -1 -1 -1 -1 -1 -1 -1 -1 -1 -1 -1 -1 3
3 -1 -1 -1 -1 -1 -1 -1 -1 -1 -1 -1 -1 -1 -1 -1 3
3 0 0 0 0 0 0 0 0 0 0 0 0 0 0 0 3
1 0 0 0 0 0 0 0 0 0 0 0 0 0 0 0 0
3 0 0 0 0 0 0 0 0 0 0 0 0 0 0 0 3
3 0 0 0 0 0 0 0 0 0 0 0 0 0 0 0 3
3 -1 -1 -1 -1 -1 -1 -1 -1 -1 -1 -1 -1 -1 -1 -1 3
3 3 -1 -1 -1 -1 -1 -1 -1 -1 -1 -1 -1 -1 -1 3 3
3 3 -1 -1 -1 -1 -1 -1 -1 -1 -1 -1 -1 -1 -1 3 3
3 3 3 -1 -1 -1 -1 -1 -1 -1 -1 -1 -1 -1 3 3 3
3 3 3 3 3 -1 -1 -1 -1 -1 -1 -1 3 3 3 3 3
3 3 3 3 3 3 3 3 -1 3 3 3 3 3 3 3 3
15:53:13.119209 - stdout  :: 0 0
15:53:13.121389 - stdin   :: 7 10 -1 0
7 29
10 30
7 10
8 29
3 3 3 3 3 3 3 3 -1 3 3 3 3 3 3 3 3
3 3 3 3 3 -1 -1 -1 -1 -1 -1 -1 3 3 3 3 3
3 3 3 -1 -1 -1 -1 -1 -1 -1 -1 -1 -1 -1 3 3 3
3 3 -1 -1 -1 -1 -1 -1 -1 -1 -1 -1 -1 -1 -1 3 3
3 3 -1 -1 -1 -1 -1 -1 -1 -1 -1 -1 -1 -1 -1 3 3
3 -1 -1 -1 -1 -1 -1 -1 -1 -1 -1 -1 -1 -1 -1 -1 3
3 -1 -1 -1 -1 -1 -1 -1 -1 -1 -1 -1 -1 -1 -1 -1 3
3 -1 -1 -1 -1 -1 -1 -1 -1 -1 -1 -1 -1 -1 -1 -1 3
1 0 0 0 0 0 0 0 0 0 0 0 0 0 0 0 0
3 0 0 0 0 0 0 0 0 0 0 0 0 0 0 0 3
3 0 0 0 0 0 0 0 0 0 0 0 0 0 0 0 3
3 0 0 0 0 0 0 0 0 0 0 0 0 0 0 0 3
3 3 -1 -1 -1 -1 -1 -1 -1 -1 -1 -1 -1 -1 -1 3 3
3 3 -1 -1 -1 -1 -1 -1 -1 -1 -1 -1 -1 -1 -1 3 3
3 3 3 -1 -1 -1 -1 -1 -1 -1 -1 -1 -1 -1 3 3 3
3 3 3 3 3 -1 -1 -1 -1 -1 -1 -1 3 3 3 3 3
3 3 3 3 3 3 3 3 -1 3 3 3 3 3 3 3 3
15:53:13.125097 - stdout  :: 1 1
15:53:13.127865 - stdin   :: 7 11 0 1
7 29
10 30
7 11
8 29
3 3 3 3 3 3 3 3 -1 3 3 3 3 3 3 3 3
3 3 3 3 3 -1 -1 -1 -1 -1 -1 -1 3 3 3 3 3
3 3 3 -1 -1 -1 -1 -1 -1 -1 -1 -1 -1 -1 3 3 3
3 3 -1 -1 -1 -1 -1 -1 -1 -1 -1 -1 -1 -1 -1 3 3
3 3 -1 -1 -1 -1 -1 -1 -1 -1 -1 -1 -1 -1 -1 3 3
3 -1 -1 -1 -1 -1 -1 -1 -1 -1 -1 -1 -1 -1 -1 -1 3
3 -1 -1 -1 -1 -1 -1 -1 -1 -1 -1 -1 -1 -1 -1 -1 3
3 -1 -1 -1 -1 -1 -1 -1 -1 -1 -1 -1 -1 -1 -1 -1 3
0 0 0 0 0 0 0 0 0 0 0 0 0 0 0 0 0
3 0 0 0 0 0 0 0 0 0 0 0 0 0 0 0 3
3 0 0 0 0 0 0 0 0 0 0 0 0 0 0 0 3
3 0 0 0 0 0 0 0 0 0 0 0 0 0 0 0 3
3 3 -1 -1 -1 -1 -1 -1 -1 -1 -1 -1 -1 -1 -1 3 3
3 3 -1 -1 -1 -1 -1 -1 -1 -1 -1 -1 -1 -1 -1 3 3
3 3 3 -1 -1 -1 -1 -1 -1 -1 -1 -1 -1 -1 3 3 3
3 3 3 3 3 -1 -1 -1 -1 -1 -1 -1 3 3 3 3 3
3 3 3 3 3 3 3 3 -1 3 3 3 3 3 3 3 3
15:53:13.132064 - stdout  :: 1 -1
15:53:13.133619 - stdin   :: 8 11 1 0
7 29
10 30
8 11
8 29
3 3 3 3 3 3 3 3 -1 3 3 3 3 3 3 3 3
3 3 3 3 3 -1 -1 -1 -1 -1 -1 -1 3 3 3 3 3
3 3 3 -1 -1 -1 -1 -1 -1 -1 -1 -1 -1 -1 3 3 3
3 3 -1 -1 -1 -1 -1 -1 -1 -1 -1 -1 -1 -1 -1 3 3
3 3 -1 -1 -1 -1 -1 -1 -1 -1 -1 -1 -1 -1 -1 3 3
3 -1 -1 -1 -1 -1 -1 -1 -1 -1 -1 -1 -1 -1 -1 -1 3
3 -1 -1 -1 -1 -1 -1 -1 -1 -1 -1 -1 -1 -1 -1 -1 3
3 0 0 0 0 0 0 0 0 0 0 0 0 0 0 0 3
0 0 0 0 0 0 0 0 0 0 0 0 0 0 0 0 0
3 0 0 0 0 0 0 0 0 0 0 0 0 0 0 0 3
3 0 0 0 0 0 0 0 0 0 0 0 0 0 0 0 3
3 -1 -1 -1 -1 -1 -1 -1 -1 -1 -1 -1 -1 -1 -1 -1 3
3 3 -1 -1 -1 -1 -1 -1 -1 -1 -1 -1 -1 -1 -1 3 3
3 3 -1 -1 -1 -1 -1 -1 -1 -1 -1 -1 -1 -1 -1 3 3
3 3 3 -1 -1 -1 -1 -1 -1 -1 -1 -1 -1 -1 3 3 3
3 3 3 3 3 -1 -1 -1 -1 -1 -1 -1 3 3 3 3 3
3 3 3 3 3 3 3 3 -1 3 3 3 3 3 3 3 3
15:53:13.136608 - stdout  :: 0 0
15:53:13.138262 - stdin   :: 9 11 1 0
7 29
10 30
9 11
8 29
3 3 3 3 3 3 3 3 -1 3 3 3 3 3 3 3 3
3 3 3 3 3 -1 -1 -1 -1 -1 -1 -1 3 3 3 3 3
3 3 3 -1 -1 -1 -1 -1 -1 -1 -1 -1 -1 -1 3 3 3
3 3 -1 -1 -1 -1 -1 -1 -1 -1 -1 -1 -1 -1 -1 3 3
3 3 -1 -1 -1 -1 -1 -1 -1 -1 -1 -1 -1 -1 -1 3 3
3 -1 -1 -1 -1 -1 -1 -1 -1 -1 -1 -1 -1 -1 -1 -1 3
3 0 0 0 0 0 0 0 0 0 0 0 0 0 0 0 3
3 0 0 0 0 0 0 0 0 0 0 0 0 0 0 0 3
0 0 0 0 0 0 0 0 0 0 0 0 0 0 0 0 0
3 0 0 0 0 0 0 0 0 0 0 0 0 0 0 0 3
3 -1 -1 -1 -1 -1 -1 -1 -1 -1 -1 -1 -1 -1 -1 -1 3
3 -1 -1 -1 -1 -1 -1 -1 -1 -1 -1 -1 -1 -1 -1 -1 3
3 3 -1 -1 -1 -1 -1 -1 -1 -1 -1 -1 -1 -1 -1 3 3
3 3 -1 -1 -1 -1 -1 -1 -1 -1 -1 -1 -1 -1 -1 3 3
3 3 3 -1 -1 -1 -1 -1 -1 -1 -1 -1 -1 -1 3 3 3
3 3 3 3 3 -1 -1 -1 -1 -1 -1 -1 3 3 3 3 3
3 3 3 3 3 3 3 3 -1 3 3 3 3 3 3 3 3
15:53:13.140947 - stdout  :: 0 0
15:53:13.142486 - stdin   :: 10 11 1 0
7 29
10 30
10 11
8 29
3 3 3 3 3 3 3 3 -1 3 3 3 3 3 3 3 3
3 3 3 3 3 -1 -1 -1 -1 -1 -1 -1 3 3 3 3 3
3 3 3 -1 -1 -1 -1 -1 -1 -1 -1 -1 -1 -1 3 3 3
3 3 -1 -1 -1 -1 -1 -1 -1 -1 -1 -1 -1 -1 -1 3 3
3 3 -1 -1 -1 -1 -1 -1 -1 -1 -1 -1 -1 -1 -1 3 3
3 0 0 0 0 0 0 0 0 0 0 0 0 0 0 0 3
3 0 0 0 0 0 0 0 0 0 0 0 0 0 0 0 3
3 0 0 0 0 0 0 0 0 0 0 0 0 0 0 0 3
0 0 0 0 0 0 0 0 0 0 0 0 0 0 0 0 0
3 -1 -1 -1 -1 -1 -1 -1 -1 -1 -1 -1 -1 -1 -1 -1 3
3 -1 -1 -1 -1 -1 -1 -1 -1 -1 -1 -1 -1 -1 -1 -1 3
3 -1 -1 -1 -1 -1 -1 -1 -1 -1 -1 -1 -1 -1 -1 -1 3
3 3 -1 -1 -1 -1 -1 -1 -1 -1 -1 -1 -1 -1 -1 3 3
3 3 -1 -1 -1 -1 -1 -1 -1 -1 -1 -1 -1 -1 -1 3 3
3 3 3 -1 -1 -1 -1 -1 -1 -1 -1 -1 -1 -1 3 3 3
3 3 3 3 3 -1 -1 -1 -1 -1 -1 -1 3 3 3 3 3
3 3 3 3 3 3 3 3 -1 3 3 3 3 3 3 3 3
15:53:13.145288 - stdout  :: -1 1
15:53:13.146926 - stdin   :: 10 12 0 1
7 29
10 30
10 12
8 29
3 3 3 3 3 3 3 3 -1 3 3 3 3 3 3 3 3
3 3 3 3 3 -1 -1 -1 -1 -1 -1 -1 3 3 3 3 3
3 3 3 -1 -1 -1 -1 -1 -1 -1 -1 -1 -1 -1 3 3 3
3 3 -1 -1 -1 -1 -1 -1 -1 -1 -1 -1 -1 -1 -1 3 3
3 3 -1 -1 -1 -1 -1 -1 -1 -1 -1 -1 -1 -1 -1 3 3
3 0 0 0 0 0 0 0 0 0 0 0 0 0 0 0 3
3 0 0 0 0 0 0 0 0 0 0 0 0 0 0 0 3
3 0 0 0 0 0 0 0 0 0 0 0 0 0 0 0 3
0 0 0 0 0 0 0 0 0 0 0 0 0 0 0 0 0
3 -1 -1 -1 -1 -1 -1 -1 -1 -1 -1 -1 -1 -1 -1 -1 3
3 -1 -1 -1 -1 -1 -1 -1 -1 -1 -1 -1 -1 -1 -1 -1 3
3 -1 -1 -1 -1 -1 -1 -1 -1 -1 -1 -1 -1 -1 -1 -1 3
3 3 -1 -1 -1 -1 -1 -1 -1 -1 -1 -1 -1 -1 -1 3 3
3 3 -1 -1 -1 -1 -1 -1 -1 -1 -1 -1 -1 -1 -1 3 3
3 3 3 -1 -1 -1 -1 -1 -1 -1 -1 -1 -1 -1 3 3 3
3 3 3 3 3 -1 -1 -1 -1 -1 -1 -1 3 3 3 3 3
3 3 3 3 3 3 3 3 -1 3 3 3 3 3 3 3 3
15:53:13.149633 - stdout  :: -1 -1
15:53:13.151581 - stdin   :: 9 12 -1 0
7 29
10 30
9 12
8 29
3 3 3 3 3 3 3 3 -1 3 3 3 3 3 3 3 3
3 3 3 3 3 -1 -1 -1 -1 -1 -1 -1 3 3 3 3 3
3 3 3 -1 -1 -1 -1 -1 -1 -1 -1 -1 -1 -1 3 3 3
3 3 -1 -1 -1 -1 -1 -1 -1 -1 -1 -1 -1 -1 -1 3 3
3 3 -1 -1 -1 -1 -1 -1 -1 -1 -1 -1 -1 -1 -1 3 3
3 -1 -1 -1 -1 -1 -1 -1 -1 -1 -1 -1 -1 -1 -1 -1 3
3 0 0 0 0 0 0 0 0 0 0 0 0 0 0 0 3
3 0 0 0 0 0 0 0 0 0 0 0 0 0 0 0 3
0 0 0 0 0 0 0 0 0 0 0 0 0 0 0 0 0
3 0 0 0 0 0 0 0 0 0 0 0 0 0 0 0 3
3 -1 -1 -1 -1 -1 -1 -1 -1 -1 -1 -1 -1 -1 -1 -1 3
3 -1 -1 -1 -1 -1 -1 -1 -1 -1 -1 -1 -1 -1 -1 -1 3
3 3 -1 -1 -1 -1 -1 -1 -1 -1 -1 -1 -1 -1 -1 3 3
3 3 -1 -1 -1 -1 -1 -1 -1 -1 -1 -1 -1 -1 -1 3 3
3 3 3 -1 -1 -1 -1 -1 -1 -1 -1 -1 -1 -1 3 3 3
3 3 3 3 3 -1 -1 -1 -1 -1 -1 -1 3 3 3 3 3
3 3 3 3 3 3 3 3 -1 3 3 3 3 3 3 3 3
15:53:13.155005 - stdout  :: 0 0
15:53:13.156619 - stdin   :: 8 12 -1 0
7 29
10 30
8 12
8 29
3 3 3 3 3 3 3 3 -1 3 3 3 3 3 3 3 3
3 3 3 3 3 -1 -1 -1 -1 -1 -1 -1 3 3 3 3 3
3 3 3 -1 -1 -1 -1 -1 -1 -1 -1 -1 -1 -1 3 3 3
3 3 -1 -1 -1 -1 -1 -1 -1 -1 -1 -1 -1 -1 -1 3 3
3 3 -1 -1 -1 -1 -1 -1 -1 -1 -1 -1 -1 -1 -1 3 3
3 -1 -1 -1 -1 -1 -1 -1 -1 -1 -1 -1 -1 -1 -1 -1 3
3 -1 -1 -1 -1 -1 -1 -1 -1 -1 -1 -1 -1 -1 -1 -1 3
3 0 0 0 0 0 0 0 0 0 0 0 0 0 0 0 3
0 0 0 0 0 0 0 0 0 0 0 0 0 0 0 0 0
3 0 0 0 0 0 0 0 0 0 0 0 0 0 0 0 3
3 0 0 0 0 0 0 0 0 0 0 0 0 0 0 0 3
3 -1 -1 -1 -1 -1 -1 -1 -1 -1 -1 -1 -1 -1 -1 -1 3
3 3 -1 -1 -1 -1 -1 -1 -1 -1 -1 -1 -1 -1 -1 3 3
3 3 -1 -1 -1 -1 -1 -1 -1 -1 -1 -1 -1 -1 -1 3 3
3 3 3 -1 -1 -1 -1 -1 -1 -1 -1 -1 -1 -1 3 3 3
3 3 3 3 3 -1 -1 -1 -1 -1 -1 -1 3 3 3 3 3
3 3 3 3 3 3 3 3 -1 3 3 3 3 3 3 3 3
15:53:13.159880 - stdout  :: 0 0
15:53:13.161483 - stdin   :: 7 12 -1 0
7 29
10 30
7 12
8 29
3 3 3 3 3 3 3 3 -1 3 3 3 3 3 3 3 3
3 3 3 3 3 -1 -1 -1 -1 -1 -1 -1 3 3 3 3 3
3 3 3 -1 -1 -1 -1 -1 -1 -1 -1 -1 -1 -1 3 3 3
3 3 -1 -1 -1 -1 -1 -1 -1 -1 -1 -1 -1 -1 -1 3 3
3 3 -1 -1 -1 -1 -1 -1 -1 -1 -1 -1 -1 -1 -1 3 3
3 -1 -1 -1 -1 -1 -1 -1 -1 -1 -1 -1 -1 -1 -1 -1 3
3 -1 -1 -1 -1 -1 -1 -1 -1 -1 -1 -1 -1 -1 -1 -1 3
3 -1 -1 -1 -1 -1 -1 -1 -1 -1 -1 -1 -1 -1 -1 -1 3
0 0 0 0 0 0 0 0 0 0 0 0 0 0 0 0 0
3 0 0 0 0 0 0 0 0 0 0 0 0 0 0 0 3
3 0 0 0 0 0 0 0 0 0 0 0 0 0 0 0 3
3 0 0 0 0 0 0 0 0 0 0 0 0 0 0 0 3
3 3 -1 -1 -1 -1 -1 -1 -1 -1 -1 -1 -1 -1 -1 3 3
3 3 -1 -1 -1 -1 -1 -1 -1 -1 -1 -1 -1 -1 -1 3 3
3 3 3 -1 -1 -1 -1 -1 -1 -1 -1 -1 -1 -1 3 3 3
3 3 3 3 3 -1 -1 -1 -1 -1 -1 -1 3 3 3 3 3
3 3 3 3 3 3 3 3 -1 3 3 3 3 3 3 3 3
15:53:13.164343 - stdout  :: 1 1
15:53:13.167461 - stdin   :: 7 13 0 1
7 29
10 30
7 13
8 29
3 3 3 3 3 3 3 3 -1 3 3 3 3 3 3 3 3
3 3 3 3 3 -1 -1 -1 -1 -1 -1 -1 3 3 3 3 3
3 3 3 -1 -1 -1 -1 -1 -1 -1 -1 -1 -1 -1 3 3 3
3 3 -1 -1 -1 -1 -1 -1 -1 -1 -1 -1 -1 -1 -1 3 3
3 3 -1 -1 -1 -1 -1 -1 -1 -1 -1 -1 -1 -1 -1 3 3
3 -1 -1 -1 -1 -1 -1 -1 -1 -1 -1 -1 -1 -1 -1 -1 3
3 -1 -1 -1 -1 -1 -1 -1 -1 -1 -1 -1 -1 -1 -1 -1 3
3 -1 -1 -1 -1 -1 -1 -1 -1 -1 -1 -1 -1 -1 -1 -1 3
0 0 0 0 0 0 0 0 0 0 0 0 0 0 0 0 0
3 0 0 0 0 0 0 0 0 0 0 0 0 0 0 0 3
3 0 0 0 0 0 0 0 0 0 0 0 0 0 0 0 3
3 0 0 0 0 0 0 0 0 0 0 0 0 0 0 0 3
3 3 -1 -1 -1 -1 -1 -1 -1 -1 -1 -1 -1 -1 -1 3 3
3 3 -1 -1 -1 -1 -1 -1 -1 -1 -1 -1 -1 -1 -1 3 3
3 3 3 -1 -1 -1 -1 -1 -1 -1 -1 -1 -1 -1 3 3 3
3 3 3 3 3 -1 -1 -1 -1 -1 -1 -1 3 3 3 3 3
3 3 3 3 3 3 3 3 -1 3 3 3 3 3 3 3 3
15:53:13.170542 - stdout  :: 1 -1
15:53:13.172130 - stdin   :: 8 13 1 0
7 29
10 30
8 13
8 29
3 3 3 3 3 3 3 3 -1 3 3 3 3 3 3 3 3
3 3 3 3 3 -1 -1 -1 -1 -1 -1 -1 3 3 3 3 3
3 3 3 -1 -1 -1 -1 -1 -1 -1 -1 -1 -1 -1 3 3 3
3 3 -1 -1 -1 -1 -1 -1 -1 -1 -1 -1 -1 -1 -1 3 3
3 3 -1 -1 -1 -1 -1 -1 -1 -1 -1 -1 -1 -1 -1 3 3
3 -1 -1 -1 -1 -1 -1 -1 -1 -1 -1 -1 -1 -1 -1 -1 3
3 -1 -1 -1 -1 -1 -1 -1 -1 -1 -1 -1 -1 -1 -1 -1 3
3 0 0 0 0 0 0 0 0 0 0 0 0 0 0 0 3
0 0 0 0 0 0 0 0 0 0 0 0 0 0 0 0 0
3 0 0 0 0 0 0 0 0 0 0 0 0 0 0 0 3
3 0 0 0 0 0 0 0 0 0 0 0 0 0 0 0 3
3 -1 -1 -1 -1 -1 -1 -1 -1 -1 -1 -1 -1 -1 -1 -1 3
3 3 -1 -1 -1 -1 -1 -1 -1 -1 -1 -1 -1 -1 -1 3 3
3 3 -1 -1 -1 -1 -1 -1 -1 -1 -1 -1 -1 -1 -1 3 3
3 3 3 -1 -1 -1 -1 -1 -1 -1 -1 -1 -1 -1 3 3 3
3 3 3 3 3 -1 -1 -1 -1 -1 -1 -1 3 3 3 3 3
3 3 3 3 3 3 3 3 -1 3 3 3 3 3 3 3 3
15:53:13.175026 - stdout  :: 0 0
15:53:13.176501 - stdin   :: 9 13 1 0
7 29
10 30
9 13
8 29
3 3 3 3 3 3 3 3 -1 3 3 3 3 3 3 3 3
3 3 3 3 3 -1 -1 -1 -1 -1 -1 -1 3 3 3 3 3
3 3 3 -1 -1 -1 -1 -1 -1 -1 -1 -1 -1 -1 3 3 3
3 3 -1 -1 -1 -1 -1 -1 -1 -1 -1 -1 -1 -1 -1 3 3
3 3 -1 -1 -1 -1 -1 -1 -1 -1 -1 -1 -1 -1 -1 3 3
3 -1 -1 -1 -1 -1 -1 -1 -1 -1 -1 -1 -1 -1 -1 -1 3
3 0 0 0 0 0 0 0 0 0 0 0 0 0 0 0 3
3 0 0 0 0 0 0 0 0 0 0 0 0 0 0 0 3
0 0 0 0 0 0 0 0 0 0 0 0 0 0 0 0 0
3 0 0 0 0 0 0 0 0 0 0 0 0 0 0 0 3
3 -1 -1 -1 -1 -1 -1 -1 -1 -1 -1 -1 -1 -1 -1 -1 3
3 -1 -1 -1 -1 -1 -1 -1 -1 -1 -1 -1 -1 -1 -1 -1 3
3 3 -1 -1 -1 -1 -1 -1 -1 -1 -1 -1 -1 -1 -1 3 3
3 3 -1 -1 -1 -1 -1 -1 -1 -1 -1 -1 -1 -1 -1 3 3
3 3 3 -1 -1 -1 -1 -1 -1 -1 -1 -1 -1 -1 3 3 3
3 3 3 3 3 -1 -1 -1 -1 -1 -1 -1 3 3 3 3 3
3 3 3 3 3 3 3 3 -1 3 3 3 3 3 3 3 3
15:53:13.179279 - stdout  :: 0 0
15:53:13.180849 - stdin   :: 10 13 1 0
7 29
10 30
10 13
8 29
3 3 3 3 3 3 3 3 -1 3 3 3 3 3 3 3 3
3 3 3 3 3 -1 -1 -1 -1 -1 -1 -1 3 3 3 3 3
3 3 3 -1 -1 -1 -1 -1 -1 -1 -1 -1 -1 -1 3 3 3
3 3 -1 -1 -1 -1 -1 -1 -1 -1 -1 -1 -1 -1 -1 3 3
3 3 -1 -1 -1 -1 -1 -1 -1 -1 -1 -1 -1 -1 -1 3 3
3 0 0 0 0 0 0 0 0 0 0 0 0 0 0 0 3
3 0 0 0 0 0 0 0 0 0 0 0 0 0 0 0 3
3 0 0 0 0 0 0 0 0 0 0 0 0 0 0 0 3
0 0 0 0 0 0 0 0 0 0 0 0 0 0 0 0 0
3 -1 -1 -1 -1 -1 -1 -1 -1 -1 -1 -1 -1 -1 -1 -1 3
3 -1 -1 -1 -1 -1 -1 -1 -1 -1 -1 -1 -1 -1 -1 -1 3
3 -1 -1 -1 -1 -1 -1 -1 -1 -1 -1 -1 -1 -1 -1 -1 3
3 3 -1 -1 -1 -1 -1 -1 -1 -1 -1 -1 -1 -1 -1 3 3
3 3 -1 -1 -1 -1 -1 -1 -1 -1 -1 -1 -1 -1 -1 3 3
3 3 3 -1 -1 -1 -1 -1 -1 -1 -1 -1 -1 -1 3 3 3
3 3 3 3 3 -1 -1 -1 -1 -1 -1 -1 3 3 3 3 3
3 3 3 3 3 3 3 3 -1 3 3 3 3 3 3 3 3
15:53:13.183673 - stdout  :: -1 1
15:53:13.185207 - stdin   :: 10 14 0 1
7 29
10 30
10 14
8 29
3 3 3 3 3 3 3 3 -1 3 3 3 3 3 3 3 3
3 3 3 3 3 -1 -1 -1 -1 -1 -1 -1 3 3 3 3 3
3 3 3 -1 -1 -1 -1 -1 -1 -1 -1 -1 -1 -1 3 3 3
3 3 -1 -1 -1 -1 -1 -1 -1 -1 -1 -1 -1 -1 -1 3 3
3 3 -1 -1 -1 -1 -1 -1 -1 -1 -1 -1 -1 -1 -1 3 3
3 0 0 0 0 0 0 0 0 0 0 0 0 0 0 0 3
3 0 0 0 0 0 0 0 0 0 0 0 0 0 0 0 3
3 0 0 0 0 0 0 0 0 0 0 0 0 0 0 0 3
0 0 0 0 0 0 0 0 0 0 0 0 0 0 0 0 0
3 -1 -1 -1 -1 -1 -1 -1 -1 -1 -1 -1 -1 -1 -1 -1 3
3 -1 -1 -1 -1 -1 -1 -1 -1 -1 -1 -1 -1 -1 -1 -1 3
3 -1 -1 -1 -1 -1 -1 -1 -1 -1 -1 -1 -1 -1 -1 -1 3
3 3 -1 -1 -1 -1 -1 -1 -1 -1 -1 -1 -1 -1 -1 3 3
3 3 -1 -1 -1 -1 -1 -1 -1 -1 -1 -1 -1 -1 -1 3 3
3 3 3 -1 -1 -1 -1 -1 -1 -1 -1 -1 -1 -1 3 3 3
3 3 3 3 3 -1 -1 -1 -1 -1 -1 -1 3 3 3 3 3
3 3 3 3 3 3 3 3 -1 3 3 3 3 3 3 3 3
15:53:13.188166 - stdout  :: -1 -1
15:53:13.189991 - stdin   :: 9 14 -1 0
7 29
10 30
9 14
8 29
3 3 3 3 3 3 3 3 -1 3 3 3 3 3 3 3 3
3 3 3 3 3 -1 -1 -1 -1 -1 -1 -1 3 3 3 3 3
3 3 3 -1 -1 -1 -1 -1 -1 -1 -1 -1 -1 -1 3 3 3
3 3 -1 -1 -1 -1 -1 -1 -1 -1 -1 -1 -1 -1 -1 3 3
3 3 -1 -1 -1 -1 -1 -1 -1 -1 -1 -1 -1 -1 -1 3 3
3 -1 -1 -1 -1 -1 -1 -1 -1 -1 -1 -1 -1 -1 -1 -1 3
3 0 0 0 0 0 0 0 0 0 0 0 0 0 0 0 3
3 0 0 0 0 0 0 0 0 0 0 0 0 0 0 0 3
0 0 0 0 0 0 0 0 0 0 0 0 0 0 0 0 0
3 0 0 0 0 0 0 0 0 0 0 0 0 0 0 0 3
3 -1 -1 -1 -1 -1 -1 -1 -1 -1 -1 -1 -1 -1 -1 -1 3
3 -1 -1 -1 -1 -1 -1 -1 -1 -1 -1 -1 -1 -1 -1 -1 3
3 3 -1 -1 -1 -1 -1 -1 -1 -1 -1 -1 -1 -1 -1 3 3
3 3 -1 -1 -1 -1 -1 -1 -1 -1 -1 -1 -1 -1 -1 3 3
3 3 3 -1 -1 -1 -1 -1 -1 -1 -1 -1 -1 -1 3 3 3
3 3 3 3 3 -1 -1 -1 -1 -1 -1 -1 3 3 3 3 3
3 3 3 3 3 3 3 3 -1 3 3 3 3 3 3 3 3
15:53:13.192783 - stdout  :: 0 0
15:53:13.194396 - stdin   :: 8 14 -1 0
7 29
10 30
8 14
8 29
3 3 3 3 3 3 3 3 -1 3 3 3 3 3 3 3 3
3 3 3 3 3 -1 -1 -1 -1 -1 -1 -1 3 3 3 3 3
3 3 3 -1 -1 -1 -1 -1 -1 -1 -1 -1 -1 -1 3 3 3
3 3 -1 -1 -1 -1 -1 -1 -1 -1 -1 -1 -1 -1 -1 3 3
3 3 -1 -1 -1 -1 -1 -1 -1 -1 -1 -1 -1 -1 -1 3 3
3 -1 -1 -1 -1 -1 -1 -1 -1 -1 -1 -1 -1 -1 -1 -1 3
3 -1 -1 -1 -1 -1 -1 -1 -1 -1 -1 -1 -1 -1 -1 -1 3
3 0 0 0 0 0 0 0 0 0 0 0 0 0 0 0 3
0 0 0 0 0 0 0 0 0 0 0 0 0 0 0 0 0
3 0 0 0 0 0 0 0 0 0 0 0 0 0 0 0 3
3 0 0 0 0 0 0 0 0 0 0 0 0 0 0 0 3
3 -1 -1 -1 -1 -1 -1 -1 -1 -1 -1 -1 -1 -1 -1 -1 3
3 3 -1 -1 -1 -1 -1 -1 -1 -1 -1 -1 -1 -1 -1 3 3
3 3 -1 -1 -1 -1 -1 -1 -1 -1 -1 -1 -1 -1 -1 3 3
3 3 3 -1 -1 -1 -1 -1 -1 -1 -1 -1 -1 -1 3 3 3
3 3 3 3 3 -1 -1 -1 -1 -1 -1 -1 3 3 3 3 3
3 3 3 3 3 3 3 3 -1 3 3 3 3 3 3 3 3
15:53:13.197170 - stdout  :: 0 0
15:53:13.198628 - stdin   :: 7 14 -1 0
7 29
10 30
7 14
8 29
3 3 3 3 3 3 3 3 -1 3 3 3 3 3 3 3 3
3 3 3 3 3 -1 -1 -1 -1 -1 -1 -1 3 3 3 3 3
3 3 3 -1 -1 -1 -1 -1 -1 -1 -1 -1 -1 -1 3 3 3
3 3 -1 -1 -1 -1 -1 -1 -1 -1 -1 -1 -1 -1 -1 3 3
3 3 -1 -1 -1 -1 -1 -1 -1 -1 -1 -1 -1 -1 -1 3 3
3 -1 -1 -1 -1 -1 -1 -1 -1 -1 -1 -1 -1 -1 -1 -1 3
3 -1 -1 -1 -1 -1 -1 -1 -1 -1 -1 -1 -1 -1 -1 -1 3
3 -1 -1 -1 -1 -1 -1 -1 -1 -1 -1 -1 -1 -1 -1 -1 3
0 0 0 0 0 0 0 0 0 0 0 0 0 0 0 0 0
3 0 0 0 0 0 0 0 0 0 0 0 0 0 0 0 3
3 0 0 0 0 0 0 0 0 0 0 0 0 0 0 0 3
3 0 0 0 0 0 0 0 0 0 0 0 0 0 0 0 3
3 3 -1 -1 -1 -1 -1 -1 -1 -1 -1 -1 -1 -1 -1 3 3
3 3 -1 -1 -1 -1 -1 -1 -1 -1 -1 -1 -1 -1 -1 3 3
3 3 3 -1 -1 -1 -1 -1 -1 -1 -1 -1 -1 -1 3 3 3
3 3 3 3 3 -1 -1 -1 -1 -1 -1 -1 3 3 3 3 3
3 3 3 3 3 3 3 3 -1 3 3 3 3 3 3 3 3
15:53:13.201418 - stdout  :: 1 1
15:53:13.202917 - stdin   :: 7 15 0 1
7 29
10 30
7 15
8 29
3 3 3 3 3 3 3 3 -1 3 3 3 3 3 3 3 3
3 3 3 3 3 -1 -1 -1 -1 -1 -1 -1 3 3 3 3 3
3 3 3 -1 -1 -1 -1 -1 -1 -1 -1 -1 -1 -1 3 3 3
3 3 -1 -1 -1 -1 -1 -1 -1 -1 -1 -1 -1 -1 -1 3 3
3 3 -1 -1 -1 -1 -1 -1 -1 -1 -1 -1 -1 -1 -1 3 3
3 -1 -1 -1 -1 -1 -1 -1 -1 -1 -1 -1 -1 -1 -1 -1 3
3 -1 -1 -1 -1 -1 -1 -1 -1 -1 -1 -1 -1 -1 -1 -1 3
3 -1 -1 -1 -1 -1 -1 -1 -1 -1 -1 -1 -1 -1 -1 -1 3
0 0 0 0 0 0 0 0 0 0 0 0 0 0 0 0 0
3 0 0 0 0 0 0 0 0 0 0 0 0 0 0 0 3
3 0 0 0 0 0 0 0 0 0 0 0 0 0 0 0 3
3 0 0 0 0 0 0 0 0 0 0 0 0 0 0 0 3
3 3 -1 -1 -1 -1 -1 -1 -1 -1 -1 -1 -1 -1 -1 3 3
3 3 -1 -1 -1 -1 -1 -1 -1 -1 -1 -1 -1 -1 -1 3 3
3 3 3 -1 -1 -1 -1 -1 -1 -1 -1 -1 -1 -1 3 3 3
3 3 3 3 3 -1 -1 -1 -1 -1 -1 -1 3 3 3 3 3
3 3 3 3 3 3 3 3 -1 3 3 3 3 3 3 3 3
15:53:13.205588 - stdout  :: 1 -1
15:53:13.206811 - stdin   :: 8 15 1 0
7 29
10 30
8 15
8 29
3 3 3 3 3 3 3 3 -1 3 3 3 3 3 3 3 3
3 3 3 3 3 -1 -1 -1 -1 -1 -1 -1 3 3 3 3 3
3 3 3 -1 -1 -1 -1 -1 -1 -1 -1 -1 -1 -1 3 3 3
3 3 -1 -1 -1 -1 -1 -1 -1 -1 -1 -1 -1 -1 -1 3 3
3 3 -1 -1 -1 -1 -1 -1 -1 -1 -1 -1 -1 -1 -1 3 3
3 -1 -1 -1 -1 -1 -1 -1 -1 -1 -1 -1 -1 -1 -1 -1 3
3 -1 -1 -1 -1 -1 -1 -1 -1 -1 -1 -1 -1 -1 -1 -1 3
3 0 0 0 0 0 0 0 0 0 0 0 0 0 0 0 3
0 0 0 0 0 0 0 0 0 0 0 0 0 0 0 0 0
3 0 0 0 0 0 0 0 0 0 0 0 0 0 0 0 3
3 0 0 0 0 0 0 0 0 0 0 0 0 0 0 0 3
3 -1 -1 -1 -1 -1 -1 -1 -1 -1 -1 -1 -1 -1 -1 -1 3
3 3 -1 -1 -1 -1 -1 -1 -1 -1 -1 -1 -1 -1 -1 3 3
3 3 -1 -1 -1 -1 -1 -1 -1 -1 -1 -1 -1 -1 -1 3 3
3 3 3 -1 -1 -1 -1 -1 -1 -1 -1 -1 -1 -1 3 3 3
3 3 3 3 3 -1 -1 -1 -1 -1 -1 -1 3 3 3 3 3
3 3 3 3 3 3 3 3 -1 3 3 3 3 3 3 3 3
15:53:13.209700 - stdout  :: 0 0
15:53:13.210960 - stdin   :: 9 15 1 0
7 29
10 30
9 15
8 29
3 3 3 3 3 3 3 3 -1 3 3 3 3 3 3 3 3
3 3 3 3 3 -1 -1 -1 -1 -1 -1 -1 3 3 3 3 3
3 3 3 -1 -1 -1 -1 -1 -1 -1 -1 -1 -1 -1 3 3 3
3 3 -1 -1 -1 -1 -1 -1 -1 -1 -1 -1 -1 -1 -1 3 3
3 3 -1 -1 -1 -1 -1 -1 -1 -1 -1 -1 -1 -1 -1 3 3
3 -1 -1 -1 -1 -1 -1 -1 -1 -1 -1 -1 -1 -1 -1 -1 3
3 0 0 0 0 0 0 0 0 0 0 0 0 0 0 0 3
3 0 0 0 0 0 0 0 0 0 0 0 0 0 0 0 3
0 0 0 0 0 0 0 0 0 0 0 0 0 0 0 0 0
3 0 0 0 0 0 0 0 0 0 0 0 0 0 0 0 3
3 -1 -1 -1 -1 -1 -1 -1 -1 -1 -1 -1 -1 -1 -1 -1 3
3 -1 -1 -1 -1 -1 -1 -1 -1 -1 -1 -1 -1 -1 -1 -1 3
3 3 -1 -1 -1 -1 -1 -1 -1 -1 -1 -1 -1 -1 -1 3 3
3 3 -1 -1 -1 -1 -1 -1 -1 -1 -1 -1 -1 -1 -1 3 3
3 3 3 -1 -1 -1 -1 -1 -1 -1 -1 -1 -1 -1 3 3 3
3 3 3 3 3 -1 -1 -1 -1 -1 -1 -1 3 3 3 3 3
3 3 3 3 3 3 3 3 -1 3 3 3 3 3 3 3 3
15:53:13.214100 - stdout  :: 0 0
15:53:13.216356 - stdin   :: 10 15 1 0
7 29
10 30
10 15
8 29
3 3 3 3 3 3 3 3 -1 3 3 3 3 3 3 3 3
3 3 3 3 3 -1 -1 -1 -1 -1 -1 -1 3 3 3 3 3
3 3 3 -1 -1 -1 -1 -1 -1 -1 -1 -1 -1 -1 3 3 3
3 3 -1 -1 -1 -1 -1 -1 -1 -1 -1 -1 -1 -1 -1 3 3
3 3 -1 -1 -1 -1 -1 -1 -1 -1 -1 -1 -1 -1 -1 3 3
3 0 0 0 0 0 0 0 0 0 0 0 0 0 0 0 3
3 0 0 0 0 0 0 0 0 0 0 0 0 0 0 0 3
3 0 0 0 0 0 0 0 0 0 0 0 0 0 0 0 3
0 0 0 0 0 0 0 0 0 0 0 0 0 0 0 0 0
3 -1 -1 -1 -1 -1 -1 -1 -1 -1 -1 -1 -1 -1 -1 -1 3
3 -1 -1 -1 -1 -1 -1 -1 -1 -1 -1 -1 -1 -1 -1 -1 3
3 -1 -1 -1 -1 -1 -1 -1 -1 -1 -1 -1 -1 -1 -1 -1 3
3 3 -1 -1 -1 -1 -1 -1 -1 -1 -1 -1 -1 -1 -1 3 3
3 3 -1 -1 -1 -1 -1 -1 -1 -1 -1 -1 -1 -1 -1 3 3
3 3 3 -1 -1 -1 -1 -1 -1 -1 -1 -1 -1 -1 3 3 3
3 3 3 3 3 -1 -1 -1 -1 -1 -1 -1 3 3 3 3 3
3 3 3 3 3 3 3 3 -1 3 3 3 3 3 3 3 3
15:53:13.219293 - stdout  :: -1 1
15:53:13.220781 - stdin   :: 10 16 0 1
7 29
10 30
10 16
8 29
3 3 3 3 3 3 3 3 -1 3 3 3 3 3 3 3 3
3 3 3 3 3 -1 -1 -1 -1 -1 -1 -1 3 3 3 3 3
3 3 3 -1 -1 -1 -1 -1 -1 -1 -1 -1 -1 -1 3 3 3
3 3 -1 -1 -1 -1 -1 -1 -1 -1 -1 -1 -1 -1 -1 3 3
3 3 -1 -1 -1 -1 -1 -1 -1 -1 -1 -1 -1 -1 -1 3 3
3 0 0 0 0 0 0 0 0 0 0 0 0 0 0 0 3
3 0 0 0 0 0 0 0 0 0 0 0 0 0 0 0 3
3 0 0 0 0 0 0 0 0 0 0 0 0 0 0 0 3
0 0 0 0 0 0 0 0 0 0 0 0 0 0 0 0 0
3 -1 -1 -1 -1 -1 -1 -1 -1 -1 -1 -1 -1 -1 -1 -1 3
3 -1 -1 -1 -1 -1 -1 -1 -1 -1 -1 -1 -1 -1 -1 -1 3
3 -1 -1 -1 -1 -1 -1 -1 -1 -1 -1 -1 -1 -1 -1 -1 3
3 3 -1 -1 -1 -1 -1 -1 -1 -1 -1 -1 -1 -1 -1 3 3
3 3 -1 -1 -1 -1 -1 -1 -1 -1 -1 -1 -1 -1 -1 3 3
3 3 3 -1 -1 -1 -1 -1 -1 -1 -1 -1 -1 -1 3 3 3
3 3 3 3 3 -1 -1 -1 -1 -1 -1 -1 3 3 3 3 3
3 3 3 3 3 3 3 3 -1 3 3 3 3 3 3 3 3
15:53:13.223745 - stdout  :: -1 -1
15:53:13.225133 - stdin   :: 9 16 -1 0
7 29
10 30
9 16
8 29
3 3 3 3 3 3 3 3 -1 3 3 3 3 3 3 3 3
3 3 3 3 3 -1 -1 -1 -1 -1 -1 -1 3 3 3 3 3
3 3 3 -1 -1 -1 -1 -1 -1 -1 -1 -1 -1 -1 3 3 3
3 3 -1 -1 -1 -1 -1 -1 -1 -1 -1 -1 -1 -1 -1 3 3
3 3 -1 -1 -1 -1 -1 -1 -1 -1 -1 -1 -1 -1 -1 3 3
3 -1 -1 -1 -1 -1 -1 -1 -1 -1 -1 -1 -1 -1 -1 -1 3
3 0 0 0 0 0 0 0 0 0 0 0 0 0 0 0 3
3 0 0 0 0 0 0 0 0 0 0 0 0 0 0 0 3
0 0 0 0 0 0 0 0 0 0 0 0 0 0 0 0 0
3 0 0 0 0 0 0 0 0 0 0 0 0 0 0 0 3
3 -1 -1 -1 -1 -1 -1 -1 -1 -1 -1 -1 -1 -1 -1 -1 3
3 -1 -1 -1 -1 -1 -1 -1 -1 -1 -1 -1 -1 -1 -1 -1 3
3 3 -1 -1 -1 -1 -1 -1 -1 -1 -1 -1 -1 -1 -1 3 3
3 3 -1 -1 -1 -1 -1 -1 -1 -1 -1 -1 -1 -1 -1 3 3
3 3 3 -1 -1 -1 -1 -1 -1 -1 -1 -1 -1 -1 3 3 3
3 3 3 3 3 -1 -1 -1 -1 -1 -1 -1 3 3 3 3 3
3 3 3 3 3 3 3 3 -1 3 3 3 3 3 3 3 3
15:53:13.228171 - stdout  :: 0 0
15:53:13.229688 - stdin   :: 8 16 -1 0
7 29
10 30
8 16
8 29
3 3 3 3 3 3 3 3 -1 3 3 3 3 3 3 3 3
3 3 3 3 3 -1 -1 -1 -1 -1 -1 -1 3 3 3 3 3
3 3 3 -1 -1 -1 -1 -1 -1 -1 -1 -1 -1 -1 3 3 3
3 3 -1 -1 -1 -1 -1 -1 -1 -1 -1 -1 -1 -1 -1 3 3
3 3 -1 -1 -1 -1 -1 -1 -1 -1 -1 -1 -1 -1 -1 3 3
3 -1 -1 -1 -1 -1 -1 -1 -1 -1 -1 -1 -1 -1 -1 -1 3
3 -1 -1 -1 -1 -1 -1 -1 -1 -1 -1 -1 -1 -1 -1 -1 3
3 0 0 0 0 0 0 0 0 0 0 0 0 0 0 0 3
0 0 0 0 0 0 0 0 0 0 0 0 0 0 0 0 0
3 0 0 0 0 0 0 0 0 0 0 0 0 0 0 0 3
3 0 0 0 0 0 0 0 0 0 0 0 0 0 0 0 3
3 -1 -1 -1 -1 -1 -1 -1 -1 -1 -1 -1 -1 -1 -1 -1 3
3 3 -1 -1 -1 -1 -1 -1 -1 -1 -1 -1 -1 -1 -1 3 3
3 3 -1 -1 -1 -1 -1 -1 -1 -1 -1 -1 -1 -1 -1 3 3
3 3 3 -1 -1 -1 -1 -1 -1 -1 -1 -1 -1 -1 3 3 3
3 3 3 3 3 -1 -1 -1 -1 -1 -1 -1 3 3 3 3 3
3 3 3 3 3 3 3 3 -1 3 3 3 3 3 3 3 3
15:53:13.232692 - stdout  :: 0 0
15:53:13.233985 - stdin   :: 7 16 -1 0
7 29
10 30
7 16
8 29
3 3 3 3 3 3 3 3 -1 3 3 3 3 3 3 3 3
3 3 3 3 3 -1 -1 -1 -1 -1 -1 -1 3 3 3 3 3
3 3 3 -1 -1 -1 -1 -1 -1 -1 -1 -1 -1 -1 3 3 3
3 3 -1 -1 -1 -1 -1 -1 -1 -1 -1 -1 -1 -1 -1 3 3
3 3 -1 -1 -1 -1 -1 -1 -1 -1 -1 -1 -1 -1 -1 3 3
3 -1 -1 -1 -1 -1 -1 -1 -1 -1 -1 -1 -1 -1 -1 -1 3
3 -1 -1 -1 -1 -1 -1 -1 -1 -1 -1 -1 -1 -1 -1 -1 3
3 -1 -1 -1 -1 -1 -1 -1 -1 -1 -1 -1 -1 -1 -1 -1 3
0 0 0 0 0 0 0 0 0 0 0 0 0 0 0 0 0
3 0 0 0 0 0 0 0 0 0 0 0 0 0 0 0 3
3 0 0 0 0 0 0 0 0 0 0 0 0 0 0 0 3
3 0 0 0 0 0 0 0 0 0 0 0 0 0 0 0 3
3 3 -1 -1 -1 -1 -1 -1 -1 -1 -1 -1 -1 -1 -1 3 3
3 3 -1 -1 -1 -1 -1 -1 -1 -1 -1 -1 -1 -1 -1 3 3
3 3 3 -1 -1 -1 -1 -1 -1 -1 -1 -1 -1 -1 3 3 3
3 3 3 3 3 -1 -1 -1 -1 -1 -1 -1 3 3 3 3 3
3 3 3 3 3 3 3 3 -1 3 3 3 3 3 3 3 3
15:53:13.236868 - stdout  :: 1 1
15:53:13.238416 - stdin   :: 7 17 0 1
7 29
10 30
7 17
8 29
3 3 3 3 3 3 3 3 -1 3 3 3 3 3 3 3 3
3 3 3 3 3 -1 -1 -1 -1 -1 -1 -1 3 3 3 3 3
3 3 3 -1 -1 -1 -1 -1 -1 -1 -1 -1 -1 -1 3 3 3
3 3 -1 -1 -1 -1 -1 -1 -1 -1 -1 -1 -1 -1 -1 3 3
3 3 -1 -1 -1 -1 -1 -1 -1 -1 -1 -1 -1 -1 -1 3 3
3 -1 -1 -1 -1 -1 -1 -1 -1 -1 -1 -1 -1 -1 -1 -1 3
3 -1 -1 -1 -1 -1 -1 -1 -1 -1 -1 -1 -1 -1 -1 -1 3
3 -1 -1 -1 -1 -1 -1 -1 -1 -1 -1 -1 -1 -1 -1 -1 3
0 0 0 0 0 0 0 0 0 0 0 0 0 0 0 0 0
3 0 0 0 0 0 0 0 0 0 0 0 0 0 0 0 3
3 0 0 0 0 0 0 0 0 0 0 0 0 0 0 0 3
3 0 0 0 0 0 0 0 0 0 0 0 0 0 0 0 3
3 3 -1 -1 -1 -1 -1 -1 -1 -1 -1 -1 -1 -1 -1 3 3
3 3 -1 -1 -1 -1 -1 -1 -1 -1 -1 -1 -1 -1 -1 3 3
3 3 3 -1 -1 -1 -1 -1 -1 -1 -1 -1 -1 -1 3 3 3
3 3 3 3 3 -1 -1 -1 -1 -1 -1 -1 3 3 3 3 3
3 3 3 3 3 3 3 3 -1 3 3 3 3 3 3 3 3
15:53:13.241389 - stdout  :: 1 -1
15:53:13.242889 - stdin   :: 8 17 1 0
7 29
10 30
8 17
8 29
3 3 3 3 3 3 3 3 -1 3 3 3 3 3 3 3 3
3 3 3 3 3 -1 -1 -1 -1 -1 -1 -1 3 3 3 3 3
3 3 3 -1 -1 -1 -1 -1 -1 -1 -1 -1 -1 -1 3 3 3
3 3 -1 -1 -1 -1 -1 -1 -1 -1 -1 -1 -1 -1 -1 3 3
3 3 -1 -1 -1 -1 -1 -1 -1 -1 -1 -1 -1 -1 -1 3 3
3 -1 -1 -1 -1 -1 -1 -1 -1 -1 -1 -1 -1 -1 -1 -1 3
3 -1 -1 -1 -1 -1 -1 -1 -1 -1 -1 -1 -1 -1 -1 -1 3
3 0 0 0 0 0 0 0 0 0 0 0 0 0 0 0 3
0 0 0 0 0 0 0 0 0 0 0 0 0 0 0 0 0
3 0 0 0 0 0 0 0 0 0 0 0 0 0 0 0 3
3 0 0 0 0 0 0 0 0 0 0 0 0 0 0 0 3
3 -1 -1 -1 -1 -1 -1 -1 -1 -1 -1 -1 -1 -1 -1 -1 3
3 3 -1 -1 -1 -1 -1 -1 -1 -1 -1 -1 -1 -1 -1 3 3
3 3 -1 -1 -1 -1 -1 -1 -1 -1 -1 -1 -1 -1 -1 3 3
3 3 3 -1 -1 -1 -1 -1 -1 -1 -1 -1 -1 -1 3 3 3
3 3 3 3 3 -1 -1 -1 -1 -1 -1 -1 3 3 3 3 3
3 3 3 3 3 3 3 3 -1 3 3 3 3 3 3 3 3
15:53:13.246165 - stdout  :: 0 0
15:53:13.247654 - stdin   :: 9 17 1 0
7 29
10 30
9 17
8 29
3 3 3 3 3 3 3 3 -1 3 3 3 3 3 3 3 3
3 3 3 3 3 -1 -1 -1 -1 -1 -1 -1 3 3 3 3 3
3 3 3 -1 -1 -1 -1 -1 -1 -1 -1 -1 -1 -1 3 3 3
3 3 -1 -1 -1 -1 -1 -1 -1 -1 -1 -1 -1 -1 -1 3 3
3 3 -1 -1 -1 -1 -1 -1 -1 -1 -1 -1 -1 -1 -1 3 3
3 -1 -1 -1 -1 -1 -1 -1 -1 -1 -1 -1 -1 -1 -1 -1 3
3 0 0 0 0 0 0 0 0 0 0 0 0 0 0 0 3
3 0 0 0 0 0 0 0 0 0 0 0 0 0 0 0 3
0 0 0 0 0 0 0 0 0 0 0 0 0 0 0 0 0
3 0 0 0 0 0 0 0 0 0 0 0 0 0 0 0 3
3 -1 -1 -1 -1 -1 -1 -1 -1 -1 -1 -1 -1 -1 -1 -1 3
3 -1 -1 -1 -1 -1 -1 -1 -1 -1 -1 -1 -1 -1 -1 -1 3
3 3 -1 -1 -1 -1 -1 -1 -1 -1 -1 -1 -1 -1 -1 3 3
3 3 -1 -1 -1 -1 -1 -1 -1 -1 -1 -1 -1 -1 -1 3 3
3 3 3 -1 -1 -1 -1 -1 -1 -1 -1 -1 -1 -1 3 3 3
3 3 3 3 3 -1 -1 -1 -1 -1 -1 -1 3 3 3 3 3
3 3 3 3 3 3 3 3 -1 3 3 3 3 3 3 3 3
15:53:13.250690 - stdout  :: 0 0
15:53:13.252041 - stdin   :: 10 17 1 0
7 29
10 30
10 17
8 29
3 3 3 3 3 3 3 3 -1 3 3 3 3 3 3 3 3
3 3 3 3 3 -1 -1 -1 -1 -1 -1 -1 3 3 3 3 3
3 3 3 -1 -1 -1 -1 -1 -1 -1 -1 -1 -1 -1 3 3 3
3 3 -1 -1 -1 -1 -1 -1 -1 -1 -1 -1 -1 -1 -1 3 3
3 3 -1 -1 -1 -1 -1 -1 -1 -1 -1 -1 -1 -1 -1 3 3
3 0 0 0 0 0 0 0 0 0 0 0 0 0 0 0 3
3 0 0 0 0 0 0 0 0 0 0 0 0 0 0 0 3
3 0 0 0 0 0 0 0 0 0 0 0 0 0 0 0 3
0 0 0 0 0 0 0 0 0 0 0 0 0 0 0 0 0
3 -1 -1 -1 -1 -1 -1 -1 -1 -1 -1 -1 -1 -1 -1 -1 3
3 -1 -1 -1 -1 -1 -1 -1 -1 -1 -1 -1 -1 -1 -1 -1 3
3 -1 -1 -1 -1 -1 -1 -1 -1 -1 -1 -1 -1 -1 -1 -1 3
3 3 -1 -1 -1 -1 -1 -1 -1 -1 -1 -1 -1 -1 -1 3 3
3 3 -1 -1 -1 -1 -1 -1 -1 -1 -1 -1 -1 -1 -1 3 3
3 3 3 -1 -1 -1 -1 -1 -1 -1 -1 -1 -1 -1 3 3 3
3 3 3 3 3 -1 -1 -1 -1 -1 -1 -1 3 3 3 3 3
3 3 3 3 3 3 3 3 -1 3 3 3 3 3 3 3 3
15:53:13.254952 - stdout  :: -1 1
15:53:13.256228 - stdin   :: 10 18 0 1
7 29
10 30
10 18
8 29
3 3 3 3 3 3 3 3 -1 3 3 3 3 3 3 3 3
3 3 3 3 3 -1 -1 -1 -1 -1 -1 -1 3 3 3 3 3
3 3 3 -1 -1 -1 -1 -1 -1 -1 -1 -1 -1 -1 3 3 3
3 3 -1 -1 -1 -1 -1 -1 -1 -1 -1 -1 -1 -1 -1 3 3
3 3 -1 -1 -1 -1 -1 -1 -1 -1 -1 -1 -1 -1 -1 3 3
3 0 0 0 0 0 0 0 0 0 0 0 0 0 0 0 3
3 0 0 0 0 0 0 0 0 0 0 0 0 0 0 0 3
3 0 0 0 0 0 0 0 0 0 0 0 0 0 0 0 3
0 0 0 0 0 0 0 0 0 0 0 0 0 0 0 0 0
3 -1 -1 -1 -1 -1 -1 -1 -1 -1 -1 -1 -1 -1 -1 -1 3
3 -1 -1 -1 -1 -1 -1 -1 -1 -1 -1 -1 -1 -1 -1 -1 3
3 -1 -1 -1 -1 -1 -1 -1 -1 -1 -1 -1 -1 -1 -1 -1 3
3 3 -1 -1 -1 -1 -1 -1 -1 -1 -1 -1 -1 -1 -1 3 3
3 3 -1 -1 -1 -1 -1 -1 -1 -1 -1 -1 -1 -1 -1 3 3
3 3 3 -1 -1 -1 -1 -1 -1 -1 -1 -1 -1 -1 3 3 3
3 3 3 3 3 -1 -1 -1 -1 -1 -1 -1 3 3 3 3 3
3 3 3 3 3 3 3 3 -1 3 3 3 3 3 3 3 3
15:53:13.259748 - stdout  :: -1 -1
15:53:13.261055 - stdin   :: 9 18 -1 0
7 29
10 30
9 18
8 29
3 3 3 3 3 3 3 3 -1 3 3 3 3 3 3 3 3
3 3 3 3 3 -1 -1 -1 -1 -1 -1 -1 3 3 3 3 3
3 3 3 -1 -1 -1 -1 -1 -1 -1 -1 -1 -1 -1 3 3 3
3 3 -1 -1 -1 -1 -1 -1 -1 -1 -1 -1 -1 -1 -1 3 3
3 3 -1 -1 -1 -1 -1 -1 -1 -1 -1 -1 -1 -1 -1 3 3
3 -1 -1 -1 -1 -1 -1 -1 -1 -1 -1 -1 -1 -1 -1 -1 3
3 0 0 0 0 0 0 0 0 0 0 0 0 0 0 0 3
3 0 0 0 0 0 0 0 0 0 0 0 0 0 0 0 3
0 0 0 0 0 0 0 0 0 0 0 0 0 0 0 0 0
3 0 0 0 0 0 0 0 0 0 0 0 0 0 0 0 3
3 -1 -1 -1 -1 -1 -1 -1 -1 -1 -1 -1 -1 -1 -1 -1 3
3 -1 -1 -1 -1 -1 -1 -1 -1 -1 -1 -1 -1 -1 -1 -1 3
3 3 -1 -1 -1 -1 -1 -1 -1 -1 -1 -1 -1 -1 -1 3 3
3 3 -1 -1 -1 -1 -1 -1 -1 -1 -1 -1 -1 -1 -1 3 3
3 3 3 -1 -1 -1 -1 -1 -1 -1 -1 -1 -1 -1 3 3 3
3 3 3 3 3 -1 -1 -1 -1 -1 -1 -1 3 3 3 3 3
3 3 3 3 3 3 3 3 -1 3 3 3 3 3 3 3 3
15:53:13.264142 - stdout  :: 0 0
15:53:13.265439 - stdin   :: 8 18 -1 0
7 29
10 30
8 18
8 29
3 3 3 3 3 3 3 3 -1 3 3 3 3 3 3 3 3
3 3 3 3 3 -1 -1 -1 -1 -1 -1 -1 3 3 3 3 3
3 3 3 -1 -1 -1 -1 -1 -1 -1 -1 -1 -1 -1 3 3 3
3 3 -1 -1 -1 -1 -1 -1 -1 -1 -1 -1 -1 -1 -1 3 3
3 3 -1 -1 -1 -1 -1 -1 -1 -1 -1 -1 -1 -1 -1 3 3
3 -1 -1 -1 -1 -1 -1 -1 -1 -1 -1 -1 -1 -1 -1 -1 3
3 -1 -1 -1 -1 -1 -1 -1 -1 -1 -1 -1 -1 -1 -1 -1 3
3 0 0 0 0 0 0 0 0 0 0 0 0 0 0 0 3
0 0 0 0 0 0 0 0 0 0 0 0 0 0 0 0 0
3 0 0 0 0 0 0 0 0 0 0 0 0 0 0 0 3
3 0 0 0 0 0 0 0 0 0 0 0 0 0 0 0 3
3 -1 -1 -1 -1 -1 -1 -1 -1 -1 -1 -1 -1 -1 -1 -1 3
3 3 -1 -1 -1 -1 -1 -1 -1 -1 -1 -1 -1 -1 -1 3 3
3 3 -1 -1 -1 -1 -1 -1 -1 -1 -1 -1 -1 -1 -1 3 3
3 3 3 -1 -1 -1 -1 -1 -1 -1 -1 -1 -1 -1 3 3 3
3 3 3 3 3 -1 -1 -1 -1 -1 -1 -1 3 3 3 3 3
3 3 3 3 3 3 3 3 -1 3 3 3 3 3 3 3 3
15:53:13.268370 - stdout  :: 0 0
15:53:13.269532 - stdin   :: 7 18 -1 0
7 29
10 30
7 18
8 29
3 3 3 3 3 3 3 3 -1 3 3 3 3 3 3 3 3
3 3 3 3 3 -1 -1 -1 -1 -1 -1 -1 3 3 3 3 3
3 3 3 -1 -1 -1 -1 -1 -1 -1 -1 -1 -1 -1 3 3 3
3 3 -1 -1 -1 -1 -1 -1 -1 -1 -1 -1 -1 -1 -1 3 3
3 3 -1 -1 -1 -1 -1 -1 -1 -1 -1 -1 -1 -1 -1 3 3
3 -1 -1 -1 -1 -1 -1 -1 -1 -1 -1 -1 -1 -1 -1 -1 3
3 -1 -1 -1 -1 -1 -1 -1 -1 -1 -1 -1 -1 -1 -1 -1 3
3 -1 -1 -1 -1 -1 -1 -1 -1 -1 -1 -1 -1 -1 -1 -1 3
0 0 0 0 0 0 0 0 0 0 0 0 0 0 0 0 0
3 0 0 0 0 0 0 0 0 0 0 0 0 0 0 0 3
3 0 0 0 0 0 0 0 0 0 0 0 0 0 0 0 3
3 0 0 0 0 0 0 0 0 0 0 0 0 0 0 0 3
3 3 -1 -1 -1 -1 -1 -1 -1 -1 -1 -1 -1 -1 -1 3 3
3 3 -1 -1 -1 -1 -1 -1 -1 -1 -1 -1 -1 -1 -1 3 3
3 3 3 -1 -1 -1 -1 -1 -1 -1 -1 -1 -1 -1 3 3 3
3 3 3 3 3 -1 -1 -1 -1 -1 -1 -1 3 3 3 3 3
3 3 3 3 3 3 3 3 -1 3 3 3 3 3 3 3 3
15:53:13.272472 - stdout  :: 1 1
15:53:13.273708 - stdin   :: 7 19 0 1
7 29
10 30
7 19
8 29
3 3 3 3 3 3 3 3 -1 3 3 3 3 3 3 3 3
3 3 3 3 3 -1 -1 -1 -1 -1 -1 -1 3 3 3 3 3
3 3 3 -1 -1 -1 -1 -1 -1 -1 -1 -1 -1 -1 3 3 3
3 3 -1 -1 -1 -1 -1 -1 -1 -1 -1 -1 -1 -1 -1 3 3
3 3 -1 -1 -1 -1 -1 -1 -1 -1 -1 -1 -1 -1 -1 3 3
3 -1 -1 -1 -1 -1 -1 -1 -1 -1 -1 -1 -1 -1 -1 -1 3
3 -1 -1 -1 -1 -1 -1 -1 -1 -1 -1 -1 -1 -1 -1 -1 3
3 -1 -1 -1 -1 -1 -1 -1 -1 -1 -1 -1 -1 -1 -1 -1 3
0 0 0 0 0 0 0 0 0 0 0 0 0 0 0 0 0
3 0 0 0 0 0 0 0 0 0 0 0 0 0 0 0 3
3 0 0 0 0 0 0 0 0 0 0 0 0 0 0 0 3
3 0 0 0 0 0 0 0 0 0 0 0 0 0 0 0 3
3 3 -1 -1 -1 -1 -1 -1 -1 -1 -1 -1 -1 -1 -1 3 3
3 3 -1 -1 -1 -1 -1 -1 -1 -1 -1 -1 -1 -1 -1 3 3
3 3 3 -1 -1 -1 -1 -1 -1 -1 -1 -1 -1 -1 3 3 3
3 3 3 3 3 -1 -1 -1 -1 -1 -1 -1 3 3 3 3 3
3 3 3 3 3 3 3 3 -1 3 3 3 3 3 3 3 3
15:53:13.276642 - stdout  :: 1 -1
15:53:13.277917 - stdin   :: 8 19 1 0
7 29
10 30
8 19
8 29
3 3 3 3 3 3 3 3 -1 3 3 3 3 3 3 3 3
3 3 3 3 3 -1 -1 -1 -1 -1 -1 -1 3 3 3 3 3
3 3 3 -1 -1 -1 -1 -1 -1 -1 -1 -1 -1 -1 3 3 3
3 3 -1 -1 -1 -1 -1 -1 -1 -1 -1 -1 -1 -1 -1 3 3
3 3 -1 -1 -1 -1 -1 -1 -1 -1 -1 -1 -1 -1 -1 3 3
3 -1 -1 -1 -1 -1 -1 -1 -1 -1 -1 -1 -1 -1 -1 -1 3
3 -1 -1 -1 -1 -1 -1 -1 -1 -1 -1 -1 -1 -1 -1 -1 3
3 0 0 0 0 0 0 0 0 0 0 0 0 0 0 0 3
0 0 0 0 0 0 0 0 0 0 0 0 0 0 0 0 0
3 0 0 0 0 0 0 0 0 0 0 0 0 0 0 0 3
3 0 0 0 0 0 0 0 0 0 0 0 0 0 0 0 3
3 -1 -1 -1 -1 -1 -1 -1 -1 -1 -1 -1 -1 -1 -1 -1 3
3 3 -1 -1 -1 -1 -1 -1 -1 -1 -1 -1 -1 -1 -1 3 3
3 3 -1 -1 -1 -1 -1 -1 -1 -1 -1 -1 -1 -1 -1 3 3
3 3 3 -1 -1 -1 -1 -1 -1 -1 -1 -1 -1 -1 3 3 3
3 3 3 3 3 -1 -1 -1 -1 -1 -1 -1 3 3 3 3 3
3 3 3 3 3 3 3 3 -1 3 3 3 3 3 3 3 3
15:53:13.281027 - stdout  :: 0 0
15:53:13.282192 - stdin   :: 9 19 1 0
7 29
10 30
9 19
8 29
3 3 3 3 3 3 3 3 -1 3 3 3 3 3 3 3 3
3 3 3 3 3 -1 -1 -1 -1 -1 -1 -1 3 3 3 3 3
3 3 3 -1 -1 -1 -1 -1 -1 -1 -1 -1 -1 -1 3 3 3
3 3 -1 -1 -1 -1 -1 -1 -1 -1 -1 -1 -1 -1 -1 3 3
3 3 -1 -1 -1 -1 -1 -1 -1 -1 -1 -1 -1 -1 -1 3 3
3 -1 -1 -1 -1 -1 -1 -1 -1 -1 -1 -1 -1 -1 -1 -1 3
3 0 0 0 0 0 0 0 0 0 0 0 0 0 0 0 3
3 0 0 0 0 0 0 0 0 0 0 0 0 0 0 0 3
0 0 0 0 0 0 0 0 0 0 0 0 0 0 0 0 0
3 0 0 0 0 0 0 0 0 0 0 0 0 0 0 0 3
3 -1 -1 -1 -1 -1 -1 -1 -1 -1 -1 -1 -1 -1 -1 -1 3
3 -1 -1 -1 -1 -1 -1 -1 -1 -1 -1 -1 -1 -1 -1 -1 3
3 3 -1 -1 -1 -1 -1 -1 -1 -1 -1 -1 -1 -1 -1 3 3
3 3 -1 -1 -1 -1 -1 -1 -1 -1 -1 -1 -1 -1 -1 3 3
3 3 3 -1 -1 -1 -1 -1 -1 -1 -1 -1 -1 -1 3 3 3
3 3 3 3 3 -1 -1 -1 -1 -1 -1 -1 3 3 3 3 3
3 3 3 3 3 3 3 3 -1 3 3 3 3 3 3 3 3
15:53:13.285597 - stdout  :: 0 0
15:53:13.286833 - stdin   :: 10 19 1 0
7 29
10 30
10 19
8 29
3 3 3 3 3 3 3 3 -1 3 3 3 3 3 3 3 3
3 3 3 3 3 -1 -1 -1 -1 -1 -1 -1 3 3 3 3 3
3 3 3 -1 -1 -1 -1 -1 -1 -1 -1 -1 -1 -1 3 3 3
3 3 -1 -1 -1 -1 -1 -1 -1 -1 -1 -1 -1 -1 -1 3 3
3 3 -1 -1 -1 -1 -1 -1 -1 -1 -1 -1 -1 -1 -1 3 3
3 0 0 0 0 0 0 0 0 0 0 0 0 0 0 0 3
3 0 0 0 0 0 0 0 0 0 0 0 0 0 0 0 3
3 0 0 0 0 0 0 0 0 0 0 0 0 0 0 0 3
0 0 0 0 0 0 0 0 0 0 0 0 0 0 0 0 0
3 -1 -1 -1 -1 -1 -1 -1 -1 -1 -1 -1 -1 -1 -1 -1 3
3 -1 -1 -1 -1 -1 -1 -1 -1 -1 -1 -1 -1 -1 -1 -1 3
3 -1 -1 -1 -1 -1 -1 -1 -1 -1 -1 -1 -1 -1 -1 -1 3
3 3 -1 -1 -1 -1 -1 -1 -1 -1 -1 -1 -1 -1 -1 3 3
3 3 -1 -1 -1 -1 -1 -1 -1 -1 -1 -1 -1 -1 -1 3 3
3 3 3 -1 -1 -1 -1 -1 -1 -1 -1 -1 -1 -1 3 3 3
3 3 3 3 3 -1 -1 -1 -1 -1 -1 -1 3 3 3 3 3
3 3 3 3 3 3 3 3 -1 3 3 3 3 3 3 3 3
15:53:13.290039 - stdout  :: -1 1
15:53:13.291278 - stdin   :: 10 20 0 1
7 29
10 30
10 20
8 29
3 3 3 3 3 3 3 3 -1 3 3 3 3 3 3 3 3
3 3 3 3 3 -1 -1 -1 -1 -1 -1 -1 3 3 3 3 3
3 3 3 -1 -1 -1 -1 -1 -1 -1 -1 -1 -1 -1 3 3 3
3 3 -1 -1 -1 -1 -1 -1 -1 -1 -1 -1 -1 -1 -1 3 3
3 3 -1 -1 -1 -1 -1 -1 -1 -1 -1 -1 -1 -1 -1 3 3
3 0 0 0 0 0 0 0 0 0 0 0 0 0 0 0 3
3 0 0 0 0 0 0 0 0 0 0 0 0 0 0 0 3
3 0 0 0 0 0 0 0 0 0 0 0 0 0 0 0 3
0 0 0 0 0 0 0 0 0 0 0 0 0 0 0 0 0
3 -1 -1 -1 -1 -1 -1 -1 -1 -1 -1 -1 -1 -1 -1 -1 3
3 -1 -1 -1 -1 -1 -1 -1 -1 -1 -1 -1 -1 -1 -1 -1 3
3 -1 -1 -1 -1 -1 -1 -1 -1 -1 -1 -1 -1 -1 -1 -1 3
3 3 -1 -1 -1 -1 -1 -1 -1 -1 -1 -1 -1 -1 -1 3 3
3 3 -1 -1 -1 -1 -1 -1 -1 -1 -1 -1 -1 -1 -1 3 3
3 3 3 -1 -1 -1 -1 -1 -1 -1 -1 -1 -1 -1 3 3 3
3 3 3 3 3 -1 -1 -1 -1 -1 -1 -1 3 3 3 3 3
3 3 3 3 3 3 3 3 -1 3 3 3 3 3 3 3 3
15:53:13.294558 - stdout  :: -1 -1
15:53:13.295901 - stdin   :: 9 20 -1 0
7 29
10 30
9 20
8 29
3 3 3 3 3 3 3 3 -1 3 3 3 3 3 3 3 3
3 3 3 3 3 -1 -1 -1 -1 -1 -1 -1 3 3 3 3 3
3 3 3 -1 -1 -1 -1 -1 -1 -1 -1 -1 -1 -1 3 3 3
3 3 -1 -1 -1 -1 -1 -1 -1 -1 -1 -1 -1 -1 -1 3 3
3 3 -1 -1 -1 -1 -1 -1 -1 -1 -1 -1 -1 -1 -1 3 3
3 -1 -1 -1 -1 -1 -1 -1 -1 -1 -1 -1 -1 -1 -1 -1 3
3 0 0 0 0 0 0 0 0 0 0 0 0 0 0 0 3
3 0 0 0 0 0 0 0 0 0 0 0 0 0 0 0 3
0 0 0 0 0 0 0 0 0 0 0 0 0 0 0 0 0
3 0 0 0 0 0 0 0 0 0 0 0 0 0 0 0 3
3 -1 -1 -1 -1 -1 -1 -1 -1 -1 -1 -1 -1 -1 -1 -1 3
3 -1 -1 -1 -1 -1 -1 -1 -1 -1 -1 -1 -1 -1 -1 -1 3
3 3 -1 -1 -1 -1 -1 -1 -1 -1 -1 -1 -1 -1 -1 3 3
3 3 -1 -1 -1 -1 -1 -1 -1 -1 -1 -1 -1 -1 -1 3 3
3 3 3 -1 -1 -1 -1 -1 -1 -1 -1 -1 -1 -1 3 3 3
3 3 3 3 3 -1 -1 -1 -1 -1 -1 -1 3 3 3 3 3
3 3 3 3 3 3 3 3 -1 3 3 3 3 3 3 3 3
15:53:13.299188 - stdout  :: 0 0
15:53:13.300547 - stdin   :: 8 20 -1 0
7 29
10 30
8 20
8 29
3 3 3 3 3 3 3 3 -1 3 3 3 3 3 3 3 3
3 3 3 3 3 -1 -1 -1 -1 -1 -1 -1 3 3 3 3 3
3 3 3 -1 -1 -1 -1 -1 -1 -1 -1 -1 -1 -1 3 3 3
3 3 -1 -1 -1 -1 -1 -1 -1 -1 -1 -1 -1 -1 -1 3 3
3 3 -1 -1 -1 -1 -1 -1 -1 -1 -1 -1 -1 -1 -1 3 3
3 -1 -1 -1 -1 -1 -1 -1 -1 -1 -1 -1 -1 -1 -1 -1 3
3 -1 -1 -1 -1 -1 -1 -1 -1 -1 -1 -1 -1 -1 -1 -1 3
3 0 0 0 0 0 0 0 0 0 0 0 0 0 0 0 3
0 0 0 0 0 0 0 0 0 0 0 0 0 0 0 0 0
3 0 0 0 0 0 0 0 0 0 0 0 0 0 0 0 3
3 0 0 0 0 0 0 0 0 0 0 0 0 0 0 0 3
3 -1 -1 -1 -1 -1 -1 -1 -1 -1 -1 -1 -1 -1 -1 -1 3
3 3 -1 -1 -1 -1 -1 -1 -1 -1 -1 -1 -1 -1 -1 3 3
3 3 -1 -1 -1 -1 -1 -1 -1 -1 -1 -1 -1 -1 -1 3 3
3 3 3 -1 -1 -1 -1 -1 -1 -1 -1 -1 -1 -1 3 3 3
3 3 3 3 3 -1 -1 -1 -1 -1 -1 -1 3 3 3 3 3
3 3 3 3 3 3 3 3 -1 3 3 3 3 3 3 3 3
15:53:13.303773 - stdout  :: 0 0
15:53:13.304913 - stdin   :: 7 20 -1 0
7 29
10 30
7 20
8 29
3 3 3 3 3 3 3 3 -1 3 3 3 3 3 3 3 3
3 3 3 3 3 -1 -1 -1 -1 -1 -1 -1 3 3 3 3 3
3 3 3 -1 -1 -1 -1 -1 -1 -1 -1 -1 -1 -1 3 3 3
3 3 -1 -1 -1 -1 -1 -1 -1 -1 -1 -1 -1 -1 -1 3 3
3 3 -1 -1 -1 -1 -1 -1 -1 -1 -1 -1 -1 -1 -1 3 3
3 -1 -1 -1 -1 -1 -1 -1 -1 -1 -1 -1 -1 -1 -1 -1 3
3 -1 -1 -1 -1 -1 -1 -1 -1 -1 -1 -1 -1 -1 -1 -1 3
3 -1 -1 -1 -1 -1 -1 -1 -1 -1 -1 -1 -1 -1 -1 -1 3
0 0 0 0 0 0 0 0 0 0 0 0 0 0 0 0 0
3 0 0 0 0 0 0 0 0 0 0 0 0 0 0 0 3
3 0 0 0 0 0 0 0 0 0 0 0 0 0 0 0 3
3 0 0 0 0 0 0 0 0 0 0 0 0 0 0 0 3
3 3 -1 -1 -1 -1 -1 -1 -1 -1 -1 -1 -1 -1 -1 3 3
3 3 -1 -1 -1 -1 -1 -1 -1 -1 -1 -1 -1 -1 -1 3 3
3 3 3 -1 -1 -1 -1 -1 -1 -1 -1 -1 -1 -1 3 3 3
3 3 3 3 3 -1 -1 -1 -1 -1 -1 -1 3 3 3 3 3
3 3 3 3 3 3 3 3 -1 3 3 3 3 3 3 3 3
15:53:13.308234 - stdout  :: 1 1
15:53:13.309497 - stdin   :: 7 21 0 1
7 29
10 30
7 21
8 29
3 3 3 3 3 3 3 3 -1 3 3 3 3 3 3 3 3
3 3 3 3 3 -1 -1 -1 -1 -1 -1 -1 3 3 3 3 3
3 3 3 -1 -1 -1 -1 -1 -1 -1 -1 -1 -1 -1 3 3 3
3 3 -1 -1 -1 -1 -1 -1 -1 -1 -1 -1 -1 -1 -1 3 3
3 3 -1 -1 -1 -1 -1 -1 -1 -1 -1 -1 -1 -1 -1 3 3
3 -1 -1 -1 -1 -1 -1 -1 -1 -1 -1 -1 -1 -1 -1 -1 3
3 -1 -1 -1 -1 -1 -1 -1 -1 -1 -1 -1 -1 -1 -1 -1 3
3 -1 -1 -1 -1 -1 -1 -1 -1 -1 -1 -1 -1 -1 -1 -1 3
0 0 0 0 0 0 0 0 0 0 0 0 0 0 0 0 100
3 0 0 0 0 0 0 0 0 0 0 0 0 0 0 0 3
3 0 0 0 0 0 0 0 0 0 0 0 0 0 0 0 3
3 0 0 0 0 0 0 0 0 0 0 0 0 0 0 0 3
3 3 -1 -1 -1 -1 -1 -1 -1 -1 -1 -1 -1 -1 -1 3 3
3 3 -1 -1 -1 -1 -1 -1 -1 -1 -1 -1 -1 -1 -1 3 3
3 3 3 -1 -1 -1 -1 -1 -1 -1 -1 -1 -1 -1 3 3 3
3 3 3 3 3 -1 -1 -1 -1 -1 -1 -1 3 3 3 3 3
3 3 3 3 3 3 3 3 -1 3 3 3 3 3 3 3 3
15:53:13.310694 - stdout  :: 0 0
15:53:13.311791 - stdin   :: 7 22 0 1
7 29
10 30
7 22
8 29
3 3 3 3 3 3 3 3 -1 3 3 3 3 3 3 3 3
3 3 3 3 3 -1 -1 -1 -1 -1 -1 -1 3 3 3 3 3
3 3 3 -1 -1 -1 -1 -1 -1 -1 -1 -1 -1 -1 3 3 3
3 3 -1 -1 -1 -1 -1 -1 -1 -1 -1 -1 -1 -1 -1 3 3
3 3 -1 -1 -1 -1 -1 -1 -1 -1 -1 -1 -1 -1 -1 3 3
3 -1 -1 -1 -1 -1 -1 -1 -1 -1 -1 -1 -1 -1 -1 -1 3
3 -1 -1 -1 -1 -1 -1 -1 -1 -1 -1 -1 -1 -1 -1 -1 3
3 -1 -1 -1 -1 -1 -1 -1 -1 -1 -1 -1 -1 -1 -1 -1 3
0 0 0 0 0 0 0 0 0 0 0 0 0 0 0 100 100
3 0 0 0 0 0 0 0 0 0 0 0 0 0 0 100 3
3 0 0 0 0 0 0 0 0 0 0 0 0 0 0 100 3
3 0 0 0 0 0 0 0 0 0 0 0 0 0 0 100 3
3 3 -1 -1 -1 -1 -1 -1 -1 -1 -1 -1 -1 -1 -1 3 3
3 3 -1 -1 -1 -1 -1 -1 -1 -1 -1 -1 -1 -1 -1 3 3
3 3 3 -1 -1 -1 -1 -1 -1 -1 -1 -1 -1 -1 3 3 3
3 3 3 3 3 -1 -1 -1 -1 -1 -1 -1 3 3 3 3 3
3 3 3 3 3 3 3 3 -1 3 3 3 3 3 3 3 3
15:53:13.313092 - stdout  :: 0 0
15:53:13.314315 - stdin   :: 7 23 0 1
7 29
10 30
7 23
8 29
3 3 3 3 3 3 3 3 -1 3 3 3 3 3 3 3 3
3 3 3 3 3 -1 -1 -1 -1 -1 -1 -1 3 3 3 3 3
3 3 3 -1 -1 -1 -1 -1 -1 -1 -1 -1 -1 -1 3 3 3
3 3 -1 -1 -1 -1 -1 -1 -1 -1 -1 -1 -1 -1 -1 3 3
3 3 -1 -1 -1 -1 -1 -1 -1 -1 -1 -1 -1 -1 -1 3 3
3 -1 -1 -1 -1 -1 -1 -1 -1 -1 -1 -1 -1 -1 -1 -1 3
3 -1 -1 -1 -1 -1 -1 -1 -1 -1 -1 -1 -1 -1 -1 -1 3
3 -1 -1 -1 -1 -1 -1 -1 -1 -1 -1 -1 -1 -1 -1 -1 3
0 0 0 0 0 0 0 0 0 0 0 0 0 0 100 100 100
3 0 0 0 0 0 0 0 0 0 0 0 0 0 100 100 3
3 0 0 0 0 0 0 0 0 0 0 0 0 0 100 100 3
3 0 0 0 0 0 0 0 0 0 0 0 0 0 100 100 3
3 3 -1 -1 -1 -1 -1 -1 -1 -1 -1 -1 -1 -1 -1 3 3
3 3 -1 -1 -1 -1 -1 -1 -1 -1 -1 -1 -1 -1 -1 3 3
3 3 3 -1 -1 -1 -1 -1 -1 -1 -1 -1 -1 -1 3 3 3
3 3 3 3 3 -1 -1 -1 -1 -1 -1 -1 3 3 3 3 3
3 3 3 3 3 3 3 3 -1 3 3 3 3 3 3 3 3
15:53:13.315534 - stdout  :: 0 0
15:53:13.316687 - stdin   :: 7 24 0 1
7 29
10 30
7 24
8 29
3 3 3 3 3 3 3 3 -1 3 3 3 3 3 3 3 3
3 3 3 3 3 -1 -1 -1 -1 -1 -1 -1 3 3 3 3 3
3 3 3 -1 -1 -1 -1 -1 -1 -1 -1 -1 -1 -1 3 3 3
3 3 -1 -1 -1 -1 -1 -1 -1 -1 -1 -1 -1 -1 -1 3 3
3 3 -1 -1 -1 -1 -1 -1 -1 -1 -1 -1 -1 -1 -1 3 3
3 -1 -1 -1 -1 -1 -1 -1 -1 -1 -1 -1 -1 -1 -1 -1 3
3 -1 -1 -1 -1 -1 -1 -1 -1 -1 -1 -1 -1 -1 -1 -1 3
3 -1 -1 -1 -1 -1 -1 -1 -1 -1 -1 -1 -1 -1 -1 -1 3
0 0 0 0 0 0 0 0 0 0 0 0 0 100 100 100 100
3 0 0 0 0 0 0 0 0 0 0 0 0 100 100 100 3
3 0 0 0 0 0 0 0 0 0 0 0 0 100 100 100 3
3 0 0 0 0 0 0 0 0 0 0 0 0 100 100 100 3
3 3 -1 -1 -1 -1 -1 -1 -1 -1 -1 -1 -1 -1 -1 3 3
3 3 -1 -1 -1 -1 -1 -1 -1 -1 -1 -1 -1 -1 -1 3 3
3 3 3 -1 -1 -1 -1 -1 -1 -1 -1 -1 -1 -1 3 3 3
3 3 3 3 3 -1 -1 -1 -1 -1 -1 -1 3 3 3 3 3
3 3 3 3 3 3 3 3 -1 3 3 3 3 3 3 3 3
15:53:13.317665 - stdout  :: 0 0
15:53:13.318750 - stdin   :: 7 25 0 1
7 29
10 30
7 25
8 29
3 3 3 3 3 3 3 3 -1 3 3 3 3 3 3 3 3
3 3 3 3 3 -1 -1 -1 -1 -1 -1 -1 3 3 3 3 3
3 3 3 -1 -1 -1 -1 -1 -1 -1 -1 -1 -1 -1 3 3 3
3 3 -1 -1 -1 -1 -1 -1 -1 -1 -1 -1 -1 -1 -1 3 3
3 3 -1 -1 -1 -1 -1 -1 -1 -1 -1 -1 -1 -1 -1 3 3
3 -1 -1 -1 -1 -1 -1 -1 -1 -1 -1 -1 -1 -1 -1 -1 3
3 -1 -1 -1 -1 -1 -1 -1 -1 -1 -1 -1 -1 -1 -1 -1 3
3 -1 -1 -1 -1 -1 -1 -1 -1 -1 -1 -1 -1 -1 -1 -1 3
0 0 0 0 0 0 0 0 0 0 0 0 100 100 100 100 100
3 0 0 0 0 0 0 0 0 0 0 0 100 100 100 100 3
3 0 0 0 0 0 0 0 0 0 0 0 100 100 100 100 3
3 0 0 0 0 0 0 0 0 0 0 0 100 100 100 100 3
3 3 -1 -1 -1 -1 -1 -1 -1 -1 -1 -1 -1 -1 -1 3 3
3 3 -1 -1 -1 -1 -1 -1 -1 -1 -1 -1 -1 -1 -1 3 3
3 3 3 -1 -1 -1 -1 -1 -1 -1 -1 -1 -1 -1 3 3 3
3 3 3 3 3 -1 -1 -1 -1 -1 -1 -1 3 3 3 3 3
3 3 3 3 3 3 3 3 -1 3 3 3 3 3 3 3 3
15:53:13.319669 - stdout  :: 0 0
15:53:13.320974 - stdin   :: 7 26 0 1
7 29
10 30
7 26
8 29
3 3 3 3 3 3 3 3 -1 3 3 3 3 3 3 3 3
3 3 3 3 3 -1 -1 -1 -1 -1 -1 -1 3 3 3 3 3
3 3 3 -1 -1 -1 -1 -1 -1 -1 -1 -1 -1 -1 3 3 3
3 3 -1 -1 -1 -1 -1 -1 -1 -1 -1 -1 -1 -1 -1 3 3
3 3 -1 -1 -1 -1 -1 -1 -1 -1 -1 -1 -1 -1 -1 3 3
3 -1 -1 -1 -1 -1 -1 -1 -1 -1 -1 -1 -1 -1 -1 -1 3
3 -1 -1 -1 -1 -1 -1 -1 -1 -1 -1 -1 -1 -1 -1 -1 3
3 -1 -1 -1 -1 -1 -1 -1 -1 -1 -1 -1 -1 -1 -1 -1 3
0 0 0 0 0 0 0 0 0 0 0 100 100 100 100 100 100
3 0 0 0 0 0 0 0 0 0 0 100 100 100 100 100 3
3 0 0 0 0 0 0 0 0 0 0 100 100 100 100 100 3
3 0 0 0 0 0 0 0 0 0 0 100 100 100 100 100 3
3 3 -1 -1 -1 -1 -1 -1 -1 -1 -1 -1 -1 -1 -1 3 3
3 3 -1 -1 -1 -1 -1 -1 -1 -1 -1 -1 -1 -1 -1 3 3
3 3 3 -1 -1 -1 -1 -1 -1 -1 -1 -1 -1 -1 3 3 3
3 3 3 3 3 -1 -1 -1 -1 -1 -1 -1 3 3 3 3 3
3 3 3 3 3 3 3 3 -1 3 3 3 3 3 3 3 3
15:53:13.321865 - stdout  :: 0 0
15:53:13.322951 - stdin   :: 7 27 0 1
7 29
10 30
7 27
8 29
3 3 3 3 3 3 3 3 -1 3 3 3 3 3 3 3 3
3 3 3 3 3 -1 -1 -1 -1 -1 -1 -1 3 3 3 3 3
3 3 3 -1 -1 -1 -1 -1 -1 -1 -1 -1 -1 -1 3 3 3
3 3 -1 -1 -1 -1 -1 -1 -1 -1 -1 -1 -1 -1 -1 3 3
3 3 -1 -1 -1 -1 -1 -1 -1 -1 -1 -1 -1 -1 -1 3 3
3 -1 -1 -1 -1 -1 -1 -1 -1 -1 -1 -1 -1 -1 -1 -1 3
3 -1 -1 -1 -1 -1 -1 -1 -1 -1 -1 -1 -1 -1 -1 -1 3
3 -1 -1 -1 -1 -1 -1 -1 -1 -1 -1 -1 -1 -1 -1 -1 3
0 0 0 0 0 0 0 0 0 0 100 100 100 100 100 100 100
3 0 0 0 0 0 0 0 0 0 100 100 100 100 100 100 3
3 0 0 0 0 0 0 0 0 0 100 100 100 100 100 100 3
3 0 0 0 0 0 0 0 0 0 100 100 100 100 100 100 3
3 3 -1 -1 -1 -1 -1 -1 -1 -1 -1 -1 -1 -1 -1 3 3
3 3 -1 -1 -1 -1 -1 -1 -1 -1 -1 -1 -1 -1 -1 3 3
3 3 3 -1 -1 -1 -1 -1 -1 -1 -1 -1 -1 -1 3 3 3
3 3 3 3 3 -1 -1 -1 -1 -1 -1 -1 3 3 3 3 3
3 3 3 3 3 3 3 3 -1 3 3 3 3 3 3 3 3
15:53:13.323698 - stdout  :: 0 0
15:53:13.324750 - stdin   :: 7 28 0 1
7 29
10 30
7 28
8 29
3 3 3 3 3 3 3 3 -1 3 3 3 3 3 3 3 3
3 3 3 3 3 -1 -1 -1 -1 -1 -1 -1 3 3 3 3 3
3 3 3 -1 -1 -1 -1 -1 -1 -1 -1 -1 -1 -1 3 3 3
3 3 -1 -1 -1 -1 -1 -1 -1 -1 -1 -1 -1 -1 -1 3 3
3 3 -1 -1 -1 -1 -1 -1 -1 -1 -1 -1 -1 -1 -1 3 3
3 -1 -1 -1 -1 -1 -1 -1 -1 -1 -1 -1 -1 -1 -1 -1 3
3 -1 -1 -1 -1 -1 -1 -1 -1 -1 -1 -1 -1 -1 -1 -1 3
3 -1 -1 -1 -1 -1 -1 -1 -1 -1 -1 -1 -1 -1 -1 -1 3
0 0 0 0 0 0 0 0 0 100 100 100 100 100 100 100 100
3 0 0 0 0 0 0 0 0 100 100 100 100 100 100 100 3
3 0 0 0 0 0 0 0 0 100 100 100 100 100 100 100 3
3 0 0 0 0 0 0 0 0 100 100 100 100 100 100 100 3
3 3 -1 -1 -1 -1 -1 -1 -1 -1 -1 -1 -1 -1 -1 3 3
3 3 -1 -1 -1 -1 -1 -1 -1 -1 -1 -1 -1 -1 -1 3 3
3 3 3 -1 -1 -1 -1 -1 -1 -1 -1 -1 -1 -1 3 3 3
3 3 3 3 3 -1 -1 -1 -1 -1 -1 -1 3 3 3 3 3
3 3 3 3 3 3 3 3 -1 3 3 3 3 3 3 3 3
15:53:13.325417 - stdout  :: 0 -1
15:53:13.326604 - stdin   :: 7 28 0 0
7 29
10 30
7 28
8 29
3 3 3 3 3 3 3 3 -1 3 3 3 3 3 3 3 3
3 3 3 3 3 -1 -1 -1 -1 -1 -1 -1 3 3 3 3 3
3 3 3 -1 -1 -1 -1 -1 -1 -1 -1 -1 -1 -1 3 3 3
3 3 -1 -1 -1 -1 -1 -1 -1 -1 -1 -1 -1 -1 -1 3 3
3 3 -1 -1 -1 -1 -1 -1 -1 -1 -1 -1 -1 -1 -1 3 3
3 -1 -1 -1 -1 -1 -1 -1 -1 -1 -1 -1 -1 -1 -1 -1 3
3 -1 -1 -1 -1 -1 -1 -1 -1 -1 -1 -1 -1 -1 -1 -1 3
3 -1 -1 -1 -1 -1 -1 -1 -1 -1 -1 -1 -1 -1 -1 -1 3
0 0 0 0 0 0 0 0 0 100 100 100 100 100 100 100 100
3 0 0 0 0 0 0 0 0 100 100 100 100 100 100 100 3
3 0 0 0 0 0 0 0 0 100 100 100 100 100 100 100 3
3 0 0 0 0 0 0 0 0 100 100 100 100 100 100 100 3
3 3 -1 -1 -1 -1 -1 -1 -1 -1 -1 -1 -1 -1 -1 3 3
3 3 -1 -1 -1 -1 -1 -1 -1 -1 -1 -1 -1 -1 -1 3 3
3 3 3 -1 -1 -1 -1 -1 -1 -1 -1 -1 -1 -1 3 3 3
3 3 3 3 3 -1 -1 -1 -1 -1 -1 -1 3 3 3 3 3
3 3 3 3 3 3 3 3 -1 3 3 3 3 3 3 3 3
15:53:13.327468 - stdout  :: 0 0
15:53:13.328580 - stdin   :: 7 28 0 0
7 29
10 30
7 28
8 29
3 3 3 3 3 3 3 3 -1 3 3 3 3 3 3 3 3
3 3 3 3 3 -1 -1 -1 -1 -1 -1 -1 3 3 3 3 3
3 3 3 -1 -1 -1 -1 -1 -1 -1 -1 -1 -1 -1 3 3 3
3 3 -1 -1 -1 -1 -1 -1 -1 -1 -1 -1 -1 -1 -1 3 3
3 3 -1 -1 -1 -1 -1 -1 -1 -1 -1 -1 -1 -1 -1 3 3
3 -1 -1 -1 -1 -1 -1 -1 -1 -1 -1 -1 -1 -1 -1 -1 3
3 -1 -1 -1 -1 -1 -1 -1 -1 -1 -1 -1 -1 -1 -1 -1 3
3 -1 -1 -1 -1 -1 -1 -1 -1 -1 -1 -1 -1 -1 -1 -1 3
0 0 0 0 0 0 0 0 0 100 100 100 100 100 100 100 100
3 0 0 0 0 0 0 0 0 100 100 100 100 100 100 100 3
3 0 0 0 0 0 0 0 0 100 100 100 100 100 100 100 3
3 0 0 0 0 0 0 0 0 100 100 100 100 100 100 100 3
3 3 -1 -1 -1 -1 -1 -1 -1 -1 -1 -1 -1 -1 -1 3 3
3 3 -1 -1 -1 -1 -1 -1 -1 -1 -1 -1 -1 -1 -1 3 3
3 3 3 -1 -1 -1 -1 -1 -1 -1 -1 -1 -1 -1 3 3 3
3 3 3 3 3 -1 -1 -1 -1 -1 -1 -1 3 3 3 3 3
3 3 3 3 3 3 3 3 -1 3 3 3 3 3 3 3 3
15:53:13.329244 - stdout  :: 0 0
15:53:13.330328 - stdin   :: 7 28 0 0
7 29
10 30
7 28
8 29
3 3 3 3 3 3 3 3 -1 3 3 3 3 3 3 3 3
3 3 3 3 3 -1 -1 -1 -1 -1 -1 -1 3 3 3 3 3
3 3 3 -1 -1 -1 -1 -1 -1 -1 -1 -1 -1 -1 3 3 3
3 3 -1 -1 -1 -1 -1 -1 -1 -1 -1 -1 -1 -1 -1 3 3
3 3 -1 -1 -1 -1 -1 -1 -1 -1 -1 -1 -1 -1 -1 3 3
3 -1 -1 -1 -1 -1 -1 -1 -1 -1 -1 -1 -1 -1 -1 -1 3
3 -1 -1 -1 -1 -1 -1 -1 -1 -1 -1 -1 -1 -1 -1 -1 3
3 -1 -1 -1 -1 -1 -1 -1 -1 -1 -1 -1 -1 -1 -1 -1 3
0 0 0 0 0 0 0 0 0 100 100 100 100 100 100 100 100
3 0 0 0 0 0 0 0 0 100 100 100 100 100 100 100 3
3 0 0 0 0 0 0 0 0 100 100 100 100 100 100 100 3
3 0 0 0 0 0 0 0 0 100 100 100 100 100 100 100 3
3 3 -1 -1 -1 -1 -1 -1 -1 -1 -1 -1 -1 -1 -1 3 3
3 3 -1 -1 -1 -1 -1 -1 -1 -1 -1 -1 -1 -1 -1 3 3
3 3 3 -1 -1 -1 -1 -1 -1 -1 -1 -1 -1 -1 3 3 3
3 3 3 3 3 -1 -1 -1 -1 -1 -1 -1 3 3 3 3 3
3 3 3 3 3 3 3 3 -1 3 3 3 3 3 3 3 3
15:53:13.330984 - stdout  :: 0 0
15:53:13.332020 - stdin   :: 7 28 0 0
7 29
10 30
7 28
8 29
3 3 3 3 3 3 3 3 -1 3 3 3 3 3 3 3 3
3 3 3 3 3 -1 -1 -1 -1 -1 -1 -1 3 3 3 3 3
3 3 3 -1 -1 -1 -1 -1 -1 -1 -1 -1 -1 -1 3 3 3
3 3 -1 -1 -1 -1 -1 -1 -1 -1 -1 -1 -1 -1 -1 3 3
3 3 -1 -1 -1 -1 -1 -1 -1 -1 -1 -1 -1 -1 -1 3 3
3 -1 -1 -1 -1 -1 -1 -1 -1 -1 -1 -1 -1 -1 -1 -1 3
3 -1 -1 -1 -1 -1 -1 -1 -1 -1 -1 -1 -1 -1 -1 -1 3
3 -1 -1 -1 -1 -1 -1 -1 -1 -1 -1 -1 -1 -1 -1 -1 3
0 0 0 0 0 0 0 0 0 100 100 100 100 100 100 100 100
3 0 0 0 0 0 0 0 0 100 100 100 100 100 100 100 3
3 0 0 0 0 0 0 0 0 100 100 100 100 100 100 100 3
3 0 0 0 0 0 0 0 0 100 100 100 100 100 100 100 3
3 3 -1 -1 -1 -1 -1 -1 -1 -1 -1 -1 -1 -1 -1 3 3
3 3 -1 -1 -1 -1 -1 -1 -1 -1 -1 -1 -1 -1 -1 3 3
3 3 3 -1 -1 -1 -1 -1 -1 -1 -1 -1 -1 -1 3 3 3
3 3 3 3 3 -1 -1 -1 -1 -1 -1 -1 3 3 3 3 3
3 3 3 3 3 3 3 3 -1 3 3 3 3 3 3 3 3
15:53:13.332748 - stdout  :: 1 0
15:53:13.333840 - stdin   :: 8 28 1 0
7 29
10 30
8 28
8 29
3 3 3 3 3 3 3 3 -1 3 3 3 3 3 3 3 3
3 3 3 3 3 -1 -1 -1 -1 -1 -1 -1 3 3 3 3 3
3 3 3 -1 -1 -1 -1 -1 -1 -1 -1 -1 -1 -1 3 3 3
3 3 -1 -1 -1 -1 -1 -1 -1 -1 -1 -1 -1 -1 -1 3 3
3 3 -1 -1 -1 -1 -1 -1 -1 -1 -1 -1 -1 -1 -1 3 3
3 -1 -1 -1 -1 -1 -1 -1 -1 -1 -1 -1 -1 -1 -1 -1 3
3 -1 -1 -1 -1 -1 -1 -1 -1 -1 -1 -1 -1 -1 -1 -1 3
3 0 0 0 0 0 0 0 0 100 100 100 100 100 100 100 3
0 0 0 0 0 0 0 0 0 100 100 100 100 100 100 100 100
3 0 0 0 0 0 0 0 0 100 100 100 100 100 100 100 3
3 0 0 0 0 0 0 0 0 100 100 100 100 100 100 100 3
3 -1 -1 -1 -1 -1 -1 -1 -1 -1 -1 -1 -1 -1 -1 -1 3
3 3 -1 -1 -1 -1 -1 -1 -1 -1 -1 -1 -1 -1 -1 3 3
3 3 -1 -1 -1 -1 -1 -1 -1 -1 -1 -1 -1 -1 -1 3 3
3 3 3 -1 -1 -1 -1 -1 -1 -1 -1 -1 -1 -1 3 3 3
3 3 3 3 3 -1 -1 -1 -1 -1 -1 -1 3 3 3 3 3
3 3 3 3 3 3 3 3 -1 3 3 3 3 3 3 3 3
15:53:13.334705 - stdout  :: 0 1
15:53:13.335353 - stdin   :: ~~~END~~~
15:53:13.336476 - control :: Server has terminated, no more data.
