16:47:40.134860 - control :: Starting bot process.
16:47:40.281124 - control :: Bot has initialised, connecting to server.
16:47:40.285094 - stdin   :: 40 60 4 5
16:47:40.292580 - stdin   :: 3 51 0 0
4 49
4 48
4 50
3 51
3 3 3 3 3 -1 3 3 3 3 3
3 3 -1 -1 -1 -1 -1 -1 -1 3 3
3 -1 -1 -1 -1 -1 -1 -1 -1 -1 3
3 -1 -1 -1 -1 -1 -1 -1 -1 -1 3
3 -1 -1 -1 -1 -1 -1 -1 -1 -1 3
-1 -1 1 1 1 1 1 1 1 1 -1
3 1 1 1 1 1 1 1 1 1 3
3 0 1 1 1 1 1 1 1 1 3
3 0 0 0 0 0 0 0 0 1 3
3 3 0 0 0 0 0 0 0 3 3
3 3 3 3 3 0 3 3 3 3 3
16:47:40.293412 - stdout  :: 0 -1
16:47:40.302158 - stdin   :: 3 50 0 -1
6 51
5 47
5 50
3 50
3 3 3 3 3 -1 3 3 3 3 3
3 3 -1 -1 -1 -1 -1 -1 -1 3 3
3 -1 -1 -1 -1 -1 -1 -1 -1 -1 3
3 -1 -1 -1 -1 -1 -1 -1 -1 -1 3
3 -1 -1 -1 -1 -1 -1 -1 -1 -1 3
-1 -1 -1 1 1 1 1 1 1 1 1
3 -1 1 1 1 1 1 1 1 1 3
3 -1 0 1 1 1 1 1 1 1 3
3 -1 0 0 0 0 0 0 0 0 3
3 3 0 0 0 0 0 0 0 3 3
3 3 3 3 3 0 3 3 3 3 3
16:47:40.303155 - stdout  :: 1 0
16:47:40.313507 - stdin   :: 4 49 1 -1
7 53
7 47
6 50
4 49
3 3 3 3 3 -1 3 3 3 3 3
3 3 -1 -1 -1 -1 -1 -1 -1 3 3
3 -1 -1 -1 -1 -1 -1 -1 -1 -1 3
3 -1 -1 -1 -1 -1 -1 -1 -1 -1 3
3 -1 -1 -1 1 1 1 1 1 1 3
-1 -1 -1 1 1 1 1 1 1 1 1
3 -1 -1 0 1 1 1 1 1 1 3
3 -1 -1 0 0 0 0 0 0 0 3
3 -1 -1 0 0 0 0 0 0 0 3
3 3 -1 0 0 0 0 0 0 3 3
3 3 3 3 3 0 3 3 3 3 3
16:47:40.314161 - stdout  :: 0 1
16:47:40.322071 - stdin   :: 5 49 1 0
7 54
9 47
7 50
5 49
3 3 3 3 3 -1 3 3 3 3 3
3 3 -1 -1 -1 -1 -1 -1 -1 3 3
3 -1 -1 -1 -1 -1 -1 -1 -1 -1 3
3 -1 -1 -1 1 1 1 1 1 1 3
3 -1 -1 1 1 1 1 1 1 1 3
-1 -1 -1 0 1 1 1 1 1 1 1
3 -1 -1 0 0 0 0 0 0 0 3
3 -1 -1 0 0 0 0 0 0 0 3
3 -1 -1 0 0 0 0 0 0 0 3
3 3 -1 0 0 0 0 0 0 3 3
3 3 3 3 3 0 3 3 3 3 3
16:47:40.322854 - stdout  :: 0 1
16:47:40.330637 - stdin   :: 6 50 1 1
6 55
11 47
8 50
6 50
3 3 3 3 3 -1 3 3 3 3 3
3 3 -1 -1 -1 -1 -1 -1 -1 3 3
3 -1 -1 1 1 1 1 1 1 1 3
3 -1 1 1 1 1 1 1 1 1 3
3 -1 0 1 1 1 1 1 1 1 3
-1 -1 0 0 0 0 0 0 0 0 1
3 -1 0 0 0 0 0 0 0 0 3
3 -1 0 0 0 0 0 0 0 0 3
3 -1 0 0 0 0 0 0 0 0 3
3 3 0 0 0 0 0 0 0 3 3
3 3 3 3 3 0 3 3 3 3 3
16:47:40.331363 - stdout  :: 0 -1
16:47:40.338783 - stdin   :: 7 50 1 0
6 55
12 48
9 50
7 50
3 3 3 3 3 -1 3 3 3 3 3
3 3 -1 1 1 1 1 1 1 3 3
3 -1 1 1 1 1 1 1 1 1 3
3 -1 0 1 1 1 1 1 1 1 3
3 -1 0 0 0 0 0 0 0 0 3
-1 -1 0 0 0 0 0 0 0 0 0
3 -1 0 0 0 0 0 0 0 0 3
3 -1 0 0 0 0 0 0 0 0 3
3 -1 0 0 0 0 0 0 0 0 3
3 3 0 0 0 0 0 0 0 3 3
3 3 3 3 3 0 3 3 3 3 3
16:47:40.339357 - stdout  :: 0 -1
16:47:40.346294 - stdin   :: 8 49 1 -1
7 55
12 49
10 50
8 49
3 3 3 3 3 1 3 3 3 3 3
3 3 -1 1 1 1 1 1 1 3 3
3 -1 -1 0 1 1 1 1 1 1 3
3 -1 -1 0 0 0 0 0 0 0 3
3 -1 -1 0 0 0 0 0 0 0 3
-1 -1 -1 0 0 0 0 0 0 0 0
3 -1 -1 0 0 0 0 0 0 0 3
3 -1 -1 0 0 0 0 0 0 0 3
3 -1 -1 0 0 0 0 0 0 0 3
3 3 -1 -1 0 0 0 0 0 3 3
3 3 3 3 3 -1 3 3 3 3 3
16:47:40.346881 - stdout  :: 0 1
16:47:40.354175 - stdin   :: 9 49 1 0
9 55
12 50
11 50
9 49
3 3 3 3 3 1 3 3 3 3 3
3 3 -1 0 1 1 1 1 1 3 3
3 -1 -1 0 0 0 0 0 0 0 3
3 -1 -1 0 0 0 0 0 0 0 3
3 -1 -1 0 0 0 0 0 0 0 3
-1 -1 -1 0 0 0 0 0 0 0 0
3 -1 -1 0 0 0 0 0 0 0 3
3 -1 -1 0 0 0 0 0 0 0 3
3 -1 -1 -1 0 0 0 0 0 0 3
3 3 -1 -1 -1 -1 0 -1 -1 3 3
3 3 3 3 3 -1 3 3 3 3 3
16:47:40.354740 - stdout  :: 0 1
16:47:40.361435 - stdin   :: 10 50 1 1
11 54
12 51
12 50
10 50
3 3 3 3 3 1 3 3 3 3 3
3 3 0 0 0 0 0 0 0 3 3
3 -1 0 0 0 0 0 0 0 0 3
3 -1 0 0 0 0 0 0 0 0 3
3 -1 0 0 0 0 0 0 0 0 3
-1 -1 0 0 0 0 0 0 0 0 0
3 -1 0 0 0 0 0 0 0 0 3
3 -1 -1 0 0 0 0 0 0 0 3
3 -1 -1 -1 -1 0 -1 -1 -1 -1 3
3 3 -1 -1 -1 0 -1 -1 -1 3 3
3 3 3 3 3 0 3 3 3 3 3
16:47:40.361964 - stdout  :: 0 -1
16:47:40.368788 - stdin   :: 11 50 1 0
12 54
12 52
13 50
11 50
3 3 3 3 3 0 3 3 3 3 3
3 3 0 0 0 0 0 0 0 3 3
3 -1 0 0 0 0 0 0 0 0 3
3 -1 0 0 0 0 0 0 0 0 3
3 -1 0 0 0 0 0 0 0 0 3
-1 -1 0 0 0 0 0 0 0 0 0
3 -1 -1 0 0 0 0 0 0 0 3
3 -1 -1 -1 -1 0 -1 -1 -1 -1 3
3 -1 -1 -1 -1 0 -1 -1 -1 -1 3
3 3 -1 -1 -1 0 -1 -1 -1 3 3
3 3 3 3 3 0 3 3 3 3 3
16:47:40.369352 - stdout  :: 0 -1
16:47:40.376245 - stdin   :: 12 49 1 -1
12 53
11 53
14 50
12 49
3 3 3 3 3 0 3 3 3 3 3
3 3 -1 0 0 0 0 0 0 3 3
3 -1 -1 0 0 0 0 0 0 0 3
3 -1 -1 0 0 0 0 0 0 0 3
3 -1 -1 0 0 0 0 0 0 0 3
-1 -1 -1 -1 0 0 0 0 0 0 0
3 -1 -1 -1 -1 -1 0 -1 -1 -1 3
3 -1 -1 -1 -1 -1 0 -1 -1 -1 3
3 -1 -1 -1 -1 -1 0 -1 -1 -1 3
3 3 -1 -1 -1 -1 0 -1 -1 3 3
3 3 3 3 3 -1 3 3 3 3 3
16:47:40.376830 - stdout  :: 0 1
16:47:40.469990 - stdin   :: 12 49 0 0
14 50
7 56
20 50
12 49
3 3 3 3 3 0 3 3 3 3 3
3 3 -1 0 0 0 0 0 0 3 3
3 -1 -1 0 0 0 0 0 0 0 3
3 -1 -1 0 0 0 0 0 0 0 3
3 -1 -1 0 0 0 0 0 0 0 3
-1 -1 -1 -1 0 0 0 0 0 0 0
3 -1 -1 -1 -1 -1 0 -1 -1 -1 3
3 -1 -1 -1 -1 -1 0 -1 -1 -1 3
3 -1 -1 -1 -1 -1 0 -1 -1 -1 3
3 3 -1 -1 -1 -1 0 -1 -1 3 3
3 3 3 3 3 -1 3 3 3 3 3
16:47:40.472517 - stdout  :: 1 1
16:47:40.487141 - stdin   :: 13 50 1 1
16 50
6 56
21 50
13 50
3 3 3 3 3 0 3 3 3 3 3
3 3 0 0 0 0 0 0 0 3 3
3 -1 0 0 0 0 0 0 0 0 3
3 -1 0 0 0 0 0 0 0 0 3
3 -1 -1 0 0 0 0 0 0 0 3
-1 -1 -1 -1 -1 0 -1 -1 -1 -1 -1
3 -1 -1 -1 -1 0 -1 -1 -1 -1 3
3 -1 -1 -1 -1 0 -1 -1 -1 -1 3
3 -1 -1 -1 -1 0 -1 -1 -1 -1 3
3 3 -1 -1 -1 0 -1 -1 -1 3 3
3 3 3 3 3 0 3 3 3 3 3
16:47:40.487862 - stdout  :: 0 -1
16:47:40.500410 - stdin   :: 14 50 1 0
18 50
5 56
22 50
14 50
3 3 3 3 3 0 3 3 3 3 3
3 3 0 0 0 0 0 0 0 3 3
3 -1 0 0 0 0 0 0 0 0 3
3 -1 -1 0 0 0 0 0 0 0 3
3 -1 -1 -1 -1 0 -1 -1 -1 -1 3
-1 -1 -1 -1 -1 0 -1 -1 -1 -1 -1
3 -1 -1 -1 -1 0 -1 -1 -1 -1 3
3 -1 -1 -1 -1 0 -1 -1 -1 -1 3
3 -1 -1 -1 -1 0 -1 -1 -1 -1 3
3 3 -1 -1 -1 0 -1 -1 -1 3 3
3 3 3 3 3 0 3 3 3 3 3
16:47:40.501182 - stdout  :: 0 0
16:47:40.512861 - stdin   :: 15 50 1 0
20 51
4 56
23 50
15 50
3 3 3 3 3 0 3 3 3 3 3
3 3 0 0 0 0 0 0 0 3 3
3 -1 -1 0 0 0 0 0 0 0 3
3 -1 -1 -1 -1 0 -1 -1 -1 -1 3
3 -1 -1 -1 -1 0 -1 -1 -1 -1 3
-1 -1 -1 -1 -1 0 -1 -1 -1 -1 -1
3 -1 -1 -1 -1 0 -1 -1 -1 -1 3
3 -1 -1 -1 -1 0 -1 -1 -1 -1 3
3 -1 -1 -1 -1 0 -1 -1 -1 -1 3
3 3 -1 -1 0 0 0 0 0 3 3
3 3 3 3 3 0 3 3 3 3 3
16:47:40.516484 - stdout  :: 0 0
16:47:40.554044 - stdin   :: 16 50 1 0
21 51
4 55
24 50
16 50
3 3 3 3 3 0 3 3 3 3 3
3 3 -1 0 0 0 0 0 0 3 3
3 -1 -1 -1 -1 0 -1 -1 -1 -1 3
3 -1 -1 -1 -1 0 -1 -1 -1 -1 3
3 -1 -1 -1 -1 0 -1 -1 -1 -1 3
-1 -1 -1 -1 -1 0 -1 -1 -1 -1 -1
3 -1 -1 -1 -1 0 -1 -1 -1 -1 3
3 -1 -1 -1 -1 0 -1 -1 -1 -1 3
3 -1 -1 -1 0 0 0 0 0 -1 3
3 3 -1 0 0 0 0 0 0 3 3
3 3 3 3 3 0 3 3 3 3 3
16:47:40.558660 - stdout  :: 0 0
16:47:40.572848 - stdin   :: 17 50 1 0
23 50
4 54
25 50
17 50
3 3 3 3 3 0 3 3 3 3 3
3 3 -1 -1 -1 0 -1 -1 -1 3 3
3 -1 -1 -1 -1 0 -1 -1 -1 -1 3
3 -1 -1 -1 -1 0 -1 -1 -1 -1 3
3 -1 -1 -1 -1 0 -1 -1 -1 -1 3
-1 -1 -1 -1 -1 0 -1 -1 -1 -1 -1
3 -1 -1 -1 -1 0 -1 -1 -1 -1 3
3 -1 -1 -1 0 0 0 0 0 -1 3
3 -1 -1 0 0 0 0 0 0 0 3
3 3 -1 0 0 0 0 0 0 3 3
3 3 3 3 3 0 3 3 3 3 3
16:47:40.574317 - stdout  :: 0 0
16:47:40.584543 - stdin   :: 18 50 1 0
24 50
4 53
26 50
18 50
3 3 3 3 3 0 3 3 3 3 3
3 3 -1 -1 -1 0 -1 -1 -1 3 3
3 -1 -1 -1 -1 0 -1 -1 -1 -1 3
3 -1 -1 -1 -1 0 -1 -1 -1 -1 3
3 -1 -1 -1 -1 0 -1 -1 -1 -1 3
-1 -1 -1 -1 -1 0 -1 -1 -1 -1 -1
3 -1 -1 -1 0 0 0 0 0 -1 3
3 -1 -1 0 0 0 0 0 0 0 3
3 -1 -1 0 0 0 0 0 0 0 3
3 3 -1 0 0 0 0 0 0 3 3
3 3 3 3 3 0 3 3 3 3 3
16:47:40.585192 - stdout  :: 0 1
16:47:40.595461 - stdin   :: 19 51 1 1
25 50
4 52
27 50
19 51
3 3 3 3 3 -1 3 3 3 3 3
3 3 -1 -1 0 -1 -1 -1 -1 3 3
3 -1 -1 -1 0 -1 -1 -1 -1 -1 3
3 -1 -1 -1 0 -1 -1 -1 -1 -1 3
3 -1 -1 -1 0 -1 -1 -1 -1 -1 3
-1 -1 -1 0 0 0 0 0 -1 -1 -1
3 -1 0 0 0 0 0 0 0 -1 3
3 -1 0 0 0 0 0 0 0 0 3
3 -1 0 0 0 0 0 0 0 0 3
3 3 0 0 0 0 0 0 0 3 3
3 3 3 3 3 0 3 3 3 3 3
16:47:40.596236 - stdout  :: 0 -1
16:47:40.606108 - stdin   :: 20 51 1 0
26 50
4 51
28 50
20 51
3 3 3 3 3 -1 3 3 3 3 3
3 3 -1 -1 0 -1 -1 -1 -1 3 3
3 -1 -1 -1 0 -1 -1 -1 -1 -1 3
3 -1 -1 -1 0 -1 -1 -1 -1 -1 3
3 -1 -1 0 0 0 0 0 -1 -1 3
-1 -1 0 0 0 0 0 0 0 -1 -1
3 -1 0 0 0 0 0 0 0 0 3
3 -1 0 0 0 0 0 0 0 0 3
3 -1 0 0 0 0 0 0 0 0 3
3 3 0 0 0 0 0 0 0 3 3
3 3 3 3 3 0 3 3 3 3 3
16:47:40.606824 - stdout  :: 0 -1
16:47:40.615866 - stdin   :: 21 50 1 -1
27 50
4 50
29 50
21 50
3 3 3 3 3 0 3 3 3 3 3
3 3 -1 -1 -1 0 -1 -1 -1 3 3
3 -1 -1 -1 -1 0 -1 -1 -1 -1 3
3 -1 -1 -1 0 0 0 0 0 -1 3
3 -1 -1 0 0 0 0 0 0 0 3
-1 -1 -1 0 0 0 0 0 0 0 0
3 -1 -1 0 0 0 0 0 0 0 3
3 -1 -1 0 0 0 0 0 0 0 3
3 -1 -1 0 0 0 0 0 0 0 3
3 3 -1 0 0 0 0 0 0 3 3
3 3 3 3 3 0 3 3 3 3 3
16:47:40.616503 - stdout  :: 0 1
16:47:40.637157 - stdin   :: 22 50 1 0
28 50
4 49
30 50
22 50
3 3 3 3 3 0 3 3 3 3 3
3 3 -1 -1 -1 0 -1 -1 -1 3 3
3 -1 -1 -1 0 0 0 0 0 -1 3
3 -1 -1 0 0 0 0 0 0 0 3
3 -1 -1 0 0 0 0 0 0 0 3
-1 -1 -1 0 0 0 0 0 0 0 0
3 -1 -1 0 0 0 0 0 0 0 3
3 -1 -1 0 0 0 0 0 0 0 3
3 -1 -1 0 0 0 0 0 0 0 3
3 3 -1 -1 0 0 0 0 0 3 3
3 3 3 3 3 0 3 3 3 3 3
16:47:40.638436 - stdout  :: 0 1
16:47:40.653141 - stdin   :: 23 51 1 1
29 50
4 48
31 50
23 51
3 3 3 3 3 -1 3 3 3 3 3
3 3 -1 0 0 0 0 0 -1 3 3
3 -1 0 0 0 0 0 0 0 -1 3
3 -1 0 0 0 0 0 0 0 0 3
3 -1 0 0 0 0 0 0 0 0 3
-1 -1 0 0 0 0 0 0 0 0 -1
3 -1 0 0 0 0 0 0 0 0 3
3 -1 0 0 0 0 0 0 0 0 3
3 -1 -1 0 0 0 0 0 0 -1 3
3 3 -1 -1 0 -1 -1 -1 -1 3 3
3 3 3 3 3 -1 3 3 3 3 3
16:47:40.654329 - stdout  :: 0 0
16:47:40.664708 - stdin   :: 24 52 1 1
30 50
4 47
32 50
24 52
3 3 3 3 3 0 3 3 3 3 3
3 3 0 0 0 0 0 0 -1 3 3
3 0 0 0 0 0 0 0 0 -1 3
3 0 0 0 0 0 0 0 0 -1 3
3 0 0 0 0 0 0 0 0 -1 3
-1 0 0 0 0 0 0 0 0 -1 -1
3 0 0 0 0 0 0 0 0 -1 3
3 -1 0 0 0 0 0 0 -1 -1 3
3 -1 -1 0 -1 -1 -1 -1 -1 -1 3
3 3 -1 0 -1 -1 -1 -1 -1 3 3
3 3 3 3 3 -1 3 3 3 3 3
16:47:40.665374 - stdout  :: 0 -1
16:47:40.679944 - stdin   :: 25 52 1 0
32 51
5 47
33 50
25 52
3 3 3 3 3 0 3 3 3 3 3
3 3 0 0 0 0 0 0 0 3 3
3 0 0 0 0 0 0 0 0 -1 3
3 0 0 0 0 0 0 0 0 -1 3
3 0 0 0 0 0 0 0 0 -1 3
-1 0 0 0 0 0 0 0 0 -1 -1
3 -1 0 0 0 0 0 0 -1 -1 3
3 -1 -1 0 -1 -1 -1 -1 -1 -1 3
3 -1 -1 0 -1 -1 -1 -1 -1 -1 3
3 3 -1 0 -1 -1 -1 -1 -1 3 3
3 3 3 3 3 -1 3 3 3 3 3
16:47:40.685771 - stdout  :: 0 -1
16:47:40.702729 - stdin   :: 26 51 1 -1
34 51
6 47
34 50
26 51
3 3 3 3 3 0 3 3 3 3 3
3 3 0 0 0 0 0 0 0 3 3
3 -1 0 0 0 0 0 0 0 0 3
3 -1 0 0 0 0 0 0 0 0 3
3 -1 0 0 0 0 0 0 0 0 3
-1 -1 -1 0 0 0 0 0 0 -1 -1
3 -1 -1 -1 0 -1 -1 -1 -1 -1 3
3 -1 -1 -1 0 -1 -1 -1 -1 -1 3
3 -1 -1 -1 0 -1 -1 -1 -1 -1 3
3 3 -1 -1 0 -1 -1 -1 -1 3 3
3 3 3 3 3 0 3 3 3 3 3
16:47:40.704148 - stdout  :: 0 0
16:47:40.721616 - stdin   :: 27 50 1 -1
35 50
7 47
35 49
27 50
3 3 3 3 3 0 3 3 3 3 3
3 3 -1 0 0 0 0 0 0 3 3
3 -1 -1 0 0 0 0 0 0 0 3
3 -1 -1 0 0 0 0 0 0 0 3
3 -1 -1 -1 0 0 0 0 0 0 3
-1 -1 -1 -1 -1 0 -1 -1 -1 -1 -1
3 -1 -1 -1 -1 0 -1 -1 -1 -1 3
3 -1 -1 -1 -1 0 -1 -1 -1 -1 3
3 -1 -1 -1 -1 0 -1 -1 -1 -1 3
3 3 -1 -1 0 0 0 0 -1 3 3
3 3 3 3 3 0 3 3 3 3 3
16:47:40.723172 - stdout  :: 0 1
16:47:40.747475 - stdin   :: 28 50 1 0
35 48
8 47
35 49
28 50
3 3 3 3 3 0 3 3 3 3 3
3 3 -1 0 0 0 0 0 0 3 3
3 -1 -1 0 0 0 0 0 0 0 3
3 -1 -1 -1 0 0 0 0 0 0 3
3 -1 -1 -1 -1 0 -1 -1 -1 -1 3
-1 -1 -1 -1 -1 0 -1 -1 -1 -1 -1
3 -1 -1 -1 -1 0 -1 -1 -1 -1 3
3 -1 -1 -1 -1 0 -1 -1 -1 -1 3
3 -1 -1 -1 0 0 0 0 -1 -1 3
3 3 -1 0 0 0 0 0 0 3 3
3 3 3 3 3 0 3 3 3 3 3
16:47:40.751381 - stdout  :: 0 0
16:47:40.773531 - stdin   :: 29 50 1 0
35 46
9 47
34 49
29 50
3 3 3 3 3 0 3 3 3 3 3
3 3 -1 0 0 0 0 0 0 3 3
3 -1 -1 -1 0 0 0 0 0 0 3
3 -1 -1 -1 -1 0 -1 -1 -1 -1 3
3 -1 -1 -1 -1 0 -1 -1 -1 -1 3
-1 -1 -1 -1 -1 0 -1 -1 -1 -1 -1
3 -1 -1 -1 -1 0 -1 -1 -1 -1 3
3 -1 -1 -1 0 0 0 0 -1 -1 3
3 -1 -1 0 0 0 0 0 0 -1 3
3 3 -1 0 0 0 0 0 0 3 3
3 3 3 3 3 0 3 3 3 3 3
16:47:40.774136 - stdout  :: 0 0
16:47:40.791771 - stdin   :: 30 50 1 0
35 44
10 47
33 49
30 50
3 3 3 3 3 0 3 3 3 3 3
3 3 -1 -1 0 0 0 0 0 3 3
3 -1 -1 -1 -1 0 -1 -1 -1 -1 3
3 -1 -1 -1 -1 0 -1 -1 -1 -1 3
3 -1 -1 -1 -1 0 -1 -1 -1 -1 3
-1 -1 -1 -1 -1 0 -1 -1 -1 -1 -1
3 -1 -1 -1 0 0 0 0 -1 -1 3
3 -1 -1 0 0 0 0 0 0 -1 3
3 -1 -1 0 0 0 0 0 0 0 3
3 3 -1 0 0 0 0 0 0 3 3
3 3 3 3 3 0 3 3 3 3 3
16:47:40.792314 - stdout  :: 0 1
16:47:40.800346 - stdin   :: 31 51 1 1
35 42
11 47
32 49
31 51
3 3 3 3 3 0 3 3 3 3 3
3 3 -1 -1 0 -1 -1 -1 -1 3 3
3 -1 -1 -1 0 -1 -1 -1 -1 -1 3
3 -1 -1 -1 0 -1 -1 -1 -1 -1 3
3 -1 -1 -1 0 -1 -1 -1 -1 -1 3
-1 -1 -1 0 0 0 0 -1 -1 -1 -1
3 -1 0 0 0 0 0 0 -1 -1 3
3 -1 0 0 0 0 0 0 0 -1 3
3 -1 0 0 0 0 0 0 0 -1 3
3 3 0 0 0 0 0 0 0 3 3
3 3 3 3 3 0 3 3 3 3 3
16:47:40.800848 - stdout  :: 0 -1
16:47:40.809168 - stdin   :: 32 51 1 0
35 41
11 48
31 49
32 51
3 3 3 3 3 -1 3 3 3 3 3
3 3 -1 -1 0 -1 -1 -1 -1 3 3
3 -1 -1 -1 0 -1 -1 -1 -1 -1 3
3 -1 -1 -1 0 -1 -1 -1 -1 -1 3
3 -1 -1 0 0 0 0 -1 -1 -1 3
-1 -1 0 0 0 0 0 0 -1 -1 -1
3 -1 0 0 0 0 0 0 0 -1 3
3 -1 0 0 0 0 0 0 0 -1 3
3 0 0 0 0 0 0 0 0 -1 3
3 3 -1 0 0 0 0 0 0 3 3
3 3 3 3 3 0 3 3 3 3 3
16:47:40.809692 - stdout  :: 0 -1
16:47:40.817300 - stdin   :: 33 50 1 -1
35 40
11 49
31 49
33 50
3 3 3 3 3 0 3 3 3 3 3
3 3 -1 -1 -1 0 -1 -1 -1 3 3
3 -1 -1 -1 -1 0 -1 -1 -1 -1 3
3 -1 -1 -1 0 0 0 0 -1 -1 3
3 -1 -1 0 0 0 0 0 0 -1 3
-1 -1 -1 0 0 0 0 0 0 0 -1
3 -1 -1 0 0 0 0 0 0 0 3
3 0 0 0 0 0 0 0 0 0 3
3 -1 -1 -1 0 0 0 0 0 0 3
3 3 -1 -1 -1 0 0 0 0 3 3
3 3 3 3 3 -1 3 3 3 3 3
16:47:40.817847 - stdout  :: 0 1
16:47:40.825845 - stdin   :: 34 50 1 0
34 39
11 50
32 49
34 50
3 3 3 3 3 0 3 3 3 3 3
3 3 -1 -1 -1 0 -1 -1 -1 3 3
3 -1 -1 -1 0 0 0 0 -1 -1 3
3 -1 -1 0 0 0 0 0 0 -1 3
3 -1 -1 0 0 0 0 0 0 0 3
-1 -1 -1 0 0 0 0 0 0 0 -1
3 0 0 0 0 0 0 0 0 0 3
3 -1 -1 -1 0 0 0 0 0 0 3
3 -1 -1 -1 -1 0 0 0 0 -1 3
3 3 -1 -1 -1 -1 -1 -1 -1 3 3
3 3 3 3 3 -1 3 3 3 3 3
16:47:40.826364 - stdout  :: 0 1
16:47:40.833904 - stdin   :: 35 51 1 1
32 37
11 51
32 48
35 51
3 3 3 3 3 -1 3 3 3 3 3
3 3 -1 0 0 0 0 -1 -1 3 3
3 -1 0 0 0 0 0 0 -1 -1 3
3 -1 0 0 0 0 0 0 0 -1 3
3 -1 0 0 0 0 0 0 0 -1 3
0 0 0 0 0 0 0 0 0 -1 -1
3 -1 -1 0 0 0 0 0 0 -1 3
3 -1 -1 -1 0 0 0 0 -1 -1 3
3 -1 -1 -1 -1 -1 -1 -1 -1 -1 3
3 3 -1 -1 -1 -1 -1 -1 -1 3 3
3 3 3 3 3 -1 3 3 3 3 3
16:47:40.834426 - stdout  :: 0 -1
16:47:40.845559 - stdin   :: 36 51 1 0
30 35
11 52
33 48
36 51
3 3 3 3 3 0 3 3 3 3 3
3 3 0 0 0 0 0 0 -1 3 3
3 -1 0 0 0 0 0 0 0 -1 3
3 -1 0 0 0 0 0 0 0 -1 3
3 0 0 0 0 0 0 0 0 -1 3
-1 -1 -1 0 0 0 0 0 0 -1 -1
3 -1 -1 -1 0 0 0 0 -1 -1 3
3 -1 -1 -1 -1 -1 -1 -1 -1 -1 3
3 -1 -1 -1 -1 -1 -1 -1 -1 -1 3
3 3 -1 -1 -1 -1 -1 -1 -1 3 3
3 3 3 3 3 -1 3 3 3 3 3
16:47:40.846123 - stdout  :: -1 -1
16:47:40.853981 - stdin   :: 36 50 0 -1
28 33
10 52
34 48
36 50
3 3 3 3 3 0 3 3 3 3 3
3 3 -1 0 0 0 0 0 0 3 3
3 -1 -1 0 0 0 0 0 0 0 3
3 -1 -1 0 0 0 0 0 0 0 3
3 0 0 0 0 0 0 0 0 0 3
-1 -1 -1 -1 0 0 0 0 0 0 -1
3 -1 -1 -1 -1 0 0 0 0 -1 3
3 -1 -1 -1 -1 -1 -1 -1 -1 -1 3
3 -1 -1 -1 -1 -1 -1 -1 -1 -1 3
3 3 -1 -1 -1 -1 -1 -1 -1 3 3
3 3 3 3 3 -1 3 3 3 3 3
16:47:40.854496 - stdout  :: -1 0
16:47:40.862806 - stdin   :: 35 49 -1 -1
27 32
9 52
35 48
35 49
3 3 3 3 3 -1 3 3 3 3 3
3 3 -1 -1 -1 0 0 0 0 3 3
3 -1 -1 -1 0 0 0 0 0 0 3
3 -1 -1 -1 0 0 0 0 0 0 3
3 -1 -1 -1 0 0 0 0 0 0 3
0 0 0 0 0 0 0 0 0 0 0
3 -1 -1 -1 -1 0 0 0 0 0 3
3 -1 -1 -1 -1 -1 0 0 0 0 3
3 -1 -1 -1 -1 -1 -1 -1 -1 -1 3
3 3 -1 -1 -1 -1 -1 -1 -1 3 3
3 3 3 3 3 -1 3 3 3 3 3
16:47:40.863321 - stdout  :: 0 0
16:47:40.871449 - stdin   :: 34 48 -1 -1
27 32
8 52
35 47
34 48
3 3 3 3 3 -1 3 3 3 3 3
3 3 -1 -1 -1 -1 -1 0 -1 3 3
3 -1 -1 -1 -1 -1 0 0 0 0 3
3 -1 -1 -1 -1 0 0 0 0 0 3
3 -1 -1 -1 -1 0 0 0 0 0 3
-1 -1 -1 -1 -1 0 0 0 0 0 0
3 0 0 0 0 0 0 0 0 0 3
3 -1 -1 -1 -1 -1 0 0 0 0 3
3 -1 -1 -1 -1 -1 -1 0 0 0 3
3 3 -1 -1 -1 -1 -1 -1 -1 3 3
3 3 3 3 3 -1 3 3 3 3 3
16:47:40.871976 - stdout  :: 1 -1
16:47:40.913835 - stdin   :: 34 48 0 0
37 31
5 47
35 41
34 48
3 3 3 3 3 -1 3 3 3 3 3
3 3 -1 -1 -1 -1 -1 0 -1 3 3
3 -1 -1 -1 -1 -1 0 0 0 0 3
3 -1 -1 -1 -1 0 0 0 0 0 3
3 -1 -1 -1 -1 0 0 0 0 0 3
-1 -1 -1 -1 -1 0 0 0 0 0 0
3 0 0 0 0 0 0 0 0 0 3
3 -1 -1 -1 -1 -1 0 0 0 0 3
3 -1 -1 -1 -1 -1 -1 0 0 0 3
3 3 -1 -1 -1 -1 -1 -1 -1 3 3
3 3 3 3 3 -1 3 3 3 3 3
16:47:40.914986 - stdout  :: 1 -1
16:47:40.922761 - stdin   :: 35 47 1 -1
37 33
6 47
35 40
35 47
3 3 3 3 3 -1 3 3 3 3 3
3 3 -1 -1 -1 -1 -1 0 0 3 3
3 -1 -1 -1 -1 -1 0 0 0 0 3
3 -1 -1 -1 -1 -1 0 0 0 0 3
3 -1 -1 -1 -1 -1 0 0 0 0 3
0 0 0 0 0 0 0 0 0 0 0
3 -1 -1 -1 -1 -1 -1 0 0 0 3
3 -1 -1 -1 -1 -1 -1 -1 0 0 3
3 -1 -1 -1 -1 -1 -1 -1 -1 -1 3
3 3 -1 -1 -1 -1 -1 -1 -1 3 3
3 3 3 3 3 -1 3 3 3 3 3
16:47:40.923274 - stdout  :: -1 0
16:47:40.931116 - stdin   :: 35 46 0 -1
36 35
7 47
35 39
35 46
3 3 3 3 3 -1 3 3 3 3 3
3 3 -1 -1 -1 -1 -1 -1 0 3 3
3 -1 -1 -1 -1 -1 -1 0 0 0 3
3 -1 -1 -1 -1 -1 -1 0 0 0 3
3 -1 -1 -1 -1 -1 -1 0 0 0 3
0 0 0 0 0 0 0 0 0 0 0
3 -1 -1 -1 -1 -1 -1 -1 0 0 3
3 -1 -1 -1 -1 -1 -1 -1 -1 0 3
3 -1 -1 -1 -1 -1 -1 -1 -1 -1 3
3 3 -1 -1 -1 -1 -1 -1 -1 3 3
3 3 3 3 3 -1 3 3 3 3 3
16:47:40.931606 - stdout  :: 0 0
16:47:40.939780 - stdin   :: 35 45 0 -1
34 37
8 47
34 39
35 45
3 3 3 3 3 -1 3 3 3 3 3
3 3 0 -1 -1 -1 -1 -1 -1 3 3
3 0 -1 -1 -1 -1 -1 -1 0 0 3
3 -1 -1 -1 -1 -1 -1 -1 0 0 3
3 -1 -1 -1 -1 -1 -1 -1 0 0 3
0 0 0 0 0 0 0 0 0 0 0
3 -1 -1 -1 -1 -1 -1 -1 -1 0 3
3 -1 -1 -1 -1 -1 -1 -1 -1 -1 3
3 -1 -1 -1 -1 -1 -1 -1 -1 -1 3
3 3 -1 -1 -1 -1 -1 -1 -1 3 3
3 3 3 3 3 -1 3 3 3 3 3
16:47:40.940256 - stdout  :: 0 0
16:47:40.948097 - stdin   :: 35 44 0 -1
33 39
9 47
33 38
35 44
3 3 3 3 3 -1 3 3 3 3 3
3 3 -1 0 -1 -1 -1 -1 -1 3 3
3 0 0 -1 -1 -1 -1 -1 -1 0 3
3 0 -1 -1 -1 -1 -1 -1 -1 0 3
3 -1 -1 -1 -1 -1 -1 -1 -1 0 3
0 0 0 0 0 0 0 0 0 0 0
3 -1 -1 -1 -1 -1 -1 -1 -1 -1 3
3 -1 -1 -1 -1 -1 -1 -1 -1 -1 3
3 -1 -1 -1 -1 -1 -1 -1 -1 -1 3
3 3 -1 -1 -1 -1 -1 -1 -1 3 3
3 3 3 3 3 -1 3 3 3 3 3
16:47:40.948580 - stdout  :: 0 0
16:47:40.956710 - stdin   :: 35 43 0 -1
32 41
10 47
32 38
35 43
3 3 3 3 3 0 3 3 3 3 3
3 3 0 -1 0 -1 -1 -1 -1 3 3
3 0 0 0 -1 -1 -1 -1 -1 -1 3
3 0 0 -1 -1 -1 -1 -1 -1 -1 3
3 0 -1 -1 -1 -1 -1 -1 -1 -1 3
0 0 0 0 0 0 0 0 0 0 0
3 -1 -1 -1 -1 -1 -1 -1 -1 -1 3
3 -1 -1 -1 -1 -1 -1 -1 -1 -1 3
3 -1 -1 -1 -1 -1 -1 -1 -1 -1 3
3 3 -1 -1 -1 -1 -1 -1 -1 3 3
3 3 3 3 3 -1 3 3 3 3 3
16:47:40.957239 - stdout  :: 0 0
16:47:40.965430 - stdin   :: 35 42 0 -1
30 43
11 47
31 38
35 42
3 3 3 3 3 -1 3 3 3 3 3
3 3 0 0 -1 0 -1 -1 -1 3 3
3 0 0 0 0 -1 -1 -1 -1 -1 3
3 0 0 0 -1 -1 -1 -1 -1 -1 3
3 0 0 -1 -1 -1 -1 -1 -1 -1 3
0 0 0 0 0 0 0 0 0 0 0
3 0 -1 -1 -1 -1 -1 -1 -1 -1 3
3 -1 -1 -1 -1 -1 -1 -1 -1 -1 3
3 -1 -1 -1 -1 -1 -1 -1 -1 -1 3
3 3 -1 -1 -1 -1 -1 -1 -1 3 3
3 3 3 3 3 -1 3 3 3 3 3
16:47:40.965968 - stdout  :: 0 0
16:47:40.976048 - stdin   :: 35 41 0 -1
29 44
11 48
30 38
35 41
3 3 3 3 3 -1 3 3 3 3 3
3 3 0 0 0 -1 0 -1 -1 3 3
3 0 0 0 0 0 -1 -1 -1 -1 3
3 0 0 0 0 -1 -1 -1 -1 -1 3
3 0 0 0 -1 -1 -1 -1 -1 -1 3
0 0 0 0 0 0 0 0 0 0 0
3 0 0 -1 -1 -1 -1 -1 -1 -1 3
3 -1 -1 -1 -1 -1 -1 -1 -1 -1 3
3 -1 -1 -1 -1 -1 -1 -1 -1 -1 3
3 3 -1 -1 -1 -1 -1 -1 -1 3 3
3 3 3 3 3 -1 3 3 3 3 3
16:47:40.976613 - stdout  :: 0 0
16:47:40.985420 - stdin   :: 35 40 0 -1
27 44
11 49
29 38
35 40
3 3 3 3 3 0 3 3 3 3 3
3 3 0 0 0 0 -1 0 -1 3 3
3 0 0 0 0 0 0 -1 -1 -1 3
3 0 0 0 0 0 -1 -1 -1 -1 3
3 0 0 0 0 -1 -1 -1 -1 -1 3
0 0 0 0 0 0 0 0 0 0 0
3 0 0 0 -1 -1 -1 -1 -1 -1 3
3 0 -1 -1 -1 -1 -1 -1 -1 -1 3
3 -1 -1 -1 -1 -1 -1 -1 -1 -1 3
3 3 -1 -1 -1 -1 -1 -1 -1 3 3
3 3 3 3 3 -1 3 3 3 3 3
16:47:40.986078 - stdout  :: -1 0
16:47:40.994441 - stdin   :: 34 39 -1 -1
26 44
11 50
28 38
34 39
3 3 3 3 3 0 3 3 3 3 3
3 3 0 0 0 0 0 -1 -1 3 3
3 0 0 0 0 0 0 -1 0 -1 3
3 0 0 0 0 0 0 0 -1 -1 3
3 0 0 0 0 0 0 -1 -1 -1 3
0 0 0 0 0 0 -1 -1 -1 -1 -1
3 0 0 0 0 0 0 0 0 0 3
3 0 0 0 0 -1 -1 -1 -1 -1 3
3 0 0 -1 -1 -1 -1 -1 -1 -1 3
3 3 -1 -1 -1 -1 -1 -1 -1 3 3
3 3 3 3 3 -1 3 3 3 3 3
16:47:40.995036 - stdout  :: 0 0
16:47:41.002973 - stdin   :: 33 38 -1 -1
24 44
11 51
28 37
33 38
3 3 3 3 3 0 3 3 3 3 3
3 3 0 0 0 0 0 -1 -1 3 3
3 0 0 0 0 0 0 0 -1 -1 3
3 0 0 0 0 0 0 0 -1 0 3
3 0 0 0 0 0 0 0 0 -1 3
0 0 0 0 0 0 0 0 -1 -1 -1
3 0 0 0 0 0 0 -1 -1 -1 3
3 0 0 0 0 0 0 0 0 0 3
3 0 0 0 0 0 -1 -1 -1 -1 3
3 3 0 0 -1 -1 -1 -1 -1 3 3
3 3 3 3 3 -1 3 3 3 3 3
16:47:41.003523 - stdout  :: 0 0
16:47:41.011963 - stdin   :: 32 37 -1 -1
23 43
11 52
27 37
32 37
3 3 3 3 3 0 3 3 3 3 3
3 3 0 0 0 0 0 -1 -1 3 3
3 0 0 0 0 0 0 0 -1 -1 3
3 0 0 0 0 0 0 0 0 -1 3
3 0 0 0 0 0 0 0 0 -1 3
0 0 0 0 0 0 0 0 0 0 -1
3 0 0 0 0 0 0 0 0 -1 3
3 0 0 0 0 0 0 0 -1 -1 3
3 0 0 0 0 0 0 0 0 0 3
3 3 0 0 0 0 0 -1 -1 3 3
3 3 3 3 3 -1 3 3 3 3 3
16:47:41.012512 - stdout  :: 0 0
16:47:41.021021 - stdin   :: 31 36 -1 -1
21 41
12 52
27 36
31 36
3 3 3 3 3 -1 3 3 3 3 3
3 3 0 0 0 0 0 -1 -1 3 3
3 0 0 0 0 0 0 0 -1 -1 3
3 0 0 0 0 0 0 0 0 -1 3
3 0 0 0 0 0 0 0 0 0 3
0 0 0 0 0 0 0 0 0 0 -1
3 0 0 0 0 0 0 0 0 0 3
3 0 0 0 0 0 0 0 0 0 3
3 0 0 0 0 0 0 0 0 -1 3
3 3 0 0 0 0 0 0 0 3 3
3 3 3 3 3 0 3 3 3 3 3
16:47:41.021535 - stdout  :: 0 0
16:47:41.029808 - stdin   :: 30 35 -1 -1
19 39
12 51
28 36
30 35
3 3 3 3 3 -1 3 3 3 3 3
3 3 -1 -1 -1 -1 -1 -1 -1 3 3
3 0 0 0 0 0 0 0 -1 -1 3
3 0 0 0 0 0 0 0 0 -1 3
3 0 0 0 0 0 0 0 0 0 3
0 0 0 0 0 0 0 0 0 0 0
3 0 0 0 0 0 0 0 0 0 3
3 0 0 0 0 0 0 0 0 0 3
3 0 0 0 0 0 0 0 0 0 3
3 3 0 0 0 0 0 0 0 3 3
3 3 3 3 3 0 3 3 3 3 3
16:47:41.030285 - stdout  :: 0 0
16:47:41.038960 - stdin   :: 29 34 -1 -1
17 37
12 50
29 36
29 34
3 3 3 3 3 -1 3 3 3 3 3
3 3 -1 -1 -1 -1 -1 -1 -1 3 3
3 -1 -1 -1 -1 -1 -1 -1 -1 -1 3
3 -1 0 0 0 0 0 0 0 -1 3
3 0 0 0 0 0 0 0 0 0 3
0 0 0 0 0 0 0 0 0 0 0
3 0 0 0 0 0 0 0 0 0 3
3 0 0 0 0 0 0 0 0 0 3
3 0 0 0 0 0 0 0 0 0 3
3 3 0 0 0 0 0 0 0 3 3
3 3 3 3 3 0 3 3 3 3 3
16:47:41.040713 - stdout  :: 1 0
16:47:41.058553 - stdin   :: 29 33 0 -1
16 36
12 49
30 36
29 33
3 3 3 3 3 -1 3 3 3 3 3
3 3 -1 -1 -1 -1 -1 -1 -1 3 3
3 -1 -1 -1 -1 -1 -1 -1 -1 -1 3
3 -1 -1 0 0 0 0 0 0 0 3
3 0 0 0 0 0 0 0 0 0 3
0 0 0 0 0 0 0 0 0 0 0
3 0 0 0 0 0 0 0 0 0 3
3 0 0 0 0 0 0 0 0 0 3
3 0 0 0 0 0 0 0 0 0 3
3 3 0 0 0 0 0 0 0 3 3
3 3 3 3 3 0 3 3 3 3 3
16:47:41.059175 - stdout  :: 1 0
16:47:41.071868 - stdin   :: 30 32 1 -1
16 36
12 48
31 36
30 32
3 3 3 3 3 -1 3 3 3 3 3
3 3 -1 -1 -1 -1 -1 -1 -1 3 3
3 -1 -1 -1 0 0 0 0 0 0 3
3 0 0 0 0 0 0 0 0 0 3
3 0 0 0 0 0 0 0 0 0 3
0 0 0 0 0 0 0 0 0 0 0
3 0 0 0 0 0 0 0 0 0 3
3 0 0 0 0 0 0 0 0 0 3
3 0 0 0 0 0 0 0 0 0 3
3 3 0 0 0 0 0 0 0 3 3
3 3 3 3 3 0 3 3 3 3 3
16:47:41.073175 - stdout  :: 0 0
16:47:41.083826 - stdin   :: 31 31 1 -1
17 36
11 48
32 36
31 31
3 3 3 3 3 -1 3 3 3 3 3
3 3 -1 -1 -1 0 0 0 0 3 3
3 -1 0 0 0 0 0 0 0 0 3
3 -1 0 0 0 0 0 0 0 0 3
3 0 0 0 0 0 0 0 0 0 3
-1 0 0 0 0 0 0 0 0 0 0
3 0 0 0 0 0 0 0 0 0 3
3 0 0 0 0 0 0 0 0 0 3
3 0 0 0 0 0 0 0 0 0 3
3 3 0 0 0 0 0 0 0 3 3
3 3 3 3 3 0 3 3 3 3 3
16:47:41.084498 - stdout  :: -1 0
16:47:41.094482 - stdin   :: 31 30 0 -1
17 35
10 48
33 36
31 30
3 3 3 3 3 -1 3 3 3 3 3
3 3 -1 -1 -1 -1 0 0 0 3 3
3 -1 -1 0 0 0 0 0 0 0 3
3 -1 -1 0 0 0 0 0 0 0 3
3 -1 0 0 0 0 0 0 0 0 3
-1 -1 0 0 0 0 0 0 0 0 0
3 -1 0 0 0 0 0 0 0 0 3
3 -1 0 0 0 0 0 0 0 0 3
3 -1 0 0 0 0 0 0 0 0 3
3 3 0 0 0 0 0 0 0 3 3
3 3 3 3 3 0 3 3 3 3 3
16:47:41.095062 - stdout  :: 1 0
16:47:41.104698 - stdin   :: 32 29 1 -1
16 34
10 47
34 36
32 29
3 3 3 3 3 -1 3 3 3 3 3
3 3 -1 -1 0 0 0 0 0 3 3
3 -1 -1 -1 0 0 0 0 0 0 3
3 -1 -1 0 0 0 0 0 0 0 3
3 -1 -1 0 0 0 0 0 0 0 3
-1 -1 -1 0 0 0 0 0 0 0 0
3 -1 -1 0 0 0 0 0 0 0 3
3 -1 -1 0 0 0 0 0 0 0 3
3 -1 -1 0 0 0 0 0 0 0 3
3 3 -1 0 0 0 0 0 0 3 3
3 3 3 3 3 0 3 3 3 3 3
16:47:41.105305 - stdout  :: 0 1
16:47:41.114739 - stdin   :: 33 29 1 0
15 33
11 47
35 36
33 29
3 3 3 3 3 0 3 3 3 3 3
3 3 -1 -1 0 0 0 0 0 3 3
3 -1 -1 0 0 0 0 0 0 0 3
3 -1 -1 0 0 0 0 0 0 0 3
3 -1 -1 0 0 0 0 0 0 0 3
-1 -1 -1 0 0 0 0 0 0 0 0
3 -1 -1 0 0 0 0 0 0 0 3
3 -1 -1 0 0 0 0 0 0 0 3
3 -1 -1 0 0 0 0 0 0 0 3
3 3 -1 -1 -1 0 0 0 0 3 3
3 3 3 3 3 -1 3 3 3 3 3
16:47:41.115532 - stdout  :: 0 1
16:47:41.125456 - stdin   :: 34 30 1 1
14 32
11 48
36 36
34 30
3 3 3 3 3 0 3 3 3 3 3
3 3 0 0 0 0 0 0 0 3 3
3 -1 0 0 0 0 0 0 0 0 3
3 -1 0 0 0 0 0 0 0 0 3
3 -1 0 0 0 0 0 0 0 0 3
-1 -1 0 0 0 0 0 0 0 0 0
3 -1 0 0 0 0 0 0 0 0 3
3 -1 0 0 0 0 0 0 0 0 3
3 -1 -1 -1 0 0 0 0 0 0 3
3 3 -1 -1 -1 -1 -1 -1 -1 3 3
3 3 3 3 3 -1 3 3 3 3 3
16:47:41.126090 - stdout  :: 0 0
16:47:41.135582 - stdin   :: 35 31 1 1
14 32
11 49
37 36
35 31
3 3 3 3 3 0 3 3 3 3 3
3 3 0 0 0 0 0 0 0 3 3
3 0 0 0 0 0 0 0 0 0 3
3 0 0 0 0 0 0 0 0 0 3
3 0 0 0 0 0 0 0 0 0 3
-1 0 0 0 0 0 0 0 0 0 0
3 0 0 0 0 0 0 0 0 0 3
3 -1 -1 0 0 0 0 0 0 0 3
3 -1 -1 -1 -1 -1 -1 -1 -1 -1 3
3 3 -1 -1 -1 -1 -1 -1 -1 3 3
3 3 3 3 3 -1 3 3 3 3 3
16:47:41.136544 - stdout  :: -1 0
16:47:41.145774 - stdin   :: 35 32 0 1
13 33
11 50
37 35
35 32
3 3 3 3 3 0 3 3 3 3 3
3 3 0 0 0 0 0 0 0 3 3
3 0 0 0 0 0 0 0 0 0 3
3 0 0 0 0 0 0 0 0 0 3
3 0 0 0 0 0 0 0 0 0 3
0 0 0 0 0 0 0 0 0 0 0
3 0 0 0 0 0 0 0 0 0 3
3 -1 0 0 0 0 0 0 0 0 3
3 -1 -1 -1 -1 -1 -1 -1 -1 -1 3
3 3 -1 -1 -1 -1 -1 -1 -1 3 3
3 3 3 3 3 -1 3 3 3 3 3
16:47:41.146574 - stdout  :: -1 0
16:47:41.154993 - stdin   :: 34 33 -1 1
11 35
11 51
36 35
34 33
3 3 3 3 3 0 3 3 3 3 3
3 3 0 0 0 0 0 0 0 3 3
3 0 0 0 0 0 0 0 0 0 3
3 0 0 0 0 0 0 0 0 0 3
3 0 0 0 0 0 0 0 0 0 3
0 0 0 0 0 0 0 0 0 0 0
3 0 0 0 0 0 0 0 0 0 3
3 0 0 0 0 0 0 0 0 0 3
3 0 0 0 0 0 0 0 0 -1 3
3 3 -1 -1 -1 -1 -1 -1 -1 3 3
3 3 3 3 3 -1 3 3 3 3 3
16:47:41.155718 - stdout  :: 0 0
16:47:41.164201 - stdin   :: 33 34 -1 1
9 37
11 52
35 35
33 34
3 3 3 3 3 0 3 3 3 3 3
3 3 0 0 0 0 0 0 0 3 3
3 0 0 0 0 0 0 0 0 0 3
3 0 0 0 0 0 0 0 0 0 3
3 0 0 0 0 0 0 0 0 0 3
0 0 0 0 0 0 0 0 0 0 0
3 0 0 0 0 0 0 0 0 0 3
3 0 0 0 0 0 0 0 0 0 3
3 0 0 0 0 0 0 0 0 0 3
3 3 0 0 0 0 0 0 -1 3 3
3 3 3 3 3 -1 3 3 3 3 3
16:47:41.164936 - stdout  :: 0 0
16:47:41.173867 - stdin   :: 32 35 -1 1
7 39
11 53
34 35
32 35
3 3 3 3 3 0 3 3 3 3 3
3 3 0 0 0 0 0 0 0 3 3
3 0 0 0 0 0 0 0 0 0 3
3 0 0 0 0 0 0 0 0 0 3
3 0 0 0 0 0 0 0 0 0 3
0 0 0 0 0 0 0 0 0 0 0
3 0 0 0 0 0 0 0 0 0 3
3 0 0 0 0 0 0 0 0 0 3
3 0 0 0 0 0 0 0 0 0 3
3 3 0 0 0 0 0 0 0 3 3
3 3 3 3 3 0 3 3 3 3 3
16:47:41.174654 - stdout  :: 0 0
16:47:41.183766 - stdin   :: 31 36 -1 1
6 40
11 54
33 35
31 36
3 3 3 3 3 -1 3 3 3 3 3
3 3 0 0 0 0 0 -1 -1 3 3
3 0 0 0 0 0 0 0 -1 -1 3
3 0 0 0 0 0 0 0 0 -1 3
3 0 0 0 0 0 0 0 0 0 3
0 0 0 0 0 0 0 0 0 0 -1
3 0 0 0 0 0 0 0 0 0 3
3 0 0 0 0 0 0 0 0 0 3
3 0 0 0 0 0 0 0 0 -1 3
3 3 0 0 0 0 0 0 0 3 3
3 3 3 3 3 0 3 3 3 3 3
16:47:41.184479 - stdout  :: 0 0
16:47:41.193770 - stdin   :: 30 37 -1 1
6 40
11 55
32 35
30 37
3 3 3 3 3 -1 3 3 3 3 3
3 3 -1 -1 -1 -1 -1 -1 -1 3 3
3 0 0 0 0 0 -1 -1 -1 -1 3
3 0 0 0 0 0 0 -1 -1 -1 3
3 0 0 0 0 0 0 0 -1 -1 3
0 0 0 0 0 0 0 0 0 -1 -1
3 0 0 0 0 0 0 0 0 -1 3
3 0 0 0 0 0 0 0 0 0 3
3 0 0 0 0 0 0 0 0 -1 3
3 3 0 0 0 0 0 0 -1 3 3
3 3 3 3 3 0 3 3 3 3 3
16:47:41.194417 - stdout  :: 0 0
16:47:41.203658 - stdin   :: 29 38 -1 1
7 39
10 56
31 35
29 38
3 3 3 3 3 -1 3 3 3 3 3
3 3 -1 -1 -1 -1 -1 -1 -1 3 3
3 -1 -1 -1 -1 -1 -1 -1 -1 -1 3
3 0 0 0 0 -1 -1 -1 -1 -1 3
3 0 0 0 0 0 -1 -1 -1 -1 3
0 0 0 0 0 0 0 -1 -1 -1 -1
3 0 0 0 0 0 0 0 -1 -1 3
3 0 0 0 0 0 0 0 -1 0 3
3 0 0 0 0 0 0 0 0 -1 3
3 3 0 0 0 0 0 0 -1 3 3
3 3 3 3 3 0 3 3 3 3 3
16:47:41.204261 - stdout  :: 1 0
16:47:41.213197 - stdin   :: 29 39 0 1
8 38
8 56
30 35
29 39
3 3 3 3 3 -1 3 3 3 3 3
3 3 -1 -1 -1 -1 -1 -1 -1 3 3
3 -1 -1 -1 -1 -1 -1 -1 -1 -1 3
3 0 0 0 -1 -1 -1 -1 -1 -1 3
3 0 0 0 0 -1 -1 -1 -1 -1 3
0 0 0 0 0 0 -1 -1 -1 -1 0
3 0 0 0 0 0 0 -1 -1 0 3
3 0 0 0 0 0 0 -1 0 -1 3
3 0 0 0 0 0 0 0 -1 -1 3
3 3 0 0 0 0 0 -1 -1 3 3
3 3 3 3 3 0 3 3 3 3 3
16:47:41.213800 - stdout  :: 1 0
16:47:41.222518 - stdin   :: 30 40 1 1
8 37
6 56
29 35
30 40
3 3 3 3 3 -1 3 3 3 3 3
3 3 -1 -1 -1 -1 -1 -1 -1 3 3
3 0 0 -1 -1 -1 -1 -1 -1 0 3
3 0 0 0 -1 -1 -1 -1 -1 0 3
3 0 0 0 0 -1 -1 -1 -1 0 3
0 0 0 0 0 0 -1 -1 0 -1 -1
3 0 0 0 0 0 -1 0 -1 -1 3
3 0 0 0 0 0 0 -1 -1 -1 3
3 0 0 0 0 0 -1 -1 -1 -1 3
3 3 0 0 0 -1 -1 -1 -1 3 3
3 3 3 3 3 0 3 3 3 3 3
16:47:41.223094 - stdout  :: 0 -1
16:47:41.231363 - stdin   :: 31 40 1 0
8 36
4 56
28 35
31 40
3 3 3 3 3 -1 3 3 3 3 3
3 3 0 -1 -1 -1 -1 -1 -1 3 3
3 0 0 0 -1 -1 -1 -1 -1 0 3
3 0 0 0 0 -1 -1 -1 -1 0 3
3 0 0 0 0 0 -1 -1 0 -1 3
0 0 0 0 0 0 -1 0 -1 -1 -1
3 0 0 0 0 0 0 -1 -1 -1 3
3 0 0 0 0 0 -1 -1 -1 -1 3
3 0 0 0 0 -1 -1 -1 -1 -1 3
3 3 0 0 0 0 0 0 0 3 3
3 3 3 3 3 -1 3 3 3 3 3
16:47:41.231984 - stdout  :: 0 1
16:47:41.241992 - stdin   :: 32 41 1 1
8 34
3 55
27 35
32 41
3 3 3 3 3 -1 3 3 3 3 3
3 3 0 -1 -1 -1 -1 -1 0 3 3
3 0 0 0 -1 -1 -1 -1 0 -1 3
3 0 0 0 0 -1 -1 0 -1 -1 3
3 0 0 0 0 -1 0 -1 -1 -1 3
0 0 0 0 0 0 -1 -1 -1 -1 -1
3 0 0 0 0 -1 -1 -1 -1 -1 3
3 0 0 0 -1 -1 -1 -1 -1 -1 3
3 0 0 0 0 0 0 0 0 0 3
3 3 0 -1 -1 -1 -1 -1 -1 3 3
3 3 3 3 3 -1 3 3 3 3 3
16:47:41.242540 - stdout  :: -1 0
16:47:41.293991 - stdin   :: 32 41 0 0
8 29
4 48
32 34
32 41
3 3 3 3 3 -1 3 3 3 3 3
3 3 0 -1 -1 -1 -1 -1 0 3 3
3 0 0 0 -1 -1 -1 -1 0 -1 3
3 0 0 0 0 -1 -1 0 -1 -1 3
3 0 0 0 0 -1 0 -1 -1 -1 3
0 0 0 0 0 0 -1 -1 -1 -1 -1
3 0 0 0 0 -1 -1 -1 -1 -1 3
3 0 0 0 -1 -1 -1 -1 -1 -1 3
3 0 0 0 0 0 0 0 0 0 3
3 3 0 -1 -1 -1 -1 -1 -1 3 3
3 3 3 3 3 -1 3 3 3 3 3
16:47:41.294536 - stdout  :: -1 1
16:47:41.303712 - stdin   :: 31 42 -1 1
8 29
5 48
33 34
31 42
3 3 3 3 3 -1 3 3 3 3 3
3 3 -1 -1 -1 -1 -1 0 -1 3 3
3 0 -1 -1 -1 -1 -1 0 -1 -1 3
3 0 0 -1 -1 -1 -1 0 -1 -1 3
3 0 0 0 -1 -1 0 -1 -1 -1 3
0 0 0 0 -1 0 -1 -1 -1 -1 -1
3 0 0 0 0 -1 -1 -1 -1 -1 3
3 0 0 0 -1 -1 -1 -1 -1 -1 3
3 0 0 -1 -1 -1 -1 -1 -1 -1 3
3 3 0 0 0 0 0 0 0 3 3
3 3 3 3 3 -1 3 3 3 3 3
16:47:41.304248 - stdout  :: 0 0
16:47:41.313865 - stdin   :: 30 43 -1 1
7 28
6 48
34 34
30 43
3 3 3 3 3 -1 3 3 3 3 3
3 3 -1 -1 -1 -1 0 -1 -1 3 3
3 -1 -1 -1 -1 -1 0 -1 -1 -1 3
3 -1 -1 -1 -1 -1 0 -1 -1 -1 3
3 0 -1 -1 -1 -1 0 -1 -1 -1 3
0 0 0 -1 -1 0 -1 -1 -1 -1 -1
3 0 0 -1 0 -1 -1 -1 -1 -1 3
3 0 0 0 -1 -1 -1 -1 -1 -1 3
3 0 0 -1 -1 -1 -1 -1 -1 -1 3
3 3 -1 -1 -1 -1 -1 -1 -1 3 3
3 3 3 3 3 0 3 3 3 3 3
16:47:41.314344 - stdout  :: 0 0
16:47:41.323971 - stdin   :: 29 44 -1 1
7 28
7 48
35 34
29 44
3 3 3 3 3 0 3 3 3 3 3
3 3 -1 -1 -1 0 -1 -1 -1 3 3
3 -1 -1 -1 -1 0 -1 -1 -1 -1 3
3 -1 -1 -1 -1 0 -1 -1 -1 -1 3
3 -1 -1 -1 -1 0 -1 -1 -1 -1 3
0 -1 -1 -1 -1 0 -1 -1 -1 -1 -1
3 0 -1 -1 0 -1 -1 -1 -1 -1 3
3 0 -1 0 -1 -1 -1 -1 -1 -1 3
3 0 0 -1 -1 -1 -1 -1 -1 0 3
3 3 -1 -1 -1 -1 -1 -1 -1 3 3
3 3 3 3 3 -1 3 3 3 3 3
16:47:41.324485 - stdout  :: 0 -1
16:47:41.333752 - stdin   :: 28 44 -1 0
8 27
8 48
36 34
28 44
3 3 3 3 3 -1 3 3 3 3 3
3 3 -1 -1 -1 0 -1 -1 -1 3 3
3 -1 -1 -1 -1 0 -1 -1 -1 0 3
3 -1 -1 -1 -1 0 -1 -1 -1 -1 3
3 -1 -1 -1 -1 0 -1 -1 -1 -1 3
-1 -1 -1 -1 -1 0 -1 -1 -1 -1 -1
3 -1 -1 -1 -1 0 -1 -1 -1 -1 3
3 0 -1 -1 0 -1 -1 -1 -1 -1 3
3 0 -1 0 -1 -1 -1 -1 -1 -1 3
3 3 0 -1 -1 -1 -1 -1 -1 3 3
3 3 3 3 3 -1 3 3 3 3 3
16:47:41.334198 - stdout  :: 0 0
16:47:41.343446 - stdin   :: 27 44 -1 0
10 27
9 48
37 34
27 44
3 3 3 3 3 -1 3 3 3 3 3
3 3 -1 -1 0 -1 -1 -1 -1 3 3
3 -1 -1 -1 -1 0 -1 -1 -1 0 3
3 -1 -1 -1 -1 0 -1 -1 -1 0 3
3 -1 -1 -1 -1 0 -1 -1 -1 -1 3
-1 -1 -1 -1 -1 0 -1 -1 -1 -1 -1
3 -1 -1 -1 -1 0 -1 -1 -1 -1 3
3 -1 -1 -1 -1 0 -1 -1 -1 -1 3
3 0 -1 -1 0 -1 -1 -1 -1 -1 3
3 3 -1 0 -1 -1 -1 -1 -1 3 3
3 3 3 3 3 -1 3 3 3 3 3
16:47:41.343924 - stdout  :: 0 0
16:47:41.352413 - stdin   :: 26 44 -1 0
12 27
10 48
37 33
26 44
3 3 3 3 3 -1 3 3 3 3 3
3 3 -1 0 -1 -1 -1 -1 -1 3 3
3 -1 -1 -1 0 -1 -1 -1 -1 0 3
3 -1 -1 -1 -1 0 -1 -1 -1 0 3
3 -1 -1 -1 -1 0 -1 -1 -1 0 3
-1 -1 -1 -1 -1 0 -1 -1 -1 -1 0
3 -1 -1 -1 -1 0 -1 -1 -1 -1 3
3 -1 -1 -1 -1 0 -1 -1 -1 -1 3
3 -1 -1 -1 -1 0 -1 -1 -1 -1 3
3 3 -1 -1 0 -1 -1 -1 -1 3 3
3 3 3 3 3 -1 3 3 3 3 3
16:47:41.352878 - stdout  :: 0 0
16:47:41.362367 - stdin   :: 25 44 -1 0
14 27
12 48
36 33
25 44
3 3 3 3 3 -1 3 3 3 3 3
3 3 0 -1 -1 -1 -1 -1 -1 3 3
3 0 -1 0 -1 -1 -1 -1 -1 0 3
3 -1 -1 -1 0 -1 -1 -1 -1 0 3
3 -1 -1 -1 -1 0 -1 -1 -1 0 3
-1 -1 -1 -1 -1 0 -1 -1 -1 0 0
3 -1 -1 -1 -1 0 -1 -1 -1 -1 3
3 -1 -1 -1 -1 0 -1 -1 -1 -1 3
3 -1 -1 -1 -1 0 -1 -1 -1 -1 3
3 3 -1 -1 -1 0 -1 -1 -1 3 3
3 3 3 3 3 -1 3 3 3 3 3
16:47:41.362878 - stdout  :: 0 0
16:47:41.372445 - stdin   :: 24 44 -1 0
16 27
12 48
35 33
24 44
3 3 3 3 3 -1 3 3 3 3 3
3 3 0 -1 -1 -1 -1 -1 -1 3 3
3 0 0 -1 -1 -1 -1 -1 -1 0 3
3 0 -1 0 -1 -1 -1 -1 -1 0 3
3 -1 -1 -1 0 -1 -1 -1 -1 0 3
-1 -1 -1 -1 -1 0 -1 -1 -1 0 0
3 -1 -1 -1 -1 0 -1 -1 -1 0 3
3 -1 -1 -1 -1 0 -1 -1 -1 -1 3
3 -1 -1 -1 -1 0 -1 -1 -1 -1 3
3 3 -1 -1 -1 0 -1 -1 -1 3 3
3 3 3 3 3 0 3 3 3 3 3
16:47:41.373091 - stdout  :: 0 -1
16:47:41.381379 - stdin   :: 23 43 -1 -1
18 26
12 48
34 33
23 43
3 3 3 3 3 -1 3 3 3 3 3
3 3 0 0 -1 -1 -1 -1 -1 3 3
3 0 0 0 -1 -1 -1 -1 -1 -1 3
3 0 0 0 -1 -1 -1 -1 -1 -1 3
3 0 0 -1 0 -1 -1 -1 -1 -1 3
-1 -1 -1 -1 -1 0 -1 -1 -1 -1 0
3 -1 -1 -1 -1 -1 0 -1 -1 -1 3
3 -1 -1 -1 -1 -1 0 -1 -1 -1 3
3 -1 -1 -1 -1 -1 0 -1 -1 -1 3
3 3 -1 -1 -1 -1 0 -1 -1 3 3
3 3 3 3 3 -1 3 3 3 3 3
16:47:41.381832 - stdout  :: 0 0
16:47:41.390165 - stdin   :: 22 42 -1 -1
20 26
12 48
33 33
22 42
3 3 3 3 3 -1 3 3 3 3 3
3 3 0 0 0 -1 -1 -1 -1 3 3
3 0 0 0 0 -1 -1 -1 -1 -1 3
3 0 0 0 0 -1 -1 -1 -1 -1 3
3 0 0 0 0 -1 -1 -1 -1 -1 3
0 0 0 0 -1 0 -1 -1 -1 -1 -1
3 -1 -1 -1 -1 -1 0 -1 -1 -1 3
3 -1 -1 -1 -1 -1 -1 0 -1 -1 3
3 -1 -1 -1 -1 -1 -1 0 -1 -1 3
3 3 -1 -1 -1 -1 -1 0 -1 3 3
3 3 3 3 3 -1 3 3 3 3 3
16:47:41.390618 - stdout  :: 0 0
16:47:41.398947 - stdin   :: 21 41 -1 -1
21 27
12 48
32 33
21 41
3 3 3 3 3 -1 3 3 3 3 3
3 3 0 0 0 -1 -1 -1 -1 3 3
3 0 0 0 0 0 -1 -1 -1 -1 3
3 0 0 0 0 0 -1 -1 -1 -1 3
3 0 0 0 0 0 -1 -1 -1 -1 3
0 0 0 0 0 0 -1 -1 -1 -1 -1
3 0 0 0 0 -1 0 -1 -1 -1 3
3 -1 -1 -1 -1 -1 -1 0 -1 -1 3
3 -1 -1 -1 -1 -1 -1 -1 0 -1 3
3 3 -1 -1 -1 -1 -1 -1 0 3 3
3 3 3 3 3 -1 3 3 3 3 3
16:47:41.399429 - stdout  :: 0 0
16:47:41.406870 - stdin   :: 20 40 -1 -1
21 27
12 48
31 33
20 40
3 3 3 3 3 -1 3 3 3 3 3
3 3 0 0 0 0 -1 -1 -1 3 3
3 0 0 0 0 0 -1 -1 -1 -1 3
3 0 0 0 0 0 0 -1 -1 -1 3
3 0 0 0 0 0 0 -1 -1 -1 3
0 0 0 0 0 0 0 -1 -1 -1 -1
3 0 0 0 0 0 0 -1 -1 -1 3
3 0 0 0 0 0 -1 0 -1 -1 3
3 -1 -1 -1 -1 -1 -1 -1 0 -1 3
3 3 -1 -1 -1 -1 -1 -1 -1 3 3
3 3 3 3 3 -1 3 3 3 3 3
16:47:41.407379 - stdout  :: 0 0
16:47:41.415357 - stdin   :: 19 39 -1 -1
20 26
12 48
30 33
19 39
3 3 3 3 3 0 3 3 3 3 3
3 3 -1 -1 -1 0 -1 -1 -1 3 3
3 -1 0 0 0 0 0 -1 -1 -1 3
3 0 0 0 0 0 0 -1 -1 -1 3
3 0 0 0 0 0 0 0 -1 -1 3
0 0 0 0 0 0 0 0 -1 -1 -1
3 0 0 0 0 0 0 0 -1 -1 3
3 -1 0 0 0 0 0 0 -1 -1 3
3 -1 0 0 0 0 0 -1 0 -1 3
3 3 -1 -1 -1 -1 -1 -1 -1 3 3
3 3 3 3 3 -1 3 3 3 3 3
16:47:41.415919 - stdout  :: 0 0
16:47:41.425121 - stdin   :: 18 38 -1 -1
18 26
12 49
29 33
18 38
3 3 3 3 3 -1 3 3 3 3 3
3 3 -1 -1 -1 -1 0 -1 -1 3 3
3 -1 -1 -1 -1 -1 0 -1 -1 -1 3
3 0 -1 0 0 0 0 0 -1 -1 3
3 -1 0 0 0 0 0 0 -1 -1 3
-1 -1 0 0 0 0 0 0 0 -1 -1
3 0 0 0 0 0 0 0 0 -1 3
3 -1 0 0 0 0 0 0 0 -1 3
3 -1 -1 0 0 0 0 0 0 -1 3
3 3 -1 0 0 0 0 0 -1 3 3
3 3 3 3 3 -1 3 3 3 3 3
16:47:41.425602 - stdout  :: 0 1
16:47:41.434208 - stdin   :: 17 38 -1 0
17 27
12 50
28 33
17 38
3 3 3 3 3 -1 3 3 3 3 3
3 3 -1 -1 -1 -1 0 -1 -1 3 3
3 -1 -1 -1 -1 -1 0 -1 -1 -1 3
3 -1 -1 -1 -1 -1 0 -1 -1 -1 3
3 0 -1 0 0 0 0 0 -1 -1 3
-1 -1 0 0 0 0 0 0 -1 -1 -1
3 -1 0 0 0 0 0 0 0 -1 3
3 0 0 0 0 0 0 0 0 -1 3
3 -1 0 0 0 0 0 0 0 -1 3
3 3 -1 0 0 0 0 0 0 3 3
3 3 3 3 3 0 3 3 3 3 3
16:47:41.434693 - stdout  :: 0 1
16:47:41.443256 - stdin   :: 16 39 -1 1
16 27
12 51
27 33
16 39
3 3 3 3 3 0 3 3 3 3 3
3 3 -1 -1 -1 0 -1 -1 -1 3 3
3 -1 -1 -1 -1 0 -1 -1 -1 -1 3
3 -1 -1 -1 -1 0 -1 -1 -1 -1 3
3 -1 -1 -1 -1 0 -1 -1 -1 -1 3
0 -1 0 0 0 0 0 -1 -1 -1 -1
3 0 0 0 0 0 0 -1 -1 -1 3
3 0 0 0 0 0 0 0 -1 -1 3
3 0 0 0 0 0 0 0 -1 -1 3
3 3 0 0 0 0 0 0 -1 3 3
3 3 3 3 3 0 3 3 3 3 3
16:47:41.443717 - stdout  :: 0 -1
16:47:41.452006 - stdin   :: 15 39 -1 0
14 27
12 52
27 32
15 39
3 3 3 3 3 0 3 3 3 3 3
3 3 0 0 0 0 0 -1 -1 3 3
3 -1 -1 -1 -1 0 -1 -1 -1 -1 3
3 -1 -1 -1 -1 0 -1 -1 -1 -1 3
3 -1 -1 -1 -1 0 -1 -1 -1 -1 3
-1 -1 -1 -1 -1 0 -1 -1 -1 -1 -1
3 -1 0 0 0 0 0 -1 -1 -1 3
3 0 0 0 0 0 0 -1 -1 -1 3
3 0 0 0 0 0 0 0 -1 -1 3
3 3 0 0 0 0 0 0 -1 3 3
3 3 3 3 3 0 3 3 3 3 3
16:47:41.452440 - stdout  :: 0 0
16:47:41.460655 - stdin   :: 14 39 -1 0
12 27
12 53
28 32
14 39
3 3 3 3 3 0 3 3 3 3 3
3 3 0 0 0 0 0 0 -1 3 3
3 0 0 0 0 0 0 -1 -1 -1 3
3 -1 -1 -1 -1 0 -1 -1 -1 -1 3
3 -1 -1 -1 -1 0 -1 -1 -1 -1 3
-1 -1 -1 -1 -1 0 -1 -1 -1 -1 -1
3 -1 -1 -1 -1 0 -1 -1 -1 -1 3
3 -1 0 0 0 0 0 -1 -1 -1 3
3 0 0 0 0 0 0 -1 -1 -1 3
3 3 0 0 0 0 0 0 -1 3 3
3 3 3 3 3 0 3 3 3 3 3
16:47:41.461098 - stdout  :: 0 0
16:47:41.470234 - stdin   :: 13 39 -1 0
10 26
12 54
29 32
13 39
3 3 3 3 3 0 3 3 3 3 3
3 3 0 0 0 0 0 0 0 3 3
3 -1 0 0 0 0 0 0 -1 -1 3
3 0 0 0 0 0 0 -1 -1 -1 3
3 -1 -1 -1 -1 0 -1 -1 -1 -1 3
-1 -1 -1 -1 -1 0 -1 -1 -1 -1 -1
3 -1 -1 -1 -1 0 -1 -1 -1 -1 3
3 -1 -1 -1 -1 0 -1 -1 -1 -1 3
3 -1 0 0 0 0 0 -1 -1 -1 3
3 3 0 0 0 0 0 -1 -1 3 3
3 3 3 3 3 0 3 3 3 3 3
16:47:41.470828 - stdout  :: 0 0
16:47:41.480783 - stdin   :: 12 39 -1 0
9 24
11 55
30 32
12 39
3 3 3 3 3 0 3 3 3 3 3
3 3 0 0 0 0 0 0 0 3 3
3 -1 0 0 0 0 0 0 0 -1 3
3 -1 0 0 0 0 0 0 -1 -1 3
3 0 0 0 0 0 0 -1 -1 -1 3
0 -1 -1 -1 -1 0 -1 -1 -1 -1 -1
3 -1 -1 -1 -1 0 -1 -1 -1 -1 3
3 -1 -1 -1 -1 0 -1 -1 -1 -1 3
3 -1 -1 -1 -1 0 -1 -1 -1 -1 3
3 3 0 0 0 0 0 -1 -1 3 3
3 3 3 3 3 0 3 3 3 3 3
16:47:41.481295 - stdout  :: 0 -1
16:47:41.491909 - stdin   :: 11 38 -1 -1
8 23
9 56
31 32
11 38
3 3 3 3 3 0 3 3 3 3 3
3 3 -1 0 0 0 0 0 0 3 3
3 0 0 0 0 0 0 0 0 0 3
3 -1 -1 0 0 0 0 0 0 0 3
3 -1 -1 0 0 0 0 0 0 -1 3
-1 0 0 0 0 0 0 0 -1 -1 -1
3 0 -1 -1 -1 -1 0 -1 -1 -1 3
3 -1 -1 -1 -1 -1 0 -1 -1 -1 3
3 -1 -1 -1 -1 -1 0 -1 -1 -1 3
3 3 -1 -1 -1 -1 0 -1 -1 3 3
3 3 3 3 3 0 3 3 3 3 3
16:47:41.492448 - stdout  :: 0 0
16:47:41.502281 - stdin   :: 10 37 -1 -1
8 22
7 56
32 32
10 37
3 3 3 3 3 -1 3 3 3 3 3
3 3 -1 -1 -1 0 0 0 0 3 3
3 -1 -1 -1 0 0 0 0 0 0 3
3 0 0 0 0 0 0 0 0 0 3
3 -1 -1 -1 0 0 0 0 0 0 3
-1 -1 -1 -1 0 0 0 0 0 0 -1
3 -1 0 0 0 0 0 0 0 -1 3
3 0 0 -1 -1 -1 -1 0 -1 -1 3
3 0 -1 -1 -1 -1 -1 0 -1 -1 3
3 3 -1 -1 -1 -1 -1 0 -1 3 3
3 3 3 3 3 -1 3 3 3 3 3
16:47:41.502879 - stdout  :: 0 1
16:47:41.515369 - stdin   :: 9 37 -1 0
8 21
5 56
33 32
9 37
3 3 3 3 3 -1 3 3 3 3 3
3 3 -1 -1 -1 -1 0 0 0 3 3
3 -1 -1 -1 -1 0 0 0 0 0 3
3 -1 -1 -1 0 0 0 0 0 0 3
3 0 0 0 0 0 0 0 0 0 3
-1 -1 -1 -1 0 0 0 0 0 0 0
3 -1 -1 -1 0 0 0 0 0 0 3
3 -1 0 0 0 0 0 0 0 -1 3
3 0 0 -1 -1 -1 -1 0 -1 -1 3
3 3 -1 -1 -1 -1 -1 0 -1 3 3
3 3 3 3 3 -1 3 3 3 3 3
16:47:41.515977 - stdout  :: 0 1
16:47:41.526369 - stdin   :: 8 38 -1 1
7 20
3 55
34 32
8 38
3 3 3 3 3 -1 3 3 3 3 3
3 3 -1 -1 -1 -1 -1 -1 -1 3 3
3 -1 -1 -1 -1 0 0 0 0 -1 3
3 -1 -1 -1 0 0 0 0 0 0 3
3 -1 -1 0 0 0 0 0 0 0 3
0 0 0 0 0 0 0 0 0 0 -1
3 -1 -1 0 0 0 0 0 0 0 3
3 -1 -1 0 0 0 0 0 0 -1 3
3 0 0 0 0 0 0 0 -1 -1 3
3 3 -1 -1 -1 -1 0 -1 -1 3 3
3 3 3 3 3 -1 3 3 3 3 3
16:47:41.526953 - stdout  :: 0 0
16:47:41.541193 - stdin   :: 7 39 -1 1
5 18
3 55
35 32
7 39
3 3 3 3 3 -1 3 3 3 3 3
3 3 -1 -1 -1 -1 -1 -1 -1 3 3
3 -1 -1 -1 -1 -1 -1 -1 -1 -1 3
3 -1 -1 -1 0 0 0 0 -1 -1 3
3 -1 -1 0 0 0 0 0 0 -1 3
-1 -1 0 0 0 0 0 0 0 -1 -1
3 0 0 0 0 0 0 0 0 -1 3
3 -1 0 0 0 0 0 0 0 -1 3
3 -1 0 0 0 0 0 0 -1 -1 3
3 3 0 0 0 0 0 -1 -1 3 3
3 3 3 3 3 0 3 3 3 3 3
16:47:41.543645 - stdout  :: 0 -1
16:47:41.551953 - stdin   :: 6 39 -1 0
3 16
3 55
36 32
6 39
3 3 3 3 3 -1 3 3 3 3 3
3 3 -1 -1 -1 -1 -1 -1 -1 3 3
3 -1 -1 -1 -1 -1 -1 -1 -1 -1 3
3 -1 -1 -1 -1 -1 -1 -1 -1 -1 3
3 -1 -1 -1 0 0 0 0 -1 -1 3
-1 -1 -1 0 0 0 0 0 0 -1 -1
3 -1 0 0 0 0 0 0 0 -1 3
3 0 0 0 0 0 0 0 0 -1 3
3 -1 0 0 0 0 0 0 0 -1 3
3 3 0 0 0 0 0 0 -1 3 3
3 3 3 3 3 0 3 3 3 3 3
16:47:41.553020 - stdout  :: 1 -1
16:47:41.563404 - stdin   :: 6 38 0 -1
2 15
3 55
37 32
6 38
3 3 3 3 3 -1 3 3 3 3 3
3 3 -1 -1 -1 -1 -1 -1 -1 3 3
3 -1 -1 -1 -1 -1 -1 -1 -1 -1 3
3 -1 -1 -1 -1 -1 -1 -1 -1 -1 3
3 -1 -1 -1 -1 0 0 0 0 -1 3
-1 -1 -1 -1 0 0 0 0 0 0 -1
3 -1 -1 0 0 0 0 0 0 0 3
3 0 0 0 0 0 0 0 0 0 3
3 -1 -1 0 0 0 0 0 0 0 3
3 3 -1 0 0 0 0 0 0 3 3
3 3 3 3 3 0 3 3 3 3 3
16:47:41.564397 - stdout  :: 1 0
16:47:41.573785 - stdin   :: 7 37 1 -1
2 15
3 55
37 31
7 37
3 3 3 3 3 -1 3 3 3 3 3
3 3 -1 -1 -1 -1 -1 -1 -1 3 3
3 -1 -1 -1 -1 -1 -1 -1 -1 -1 3
3 -1 -1 -1 -1 -1 0 0 0 0 3
3 -1 -1 -1 -1 0 0 0 0 0 3
-1 -1 -1 -1 0 0 0 0 0 0 0
3 0 0 0 0 0 0 0 0 0 3
3 -1 -1 -1 0 0 0 0 0 0 3
3 -1 -1 -1 0 0 0 0 0 0 3
3 3 0 0 0 0 0 0 0 3 3
3 3 3 3 3 -1 3 3 3 3 3
16:47:41.574311 - stdout  :: 0 0
16:47:41.582784 - stdin   :: 8 36 1 -1
3 14
3 55
36 31
8 36
3 3 3 3 3 -1 3 3 3 3 3
3 3 -1 -1 -1 -1 -1 -1 -1 3 3
3 -1 -1 -1 -1 -1 -1 0 0 0 3
3 -1 -1 -1 -1 -1 0 0 0 0 3
3 -1 -1 -1 -1 0 0 0 0 0 3
0 0 0 0 0 0 0 0 0 0 0
3 -1 -1 -1 -1 0 0 0 0 0 3
3 -1 -1 -1 -1 0 0 0 0 0 3
3 -1 -1 0 0 0 0 0 0 0 3
3 3 0 0 -1 -1 -1 -1 0 3 3
3 3 3 3 3 -1 3 3 3 3 3
16:47:41.583286 - stdout  :: -1 0
16:47:41.591258 - stdin   :: 8 35 0 -1
5 12
3 55
35 31
8 35
3 3 3 3 3 -1 3 3 3 3 3
3 3 -1 -1 -1 -1 -1 -1 -1 3 3
3 -1 -1 -1 -1 -1 -1 -1 0 0 3
3 -1 -1 -1 -1 -1 -1 0 0 0 3
3 -1 -1 -1 -1 -1 0 0 0 0 3
0 0 0 0 0 0 0 0 0 0 0
3 -1 -1 -1 -1 -1 0 0 0 0 3
3 -1 -1 -1 -1 -1 0 0 0 0 3
3 -1 -1 -1 0 0 0 0 0 0 3
3 3 -1 0 0 -1 -1 -1 -1 3 3
3 3 3 3 3 -1 3 3 3 3 3
16:47:41.591811 - stdout  :: 0 0
16:47:41.602423 - stdin   :: 8 34 0 -1
6 11
4 55
34 31
8 34
3 3 3 3 3 -1 3 3 3 3 3
3 3 -1 -1 -1 -1 -1 -1 -1 3 3
3 -1 -1 -1 -1 -1 -1 -1 -1 0 3
3 0 -1 -1 -1 -1 -1 -1 0 0 3
3 0 -1 -1 -1 -1 -1 0 0 0 3
0 0 0 0 0 0 0 0 0 0 0
3 0 -1 -1 -1 -1 -1 0 0 0 3
3 -1 -1 -1 -1 -1 -1 0 0 0 3
3 -1 -1 -1 -1 0 0 0 0 0 3
3 3 -1 -1 0 0 -1 -1 -1 3 3
3 3 3 3 3 -1 3 3 3 3 3
16:47:41.602938 - stdout  :: 0 0
16:47:41.613321 - stdin   :: 8 33 0 -1
6 11
5 55
33 31
8 33
3 3 3 3 3 -1 3 3 3 3 3
3 3 -1 -1 -1 -1 -1 -1 -1 3 3
3 0 -1 -1 -1 -1 -1 -1 -1 -1 3
3 0 0 -1 -1 -1 -1 -1 -1 0 3
3 0 0 -1 -1 -1 -1 -1 0 0 3
0 0 0 0 0 0 0 0 0 0 0
3 0 0 -1 -1 -1 -1 -1 0 0 3
3 0 -1 -1 -1 -1 -1 -1 0 0 3
3 -1 -1 -1 -1 -1 0 0 0 0 3
3 3 -1 -1 -1 0 0 -1 -1 3 3
3 3 3 3 3 0 3 3 3 3 3
16:47:41.613787 - stdout  :: 0 0
16:47:41.622855 - stdin   :: 8 32 0 -1
5 10
6 55
32 31
8 32
3 3 3 3 3 -1 3 3 3 3 3
3 3 -1 -1 -1 -1 -1 -1 -1 3 3
3 0 0 -1 -1 -1 -1 -1 -1 -1 3
3 0 0 0 -1 -1 -1 -1 -1 -1 3
3 0 0 0 -1 -1 -1 -1 -1 0 3
0 0 0 0 0 0 0 0 0 0 0
3 0 0 0 -1 -1 -1 -1 -1 0 3
3 0 0 -1 -1 -1 -1 -1 -1 0 3
3 0 -1 -1 -1 -1 -1 0 0 0 3
3 3 -1 -1 -1 -1 0 0 -1 3 3
3 3 3 3 3 0 3 3 3 3 3
16:47:41.623407 - stdout  :: 0 0
16:47:41.633262 - stdin   :: 8 31 0 -1
3 8
7 55
31 31
8 31
3 3 3 3 3 -1 3 3 3 3 3
3 3 -1 -1 -1 -1 -1 -1 -1 3 3
3 0 0 0 -1 -1 -1 -1 -1 -1 3
3 0 0 0 0 -1 -1 -1 -1 -1 3
3 0 0 0 0 -1 -1 -1 -1 -1 3
0 0 0 0 0 0 0 0 0 0 0
3 0 0 0 0 -1 -1 -1 -1 -1 3
3 0 0 0 -1 -1 -1 -1 -1 -1 3
3 0 0 -1 -1 -1 -1 -1 0 0 3
3 3 -1 -1 -1 -1 -1 0 0 3 3
3 3 3 3 3 -1 3 3 3 3 3
16:47:41.633760 - stdout  :: -1 0
16:47:41.642875 - stdin   :: 7 30 -1 -1
2 7
8 55
30 31
7 30
3 3 3 3 3 -1 3 3 3 3 3
3 3 -1 -1 -1 -1 -1 -1 -1 3 3
3 -1 -1 -1 -1 -1 -1 -1 -1 -1 3
3 0 0 0 0 -1 -1 -1 -1 -1 3
3 0 0 0 0 0 -1 -1 -1 -1 3
0 0 0 0 0 0 -1 -1 -1 -1 -1
3 0 0 0 0 0 0 0 0 0 3
3 0 0 0 0 0 -1 -1 -1 -1 3
3 0 0 0 0 -1 -1 -1 -1 -1 3
3 3 0 0 -1 -1 -1 -1 -1 3 3
3 3 3 3 3 -1 3 3 3 3 3
16:47:41.643567 - stdout  :: 1 0
16:47:41.655297 - stdin   :: 7 29 0 -1
2 7
9 55
29 31
7 29
3 3 3 3 3 -1 3 3 3 3 3
3 3 -1 -1 -1 -1 -1 -1 -1 3 3
3 -1 -1 -1 -1 -1 -1 -1 -1 -1 3
3 -1 0 0 0 0 -1 -1 -1 -1 3
3 0 0 0 0 0 0 -1 -1 -1 3
0 0 0 0 0 0 0 -1 -1 -1 -1
3 0 0 0 0 0 0 0 0 0 3
3 0 0 0 0 0 0 -1 -1 -1 3
3 0 0 0 0 0 -1 -1 -1 -1 3
3 3 0 0 0 -1 -1 -1 -1 3 3
3 3 3 3 3 -1 3 3 3 3 3
16:47:41.656104 - stdout  :: 1 0
16:47:41.666191 - stdin   :: 8 28 1 -1
3 6
10 55
28 31
8 28
3 3 3 3 3 -1 3 3 3 3 3
3 3 -1 -1 -1 -1 -1 -1 -1 3 3
3 -1 -1 0 0 0 0 -1 -1 -1 3
3 -1 0 0 0 0 0 0 -1 -1 3
3 0 0 0 0 0 0 0 -1 -1 3
0 0 0 0 0 0 0 0 0 0 0
3 0 0 0 0 0 0 0 -1 -1 3
3 0 0 0 0 0 0 -1 -1 -1 3
3 -1 0 0 0 0 -1 -1 -1 -1 3
3 3 -1 -1 0 -1 -1 -1 -1 3 3
3 3 3 3 3 -1 3 3 3 3 3
16:47:41.666776 - stdout  :: 0 0
16:47:41.676160 - stdin   :: 9 27 1 -1
5 4
11 55
27 31
9 27
3 3 3 3 3 -1 3 3 3 3 3
3 3 -1 -1 0 0 0 0 -1 3 3
3 -1 -1 0 0 0 0 0 0 -1 3
3 -1 0 0 0 0 0 0 0 -1 3
3 0 0 0 0 0 0 0 0 0 3
-1 -1 0 0 0 0 0 0 0 -1 -1
3 -1 0 0 0 0 0 0 -1 -1 3
3 -1 -1 0 0 0 0 -1 -1 -1 3
3 -1 -1 -1 -1 0 -1 -1 -1 -1 3
3 3 -1 -1 -1 0 -1 -1 -1 3 3
3 3 3 3 3 0 3 3 3 3 3
16:47:41.676804 - stdout  :: 0 0
16:47:41.685898 - stdin   :: 10 26 1 -1
7 2
11 54
27 31
10 26
3 3 3 3 3 0 3 3 3 3 3
3 3 -1 -1 0 0 0 0 0 3 3
3 -1 -1 0 0 0 0 0 0 0 3
3 0 0 0 0 0 0 0 0 0 3
3 -1 -1 0 0 0 0 0 0 0 3
-1 -1 -1 0 0 0 0 0 0 -1 -1
3 -1 -1 -1 0 0 0 0 -1 -1 3
3 -1 -1 -1 -1 -1 0 -1 -1 -1 3
3 -1 -1 -1 -1 -1 0 -1 -1 -1 3
3 3 -1 -1 -1 -1 0 -1 -1 3 3
3 3 3 3 3 -1 3 3 3 3 3
16:47:41.686395 - stdout  :: 0 1
16:47:41.695999 - stdin   :: 11 26 1 0
9 1
11 53
28 31
11 26
3 3 3 3 3 0 3 3 3 3 3
3 3 -1 0 0 0 0 0 0 3 3
3 0 0 0 0 0 0 0 0 0 3
3 -1 -1 0 0 0 0 0 0 0 3
3 -1 -1 0 0 0 0 0 0 -1 3
-1 -1 -1 -1 0 0 0 0 -1 -1 -1
3 -1 -1 -1 -1 -1 0 -1 -1 -1 3
3 -1 -1 -1 -1 -1 0 -1 -1 -1 3
3 -1 -1 -1 -1 -1 0 -1 -1 -1 3
3 3 -1 -1 -1 -1 0 -1 -1 3 3
3 3 3 3 3 0 3 3 3 3 3
16:47:41.696487 - stdout  :: -1 -1
16:47:41.706299 - stdin   :: 11 25 0 -1
11 1
11 52
28 30
11 25
3 3 3 3 3 0 3 3 3 3 3
3 3 -1 -1 0 0 0 0 0 3 3
3 0 0 0 0 0 0 0 0 0 3
3 -1 -1 -1 0 0 0 0 0 0 3
3 -1 -1 -1 0 0 0 0 0 0 3
-1 -1 -1 -1 -1 0 0 0 0 -1 -1
3 -1 -1 -1 -1 -1 -1 0 -1 -1 3
3 -1 -1 -1 -1 -1 -1 0 -1 -1 3
3 -1 -1 -1 -1 -1 -1 0 -1 -1 3
3 3 -1 -1 -1 -1 -1 0 -1 3 3
3 3 3 3 3 0 3 3 3 3 3
16:47:41.706878 - stdout  :: -1 0
16:47:41.717799 - stdin   :: 10 24 -1 -1
13 2
11 51
29 30
10 24
3 3 3 3 3 -1 3 3 3 3 3
3 3 -1 -1 -1 -1 0 0 0 3 3
3 0 -1 -1 -1 0 0 0 0 0 3
3 0 0 0 0 0 0 0 0 0 3
3 0 -1 -1 -1 0 0 0 0 0 3
0 -1 -1 -1 -1 0 0 0 0 0 0
3 -1 -1 -1 -1 -1 0 0 0 0 3
3 -1 -1 -1 -1 -1 -1 -1 0 -1 3
3 -1 -1 -1 -1 -1 -1 -1 0 -1 3
3 3 -1 -1 -1 -1 -1 -1 0 3 3
3 3 3 3 3 -1 3 3 3 3 3
16:47:41.718337 - stdout  :: 0 1
16:47:41.728366 - stdin   :: 9 24 -1 0
14 4
11 50
30 30
9 24
3 3 3 3 3 -1 3 3 3 3 3
3 3 -1 -1 -1 -1 -1 0 0 3 3
3 0 -1 -1 -1 -1 0 0 0 0 3
3 0 -1 -1 -1 0 0 0 0 0 3
3 0 0 0 0 0 0 0 0 0 3
0 0 -1 -1 -1 0 0 0 0 0 0
3 -1 -1 -1 -1 0 0 0 0 0 3
3 -1 -1 -1 -1 -1 0 0 0 0 3
3 -1 -1 -1 -1 -1 -1 -1 0 -1 3
3 3 -1 -1 -1 -1 -1 -1 0 3 3
3 3 3 3 3 -1 3 3 3 3 3
16:47:41.728885 - stdout  :: 0 -1
16:47:41.738286 - stdin   :: 8 23 -1 -1
14 6
11 49
31 30
8 23
3 3 3 3 3 -1 3 3 3 3 3
3 3 0 -1 -1 -1 -1 -1 -1 3 3
3 0 0 -1 -1 -1 -1 -1 0 0 3
3 0 0 -1 -1 -1 -1 0 0 0 3
3 0 0 -1 -1 -1 0 0 0 0 3
0 0 0 0 0 0 0 0 0 0 0
3 0 0 -1 -1 -1 0 0 0 0 3
3 0 -1 -1 -1 -1 0 0 0 0 3
3 -1 -1 -1 -1 -1 -1 0 0 0 3
3 3 -1 -1 -1 -1 -1 -1 -1 3 3
3 3 3 3 3 -1 3 3 3 3 3
16:47:41.738781 - stdout  :: 1 0
16:47:41.751094 - stdin   :: 8 22 0 -1
15 7
11 48
32 30
8 22
3 3 3 3 3 -1 3 3 3 3 3
3 3 0 0 -1 -1 -1 -1 -1 3 3
3 0 0 0 -1 -1 -1 -1 -1 0 3
3 0 0 0 -1 -1 -1 -1 0 0 3
3 0 0 0 -1 -1 -1 0 0 0 3
0 0 0 0 0 0 0 0 0 0 0
3 0 0 0 -1 -1 -1 0 0 0 3
3 0 0 -1 -1 -1 -1 0 0 0 3
3 0 -1 -1 -1 -1 -1 -1 0 0 3
3 3 -1 -1 -1 -1 -1 -1 -1 3 3
3 3 3 3 3 -1 3 3 3 3 3
16:47:41.751653 - stdout  :: 0 0
16:47:41.761622 - stdin   :: 8 21 0 -1
17 7
11 47
33 30
8 21
3 3 3 3 3 -1 3 3 3 3 3
3 3 0 0 0 -1 -1 -1 -1 3 3
3 0 0 0 0 -1 -1 -1 -1 -1 3
3 0 0 0 0 -1 -1 -1 -1 0 3
3 0 0 0 0 -1 -1 -1 0 0 3
0 0 0 0 0 0 0 0 0 0 0
3 0 0 0 0 -1 -1 -1 0 0 3
3 0 0 0 -1 -1 -1 -1 0 0 3
3 0 0 -1 -1 -1 -1 -1 -1 0 3
3 3 -1 -1 -1 -1 -1 -1 -1 3 3
3 3 3 3 3 -1 3 3 3 3 3
16:47:41.762144 - stdout  :: -1 0
16:47:41.772245 - stdin   :: 7 20 -1 -1
19 6
10 47
34 30
7 20
3 3 3 3 3 -1 3 3 3 3 3
3 3 0 0 0 0 -1 -1 -1 3 3
3 0 0 0 0 0 -1 -1 -1 -1 3
3 0 0 0 0 0 -1 -1 -1 -1 3
3 0 0 0 0 0 -1 -1 -1 -1 3
0 0 0 0 0 0 -1 -1 -1 0 0
3 0 0 0 0 0 0 0 0 0 3
3 0 0 0 0 0 -1 -1 -1 0 3
3 0 0 0 0 -1 -1 -1 -1 0 3
3 3 0 0 -1 -1 -1 -1 -1 3 3
3 3 3 3 3 -1 3 3 3 3 3
16:47:41.772776 - stdout  :: 0 0
16:47:41.782345 - stdin   :: 6 19 -1 -1
21 4
10 48
35 30
6 19
3 3 3 3 3 -1 3 3 3 3 3
3 3 0 0 0 0 -1 -1 -1 3 3
3 0 0 0 0 0 0 -1 -1 -1 3
3 0 0 0 0 0 0 -1 -1 -1 3
3 0 0 0 0 0 0 -1 -1 -1 3
0 0 0 0 0 0 0 -1 -1 -1 -1
3 0 0 0 0 0 0 -1 -1 -1 3
3 0 0 0 0 0 0 0 0 0 3
3 0 0 0 0 0 0 -1 -1 -1 3
3 3 0 0 0 0 -1 -1 -1 3 3
3 3 3 3 3 -1 3 3 3 3 3
16:47:41.782946 - stdout  :: 0 0
16:47:41.792422 - stdin   :: 5 18 -1 -1
23 3
10 49
36 30
5 18
3 3 3 3 3 -1 3 3 3 3 3
3 3 0 0 -1 -1 -1 -1 -1 3 3
3 0 0 0 0 0 0 -1 -1 -1 3
3 0 0 0 0 0 0 0 -1 -1 3
3 0 0 0 0 0 0 0 -1 -1 3
0 0 0 0 0 0 0 0 -1 -1 -1
3 0 0 0 0 0 0 0 -1 -1 3
3 0 0 0 0 0 0 0 -1 -1 3
3 0 0 0 0 0 0 0 0 0 3
3 3 0 0 0 0 0 0 -1 3 3
3 3 3 3 3 0 3 3 3 3 3
16:47:41.792980 - stdout  :: 0 0
16:47:41.803207 - stdin   :: 4 17 -1 -1
25 3
10 50
37 30
4 17
3 3 3 3 3 -1 3 3 3 3 3
3 3 -1 -1 -1 -1 -1 -1 -1 3 3
3 0 0 0 0 -1 -1 -1 -1 -1 3
3 0 0 0 0 0 0 0 -1 -1 3
3 0 0 0 0 0 0 0 0 -1 3
0 0 0 0 0 0 0 0 0 -1 -1
3 0 0 0 0 0 0 0 0 -1 3
3 0 0 0 0 0 0 0 0 -1 3
3 0 0 0 0 0 0 0 0 -1 3
3 3 0 0 0 0 0 0 0 3 3
3 3 3 3 3 0 3 3 3 3 3
16:47:41.803801 - stdout  :: 0 0
16:47:41.812993 - stdin   :: 3 16 -1 -1
27 4
10 51
37 29
3 16
3 3 3 3 3 -1 3 3 3 3 3
3 3 -1 -1 -1 -1 -1 -1 -1 3 3
3 -1 -1 -1 -1 -1 -1 -1 -1 -1 3
3 0 0 0 0 0 -1 -1 -1 -1 3
3 0 0 0 0 0 0 0 0 -1 3
0 0 0 0 0 0 0 0 0 0 -1
3 0 0 0 0 0 0 0 0 0 3
3 0 0 0 0 0 0 0 0 0 3
3 0 0 0 0 0 0 0 0 0 3
3 3 0 0 0 0 0 0 0 3 3
3 3 3 3 3 0 3 3 3 3 3
16:47:41.813516 - stdout  :: 1 0
16:47:41.830728 - stdin   :: 3 15 0 -1
29 6
10 52
36 29
3 15
3 3 3 3 3 -1 3 3 3 3 3
3 3 -1 -1 -1 -1 -1 -1 -1 3 3
3 -1 -1 -1 -1 -1 -1 -1 -1 -1 3
3 0 0 0 0 0 0 -1 -1 -1 3
3 0 0 0 0 0 0 0 0 0 3
0 0 0 0 0 0 0 0 0 0 0
3 0 0 0 0 0 0 0 0 0 3
3 0 0 0 0 0 0 0 0 0 3
3 0 0 0 0 0 0 0 0 0 3
3 3 0 0 0 0 0 0 0 3 3
3 3 3 3 3 0 3 3 3 3 3
16:47:41.831711 - stdout  :: 1 0
16:47:41.845330 - stdin   :: 4 14 1 -1
30 8
10 53
35 29
4 14
3 3 3 3 3 -1 3 3 3 3 3
3 3 -1 -1 -1 -1 -1 -1 -1 3 3
3 0 0 0 0 0 0 0 -1 -1 3
3 0 0 0 0 0 0 0 0 0 3
3 0 0 0 0 0 0 0 0 0 3
0 0 0 0 0 0 0 0 0 0 0
3 0 0 0 0 0 0 0 0 0 3
3 0 0 0 0 0 0 0 0 0 3
3 0 0 0 0 0 0 0 0 0 3
3 3 0 0 0 0 0 0 0 3 3
3 3 3 3 3 0 3 3 3 3 3
16:47:41.846534 - stdout  :: -1 0
16:47:41.857267 - stdin   :: 4 13 0 -1
32 9
10 54
34 29
4 13
3 3 3 3 3 -1 3 3 3 3 3
3 3 -1 -1 -1 -1 -1 -1 -1 3 3
3 0 0 0 0 0 0 0 0 -1 3
3 0 0 0 0 0 0 0 0 0 3
3 0 0 0 0 0 0 0 0 0 3
0 0 0 0 0 0 0 0 0 0 0
3 0 0 0 0 0 0 0 0 0 3
3 0 0 0 0 0 0 0 0 0 3
3 0 0 0 0 0 0 0 0 0 3
3 3 0 0 0 0 0 0 0 3 3
3 3 3 3 3 0 3 3 3 3 3
16:47:41.857847 - stdout  :: -1 0
16:47:41.867396 - stdin   :: 3 12 -1 -1
34 9
10 55
33 29
3 12
3 3 3 3 3 -1 3 3 3 3 3
3 3 -1 -1 -1 -1 -1 -1 -1 3 3
3 -1 -1 -1 -1 -1 -1 -1 -1 -1 3
3 0 0 0 0 0 0 0 0 0 3
3 0 0 0 0 0 0 0 0 0 3
0 0 0 0 0 0 0 0 0 0 0
3 0 0 0 0 0 0 0 0 0 3
3 0 0 0 0 0 0 0 0 0 3
3 0 0 0 0 0 0 0 0 0 3
3 3 0 0 0 0 0 0 0 3 3
3 3 3 3 3 0 3 3 3 3 3
16:47:41.867982 - stdout  :: 1 0
16:47:41.877248 - stdin   :: 3 11 0 -1
35 9
10 56
32 29
3 11
3 3 3 3 3 -1 3 3 3 3 3
3 3 -1 -1 -1 -1 -1 -1 -1 3 3
3 -1 -1 -1 -1 -1 -1 -1 -1 -1 3
3 0 0 0 0 0 0 0 0 0 3
3 0 0 0 0 0 0 0 0 0 3
0 0 0 0 0 0 0 0 0 0 0
3 0 0 0 0 0 0 0 0 0 3
3 0 0 0 0 0 0 0 0 0 3
3 0 0 0 0 0 0 0 0 0 3
3 3 0 0 0 0 0 0 0 3 3
3 3 3 3 3 0 3 3 3 3 3
16:47:41.877865 - stdout  :: 1 0
16:47:41.885871 - stdin   :: 4 10 1 -1
35 9
9 56
31 29
4 10
3 3 3 3 3 -1 3 3 3 3 3
3 3 -1 -1 -1 -1 -1 -1 -1 3 3
3 -1 0 0 0 0 0 0 0 0 3
3 0 0 0 0 0 0 0 0 0 3
3 0 0 0 0 0 0 0 0 0 3
0 0 0 0 0 0 0 0 0 0 0
3 0 0 0 0 0 0 0 0 0 3
3 0 0 0 0 0 0 0 0 0 3
3 0 0 0 0 0 0 0 0 0 3
3 3 0 0 0 0 0 0 0 3 3
3 3 3 3 3 0 3 3 3 3 3
16:47:41.886453 - stdout  :: -1 0
16:47:41.894298 - stdin   :: 4 9 0 -1
35 9
8 56
30 29
4 9
3 3 3 3 3 -1 3 3 3 3 3
3 3 -1 -1 -1 -1 -1 -1 -1 3 3
3 -1 -1 0 0 0 0 0 0 0 3
3 -1 0 0 0 0 0 0 0 0 3
3 0 0 0 0 0 0 0 0 0 3
0 0 0 0 0 0 0 0 0 0 0
3 0 0 0 0 0 0 0 0 0 3
3 0 0 0 0 0 0 0 0 0 3
3 0 0 0 0 0 0 0 0 0 3
3 3 0 0 0 0 0 0 0 3 3
3 3 3 3 3 0 3 3 3 3 3
16:47:41.894930 - stdout  :: 1 0
16:47:41.902771 - stdin   :: 5 8 1 -1
35 9
7 56
29 29
5 8
3 3 3 3 3 -1 3 3 3 3 3
3 3 -1 -1 0 0 0 0 0 3 3
3 -1 -1 0 0 0 0 0 0 0 3
3 -1 0 0 0 0 0 0 0 0 3
3 0 0 0 0 0 0 0 0 0 3
0 0 0 0 0 0 0 0 0 0 0
3 0 0 0 0 0 0 0 0 0 3
3 0 0 0 0 0 0 0 0 0 3
3 0 0 0 0 0 0 0 0 0 3
3 3 0 0 0 0 0 0 0 3 3
3 3 3 3 3 0 3 3 3 3 3
16:47:41.903270 - stdout  :: 0 0
16:47:41.910462 - stdin   :: 6 7 1 -1
35 9
6 56
28 29
6 7
3 3 3 3 3 0 3 3 3 3 3
3 3 -1 -1 0 0 0 0 0 3 3
3 -1 -1 0 0 0 0 0 0 0 3
3 -1 0 0 0 0 0 0 0 0 3
3 0 0 0 0 0 0 0 0 0 3
0 0 0 0 0 0 0 0 0 0 0
3 0 0 0 0 0 0 0 0 0 3
3 0 0 0 0 0 0 0 0 0 3
3 0 0 0 0 0 0 0 0 0 3
3 3 0 0 0 0 0 0 0 3 3
3 3 3 3 3 0 3 3 3 3 3
16:47:41.910979 - stdout  :: 0 0
16:47:41.918060 - stdin   :: 7 6 1 -1
35 9
5 56
28 28
7 6
3 3 3 3 3 0 3 3 3 3 3
3 3 -1 -1 0 0 0 0 0 3 3
3 -1 -1 0 0 0 0 0 0 0 3
3 -1 0 0 0 0 0 0 0 0 3
3 0 0 0 0 0 0 0 0 0 3
0 0 0 0 0 0 0 0 0 0 0
3 0 0 0 0 0 0 0 0 0 3
3 0 0 0 0 0 0 0 0 0 3
3 0 0 0 0 0 0 0 0 0 3
3 3 0 0 0 0 0 0 0 3 3
3 3 3 3 3 0 3 3 3 3 3
16:47:41.918539 - stdout  :: 0 0
16:47:41.925684 - stdin   :: 8 5 1 -1
35 9
4 56
29 28
8 5
3 3 3 3 3 0 3 3 3 3 3
3 3 -1 -1 0 0 0 0 0 3 3
3 -1 -1 0 0 0 0 0 0 0 3
3 -1 0 0 0 0 0 0 0 0 3
3 0 0 0 0 0 0 0 0 0 3
-1 0 0 0 0 0 0 0 0 0 0
3 0 0 0 0 0 0 0 0 0 3
3 0 0 0 0 0 0 0 0 0 3
3 0 0 0 0 0 0 0 0 0 3
3 3 0 0 0 0 0 0 0 3 3
3 3 3 3 3 0 3 3 3 3 3
16:47:41.926269 - stdout  :: 0 0
16:47:41.933859 - stdin   :: 9 4 1 -1
35 9
3 55
30 28
9 4
3 3 3 3 3 0 3 3 3 3 3
3 3 -1 -1 0 0 0 0 0 3 3
3 -1 -1 0 0 0 0 0 0 0 3
3 -1 0 0 0 0 0 0 0 0 3
3 -1 0 0 0 0 0 0 0 0 3
-1 -1 0 0 0 0 0 0 0 0 0
3 -1 0 0 0 0 0 0 0 0 3
3 -1 0 0 0 0 0 0 0 0 3
3 -1 0 0 0 0 0 0 0 0 3
3 3 0 0 0 0 0 0 0 3 3
3 3 3 3 3 0 3 3 3 3 3
16:47:41.934430 - stdout  :: 0 0
16:47:41.943301 - stdin   :: 10 3 1 -1
35 9
3 53
31 28
10 3
3 3 3 3 3 0 3 3 3 3 3
3 3 -1 -1 0 0 0 0 0 3 3
3 -1 -1 0 0 0 0 0 0 0 3
3 -1 -1 0 0 0 0 0 0 0 3
3 -1 -1 0 0 0 0 0 0 0 3
-1 -1 -1 0 0 0 0 0 0 0 0
3 -1 -1 0 0 0 0 0 0 0 3
3 -1 -1 0 0 0 0 0 0 0 3
3 -1 -1 0 0 0 0 0 0 0 3
3 3 -1 0 0 0 0 0 0 3 3
3 3 3 3 3 0 3 3 3 3 3
16:47:41.943900 - stdout  :: 0 1
16:47:41.952267 - stdin   :: 11 3 1 0
35 9
3 51
32 28
11 3
3 3 3 3 3 0 3 3 3 3 3
3 3 -1 0 0 0 0 0 0 3 3
3 -1 -1 0 0 0 0 0 0 0 3
3 -1 -1 0 0 0 0 0 0 0 3
3 -1 -1 0 0 0 0 0 0 0 3
-1 -1 -1 0 0 0 0 0 0 0 0
3 -1 -1 0 0 0 0 0 0 0 3
3 -1 -1 0 0 0 0 0 0 0 3
3 -1 -1 0 0 0 0 0 0 0 3
3 3 -1 0 0 0 0 0 0 3 3
3 3 3 3 3 -1 3 3 3 3 3
16:47:41.952820 - stdout  :: 0 1
16:47:41.960844 - stdin   :: 12 4 1 1
35 9
3 49
33 28
12 4
3 3 3 3 3 0 3 3 3 3 3
3 3 0 0 0 0 0 0 0 3 3
3 -1 0 0 0 0 0 0 0 0 3
3 -1 0 0 0 0 0 0 0 0 3
3 -1 0 0 0 0 0 0 0 0 3
-1 -1 0 0 0 0 0 0 0 0 0
3 -1 0 0 0 0 0 0 0 0 3
3 -1 0 0 0 0 0 0 0 0 3
3 -1 0 0 0 0 0 0 0 0 3
3 3 -1 -1 -1 -1 -1 -1 0 3 3
3 3 3 3 3 0 3 3 3 3 3
16:47:41.961427 - stdout  :: 0 -1
16:47:41.969469 - stdin   :: 13 4 1 0
35 9
3 48
34 28
13 4
3 3 3 3 3 0 3 3 3 3 3
3 3 0 0 0 0 0 0 0 3 3
3 -1 0 0 0 0 0 0 0 0 3
3 -1 0 0 0 0 0 0 0 0 3
3 -1 0 0 0 0 0 0 0 0 3
-1 -1 0 0 0 0 0 0 0 0 0
3 -1 0 0 0 0 0 0 0 0 3
3 -1 0 0 0 0 0 0 0 0 3
3 -1 -1 -1 -1 -1 -1 -1 0 -1 3
3 3 0 0 0 0 0 0 0 3 3
3 3 3 3 3 0 3 3 3 3 3
16:47:41.969991 - stdout  :: 0 1
16:47:41.977829 - stdin   :: 14 5 1 1
35 9
4 47
35 28
14 5
3 3 3 3 3 0 3 3 3 3 3
3 3 0 0 0 0 0 0 0 3 3
3 0 0 0 0 0 0 0 0 0 3
3 0 0 0 0 0 0 0 0 0 3
3 0 0 0 0 0 0 0 0 0 3
-1 0 0 0 0 0 0 0 0 0 0
3 0 0 0 0 0 0 0 0 0 3
3 -1 -1 -1 -1 -1 -1 0 -1 -1 3
3 0 0 0 0 0 0 0 0 0 3
3 3 0 0 0 0 0 0 0 3 3
3 3 3 3 3 0 3 3 3 3 3
16:47:41.978354 - stdout  :: 0 0
16:47:41.986033 - stdin   :: 15 6 1 1
35 9
5 47
36 28
15 6
3 3 3 3 3 0 3 3 3 3 3
3 3 0 0 0 0 0 0 0 3 3
3 0 0 0 0 0 0 0 0 0 3
3 0 0 0 0 0 0 0 0 0 3
3 0 0 0 0 0 0 0 0 0 3
0 0 0 0 0 0 0 0 0 0 0
3 -1 -1 -1 -1 -1 0 -1 -1 -1 3
3 0 0 0 0 0 0 0 0 0 3
3 0 0 0 0 0 0 0 0 0 3
3 3 0 0 0 0 0 0 0 3 3
3 3 3 3 3 0 3 3 3 3 3
16:47:41.986542 - stdout  :: -1 0
16:47:41.994129 - stdin   :: 15 7 0 1
35 9
6 47
36 27
15 7
3 3 3 3 3 0 3 3 3 3 3
3 3 0 0 0 0 0 0 0 3 3
3 0 0 0 0 0 0 0 0 0 3
3 0 0 0 0 0 0 0 0 0 3
3 0 0 0 0 0 0 0 0 0 3
0 0 0 0 0 0 0 0 0 0 0
3 -1 -1 -1 -1 0 -1 -1 -1 -1 3
3 0 0 0 0 0 0 0 0 0 3
3 0 0 0 0 0 0 0 0 0 3
3 3 0 0 0 0 0 0 0 3 3
3 3 3 3 3 0 3 3 3 3 3
16:47:41.994653 - stdout  :: -1 0
16:47:42.002112 - stdin   :: 14 8 -1 1
35 9
7 47
35 27
14 8
3 3 3 3 3 0 3 3 3 3 3
3 3 0 0 0 0 0 0 0 3 3
3 0 0 0 0 0 0 0 0 0 3
3 0 0 0 0 0 0 0 0 0 3
3 0 0 0 0 0 0 0 0 0 3
0 0 0 0 0 0 0 0 0 0 0
3 0 0 0 0 0 0 0 0 0 3
3 -1 -1 -1 0 -1 -1 -1 -1 -1 3
3 0 0 0 0 0 0 0 0 0 3
3 3 0 0 0 0 0 0 0 3 3
3 3 3 3 3 0 3 3 3 3 3
16:47:42.002634 - stdout  :: 0 0
16:47:42.010022 - stdin   :: 13 9 -1 1
35 9
8 47
34 27
13 9
3 3 3 3 3 0 3 3 3 3 3
3 3 0 0 0 0 0 0 0 3 3
3 0 0 0 0 0 0 0 0 0 3
3 0 0 0 0 0 0 0 0 0 3
3 0 0 0 0 0 0 0 0 0 3
0 0 0 0 0 0 0 0 0 0 0
3 0 0 0 0 0 0 0 0 0 3
3 0 0 0 0 0 0 0 0 0 3
3 -1 -1 0 -1 -1 -1 -1 -1 -1 3
3 3 0 0 0 0 0 0 0 3 3
3 3 3 3 3 0 3 3 3 3 3
16:47:42.010566 - stdout  :: 0 0
16:47:42.018222 - stdin   :: 12 10 -1 1
35 9
9 47
33 27
12 10
3 3 3 3 3 0 3 3 3 3 3
3 3 0 0 0 0 0 0 0 3 3
3 0 0 0 0 0 0 0 0 0 3
3 0 0 0 0 0 0 0 0 0 3
3 0 0 0 0 0 0 0 0 0 3
0 0 0 0 0 0 0 0 0 0 0
3 0 0 0 0 0 0 0 0 0 3
3 0 0 0 0 0 0 0 0 0 3
3 0 0 0 0 0 0 0 0 0 3
3 3 0 -1 -1 -1 -1 -1 -1 3 3
3 3 3 3 3 0 3 3 3 3 3
16:47:42.018736 - stdout  :: 1 0
16:47:42.026018 - stdin   :: 12 11 0 1
35 9
10 47
32 27
12 11
3 3 3 3 3 0 3 3 3 3 3
3 3 0 0 0 0 0 0 0 3 3
3 0 0 0 0 0 0 0 0 0 3
3 0 0 0 0 0 0 0 0 0 3
3 0 0 0 0 0 0 0 0 0 3
0 0 0 0 0 0 0 0 0 0 0
3 0 0 0 0 0 0 0 0 0 3
3 0 0 0 0 0 0 0 0 0 3
3 0 0 0 0 0 0 0 0 0 3
3 3 -1 -1 -1 -1 -1 -1 -1 3 3
3 3 3 3 3 0 3 3 3 3 3
16:47:42.026523 - stdout  :: 1 0
16:47:42.034009 - stdin   :: 13 12 1 1
35 9
11 47
31 27
13 12
3 3 3 3 3 0 3 3 3 3 3
3 3 0 0 0 0 0 0 0 3 3
3 0 0 0 0 0 0 0 0 0 3
3 0 0 0 0 0 0 0 0 0 3
3 0 0 0 0 0 0 0 0 0 3
0 0 0 0 0 0 0 0 0 0 -1
3 0 0 0 0 0 0 0 0 -1 3
3 0 0 0 0 0 0 0 0 -1 3
3 -1 -1 -1 -1 -1 -1 -1 -1 -1 3
3 3 0 0 0 0 0 0 -1 3 3
3 3 3 3 3 0 3 3 3 3 3
16:47:42.034554 - stdout  :: -1 0
16:47:42.042003 - stdin   :: 13 13 0 1
35 9
12 48
30 27
13 13
3 3 3 3 3 0 3 3 3 3 3
3 3 0 0 0 0 0 0 0 3 3
3 0 0 0 0 0 0 0 0 0 3
3 0 0 0 0 0 0 0 0 0 3
3 0 0 0 0 0 0 0 0 0 3
0 0 0 0 0 0 0 0 0 -1 -1
3 0 0 0 0 0 0 0 -1 -1 3
3 0 0 0 0 0 0 0 -1 -1 3
3 -1 -1 -1 -1 -1 -1 -1 -1 -1 3
3 3 0 0 0 0 0 -1 -1 3 3
3 3 3 3 3 0 3 3 3 3 3
16:47:42.042726 - stdout  :: 1 -1
16:47:42.051648 - stdin   :: 14 13 1 0
35 9
12 50
30 28
14 13
3 3 3 3 3 0 3 3 3 3 3
3 3 0 0 0 0 0 0 0 3 3
3 0 0 0 0 0 0 0 0 0 3
3 0 0 0 0 0 0 0 0 0 3
3 0 0 0 0 0 0 0 0 -1 3
0 0 0 0 0 0 0 0 -1 -1 -1
3 0 0 0 0 0 0 0 -1 -1 3
3 -1 -1 -1 -1 -1 -1 -1 -1 -1 3
3 0 0 0 0 0 0 -1 -1 -1 3
3 3 0 0 0 0 0 -1 -1 3 3
3 3 3 3 3 0 3 3 3 3 3
16:47:42.052564 - stdout  :: 0 -1
16:47:42.060828 - stdin   :: 15 12 1 -1
35 9
12 52
30 29
15 12
3 3 3 3 3 0 3 3 3 3 3
3 3 0 0 0 0 0 0 0 3 3
3 0 0 0 0 0 0 0 0 0 3
3 0 0 0 0 0 0 0 0 0 3
3 0 0 0 0 0 0 0 0 -1 3
0 0 0 0 0 0 0 0 0 -1 -1
3 -1 -1 -1 -1 -1 -1 -1 -1 -1 3
3 0 0 0 0 0 0 0 -1 -1 3
3 0 0 0 0 0 0 0 -1 -1 3
3 3 0 0 0 0 0 -1 -1 3 3
3 3 3 3 3 0 3 3 3 3 3
16:47:42.061466 - stdout  :: -1 0
16:47:42.069975 - stdin   :: 15 11 0 -1
35 9
12 54
30 30
15 11
3 3 3 3 3 0 3 3 3 3 3
3 3 0 0 0 0 0 0 0 3 3
3 0 0 0 0 0 0 0 0 0 3
3 0 0 0 0 0 0 0 0 0 3
3 0 0 0 0 0 0 0 0 0 3
0 0 0 0 0 0 0 0 0 0 -1
3 0 -1 -1 -1 -1 -1 -1 -1 -1 3
3 0 0 0 0 0 0 0 0 -1 3
3 0 0 0 0 0 0 0 0 -1 3
3 3 0 0 0 0 0 0 -1 3 3
3 3 3 3 3 0 3 3 3 3 3
16:47:42.070593 - stdout  :: 0 0
16:47:42.079020 - stdin   :: 15 10 0 -1
35 9
11 55
30 31
15 10
3 3 3 3 3 0 3 3 3 3 3
3 3 0 0 0 0 0 0 0 3 3
3 0 0 0 0 0 0 0 0 0 3
3 0 0 0 0 0 0 0 0 0 3
3 0 0 0 0 0 0 0 0 0 3
0 0 0 0 0 0 0 0 0 0 0
3 -1 0 -1 -1 -1 -1 -1 -1 -1 3
3 0 0 0 0 0 0 0 0 0 3
3 0 0 0 0 0 0 0 0 0 3
3 3 0 0 0 0 0 0 0 3 3
3 3 3 3 3 0 3 3 3 3 3
16:47:42.079634 - stdout  :: 0 0
16:47:42.090319 - stdin   :: 15 9 0 -1
35 9
10 56
30 32
15 9
3 3 3 3 3 0 3 3 3 3 3
3 3 0 0 0 0 0 0 0 3 3
3 0 0 0 0 0 0 0 0 0 3
3 0 0 0 0 0 0 0 0 0 3
3 0 0 0 0 0 0 0 0 0 3
0 0 0 0 0 0 0 0 0 0 0
3 -1 -1 0 -1 -1 -1 -1 -1 -1 3
3 0 0 0 0 0 0 0 0 0 3
3 0 0 0 0 0 0 0 0 0 3
3 3 0 0 0 0 0 0 0 3 3
3 3 3 3 3 0 3 3 3 3 3
16:47:42.090969 - stdout  :: 0 0
16:47:42.101154 - stdin   :: 15 8 0 -1
35 9
9 56
30 33
15 8
3 3 3 3 3 0 3 3 3 3 3
3 3 0 0 0 0 0 0 0 3 3
3 0 0 0 0 0 0 0 0 0 3
3 0 0 0 0 0 0 0 0 0 3
3 0 0 0 0 0 0 0 0 0 3
0 0 0 0 0 0 0 0 0 0 0
3 -1 -1 -1 0 -1 -1 -1 -1 -1 3
3 0 0 0 0 0 0 0 0 0 3
3 0 0 0 0 0 0 0 0 0 3
3 3 0 0 0 0 0 0 0 3 3
3 3 3 3 3 0 3 3 3 3 3
16:47:42.101942 - stdout  :: 1 0
16:47:42.111728 - stdin   :: 16 7 1 -1
35 9
8 56
30 34
16 7
3 3 3 3 3 0 3 3 3 3 3
3 3 0 0 0 0 0 0 0 3 3
3 0 0 0 0 0 0 0 0 0 3
3 0 0 0 0 0 0 0 0 0 3
3 0 0 0 0 0 0 0 0 0 3
-1 -1 -1 -1 -1 0 -1 -1 -1 -1 -1
3 0 0 0 0 0 0 0 0 0 3
3 0 0 0 0 0 0 0 0 0 3
3 0 0 0 0 0 0 0 0 0 3
3 3 0 0 0 0 0 0 0 3 3
3 3 3 3 3 0 3 3 3 3 3
16:47:42.112313 - stdout  :: 0 0
16:47:42.120919 - stdin   :: 17 6 1 -1
35 9
7 56
30 35
17 6
3 3 3 3 3 0 3 3 3 3 3
3 3 0 0 0 0 0 0 0 3 3
3 0 0 0 0 0 0 0 0 0 3
3 0 0 0 0 0 0 0 0 0 3
3 -1 -1 -1 -1 -1 0 -1 -1 -1 3
0 0 0 0 0 0 0 0 0 0 0
3 0 0 0 0 0 0 0 0 0 3
3 0 0 0 0 0 0 0 0 0 3
3 0 0 0 0 0 0 0 0 0 3
3 3 0 0 0 0 0 0 0 3 3
3 3 3 3 3 -1 3 3 3 3 3
16:47:42.121517 - stdout  :: 0 0
16:47:42.129929 - stdin   :: 18 5 1 -1
35 9
6 56
30 36
18 5
3 3 3 3 3 0 3 3 3 3 3
3 3 0 0 0 0 0 0 0 3 3
3 0 0 0 0 0 0 0 0 0 3
3 -1 -1 -1 -1 -1 -1 0 -1 -1 3
3 0 0 0 0 0 0 0 0 0 3
-1 -1 0 0 0 0 0 0 0 0 0
3 -1 0 0 0 0 0 0 0 0 3
3 -1 0 0 0 0 0 0 0 0 3
3 -1 0 0 0 0 0 0 0 0 3
3 3 -1 0 -1 -1 -1 -1 -1 3 3
3 3 3 3 3 0 3 3 3 3 3
16:47:42.130472 - stdout  :: 0 0
16:47:42.138523 - stdin   :: 19 4 1 -1
35 9
5 56
30 37
19 4
3 3 3 3 3 0 3 3 3 3 3
3 3 0 0 0 0 0 0 0 3 3
3 -1 -1 -1 -1 -1 -1 -1 0 -1 3
3 -1 0 0 0 0 0 0 0 0 3
3 -1 -1 0 0 0 0 0 0 0 3
-1 -1 -1 0 0 0 0 0 0 0 0
3 -1 -1 0 0 0 0 0 0 0 3
3 -1 -1 0 0 0 0 0 0 0 3
3 -1 -1 -1 0 -1 -1 -1 -1 -1 3
3 3 -1 0 0 0 0 0 0 3 3
3 3 3 3 3 0 3 3 3 3 3
16:47:42.139042 - stdout  :: 0 0
16:47:42.146754 - stdin   :: 20 3 1 -1
35 9
4 56
30 38
20 3
3 3 3 3 3 0 3 3 3 3 3
3 3 -1 -1 -1 -1 -1 -1 -1 3 3
3 -1 -1 0 0 0 0 0 0 0 3
3 -1 -1 -1 0 0 0 0 0 0 3
3 -1 -1 -1 0 0 0 0 0 0 3
-1 -1 -1 -1 0 0 0 0 0 0 0
3 -1 -1 -1 0 0 0 0 0 0 3
3 -1 -1 -1 -1 0 -1 -1 -1 -1 3
3 -1 -1 -1 0 0 0 0 0 0 3
3 3 -1 -1 0 0 0 0 0 3 3
3 3 3 3 3 0 3 3 3 3 3
16:47:42.147232 - stdout  :: 0 0
16:47:42.155016 - stdin   :: 21 2 1 -1
35 9
3 55
30 39
21 2
3 3 3 3 3 -1 3 3 3 3 3
3 3 -1 -1 0 0 0 0 0 3 3
3 -1 -1 -1 -1 0 0 0 0 0 3
3 -1 -1 -1 -1 0 0 0 0 0 3
3 -1 -1 -1 -1 0 0 0 0 0 3
-1 -1 -1 -1 -1 0 0 0 0 0 0
3 -1 -1 -1 -1 -1 0 -1 -1 -1 3
3 -1 -1 -1 -1 0 0 0 0 0 3
3 -1 -1 -1 -1 0 0 0 0 0 3
3 3 -1 -1 -1 -1 0 0 0 3 3
3 3 3 3 3 -1 3 3 3 3 3
16:47:42.156549 - stdout  :: 0 1
16:47:42.201840 - stdin   :: 21 2 0 0
35 9
3 49
32 40
21 2
3 3 3 3 3 -1 3 3 3 3 3
3 3 -1 -1 0 0 0 0 0 3 3
3 -1 -1 -1 -1 0 0 0 0 0 3
3 -1 -1 -1 -1 0 0 0 0 0 3
3 -1 -1 -1 -1 0 0 0 0 0 3
-1 -1 -1 -1 -1 0 0 0 0 0 0
3 -1 -1 -1 -1 -1 0 -1 -1 -1 3
3 -1 -1 -1 -1 0 0 0 0 0 3
3 -1 -1 -1 -1 0 0 0 0 0 3
3 3 -1 -1 -1 -1 0 0 0 3 3
3 3 3 3 3 -1 3 3 3 3 3
16:47:42.202342 - stdout  :: 1 1
16:47:42.211868 - stdin   :: 22 3 1 1
35 9
3 48
33 40
22 3
3 3 3 3 3 0 3 3 3 3 3
3 3 -1 -1 0 0 0 0 0 3 3
3 -1 -1 -1 0 0 0 0 0 0 3
3 -1 -1 -1 0 0 0 0 0 0 3
3 -1 -1 -1 0 0 0 0 0 0 3
-1 -1 -1 -1 -1 0 -1 -1 -1 -1 -1
3 -1 -1 -1 0 0 0 0 0 0 3
3 -1 -1 -1 0 0 0 0 0 0 3
3 -1 -1 -1 -1 0 0 0 0 0 3
3 3 -1 -1 -1 0 0 0 0 3 3
3 3 3 3 3 0 3 3 3 3 3
16:47:42.212519 - stdout  :: 0 0
16:47:42.221848 - stdin   :: 23 4 1 1
35 9
4 47
33 39
23 4
3 3 3 3 3 0 3 3 3 3 3
3 3 -1 0 0 0 0 0 0 3 3
3 -1 -1 0 0 0 0 0 0 0 3
3 -1 -1 0 0 0 0 0 0 0 3
3 -1 -1 -1 0 -1 -1 -1 -1 -1 3
-1 -1 -1 0 0 0 0 0 0 0 0
3 -1 -1 0 0 0 0 0 0 0 3
3 -1 -1 -1 0 0 0 0 0 0 3
3 -1 -1 -1 0 0 0 0 0 0 3
3 3 -1 -1 0 0 0 0 0 3 3
3 3 3 3 3 0 3 3 3 3 3
16:47:42.222364 - stdout  :: 0 0
16:47:42.231796 - stdin   :: 24 5 1 1
35 9
6 47
34 39
24 5
3 3 3 3 3 0 3 3 3 3 3
3 3 0 0 0 0 0 0 0 3 3
3 -1 0 0 0 0 0 0 0 0 3
3 -1 -1 0 -1 -1 -1 -1 -1 -1 3
3 -1 0 0 0 0 0 0 0 0 3
-1 -1 0 0 0 0 0 0 0 0 0
3 -1 -1 0 0 0 0 0 0 0 3
3 -1 -1 0 0 0 0 0 0 0 3
3 -1 -1 0 0 0 0 0 0 0 3
3 3 -1 0 0 0 0 0 0 3 3
3 3 3 3 3 0 3 3 3 3 3
16:47:42.232385 - stdout  :: 0 0
16:47:42.241524 - stdin   :: 25 6 1 1
35 9
8 47
35 39
25 6
3 3 3 3 3 0 3 3 3 3 3
3 3 0 0 0 0 0 0 0 3 3
3 -1 0 -1 -1 -1 -1 -1 -1 0 3
3 0 0 0 0 0 0 0 0 0 3
3 0 0 0 0 0 0 0 0 0 3
-1 -1 0 0 0 0 0 0 0 0 0
3 -1 0 0 0 0 0 0 0 0 3
3 -1 0 0 0 0 0 0 0 0 3
3 -1 0 0 0 0 0 0 0 0 3
3 3 0 0 0 0 0 0 0 3 3
3 3 3 3 3 0 3 3 3 3 3
16:47:42.242063 - stdout  :: 0 -1
16:47:42.251352 - stdin   :: 26 6 1 0
35 9
10 47
35 40
26 6
3 3 3 3 3 0 3 3 3 3 3
3 3 0 -1 -1 -1 -1 -1 -1 3 3
3 0 0 0 0 0 0 0 0 0 3
3 0 0 0 0 0 0 0 0 0 3
3 -1 0 0 0 0 0 0 0 0 3
-1 -1 0 0 0 0 0 0 0 0 0
3 -1 0 0 0 0 0 0 0 0 3
3 -1 0 0 0 0 0 0 0 0 3
3 -1 0 0 0 0 0 0 0 0 3
3 3 0 0 0 0 0 0 0 3 3
3 3 3 3 3 0 3 3 3 3 3
16:47:42.251921 - stdout  :: 0 -1
16:47:42.260906 - stdin   :: 27 5 1 -1
35 9
12 48
35 41
27 5
3 3 3 3 3 -1 3 3 3 3 3
3 3 0 0 0 0 0 0 0 3 3
3 -1 0 0 0 0 0 0 0 0 3
3 -1 -1 0 0 0 0 0 0 0 3
3 -1 -1 0 0 0 0 0 0 0 3
-1 -1 -1 0 0 0 0 0 0 0 0
3 -1 -1 0 0 0 0 0 0 0 3
3 -1 -1 0 0 0 0 0 0 0 3
3 -1 -1 0 0 0 0 0 0 0 3
3 3 0 0 0 0 0 0 0 3 3
3 3 3 3 3 0 3 3 3 3 3
16:47:42.261496 - stdout  :: 0 1
16:47:42.272408 - stdin   :: 28 5 1 0
35 9
13 50
35 42
28 5
3 3 3 3 3 0 3 3 3 3 3
3 3 0 0 0 0 0 0 0 3 3
3 -1 -1 0 0 0 0 0 0 0 3
3 -1 -1 0 0 0 0 0 0 0 3
3 -1 -1 0 0 0 0 0 0 0 3
-1 -1 -1 0 0 0 0 0 0 0 0
3 -1 -1 0 0 0 0 0 0 0 3
3 -1 -1 0 0 0 0 0 0 0 3
3 -1 0 0 0 0 0 0 0 0 3
3 3 0 0 0 0 0 0 0 3 3
3 3 3 3 3 0 3 3 3 3 3
16:47:42.273103 - stdout  :: 0 -1
16:47:42.282407 - stdin   :: 29 4 1 -1
35 9
13 50
35 43
29 4
3 3 3 3 3 0 3 3 3 3 3
3 3 -1 -1 0 0 0 0 0 3 3
3 -1 -1 -1 0 0 0 0 0 0 3
3 -1 -1 -1 0 0 0 0 0 0 3
3 -1 -1 -1 0 0 0 0 0 0 3
-1 -1 -1 -1 0 0 0 0 0 0 0
3 -1 -1 -1 0 0 0 0 0 0 3
3 -1 -1 0 0 0 0 0 0 0 3
3 -1 100 0 0 0 0 0 0 0 3
3 3 100 0 0 0 0 0 0 3 3
3 3 3 3 3 0 3 3 3 3 3
16:47:42.283062 - stdout  :: 0 0
16:47:42.289708 - stdin   :: 30 3 1 -1
35 9
13 50
35 44
30 3
3 3 3 3 3 0 3 3 3 3 3
3 3 -1 -1 -1 0 0 0 0 3 3
3 -1 -1 -1 -1 0 0 0 0 0 3
3 -1 -1 -1 -1 0 0 0 0 0 3
3 -1 -1 -1 -1 0 0 0 0 0 3
-1 -1 -1 -1 -1 0 0 0 0 0 0
3 -1 -1 -1 0 0 0 0 0 0 3
3 -1 -1 100 0 0 0 0 0 0 3
3 -1 -1 100 0 0 0 0 0 0 3
3 3 -1 100 0 0 0 0 0 3 3
3 3 3 3 3 100 3 3 3 3 3
16:47:42.290154 - stdout  :: 0 0
16:47:42.296960 - stdin   :: 31 2 1 -1
35 9
13 50
35 45
31 2
3 3 3 3 3 -1 3 3 3 3 3
3 3 -1 -1 -1 -1 0 0 0 3 3
3 -1 -1 -1 -1 -1 0 0 0 0 3
3 -1 -1 -1 -1 -1 0 0 0 0 3
3 -1 -1 -1 -1 -1 0 0 0 0 3
-1 -1 -1 -1 -1 0 0 0 0 0 0
3 -1 -1 -1 100 0 0 0 0 0 3
3 -1 -1 -1 100 0 0 0 0 0 3
3 -1 -1 -1 100 0 0 0 0 0 3
3 3 -1 -1 100 100 100 100 100 3 3
3 3 3 3 3 100 3 3 3 3 3
16:47:42.297459 - stdout  :: 0 0
16:47:45.218342 - stdin   :: ~~~END~~~
16:47:45.219046 - control :: Server has terminated, no more data.
