19:03:44.549141 - control :: Starting bot process.
19:03:44.684126 - control :: Bot has initialised, connecting to server.
19:03:44.687154 - stdin   :: 40 60 4 5
19:03:44.694915 - stdin   :: 16 53 0 0
15 50
15 52
16 51
16 53
3 3 3 3 3 -1 3 3 3 3 3
3 3 0 0 0 -1 -1 -1 -1 3 3
3 0 0 0 0 -1 -1 -1 -1 -1 3
3 -1 0 0 0 0 -1 -1 -1 -1 3
3 -1 0 0 0 0 -1 -1 -1 -1 3
-1 -1 1 1 1 1 -1 -1 -1 -1 -1
3 -1 -1 -1 -1 -1 -1 -1 -1 -1 3
3 -1 -1 -1 -1 -1 -1 -1 -1 -1 3
3 -1 -1 -1 -1 -1 -1 -1 -1 -1 3
3 3 -1 -1 100 100 100 100 -1 3 3
3 3 3 3 3 100 3 3 3 3 3
19:03:44.695692 - stdout  :: 0 -1
19:03:44.702233 - stdin   :: 16 52 0 -1
14 50
14 53
16 50
16 52
3 3 3 3 3 -1 3 3 3 3 3
3 3 0 0 0 0 -1 -1 -1 3 3
3 -1 0 0 0 0 -1 -1 -1 -1 3
3 -1 -1 0 0 0 0 -1 -1 -1 3
3 -1 -1 0 0 0 0 -1 -1 -1 3
-1 -1 -1 1 1 1 1 -1 -1 -1 -1
3 -1 -1 -1 -1 -1 -1 -1 -1 -1 3
3 -1 -1 -1 -1 -1 -1 -1 -1 -1 3
3 -1 -1 -1 -1 -1 -1 -1 -1 -1 3
3 3 -1 -1 -1 100 100 100 100 3 3
3 3 3 3 3 100 3 3 3 3 3
19:03:44.702986 - stdout  :: -1 0
19:03:44.711099 - stdin   :: 15 51 -1 -1
13 49
14 53
15 50
15 51
3 3 3 3 3 0 3 3 3 3 3
3 3 0 0 92 0 -1 -1 -1 3 3
3 -1 0 0 0 0 0 -1 -1 -1 3
3 -1 -1 0 0 0 0 -1 -1 -1 3
3 -1 -1 -1 0 0 0 0 -1 -1 3
-1 -1 -1 -1 0 0 0 0 -1 -1 -1
3 -1 -1 -1 1 1 1 1 -1 -1 3
3 -1 -1 -1 -1 -1 -1 -1 -1 -1 3
3 -1 -1 -1 -1 -1 -1 -1 -1 -1 3
3 3 -1 -1 -1 -1 -1 -1 -1 3 3
3 3 3 3 3 -1 3 3 3 3 3
19:03:44.711955 - stdout  :: 0 0
19:03:44.719606 - stdin   :: 14 50 -1 -1
12 48
15 52
15 51
14 50
3 3 3 3 3 0 3 3 3 3 3
3 3 0 0 0 0 0 -1 -1 3 3
3 -1 -1 0 0 92 0 -1 -1 -1 3
3 -1 -1 0 0 0 0 0 -1 -1 3
3 -1 -1 -1 0 0 0 0 -1 -1 3
-1 -1 -1 -1 -1 0 0 0 0 -1 -1
3 -1 -1 -1 -1 0 0 0 0 -1 3
3 -1 -1 -1 -1 1 1 1 1 -1 3
3 -1 -1 -1 -1 -1 -1 -1 -1 -1 3
3 3 -1 -1 -1 -1 -1 -1 -1 3 3
3 3 3 3 3 -1 3 3 3 3 3
19:03:44.720448 - stdout  :: 0 1
19:03:44.728163 - stdin   :: 13 50 -1 0
11 48
16 51
15 52
13 50
3 3 3 3 3 0 3 3 3 3 3
3 3 0 0 0 0 -1 -1 -1 3 3
3 -1 0 0 0 0 0 -1 -1 -1 3
3 -1 -1 0 0 92 0 -1 -1 -1 3
3 -1 -1 0 0 0 0 0 -1 -1 3
-1 -1 -1 -1 0 0 0 0 -1 -1 -1
3 -1 -1 -1 -1 0 0 0 0 -1 3
3 -1 -1 -1 -1 0 0 0 0 -1 3
3 -1 -1 -1 -1 1 1 1 1 -1 3
3 3 -1 -1 -1 -1 -1 -1 -1 3 3
3 3 3 3 3 -1 3 3 3 3 3
19:03:44.729058 - stdout  :: 0 -1
19:03:44.736828 - stdin   :: 12 49 -1 -1
10 47
16 50
15 53
12 49
3 3 3 3 3 0 3 3 3 3 3
3 3 0 0 0 0 0 -1 -1 3 3
3 -1 -1 0 0 0 0 -1 -1 -1 3
3 -1 -1 0 0 0 0 0 -1 -1 3
3 -1 -1 -1 0 0 92 0 -1 -1 3
-1 -1 -1 -1 0 0 0 0 0 -1 -1
3 -1 -1 -1 -1 0 0 0 0 -1 3
3 -1 -1 -1 -1 -1 0 0 0 0 3
3 -1 -1 -1 -1 -1 0 0 0 0 3
3 3 -1 -1 -1 -1 1 1 1 3 3
3 3 3 3 3 -1 3 3 3 3 3
19:03:44.737797 - stdout  :: 0 1
19:03:44.744365 - stdin   :: 11 49 -1 0
9 47
15 50
16 53
11 49
3 3 3 3 3 -1 3 3 3 3 3
3 3 0 0 0 0 -1 -1 -1 3 3
3 0 0 0 0 0 0 -1 -1 -1 3
3 -1 -1 0 0 0 0 -1 -1 -1 3
3 -1 -1 0 0 0 0 0 -1 -1 3
-1 -1 -1 -1 0 0 92 0 -1 -1 -1
3 -1 -1 -1 0 0 0 0 0 -1 3
3 -1 -1 -1 -1 0 0 0 0 -1 3
3 -1 -1 -1 -1 -1 0 0 0 0 3
3 3 -1 -1 -1 -1 0 0 0 3 3
3 3 3 3 3 -1 3 3 3 3 3
19:03:44.745181 - stdout  :: 0 -1
19:03:44.751194 - stdin   :: 10 48 -1 -1
8 46
14 50
16 53
10 48
3 3 3 3 3 -1 3 3 3 3 3
3 3 0 0 0 0 -1 -1 -1 3 3
3 0 0 0 0 0 0 -1 -1 -1 3
3 -1 0 0 0 0 0 0 -1 -1 3
3 -1 -1 -1 0 0 0 0 -1 -1 3
-1 -1 -1 -1 0 0 0 0 0 -1 -1
3 -1 -1 -1 -1 0 0 92 0 -1 3
3 -1 -1 -1 -1 0 0 0 0 0 3
3 -1 -1 -1 -1 -1 0 0 0 0 3
3 3 -1 -1 -1 -1 -1 0 0 3 3
3 3 3 3 3 -1 3 3 3 3 3
19:03:44.752056 - stdout  :: 0 0
19:03:44.757642 - stdin   :: 9 47 -1 -1
7 45
13 50
15 53
9 47
3 3 3 3 3 -1 3 3 3 3 3
3 3 0 0 0 0 -1 -1 -1 3 3
3 0 0 0 0 0 0 -1 -1 -1 3
3 0 0 0 0 0 0 0 -1 -1 3
3 -1 -1 0 0 0 0 0 0 -1 3
-1 -1 -1 -1 -1 0 0 0 0 -1 -1
3 -1 -1 -1 -1 0 0 0 0 0 3
3 -1 -1 -1 -1 -1 0 0 92 0 3
3 -1 -1 -1 -1 -1 0 0 0 0 3
3 3 -1 -1 -1 -1 -1 0 0 3 3
3 3 3 3 3 -1 3 3 3 3 3
19:03:44.758468 - stdout  :: 0 0
19:03:44.764238 - stdin   :: 8 46 -1 -1
6 44
12 50
14 53
8 46
3 3 3 3 3 -1 3 3 3 3 3
3 3 0 0 -1 -1 -1 -1 -1 3 3
3 0 0 0 0 0 0 -1 -1 -1 3
3 0 0 0 0 0 0 0 -1 -1 3
3 0 0 0 0 0 0 0 0 -1 3
0 0 -1 -1 0 0 0 0 0 0 -1
3 -1 -1 -1 -1 -1 0 0 0 0 3
3 -1 -1 -1 -1 -1 0 0 0 0 3
3 -1 -1 -1 -1 -1 -1 0 0 92 3
3 3 -1 -1 -1 -1 -1 0 0 3 3
3 3 3 3 3 -1 3 3 3 3 3
19:03:44.765051 - stdout  :: 1 0
19:03:44.771526 - stdin   :: 8 45 0 -1
6 43
11 50
14 52
8 45
3 3 3 3 3 -1 3 3 3 3 3
3 3 0 0 0 -1 -1 -1 -1 3 3
3 0 0 0 0 0 0 0 -1 -1 3
3 0 0 0 0 0 0 0 0 -1 3
3 0 0 0 0 0 0 0 0 0 3
91 0 0 -1 -1 0 0 0 0 0 0
3 0 -1 -1 -1 -1 -1 0 0 0 3
3 -1 -1 -1 -1 -1 -1 0 0 0 3
3 -1 -1 -1 -1 -1 -1 -1 0 0 3
3 3 -1 -1 -1 -1 -1 -1 0 3 3
3 3 3 3 3 -1 3 3 3 3 3
19:03:44.772276 - stdout  :: -1 0
19:03:44.781708 - stdin   :: 7 44 -1 -1
7 42
11 49
14 51
7 44
3 3 3 3 3 -1 3 3 3 3 3
3 3 -1 -1 -1 -1 -1 -1 -1 3 3
3 -1 0 0 0 0 -1 -1 -1 -1 3
3 0 0 0 0 0 0 0 0 -1 3
3 0 0 0 0 0 0 0 0 0 3
0 0 0 0 0 0 0 0 0 0 0
3 91 0 0 -1 -1 0 0 0 0 3
3 0 0 -1 -1 -1 -1 -1 0 0 3
3 -1 -1 -1 -1 -1 -1 -1 0 0 3
3 3 -1 -1 -1 -1 -1 -1 -1 3 3
3 3 3 3 3 -1 3 3 3 3 3
19:03:44.782470 - stdout  :: 1 0
19:03:44.791504 - stdin   :: 7 43 0 -1
8 41
11 48
14 50
7 43
3 3 3 3 3 -1 3 3 3 3 3
3 3 -1 -1 -1 -1 -1 -1 -1 3 3
3 -1 -1 0 0 0 0 -1 -1 -1 3
3 -1 0 0 0 0 0 0 0 0 3
3 0 0 0 0 0 0 0 0 0 3
0 0 0 0 0 0 0 0 0 0 0
3 0 91 0 0 -1 -1 0 0 0 3
3 0 0 0 -1 -1 -1 -1 -1 0 3
3 0 -1 -1 -1 -1 -1 -1 -1 0 3
3 3 -1 -1 -1 -1 -1 -1 -1 3 3
3 3 3 3 3 -1 3 3 3 3 3
19:03:44.792254 - stdout  :: 1 0
19:03:44.798399 - stdin   :: 8 42 1 -1
8 40
10 47
13 50
8 42
3 3 3 3 3 -1 3 3 3 3 3
3 3 -1 -1 0 0 0 0 -1 3 3
3 -1 -1 0 0 0 0 0 0 0 3
3 -1 0 0 0 0 0 0 0 0 3
3 0 0 0 0 0 0 0 0 0 3
0 0 0 91 0 0 -1 -1 0 0 0
3 0 0 0 0 -1 -1 -1 -1 -1 3
3 0 0 -1 -1 -1 -1 -1 -1 -1 3
3 -1 -1 -1 -1 -1 -1 -1 -1 -1 3
3 3 -1 -1 -1 -1 -1 -1 -1 3 3
3 3 3 3 3 -1 3 3 3 3 3
19:03:44.799148 - stdout  :: 0 0
19:03:44.805283 - stdin   :: 9 41 1 -1
8 40
8 46
13 51
9 41
3 3 3 3 3 0 3 3 3 3 3
3 3 -1 -1 0 0 0 0 0 3 3
3 -1 -1 0 0 0 0 0 0 0 3
3 0 0 0 0 0 0 0 0 0 3
3 0 0 0 91 0 0 -1 -1 0 3
0 0 0 0 0 0 -1 -1 -1 -1 -1
3 0 0 0 -1 -1 -1 -1 -1 -1 3
3 -1 -1 -1 -1 -1 -1 -1 -1 -1 3
3 -1 -1 -1 -1 -1 -1 -1 -1 -1 3
3 3 -1 -1 -1 -1 -1 -1 -1 3 3
3 3 3 3 3 0 3 3 3 3 3
19:03:44.806073 - stdout  :: -1 0
19:03:44.811710 - stdin   :: 9 40 0 -1
7 39
6 45
13 52
9 40
3 3 3 3 3 -1 3 3 3 3 3
3 3 -1 -1 -1 0 0 0 0 3 3
3 -1 -1 -1 0 0 0 0 0 0 3
3 -1 0 0 0 0 0 0 0 0 3
3 0 0 0 0 91 0 0 -1 -1 3
0 0 0 0 0 0 0 -1 -1 -1 -1
3 0 0 0 0 -1 -1 -1 -1 -1 3
3 0 -1 -1 -1 -1 -1 -1 -1 -1 3
3 -1 -1 -1 -1 -1 -1 -1 -1 -1 3
3 3 -1 -1 -1 -1 -1 -1 -1 3 3
3 3 3 3 3 0 3 3 3 3 3
19:03:44.812501 - stdout  :: 1 0
19:03:44.818130 - stdin   :: 10 39 1 -1
7 38
4 44
12 52
10 39
3 3 3 3 3 -1 3 3 3 3 3
3 3 -1 -1 -1 0 0 0 0 3 3
3 -1 -1 0 0 0 0 0 0 0 3
3 0 0 0 0 0 91 0 0 -1 3
3 0 0 0 0 0 0 0 -1 -1 3
0 0 0 0 0 0 -1 -1 -1 -1 -1
3 0 0 -1 -1 -1 -1 -1 -1 -1 3
3 0 -1 -1 -1 -1 -1 -1 -1 -1 3
3 0 -1 -1 -1 -1 -1 -1 -1 -1 3
3 3 0 0 0 0 0 0 0 3 3
3 3 3 3 3 0 3 3 3 3 3
19:03:44.818905 - stdout  :: -1 0
19:03:44.824861 - stdin   :: 10 38 0 -1
8 37
4 44
12 51
10 38
3 3 3 3 3 -1 3 3 3 3 3
3 3 -1 -1 -1 -1 0 0 0 3 3
3 -1 -1 -1 0 0 0 0 0 0 3
3 -1 0 0 0 0 0 91 0 0 3
3 0 0 0 0 0 0 0 0 -1 3
0 0 0 0 0 0 0 -1 -1 -1 -1
3 0 0 0 -1 -1 -1 -1 -1 -1 3
3 0 0 -1 -1 -1 -1 -1 -1 -1 3
3 0 0 -1 -1 -1 -1 -1 -1 -1 3
3 3 0 0 0 0 0 0 0 3 3
3 3 3 3 3 0 3 3 3 3 3
19:03:44.825684 - stdout  :: 0 0
19:03:44.830713 - stdin   :: 10 37 0 -1
9 36
4 44
12 50
10 37
3 3 3 3 3 -1 3 3 3 3 3
3 3 -1 -1 -1 -1 -1 0 0 3 3
3 -1 -1 -1 -1 0 0 0 0 0 3
3 -1 -1 0 0 0 0 0 91 0 3
3 0 0 0 0 0 0 0 0 0 3
0 0 0 0 0 0 0 0 -1 -1 -1
3 0 0 0 0 -1 -1 -1 -1 -1 3
3 0 0 0 -1 -1 -1 -1 -1 -1 3
3 0 0 0 -1 -1 -1 -1 -1 -1 3
3 3 0 0 0 0 0 0 0 3 3
3 3 3 3 3 0 3 3 3 3 3
19:03:44.831336 - stdout  :: 1 0
19:03:44.836214 - stdin   :: 11 36 1 -1
10 35
4 44
12 49
11 36
3 3 3 3 3 -1 3 3 3 3 3
3 3 -1 -1 -1 -1 0 0 0 3 3
3 -1 -1 -1 0 0 0 0 0 91 3
3 -1 0 0 0 0 0 0 0 0 3
3 0 0 0 0 0 0 0 0 -1 3
-1 0 0 0 0 0 -1 -1 -1 -1 -1
3 0 0 0 0 -1 -1 -1 -1 -1 3
3 0 0 0 0 -1 -1 -1 -1 -1 3
3 0 0 0 0 0 0 0 0 0 3
3 3 0 0 0 0 0 0 0 3 3
3 3 3 3 3 0 3 3 3 3 3
19:03:44.836784 - stdout  :: 0 0
19:03:44.841802 - stdin   :: 12 35 1 -1
11 34
4 44
13 49
12 35
3 3 3 3 3 -1 3 3 3 3 3
3 3 -1 -1 -1 0 0 0 0 3 3
3 0 -1 0 0 0 0 0 0 0 3
3 0 0 0 0 0 0 0 0 0 3
3 -1 0 0 0 0 0 -1 -1 -1 3
-1 0 0 0 0 0 -1 -1 -1 -1 -1
3 0 0 0 0 0 -1 -1 -1 -1 3
3 0 0 0 0 0 0 0 0 0 3
3 0 0 0 0 0 0 0 0 0 3
3 3 0 0 0 0 0 0 0 3 3
3 3 3 3 3 -1 3 3 3 3 3
19:03:44.842342 - stdout  :: 0 1
19:03:44.847743 - stdin   :: 13 35 1 0
12 33
4 44
13 49
13 35
3 3 3 3 3 0 3 3 3 3 3
3 3 -1 0 0 0 0 0 0 3 3
3 0 0 0 0 0 0 0 0 0 3
3 -1 0 0 0 0 0 -1 -1 -1 3
3 0 0 0 0 0 -1 -1 -1 -1 3
-1 0 0 0 0 0 -1 -1 -1 -1 -1
3 0 0 0 0 0 0 0 0 0 3
3 0 0 0 0 0 0 0 0 0 3
3 -1 0 0 0 0 0 0 0 0 3
3 3 -1 -1 -1 -1 -1 -1 -1 3 3
3 3 3 3 3 -1 3 3 3 3 3
19:03:44.848385 - stdout  :: 0 1
19:03:44.853672 - stdin   :: 14 36 1 1
13 33
4 44
12 49
14 36
3 3 3 3 3 0 3 3 3 3 3
3 3 0 0 0 0 0 0 0 3 3
3 0 0 0 0 0 -1 -1 -1 -1 3
3 0 0 0 0 -1 -1 -1 -1 -1 3
3 0 0 0 0 -1 -1 -1 -1 -1 3
0 0 0 0 0 0 0 0 0 0 0
3 0 0 0 0 0 0 0 0 0 3
3 0 0 0 0 0 0 0 0 0 3
3 -1 -1 -1 -1 -1 -1 -1 -1 0 3
3 3 -1 -1 -1 -1 -1 -1 -1 3 3
3 3 3 3 3 -1 3 3 3 3 3
19:03:44.854217 - stdout  :: 0 0
19:03:44.860572 - stdin   :: 15 37 1 1
14 34
5 45
12 48
15 37
3 3 3 3 3 0 3 3 3 3 3
3 3 0 0 0 -1 -1 -1 -1 3 3
3 0 0 0 -1 -1 -1 -1 -1 -1 3
3 0 0 0 -1 -1 -1 -1 -1 -1 3
3 0 0 0 0 0 0 0 0 0 3
0 0 0 0 0 0 0 0 0 0 0
3 0 0 0 0 0 0 0 0 0 3
3 -1 -1 -1 -1 -1 -1 -1 0 0 3
3 -1 -1 -1 -1 -1 -1 -1 0 0 3
3 3 -1 -1 -1 -1 -1 0 0 3 3
3 3 3 3 3 -1 3 3 3 3 3
19:03:44.861104 - stdout  :: 0 0
19:03:44.867245 - stdin   :: 16 38 1 1
15 35
6 46
11 48
16 38
3 3 3 3 3 -1 3 3 3 3 3
3 3 0 -1 -1 -1 -1 -1 -1 3 3
3 0 0 -1 -1 -1 -1 -1 -1 -1 3
3 0 0 0 0 0 0 0 0 0 3
3 0 0 0 0 0 0 0 0 0 3
0 0 0 0 0 0 0 0 0 0 0
3 -1 -1 -1 -1 -1 -1 0 0 92 3
3 -1 -1 -1 -1 -1 -1 0 0 92 3
3 -1 -1 -1 -1 -1 0 0 0 0 3
3 3 -1 -1 -1 0 0 0 0 3 3
3 3 3 3 3 0 3 3 3 3 3
19:03:44.867720 - stdout  :: -1 0
19:03:44.874038 - stdin   :: 16 39 0 1
15 36
7 47
11 49
16 39
3 3 3 3 3 -1 3 3 3 3 3
3 3 -1 -1 -1 -1 -1 -1 -1 3 3
3 0 -1 -1 -1 -1 -1 -1 -1 -1 3
3 0 0 0 0 0 0 0 0 0 3
3 0 0 0 0 0 0 0 0 0 3
0 0 0 0 0 0 0 0 0 0 0
3 -1 -1 -1 -1 -1 0 0 92 0 3
3 -1 -1 -1 -1 -1 0 0 92 0 3
3 -1 -1 -1 -1 0 0 0 0 0 3
3 3 -1 -1 0 0 0 0 0 3 3
3 3 3 3 3 0 3 3 3 3 3
19:03:44.874583 - stdout  :: 1 0
19:03:44.881138 - stdin   :: 17 40 1 1
14 37
8 48
10 49
17 40
3 3 3 3 3 -1 3 3 3 3 3
3 3 -1 -1 -1 -1 -1 -1 -1 3 3
3 0 0 0 0 0 0 0 0 -1 3
3 0 0 0 0 0 0 0 0 0 3
3 0 0 0 0 0 0 0 0 0 3
-1 -1 -1 -1 -1 0 0 92 0 0 -1
3 -1 -1 -1 -1 0 0 92 0 0 3
3 -1 -1 -1 0 0 0 0 0 0 3
3 -1 -1 0 0 0 0 0 0 0 3
3 3 0 0 0 0 0 0 0 3 3
3 3 3 3 3 0 3 3 3 3 3
19:03:44.881682 - stdout  :: 0 0
19:03:44.888289 - stdin   :: 18 41 1 1
14 38
9 49
10 50
18 41
3 3 3 3 3 -1 3 3 3 3 3
3 3 0 0 0 0 0 0 -1 3 3
3 0 0 0 0 0 0 0 0 -1 3
3 0 0 0 0 0 0 0 0 -1 3
3 -1 -1 -1 0 0 92 0 0 -1 3
-1 -1 -1 -1 0 0 92 0 0 -1 -1
3 -1 -1 0 0 0 0 0 0 -1 3
3 -1 0 0 0 0 0 0 0 -1 3
3 0 0 0 0 0 0 0 -1 -1 3
3 3 0 0 0 0 0 0 -1 3 3
3 3 3 3 3 -1 3 3 3 3 3
19:03:44.888869 - stdout  :: 0 0
19:03:44.895740 - stdin   :: 19 42 1 1
15 39
10 49
10 51
19 42
3 3 3 3 3 0 3 3 3 3 3
3 3 0 0 0 0 0 0 -1 3 3
3 0 0 0 0 0 0 0 -1 -1 3
3 -1 -1 0 0 92 0 0 -1 -1 3
3 -1 -1 0 0 92 0 0 -1 -1 3
-1 -1 0 0 0 0 0 0 -1 -1 -1
3 0 0 0 0 0 0 0 -1 -1 3
3 0 0 0 0 0 0 -1 -1 -1 3
3 0 0 0 0 0 0 -1 -1 -1 3
3 3 0 0 -1 -1 -1 -1 -1 3 3
3 3 3 3 3 -1 3 3 3 3 3
19:03:44.896401 - stdout  :: 0 0
19:03:44.903574 - stdin   :: 20 43 1 1
16 40
11 49
10 51
20 43
3 3 3 3 3 0 3 3 3 3 3
3 3 0 0 0 0 0 -1 -1 3 3
3 -1 0 0 92 0 0 -1 -1 -1 3
3 -1 0 0 92 0 0 -1 -1 -1 3
3 0 0 0 0 0 0 -1 -1 -1 3
0 0 0 0 0 0 0 -1 -1 -1 -1
3 0 0 0 0 0 -1 -1 -1 -1 3
3 0 0 0 0 0 -1 -1 -1 -1 3
3 0 0 -1 -1 -1 -1 -1 -1 -1 3
3 3 -1 -1 -1 -1 -1 -1 -1 3 3
3 3 3 3 3 -1 3 3 3 3 3
19:03:44.904346 - stdout  :: 0 -1
19:03:44.910996 - stdin   :: 21 43 1 0
17 41
12 49
10 50
21 43
3 3 3 3 3 0 3 3 3 3 3
3 3 0 0 92 0 0 -1 -1 3 3
3 -1 0 0 92 0 0 -1 -1 -1 3
3 0 0 0 0 0 0 -1 -1 -1 3
3 0 0 0 0 0 0 -1 -1 -1 3
0 0 0 0 0 0 -1 -1 -1 -1 -1
3 0 0 0 0 0 -1 -1 -1 -1 3
3 0 0 -1 -1 -1 -1 -1 -1 -1 3
3 -1 -1 -1 -1 -1 -1 -1 -1 -1 3
3 3 -1 -1 -1 -1 -1 -1 -1 3 3
3 3 3 3 3 -1 3 3 3 3 3
19:03:44.911694 - stdout  :: -1 -1
19:03:44.918640 - stdin   :: 21 42 0 -1
18 41
13 49
9 50
21 42
3 3 3 3 3 0 3 3 3 3 3
3 3 -1 0 0 92 0 0 -1 3 3
3 -1 -1 0 0 92 0 0 -1 -1 3
3 -1 0 0 0 0 0 0 -1 -1 3
3 0 0 0 0 0 0 0 -1 -1 3
0 0 0 0 0 0 0 -1 -1 -1 -1
3 0 0 0 0 0 0 -1 -1 -1 3
3 0 0 0 -1 -1 -1 -1 -1 -1 3
3 -1 -1 -1 -1 -1 -1 -1 -1 -1 3
3 3 -1 -1 -1 -1 -1 -1 -1 3 3
3 3 3 3 3 -1 3 3 3 3 3
19:03:44.919454 - stdout  :: 0 0
19:03:44.928049 - stdin   :: 21 41 0 -1
19 40
13 50
9 49
21 41
3 3 3 3 3 0 3 3 3 3 3
3 3 -1 -1 0 0 92 0 0 3 3
3 -1 -1 -1 0 0 92 0 0 -1 3
3 -1 -1 0 0 0 0 0 0 -1 3
3 -1 0 0 0 0 0 0 0 -1 3
0 0 0 0 0 0 0 0 -1 -1 -1
3 0 0 0 0 0 0 0 -1 -1 3
3 0 0 0 0 -1 -1 -1 -1 -1 3
3 -1 -1 -1 -1 -1 -1 -1 -1 -1 3
3 3 -1 -1 -1 -1 -1 -1 -1 3 3
3 3 3 3 3 0 3 3 3 3 3
19:03:44.928912 - stdout  :: 0 0
19:03:44.938931 - stdin   :: 21 40 0 -1
20 39
13 51
9 48
21 40
3 3 3 3 3 0 3 3 3 3 3
3 3 -1 -1 -1 0 0 92 0 3 3
3 -1 -1 -1 -1 0 0 92 0 0 3
3 -1 -1 -1 0 0 0 0 0 0 3
3 -1 -1 0 0 0 0 0 0 0 3
0 0 0 0 0 0 0 0 0 -1 -1
3 0 0 0 0 0 0 0 0 -1 3
3 0 0 0 0 0 -1 -1 -1 -1 3
3 -1 -1 -1 -1 -1 -1 -1 -1 -1 3
3 3 -1 -1 -1 -1 -1 -1 -1 3 3
3 3 3 3 3 0 3 3 3 3 3
19:03:44.940310 - stdout  :: 0 0
19:03:44.949446 - stdin   :: 21 39 0 -1
21 38
13 52
10 48
21 39
3 3 3 3 3 0 3 3 3 3 3
3 3 -1 -1 -1 -1 0 0 92 3 3
3 -1 -1 -1 -1 -1 0 0 92 0 3
3 -1 -1 -1 -1 0 0 0 0 0 3
3 -1 -1 -1 0 0 0 0 0 0 3
0 0 0 0 0 0 0 0 0 0 -1
3 0 0 0 0 0 0 0 0 0 3
3 0 0 0 0 0 0 -1 -1 -1 3
3 -1 -1 -1 -1 -1 -1 -1 -1 -1 3
3 3 -1 -1 -1 -1 -1 -1 -1 3 3
3 3 3 3 3 0 3 3 3 3 3
19:03:44.950296 - stdout  :: 0 -1
19:03:44.957801 - stdin   :: 21 37 0 -2
22 37
14 53
10 47
21 37
3 3 3 3 3 0 3 3 3 3 3
3 3 -1 -1 -1 -1 -1 -1 0 3 3
3 -1 -1 -1 -1 -1 -1 -1 0 0 3
3 -1 -1 -1 -1 -1 -1 0 0 0 3
3 0 0 -1 -1 -1 0 0 0 0 3
91 0 0 0 0 0 0 0 0 0 0
3 0 0 0 0 0 0 0 0 0 3
3 0 0 0 0 0 0 0 0 -1 3
3 -1 -1 -1 -1 -1 -1 -1 -1 -1 3
3 3 -1 -1 -1 -1 -1 -1 -1 3 3
3 3 3 3 3 0 3 3 3 3 3
19:03:44.958820 - stdout  :: 0 1
19:03:44.966227 - stdin   :: 21 36 0 -1
22 36
15 53
9 47
21 36
3 3 3 3 3 0 3 3 3 3 3
3 3 -1 -1 -1 -1 -1 -1 -1 3 3
3 -1 -1 -1 -1 -1 -1 -1 -1 0 3
3 -1 -1 -1 -1 -1 -1 -1 0 0 3
3 0 0 0 -1 -1 -1 0 0 0 3
91 91 0 0 0 0 0 0 0 0 0
3 0 0 0 0 0 0 0 0 0 3
3 -1 0 0 0 0 0 0 0 0 3
3 -1 -1 -1 -1 -1 -1 -1 -1 -1 3
3 3 -1 -1 -1 -1 -1 -1 -1 3 3
3 3 3 3 3 0 3 3 3 3 3
19:03:44.967270 - stdout  :: 0 0
19:03:44.973986 - stdin   :: 21 35 0 -1
22 35
16 53
8 47
21 35
3 3 3 3 3 0 3 3 3 3 3
3 3 -1 -1 -1 -1 -1 -1 -1 3 3
3 -1 -1 -1 -1 -1 -1 -1 -1 -1 3
3 0 -1 -1 -1 -1 -1 -1 -1 0 3
3 0 0 0 0 -1 -1 -1 0 0 3
0 91 91 0 0 0 0 0 0 0 0
3 0 0 0 0 0 0 0 0 0 3
3 -1 -1 0 0 0 0 0 0 0 3
3 -1 -1 -1 -1 -1 -1 -1 -1 -1 3
3 3 -1 -1 -1 -1 -1 -1 -1 3 3
3 3 3 3 3 0 3 3 3 3 3
19:03:44.974989 - stdout  :: 0 0
19:03:44.981633 - stdin   :: 21 34 0 -1
21 35
16 52
8 48
21 34
3 3 3 3 3 0 3 3 3 3 3
3 3 -1 -1 -1 -1 -1 -1 -1 3 3
3 -1 -1 -1 -1 -1 -1 -1 -1 -1 3
3 0 0 -1 -1 -1 -1 -1 -1 -1 3
3 0 0 0 0 0 -1 -1 -1 0 3
0 0 91 91 0 0 0 0 0 0 0
3 0 0 0 0 0 0 0 0 0 3
3 -1 -1 -1 0 0 0 0 0 0 3
3 -1 -1 -1 -1 -1 -1 -1 -1 -1 3
3 3 -1 -1 -1 -1 -1 -1 -1 3 3
3 3 3 3 3 0 3 3 3 3 3
19:03:44.982628 - stdout  :: 0 0
19:03:44.989678 - stdin   :: 21 33 0 -1
20 34
16 51
8 49
21 33
3 3 3 3 3 0 3 3 3 3 3
3 3 -1 -1 -1 -1 -1 -1 -1 3 3
3 0 -1 -1 -1 -1 -1 -1 -1 -1 3
3 0 0 0 -1 -1 -1 -1 -1 -1 3
3 0 0 0 0 0 0 -1 -1 -1 3
0 0 0 91 91 0 0 0 0 0 0
3 -1 0 0 0 0 0 0 0 0 3
3 -1 -1 -1 -1 0 0 0 0 0 3
3 -1 -1 -1 -1 -1 -1 -1 -1 -1 3
3 3 -1 -1 -1 -1 -1 -1 -1 3 3
3 3 3 3 3 -1 3 3 3 3 3
19:03:44.990830 - stdout  :: -1 0
19:03:44.998054 - stdin   :: 20 32 -1 -1
20 33
16 50
8 50
20 32
3 3 3 3 3 0 3 3 3 3 3
3 3 -1 -1 -1 0 0 0 0 3 3
3 -1 -1 -1 -1 -1 -1 -1 -1 -1 3
3 0 0 -1 -1 -1 -1 -1 -1 -1 3
3 0 0 0 0 -1 -1 -1 -1 -1 3
0 0 0 0 0 0 0 0 -1 -1 -1
3 0 0 0 91 91 0 0 0 0 3
3 -1 -1 0 0 0 0 0 0 0 3
3 -1 -1 -1 -1 -1 0 0 0 0 3
3 3 -1 -1 -1 -1 -1 -1 -1 3 3
3 3 3 3 3 -1 3 3 3 3 3
19:03:44.999316 - stdout  :: 1 0
19:03:45.006476 - stdin   :: 20 31 0 -1
20 32
15 50
8 50
20 31
3 3 3 3 3 0 3 3 3 3 3
3 3 -1 -1 -1 -1 0 0 0 3 3
3 0 -1 -1 -1 -1 -1 -1 -1 -1 3
3 0 0 0 -1 -1 -1 -1 -1 -1 3
3 0 0 0 0 0 -1 -1 -1 -1 3
0 0 0 0 0 0 0 0 0 -1 -1
3 0 0 0 0 91 91 0 0 0 3
3 -1 -1 -1 0 0 0 0 0 0 3
3 -1 -1 -1 -1 -1 -1 0 0 0 3
3 3 -1 -1 -1 -1 -1 -1 -1 3 3
3 3 3 3 3 -1 3 3 3 3 3
19:03:45.007731 - stdout  :: 0 0
19:03:45.014979 - stdin   :: 20 30 0 -1
19 31
14 50
8 49
20 30
3 3 3 3 3 -1 3 3 3 3 3
3 3 0 -1 -1 -1 -1 0 0 3 3
3 0 0 -1 -1 -1 -1 -1 -1 -1 3
3 0 0 0 0 -1 -1 -1 -1 -1 3
3 0 0 0 0 0 0 -1 -1 -1 3
-1 0 0 0 0 0 0 0 0 0 -1
3 -1 0 0 0 0 91 91 0 0 3
3 -1 -1 -1 -1 0 0 0 0 0 3
3 -1 -1 -1 -1 -1 -1 -1 0 0 3
3 3 -1 -1 -1 -1 -1 -1 -1 3 3
3 3 3 3 3 -1 3 3 3 3 3
19:03:45.016462 - stdout  :: 0 0
19:03:45.023465 - stdin   :: 20 29 0 -1
19 30
13 50
7 49
20 29
3 3 3 3 3 -1 3 3 3 3 3
3 3 0 0 -1 -1 -1 -1 0 3 3
3 0 0 0 -1 -1 -1 -1 -1 -1 3
3 0 0 0 0 0 -1 -1 -1 -1 3
3 0 0 0 0 0 0 0 -1 -1 3
-1 -1 0 0 0 0 0 0 0 0 0
3 -1 -1 0 0 0 0 91 91 0 3
3 -1 -1 -1 -1 -1 0 0 0 0 3
3 -1 -1 -1 -1 -1 -1 -1 -1 0 3
3 3 -1 -1 -1 -1 -1 -1 -1 3 3
3 3 3 3 3 -1 3 3 3 3 3
19:03:45.025212 - stdout  :: 0 0
19:03:45.031695 - stdin   :: 20 28 0 -1
18 29
12 50
7 48
20 28
3 3 3 3 3 -1 3 3 3 3 3
3 3 0 0 0 -1 -1 -1 -1 3 3
3 0 0 0 0 -1 -1 -1 -1 -1 3
3 -1 0 0 0 0 0 -1 -1 -1 3
3 -1 0 0 0 0 0 0 0 -1 3
-1 -1 -1 0 0 0 0 0 0 0 0
3 -1 -1 -1 0 0 0 0 91 91 3
3 -1 -1 -1 -1 -1 -1 0 0 0 3
3 -1 -1 -1 -1 -1 -1 -1 -1 -1 3
3 3 -1 -1 -1 -1 -1 -1 -1 3 3
3 3 3 3 3 -1 3 3 3 3 3
19:03:45.033475 - stdout  :: 0 0
19:03:45.040009 - stdin   :: 20 27 0 -1
18 28
11 50
7 47
20 27
3 3 3 3 3 0 3 3 3 3 3
3 3 0 0 0 0 -1 -1 -1 3 3
3 -1 0 0 0 0 -1 -1 -1 -1 3
3 -1 -1 0 0 0 0 0 -1 -1 3
3 -1 -1 0 0 0 0 0 0 0 3
-1 -1 -1 -1 0 0 0 0 0 0 0
3 -1 -1 -1 -1 0 0 0 0 91 3
3 -1 -1 -1 -1 -1 -1 -1 0 0 3
3 -1 -1 -1 -1 -1 -1 -1 -1 -1 3
3 3 -1 -1 -1 -1 -1 -1 -1 3 3
3 3 3 3 3 -1 3 3 3 3 3
19:03:45.041945 - stdout  :: -1 0
19:03:45.048651 - stdin   :: 19 26 -1 -1
17 27
11 50
7 46
19 26
3 3 3 3 3 0 3 3 3 3 3
3 3 0 0 0 0 0 -1 -1 3 3
3 -1 0 0 0 0 0 -1 -1 -1 3
3 -1 -1 0 0 0 0 -1 -1 -1 3
3 -1 -1 -1 0 0 0 0 0 -1 3
-1 -1 -1 -1 0 0 0 0 0 0 0
3 -1 -1 -1 -1 0 0 0 0 0 3
3 -1 -1 -1 -1 -1 0 0 0 0 3
3 -1 -1 -1 -1 -1 -1 -1 -1 0 3
3 3 -1 -1 -1 -1 -1 -1 -1 3 3
3 3 3 3 3 -1 3 3 3 3 3
19:03:45.050642 - stdout  :: 0 0
19:03:45.058242 - stdin   :: 18 25 -1 -1
16 26
12 51
8 46
18 25
3 3 3 3 3 0 3 3 3 3 3
3 3 -1 0 0 0 0 -1 -1 3 3
3 -1 -1 0 0 0 0 0 -1 -1 3
3 -1 -1 0 0 0 0 0 -1 -1 3
3 -1 -1 -1 0 0 0 0 -1 -1 3
0 -1 -1 -1 -1 0 0 0 0 0 -1
3 -1 -1 -1 -1 0 0 0 0 0 3
3 -1 -1 -1 -1 -1 0 0 0 0 3
3 -1 -1 -1 -1 -1 -1 0 0 0 3
3 3 -1 -1 -1 -1 -1 -1 -1 3 3
3 3 3 3 3 -1 3 3 3 3 3
19:03:45.061484 - stdout  :: 0 1
19:03:45.069741 - stdin   :: 17 25 -1 0
15 25
13 52
8 45
17 25
3 3 3 3 3 0 3 3 3 3 3
3 3 -1 0 0 0 0 -1 -1 3 3
3 -1 -1 0 0 0 0 -1 -1 -1 3
3 -1 -1 0 0 0 0 0 -1 -1 3
3 -1 -1 0 0 0 0 0 -1 -1 3
0 -1 -1 -1 0 0 0 0 -1 -1 -1
3 -1 -1 -1 -1 0 0 0 0 0 3
3 -1 -1 -1 -1 0 0 0 0 0 3
3 -1 -1 -1 -1 -1 0 0 0 0 3
3 3 -1 -1 -1 -1 -1 0 0 3 3
3 3 3 3 3 -1 3 3 3 3 3
19:03:45.072084 - stdout  :: 0 1
19:03:45.079367 - stdin   :: 16 26 -1 1
14 24
14 53
7 45
16 26
3 3 3 3 3 0 3 3 3 3 3
3 3 -1 0 0 0 -1 -1 -1 3 3
3 -1 0 0 0 0 -1 -1 -1 -1 3
3 -1 0 0 0 0 -1 -1 -1 -1 3
3 -1 0 0 0 0 0 -1 -1 -1 3
-1 -1 0 0 0 0 0 -1 -1 -1 -1
3 -1 -1 0 0 0 0 -1 -1 -1 3
3 -1 -1 -1 0 0 0 0 0 -1 3
3 -1 -1 -1 0 0 0 0 0 0 3
3 3 -1 -1 -1 0 0 0 0 3 3
3 3 3 3 3 -1 3 3 3 3 3
19:03:45.081849 - stdout  :: 0 0
19:03:45.089507 - stdin   :: 15 27 -1 1
13 24
15 53
7 44
15 27
3 3 3 3 3 0 3 3 3 3 3
3 3 0 0 0 0 -1 -1 -1 3 3
3 -1 0 0 0 -1 -1 -1 -1 0 3
3 0 0 0 0 -1 -1 -1 -1 0 3
3 0 0 0 0 -1 -1 -1 -1 0 3
-1 0 0 0 0 0 -1 -1 -1 0 0
3 0 0 0 0 0 -1 -1 -1 -1 3
3 -1 0 0 0 0 -1 -1 -1 -1 3
3 -1 -1 0 0 0 0 0 -1 -1 3
3 3 -1 0 0 0 0 0 0 3 3
3 3 3 3 3 0 3 3 3 3 3
19:03:45.091823 - stdout  :: 0 -1
19:03:45.146469 - stdin   :: 15 27 0 0
7 24
16 50
9 40
15 27
3 3 3 3 3 0 3 3 3 3 3
3 3 0 0 0 0 -1 -1 -1 3 3
3 -1 0 0 0 -1 -1 -1 -1 0 3
3 0 0 0 0 -1 -1 -1 -1 0 3
3 0 0 0 0 -1 -1 -1 -1 0 3
-1 0 0 0 0 0 -1 -1 -1 0 0
3 0 0 0 0 0 -1 -1 -1 -1 3
3 -1 0 0 0 0 -1 -1 -1 -1 3
3 -1 -1 0 0 0 0 0 -1 -1 3
3 3 -1 0 0 0 0 0 0 3 3
3 3 3 3 3 0 3 3 3 3 3
19:03:45.149283 - stdout  :: -1 -1
19:03:45.159993 - stdin   :: 14 26 -1 -1
6 23
16 50
9 39
14 26
3 3 3 3 3 0 3 3 3 3 3
3 3 -1 0 0 0 0 0 -1 3 3
3 0 0 0 0 0 0 -1 -1 -1 3
3 -1 -1 0 0 0 -1 -1 -1 -1 3
3 -1 0 0 0 0 -1 -1 -1 -1 3
-1 -1 0 0 0 0 -1 -1 -1 -1 0
3 -1 0 0 0 0 0 -1 -1 -1 3
3 -1 0 0 0 0 0 -1 -1 -1 3
3 -1 -1 0 0 0 0 -1 -1 -1 3
3 3 -1 -1 0 0 0 0 0 3 3
3 3 3 3 3 0 3 3 3 3 3
19:03:45.162748 - stdout  :: 0 1
19:03:45.173336 - stdin   :: 13 26 -1 0
5 22
16 50
10 39
13 26
3 3 3 3 3 0 3 3 3 3 3
3 3 -1 -1 0 0 0 0 -1 3 3
3 -1 -1 0 0 0 0 0 -1 -1 3
3 0 0 0 0 0 0 -1 -1 -1 3
3 -1 -1 0 0 0 -1 -1 -1 -1 3
-1 -1 0 0 0 0 -1 -1 -1 -1 0
3 -1 0 0 0 0 -1 -1 -1 -1 3
3 -1 0 0 0 0 0 -1 -1 -1 3
3 -1 0 0 0 0 0 -1 -1 -1 3
3 3 -1 0 0 0 0 -1 -1 3 3
3 3 3 3 3 0 3 3 3 3 3
19:03:45.176277 - stdout  :: 0 0
19:03:45.185868 - stdin   :: 12 26 -1 0
4 22
16 50
10 38
12 26
3 3 3 3 3 0 3 3 3 3 3
3 3 -1 -1 0 0 0 0 -1 3 3
3 -1 -1 -1 0 0 0 0 -1 -1 3
3 -1 -1 0 0 0 0 0 -1 -1 3
3 0 0 0 0 0 0 -1 -1 -1 3
-1 -1 -1 0 0 0 -1 -1 -1 -1 0
3 -1 0 0 0 0 -1 -1 -1 -1 3
3 -1 0 0 0 0 -1 -1 -1 -1 3
3 -1 0 0 0 0 0 -1 -1 -1 3
3 3 0 0 0 0 0 -1 -1 3 3
3 3 3 3 3 0 3 3 3 3 3
19:03:45.188735 - stdout  :: 0 1
19:03:45.201614 - stdin   :: 11 27 -1 1
3 21
16 51
9 38
11 27
3 3 3 3 3 0 3 3 3 3 3
3 3 0 0 0 0 0 -1 -1 3 3
3 -1 -1 0 0 0 0 -1 -1 0 3
3 -1 -1 0 0 0 0 -1 -1 0 3
3 -1 0 0 0 0 0 -1 -1 0 3
0 0 0 0 0 0 -1 -1 -1 -1 0
3 -1 0 0 0 -1 -1 -1 -1 0 3
3 0 0 0 0 -1 -1 -1 -1 0 3
3 0 0 0 0 -1 -1 -1 -1 0 3
3 3 0 0 0 0 -1 -1 -1 3 3
3 3 3 3 3 0 3 3 3 3 3
19:03:45.204245 - stdout  :: 0 0
19:03:45.215774 - stdin   :: 10 28 -1 1
3 20
16 52
8 38
10 28
3 3 3 3 3 0 3 3 3 3 3
3 3 0 0 0 0 -1 -1 -1 3 3
3 0 0 0 0 0 -1 -1 0 0 3
3 -1 0 0 0 0 -1 -1 0 -1 3
3 -1 0 0 0 0 -1 -1 0 -1 3
-1 0 0 0 0 0 -1 -1 0 0 0
3 0 0 0 0 -1 -1 -1 -1 0 3
3 0 0 0 -1 -1 -1 -1 0 0 3
3 0 0 0 -1 -1 -1 -1 0 0 3
3 3 0 0 -1 -1 -1 -1 0 3 3
3 3 3 3 3 -1 3 3 3 3 3
19:03:45.218218 - stdout  :: 0 -1
19:03:45.228758 - stdin   :: 9 28 -1 0
4 19
15 53
7 38
9 28
3 3 3 3 3 0 3 3 3 3 3
3 3 0 0 -1 0 -1 -1 0 3 3
3 0 0 0 0 0 -1 -1 -1 0 3
3 0 0 0 0 0 -1 -1 0 0 3
3 -1 0 0 0 0 -1 -1 0 -1 3
-1 -1 0 0 0 0 -1 -1 0 -1 0
3 0 0 0 0 0 -1 -1 0 0 3
3 0 0 0 0 -1 -1 -1 -1 0 3
3 0 0 0 -1 -1 -1 -1 0 0 3
3 3 0 0 -1 -1 -1 -1 0 3 3
3 3 3 3 3 -1 3 3 3 3 3
19:03:45.231317 - stdout  :: 0 0
19:03:45.241733 - stdin   :: 8 28 -1 0
5 18
14 53
7 39
8 28
3 3 3 3 3 0 3 3 3 3 3
3 3 0 0 -1 0 -1 -1 0 3 3
3 91 0 0 -1 0 -1 -1 0 0 3
3 0 0 0 0 0 -1 -1 -1 0 3
3 0 0 0 0 0 -1 -1 0 0 3
-1 -1 0 0 0 0 -1 -1 0 -1 -1
3 -1 0 0 0 0 -1 -1 0 -1 3
3 0 0 0 0 0 -1 -1 0 0 3
3 0 0 0 0 -1 -1 -1 -1 0 3
3 3 0 0 -1 -1 -1 -1 0 3 3
3 3 3 3 3 -1 3 3 3 3 3
19:03:45.244082 - stdout  :: 0 0
19:03:45.253833 - stdin   :: 7 28 -1 0
5 17
13 52
7 40
7 28
3 3 3 3 3 -1 3 3 3 3 3
3 3 0 0 -1 0 0 0 0 3 3
3 0 0 0 -1 0 -1 -1 0 -1 3
3 91 0 0 -1 0 -1 -1 0 0 3
3 0 0 0 0 0 -1 -1 -1 0 3
-1 0 0 0 0 0 -1 -1 0 0 -1
3 -1 0 0 0 0 -1 -1 0 -1 3
3 -1 0 0 0 0 -1 -1 0 -1 3
3 0 0 0 0 0 -1 -1 0 0 3
3 3 0 0 0 -1 -1 -1 -1 3 3
3 3 3 3 3 -1 3 3 3 3 3
19:03:45.256116 - stdout  :: 0 0
19:03:45.265810 - stdin   :: 6 28 -1 0
4 16
12 51
7 41
6 28
3 3 3 3 3 -1 3 3 3 3 3
3 3 0 0 -1 -1 -1 -1 -1 3 3
3 0 0 0 -1 0 0 0 0 -1 3
3 0 0 0 -1 0 -1 -1 0 -1 3
3 91 0 0 -1 0 -1 -1 0 0 3
0 0 0 0 0 0 -1 -1 -1 0 -1
3 0 0 0 0 0 -1 -1 0 0 3
3 -1 0 0 0 0 -1 -1 0 -1 3
3 -1 0 0 0 0 -1 -1 0 -1 3
3 3 0 0 0 0 -1 -1 0 3 3
3 3 3 3 3 -1 3 3 3 3 3
19:03:45.268091 - stdout  :: 0 0
19:03:45.277789 - stdin   :: 5 28 -1 0
4 15
11 50
6 41
5 28
3 3 3 3 3 -1 3 3 3 3 3
3 3 -1 -1 -1 -1 -1 -1 -1 3 3
3 -1 0 0 -1 -1 -1 -1 -1 -1 3
3 0 0 0 -1 0 0 0 0 -1 3
3 0 0 0 -1 0 -1 -1 0 -1 3
0 91 0 0 -1 0 -1 -1 0 0 -1
3 0 0 0 0 0 -1 -1 -1 0 3
3 0 0 0 0 0 -1 -1 0 0 3
3 -1 0 0 0 0 -1 -1 0 -1 3
3 3 0 0 0 0 -1 -1 0 3 3
3 3 3 3 3 0 3 3 3 3 3
19:03:45.280046 - stdout  :: 0 0
19:03:45.289607 - stdin   :: 4 28 -1 0
5 14
10 50
6 42
4 28
3 3 3 3 3 -1 3 3 3 3 3
3 3 -1 -1 -1 -1 -1 -1 -1 3 3
3 -1 -1 -1 -1 -1 -1 -1 -1 -1 3
3 -1 0 0 -1 -1 -1 -1 -1 -1 3
3 0 0 0 -1 0 0 0 0 -1 3
91 0 0 0 -1 0 -1 -1 0 -1 -1
3 91 0 0 -1 0 -1 -1 0 0 3
3 0 0 0 0 0 -1 -1 -1 0 3
3 0 0 0 0 0 -1 -1 0 0 3
3 3 0 0 0 0 -1 -1 0 3 3
3 3 3 3 3 0 3 3 3 3 3
19:03:45.291984 - stdout  :: 1 -1
19:03:45.372270 - stdin   :: 4 28 0 0
11 8
8 46
6 48
4 28
3 3 3 3 3 -1 3 3 3 3 3
3 3 -1 -1 -1 -1 -1 -1 -1 3 3
3 -1 -1 -1 -1 -1 -1 -1 -1 -1 3
3 -1 0 0 -1 -1 -1 -1 -1 -1 3
3 0 0 0 -1 0 0 0 0 -1 3
91 0 0 0 -1 0 -1 -1 0 -1 -1
3 91 0 0 -1 0 -1 -1 0 0 3
3 0 0 0 0 0 -1 -1 -1 0 3
3 0 0 0 0 0 -1 -1 0 0 3
3 3 0 0 0 0 -1 -1 0 3 3
3 3 3 3 3 0 3 3 3 3 3
19:03:45.374716 - stdout  :: 1 0
19:03:45.384846 - stdin   :: 5 28 1 0
12 7
8 45
6 48
5 28
3 3 3 3 3 -1 3 3 3 3 3
3 3 -1 -1 -1 -1 -1 -1 -1 3 3
3 -1 0 0 -1 -1 -1 -1 -1 -1 3
3 0 0 0 -1 0 0 0 0 -1 3
3 0 0 0 -1 0 -1 -1 0 -1 3
0 91 0 0 -1 0 -1 -1 0 0 -1
3 0 0 0 0 0 -1 -1 -1 0 3
3 0 0 0 0 0 -1 -1 0 0 3
3 -1 0 0 0 0 -1 -1 0 -1 3
3 3 0 0 0 0 -1 -1 0 3 3
3 3 3 3 3 0 3 3 3 3 3
19:03:45.387504 - stdout  :: 0 0
19:03:45.397430 - stdin   :: 6 28 1 0
13 7
7 43
6 47
6 28
3 3 3 3 3 -1 3 3 3 3 3
3 3 0 0 -1 -1 -1 -1 -1 3 3
3 0 0 0 -1 0 0 0 0 -1 3
3 0 0 0 -1 0 -1 -1 0 -1 3
3 91 0 0 -1 0 -1 -1 0 0 3
0 0 0 0 0 0 -1 -1 -1 0 -1
3 0 0 0 0 0 -1 -1 0 0 3
3 -1 0 0 0 0 -1 -1 0 -1 3
3 -1 0 0 0 0 -1 -1 0 -1 3
3 3 0 0 0 0 -1 -1 0 3 3
3 3 3 3 3 -1 3 3 3 3 3
19:03:45.400036 - stdout  :: 0 -1
19:03:45.410185 - stdin   :: 7 27 1 -1
14 8
6 41
5 47
7 27
3 3 3 3 3 -1 3 3 3 3 3
3 3 0 0 0 -1 0 0 0 3 3
3 91 0 0 0 -1 0 -1 -1 0 3
3 0 91 0 0 -1 0 -1 -1 0 3
3 0 0 0 0 0 0 -1 -1 -1 3
-1 -1 0 0 0 0 0 -1 -1 0 0
3 -1 -1 0 0 0 0 -1 -1 0 3
3 -1 -1 0 0 0 0 -1 -1 0 3
3 -1 0 0 0 0 0 -1 -1 0 3
3 3 0 0 0 0 -1 -1 -1 3 3
3 3 3 3 3 -1 3 3 3 3 3
19:03:45.412653 - stdout  :: 0 0
19:03:45.424667 - stdin   :: 8 26 1 -1
15 9
6 40
5 46
8 26
3 3 3 3 3 0 3 3 3 3 3
3 3 91 0 0 0 -1 0 -1 3 3
3 0 0 91 0 0 -1 0 -1 -1 3
3 0 0 0 0 0 0 0 -1 -1 3
3 -1 -1 0 0 0 0 0 -1 -1 3
-1 -1 -1 -1 0 0 0 0 -1 -1 0
3 -1 -1 -1 0 0 0 0 -1 -1 3
3 -1 -1 0 0 0 0 0 -1 -1 3
3 0 0 0 0 0 0 -1 -1 -1 3
3 3 -1 0 0 0 -1 -1 -1 3 3
3 3 3 3 3 0 3 3 3 3 3
19:03:45.427110 - stdout  :: 0 0
19:03:45.437165 - stdin   :: 9 25 1 -1
15 10
6 39
5 45
9 25
3 3 3 3 3 0 3 3 3 3 3
3 3 0 0 91 0 0 -1 0 3 3
3 -1 0 0 0 0 0 0 0 -1 3
3 -1 -1 -1 0 0 0 0 0 -1 3
3 -1 -1 -1 -1 0 0 0 0 -1 3
-1 -1 -1 -1 -1 0 0 0 0 -1 -1
3 0 -1 -1 0 0 0 0 0 -1 3
3 0 0 0 0 0 0 0 -1 -1 3
3 -1 -1 -1 0 0 0 -1 -1 -1 3
3 3 -1 0 0 0 0 -1 -1 3 3
3 3 3 3 3 0 3 3 3 3 3
19:03:45.439677 - stdout  :: 0 0
19:03:45.450134 - stdin   :: 10 24 1 -1
14 11
7 38
5 44
10 24
3 3 3 3 3 91 3 3 3 3 3
3 3 -1 0 0 0 0 0 0 3 3
3 -1 -1 -1 -1 0 0 0 0 0 3
3 -1 -1 -1 -1 -1 0 0 0 0 3
3 -1 -1 -1 -1 -1 0 0 0 0 3
0 0 0 -1 -1 0 0 0 0 0 -1
3 -1 0 0 0 0 0 0 0 -1 3
3 -1 -1 -1 -1 0 0 0 -1 -1 3
3 -1 -1 -1 0 0 0 0 -1 -1 3
3 3 -1 -1 0 0 0 0 -1 3 3
3 3 3 3 3 0 3 3 3 3 3
19:03:45.452525 - stdout  :: 0 0
19:03:45.462120 - stdin   :: 11 23 1 -1
14 12
8 37
5 43
11 23
3 3 3 3 3 0 3 3 3 3 3
3 3 -1 -1 -1 -1 0 0 0 3 3
3 -1 -1 -1 -1 -1 -1 0 0 0 3
3 -1 -1 -1 -1 -1 -1 0 0 0 3
3 0 0 0 -1 -1 0 0 0 0 3
0 -1 -1 0 0 0 0 0 0 0 -1
3 -1 -1 -1 -1 -1 0 0 0 -1 3
3 -1 -1 -1 -1 0 0 0 0 -1 3
3 0 -1 -1 -1 0 0 0 0 -1 3
3 3 0 -1 -1 0 0 0 0 3 3
3 3 3 3 3 0 3 3 3 3 3
19:03:45.464428 - stdout  :: -1 0
19:03:45.474233 - stdin   :: 11 22 0 -1
15 13
10 36
5 42
11 22
3 3 3 3 3 0 3 3 3 3 3
3 3 -1 -1 -1 -1 -1 0 0 3 3
3 -1 -1 -1 -1 -1 -1 -1 0 0 3
3 -1 -1 -1 -1 -1 -1 -1 0 0 3
3 0 0 0 0 -1 -1 0 0 0 3
0 0 -1 -1 0 0 0 0 0 0 0
3 -1 -1 -1 -1 -1 -1 0 0 0 3
3 -1 -1 -1 -1 -1 0 0 0 0 3
3 0 0 -1 -1 -1 0 0 0 0 3
3 3 0 0 -1 -1 0 0 0 3 3
3 3 3 3 3 -1 3 3 3 3 3
19:03:45.476463 - stdout  :: 0 0
19:03:45.491939 - stdin   :: 11 21 0 -1
16 14
12 35
5 41
11 21
3 3 3 3 3 -1 3 3 3 3 3
3 3 0 -1 -1 -1 -1 -1 0 3 3
3 0 -1 -1 -1 -1 -1 -1 -1 0 3
3 -1 -1 -1 -1 -1 -1 -1 -1 0 3
3 -1 0 0 0 0 -1 -1 0 0 3
0 0 0 -1 -1 0 0 0 0 0 0
3 -1 -1 -1 -1 -1 -1 -1 0 0 3
3 -1 -1 -1 -1 -1 -1 0 0 0 3
3 0 0 0 -1 -1 -1 0 0 0 3
3 3 0 0 0 -1 -1 0 0 3 3
3 3 3 3 3 -1 3 3 3 3 3
19:03:45.496191 - stdout  :: -1 0
19:03:45.509168 - stdin   :: 10 20 -1 -1
17 15
14 34
5 40
10 20
3 3 3 3 3 0 3 3 3 3 3
3 3 0 0 0 -1 -1 0 0 3 3
3 0 0 0 -1 -1 -1 -1 -1 0 3
3 0 0 -1 -1 -1 -1 -1 -1 -1 3
3 -1 -1 -1 -1 -1 -1 -1 -1 -1 3
-1 -1 -1 0 0 0 0 -1 -1 0 0
3 0 0 0 -1 -1 0 0 0 0 3
3 0 -1 -1 -1 -1 -1 -1 -1 0 3
3 -1 -1 -1 -1 -1 -1 -1 0 0 3
3 3 0 0 0 -1 -1 -1 0 3 3
3 3 3 3 3 0 3 3 3 3 3
19:03:45.511809 - stdout  :: 1 0
19:03:45.528222 - stdin   :: 10 19 0 -1
18 15
16 33
5 40
10 19
3 3 3 3 3 0 3 3 3 3 3
3 3 0 0 0 0 -1 -1 0 3 3
3 0 0 0 0 -1 -1 -1 -1 -1 3
3 0 0 0 -1 -1 -1 -1 -1 -1 3
3 -1 -1 -1 -1 -1 -1 -1 -1 -1 3
-1 -1 -1 -1 0 0 0 0 -1 -1 0
3 -1 0 0 0 -1 -1 0 0 0 3
3 0 0 -1 -1 -1 -1 -1 -1 -1 3
3 -1 -1 -1 -1 -1 -1 -1 -1 0 3
3 3 0 0 0 0 -1 -1 -1 3 3
3 3 3 3 3 0 3 3 3 3 3
19:03:45.530426 - stdout  :: 1 0
19:03:45.541405 - stdin   :: 11 18 1 -1
19 14
16 33
5 41
11 18
3 3 3 3 3 0 3 3 3 3 3
3 3 0 0 0 0 -1 -1 -1 3 3
3 0 0 0 0 -1 -1 -1 -1 -1 3
3 0 -1 -1 -1 -1 -1 -1 -1 -1 3
3 -1 -1 -1 -1 0 0 0 0 -1 3
-1 -1 -1 0 0 0 -1 -1 0 0 0
3 0 0 0 -1 -1 -1 -1 -1 -1 3
3 0 -1 -1 -1 -1 -1 -1 -1 -1 3
3 0 0 0 0 0 0 -1 -1 -1 3
3 3 0 0 0 0 0 0 -1 3 3
3 3 3 3 3 0 3 3 3 3 3
19:03:45.543133 - stdout  :: -1 0
19:03:45.552239 - stdin   :: 11 17 0 -1
20 13
16 33
4 41
11 17
3 3 3 3 3 0 3 3 3 3 3
3 3 0 0 0 0 0 -1 -1 3 3
3 0 0 0 0 0 -1 -1 -1 -1 3
3 0 0 -1 -1 -1 -1 -1 -1 -1 3
3 -1 -1 -1 -1 -1 0 0 0 0 3
-1 -1 -1 -1 0 0 0 -1 -1 0 0
3 -1 0 0 0 -1 -1 -1 -1 -1 3
3 -1 0 -1 -1 -1 -1 -1 -1 -1 3
3 0 0 0 0 0 0 0 -1 -1 3
3 3 0 0 0 0 0 0 0 3 3
3 3 3 3 3 0 3 3 3 3 3
19:03:45.554111 - stdout  :: 1 0
19:03:45.570398 - stdin   :: 12 16 1 -1
21 12
16 33
4 41
12 16
3 3 3 3 3 0 3 3 3 3 3
3 3 0 0 0 0 0 -1 -1 3 3
3 0 0 0 -1 -1 -1 -1 -1 -1 3
3 0 -1 -1 -1 -1 -1 0 0 0 3
3 -1 -1 -1 -1 0 0 0 -1 -1 3
-1 -1 -1 0 0 0 -1 -1 -1 -1 -1
3 -1 -1 0 -1 -1 -1 -1 -1 -1 3
3 0 0 0 0 0 0 0 0 -1 3
3 0 0 0 0 0 0 0 0 0 3
3 3 0 0 0 91 0 0 0 3 3
3 3 3 3 3 0 3 3 3 3 3
19:03:45.572136 - stdout  :: -1 0
19:03:45.580929 - stdin   :: 12 15 0 -1
21 11
16 33
5 41
12 15
3 3 3 3 3 0 3 3 3 3 3
3 3 0 0 0 0 0 0 -1 3 3
3 0 0 0 0 -1 -1 -1 -1 -1 3
3 0 0 -1 -1 -1 -1 -1 0 0 3
3 -1 -1 -1 -1 -1 0 0 0 -1 3
-1 -1 -1 -1 0 0 0 -1 -1 -1 -1
3 -1 -1 -1 0 -1 -1 -1 -1 -1 3
3 0 0 0 0 0 0 0 0 0 3
3 0 0 0 0 0 0 0 0 0 3
3 3 0 0 0 0 91 0 0 3 3
3 3 3 3 3 0 3 3 3 3 3
19:03:45.582444 - stdout  :: 1 0
19:03:45.590571 - stdin   :: 13 14 1 -1
20 10
16 33
6 41
13 14
3 3 3 3 3 0 3 3 3 3 3
3 3 0 0 0 0 -1 -1 -1 3 3
3 0 0 0 -1 -1 -1 -1 -1 0 3
3 -1 -1 -1 -1 -1 -1 0 0 0 3
3 -1 -1 -1 -1 0 0 0 -1 -1 3
0 -1 -1 -1 -1 0 -1 -1 -1 -1 -1
3 0 0 0 0 0 0 0 0 0 3
3 0 0 0 0 0 0 0 0 0 3
3 0 0 0 0 0 0 91 0 0 3
3 3 -1 -1 -1 0 0 0 0 3 3
3 3 3 3 3 0 3 3 3 3 3
19:03:45.591551 - stdout  :: 0 1
19:03:45.599845 - stdin   :: 14 14 1 0
20 9
16 33
7 41
14 14
3 3 3 3 3 0 3 3 3 3 3
3 3 0 0 -1 -1 -1 -1 -1 3 3
3 -1 -1 -1 -1 -1 -1 0 0 0 3
3 -1 -1 -1 -1 0 0 0 -1 -1 3
3 -1 -1 -1 -1 0 -1 -1 -1 -1 3
0 0 0 0 0 0 0 0 0 0 0
3 0 0 0 0 0 0 0 0 0 3
3 0 0 0 0 0 0 91 0 0 3
3 -1 -1 -1 -1 0 0 0 0 0 3
3 3 -1 0 0 0 0 0 0 3 3
3 3 3 3 3 0 3 3 3 3 3
19:03:45.600929 - stdout  :: 0 1
19:03:45.610884 - stdin   :: 15 15 1 1
21 8
15 33
7 40
15 15
3 3 3 3 3 -1 3 3 3 3 3
3 3 -1 -1 -1 -1 0 0 0 3 3
3 -1 -1 -1 0 0 0 -1 -1 -1 3
3 -1 -1 -1 0 -1 -1 -1 -1 -1 3
3 0 0 0 0 0 0 0 0 0 3
0 0 0 0 0 0 0 0 0 0 0
3 0 0 0 0 0 91 0 0 0 3
3 -1 -1 -1 0 0 0 0 0 0 3
3 -1 0 0 0 0 0 0 0 0 3
3 3 0 0 0 0 0 0 0 3 3
3 3 3 3 3 0 3 3 3 3 3
19:03:45.611915 - stdout  :: 0 -1
19:03:45.621439 - stdin   :: 16 15 1 0
22 7
14 33
7 39
16 15
3 3 3 3 3 -1 3 3 3 3 3
3 3 -1 -1 0 0 0 -1 -1 3 3
3 -1 -1 -1 0 -1 -1 -1 -1 -1 3
3 0 0 0 0 0 0 0 0 0 3
3 0 0 0 0 0 0 0 0 0 3
0 0 0 0 0 0 91 0 0 0 0
3 -1 -1 -1 0 0 0 0 0 0 3
3 -1 0 0 0 0 0 0 0 0 3
3 0 0 0 0 0 0 0 0 -1 3
3 3 0 0 0 0 -1 -1 -1 3 3
3 3 3 3 3 -1 3 3 3 3 3
19:03:45.622494 - stdout  :: 0 1
19:03:45.631927 - stdin   :: 17 16 1 1
23 6
13 32
7 38
17 16
3 3 3 3 3 0 3 3 3 3 3
3 3 -1 0 -1 -1 -1 -1 -1 3 3
3 0 0 0 0 0 0 0 0 -1 3
3 0 0 0 0 0 0 0 0 0 3
3 0 0 0 0 91 0 0 0 0 3
-1 -1 -1 0 0 0 0 0 0 0 -1
3 0 0 0 0 0 0 0 0 0 3
3 0 0 0 0 0 0 0 -1 -1 3
3 0 0 0 0 -1 -1 -1 -1 -1 3
3 3 0 -1 -1 -1 -1 -1 -1 3 3
3 3 3 3 3 -1 3 3 3 3 3
19:03:45.632989 - stdout  :: 0 -1
19:03:45.642057 - stdin   :: 18 16 1 0
24 5
12 31
7 37
18 16
3 3 3 3 3 -1 3 3 3 3 3
3 3 0 0 0 0 0 0 0 3 3
3 0 0 0 0 0 0 0 0 0 3
3 0 0 0 0 91 0 0 0 0 3
3 -1 -1 0 0 0 0 0 0 0 3
-1 0 0 0 0 0 0 0 0 0 -1
3 0 0 0 0 0 0 0 -1 -1 3
3 0 0 0 0 -1 -1 -1 -1 -1 3
3 0 0 -1 -1 -1 -1 -1 -1 -1 3
3 3 -1 -1 -1 -1 -1 -1 -1 3 3
3 3 3 3 3 -1 3 3 3 3 3
19:03:45.643205 - stdout  :: 0 -1
19:03:45.652096 - stdin   :: 19 15 1 -1
25 4
12 31
8 37
19 15
3 3 3 3 3 0 3 3 3 3 3
3 3 0 0 0 0 0 0 0 3 3
3 0 0 0 0 0 91 0 0 0 3
3 -1 -1 -1 0 0 0 0 0 0 3
3 -1 0 0 0 0 0 0 0 0 3
0 0 0 0 0 0 0 0 0 -1 -1
3 0 0 0 0 0 -1 -1 -1 -1 3
3 0 0 0 -1 -1 -1 -1 -1 -1 3
3 -1 -1 -1 -1 -1 -1 -1 -1 -1 3
3 3 -1 -1 -1 -1 -1 -1 -1 3 3
3 3 3 3 3 -1 3 3 3 3 3
19:03:45.653728 - stdout  :: 0 0
19:03:45.664883 - stdin   :: 20 14 1 -1
26 4
12 32
9 37
20 14
3 3 3 3 3 0 3 3 3 3 3
3 3 0 0 0 0 0 91 0 3 3
3 -1 -1 -1 -1 0 0 0 0 0 3
3 -1 -1 0 0 0 0 0 0 0 3
3 0 0 0 0 0 0 0 0 0 3
0 0 0 0 0 0 0 -1 -1 -1 -1
3 0 0 0 0 -1 -1 -1 -1 -1 3
3 -1 -1 -1 -1 -1 -1 -1 -1 -1 3
3 -1 -1 -1 -1 -1 -1 -1 -1 -1 3
3 3 -1 -1 -1 -1 -1 -1 -1 3 3
3 3 3 3 3 0 3 3 3 3 3
19:03:45.667062 - stdout  :: -1 0
19:03:45.677337 - stdin   :: 20 13 0 -1
27 5
12 33
10 37
20 13
3 3 3 3 3 0 3 3 3 3 3
3 3 0 0 0 0 0 0 91 3 3
3 -1 -1 -1 -1 -1 0 0 0 0 3
3 -1 -1 -1 0 0 0 0 0 0 3
3 0 0 0 0 0 0 0 0 0 3
0 0 0 0 0 0 0 0 -1 -1 -1
3 0 0 0 0 0 -1 -1 -1 -1 3
3 0 -1 -1 -1 -1 -1 -1 -1 -1 3
3 -1 -1 -1 -1 -1 -1 -1 -1 -1 3
3 3 -1 -1 -1 -1 -1 -1 -1 3 3
3 3 3 3 3 0 3 3 3 3 3
19:03:45.679209 - stdout  :: 0 0
19:03:45.689181 - stdin   :: 20 12 0 -1
28 6
12 34
10 36
20 12
3 3 3 3 3 0 3 3 3 3 3
3 3 0 0 0 0 0 0 0 3 3
3 -1 -1 -1 -1 -1 -1 0 0 0 3
3 -1 -1 -1 -1 0 0 0 0 0 3
3 0 0 0 0 0 0 0 0 0 3
0 0 0 0 0 0 0 0 0 -1 -1
3 0 0 0 0 0 0 -1 -1 -1 3
3 0 0 -1 -1 -1 -1 -1 -1 -1 3
3 0 -1 -1 -1 -1 -1 -1 -1 -1 3
3 3 -1 -1 -1 -1 -1 -1 -1 3 3
3 3 3 3 3 -1 3 3 3 3 3
19:03:45.691083 - stdout  :: 0 0
19:03:45.700652 - stdin   :: 20 11 0 -1
28 7
12 35
11 36
20 11
3 3 3 3 3 0 3 3 3 3 3
3 3 0 0 0 0 0 0 0 3 3
3 -1 -1 -1 -1 -1 -1 -1 0 0 3
3 -1 -1 -1 -1 -1 0 0 0 0 3
3 0 0 0 0 0 0 0 0 0 3
0 0 0 0 0 0 0 0 0 0 -1
3 0 0 0 0 0 0 0 -1 -1 3
3 0 0 0 -1 -1 -1 -1 -1 -1 3
3 0 0 -1 -1 -1 -1 -1 -1 -1 3
3 3 -1 -1 -1 -1 -1 -1 -1 3 3
3 3 3 3 3 -1 3 3 3 3 3
19:03:45.702395 - stdout  :: 1 0
19:03:45.711577 - stdin   :: 21 10 1 -1
29 8
13 35
11 35
21 10
3 3 3 3 3 0 3 3 3 3 3
3 3 -1 -1 -1 -1 -1 -1 -1 3 3
3 -1 -1 -1 -1 -1 -1 0 0 0 3
3 -1 0 0 0 0 0 0 0 0 3
3 0 0 0 0 0 0 0 0 0 3
0 0 0 0 0 0 0 0 0 -1 -1
3 0 0 0 0 -1 -1 -1 -1 -1 3
3 0 0 0 -1 -1 -1 -1 -1 -1 3
3 0 0 -1 -1 -1 -1 -1 -1 -1 3
3 3 -1 -1 -1 -1 -1 -1 0 3 3
3 3 3 3 3 0 3 3 3 3 3
19:03:45.712752 - stdout  :: 0 0
19:03:45.725542 - stdin   :: 22 9 1 -1
30 8
14 35
12 35
22 9
3 3 3 3 3 -1 3 3 3 3 3
3 3 -1 -1 -1 -1 -1 -1 0 3 3
3 -1 -1 0 0 0 0 0 0 0 3
3 -1 0 0 0 0 0 0 0 0 3
3 0 0 0 0 0 0 0 0 0 3
0 0 0 0 0 0 -1 -1 -1 -1 -1
3 0 0 0 0 -1 -1 -1 -1 -1 3
3 0 0 0 -1 -1 -1 -1 -1 -1 3
3 0 0 -1 -1 -1 -1 -1 -1 0 3
3 3 0 -1 -1 -1 0 0 0 3 3
3 3 3 3 3 0 3 3 3 3 3
19:03:45.727865 - stdout  :: 0 0
19:03:45.742865 - stdin   :: 23 8 1 -1
30 9
15 35
13 35
23 8
3 3 3 3 3 -1 3 3 3 3 3
3 3 -1 -1 0 0 0 0 0 3 3
3 -1 -1 0 0 0 0 0 0 0 3
3 -1 0 0 0 0 0 0 0 0 3
3 0 0 0 0 0 0 -1 -1 -1 3
-1 0 0 0 0 0 -1 -1 -1 -1 -1
3 0 0 0 0 -1 -1 -1 -1 -1 3
3 0 0 0 -1 -1 -1 -1 -1 -1 3
3 0 0 0 -1 -1 -1 0 0 0 3
3 3 0 0 -1 0 0 0 0 3 3
3 3 3 3 3 0 3 3 3 3 3
19:03:45.745081 - stdout  :: 0 0
19:03:45.760190 - stdin   :: 24 7 1 -1
29 10
16 35
14 35
24 7
3 3 3 3 3 0 3 3 3 3 3
3 3 -1 -1 0 0 0 0 0 3 3
3 -1 -1 0 0 0 0 0 0 0 3
3 -1 0 0 0 0 0 0 -1 -1 3
3 -1 0 0 0 0 0 -1 -1 -1 3
-1 0 0 0 0 0 -1 -1 -1 -1 -1
3 0 0 0 0 -1 -1 -1 -1 -1 3
3 0 0 0 0 -1 -1 -1 0 0 3
3 0 0 0 0 -1 0 0 0 0 3
3 3 0 0 0 0 0 0 0 3 3
3 3 3 3 3 91 3 3 3 3 3
19:03:45.761616 - stdout  :: 0 0
19:03:45.772350 - stdin   :: 25 6 1 -1
28 11
16 36
14 36
25 6
3 3 3 3 3 0 3 3 3 3 3
3 3 -1 -1 0 0 0 0 0 3 3
3 -1 -1 0 0 0 0 0 0 -1 3
3 -1 -1 0 0 0 0 0 -1 -1 3
3 -1 0 0 0 0 0 -1 -1 -1 3
-1 -1 0 0 0 0 -1 -1 -1 -1 -1
3 -1 0 0 0 0 -1 -1 -1 0 3
3 -1 0 0 0 0 -1 0 0 0 3
3 -1 0 0 0 0 0 0 0 0 3
3 3 0 0 0 0 91 0 0 3 3
3 3 3 3 3 0 3 3 3 3 3
19:03:45.773653 - stdout  :: 0 1
19:03:45.784254 - stdin   :: 26 6 1 0
27 12
16 37
14 37
26 6
3 3 3 3 3 0 3 3 3 3 3
3 3 -1 0 0 0 0 0 0 3 3
3 -1 -1 0 0 0 0 0 -1 -1 3
3 -1 0 0 0 0 0 -1 -1 -1 3
3 -1 0 0 0 0 -1 -1 -1 -1 3
-1 -1 0 0 0 0 -1 -1 -1 0 0
3 -1 0 0 0 0 -1 0 0 0 3
3 -1 0 0 0 0 0 0 0 0 3
3 -1 0 0 0 0 91 0 0 0 3
3 3 -1 0 0 0 0 0 0 3 3
3 3 3 3 3 0 3 3 3 3 3
19:03:45.785524 - stdout  :: 0 0
19:03:45.797145 - stdin   :: 27 6 1 0
26 13
16 38
14 38
27 6
3 3 3 3 3 0 3 3 3 3 3
3 3 -1 0 0 0 0 0 -1 3 3
3 -1 0 0 0 0 0 -1 -1 -1 3
3 -1 0 0 0 0 -1 -1 -1 -1 3
3 -1 0 0 0 0 -1 -1 -1 0 3
-1 -1 0 0 0 0 -1 0 0 0 0
3 -1 0 0 0 0 0 0 0 0 3
3 -1 0 0 0 0 91 0 0 0 3
3 -1 -1 0 0 0 0 0 0 0 3
3 3 -1 0 0 0 -1 -1 0 3 3
3 3 3 3 3 0 3 3 3 3 3
19:03:45.798813 - stdout  :: 0 1
19:03:45.809897 - stdin   :: 28 7 1 1
25 14
16 39
14 39
28 7
3 3 3 3 3 0 3 3 3 3 3
3 3 0 0 0 0 -1 -1 -1 3 3
3 0 0 0 0 -1 -1 -1 -1 -1 3
3 0 0 0 0 -1 -1 -1 0 0 3
3 0 0 0 0 -1 0 0 0 0 3
-1 0 0 0 0 0 0 0 0 0 0
3 0 0 0 0 91 0 0 0 0 3
3 -1 0 0 0 0 0 0 0 -1 3
3 -1 0 0 0 -1 -1 0 0 0 3
3 3 -1 0 0 0 0 -1 -1 3 3
3 3 3 3 3 0 3 3 3 3 3
19:03:45.810808 - stdout  :: -1 0
19:03:45.821585 - stdin   :: 28 8 0 1
25 15
16 40
14 40
28 8
3 3 3 3 3 0 3 3 3 3 3
3 3 0 0 0 -1 -1 -1 -1 3 3
3 0 0 0 -1 -1 -1 -1 -1 -1 3
3 0 0 0 -1 -1 -1 0 0 0 3
3 0 0 0 -1 0 0 0 0 0 3
0 0 0 0 0 0 0 0 0 0 0
3 0 0 0 91 0 0 0 0 0 3
3 0 0 0 0 0 0 0 -1 -1 3
3 0 0 0 -1 -1 0 0 0 0 3
3 3 0 0 0 0 -1 -1 -1 3 3
3 3 3 3 3 0 3 3 3 3 3
19:03:45.822508 - stdout  :: -1 0
19:03:45.833040 - stdin   :: 27 9 -1 1
26 16
15 41
14 41
27 9
3 3 3 3 3 0 3 3 3 3 3
3 3 0 0 0 -1 -1 -1 -1 3 3
3 0 0 0 -1 -1 -1 -1 -1 -1 3
3 0 0 -1 -1 -1 -1 -1 -1 0 3
3 0 0 -1 -1 -1 0 0 0 0 3
0 0 0 -1 0 0 0 0 0 0 0
3 0 0 0 0 0 0 0 0 0 3
3 0 0 91 0 0 0 0 0 -1 3
3 0 0 0 0 0 0 -1 -1 -1 3
3 3 0 -1 -1 0 0 0 0 3 3
3 3 3 3 3 -1 3 3 3 3 3
19:03:45.833806 - stdout  :: 0 0
19:03:45.844930 - stdin   :: 26 10 -1 1
26 17
14 42
15 42
26 10
3 3 3 3 3 0 3 3 3 3 3
3 3 0 0 0 -1 -1 -1 -1 3 3
3 0 0 0 -1 -1 -1 -1 -1 -1 3
3 0 0 -1 -1 -1 -1 -1 -1 -1 3
3 0 -1 -1 -1 -1 -1 -1 0 0 3
0 0 -1 -1 -1 0 0 0 0 0 0
3 0 -1 0 0 0 0 0 0 0 3
3 0 0 0 0 0 0 0 0 0 3
3 0 91 0 0 0 0 0 -1 -1 3
3 3 0 0 0 0 -1 -1 -1 3 3
3 3 3 3 3 0 3 3 3 3 3
19:03:45.845863 - stdout  :: 1 0
19:03:45.858735 - stdin   :: 26 11 0 1
27 18
14 43
15 43
26 11
3 3 3 3 3 0 3 3 3 3 3
3 3 0 0 -1 -1 -1 -1 -1 3 3
3 0 0 -1 -1 -1 -1 -1 -1 -1 3
3 0 -1 -1 -1 -1 -1 -1 -1 -1 3
3 -1 -1 -1 -1 -1 -1 0 0 0 3
0 -1 -1 -1 0 0 0 0 0 0 0
3 -1 0 0 0 0 0 0 0 0 3
3 0 0 0 0 0 0 0 0 0 3
3 91 0 0 0 0 0 -1 -1 -1 3
3 3 0 0 0 -1 -1 -1 -1 3 3
3 3 3 3 3 0 3 3 3 3 3
19:03:45.859651 - stdout  :: 0 0
19:03:45.871170 - stdin   :: 26 12 0 1
28 19
15 44
16 44
26 12
3 3 3 3 3 0 3 3 3 3 3
3 3 0 -1 -1 -1 -1 -1 -1 3 3
3 0 -1 -1 -1 -1 -1 -1 -1 -1 3
3 -1 -1 -1 -1 -1 -1 -1 -1 -1 3
3 -1 -1 -1 -1 -1 0 0 0 0 3
-1 -1 -1 0 0 0 0 0 0 0 0
3 0 0 0 0 0 0 0 0 0 3
3 0 0 0 0 0 0 0 0 -1 3
3 0 0 0 0 0 -1 -1 -1 -1 3
3 3 0 0 -1 -1 -1 -1 -1 3 3
3 3 3 3 3 0 3 3 3 3 3
19:03:45.872064 - stdout  :: -1 0
19:03:45.883226 - stdin   :: 25 13 -1 1
28 20
17 44
16 44
25 13
3 3 3 3 3 0 3 3 3 3 3
3 3 0 0 0 0 -1 -1 -1 3 3
3 0 -1 -1 -1 -1 -1 -1 -1 -1 3
3 -1 -1 -1 -1 -1 -1 -1 -1 -1 3
3 -1 -1 -1 -1 -1 -1 -1 -1 -1 3
-1 -1 -1 -1 -1 0 0 0 0 0 0
3 -1 0 0 0 0 0 0 0 0 3
3 0 0 0 0 0 0 0 0 0 3
3 0 0 0 0 0 0 0 -1 -1 3
3 3 0 0 0 -1 -1 -1 -1 3 3
3 3 3 3 3 -1 3 3 3 3 3
19:03:45.884011 - stdout  :: 1 0
19:03:45.894375 - stdin   :: 25 14 0 1
29 21
19 44
17 44
25 14
3 3 3 3 3 0 3 3 3 3 3
3 3 0 0 0 -1 -1 -1 -1 3 3
3 -1 -1 -1 -1 -1 -1 -1 -1 -1 3
3 -1 -1 -1 -1 -1 -1 -1 -1 -1 3
3 -1 -1 -1 -1 -1 -1 -1 -1 -1 3
-1 -1 -1 -1 0 0 0 0 0 0 0
3 0 0 0 0 0 0 0 0 0 3
3 0 0 0 0 0 0 0 0 0 3
3 0 0 0 0 0 0 -1 -1 0 3
3 3 0 0 -1 -1 -1 -1 -1 3 3
3 3 3 3 3 -1 3 3 3 3 3
19:03:45.895066 - stdout  :: 0 0
19:03:45.906388 - stdin   :: 25 15 0 1
30 22
22 43
18 44
25 15
3 3 3 3 3 0 3 3 3 3 3
3 3 0 0 -1 -1 -1 -1 -1 3 3
3 -1 -1 -1 -1 -1 -1 -1 -1 -1 3
3 -1 -1 -1 -1 -1 -1 -1 -1 -1 3
3 -1 -1 -1 -1 -1 -1 -1 -1 -1 3
-1 -1 -1 0 0 0 0 0 0 0 0
3 0 0 0 0 0 0 0 0 0 3
3 0 0 0 0 0 0 0 0 0 3
3 0 0 0 0 0 -1 -1 0 0 3
3 3 0 -1 -1 -1 -1 -1 -1 3 3
3 3 3 3 3 -1 3 3 3 3 3
19:03:45.907190 - stdout  :: 0 0
19:03:45.918558 - stdin   :: 25 16 0 1
31 23
22 43
19 44
25 16
3 3 3 3 3 -1 3 3 3 3 3
3 3 0 -1 -1 -1 -1 -1 -1 3 3
3 -1 -1 -1 -1 -1 -1 -1 -1 -1 3
3 -1 -1 -1 -1 -1 -1 -1 -1 -1 3
3 -1 -1 -1 -1 -1 -1 -1 -1 -1 3
-1 -1 0 0 0 0 0 0 0 0 -1
3 0 0 0 0 0 0 0 0 0 3
3 0 0 0 0 0 0 0 0 0 3
3 0 0 0 0 -1 -1 0 0 0 3
3 3 -1 -1 -1 -1 -1 -1 -1 3 3
3 3 3 3 3 -1 3 3 3 3 3
19:03:45.919294 - stdout  :: 0 0
19:03:45.929238 - stdin   :: 25 17 0 1
32 24
22 43
20 44
25 17
3 3 3 3 3 -1 3 3 3 3 3
3 3 -1 -1 -1 -1 -1 -1 -1 3 3
3 -1 -1 -1 -1 -1 -1 -1 -1 -1 3
3 -1 -1 -1 -1 -1 -1 -1 -1 -1 3
3 -1 -1 -1 -1 -1 -1 -1 -1 -1 3
-1 0 0 0 0 0 0 0 0 -1 -1
3 0 0 0 0 0 0 0 0 0 3
3 0 0 0 0 0 0 0 0 0 3
3 0 0 0 -1 -1 0 0 0 0 3
3 3 -1 -1 -1 -1 -1 -1 0 3 3
3 3 3 3 3 -1 3 3 3 3 3
19:03:45.930030 - stdout  :: 0 0
19:03:45.941686 - stdin   :: 25 18 0 1
33 25
22 43
20 43
25 18
3 3 3 3 3 -1 3 3 3 3 3
3 3 -1 -1 -1 -1 -1 -1 -1 3 3
3 -1 -1 -1 -1 -1 -1 -1 -1 -1 3
3 -1 -1 -1 -1 -1 -1 -1 -1 -1 3
3 -1 -1 -1 -1 -1 -1 -1 -1 -1 3
0 0 0 0 0 0 0 0 -1 -1 -1
3 0 0 0 0 0 0 0 0 -1 3
3 0 0 0 0 0 0 0 0 0 3
3 0 0 -1 -1 0 0 0 0 0 3
3 3 -1 -1 -1 -1 -1 0 0 3 3
3 3 3 3 3 -1 3 3 3 3 3
19:03:45.942441 - stdout  :: 0 0
19:03:45.952372 - stdin   :: 25 19 0 1
33 26
22 43
21 43
25 19
3 3 3 3 3 -1 3 3 3 3 3
3 3 -1 -1 -1 -1 -1 -1 -1 3 3
3 -1 -1 -1 -1 -1 -1 -1 -1 -1 3
3 -1 -1 -1 -1 -1 -1 -1 -1 -1 3
3 -1 -1 -1 -1 -1 -1 -1 -1 -1 3
0 0 0 0 0 0 0 -1 -1 -1 -1
3 0 0 0 0 0 0 0 -1 -1 3
3 0 0 0 0 0 0 0 0 0 3
3 0 -1 -1 0 0 0 0 0 0 3
3 3 -1 -1 -1 -1 0 0 91 3 3
3 3 3 3 3 -1 3 3 3 3 3
19:03:45.953079 - stdout  :: 0 0
19:03:45.963082 - stdin   :: 25 20 0 1
32 27
22 43
22 42
25 20
3 3 3 3 3 -1 3 3 3 3 3
3 3 -1 -1 -1 -1 -1 -1 -1 3 3
3 -1 -1 -1 -1 -1 -1 -1 -1 -1 3
3 -1 -1 -1 -1 -1 -1 -1 -1 -1 3
3 -1 -1 -1 -1 -1 -1 -1 -1 -1 3
0 0 0 0 0 0 -1 -1 -1 -1 -1
3 0 0 0 0 0 0 -1 -1 -1 3
3 0 0 0 0 0 0 0 0 -1 3
3 -1 -1 0 0 0 0 0 0 0 3
3 3 -1 -1 -1 0 0 91 0 3 3
3 3 3 3 3 -1 3 3 3 3 3
19:03:45.963829 - stdout  :: 1 0
19:03:45.974235 - stdin   :: 26 21 1 1
31 28
22 43
22 42
26 21
3 3 3 3 3 -1 3 3 3 3 3
3 3 -1 -1 -1 -1 -1 -1 -1 3 3
3 -1 -1 -1 -1 -1 -1 -1 -1 -1 3
3 -1 -1 -1 -1 -1 -1 -1 -1 -1 3
3 0 0 0 0 -1 -1 -1 -1 -1 3
0 0 0 0 0 0 -1 -1 -1 -1 -1
3 0 0 0 0 0 0 0 -1 -1 3
3 -1 0 0 0 0 0 0 0 -1 3
3 -1 -1 -1 0 0 91 0 0 0 3
3 3 -1 -1 -1 0 0 0 0 3 3
3 3 3 3 3 -1 3 3 3 3 3
19:03:45.975020 - stdout  :: 0 0
19:03:45.986390 - stdin   :: 27 22 1 1
30 29
21 43
22 43
27 22
3 3 3 3 3 -1 3 3 3 3 3
3 3 -1 -1 -1 -1 -1 -1 -1 3 3
3 -1 -1 -1 -1 -1 -1 -1 -1 -1 3
3 0 0 0 -1 -1 -1 -1 -1 -1 3
3 0 0 0 0 -1 -1 -1 -1 -1 3
0 0 0 0 0 0 0 -1 -1 -1 -1
3 0 0 0 0 0 0 0 -1 -1 3
3 -1 -1 0 0 91 0 0 0 0 3
3 -1 -1 -1 0 0 0 0 0 0 3
3 3 -1 -1 -1 -1 0 0 0 3 3
3 3 3 3 3 -1 3 3 3 3 3
19:03:45.987035 - stdout  :: -1 0
19:03:45.998215 - stdin   :: 27 23 0 1
30 29
20 43
21 43
27 23
3 3 3 3 3 -1 3 3 3 3 3
3 3 -1 -1 -1 -1 -1 -1 -1 3 3
3 -1 -1 -1 -1 -1 -1 -1 -1 -1 3
3 0 0 -1 -1 -1 -1 -1 -1 -1 3
3 0 0 0 -1 -1 -1 -1 -1 -1 3
0 0 0 0 0 0 -1 -1 -1 -1 -1
3 0 0 0 0 0 0 -1 -1 -1 3
3 -1 0 0 91 0 0 0 0 -1 3
3 -1 -1 0 0 0 0 0 0 0 3
3 3 -1 -1 -1 0 0 0 0 3 3
3 3 3 3 3 -1 3 3 3 3 3
19:03:45.998877 - stdout  :: 1 0
19:03:46.008421 - stdin   :: 28 24 1 1
30 29
19 43
21 42
28 24
3 3 3 3 3 -1 3 3 3 3 3
3 3 -1 -1 -1 -1 -1 -1 -1 3 3
3 0 -1 -1 -1 -1 -1 -1 -1 -1 3
3 0 0 -1 -1 -1 -1 -1 -1 -1 3
3 0 0 0 0 -1 -1 -1 -1 -1 3
0 0 0 0 0 0 -1 -1 -1 -1 -1
3 0 0 91 0 0 0 0 -1 0 3
3 -1 0 0 0 0 0 0 0 0 3
3 -1 -1 -1 0 0 0 0 0 0 3
3 3 -1 -1 -1 0 0 0 0 3 3
3 3 3 3 3 0 3 3 3 3 3
19:03:46.008998 - stdout  :: 0 0
19:03:46.018428 - stdin   :: 29 25 1 1
30 29
18 43
20 42
29 25
3 3 3 3 3 -1 3 3 3 3 3
3 3 -1 -1 -1 -1 -1 -1 -1 3 3
3 0 -1 -1 -1 -1 -1 -1 -1 -1 3
3 0 0 0 -1 -1 -1 -1 -1 -1 3
3 0 0 0 0 -1 -1 -1 -1 -1 3
0 0 91 0 0 0 0 -1 0 0 0
3 0 0 0 0 0 0 0 0 0 3
3 -1 -1 0 0 0 0 0 0 0 3
3 -1 -1 -1 0 0 0 0 0 0 3
3 3 0 0 0 0 0 0 0 3 3
3 3 3 3 3 0 3 3 3 3 3
19:03:46.018966 - stdout  :: -1 0
19:03:46.028831 - stdin   :: 29 26 0 1
30 29
17 43
20 41
29 26
3 3 3 3 3 -1 3 3 3 3 3
3 3 -1 -1 -1 -1 -1 -1 -1 3 3
3 -1 -1 -1 -1 -1 -1 -1 -1 -1 3
3 0 0 -1 -1 -1 -1 -1 -1 -1 3
3 0 0 0 -1 -1 -1 -1 -1 0 3
0 91 0 0 0 0 -1 0 0 0 0
3 0 0 0 0 0 0 0 0 -1 3
3 -1 0 0 0 0 0 0 0 0 3
3 -1 -1 0 0 0 0 0 0 0 3
3 3 0 0 0 0 0 0 91 3 3
3 3 3 3 3 0 3 3 3 3 3
19:03:46.029493 - stdout  :: 1 0
19:03:46.039237 - stdin   :: 30 27 1 1
30 29
16 43
21 41
30 27
3 3 3 3 3 -1 3 3 3 3 3
3 3 -1 -1 -1 -1 -1 -1 -1 3 3
3 0 -1 -1 -1 -1 -1 -1 -1 -1 3
3 0 0 -1 -1 -1 -1 -1 0 0 3
3 0 0 0 0 -1 0 0 0 0 3
0 0 0 0 0 0 0 0 -1 -1 -1
3 0 0 0 0 0 0 0 0 0 3
3 -1 0 0 0 0 0 0 0 0 3
3 0 0 0 0 0 0 91 91 91 3
3 3 -1 0 0 0 0 0 0 3 3
3 3 3 3 3 0 3 3 3 3 3
19:03:46.039901 - stdout  :: -1 0
19:03:46.050150 - stdin   :: 30 28 0 1
30 29
15 43
22 41
30 28
3 3 3 3 3 -1 3 3 3 3 3
3 3 -1 -1 -1 -1 -1 -1 -1 3 3
3 -1 -1 -1 -1 -1 -1 -1 -1 -1 3
3 0 -1 -1 -1 -1 -1 0 0 0 3
3 0 0 0 -1 0 0 0 0 -1 3
0 0 0 0 0 0 0 -1 -1 -1 -1
3 0 0 0 0 0 0 0 0 0 3
3 0 0 0 0 0 0 0 0 0 3
3 0 0 0 0 0 91 91 91 0 3
3 3 0 0 0 0 0 0 0 3 3
3 3 3 3 3 0 3 3 3 3 3
19:03:46.050691 - stdout  :: -1 0
19:03:46.062642 - stdin   :: 29 29 -1 1
31 30
15 44
22 40
29 29
3 3 3 3 3 -1 3 3 3 3 3
3 3 -1 -1 -1 -1 -1 -1 -1 3 3
3 -1 -1 -1 -1 -1 -1 -1 -1 -1 3
3 -1 -1 -1 -1 -1 -1 -1 -1 0 3
3 -1 -1 -1 -1 -1 0 0 0 0 3
0 0 0 -1 0 0 0 0 -1 -1 -1
3 0 0 0 0 0 -1 -1 -1 -1 3
3 0 0 0 0 0 0 0 0 -1 3
3 0 0 0 0 0 0 0 0 0 3
3 3 0 0 0 91 91 91 0 3 3
3 3 3 3 3 0 3 3 3 3 3
19:03:46.063254 - stdout  :: 0 0
19:03:46.075082 - stdin   :: 28 30 -1 1
32 31
16 44
21 40
28 30
3 3 3 3 3 -1 3 3 3 3 3
3 3 -1 -1 -1 -1 -1 -1 -1 3 3
3 -1 -1 -1 -1 -1 -1 -1 -1 -1 3
3 -1 -1 -1 -1 -1 -1 -1 -1 0 3
3 -1 -1 -1 -1 -1 -1 -1 0 0 3
-1 -1 -1 -1 -1 0 0 0 0 0 0
3 0 -1 0 0 0 0 -1 -1 -1 3
3 0 0 0 0 -1 -1 -1 -1 -1 3
3 0 0 0 0 0 0 0 -1 -1 3
3 3 0 0 0 0 0 0 0 3 3
3 3 3 3 3 91 3 3 3 3 3
19:03:46.075616 - stdout  :: 1 0
19:03:46.087589 - stdin   :: 28 31 0 1
32 32
17 44
20 40
28 31
3 3 3 3 3 -1 3 3 3 3 3
3 3 -1 -1 -1 -1 -1 -1 -1 3 3
3 -1 -1 -1 -1 -1 -1 -1 -1 -1 3
3 -1 -1 -1 -1 -1 -1 -1 0 0 3
3 -1 -1 -1 -1 -1 -1 0 0 0 3
-1 -1 -1 -1 0 0 0 0 0 0 -1
3 -1 0 0 0 0 -1 -1 -1 -1 3
3 0 0 0 -1 -1 -1 -1 -1 -1 3
3 0 0 0 0 0 0 -1 -1 -1 3
3 3 0 0 0 0 0 0 0 3 3
3 3 3 3 3 91 3 3 3 3 3
19:03:46.088322 - stdout  :: 0 0
19:03:46.099799 - stdin   :: 28 32 0 1
32 33
18 44
20 39
28 32
3 3 3 3 3 -1 3 3 3 3 3
3 3 -1 -1 -1 -1 -1 -1 -1 3 3
3 -1 -1 -1 -1 -1 -1 -1 -1 -1 3
3 -1 -1 -1 -1 -1 -1 0 0 0 3
3 -1 -1 -1 -1 -1 0 0 0 0 3
-1 -1 -1 0 0 0 0 0 0 -1 -1
3 0 0 0 0 -1 -1 -1 -1 -1 3
3 0 0 -1 -1 -1 -1 -1 -1 -1 3
3 0 0 0 0 0 -1 -1 -1 -1 3
3 3 0 0 0 0 0 0 0 3 3
3 3 3 3 3 0 3 3 3 3 3
19:03:46.100372 - stdout  :: -1 0
19:03:46.114586 - stdin   :: 27 33 -1 1
32 34
19 44
19 39
27 33
3 3 3 3 3 0 3 3 3 3 3
3 3 -1 -1 -1 0 0 0 0 3 3
3 -1 -1 -1 -1 -1 -1 -1 -1 -1 3
3 -1 -1 -1 -1 -1 -1 -1 -1 -1 3
3 -1 -1 -1 -1 -1 0 0 0 0 3
-1 -1 -1 -1 -1 0 0 0 0 0 0
3 -1 0 0 0 0 0 0 -1 -1 3
3 0 0 0 -1 -1 -1 -1 -1 -1 3
3 0 -1 -1 -1 -1 -1 -1 -1 -1 3
3 3 0 0 0 -1 -1 -1 -1 3 3
3 3 3 3 3 0 3 3 3 3 3
19:03:46.115358 - stdout  :: 0 0
19:03:46.127786 - stdin   :: 26 34 -1 1
32 35
20 44
19 39
26 34
3 3 3 3 3 0 3 3 3 3 3
3 3 0 0 0 0 0 0 0 3 3
3 -1 -1 -1 0 0 0 0 0 0 3
3 -1 -1 -1 -1 -1 -1 -1 -1 -1 3
3 -1 -1 -1 -1 -1 -1 -1 -1 -1 3
-1 -1 -1 -1 -1 0 0 0 0 0 0
3 -1 -1 -1 0 0 0 0 0 0 3
3 0 0 0 0 0 0 -1 -1 -1 3
3 0 0 -1 -1 -1 -1 -1 -1 -1 3
3 3 -1 -1 -1 -1 -1 -1 -1 3 3
3 3 3 3 3 -1 3 3 3 3 3
19:03:46.128430 - stdout  :: 1 0
19:03:46.142898 - stdin   :: 26 35 0 1
32 36
22 43
20 39
26 35
3 3 3 3 3 0 3 3 3 3 3
3 3 0 0 0 0 0 0 0 3 3
3 -1 -1 0 0 0 0 0 0 0 3
3 -1 -1 -1 -1 -1 -1 -1 -1 -1 3
3 -1 -1 -1 -1 -1 -1 -1 -1 -1 3
-1 -1 -1 -1 0 0 0 0 0 0 0
3 -1 -1 0 0 0 0 0 0 0 3
3 0 0 0 0 0 -1 -1 -1 -1 3
3 0 -1 -1 -1 -1 -1 -1 -1 -1 3
3 3 -1 -1 -1 -1 -1 -1 -1 3 3
3 3 3 3 3 -1 3 3 3 3 3
19:03:46.143592 - stdout  :: 0 0
19:03:46.157627 - stdin   :: 26 36 0 1
32 37
22 43
21 39
26 36
3 3 3 3 3 0 3 3 3 3 3
3 3 0 0 0 0 0 0 0 3 3
3 -1 0 0 0 0 0 0 0 0 3
3 -1 -1 -1 -1 -1 -1 -1 -1 -1 3
3 -1 -1 -1 -1 -1 -1 -1 -1 -1 3
-1 -1 -1 0 0 0 0 0 0 0 0
3 -1 0 0 0 0 0 0 0 0 3
3 0 0 0 0 -1 -1 -1 -1 -1 3
3 -1 -1 -1 -1 -1 -1 -1 -1 -1 3
3 3 -1 -1 -1 -1 -1 -1 -1 3 3
3 3 3 3 3 -1 3 3 3 3 3
19:03:46.158320 - stdout  :: 0 0
19:03:46.169387 - stdin   :: 26 37 0 1
32 38
22 43
22 39
26 37
3 3 3 3 3 0 3 3 3 3 3
3 3 0 0 0 0 0 0 0 3 3
3 0 0 0 0 0 0 0 0 -1 3
3 -1 -1 -1 -1 -1 -1 -1 -1 -1 3
3 -1 -1 -1 -1 -1 -1 -1 -1 -1 3
-1 -1 0 0 0 0 0 0 0 0 -1
3 0 0 0 0 0 0 0 0 0 3
3 0 0 0 -1 -1 -1 -1 -1 0 3
3 -1 -1 -1 -1 -1 -1 -1 -1 -1 3
3 3 -1 -1 -1 -1 -1 -1 -1 3 3
3 3 3 3 3 -1 3 3 3 3 3
19:03:46.169992 - stdout  :: 0 0
19:03:46.181049 - stdin   :: 26 38 0 1
31 39
22 43
23 39
26 38
3 3 3 3 3 0 3 3 3 3 3
3 3 0 0 0 0 0 0 0 3 3
3 0 0 0 0 0 0 0 -1 -1 3
3 -1 -1 -1 -1 -1 -1 -1 -1 -1 3
3 -1 -1 -1 -1 -1 -1 -1 -1 -1 3
-1 0 0 0 0 0 0 0 0 -1 -1
3 0 0 0 0 0 0 0 0 0 3
3 0 0 -1 -1 -1 -1 -1 0 0 3
3 -1 -1 -1 -1 -1 -1 -1 -1 0 3
3 3 -1 -1 -1 -1 -1 -1 0 3 3
3 3 3 3 3 -1 3 3 3 3 3
19:03:46.181597 - stdout  :: 0 0
19:03:46.192219 - stdin   :: 26 39 0 1
31 40
22 43
23 40
26 39
3 3 3 3 3 0 3 3 3 3 3
3 3 0 0 0 0 0 0 0 3 3
3 0 0 0 0 0 0 -1 -1 -1 3
3 -1 -1 -1 -1 -1 -1 -1 -1 -1 3
3 -1 -1 -1 -1 -1 -1 -1 -1 -1 3
0 0 0 0 0 0 0 0 -1 -1 -1
3 0 0 0 0 0 0 0 0 0 3
3 0 -1 -1 -1 -1 -1 0 0 0 3
3 -1 -1 -1 -1 -1 -1 -1 0 0 3
3 3 -1 -1 -1 -1 -1 0 0 3 3
3 3 3 3 3 0 3 3 3 3 3
19:03:46.192980 - stdout  :: 0 0
19:03:46.204350 - stdin   :: 26 40 0 1
30 41
22 43
23 40
26 40
3 3 3 3 3 0 3 3 3 3 3
3 3 0 0 0 0 0 0 0 3 3
3 0 0 0 0 0 -1 -1 -1 -1 3
3 -1 -1 -1 -1 -1 -1 -1 -1 -1 3
3 -1 -1 -1 -1 -1 -1 -1 -1 -1 3
0 0 0 0 0 0 0 -1 -1 -1 -1
3 0 0 0 0 0 0 0 0 -1 3
3 -1 -1 -1 -1 -1 0 0 0 0 3
3 -1 -1 -1 -1 -1 -1 0 0 0 3
3 3 -1 -1 -1 -1 0 0 0 3 3
3 3 3 3 3 0 3 3 3 3 3
19:03:46.204883 - stdout  :: 0 0
19:03:46.215202 - stdin   :: 26 41 0 1
29 42
22 43
23 39
26 41
3 3 3 3 3 0 3 3 3 3 3
3 3 0 0 0 0 0 0 -1 3 3
3 0 0 0 0 -1 -1 -1 -1 -1 3
3 -1 -1 -1 -1 -1 -1 -1 -1 -1 3
3 -1 -1 -1 -1 -1 -1 -1 -1 -1 3
0 0 0 0 0 0 -1 -1 -1 -1 -1
3 0 0 0 0 0 0 0 -1 -1 3
3 -1 -1 -1 -1 0 0 0 0 0 3
3 -1 -1 -1 -1 -1 0 0 0 92 3
3 3 -1 -1 -1 0 0 0 0 3 3
3 3 3 3 3 0 3 3 3 3 3
19:03:46.215683 - stdout  :: 1 0
19:03:46.227404 - stdin   :: 27 42 1 1
29 43
22 42
23 38
27 42
3 3 3 3 3 0 3 3 3 3 3
3 3 0 0 -1 -1 -1 -1 -1 3 3
3 -1 -1 -1 -1 -1 -1 -1 -1 -1 3
3 -1 -1 -1 -1 -1 -1 -1 -1 -1 3
3 0 0 0 0 -1 -1 -1 -1 -1 3
0 0 0 0 0 0 0 -1 -1 -1 -1
3 -1 -1 -1 0 0 0 0 0 -1 3
3 -1 -1 -1 -1 0 0 0 92 92 3
3 -1 -1 -1 0 0 0 0 92 92 3
3 3 0 0 0 0 0 0 92 3 3
3 3 3 3 3 0 3 3 3 3 3
19:03:46.227943 - stdout  :: 0 0
19:03:46.239981 - stdin   :: 28 43 1 1
29 43
22 41
22 38
28 43
3 3 3 3 3 -1 3 3 3 3 3
3 3 -1 -1 -1 -1 -1 -1 -1 3 3
3 -1 -1 -1 -1 -1 -1 -1 -1 -1 3
3 0 0 0 -1 -1 -1 -1 -1 -1 3
3 0 0 0 0 0 -1 -1 -1 -1 3
-1 -1 -1 0 0 0 0 0 -1 -1 -1
3 -1 -1 -1 0 0 0 92 92 92 3
3 -1 -1 0 0 0 0 92 92 92 3
3 0 0 0 0 0 0 92 92 92 3
3 3 0 0 0 0 0 0 -1 3 3
3 3 3 3 3 0 3 3 3 3 3
19:03:46.240537 - stdout  :: 0 0
19:03:46.253097 - stdin   :: 29 44 1 1
29 42
21 40
21 38
29 44
3 3 3 3 3 -1 3 3 3 3 3
3 3 -1 -1 -1 -1 -1 -1 -1 3 3
3 0 0 -1 -1 -1 -1 -1 -1 -1 3
3 0 0 0 0 -1 -1 -1 -1 -1 3
3 -1 0 0 0 0 0 -1 -1 -1 3
-1 -1 -1 0 0 0 92 92 92 92 92
3 -1 0 0 0 0 92 92 92 92 3
3 0 0 0 0 0 92 92 92 92 3
3 0 0 0 0 0 0 -1 -1 -1 3
3 3 0 0 0 -1 -1 -1 -1 3 3
3 3 3 3 3 -1 3 3 3 3 3
19:03:46.253755 - stdout  :: 0 -1
19:03:46.266179 - stdin   :: 30 44 1 0
30 41
20 39
20 38
30 44
3 3 3 3 3 -1 3 3 3 3 3
3 3 0 -1 -1 -1 -1 -1 -1 3 3
3 0 0 0 0 -1 -1 -1 -1 -1 3
3 -1 0 0 0 0 0 -1 -1 -1 3
3 -1 -1 0 0 0 92 92 92 92 3
-1 -1 0 0 0 0 92 92 92 92 92
3 0 0 0 0 0 92 92 92 92 3
3 0 0 0 0 0 0 -1 -1 -1 3
3 0 0 0 0 -1 -1 -1 -1 -1 3
3 3 0 -1 -1 -1 -1 -1 -1 3 3
3 3 3 3 3 -1 3 3 3 3 3
19:03:46.266855 - stdout  :: 0 0
19:03:46.279832 - stdin   :: 31 44 1 0
31 40
19 39
20 38
31 44
3 3 3 3 3 -1 3 3 3 3 3
3 3 0 0 0 -1 -1 -1 -1 3 3
3 -1 0 0 0 0 0 -1 -1 -1 3
3 -1 -1 0 0 0 92 92 92 92 3
3 -1 0 0 0 0 92 92 92 92 3
0 0 0 0 0 0 92 92 92 92 92
3 0 0 0 0 0 0 -1 -1 -1 3
3 0 0 0 0 -1 -1 -1 -1 -1 3
3 0 0 -1 -1 -1 -1 -1 -1 -1 3
3 3 -1 -1 -1 -1 -1 -1 -1 3 3
3 3 3 3 3 -1 3 3 3 3 3
19:03:46.280572 - stdout  :: 0 -1
19:03:46.293366 - stdin   :: 32 43 1 -1
31 39
18 40
21 38
32 43
3 3 3 3 3 0 3 3 3 3 3
3 3 -1 0 0 0 0 0 -1 3 3
3 -1 -1 -1 0 0 0 92 92 92 3
3 -1 -1 0 0 0 0 92 92 92 3
3 0 0 0 0 0 0 92 92 92 3
0 0 0 0 0 0 0 0 -1 -1 -1
3 0 0 0 0 0 -1 -1 -1 -1 3
3 0 0 0 -1 -1 -1 -1 -1 -1 3
3 -1 -1 -1 -1 -1 -1 -1 -1 -1 3
3 3 -1 -1 -1 -1 -1 -1 -1 3 3
3 3 3 3 3 -1 3 3 3 3 3
19:03:46.294207 - stdout  :: -1 0
19:03:46.309886 - stdin   :: 32 42 0 -1
32 38
17 41
21 37
32 42
3 3 3 3 3 0 3 3 3 3 3
3 3 -1 -1 0 0 0 0 0 3 3
3 -1 -1 -1 -1 0 0 0 92 92 3
3 -1 -1 -1 0 0 0 0 92 92 3
3 -1 0 0 0 0 0 0 92 92 3
0 0 0 0 0 0 0 0 0 -1 -1
3 0 0 0 0 0 0 -1 -1 -1 3
3 0 0 0 0 -1 -1 -1 -1 -1 3
3 -1 -1 -1 -1 -1 -1 -1 -1 -1 3
3 3 -1 -1 -1 -1 -1 -1 -1 3 3
3 3 3 3 3 -1 3 3 3 3 3
19:03:46.310752 - stdout  :: -1 0
19:03:46.325403 - stdin   :: 31 41 -1 -1
32 37
16 42
22 37
31 41
3 3 3 3 3 0 3 3 3 3 3
3 3 0 0 0 0 0 0 -1 3 3
3 -1 -1 -1 -1 0 0 0 0 0 3
3 -1 -1 -1 -1 -1 0 0 0 92 3
3 -1 -1 -1 -1 0 0 0 0 92 3
-1 -1 -1 0 0 0 0 0 0 92 92
3 0 0 0 0 0 0 0 0 0 3
3 0 0 0 0 0 0 0 -1 -1 3
3 0 0 0 0 0 -1 -1 -1 -1 3
3 3 -1 -1 -1 -1 -1 -1 -1 3 3
3 3 3 3 3 -1 3 3 3 3 3
19:03:46.326272 - stdout  :: 1 0
19:03:46.337989 - stdin   :: 31 40 0 -1
33 36
15 43
23 37
31 40
3 3 3 3 3 0 3 3 3 3 3
3 3 0 0 0 0 0 0 0 3 3
3 -1 -1 -1 -1 -1 0 0 0 0 3
3 -1 -1 -1 -1 -1 -1 0 0 0 3
3 -1 -1 -1 -1 -1 0 0 0 0 3
-1 -1 -1 -1 0 0 0 0 0 0 92
3 0 0 0 0 0 0 0 0 0 3
3 0 0 0 0 0 0 0 0 -1 3
3 0 0 0 0 0 0 -1 -1 -1 3
3 3 -1 -1 -1 -1 -1 -1 -1 3 3
3 3 3 3 3 -1 3 3 3 3 3
19:03:46.338829 - stdout  :: 1 0
19:03:46.350490 - stdin   :: 32 39 1 -1
34 35
14 43
23 36
32 39
3 3 3 3 3 0 3 3 3 3 3
3 3 -1 -1 -1 -1 -1 0 0 3 3
3 -1 -1 -1 -1 -1 -1 -1 0 0 3
3 -1 -1 -1 -1 -1 -1 0 0 0 3
3 -1 -1 -1 -1 0 0 0 0 0 3
0 0 0 0 0 0 0 0 0 0 0
3 0 0 0 0 0 0 0 0 0 3
3 0 0 0 0 0 0 0 -1 -1 3
3 -1 -1 -1 -1 -1 -1 -1 -1 -1 3
3 3 -1 -1 -1 -1 -1 -1 -1 3 3
3 3 3 3 3 -1 3 3 3 3 3
19:03:46.351358 - stdout  :: -1 0
19:03:46.363280 - stdin   :: 32 38 0 -1
34 34
14 42
22 36
32 38
3 3 3 3 3 0 3 3 3 3 3
3 3 0 -1 -1 -1 -1 -1 0 3 3
3 -1 -1 -1 -1 -1 -1 -1 -1 0 3
3 -1 -1 -1 -1 -1 -1 -1 0 0 3
3 -1 -1 -1 -1 -1 0 0 0 0 3
0 0 0 0 0 0 0 0 0 0 0
3 0 0 0 0 0 0 0 0 0 3
3 0 0 0 0 0 0 0 0 -1 3
3 -1 -1 -1 -1 -1 -1 -1 -1 -1 3
3 3 -1 -1 -1 -1 -1 -1 -1 3 3
3 3 3 3 3 -1 3 3 3 3 3
19:03:46.364307 - stdout  :: 0 0
19:03:46.377124 - stdin   :: 32 37 0 -1
34 33
14 41
21 36
32 37
3 3 3 3 3 0 3 3 3 3 3
3 3 0 0 -1 -1 -1 -1 -1 3 3
3 -1 -1 -1 -1 -1 -1 -1 -1 -1 3
3 -1 -1 -1 -1 -1 -1 -1 -1 0 3
3 -1 -1 -1 -1 -1 -1 0 0 0 3
0 0 0 0 0 0 0 0 0 0 0
3 0 0 0 0 0 0 0 0 0 3
3 0 0 0 0 0 0 0 0 0 3
3 -1 -1 -1 -1 -1 -1 -1 -1 -1 3
3 3 -1 -1 -1 -1 -1 -1 -1 3 3
3 3 3 3 3 -1 3 3 3 3 3
19:03:46.378207 - stdout  :: 0 0
19:03:46.393317 - stdin   :: 32 36 0 -1
34 32
14 40
21 35
32 36
3 3 3 3 3 0 3 3 3 3 3
3 3 0 0 0 -1 -1 -1 -1 3 3
3 -1 -1 -1 -1 -1 -1 -1 -1 -1 3
3 -1 -1 -1 -1 -1 -1 -1 -1 -1 3
3 0 -1 -1 -1 -1 -1 -1 0 0 3
0 0 0 0 0 0 0 0 0 0 0
3 0 0 0 0 0 0 0 0 0 3
3 0 0 0 0 0 0 0 0 0 3
3 -1 -1 -1 -1 -1 -1 -1 -1 -1 3
3 3 -1 -1 -1 -1 -1 -1 -1 3 3
3 3 3 3 3 -1 3 3 3 3 3
19:03:46.394513 - stdout  :: 0 0
19:03:46.407177 - stdin   :: 32 35 0 -1
35 31
14 39
22 35
32 35
3 3 3 3 3 0 3 3 3 3 3
3 3 0 0 0 0 -1 -1 -1 3 3
3 0 -1 -1 -1 -1 -1 -1 -1 -1 3
3 -1 -1 -1 -1 -1 -1 -1 -1 -1 3
3 0 0 -1 -1 -1 -1 -1 -1 0 3
0 0 0 0 0 0 0 0 0 0 0
3 91 0 0 0 0 0 0 0 0 3
3 0 0 0 0 0 0 0 0 0 3
3 0 -1 -1 -1 -1 -1 -1 -1 -1 3
3 3 -1 -1 -1 -1 -1 -1 -1 3 3
3 3 3 3 3 -1 3 3 3 3 3
19:03:46.408143 - stdout  :: 0 0
19:03:46.420062 - stdin   :: 32 34 0 -1
35 30
14 38
23 35
32 34
3 3 3 3 3 0 3 3 3 3 3
3 3 0 0 0 0 0 -1 -1 3 3
3 0 0 -1 -1 -1 -1 -1 -1 -1 3
3 -1 -1 -1 -1 -1 -1 -1 -1 -1 3
3 0 0 0 -1 -1 -1 -1 -1 -1 3
0 0 0 0 0 0 0 0 0 0 0
3 91 91 0 0 0 0 0 0 0 3
3 0 0 0 0 0 0 0 0 0 3
3 0 0 -1 -1 -1 -1 -1 -1 -1 3
3 3 -1 -1 -1 -1 -1 -1 -1 3 3
3 3 3 3 3 -1 3 3 3 3 3
19:03:46.421001 - stdout  :: 1 0
19:03:46.433539 - stdin   :: 33 33 1 -1
36 29
14 37
23 34
33 33
3 3 3 3 3 0 3 3 3 3 3
3 3 0 0 -1 -1 -1 -1 -1 3 3
3 0 -1 -1 -1 -1 -1 -1 -1 -1 3
3 0 0 0 0 -1 -1 -1 -1 -1 3
3 0 0 0 0 0 0 0 0 0 3
0 91 91 91 0 0 0 0 0 0 0
3 0 0 0 0 0 0 0 0 0 3
3 0 0 0 -1 -1 -1 -1 -1 -1 3
3 0 -1 -1 -1 -1 -1 -1 -1 -1 3
3 3 -1 -1 -1 -1 -1 -1 -1 3 3
3 3 3 3 3 -1 3 3 3 3 3
19:03:46.434661 - stdout  :: -1 0
19:03:46.447539 - stdin   :: 33 32 0 -1
36 28
14 36
22 34
33 32
3 3 3 3 3 0 3 3 3 3 3
3 3 0 0 0 -1 -1 -1 -1 3 3
3 0 0 -1 -1 -1 -1 -1 -1 -1 3
3 0 0 0 0 0 -1 -1 -1 -1 3
3 0 0 0 0 0 0 0 0 0 3
0 0 91 91 91 0 0 0 0 0 0
3 0 0 0 0 0 0 0 0 0 3
3 0 0 0 0 -1 -1 -1 -1 -1 3
3 0 0 -1 -1 -1 -1 -1 -1 -1 3
3 3 -1 -1 -1 -1 -1 -1 -1 3 3
3 3 3 3 3 -1 3 3 3 3 3
19:03:46.448726 - stdout  :: 1 0
19:03:46.461433 - stdin   :: 34 31 1 -1
36 27
14 35
21 34
34 31
3 3 3 3 3 0 3 3 3 3 3
3 3 0 0 -1 -1 -1 -1 -1 3 3
3 0 0 0 0 0 0 -1 -1 -1 3
3 0 0 0 0 0 0 0 0 0 3
3 0 0 91 91 91 0 0 0 0 3
0 0 0 0 0 0 0 0 0 0 0
3 0 0 0 0 0 -1 -1 -1 -1 3
3 0 0 0 -1 -1 -1 -1 -1 -1 3
3 -1 -1 -1 -1 -1 -1 -1 -1 -1 3
3 3 -1 -1 -1 -1 -1 -1 -1 3 3
3 3 3 3 3 -1 3 3 3 3 3
19:03:46.468459 - stdout  :: -1 0
19:03:46.480262 - stdin   :: 34 30 0 -1
36 26
14 34
20 34
34 30
3 3 3 3 3 0 3 3 3 3 3
3 3 0 0 0 -1 -1 -1 -1 3 3
3 0 0 0 0 0 0 0 -1 -1 3
3 0 0 0 0 0 0 0 0 0 3
3 0 0 0 91 91 91 0 0 0 3
0 0 0 0 0 0 0 0 0 0 0
3 0 0 0 0 0 0 -1 -1 -1 3
3 0 0 0 0 -1 -1 -1 -1 -1 3
3 -1 -1 -1 -1 -1 -1 -1 -1 -1 3
3 3 -1 -1 -1 -1 -1 -1 -1 3 3
3 3 3 3 3 -1 3 3 3 3 3
19:03:46.487237 - stdout  :: -1 1
19:03:46.499549 - stdin   :: 33 30 -1 0
37 25
14 33
20 33
33 30
3 3 3 3 3 0 3 3 3 3 3
3 3 -1 0 0 0 0 -1 -1 3 3
3 0 0 0 0 -1 -1 -1 -1 -1 3
3 0 0 0 0 0 0 0 -1 -1 3
3 0 0 0 0 0 0 0 0 0 3
0 0 0 0 91 91 91 0 0 0 0
3 0 0 0 0 0 0 0 0 0 3
3 0 0 0 0 0 0 -1 -1 -1 3
3 0 0 0 0 -1 -1 -1 -1 -1 3
3 3 -1 -1 -1 -1 -1 -1 -1 3 3
3 3 3 3 3 -1 3 3 3 3 3
19:03:46.506739 - stdout  :: 0 1
19:03:46.520413 - stdin   :: 31 31 -2 1
37 24
14 32
21 33
31 31
3 3 3 3 3 -1 3 3 3 3 3
3 3 -1 -1 -1 -1 -1 0 0 3 3
3 -1 -1 -1 0 0 0 0 0 0 3
3 -1 0 0 0 0 -1 -1 -1 -1 3
3 0 0 0 -1 -1 -1 -1 -1 -1 3
0 0 0 0 0 0 0 -1 -1 -1 -1
3 0 0 0 0 0 0 0 0 0 3
3 0 0 91 91 91 0 0 0 0 3
3 0 0 0 0 0 0 0 0 0 3
3 3 0 0 0 0 -1 -1 -1 3 3
3 3 3 3 3 -1 3 3 3 3 3
19:03:46.526815 - stdout  :: 1 0
19:03:46.599642 - stdin   :: 31 31 0 0
36 18
12 34
22 31
31 31
3 3 3 3 3 -1 3 3 3 3 3
3 3 -1 -1 -1 -1 -1 0 0 3 3
3 -1 -1 -1 0 0 0 0 0 0 3
3 -1 0 0 0 0 -1 -1 -1 -1 3
3 0 0 0 -1 -1 -1 -1 -1 -1 3
0 0 0 0 0 0 0 -1 -1 -1 -1
3 0 0 0 0 0 0 0 0 0 3
3 0 0 91 91 91 0 0 0 0 3
3 0 0 0 0 0 0 0 0 0 3
3 3 0 0 0 0 -1 -1 -1 3 3
3 3 3 3 3 -1 3 3 3 3 3
19:03:46.606051 - stdout  :: 0 1
19:03:46.619138 - stdin   :: 31 32 0 1
36 17
12 35
22 30
31 32
3 3 3 3 3 -1 3 3 3 3 3
3 3 -1 -1 -1 -1 0 0 0 3 3
3 -1 -1 0 0 0 0 0 0 -1 3
3 0 0 0 0 -1 -1 -1 -1 -1 3
3 0 0 -1 -1 -1 -1 -1 -1 -1 3
0 0 0 0 0 0 -1 -1 -1 -1 -1
3 0 0 0 0 0 0 0 0 0 3
3 0 91 91 91 0 0 0 0 0 3
3 0 0 0 0 0 0 0 0 0 3
3 3 0 0 0 -1 -1 -1 -1 3 3
3 3 3 3 3 -1 3 3 3 3 3
19:03:46.625783 - stdout  :: 1 0
19:03:46.640673 - stdin   :: 32 33 1 1
36 16
11 35
21 30
32 33
3 3 3 3 3 0 3 3 3 3 3
3 3 0 0 0 0 0 0 -1 3 3
3 0 0 0 -1 -1 -1 -1 -1 -1 3
3 0 -1 -1 -1 -1 -1 -1 -1 -1 3
3 0 0 0 0 -1 -1 -1 -1 -1 3
0 0 0 0 0 0 0 0 0 0 0
3 91 91 91 0 0 0 0 0 0 3
3 0 0 0 0 0 0 0 0 0 3
3 0 0 0 -1 -1 -1 -1 -1 -1 3
3 3 -1 -1 -1 -1 -1 -1 -1 3 3
3 3 3 3 3 -1 3 3 3 3 3
19:03:46.647215 - stdout  :: -1 0
19:03:46.660190 - stdin   :: 32 34 0 1
35 15
10 35
20 30
32 34
3 3 3 3 3 0 3 3 3 3 3
3 3 0 0 0 0 0 -1 -1 3 3
3 0 0 -1 -1 -1 -1 -1 -1 -1 3
3 -1 -1 -1 -1 -1 -1 -1 -1 -1 3
3 0 0 0 -1 -1 -1 -1 -1 -1 3
0 0 0 0 0 0 0 0 0 0 0
3 91 91 0 0 0 0 0 0 0 3
3 0 0 0 0 0 0 0 0 0 3
3 0 0 -1 -1 -1 -1 -1 -1 -1 3
3 3 -1 -1 -1 -1 -1 -1 -1 3 3
3 3 3 3 3 -1 3 3 3 3 3
19:03:46.666457 - stdout  :: 0 0
19:03:46.679186 - stdin   :: 32 35 0 1
35 14
9 35
19 30
32 35
3 3 3 3 3 0 3 3 3 3 3
3 3 0 0 0 0 -1 -1 -1 3 3
3 0 -1 -1 -1 -1 -1 -1 -1 -1 3
3 -1 -1 -1 -1 -1 -1 -1 -1 -1 3
3 0 0 -1 -1 -1 -1 -1 -1 0 3
0 0 0 0 0 0 0 0 0 0 0
3 91 0 0 0 0 0 0 0 0 3
3 0 0 0 0 0 0 0 0 0 3
3 0 -1 -1 -1 -1 -1 -1 -1 -1 3
3 3 -1 -1 -1 -1 -1 -1 -1 3 3
3 3 3 3 3 -1 3 3 3 3 3
19:03:46.685570 - stdout  :: 0 0
19:03:46.698573 - stdin   :: 32 36 0 1
36 13
8 35
19 29
32 36
3 3 3 3 3 0 3 3 3 3 3
3 3 0 0 0 -1 -1 -1 -1 3 3
3 -1 -1 -1 -1 -1 -1 -1 -1 -1 3
3 -1 -1 -1 -1 -1 -1 -1 -1 -1 3
3 0 -1 -1 -1 -1 -1 -1 0 0 3
0 0 0 0 0 0 0 0 0 0 0
3 0 0 0 0 0 0 0 0 0 3
3 0 0 0 0 0 0 0 0 0 3
3 -1 -1 -1 -1 -1 -1 -1 -1 -1 3
3 3 -1 -1 -1 -1 -1 -1 -1 3 3
3 3 3 3 3 -1 3 3 3 3 3
19:03:46.704189 - stdout  :: 0 0
19:03:46.717011 - stdin   :: 32 37 0 1
37 12
8 36
20 29
32 37
3 3 3 3 3 0 3 3 3 3 3
3 3 0 0 -1 -1 -1 -1 -1 3 3
3 -1 -1 -1 -1 -1 -1 -1 -1 -1 3
3 -1 -1 -1 -1 -1 -1 -1 -1 0 3
3 -1 -1 -1 -1 -1 -1 0 0 0 3
0 0 0 0 0 0 0 0 0 0 0
3 0 0 0 0 0 0 0 0 0 3
3 0 0 0 0 0 0 0 0 0 3
3 -1 -1 -1 -1 -1 -1 -1 -1 -1 3
3 3 -1 -1 -1 -1 -1 -1 -1 3 3
3 3 3 3 3 -1 3 3 3 3 3
19:03:46.722772 - stdout  :: 0 0
19:03:46.735879 - stdin   :: 32 38 0 1
37 11
8 37
21 29
32 38
3 3 3 3 3 0 3 3 3 3 3
3 3 0 -1 -1 -1 -1 -1 0 3 3
3 -1 -1 -1 -1 -1 -1 -1 -1 0 3
3 -1 -1 -1 -1 -1 -1 -1 0 0 3
3 -1 -1 -1 -1 -1 0 0 0 0 3
0 0 0 0 0 0 0 0 0 0 0
3 0 0 0 0 0 0 0 0 0 3
3 0 0 0 0 0 0 0 0 -1 3
3 -1 -1 -1 -1 -1 -1 -1 -1 -1 3
3 3 -1 -1 -1 -1 -1 -1 -1 3 3
3 3 3 3 3 -1 3 3 3 3 3
19:03:46.741594 - stdout  :: -1 0
19:03:46.754275 - stdin   :: 31 39 -1 1
36 10
8 38
21 28
31 39
3 3 3 3 3 0 3 3 3 3 3
3 3 0 0 0 0 0 0 0 3 3
3 0 -1 -1 -1 -1 -1 0 0 0 3
3 -1 -1 -1 -1 -1 -1 -1 0 0 3
3 -1 -1 -1 -1 -1 -1 0 0 0 3
-1 -1 -1 -1 -1 0 0 0 0 0 0
3 0 0 0 0 0 0 0 0 0 3
3 0 0 0 0 0 0 0 0 0 3
3 0 0 0 0 0 0 0 -1 -1 3
3 3 -1 -1 -1 -1 -1 -1 -1 3 3
3 3 3 3 3 -1 3 3 3 3 3
19:03:46.759904 - stdout  :: 1 0
19:03:46.772570 - stdin   :: 31 40 0 1
35 9
8 39
20 28
31 40
3 3 3 3 3 0 3 3 3 3 3
3 3 0 0 0 0 0 0 0 3 3
3 -1 -1 -1 -1 -1 0 0 0 0 3
3 -1 -1 -1 -1 -1 -1 0 0 0 3
3 -1 -1 -1 -1 -1 0 0 0 0 3
-1 -1 -1 -1 0 0 0 0 0 0 92
3 0 0 0 0 0 0 0 0 0 3
3 0 0 0 0 0 0 0 0 -1 3
3 0 0 0 0 0 0 -1 -1 -1 3
3 3 -1 -1 -1 -1 -1 -1 -1 3 3
3 3 3 3 3 -1 3 3 3 3 3
19:03:46.778201 - stdout  :: -1 0
19:03:46.790915 - stdin   :: 30 41 -1 1
34 8
8 40
19 28
30 41
3 3 3 3 3 -1 3 3 3 3 3
3 3 0 0 0 0 -1 -1 -1 3 3
3 0 0 0 0 0 0 0 -1 -1 3
3 -1 -1 -1 -1 0 0 0 0 0 3
3 -1 -1 -1 -1 -1 0 0 0 92 3
-1 -1 -1 -1 -1 0 0 0 0 92 92
3 -1 -1 0 0 0 0 0 0 92 3
3 0 0 0 0 0 0 0 0 0 3
3 0 0 0 0 0 0 0 -1 -1 3
3 3 0 0 0 0 -1 -1 -1 3 3
3 3 3 3 3 -1 3 3 3 3 3
19:03:46.796397 - stdout  :: 0 0
19:03:46.811040 - stdin   :: 29 42 -1 1
33 8
9 40
18 28
29 42
3 3 3 3 3 -1 3 3 3 3 3
3 3 -1 -1 -1 -1 -1 -1 -1 3 3
3 0 0 0 0 -1 -1 -1 -1 -1 3
3 0 0 0 0 0 0 -1 -1 -1 3
3 -1 -1 -1 0 0 0 0 0 -1 3
-1 -1 -1 -1 -1 0 0 0 92 92 92
3 -1 -1 -1 0 0 0 0 92 92 3
3 -1 0 0 0 0 0 0 92 92 3
3 0 0 0 0 0 0 0 0 -1 3
3 3 0 0 0 0 0 -1 -1 3 3
3 3 3 3 3 -1 3 3 3 3 3
19:03:46.816582 - stdout  :: 0 0
19:03:46.832610 - stdin   :: 28 43 -1 1
32 8
9 39
18 29
28 43
3 3 3 3 3 -1 3 3 3 3 3
3 3 -1 -1 -1 -1 -1 -1 -1 3 3
3 -1 -1 -1 -1 -1 -1 -1 -1 -1 3
3 0 0 0 -1 -1 -1 -1 -1 -1 3
3 0 0 0 0 0 -1 -1 -1 -1 3
-1 -1 -1 0 0 0 0 0 -1 -1 -1
3 -1 -1 -1 0 0 0 92 92 92 3
3 -1 -1 0 0 0 0 92 92 92 3
3 0 0 0 0 0 0 92 92 92 3
3 3 0 0 0 0 0 0 -1 3 3
3 3 3 3 3 0 3 3 3 3 3
19:03:46.838083 - stdout  :: 1 0
19:03:46.856212 - stdin   :: 28 44 0 1
31 9
9 38
18 29
28 44
3 3 3 3 3 -1 3 3 3 3 3
3 3 -1 -1 -1 -1 -1 -1 -1 3 3
3 -1 -1 -1 -1 -1 -1 -1 -1 -1 3
3 0 0 -1 -1 -1 -1 -1 -1 -1 3
3 0 0 0 0 -1 -1 -1 -1 -1 3
-1 -1 0 0 0 0 0 -1 -1 -1 -1
3 -1 -1 0 0 0 92 92 92 92 3
3 -1 0 0 0 0 92 92 92 92 3
3 0 0 0 0 0 92 92 92 92 3
3 3 0 0 0 0 0 -1 -1 3 3
3 3 3 3 3 -1 3 3 3 3 3
19:03:46.868830 - stdout  :: 0 0
19:03:46.898138 - stdin   :: 28 45 0 1
30 9
9 37
18 28
28 45
3 3 3 3 3 -1 3 3 3 3 3
3 3 -1 -1 -1 -1 -1 -1 -1 3 3
3 -1 -1 -1 -1 -1 -1 -1 -1 -1 3
3 0 -1 -1 -1 -1 -1 -1 -1 -1 3
3 0 0 0 -1 -1 -1 -1 -1 -1 3
-1 0 0 0 0 0 -1 -1 -1 -1 -1
3 -1 0 0 0 92 92 92 92 92 3
3 0 0 0 0 92 92 92 92 92 3
3 0 0 0 0 92 92 92 92 92 3
3 3 0 0 0 0 -1 -1 -1 3 3
3 3 3 3 3 -1 3 3 3 3 3
19:03:46.905550 - stdout  :: 1 0
19:03:46.925621 - stdin   :: 29 46 1 1
29 8
9 36
18 27
29 46
3 3 3 3 3 -1 3 3 3 3 3
3 3 -1 -1 -1 -1 -1 -1 -1 3 3
3 -1 -1 -1 -1 -1 -1 -1 -1 -1 3
3 0 0 -1 -1 -1 -1 -1 -1 -1 3
3 0 0 0 0 -1 -1 -1 -1 -1 3
-1 0 0 0 92 92 92 92 92 0 0
3 0 0 0 92 92 92 92 92 0 3
3 0 0 0 92 92 92 92 92 0 3
3 0 0 0 0 -1 -1 -1 -1 -1 3
3 3 0 -1 -1 -1 -1 -1 -1 3 3
3 3 3 3 3 -1 3 3 3 3 3
19:03:46.931666 - stdout  :: -1 0
19:03:46.947931 - stdin   :: 29 46 0 0
28 7
9 35
19 27
29 46
3 3 3 3 3 -1 3 3 3 3 3
3 3 -1 -1 -1 -1 -1 -1 -1 3 3
3 -1 -1 -1 -1 -1 -1 -1 -1 -1 3
3 0 0 -1 -1 -1 -1 -1 -1 -1 3
3 0 0 0 0 -1 -1 -1 -1 -1 3
-1 0 0 0 92 92 92 92 92 0 0
3 0 0 0 92 92 92 92 92 0 3
3 0 0 0 92 92 92 92 92 0 3
3 0 0 0 0 -1 -1 -1 -1 -1 3
3 3 0 -1 -1 -1 -1 -1 -1 3 3
3 3 3 3 3 -1 3 3 3 3 3
19:03:46.953655 - stdout  :: 0 1
19:03:46.969652 - stdin   :: 29 47 0 1
27 6
9 34
20 27
29 47
3 3 3 3 3 -1 3 3 3 3 3
3 3 -1 -1 -1 -1 -1 -1 -1 3 3
3 -1 -1 -1 -1 -1 -1 -1 -1 -1 3
3 0 -1 -1 -1 -1 -1 -1 -1 -1 3
3 0 0 0 -1 -1 -1 -1 -1 0 3
0 0 0 92 92 92 92 92 0 0 0
3 0 0 92 92 92 92 92 0 0 3
3 0 0 92 92 92 92 92 0 0 3
3 0 0 0 -1 -1 -1 -1 -1 -1 3
3 3 -1 -1 -1 -1 -1 -1 -1 3 3
3 3 3 3 3 -1 3 3 3 3 3
19:03:46.970407 - stdout  :: 0 0
19:03:46.988722 - stdin   :: 30 47 1 0
26 6
9 33
21 27
30 47
3 3 3 3 3 -1 3 3 3 3 3
3 3 -1 -1 -1 -1 -1 -1 -1 3 3
3 0 -1 -1 -1 -1 -1 -1 -1 -1 3
3 0 0 0 -1 -1 -1 -1 -1 0 3
3 0 0 92 92 92 92 92 0 0 3
0 0 0 92 92 92 92 92 0 0 0
3 0 0 92 92 92 92 92 0 0 3
3 0 0 0 -1 -1 -1 -1 -1 -1 3
3 0 -1 -1 -1 -1 -1 -1 -1 -1 3
3 3 -1 -1 -1 -1 -1 -1 -1 3 3
3 3 3 3 3 -1 3 3 3 3 3
19:03:46.990908 - stdout  :: -1 1
19:03:47.016435 - stdin   :: 30 47 0 0
25 6
10 32
21 27
30 47
3 3 3 3 3 -1 3 3 3 3 3
3 3 -1 -1 -1 -1 -1 -1 -1 3 3
3 0 -1 -1 -1 -1 -1 -1 -1 -1 3
3 0 0 0 -1 -1 -1 -1 -1 0 3
3 0 0 92 92 92 92 92 0 0 3
0 0 0 92 92 92 92 92 0 0 0
3 0 0 92 92 92 92 92 0 0 3
3 0 0 0 -1 -1 -1 -1 -1 -1 3
3 0 -1 -1 -1 -1 -1 -1 -1 -1 3
3 3 -1 -1 -1 -1 -1 -1 -1 3 3
3 3 3 3 3 -1 3 3 3 3 3
19:03:47.020358 - stdout  :: -1 1
19:03:47.047344 - stdin   :: 29 48 -1 1
24 7
12 32
20 27
29 48
3 3 3 3 3 -1 3 3 3 3 3
3 3 -1 -1 -1 -1 -1 -1 -1 3 3
3 -1 -1 -1 -1 -1 -1 -1 -1 -1 3
3 -1 -1 -1 -1 -1 -1 -1 -1 -1 3
3 0 0 -1 -1 -1 -1 -1 0 0 3
0 0 92 92 92 92 92 0 0 0 0
3 0 92 92 92 92 92 0 0 0 3
3 0 92 92 92 92 92 0 0 0 3
3 0 0 -1 -1 -1 -1 -1 -1 -1 3
3 3 -1 -1 -1 -1 -1 -1 -1 3 3
3 3 3 3 3 -1 3 3 3 3 3
19:03:47.052043 - stdout  :: 1 0
19:03:47.181229 - stdin   :: 29 48 0 0
19 13
16 32
16 27
29 48
3 3 3 3 3 -1 3 3 3 3 3
3 3 -1 -1 -1 -1 -1 -1 -1 3 3
3 -1 -1 -1 -1 -1 -1 -1 -1 -1 3
3 -1 -1 -1 -1 -1 -1 -1 -1 -1 3
3 0 0 -1 -1 -1 -1 -1 0 0 3
0 0 92 92 92 92 92 0 0 0 0
3 0 92 92 92 92 92 0 0 0 3
3 0 92 92 92 92 92 0 0 0 3
3 0 0 -1 -1 -1 -1 -1 -1 -1 3
3 3 -1 -1 -1 -1 -1 -1 -1 3 3
3 3 3 3 3 -1 3 3 3 3 3
19:03:47.181763 - stdout  :: 0 1
19:03:47.194735 - stdin   :: 29 49 0 1
19 14
16 32
15 27
29 49
3 3 3 3 3 -1 3 3 3 3 3
3 3 -1 -1 -1 -1 -1 -1 -1 3 3
3 -1 -1 -1 -1 -1 -1 -1 -1 0 3
3 -1 -1 -1 -1 -1 -1 -1 -1 0 3
3 0 -1 -1 -1 -1 -1 0 0 0 3
0 92 92 92 92 92 0 0 0 0 0
3 92 92 92 92 92 0 0 0 0 3
3 92 92 92 92 92 0 0 0 0 3
3 0 -1 -1 -1 -1 -1 -1 -1 -1 3
3 3 -1 -1 -1 -1 -1 -1 -1 3 3
3 3 3 3 3 -1 3 3 3 3 3
19:03:47.195426 - stdout  :: 0 0
19:03:47.208687 - stdin   :: 30 49 1 0
19 15
16 32
15 26
30 49
3 3 3 3 3 -1 3 3 3 3 3
3 3 -1 -1 -1 -1 -1 -1 -1 3 3
3 -1 -1 -1 -1 -1 -1 -1 -1 0 3
3 0 -1 -1 -1 -1 -1 0 0 0 3
3 92 92 92 92 92 0 0 0 0 3
0 92 92 92 92 92 0 0 0 0 0
3 92 92 92 92 92 0 0 0 0 3
3 0 -1 -1 -1 -1 -1 -1 -1 -1 3
3 -1 -1 -1 -1 -1 -1 -1 -1 -1 3
3 3 -1 -1 -1 -1 -1 -1 -1 3 3
3 3 3 3 3 -1 3 3 3 3 3
19:03:47.209191 - stdout  :: -1 1
19:03:47.223717 - stdin   :: 30 48 0 -1
19 16
15 33
16 26
30 48
3 3 3 3 3 -1 3 3 3 3 3
3 3 -1 -1 -1 -1 -1 -1 -1 3 3
3 -1 -1 -1 -1 -1 -1 -1 -1 -1 3
3 0 0 -1 -1 -1 -1 -1 0 0 3
3 0 92 92 92 92 92 0 0 0 3
0 0 92 92 92 92 92 0 0 0 0
3 0 92 92 92 92 92 0 0 0 3
3 0 0 -1 -1 -1 -1 -1 -1 -1 3
3 -1 -1 -1 -1 -1 -1 -1 -1 -1 3
3 3 -1 -1 -1 -1 -1 -1 -1 3 3
3 3 3 3 3 -1 3 3 3 3 3
19:03:47.224380 - stdout  :: -1 1
19:03:47.238672 - stdin   :: 30 47 0 -1
18 17
14 34
16 25
30 47
3 3 3 3 3 -1 3 3 3 3 3
3 3 -1 -1 -1 -1 -1 -1 -1 3 3
3 0 -1 -1 -1 -1 -1 -1 -1 -1 3
3 0 0 0 -1 -1 -1 -1 -1 0 3
3 0 0 92 92 92 92 92 0 0 3
0 0 0 92 92 92 92 92 0 0 0
3 0 0 92 92 92 92 92 0 0 3
3 0 0 0 -1 -1 -1 -1 -1 -1 3
3 0 -1 -1 -1 -1 -1 -1 -1 -1 3
3 3 -1 -1 -1 -1 -1 -1 -1 3 3
3 3 3 3 3 -1 3 3 3 3 3
19:03:47.239575 - stdout  :: -1 1
19:03:47.254666 - stdin   :: 30 46 0 -1
17 17
13 35
17 25
30 46
3 3 3 3 3 -1 3 3 3 3 3
3 3 -1 -1 -1 -1 -1 -1 -1 3 3
3 0 0 -1 -1 -1 -1 -1 -1 -1 3
3 0 0 0 0 -1 -1 -1 -1 -1 3
3 0 0 0 92 92 92 92 92 0 3
0 0 0 0 92 92 92 92 92 0 0
3 0 0 0 92 92 92 92 92 0 3
3 0 0 0 0 -1 -1 -1 -1 -1 3
3 0 0 -1 -1 -1 -1 -1 -1 -1 3
3 3 -1 -1 -1 -1 -1 -1 -1 3 3
3 3 3 3 3 -1 3 3 3 3 3
19:03:47.255674 - stdout  :: -1 1
19:03:47.270611 - stdin   :: 30 45 0 -1
16 17
12 35
18 25
30 45
3 3 3 3 3 -1 3 3 3 3 3
3 3 -1 -1 -1 -1 -1 -1 -1 3 3
3 0 0 0 -1 -1 -1 -1 -1 -1 3
3 0 0 0 0 0 -1 -1 -1 -1 3
3 -1 0 0 0 92 92 92 92 92 3
-1 0 0 0 0 92 92 92 92 92 0
3 0 0 0 0 92 92 92 92 92 3
3 0 0 0 0 0 -1 -1 -1 -1 3
3 0 0 0 -1 -1 -1 -1 -1 -1 3
3 3 -1 -1 -1 -1 -1 -1 -1 3 3
3 3 3 3 3 -1 3 3 3 3 3
19:03:47.276557 - stdout  :: -1 1
19:03:47.290711 - stdin   :: 29 45 -1 0
15 16
11 35
19 25
29 45
3 3 3 3 3 -1 3 3 3 3 3
3 3 -1 -1 -1 -1 -1 -1 -1 3 3
3 0 -1 -1 -1 -1 -1 -1 -1 -1 3
3 0 0 0 -1 -1 -1 -1 -1 -1 3
3 0 0 0 0 0 -1 -1 -1 -1 3
-1 -1 0 0 0 92 92 92 92 92 0
3 0 0 0 0 92 92 92 92 92 3
3 0 0 0 0 92 92 92 92 92 3
3 0 0 0 0 0 -1 -1 -1 -1 3
3 3 0 0 -1 -1 -1 -1 -1 3 3
3 3 3 3 3 -1 3 3 3 3 3
19:03:47.296867 - stdout  :: 1 1
19:03:47.312028 - stdin   :: 28 45 -1 0
14 15
10 35
19 25
28 45
3 3 3 3 3 -1 3 3 3 3 3
3 3 -1 -1 -1 -1 -1 -1 -1 3 3
3 -1 -1 -1 -1 -1 -1 -1 -1 -1 3
3 0 -1 -1 -1 -1 -1 -1 -1 -1 3
3 0 0 0 -1 -1 -1 -1 -1 -1 3
-1 0 0 0 0 0 -1 -1 -1 -1 -1
3 -1 0 0 0 92 92 92 92 92 3
3 0 0 0 0 92 92 92 92 92 3
3 0 0 0 0 92 92 92 92 92 3
3 3 0 0 0 0 -1 -1 -1 3 3
3 3 3 3 3 -1 3 3 3 3 3
19:03:47.318008 - stdout  :: 1 1
19:03:47.400298 - stdin   :: 28 45 0 0
10 18
9 31
15 25
28 45
3 3 3 3 3 -1 3 3 3 3 3
3 3 -1 -1 -1 -1 -1 -1 -1 3 3
3 -1 -1 -1 -1 -1 -1 -1 -1 -1 3
3 0 -1 -1 -1 -1 -1 -1 -1 -1 3
3 0 0 0 -1 -1 -1 -1 -1 -1 3
-1 0 0 0 0 0 -1 -1 -1 -1 -1
3 -1 0 0 0 92 92 92 92 92 3
3 0 0 0 0 92 92 92 92 92 3
3 0 0 0 0 92 92 92 92 92 3
3 3 0 0 0 0 -1 -1 -1 3 3
3 3 3 3 3 -1 3 3 3 3 3
19:03:47.406288 - stdout  :: 1 1
19:03:47.421558 - stdin   :: 29 46 1 1
10 19
8 31
14 25
29 46
3 3 3 3 3 -1 3 3 3 3 3
3 3 -1 -1 -1 -1 -1 -1 -1 3 3
3 -1 -1 -1 -1 -1 -1 -1 -1 -1 3
3 0 0 -1 -1 -1 -1 -1 -1 -1 3
3 0 0 0 0 -1 -1 -1 -1 -1 3
-1 0 0 0 92 92 92 92 92 0 0
3 0 0 0 92 92 92 92 92 0 3
3 0 0 0 92 92 92 92 92 0 3
3 0 0 0 0 -1 -1 -1 -1 -1 3
3 3 0 -1 -1 -1 -1 -1 -1 3 3
3 3 3 3 3 -1 3 3 3 3 3
19:03:47.426923 - stdout  :: -1 0
19:03:47.440822 - stdin   :: 30 46 1 0
10 20
7 31
14 26
30 46
3 3 3 3 3 -1 3 3 3 3 3
3 3 -1 -1 -1 -1 -1 -1 -1 3 3
3 0 0 -1 -1 -1 -1 -1 -1 -1 3
3 0 0 0 0 -1 -1 -1 -1 -1 3
3 0 0 0 92 92 92 92 92 0 3
0 0 0 0 92 92 92 92 92 0 0
3 0 0 0 92 92 92 92 92 0 3
3 0 0 0 0 -1 -1 -1 -1 -1 3
3 0 0 -1 -1 -1 -1 -1 -1 -1 3
3 3 -1 -1 -1 -1 -1 -1 -1 3 3
3 3 3 3 3 -1 3 3 3 3 3
19:03:47.441632 - stdout  :: -1 1
19:03:47.455692 - stdin   :: 30 47 0 1
10 21
5 32
13 26
30 47
3 3 3 3 3 -1 3 3 3 3 3
3 3 -1 -1 -1 -1 -1 -1 -1 3 3
3 0 -1 -1 -1 -1 -1 -1 -1 -1 3
3 0 0 0 -1 -1 -1 -1 -1 0 3
3 0 0 92 92 92 92 92 0 0 3
0 0 0 92 92 92 92 92 0 0 0
3 0 0 92 92 92 92 92 0 0 3
3 0 0 0 -1 -1 -1 -1 -1 -1 3
3 0 -1 -1 -1 -1 -1 -1 -1 -1 3
3 3 -1 -1 -1 -1 -1 -1 -1 3 3
3 3 3 3 3 -1 3 3 3 3 3
19:03:47.456381 - stdout  :: -1 0
19:03:47.470993 - stdin   :: 31 47 1 0
11 22
5 32
12 26
31 47
3 3 3 3 3 -1 3 3 3 3 3
3 3 -1 -1 -1 -1 -1 -1 -1 3 3
3 0 0 0 -1 -1 -1 -1 -1 0 3
3 0 0 92 92 92 92 92 0 0 3
3 0 0 92 92 92 92 92 0 0 3
0 0 0 92 92 92 92 92 0 0 0
3 0 0 0 -1 -1 -1 -1 -1 -1 3
3 0 -1 -1 -1 -1 -1 -1 -1 -1 3
3 -1 -1 -1 -1 -1 -1 -1 -1 -1 3
3 3 -1 -1 -1 -1 -1 -1 -1 3 3
3 3 3 3 3 -1 3 3 3 3 3
19:03:47.471744 - stdout  :: -1 1
19:03:47.486305 - stdin   :: 31 47 0 0
11 23
5 32
11 26
31 47
3 3 3 3 3 -1 3 3 3 3 3
3 3 -1 -1 -1 -1 -1 -1 -1 3 3
3 0 0 0 -1 -1 -1 -1 -1 0 3
3 0 0 92 92 92 92 92 0 0 3
3 0 0 92 92 92 92 92 0 0 3
0 0 0 92 92 92 92 92 0 0 0
3 0 0 0 -1 -1 -1 -1 -1 -1 3
3 0 -1 -1 -1 -1 -1 -1 -1 -1 3
3 -1 -1 -1 -1 -1 -1 -1 -1 -1 3
3 3 -1 -1 -1 -1 -1 -1 -1 3 3
3 3 3 3 3 -1 3 3 3 3 3
19:03:47.487266 - stdout  :: -1 1
19:03:47.508539 - stdin   :: 30 48 -1 1
10 24
5 32
11 27
30 48
3 3 3 3 3 -1 3 3 3 3 3
3 3 -1 -1 -1 -1 -1 -1 -1 3 3
3 -1 -1 -1 -1 -1 -1 -1 -1 -1 3
3 0 0 -1 -1 -1 -1 -1 0 0 3
3 0 92 92 92 92 92 0 0 0 3
0 0 92 92 92 92 92 0 0 0 0
3 0 92 92 92 92 92 0 0 0 3
3 0 0 -1 -1 -1 -1 -1 -1 -1 3
3 -1 -1 -1 -1 -1 -1 -1 -1 -1 3
3 3 -1 -1 -1 -1 -1 -1 -1 3 3
3 3 3 3 3 -1 3 3 3 3 3
19:03:47.509145 - stdout  :: 0 0
19:03:47.523076 - stdin   :: 30 49 0 1
9 25
5 32
10 27
30 49
3 3 3 3 3 -1 3 3 3 3 3
3 3 -1 -1 -1 -1 -1 -1 -1 3 3
3 -1 -1 -1 -1 -1 -1 -1 -1 0 3
3 0 -1 -1 -1 -1 -1 0 0 0 3
3 92 92 92 92 92 0 0 0 0 3
0 92 92 92 92 92 0 0 0 0 0
3 92 92 92 92 92 0 0 0 0 3
3 0 -1 -1 -1 -1 -1 -1 -1 -1 3
3 -1 -1 -1 -1 -1 -1 -1 -1 -1 3
3 3 -1 -1 -1 -1 -1 -1 -1 3 3
3 3 3 3 3 -1 3 3 3 3 3
19:03:47.523812 - stdout  :: -1 0
19:03:47.537365 - stdin   :: 29 49 -1 0
8 26
5 32
10 28
29 49
3 3 3 3 3 -1 3 3 3 3 3
3 3 -1 -1 -1 -1 -1 -1 -1 3 3
3 -1 -1 -1 -1 -1 -1 -1 -1 0 3
3 -1 -1 -1 -1 -1 -1 -1 -1 0 3
3 0 -1 -1 -1 -1 -1 0 0 0 3
0 92 92 92 92 92 0 0 0 0 0
3 92 92 92 92 92 0 0 0 0 3
3 92 92 92 92 92 0 0 0 0 3
3 0 -1 -1 -1 -1 -1 -1 -1 -1 3
3 3 -1 -1 -1 -1 -1 -1 -1 3 3
3 3 3 3 3 -1 3 3 3 3 3
19:03:47.537871 - stdout  :: 1 1
19:03:47.551618 - stdin   :: 29 48 0 -1
7 27
5 32
9 28
29 48
3 3 3 3 3 -1 3 3 3 3 3
3 3 -1 -1 -1 -1 -1 -1 -1 3 3
3 -1 -1 -1 -1 -1 -1 -1 -1 -1 3
3 -1 -1 -1 -1 -1 -1 -1 -1 -1 3
3 0 0 -1 -1 -1 -1 -1 0 0 3
0 0 92 92 92 92 92 0 0 0 0
3 0 92 92 92 92 92 0 0 0 3
3 0 92 92 92 92 92 0 0 0 3
3 0 0 -1 -1 -1 -1 -1 -1 -1 3
3 3 -1 -1 -1 -1 -1 -1 -1 3 3
3 3 3 3 3 -1 3 3 3 3 3
19:03:47.552290 - stdout  :: -1 1
19:03:47.567924 - stdin   :: 29 48 0 0
6 28
6 32
8 28
29 48
3 3 3 3 3 -1 3 3 3 3 3
3 3 -1 -1 -1 -1 -1 -1 -1 3 3
3 -1 -1 -1 -1 -1 -1 -1 -1 -1 3
3 -1 -1 -1 -1 -1 -1 -1 -1 -1 3
3 0 0 -1 -1 -1 -1 -1 0 0 3
0 0 92 92 92 92 92 0 0 0 0
3 0 92 92 92 92 92 0 0 0 3
3 0 92 92 92 92 92 0 0 0 3
3 0 0 -1 -1 -1 -1 -1 -1 -1 3
3 3 -1 -1 -1 -1 -1 -1 -1 3 3
3 3 3 3 3 -1 3 3 3 3 3
19:03:47.568478 - stdout  :: 0 1
19:03:47.583013 - stdin   :: 29 49 0 1
5 28
7 32
7 28
29 49
3 3 3 3 3 -1 3 3 3 3 3
3 3 -1 -1 -1 -1 -1 -1 -1 3 3
3 -1 -1 -1 -1 -1 -1 -1 -1 0 3
3 -1 -1 -1 -1 -1 -1 -1 -1 0 3
3 0 -1 -1 -1 -1 -1 0 0 0 3
0 92 92 92 92 92 0 0 0 0 0
3 92 92 92 92 92 0 0 0 0 3
3 92 92 92 92 92 0 0 0 0 3
3 0 -1 -1 -1 -1 -1 -1 -1 -1 3
3 3 -1 -1 -1 -1 -1 -1 -1 3 3
3 3 3 3 3 -1 3 3 3 3 3
19:03:47.583499 - stdout  :: 0 0
19:03:47.676849 - stdin   :: 29 49 0 0
5 32
16 34
3 30
29 49
3 3 3 3 3 -1 3 3 3 3 3
3 3 -1 -1 -1 -1 -1 -1 -1 3 3
3 -1 -1 -1 -1 -1 -1 -1 -1 0 3
3 -1 -1 -1 -1 -1 -1 -1 -1 0 3
3 0 -1 -1 -1 -1 -1 0 0 0 3
0 92 92 92 92 92 0 0 0 0 0
3 92 92 92 92 92 0 0 0 0 3
3 92 92 92 92 92 0 0 0 0 3
3 0 -1 -1 -1 -1 -1 -1 -1 -1 3
3 3 -1 -1 -1 -1 -1 -1 -1 3 3
3 3 3 3 3 -1 3 3 3 3 3
19:03:47.677442 - stdout  :: 0 1
19:03:47.691485 - stdin   :: 29 50 0 1
6 32
16 34
3 31
29 50
3 3 3 3 3 -1 3 3 3 3 3
3 3 -1 -1 -1 -1 -1 -1 0 3 3
3 -1 -1 -1 -1 -1 -1 -1 0 0 3
3 -1 -1 -1 -1 -1 -1 -1 0 0 3
3 -1 -1 -1 -1 -1 0 0 0 0 3
92 92 92 92 92 0 0 0 0 0 0
3 92 92 92 92 0 0 0 0 0 3
3 92 92 92 92 0 0 0 0 -1 3
3 -1 -1 -1 -1 -1 -1 -1 -1 -1 3
3 3 -1 -1 -1 -1 -1 -1 -1 3 3
3 3 3 3 3 -1 3 3 3 3 3
19:03:47.692024 - stdout  :: -1 0
19:03:47.708196 - stdin   :: 28 51 -1 1
7 32
16 34
3 31
28 51
3 3 3 3 3 -1 3 3 3 3 3
3 3 -1 -1 -1 -1 -1 100 100 3 3
3 -1 -1 -1 -1 -1 -1 0 0 0 3
3 -1 -1 -1 -1 -1 -1 0 0 0 3
3 -1 -1 -1 -1 -1 -1 0 0 0 3
-1 -1 -1 -1 -1 0 0 0 0 0 -1
3 92 92 92 0 0 0 0 0 0 3
3 92 92 92 0 0 0 0 0 -1 3
3 92 92 92 0 0 0 0 -1 -1 3
3 3 -1 -1 -1 -1 -1 -1 -1 3 3
3 3 3 3 3 -1 3 3 3 3 3
19:03:47.708921 - stdout  :: 1 0
19:03:47.726164 - stdin   :: 28 52 0 1
8 31
16 34
3 30
28 52
3 3 3 3 3 -1 3 3 3 3 3
3 3 -1 -1 -1 -1 100 100 100 3 3
3 -1 -1 -1 -1 -1 0 0 0 -1 3
3 -1 -1 -1 -1 -1 0 0 0 -1 3
3 -1 -1 -1 -1 -1 0 0 0 -1 3
-1 -1 -1 -1 0 0 0 0 0 -1 -1
3 92 92 0 0 0 0 0 0 -1 3
3 92 92 0 0 0 0 0 -1 -1 3
3 92 92 0 0 0 0 -1 -1 -1 3
3 3 -1 -1 -1 -1 -1 -1 -1 3 3
3 3 3 3 3 -1 3 3 3 3 3
19:03:47.726694 - stdout  :: -1 0
19:03:47.741678 - stdin   :: 27 53 -1 1
9 31
16 34
3 29
27 53
3 3 3 3 3 100 3 3 3 3 3
3 3 -1 -1 -1 100 100 100 100 3 3
3 -1 -1 -1 -1 100 100 100 100 -1 3
3 -1 -1 -1 -1 0 0 0 -1 -1 3
3 -1 -1 -1 -1 0 0 0 -1 -1 3
-1 -1 -1 -1 -1 0 0 0 -1 -1 -1
3 -1 -1 0 0 0 0 0 -1 -1 3
3 92 0 0 0 0 0 0 -1 -1 3
3 92 0 0 0 0 0 -1 -1 -1 3
3 3 0 0 0 0 -1 -1 -1 3 3
3 3 3 3 3 -1 3 3 3 3 3
19:03:47.742245 - stdout  :: 0 -1
19:03:47.757247 - stdin   :: 26 53 -1 0
10 32
16 34
3 28
26 53
3 3 3 3 3 100 3 3 3 3 3
3 3 -1 -1 100 100 100 100 100 3 3
3 -1 -1 -1 -1 100 100 100 100 -1 3
3 -1 -1 -1 -1 100 100 100 100 -1 3
3 -1 -1 -1 -1 0 0 0 -1 -1 3
-1 -1 -1 -1 -1 0 0 0 -1 -1 -1
3 -1 -1 -1 -1 0 0 0 -1 -1 3
3 -1 -1 0 0 0 0 0 -1 -1 3
3 92 0 0 0 0 0 0 -1 -1 3
3 3 0 0 0 0 0 -1 -1 3 3
3 3 3 3 3 0 3 3 3 3 3
19:03:47.757782 - stdout  :: 0 0
19:03:47.773699 - stdin   :: 25 53 -1 0
11 33
15 33
4 28
25 53
3 3 3 3 3 100 3 3 3 3 3
3 3 -1 -1 100 100 100 100 -1 3 3
3 -1 -1 -1 100 100 100 100 100 -1 3
3 -1 -1 -1 -1 100 100 100 100 -1 3
3 -1 -1 -1 -1 100 100 100 100 -1 3
-1 -1 -1 -1 -1 0 0 0 -1 -1 -1
3 -1 -1 -1 -1 0 0 0 -1 -1 3
3 -1 -1 -1 -1 0 0 0 -1 -1 3
3 -1 -1 0 0 0 0 0 -1 -1 3
3 3 0 0 0 0 0 0 -1 3 3
3 3 3 3 3 0 3 3 3 3 3
19:03:47.774192 - stdout  :: 0 0
19:03:54.111989 - stdin   :: ~~~END~~~
19:03:54.112516 - control :: Server has terminated, no more data.
