16:36:35.467153 - control :: Starting bot process.
16:36:35.602925 - control :: Bot has initialised, connecting to server.
16:36:36.606956 - stdin   :: 30 30 4 8
16:36:36.610685 - stdin   :: 3 2 0 0
3 3
3 2
4 2
5 2
3 3 3 3 3 3 3 3 -1 3 3 3 3 3 3 3 3
3 3 3 3 3 -1 -1 -1 -1 -1 -1 -1 3 3 3 3 3
3 3 3 -1 -1 -1 -1 -1 -1 -1 -1 -1 -1 -1 3 3 3
3 3 -1 -1 -1 -1 -1 -1 -1 -1 -1 -1 -1 -1 -1 3 3
3 3 -1 -1 -1 -1 -1 -1 -1 -1 -1 -1 -1 -1 -1 3 3
3 -1 -1 -1 -1 -1 -1 -1 -1 -1 -1 -1 -1 -1 -1 -1 3
3 -1 -1 -1 -1 -1 -1 -1 -1 -1 -1 -1 -1 -1 -1 -1 3
3 -1 -1 -1 -1 -1 -1 -1 1 -1 0 0 0 0 0 0 3
-1 -1 -1 -1 -1 -1 -1 -1 1 0 0 0 0 0 0 0 0
3 -1 -1 -1 -1 -1 -1 -1 1 0 0 0 0 0 0 0 3
3 -1 -1 -1 -1 -1 -1 -1 1 -1 0 0 0 0 0 0 3
3 -1 -1 -1 -1 -1 -1 -1 -1 -1 -1 -1 -1 -1 0 0 3
3 3 -1 -1 -1 -1 -1 -1 -1 -1 -1 -1 -1 0 0 3 3
3 3 -1 -1 -1 -1 -1 -1 -1 -1 -1 -1 0 0 0 3 3
3 3 3 -1 -1 -1 -1 -1 -1 -1 -1 0 0 0 3 3 3
3 3 3 3 3 -1 -1 -1 -1 -1 -1 0 3 3 3 3 3
3 3 3 3 3 3 3 3 -1 3 3 3 3 3 3 3 3
16:36:36.611455 - stdout  :: -1 0
16:36:36.619954 - stdin   :: 2 2 -1 0
4 4
2 2
3 2
4 3
3 3 3 3 3 3 3 3 -1 3 3 3 3 3 3 3 3
3 3 3 3 3 -1 -1 -1 -1 -1 -1 -1 3 3 3 3 3
3 3 3 -1 -1 -1 -1 -1 -1 -1 -1 -1 -1 -1 3 3 3
3 3 -1 -1 -1 -1 -1 -1 -1 -1 -1 -1 -1 -1 -1 3 3
3 3 -1 -1 -1 -1 -1 -1 -1 -1 -1 -1 -1 -1 -1 3 3
3 -1 -1 -1 -1 -1 -1 -1 -1 -1 -1 -1 -1 -1 -1 -1 3
3 -1 -1 -1 -1 -1 -1 -1 -1 -1 -1 -1 -1 -1 -1 -1 3
3 -1 -1 -1 -1 -1 -1 -1 -1 -1 -1 -1 -1 -1 -1 -1 3
-1 -1 -1 -1 -1 -1 -1 -1 1 -1 0 0 0 0 0 0 -1
3 -1 -1 -1 -1 -1 -1 -1 1 0 0 0 0 0 0 0 3
3 -1 -1 -1 -1 -1 -1 -1 1 0 0 0 0 0 0 0 3
3 -1 -1 -1 -1 -1 -1 -1 1 -1 0 0 0 0 0 0 3
3 3 -1 -1 -1 -1 -1 -1 -1 -1 -1 -1 -1 -1 0 3 3
3 3 -1 -1 -1 -1 -1 -1 -1 -1 -1 -1 -1 0 0 3 3
3 3 3 -1 -1 -1 -1 -1 -1 -1 -1 -1 0 0 3 3 3
3 3 3 3 3 -1 -1 -1 -1 -1 -1 0 3 3 3 3 3
3 3 3 3 3 3 3 3 -1 3 3 3 3 3 3 3 3
16:36:36.620660 - stdout  :: 1 0
16:36:36.629782 - stdin   :: 2 2 0 0
5 5
2 2
3 2
4 5
3 3 3 3 3 3 3 3 -1 3 3 3 3 3 3 3 3
3 3 3 3 3 -1 -1 -1 -1 -1 -1 -1 3 3 3 3 3
3 3 3 -1 -1 -1 -1 -1 -1 -1 -1 -1 -1 -1 3 3 3
3 3 -1 -1 -1 -1 -1 -1 -1 -1 -1 -1 -1 -1 -1 3 3
3 3 -1 -1 -1 -1 -1 -1 -1 -1 -1 -1 -1 -1 -1 3 3
3 -1 -1 -1 -1 -1 -1 -1 -1 -1 -1 -1 -1 -1 -1 -1 3
3 -1 -1 -1 -1 -1 -1 -1 -1 -1 -1 -1 -1 -1 -1 -1 3
3 -1 -1 -1 -1 -1 -1 -1 -1 -1 -1 -1 -1 -1 -1 -1 3
-1 -1 -1 -1 -1 -1 -1 -1 1 -1 0 0 0 0 0 0 -1
3 -1 -1 -1 -1 -1 -1 -1 1 0 0 0 0 0 0 0 3
3 -1 -1 -1 -1 -1 -1 -1 1 0 0 0 0 0 0 0 3
3 -1 -1 -1 -1 -1 -1 -1 1 -1 0 0 0 0 0 0 3
3 3 -1 -1 -1 -1 -1 -1 -1 -1 -1 -1 -1 -1 0 3 3
3 3 -1 -1 -1 -1 -1 -1 -1 -1 -1 -1 -1 0 0 3 3
3 3 3 -1 -1 -1 -1 -1 -1 -1 -1 -1 0 0 3 3 3
3 3 3 3 3 -1 -1 -1 -1 -1 -1 0 3 3 3 3 3
3 3 3 3 3 3 3 3 -1 3 3 3 3 3 3 3 3
16:36:36.630417 - stdout  :: 1 1
16:36:36.640109 - stdin   :: 3 3 1 1
5 5
3 3
2 2
5 6
3 3 3 3 3 3 3 3 -1 3 3 3 3 3 3 3 3
3 3 3 3 3 -1 -1 -1 -1 -1 -1 -1 3 3 3 3 3
3 3 3 -1 -1 -1 -1 -1 -1 -1 -1 -1 -1 -1 3 3 3
3 3 -1 -1 -1 -1 -1 -1 -1 -1 -1 -1 -1 -1 -1 3 3
3 3 -1 -1 -1 -1 -1 -1 -1 -1 -1 -1 -1 -1 -1 3 3
3 -1 -1 -1 -1 -1 -1 -1 -1 -1 -1 -1 -1 -1 -1 -1 3
3 -1 -1 -1 -1 -1 -1 -1 -1 -1 -1 -1 -1 -1 -1 -1 3
3 -1 -1 -1 -1 -1 -1 1 -1 0 0 0 0 0 0 -1 3
-1 -1 -1 -1 -1 -1 -1 1 0 0 0 0 0 0 0 0 -1
3 -1 -1 -1 -1 -1 -1 1 0 0 0 0 0 0 0 0 3
3 -1 -1 -1 -1 -1 -1 1 -1 0 0 0 0 0 0 0 3
3 -1 -1 -1 -1 -1 -1 -1 -1 -1 -1 -1 -1 0 0 0 3
3 3 -1 -1 -1 -1 -1 -1 -1 -1 -1 -1 0 0 0 3 3
3 3 -1 -1 -1 -1 -1 -1 -1 -1 -1 0 0 0 0 3 3
3 3 3 -1 -1 -1 -1 -1 -1 -1 0 0 0 0 3 3 3
3 3 3 3 3 -1 -1 -1 -1 -1 0 0 3 3 3 3 3
3 3 3 3 3 3 3 3 -1 3 3 3 3 3 3 3 3
16:36:36.640836 - stdout  :: 0 0
16:36:36.648226 - stdin   :: 4 4 1 1
5 5
4 4
2 2
5 6
3 3 3 3 3 3 3 3 -1 3 3 3 3 3 3 3 3
3 3 3 3 3 -1 -1 -1 -1 -1 -1 -1 3 3 3 3 3
3 3 3 -1 -1 -1 -1 -1 -1 -1 -1 -1 -1 -1 3 3 3
3 3 -1 -1 -1 -1 -1 -1 -1 -1 -1 -1 -1 -1 -1 3 3
3 3 -1 -1 -1 -1 -1 -1 -1 -1 -1 -1 -1 -1 -1 3 3
3 -1 -1 -1 -1 -1 -1 -1 -1 -1 -1 -1 -1 -1 -1 -1 3
3 -1 -1 -1 -1 -1 1 -1 0 0 0 0 0 0 -1 -1 3
3 -1 -1 -1 -1 -1 1 0 0 0 0 0 0 0 0 -1 3
-1 -1 -1 -1 -1 -1 1 0 0 0 0 0 0 0 0 -1 -1
3 -1 -1 -1 -1 -1 1 -1 0 0 0 0 0 0 0 -1 3
3 -1 -1 -1 -1 -1 -1 -1 -1 -1 -1 -1 0 0 0 -1 3
3 -1 -1 -1 -1 -1 -1 -1 -1 -1 -1 0 0 0 0 -1 3
3 3 -1 -1 -1 -1 -1 -1 -1 -1 0 0 0 0 -1 3 3
3 3 -1 -1 -1 -1 -1 -1 -1 0 0 0 0 -1 -1 3 3
3 3 3 -1 -1 -1 -1 -1 -1 0 0 0 -1 -1 3 3 3
3 3 3 3 3 -1 -1 -1 -1 0 0 0 3 3 3 3 3
3 3 3 3 3 3 3 3 0 3 3 3 3 3 3 3 3
16:36:36.649025 - stdout  :: -1 1
16:36:36.653631 - stdin   :: 4 6 0 2
5 5
4 6
3 2
5 6
3 3 3 3 3 3 3 3 -1 3 3 3 3 3 3 3 3
3 3 3 3 3 -1 -1 -1 -1 -1 -1 -1 3 3 3 3 3
3 3 3 -1 -1 -1 -1 -1 -1 -1 -1 -1 -1 -1 3 3 3
3 3 -1 -1 -1 -1 -1 -1 -1 -1 -1 -1 -1 -1 -1 3 3
3 3 -1 -1 -1 -1 -1 -1 -1 -1 -1 -1 -1 -1 -1 3 3
3 -1 -1 -1 -1 -1 -1 -1 -1 -1 -1 -1 -1 -1 -1 -1 3
3 -1 -1 -1 1 -1 0 0 0 0 0 0 -1 -1 -1 -1 3
3 -1 -1 -1 1 0 0 0 0 0 0 0 0 -1 -1 -1 3
-1 -1 -1 -1 1 0 0 0 0 0 0 0 0 -1 -1 -1 -1
3 -1 -1 -1 1 -1 0 0 0 0 0 0 0 -1 -1 -1 3
3 -1 -1 -1 -1 -1 -1 -1 -1 -1 0 0 0 -1 -1 -1 3
3 -1 -1 -1 -1 -1 -1 -1 -1 0 0 0 0 -1 -1 -1 3
3 3 -1 -1 -1 -1 -1 -1 0 0 0 0 -1 -1 -1 3 3
3 3 -1 -1 -1 -1 -1 0 0 0 0 -1 -1 -1 -1 3 3
3 3 3 -1 -1 -1 -1 0 0 0 -1 -1 -1 -1 3 3 3
3 3 3 3 3 -1 -1 0 0 0 -1 -1 3 3 3 3 3
3 3 3 3 3 3 3 3 0 3 3 3 3 3 3 3 3
16:36:36.654135 - stdout  :: 0 0
16:36:36.658742 - stdin   :: 4 8 0 2
5 5
4 8
3 3
5 6
3 3 3 3 3 3 3 3 -1 3 3 3 3 3 3 3 3
3 3 3 3 3 -1 -1 -1 -1 -1 -1 -1 3 3 3 3 3
3 3 3 -1 -1 -1 -1 -1 -1 -1 -1 -1 -1 -1 3 3 3
3 3 -1 -1 -1 -1 -1 -1 -1 -1 -1 -1 -1 -1 -1 3 3
3 3 -1 -1 -1 -1 -1 -1 -1 -1 -1 -1 -1 -1 -1 3 3
3 -1 -1 -1 -1 -1 -1 -1 -1 -1 -1 -1 -1 -1 -1 -1 3
3 -1 1 -1 0 0 0 0 0 0 -1 -1 -1 -1 -1 -1 3
3 -1 1 0 0 0 0 0 0 0 0 -1 -1 -1 -1 -1 3
-1 -1 1 0 0 0 0 0 0 0 0 -1 -1 -1 -1 -1 -1
3 -1 1 -1 0 0 0 0 0 0 0 -1 -1 -1 -1 -1 3
3 -1 -1 -1 -1 -1 -1 -1 0 0 0 -1 -1 -1 -1 -1 3
3 -1 -1 -1 -1 -1 -1 0 0 0 0 -1 -1 -1 -1 -1 3
3 3 -1 -1 -1 -1 0 0 0 0 -1 -1 -1 -1 -1 3 3
3 3 -1 -1 -1 0 0 0 0 -1 -1 -1 -1 -1 -1 3 3
3 3 3 -1 -1 0 0 0 -1 -1 -1 -1 -1 -1 3 3 3
3 3 3 3 3 0 0 0 -1 -1 -1 -1 3 3 3 3 3
3 3 3 3 3 3 3 3 -1 3 3 3 3 3 3 3 3
16:36:36.659225 - stdout  :: 0 0
16:36:36.663465 - stdin   :: 4 10 0 2
5 5
4 10
4 3
5 6
3 3 3 3 3 3 3 3 -1 3 3 3 3 3 3 3 3
3 3 3 3 3 -1 -1 -1 -1 -1 -1 -1 3 3 3 3 3
3 3 3 -1 -1 -1 -1 -1 -1 -1 -1 -1 -1 -1 3 3 3
3 3 -1 -1 -1 -1 -1 -1 -1 -1 -1 -1 -1 -1 -1 3 3
3 3 -1 -1 -1 -1 -1 -1 -1 -1 -1 -1 -1 -1 -1 3 3
3 -1 -1 -1 -1 -1 -1 -1 -1 -1 -1 -1 -1 -1 -1 -1 3
3 -1 0 0 0 0 0 0 -1 -1 -1 -1 -1 -1 -1 -1 3
3 0 0 0 0 0 0 0 0 -1 -1 -1 -1 -1 -1 -1 3
1 0 0 0 0 0 0 0 0 -1 -1 -1 -1 -1 -1 -1 -1
3 -1 0 0 0 0 0 0 0 -1 -1 -1 -1 -1 -1 -1 3
3 -1 -1 -1 -1 -1 0 0 0 -1 -1 -1 -1 -1 -1 -1 3
3 -1 -1 -1 -1 0 0 0 0 -1 -1 -1 -1 -1 -1 -1 3
3 3 -1 -1 0 0 0 0 -1 -1 -1 -1 -1 -1 -1 3 3
3 3 -1 0 0 0 0 -1 -1 -1 -1 -1 -1 -1 -1 3 3
3 3 3 0 0 0 -1 -1 -1 -1 -1 -1 -1 -1 3 3 3
3 3 3 3 3 0 -1 -1 -1 -1 -1 -1 3 3 3 3 3
3 3 3 3 3 3 3 3 -1 3 3 3 3 3 3 3 3
16:36:36.663978 - stderr  :: Not blind, just being brave! (No valid action found.)
16:36:36.664118 - stdout  :: 0 0
16:36:36.694350 - stdin   :: 4 10 0 0
7 8
4 10
4 5
5 6
3 3 3 3 3 3 3 3 -1 3 3 3 3 3 3 3 3
3 3 3 3 3 -1 -1 -1 -1 -1 -1 -1 3 3 3 3 3
3 3 3 -1 -1 -1 -1 -1 -1 -1 -1 -1 -1 -1 3 3 3
3 3 -1 -1 -1 -1 -1 -1 -1 -1 -1 -1 -1 -1 -1 3 3
3 3 -1 -1 -1 -1 -1 -1 -1 -1 -1 -1 -1 -1 -1 3 3
3 -1 -1 -1 -1 -1 -1 -1 -1 -1 -1 -1 -1 -1 -1 -1 3
3 -1 0 0 0 0 0 0 -1 -1 -1 -1 -1 -1 -1 -1 3
3 0 0 0 0 0 0 0 0 -1 -1 -1 -1 -1 -1 -1 3
1 0 0 0 0 0 0 0 0 -1 -1 -1 -1 -1 -1 -1 -1
3 -1 0 0 0 0 0 0 0 -1 -1 -1 -1 -1 -1 -1 3
3 -1 -1 -1 -1 -1 0 0 0 -1 -1 -1 -1 -1 -1 -1 3
3 -1 -1 -1 -1 0 0 0 0 -1 -1 -1 -1 -1 -1 -1 3
3 3 -1 -1 0 0 0 0 -1 -1 -1 -1 -1 -1 -1 3 3
3 3 -1 0 0 0 0 -1 -1 -1 -1 -1 -1 -1 -1 3 3
3 3 3 0 0 0 -1 -1 -1 -1 -1 -1 -1 -1 3 3 3
3 3 3 3 3 0 -1 -1 -1 -1 -1 -1 3 3 3 3 3
3 3 3 3 3 3 3 3 -1 3 3 3 3 3 3 3 3
16:36:36.694954 - stdout  :: -1 0
16:36:36.701156 - stdin   :: 3 10 -1 0
8 7
3 10
5 5
5 6
3 3 3 3 3 3 3 3 -1 3 3 3 3 3 3 3 3
3 3 3 3 3 -1 -1 -1 -1 -1 -1 -1 3 3 3 3 3
3 3 3 -1 -1 -1 -1 -1 -1 -1 -1 -1 -1 -1 3 3 3
3 3 -1 -1 -1 -1 -1 -1 -1 -1 -1 -1 -1 -1 -1 3 3
3 3 -1 -1 -1 -1 -1 -1 -1 -1 -1 -1 -1 -1 -1 3 3
3 -1 -1 -1 -1 -1 -1 -1 -1 -1 -1 -1 -1 -1 -1 -1 3
3 -1 -1 -1 -1 -1 -1 -1 -1 -1 -1 -1 -1 -1 -1 -1 3
3 -1 0 0 0 0 0 0 -1 -1 -1 -1 -1 -1 -1 -1 3
1 0 0 0 0 0 0 0 0 -1 -1 -1 -1 -1 -1 -1 -1
3 0 0 0 0 0 0 0 0 -1 -1 -1 -1 -1 -1 -1 3
3 -1 0 0 0 0 0 0 0 -1 -1 -1 -1 -1 -1 -1 3
3 -1 -1 -1 -1 -1 0 0 0 -1 -1 -1 -1 -1 -1 -1 3
3 3 -1 -1 -1 0 0 0 0 -1 -1 -1 -1 -1 -1 3 3
3 3 -1 -1 0 0 0 0 -1 -1 -1 -1 -1 -1 -1 3 3
3 3 3 0 0 0 0 -1 -1 -1 -1 -1 -1 -1 3 3 3
3 3 3 3 3 0 -1 -1 -1 -1 -1 -1 3 3 3 3 3
3 3 3 3 3 3 3 3 -1 3 3 3 3 3 3 3 3
16:36:36.701793 - stdout  :: 0 -1
16:36:36.707722 - stdin   :: 2 9 -1 -1
9 6
2 9
5 4
5 6
3 3 3 3 3 3 3 3 -1 3 3 3 3 3 3 3 3
3 3 3 3 3 -1 -1 -1 -1 -1 -1 -1 3 3 3 3 3
3 3 3 -1 -1 -1 -1 -1 -1 -1 -1 -1 -1 -1 3 3 3
3 3 -1 -1 -1 -1 -1 -1 -1 -1 -1 -1 -1 -1 -1 3 3
3 3 -1 -1 -1 -1 -1 -1 -1 -1 -1 -1 -1 -1 -1 3 3
3 -1 -1 -1 -1 -1 -1 -1 -1 -1 -1 -1 -1 -1 -1 -1 3
3 -1 -1 -1 -1 -1 -1 -1 -1 -1 -1 -1 -1 -1 -1 -1 3
3 -1 -1 -1 -1 -1 -1 -1 -1 -1 -1 -1 -1 -1 -1 -1 3
-1 1 -1 0 0 0 0 0 0 -1 -1 -1 -1 -1 -1 -1 -1
3 1 0 0 0 0 0 0 0 0 -1 -1 -1 -1 -1 -1 3
3 1 0 0 0 0 0 0 0 0 -1 -1 -1 -1 -1 -1 3
3 1 -1 0 0 0 0 0 0 0 -1 -1 -1 -1 -1 -1 3
3 3 -1 -1 -1 -1 -1 0 0 0 -1 -1 -1 -1 -1 3 3
3 3 -1 -1 -1 -1 0 0 0 0 -1 -1 -1 -1 -1 3 3
3 3 3 -1 -1 0 0 0 0 -1 -1 -1 -1 -1 3 3 3
3 3 3 3 3 0 0 0 -1 -1 -1 -1 3 3 3 3 3
3 3 3 3 3 3 3 3 -1 3 3 3 3 3 3 3 3
16:36:36.708233 - stdout  :: 1 0
16:36:36.716281 - stdin   :: 2 8 0 -1
10 5
2 8
5 4
5 6
3 3 3 3 3 3 3 3 -1 3 3 3 3 3 3 3 3
3 3 3 3 3 -1 -1 -1 -1 -1 -1 -1 3 3 3 3 3
3 3 3 -1 -1 -1 -1 -1 -1 -1 -1 -1 -1 -1 3 3 3
3 3 -1 -1 -1 -1 -1 -1 -1 -1 -1 -1 -1 -1 -1 3 3
3 3 -1 -1 -1 -1 -1 -1 -1 -1 -1 -1 -1 -1 -1 3 3
3 -1 -1 -1 -1 -1 -1 -1 -1 -1 -1 -1 -1 -1 -1 -1 3
3 -1 -1 -1 -1 -1 -1 -1 -1 -1 -1 -1 -1 -1 -1 -1 3
3 -1 -1 -1 -1 -1 -1 -1 -1 -1 -1 -1 -1 -1 -1 -1 3
-1 -1 1 -1 0 0 0 0 0 0 -1 -1 -1 -1 -1 -1 -1
3 -1 1 0 0 0 0 0 0 0 0 -1 -1 -1 -1 -1 3
3 -1 1 0 0 0 0 0 0 0 0 -1 -1 -1 -1 -1 3
3 -1 1 -1 0 0 0 0 0 0 0 -1 -1 -1 -1 -1 3
3 3 -1 -1 -1 -1 -1 -1 0 0 0 -1 -1 -1 -1 3 3
3 3 -1 -1 -1 -1 -1 0 0 0 0 -1 -1 -1 -1 3 3
3 3 3 -1 -1 -1 0 0 0 0 -1 -1 -1 -1 3 3 3
3 3 3 3 3 0 0 0 0 -1 -1 -1 3 3 3 3 3
3 3 3 3 3 3 3 3 -1 3 3 3 3 3 3 3 3
16:36:36.716714 - stdout  :: 0 0
16:36:36.723241 - stdin   :: 2 7 0 -1
11 5
2 7
5 5
5 6
3 3 3 3 3 3 3 3 -1 3 3 3 3 3 3 3 3
3 3 3 3 3 -1 -1 -1 -1 -1 -1 -1 3 3 3 3 3
3 3 3 -1 -1 -1 -1 -1 -1 -1 -1 -1 -1 -1 3 3 3
3 3 -1 -1 -1 -1 -1 -1 -1 -1 -1 -1 -1 -1 -1 3 3
3 3 -1 -1 -1 -1 -1 -1 -1 -1 -1 -1 -1 -1 -1 3 3
3 -1 -1 -1 -1 -1 -1 -1 -1 -1 -1 -1 -1 -1 -1 -1 3
3 -1 -1 -1 -1 -1 -1 -1 -1 -1 -1 -1 -1 -1 -1 -1 3
3 -1 -1 -1 -1 -1 -1 -1 -1 -1 -1 -1 -1 -1 -1 -1 3
-1 -1 -1 1 -1 0 0 0 0 0 0 -1 -1 -1 -1 -1 -1
3 -1 -1 1 0 0 0 0 0 0 0 0 -1 -1 -1 -1 3
3 -1 -1 1 0 0 0 0 0 0 0 0 -1 -1 -1 -1 3
3 -1 -1 1 -1 0 0 0 0 0 0 0 -1 -1 -1 -1 3
3 3 -1 -1 -1 -1 -1 -1 -1 0 0 0 -1 -1 -1 3 3
3 3 -1 -1 -1 -1 -1 -1 0 0 0 0 -1 -1 -1 3 3
3 3 3 -1 -1 -1 -1 0 0 0 0 -1 -1 -1 3 3 3
3 3 3 3 3 -1 0 0 0 0 -1 -1 3 3 3 3 3
3 3 3 3 3 3 3 3 0 3 3 3 3 3 3 3 3
16:36:36.723588 - stdout  :: 0 0
16:36:36.729624 - stdin   :: 2 6 0 -1
12 4
2 6
4 6
5 6
3 3 3 3 3 3 3 3 -1 3 3 3 3 3 3 3 3
3 3 3 3 3 -1 -1 -1 -1 -1 -1 -1 3 3 3 3 3
3 3 3 -1 -1 -1 -1 -1 -1 -1 -1 -1 -1 -1 3 3 3
3 3 -1 -1 -1 -1 -1 -1 -1 -1 -1 -1 -1 -1 -1 3 3
3 3 -1 -1 -1 -1 -1 -1 -1 -1 -1 -1 -1 -1 -1 3 3
3 -1 -1 -1 -1 -1 -1 -1 -1 -1 -1 -1 -1 -1 -1 -1 3
3 -1 -1 -1 -1 -1 -1 -1 -1 -1 -1 -1 -1 -1 -1 -1 3
3 -1 -1 -1 -1 -1 -1 -1 -1 -1 -1 -1 -1 -1 -1 -1 3
-1 -1 -1 -1 1 -1 0 0 0 0 0 0 -1 -1 -1 -1 -1
3 -1 -1 -1 1 0 0 0 0 0 0 0 0 -1 -1 -1 3
3 -1 -1 -1 1 0 0 0 0 0 0 0 0 -1 -1 -1 3
3 -1 -1 -1 1 -1 0 0 0 0 0 0 0 -1 -1 -1 3
3 3 -1 -1 -1 -1 -1 -1 -1 -1 0 0 0 -1 -1 3 3
3 3 -1 -1 -1 -1 -1 -1 -1 0 0 0 0 -1 -1 3 3
3 3 3 -1 -1 -1 -1 -1 0 0 0 0 -1 -1 3 3 3
3 3 3 3 3 -1 -1 0 0 0 0 -1 3 3 3 3 3
3 3 3 3 3 3 3 3 0 3 3 3 3 3 3 3 3
16:36:36.729985 - stdout  :: 0 0
16:36:36.735805 - stdin   :: 2 5 0 -1
13 4
2 5
3 6
5 6
3 3 3 3 3 3 3 3 -1 3 3 3 3 3 3 3 3
3 3 3 3 3 -1 -1 -1 -1 -1 -1 -1 3 3 3 3 3
3 3 3 -1 -1 -1 -1 -1 -1 -1 -1 -1 -1 -1 3 3 3
3 3 -1 -1 -1 -1 -1 -1 -1 -1 -1 -1 -1 -1 -1 3 3
3 3 -1 -1 -1 -1 -1 -1 -1 -1 -1 -1 -1 -1 -1 3 3
3 -1 -1 -1 -1 -1 -1 -1 -1 -1 -1 -1 -1 -1 -1 -1 3
3 -1 -1 -1 -1 -1 -1 -1 -1 -1 -1 -1 -1 -1 -1 -1 3
3 -1 -1 -1 -1 -1 -1 -1 -1 -1 -1 -1 -1 -1 -1 -1 3
-1 -1 -1 -1 -1 1 -1 0 0 0 0 0 0 -1 -1 -1 -1
3 -1 -1 -1 -1 1 0 0 0 0 0 0 0 0 -1 -1 3
3 -1 -1 -1 -1 1 0 0 0 0 0 0 0 0 -1 -1 3
3 -1 -1 -1 -1 1 -1 0 0 0 0 0 0 0 -1 -1 3
3 3 -1 -1 -1 -1 -1 -1 -1 -1 -1 0 0 0 -1 3 3
3 3 -1 -1 -1 -1 -1 -1 -1 -1 0 0 0 0 -1 3 3
3 3 3 -1 -1 -1 -1 -1 -1 0 0 0 0 -1 3 3 3
3 3 3 3 3 -1 -1 -1 0 0 0 0 3 3 3 3 3
3 3 3 3 3 3 3 3 0 3 3 3 3 3 3 3 3
16:36:36.736349 - stdout  :: 1 -1
16:36:36.742133 - stdin   :: 3 3 1 -2
14 5
3 3
2 6
5 6
3 3 3 3 3 3 3 3 -1 3 3 3 3 3 3 3 3
3 3 3 3 3 -1 -1 -1 -1 -1 -1 -1 3 3 3 3 3
3 3 3 -1 -1 -1 -1 -1 -1 -1 -1 -1 -1 -1 3 3 3
3 3 -1 -1 -1 -1 -1 -1 -1 -1 -1 -1 -1 -1 -1 3 3
3 3 -1 -1 -1 -1 -1 -1 -1 -1 -1 -1 -1 -1 -1 3 3
3 -1 -1 -1 -1 -1 -1 -1 -1 -1 -1 -1 -1 -1 -1 -1 3
3 -1 -1 -1 -1 -1 -1 -1 -1 -1 -1 -1 -1 -1 -1 -1 3
3 -1 -1 -1 -1 -1 -1 1 -1 0 0 0 0 0 0 -1 3
-1 -1 -1 -1 -1 -1 -1 1 0 0 0 0 0 0 0 0 -1
3 -1 -1 -1 -1 -1 -1 1 0 0 0 0 0 0 0 0 3
3 -1 -1 -1 -1 -1 -1 1 -1 0 0 0 0 0 0 0 3
3 -1 -1 -1 -1 -1 -1 -1 -1 -1 -1 -1 -1 0 0 0 3
3 3 -1 -1 -1 -1 -1 -1 -1 -1 -1 -1 0 0 0 3 3
3 3 -1 -1 -1 -1 -1 -1 -1 -1 -1 0 0 0 0 3 3
3 3 3 -1 -1 -1 -1 -1 -1 -1 0 0 0 0 3 3 3
3 3 3 3 3 -1 -1 -1 -1 -1 0 0 3 3 3 3 3
3 3 3 3 3 3 3 3 -1 3 3 3 3 3 3 3 3
16:36:36.742643 - stdout  :: 1 1
16:36:36.748565 - stdin   :: 5 2 2 -1
15 5
5 2
2 7
5 6
3 3 3 3 3 3 3 3 -1 3 3 3 3 3 3 3 3
3 3 3 3 3 -1 -1 -1 -1 -1 -1 -1 3 3 3 3 3
3 3 3 -1 -1 -1 -1 -1 -1 -1 -1 -1 -1 -1 3 3 3
3 3 -1 -1 -1 -1 -1 -1 -1 -1 -1 -1 -1 -1 -1 3 3
3 3 -1 -1 -1 -1 -1 -1 -1 -1 -1 -1 -1 -1 -1 3 3
3 -1 -1 -1 -1 -1 -1 -1 1 -1 0 0 0 0 0 0 3
3 -1 -1 -1 -1 -1 -1 -1 1 0 0 0 0 0 0 0 3
3 -1 -1 -1 -1 -1 -1 -1 1 0 0 0 0 0 0 0 3
-1 -1 -1 -1 -1 -1 -1 -1 1 -1 0 0 0 0 0 0 0
3 -1 -1 -1 -1 -1 -1 -1 -1 -1 -1 -1 -1 -1 0 0 3
3 -1 -1 -1 -1 -1 -1 -1 -1 -1 -1 -1 -1 0 0 0 3
3 -1 -1 -1 -1 -1 -1 -1 -1 -1 -1 -1 0 0 0 0 3
3 3 -1 -1 -1 -1 -1 -1 -1 -1 -1 0 0 0 0 3 3
3 3 -1 -1 -1 -1 -1 -1 -1 -1 -1 0 0 0 -1 3 3
3 3 3 -1 -1 -1 -1 -1 -1 -1 -1 0 0 0 3 3 3
3 3 3 3 3 -1 -1 -1 -1 -1 0 0 3 3 3 3 3
3 3 3 3 3 3 3 3 -1 3 3 3 3 3 3 3 3
16:36:36.749032 - stderr  :: Not blind, just being brave! (No valid action found.)
16:36:36.749188 - stdout  :: 0 0
16:36:36.779880 - stdin   :: 5 2 0 0
15 11
5 2
4 6
5 6
3 3 3 3 3 3 3 3 -1 3 3 3 3 3 3 3 3
3 3 3 3 3 -1 -1 -1 -1 -1 -1 -1 3 3 3 3 3
3 3 3 -1 -1 -1 -1 -1 -1 -1 -1 -1 -1 -1 3 3 3
3 3 -1 -1 -1 -1 -1 -1 -1 -1 -1 -1 -1 -1 -1 3 3
3 3 -1 -1 -1 -1 -1 -1 -1 -1 -1 -1 -1 -1 -1 3 3
3 -1 -1 -1 -1 -1 -1 -1 1 -1 0 0 0 0 0 0 3
3 -1 -1 -1 -1 -1 -1 -1 1 0 0 0 0 0 0 0 3
3 -1 -1 -1 -1 -1 -1 -1 1 0 0 0 0 0 0 0 3
-1 -1 -1 -1 -1 -1 -1 -1 1 -1 0 0 0 0 0 0 0
3 -1 -1 -1 -1 -1 -1 -1 -1 -1 -1 -1 -1 -1 0 0 3
3 -1 -1 -1 -1 -1 -1 -1 -1 -1 -1 -1 -1 0 0 0 3
3 -1 -1 -1 -1 -1 -1 -1 -1 -1 -1 -1 0 0 0 0 3
3 3 -1 -1 -1 -1 -1 -1 -1 -1 -1 0 0 0 0 3 3
3 3 -1 -1 -1 -1 -1 -1 -1 -1 -1 0 0 0 -1 3 3
3 3 3 -1 -1 -1 -1 -1 -1 -1 -1 0 0 0 3 3 3
3 3 3 3 3 -1 -1 -1 -1 -1 0 0 3 3 3 3 3
3 3 3 3 3 3 3 3 -1 3 3 3 3 3 3 3 3
16:36:36.780441 - stdout  :: -1 1
16:36:36.787979 - stdin   :: 4 3 -1 1
14 12
4 3
5 5
5 6
3 3 3 3 3 3 3 3 -1 3 3 3 3 3 3 3 3
3 3 3 3 3 -1 -1 -1 -1 -1 -1 -1 3 3 3 3 3
3 3 3 -1 -1 -1 -1 -1 -1 -1 -1 -1 -1 -1 3 3 3
3 3 -1 -1 -1 -1 -1 -1 -1 -1 -1 -1 -1 -1 -1 3 3
3 3 -1 -1 -1 -1 -1 -1 -1 -1 -1 -1 -1 -1 -1 3 3
3 -1 -1 -1 -1 -1 -1 -1 -1 -1 -1 -1 -1 -1 -1 -1 3
3 -1 -1 -1 -1 -1 -1 1 -1 0 0 0 0 0 0 -1 3
3 -1 -1 -1 -1 -1 -1 1 0 0 0 0 0 0 0 0 3
-1 -1 -1 -1 -1 -1 -1 1 0 0 0 0 0 0 0 0 -1
3 -1 -1 -1 -1 -1 -1 1 -1 0 0 0 0 0 0 0 3
3 -1 -1 -1 -1 -1 -1 -1 -1 -1 -1 -1 -1 0 0 0 3
3 -1 -1 -1 -1 -1 -1 -1 -1 -1 -1 -1 0 0 0 0 3
3 3 -1 -1 -1 -1 -1 -1 -1 -1 -1 0 0 0 0 3 3
3 3 -1 -1 -1 -1 -1 -1 -1 -1 0 0 0 0 -1 3 3
3 3 3 -1 -1 -1 -1 -1 -1 -1 0 0 0 -1 3 3 3
3 3 3 3 3 -1 -1 -1 -1 -1 0 0 3 3 3 3 3
3 3 3 3 3 3 3 3 -1 3 3 3 3 3 3 3 3
16:36:36.788330 - stdout  :: 0 0
16:36:36.793984 - stdin   :: 3 4 -1 1
13 13
3 4
5 5
5 6
3 3 3 3 3 3 3 3 -1 3 3 3 3 3 3 3 3
3 3 3 3 3 -1 -1 -1 -1 -1 -1 -1 3 3 3 3 3
3 3 3 -1 -1 -1 -1 -1 -1 -1 -1 -1 -1 -1 3 3 3
3 3 -1 -1 -1 -1 -1 -1 -1 -1 -1 -1 -1 -1 -1 3 3
3 3 -1 -1 -1 -1 -1 -1 -1 -1 -1 -1 -1 -1 -1 3 3
3 -1 -1 -1 -1 -1 -1 -1 -1 -1 -1 -1 -1 -1 -1 -1 3
3 -1 -1 -1 -1 -1 -1 -1 -1 -1 -1 -1 -1 -1 -1 -1 3
3 -1 -1 -1 -1 -1 1 -1 0 0 0 0 0 0 -1 -1 3
-1 -1 -1 -1 -1 -1 1 0 0 0 0 0 0 0 0 -1 -1
3 -1 -1 -1 -1 -1 1 0 0 0 0 0 0 0 0 -1 3
3 -1 -1 -1 -1 -1 1 -1 0 0 0 0 0 0 0 -1 3
3 -1 -1 -1 -1 -1 -1 -1 -1 -1 -1 -1 0 0 0 -1 3
3 3 -1 -1 -1 -1 -1 -1 -1 -1 -1 0 0 0 0 3 3
3 3 -1 -1 -1 -1 -1 -1 -1 -1 0 0 0 0 -1 3 3
3 3 3 -1 -1 -1 -1 -1 -1 0 0 0 0 -1 3 3 3
3 3 3 3 3 -1 -1 -1 -1 0 0 0 3 3 3 3 3
3 3 3 3 3 3 3 3 -1 3 3 3 3 3 3 3 3
16:36:36.794374 - stdout  :: 0 0
16:36:36.800017 - stdin   :: 2 5 -1 1
12 14
2 5
4 6
5 6
3 3 3 3 3 3 3 3 -1 3 3 3 3 3 3 3 3
3 3 3 3 3 -1 -1 -1 -1 -1 -1 -1 3 3 3 3 3
3 3 3 -1 -1 -1 -1 -1 -1 -1 -1 -1 -1 -1 3 3 3
3 3 -1 -1 -1 -1 -1 -1 -1 -1 -1 -1 -1 -1 -1 3 3
3 3 -1 -1 -1 -1 -1 -1 -1 -1 -1 -1 -1 -1 -1 3 3
3 -1 -1 -1 -1 -1 -1 -1 -1 -1 -1 -1 -1 -1 -1 -1 3
3 -1 -1 -1 -1 -1 -1 -1 -1 -1 -1 -1 -1 -1 -1 -1 3
3 -1 -1 -1 -1 -1 -1 -1 -1 -1 -1 -1 -1 -1 -1 -1 3
-1 -1 -1 -1 -1 1 -1 0 0 0 0 0 0 -1 -1 -1 -1
3 -1 -1 -1 -1 1 0 0 0 0 0 0 0 0 -1 -1 3
3 -1 -1 -1 -1 1 0 0 0 0 0 0 0 0 -1 -1 3
3 -1 -1 -1 -1 1 -1 0 0 0 0 0 0 0 -1 -1 3
3 3 -1 -1 -1 -1 -1 -1 -1 -1 -1 0 0 0 -1 3 3
3 3 -1 -1 -1 -1 -1 -1 -1 -1 0 0 0 0 -1 3 3
3 3 3 -1 -1 -1 -1 -1 -1 0 0 0 0 -1 3 3 3
3 3 3 3 3 -1 -1 -1 0 0 0 0 3 3 3 3 3
3 3 3 3 3 3 3 3 0 3 3 3 3 3 3 3 3
16:36:36.800500 - stdout  :: 1 0
16:36:36.806242 - stdin   :: 2 6 0 1
11 15
2 6
4 6
5 6
3 3 3 3 3 3 3 3 -1 3 3 3 3 3 3 3 3
3 3 3 3 3 -1 -1 -1 -1 -1 -1 -1 3 3 3 3 3
3 3 3 -1 -1 -1 -1 -1 -1 -1 -1 -1 -1 -1 3 3 3
3 3 -1 -1 -1 -1 -1 -1 -1 -1 -1 -1 -1 -1 -1 3 3
3 3 -1 -1 -1 -1 -1 -1 -1 -1 -1 -1 -1 -1 -1 3 3
3 -1 -1 -1 -1 -1 -1 -1 -1 -1 -1 -1 -1 -1 -1 -1 3
3 -1 -1 -1 -1 -1 -1 -1 -1 -1 -1 -1 -1 -1 -1 -1 3
3 -1 -1 -1 -1 -1 -1 -1 -1 -1 -1 -1 -1 -1 -1 -1 3
-1 -1 -1 -1 1 -1 0 0 0 0 0 0 -1 -1 -1 -1 -1
3 -1 -1 -1 1 0 0 0 0 0 0 0 0 -1 -1 -1 3
3 -1 -1 -1 1 0 0 0 0 0 0 0 0 -1 -1 -1 3
3 -1 -1 -1 1 -1 0 0 0 0 0 0 0 -1 -1 -1 3
3 3 -1 -1 -1 -1 -1 -1 -1 -1 0 0 0 -1 -1 3 3
3 3 -1 -1 -1 -1 -1 -1 -1 0 0 0 0 -1 -1 3 3
3 3 3 -1 -1 -1 -1 -1 0 0 0 0 -1 -1 3 3 3
3 3 3 3 3 -1 -1 0 0 0 0 -1 3 3 3 3 3
3 3 3 3 3 3 3 3 0 3 3 3 3 3 3 3 3
16:36:36.806567 - stdout  :: 0 0
16:36:36.812158 - stdin   :: 2 7 0 1
10 16
2 7
5 7
5 6
3 3 3 3 3 3 3 3 -1 3 3 3 3 3 3 3 3
3 3 3 3 3 -1 -1 -1 -1 -1 -1 -1 3 3 3 3 3
3 3 3 -1 -1 -1 -1 -1 -1 -1 -1 -1 -1 -1 3 3 3
3 3 -1 -1 -1 -1 -1 -1 -1 -1 -1 -1 -1 -1 -1 3 3
3 3 -1 -1 -1 -1 -1 -1 -1 -1 -1 -1 -1 -1 -1 3 3
3 -1 -1 -1 -1 -1 -1 -1 -1 -1 -1 -1 -1 -1 -1 -1 3
3 -1 -1 -1 -1 -1 -1 -1 -1 -1 -1 -1 -1 -1 -1 -1 3
3 -1 -1 -1 -1 -1 -1 -1 -1 -1 -1 -1 -1 -1 -1 -1 3
-1 -1 -1 1 -1 0 0 0 0 0 0 -1 -1 -1 -1 -1 -1
3 -1 -1 1 0 0 0 0 0 0 0 0 -1 -1 -1 -1 3
3 -1 -1 1 0 0 0 0 0 0 0 0 -1 -1 -1 -1 3
3 -1 -1 1 -1 0 0 0 0 0 0 0 -1 -1 -1 -1 3
3 3 -1 -1 -1 -1 -1 -1 -1 0 0 0 -1 -1 -1 3 3
3 3 -1 -1 -1 -1 -1 -1 0 0 0 0 -1 -1 -1 3 3
3 3 3 -1 -1 -1 -1 0 0 0 0 -1 -1 -1 3 3 3
3 3 3 3 3 -1 0 0 0 0 -1 -1 3 3 3 3 3
3 3 3 3 3 3 3 3 0 3 3 3 3 3 3 3 3
16:36:36.812494 - stdout  :: 0 0
16:36:36.818047 - stdin   :: 2 8 0 1
9 17
2 8
5 7
5 6
3 3 3 3 3 3 3 3 -1 3 3 3 3 3 3 3 3
3 3 3 3 3 -1 -1 -1 -1 -1 -1 -1 3 3 3 3 3
3 3 3 -1 -1 -1 -1 -1 -1 -1 -1 -1 -1 -1 3 3 3
3 3 -1 -1 -1 -1 -1 -1 -1 -1 -1 -1 -1 -1 -1 3 3
3 3 -1 -1 -1 -1 -1 -1 -1 -1 -1 -1 -1 -1 -1 3 3
3 -1 -1 -1 -1 -1 -1 -1 -1 -1 -1 -1 -1 -1 -1 -1 3
3 -1 -1 -1 -1 -1 -1 -1 -1 -1 -1 -1 -1 -1 -1 -1 3
3 -1 -1 -1 -1 -1 -1 -1 -1 -1 -1 -1 -1 -1 -1 -1 3
-1 -1 1 -1 0 0 0 0 0 0 -1 -1 -1 -1 -1 -1 -1
3 -1 1 0 0 0 0 0 0 0 0 -1 -1 -1 -1 -1 3
3 -1 1 0 0 0 0 0 0 0 0 -1 -1 -1 -1 -1 3
3 -1 1 -1 0 0 0 0 0 0 0 -1 -1 -1 -1 -1 3
3 3 -1 -1 -1 -1 -1 -1 0 0 0 -1 -1 -1 -1 3 3
3 3 -1 -1 -1 -1 -1 0 0 0 0 -1 -1 -1 -1 3 3
3 3 3 -1 -1 -1 0 0 0 0 -1 -1 -1 -1 3 3 3
3 3 3 3 3 0 0 0 0 -1 -1 -1 3 3 3 3 3
3 3 3 3 3 3 3 3 -1 3 3 3 3 3 3 3 3
16:36:36.818365 - stdout  :: 0 0
16:36:36.825897 - stdin   :: 2 9 0 1
8 18
2 9
5 7
5 6
3 3 3 3 3 3 3 3 -1 3 3 3 3 3 3 3 3
3 3 3 3 3 -1 -1 -1 -1 -1 -1 -1 3 3 3 3 3
3 3 3 -1 -1 -1 -1 -1 -1 -1 -1 -1 -1 -1 3 3 3
3 3 -1 -1 -1 -1 -1 -1 -1 -1 -1 -1 -1 -1 -1 3 3
3 3 -1 -1 -1 -1 -1 -1 -1 -1 -1 -1 -1 -1 -1 3 3
3 -1 -1 -1 -1 -1 -1 -1 -1 -1 -1 -1 -1 -1 -1 -1 3
3 -1 -1 -1 -1 -1 -1 -1 -1 -1 -1 -1 -1 -1 -1 -1 3
3 -1 -1 -1 -1 -1 -1 -1 -1 -1 -1 -1 -1 -1 -1 -1 3
-1 1 -1 0 0 0 0 0 0 -1 -1 -1 -1 -1 -1 -1 -1
3 1 0 0 0 0 0 0 0 0 -1 -1 -1 -1 -1 -1 3
3 1 0 0 0 0 0 0 0 0 -1 -1 -1 -1 -1 -1 3
3 1 -1 0 0 0 0 0 0 0 -1 -1 -1 -1 -1 -1 3
3 3 -1 -1 -1 -1 -1 0 0 0 -1 -1 -1 -1 -1 3 3
3 3 -1 -1 -1 -1 0 0 0 0 -1 -1 -1 -1 -1 3 3
3 3 3 -1 -1 0 0 0 0 -1 -1 -1 -1 -1 3 3 3
3 3 3 3 3 0 0 0 -1 -1 -1 -1 3 3 3 3 3
3 3 3 3 3 3 3 3 -1 3 3 3 3 3 3 3 3
16:36:36.826398 - stdout  :: 1 0
16:36:36.832573 - stdin   :: 3 10 1 1
7 19
3 10
5 7
5 6
3 3 3 3 3 3 3 3 -1 3 3 3 3 3 3 3 3
3 3 3 3 3 -1 -1 -1 -1 -1 -1 -1 3 3 3 3 3
3 3 3 -1 -1 -1 -1 -1 -1 -1 -1 -1 -1 -1 3 3 3
3 3 -1 -1 -1 -1 -1 -1 -1 -1 -1 -1 -1 -1 -1 3 3
3 3 -1 -1 -1 -1 -1 -1 -1 -1 -1 -1 -1 -1 -1 3 3
3 -1 -1 -1 -1 -1 -1 -1 -1 -1 -1 -1 -1 -1 -1 -1 3
3 -1 -1 -1 -1 -1 -1 -1 -1 -1 -1 -1 -1 -1 -1 -1 3
3 -1 0 0 0 0 0 0 -1 -1 -1 -1 -1 -1 -1 -1 3
1 0 0 0 0 0 0 0 0 -1 -1 -1 -1 -1 -1 -1 -1
3 0 0 0 0 0 0 0 0 -1 -1 -1 -1 -1 -1 -1 3
3 -1 0 0 0 0 0 0 0 -1 -1 -1 -1 -1 -1 -1 3
3 -1 -1 -1 -1 -1 0 0 0 -1 -1 -1 -1 -1 -1 -1 3
3 3 -1 -1 -1 0 0 0 0 -1 -1 -1 -1 -1 -1 3 3
3 3 -1 -1 0 0 0 0 -1 -1 -1 -1 -1 -1 -1 3 3
3 3 3 0 0 0 0 -1 -1 -1 -1 -1 -1 -1 3 3 3
3 3 3 3 3 0 -1 -1 -1 -1 -1 -1 3 3 3 3 3
3 3 3 3 3 3 3 3 -1 3 3 3 3 3 3 3 3
16:36:36.833175 - stdout  :: 0 -1
16:36:36.839567 - stdin   :: 4 10 1 0
6 20
4 10
4 7
5 6
3 3 3 3 3 3 3 3 -1 3 3 3 3 3 3 3 3
3 3 3 3 3 -1 -1 -1 -1 -1 -1 -1 3 3 3 3 3
3 3 3 -1 -1 -1 -1 -1 -1 -1 -1 -1 -1 -1 3 3 3
3 3 -1 -1 -1 -1 -1 -1 -1 -1 -1 -1 -1 -1 -1 3 3
3 3 -1 -1 -1 -1 -1 -1 -1 -1 -1 -1 -1 -1 -1 3 3
3 -1 -1 -1 -1 -1 -1 -1 -1 -1 -1 -1 -1 -1 -1 -1 3
3 -1 0 0 0 0 0 0 -1 -1 -1 -1 -1 -1 -1 -1 3
3 0 0 0 0 0 0 0 0 -1 -1 -1 -1 -1 -1 -1 3
1 0 0 0 0 0 0 0 0 -1 -1 -1 -1 -1 -1 -1 -1
3 -1 0 0 0 0 0 0 0 -1 -1 -1 -1 -1 -1 -1 3
3 -1 -1 -1 -1 -1 0 0 0 -1 -1 -1 -1 -1 -1 -1 3
3 -1 -1 -1 -1 0 0 0 0 -1 -1 -1 -1 -1 -1 -1 3
3 3 -1 -1 0 0 0 0 -1 -1 -1 -1 -1 -1 -1 3 3
3 3 -1 0 0 0 0 -1 -1 -1 -1 -1 -1 -1 -1 3 3
3 3 3 0 0 0 -1 -1 -1 -1 -1 -1 -1 -1 3 3 3
3 3 3 3 3 0 -1 -1 -1 -1 -1 -1 3 3 3 3 3
3 3 3 3 3 3 3 3 -1 3 3 3 3 3 3 3 3
16:36:36.839996 - stdout  :: 0 0
16:36:36.846039 - stdin   :: 5 10 1 0
6 21
5 10
4 8
5 6
3 3 3 3 3 3 3 3 -1 3 3 3 3 3 3 3 3
3 3 3 3 3 -1 -1 -1 -1 -1 -1 -1 3 3 3 3 3
3 3 3 -1 -1 -1 -1 -1 -1 -1 -1 -1 -1 -1 3 3 3
3 3 -1 -1 -1 -1 -1 -1 -1 -1 -1 -1 -1 -1 -1 3 3
3 3 -1 -1 -1 -1 -1 -1 -1 -1 -1 -1 -1 -1 -1 3 3
3 -1 0 0 0 0 0 0 -1 -1 -1 -1 -1 -1 -1 -1 3
3 0 0 0 0 0 0 0 0 -1 -1 -1 -1 -1 -1 -1 3
3 0 0 0 0 0 0 0 0 -1 -1 -1 -1 -1 -1 -1 3
1 -1 0 0 0 0 0 0 0 -1 -1 -1 -1 -1 -1 -1 -1
3 -1 -1 -1 -1 -1 0 0 0 -1 -1 -1 -1 -1 -1 -1 3
3 -1 -1 -1 -1 0 0 0 0 -1 -1 -1 -1 -1 -1 -1 3
3 -1 -1 -1 0 0 0 0 -1 -1 -1 -1 -1 -1 -1 0 3
3 3 -1 0 0 0 0 -1 -1 -1 -1 -1 -1 -1 -1 3 3
3 3 -1 0 0 0 -1 -1 -1 -1 -1 -1 -1 -1 0 3 3
3 3 3 0 0 0 -1 -1 -1 -1 -1 -1 -1 0 3 3 3
3 3 3 3 3 0 -1 -1 -1 -1 -1 -1 3 3 3 3 3
3 3 3 3 3 3 3 3 -1 3 3 3 3 3 3 3 3
16:36:36.846498 - stdout  :: 0 0
16:36:36.852412 - stdin   :: 6 10 1 0
7 22
6 10
3 8
5 6
3 3 3 3 3 3 3 3 -1 3 3 3 3 3 3 3 3
3 3 3 3 3 -1 -1 -1 -1 -1 -1 -1 3 3 3 3 3
3 3 3 -1 -1 -1 -1 -1 -1 -1 -1 -1 -1 -1 3 3 3
3 3 -1 -1 -1 -1 -1 -1 -1 -1 -1 -1 -1 -1 -1 3 3
3 3 0 0 0 0 0 0 -1 -1 -1 -1 -1 -1 -1 3 3
3 0 0 0 0 0 0 0 0 -1 -1 -1 -1 -1 -1 -1 3
3 0 0 0 0 0 0 0 0 -1 -1 -1 -1 -1 -1 -1 3
3 -1 0 0 0 0 0 0 0 -1 -1 -1 -1 -1 -1 -1 3
-1 -1 -1 -1 -1 -1 0 0 0 -1 -1 -1 -1 -1 -1 -1 -1
3 -1 -1 -1 -1 0 0 0 0 -1 -1 -1 -1 -1 -1 -1 3
3 -1 -1 -1 0 0 0 0 -1 -1 -1 -1 -1 -1 -1 0 3
3 -1 -1 0 0 0 0 -1 -1 -1 -1 -1 -1 -1 -1 0 3
3 3 -1 0 0 0 -1 -1 -1 -1 -1 -1 -1 -1 0 3 3
3 3 -1 0 0 0 -1 -1 -1 -1 -1 -1 -1 0 0 3 3
3 3 3 0 0 0 -1 -1 -1 -1 -1 -1 0 0 3 3 3
3 3 3 3 3 -1 -1 -1 -1 -1 -1 0 3 3 3 3 3
3 3 3 3 3 3 3 3 -1 3 3 3 3 3 3 3 3
16:36:36.852803 - stdout  :: 0 0
16:36:36.858757 - stdin   :: 7 10 1 0
7 23
7 10
2 8
5 6
3 3 3 3 3 3 3 3 -1 3 3 3 3 3 3 3 3
3 3 3 3 3 -1 -1 -1 -1 -1 -1 -1 3 3 3 3 3
3 3 3 -1 -1 -1 -1 -1 -1 -1 -1 -1 -1 -1 3 3 3
3 3 0 0 0 0 0 0 -1 -1 -1 -1 -1 -1 -1 3 3
3 3 0 0 0 0 0 0 0 -1 -1 -1 -1 -1 -1 3 3
3 0 0 0 0 0 0 0 0 -1 -1 -1 -1 -1 -1 -1 3
3 -1 0 0 0 0 0 0 0 -1 -1 -1 -1 -1 -1 -1 3
3 -1 -1 -1 -1 -1 0 0 0 -1 -1 -1 -1 -1 -1 -1 3
-1 -1 -1 -1 -1 0 0 0 0 -1 -1 -1 -1 -1 -1 -1 0
3 -1 -1 -1 0 0 0 0 -1 -1 -1 -1 -1 -1 -1 0 3
3 -1 -1 0 0 0 0 -1 -1 -1 -1 -1 -1 -1 -1 0 3
3 -1 -1 0 0 0 -1 -1 -1 -1 -1 -1 -1 -1 0 0 3
3 3 -1 0 0 0 -1 -1 -1 -1 -1 -1 -1 0 0 3 3
3 3 0 0 0 0 -1 -1 -1 -1 -1 -1 0 0 0 3 3
3 3 3 0 0 -1 -1 -1 -1 -1 -1 0 0 0 3 3 3
3 3 3 3 3 -1 -1 -1 -1 -1 0 0 3 3 3 3 3
3 3 3 3 3 3 3 3 -1 3 3 3 3 3 3 3 3
16:36:36.859258 - stdout  :: -1 -1
16:36:36.867018 - stdin   :: 7 9 0 -1
8 24
7 9
2 9
5 6
3 3 3 3 3 3 3 3 -1 3 3 3 3 3 3 3 3
3 3 3 3 3 -1 -1 -1 -1 -1 -1 -1 3 3 3 3 3
3 3 3 -1 -1 -1 -1 -1 -1 -1 -1 -1 -1 -1 3 3 3
3 3 -1 0 0 0 0 0 0 -1 -1 -1 -1 -1 -1 3 3
3 3 0 0 0 0 0 0 0 0 -1 -1 -1 -1 -1 3 3
3 1 0 0 0 0 0 0 0 0 -1 -1 -1 -1 -1 -1 3
3 1 -1 0 0 0 0 0 0 0 -1 -1 -1 -1 -1 -1 3
3 -1 -1 -1 -1 -1 -1 0 0 0 -1 -1 -1 -1 -1 -1 3
-1 -1 -1 -1 -1 -1 0 0 0 0 -1 -1 -1 -1 -1 -1 -1
3 -1 -1 -1 -1 0 0 0 0 -1 -1 -1 -1 -1 -1 -1 3
3 -1 -1 -1 0 0 0 0 -1 -1 -1 -1 -1 -1 -1 -1 3
3 -1 -1 -1 0 0 0 -1 -1 -1 -1 -1 -1 -1 -1 0 3
3 3 -1 -1 0 0 0 -1 -1 -1 -1 -1 -1 -1 0 3 3
3 3 -1 0 0 0 0 -1 -1 -1 -1 -1 -1 0 0 3 3
3 3 3 0 0 0 -1 -1 -1 -1 -1 -1 0 0 3 3 3
3 3 3 3 3 0 -1 -1 -1 -1 -1 0 3 3 3 3 3
3 3 3 3 3 3 3 3 -1 3 3 3 3 3 3 3 3
16:36:36.867352 - stdout  :: 0 0
16:36:36.873031 - stdin   :: 7 8 0 -1
9 25
7 8
3 9
5 6
3 3 3 3 3 3 3 3 -1 3 3 3 3 3 3 3 3
3 3 3 3 3 -1 -1 -1 -1 -1 -1 -1 3 3 3 3 3
3 3 3 -1 -1 -1 -1 -1 -1 -1 -1 -1 -1 -1 3 3 3
3 3 1 -1 0 0 0 0 0 0 -1 -1 -1 -1 -1 3 3
3 3 1 0 0 0 0 0 0 0 0 -1 -1 -1 -1 3 3
3 -1 1 0 0 0 0 0 0 0 0 -1 -1 -1 -1 -1 3
3 -1 1 -1 0 0 0 0 0 0 0 -1 -1 -1 -1 -1 3
3 -1 -1 -1 -1 -1 -1 -1 0 0 0 -1 -1 -1 -1 -1 3
-1 -1 -1 -1 -1 -1 -1 0 0 0 0 -1 -1 -1 -1 -1 -1
3 -1 -1 -1 -1 -1 0 0 0 0 -1 -1 -1 -1 -1 -1 3
3 -1 -1 -1 -1 0 0 0 0 -1 -1 -1 -1 -1 -1 -1 3
3 -1 -1 -1 -1 0 0 0 -1 -1 -1 -1 -1 -1 -1 -1 3
3 3 -1 -1 -1 0 0 0 -1 -1 -1 -1 -1 -1 -1 3 3
3 3 -1 -1 0 0 0 0 -1 -1 -1 -1 -1 -1 0 3 3
3 3 3 -1 0 0 0 -1 -1 -1 -1 -1 -1 0 3 3 3
3 3 3 3 3 0 0 -1 -1 -1 -1 -1 3 3 3 3 3
3 3 3 3 3 3 3 3 -1 3 3 3 3 3 3 3 3
16:36:36.873347 - stdout  :: 0 0
16:36:36.879308 - stdin   :: 7 7 0 -1
10 25
7 7
4 9
5 6
3 3 3 3 3 3 3 3 -1 3 3 3 3 3 3 3 3
3 3 3 3 3 -1 -1 -1 -1 -1 -1 -1 3 3 3 3 3
3 3 3 -1 -1 -1 -1 -1 -1 -1 -1 -1 -1 -1 3 3 3
3 3 -1 1 -1 0 0 0 0 0 0 -1 -1 -1 -1 3 3
3 3 -1 1 0 0 0 0 0 0 0 0 -1 -1 -1 3 3
3 -1 -1 1 0 0 0 0 0 0 0 0 -1 -1 -1 -1 3
3 -1 -1 1 -1 0 0 0 0 0 0 0 -1 -1 -1 -1 3
3 -1 -1 -1 -1 -1 -1 -1 -1 0 0 0 -1 -1 -1 -1 3
-1 -1 -1 -1 -1 -1 -1 -1 0 0 0 0 -1 -1 -1 -1 -1
3 -1 -1 -1 -1 -1 -1 0 0 0 0 -1 -1 -1 -1 -1 3
3 -1 -1 -1 -1 -1 0 0 0 0 -1 -1 -1 -1 -1 -1 3
3 -1 -1 -1 -1 -1 0 0 0 -1 -1 -1 -1 -1 -1 -1 3
3 3 -1 -1 -1 -1 0 0 0 -1 -1 -1 -1 -1 -1 3 3
3 3 -1 -1 -1 0 0 0 0 -1 -1 -1 -1 -1 -1 3 3
3 3 3 -1 -1 0 0 0 -1 -1 -1 -1 -1 -1 3 3 3
3 3 3 3 3 0 0 0 -1 -1 -1 -1 3 3 3 3 3
3 3 3 3 3 3 3 3 -1 3 3 3 3 3 3 3 3
16:36:36.879836 - stdout  :: 1 0
16:36:36.885682 - stdin   :: 8 6 1 -1
11 24
8 6
5 9
5 6
3 3 3 3 3 3 3 3 -1 3 3 3 3 3 3 3 3
3 3 3 3 3 -1 -1 -1 -1 -1 -1 -1 3 3 3 3 3
3 3 3 -1 1 -1 0 0 0 0 0 0 -1 -1 3 3 3
3 3 -1 -1 1 0 0 0 0 0 0 0 0 -1 -1 3 3
3 3 -1 -1 1 0 0 0 0 0 0 0 0 -1 -1 3 3
3 -1 -1 -1 1 -1 0 0 0 0 0 0 0 -1 -1 -1 3
3 -1 -1 -1 -1 -1 -1 -1 -1 -1 0 0 0 -1 -1 -1 3
3 -1 -1 -1 -1 -1 -1 -1 -1 0 0 0 0 -1 -1 -1 3
-1 -1 -1 -1 -1 -1 -1 -1 0 0 0 0 -1 -1 -1 -1 -1
3 -1 -1 -1 -1 -1 -1 0 0 0 0 -1 -1 -1 -1 -1 3
3 -1 -1 -1 -1 -1 -1 0 0 0 -1 -1 -1 -1 -1 -1 3
3 -1 -1 -1 -1 -1 -1 0 0 0 -1 -1 -1 -1 -1 -1 3
3 3 -1 -1 -1 -1 0 0 0 0 -1 -1 -1 -1 -1 3 3
3 3 -1 -1 -1 -1 0 0 0 -1 -1 -1 -1 -1 -1 3 3
3 3 3 -1 -1 -1 0 0 0 -1 -1 -1 -1 -1 3 3 3
3 3 3 3 3 -1 0 0 0 -1 -1 -1 3 3 3 3 3
3 3 3 3 3 3 3 3 0 3 3 3 3 3 3 3 3
16:36:36.886025 - stdout  :: 0 0
16:36:36.891726 - stdin   :: 9 5 1 -1
12 23
9 5
6 9
5 6
3 3 3 3 3 3 3 3 -1 3 3 3 3 3 3 3 3
3 3 3 3 3 1 -1 0 0 0 0 0 3 3 3 3 3
3 3 3 -1 -1 1 0 0 0 0 0 0 0 0 3 3 3
3 3 -1 -1 -1 1 0 0 0 0 0 0 0 0 -1 3 3
3 3 -1 -1 -1 1 -1 0 0 0 0 0 0 0 -1 3 3
3 -1 -1 -1 -1 -1 -1 -1 -1 -1 -1 0 0 0 -1 -1 3
3 -1 -1 -1 -1 -1 -1 -1 -1 -1 0 0 0 0 -1 -1 3
3 -1 -1 -1 -1 -1 -1 -1 -1 0 0 0 0 -1 -1 -1 3
-1 -1 -1 -1 -1 -1 -1 -1 0 0 0 0 -1 -1 -1 -1 -1
3 -1 -1 -1 -1 -1 -1 -1 0 0 0 -1 -1 -1 -1 -1 3
3 -1 -1 -1 -1 -1 -1 -1 0 0 0 -1 -1 -1 -1 -1 3
3 -1 -1 -1 -1 -1 -1 0 0 0 0 -1 -1 -1 -1 -1 3
3 3 -1 -1 -1 -1 -1 0 0 0 -1 -1 -1 -1 -1 3 3
3 3 -1 -1 -1 -1 -1 0 0 0 -1 -1 -1 -1 -1 3 3
3 3 3 -1 -1 -1 -1 0 0 0 -1 -1 -1 -1 3 3 3
3 3 3 3 3 -1 -1 0 0 0 -1 0 3 3 3 3 3
3 3 3 3 3 3 3 3 0 3 3 3 3 3 3 3 3
16:36:36.892200 - stdout  :: 1 1
16:36:36.898105 - stdin   :: 11 5 2 0
13 22
11 5
7 9
5 6
3 3 3 3 3 3 3 3 0 3 3 3 3 3 3 3 3
3 3 3 3 3 1 0 0 0 0 0 0 3 3 3 3 3
3 3 3 -1 -1 1 -1 0 0 0 0 0 0 0 3 3 3
3 3 -1 -1 -1 -1 -1 -1 -1 -1 -1 0 0 0 -1 3 3
3 3 -1 -1 -1 -1 -1 -1 -1 -1 0 0 0 0 -1 3 3
3 -1 -1 -1 -1 -1 -1 -1 -1 0 0 0 0 -1 -1 -1 3
3 -1 -1 -1 -1 -1 -1 -1 0 0 0 0 -1 -1 -1 -1 3
3 -1 -1 -1 -1 -1 -1 -1 0 0 0 -1 -1 -1 -1 -1 3
-1 -1 -1 -1 -1 -1 -1 -1 0 0 0 -1 -1 -1 -1 -1 -1
3 -1 -1 -1 -1 -1 -1 0 0 0 0 -1 -1 -1 -1 -1 3
3 -1 -1 -1 -1 -1 -1 0 0 0 -1 -1 -1 -1 -1 -1 3
3 -1 -1 -1 -1 -1 -1 0 0 0 -1 -1 -1 -1 -1 0 3
3 3 -1 -1 -1 -1 -1 0 0 0 -1 -1 -1 -1 0 3 3
3 3 -1 -1 -1 -1 -1 0 0 0 -1 0 0 0 0 3 3
3 3 3 -1 -1 -1 0 0 0 0 0 0 0 0 3 3 3
3 3 3 3 3 -1 0 0 0 0 0 0 3 3 3 3 3
3 3 3 3 3 3 3 3 0 3 3 3 3 3 3 3 3
16:36:36.898432 - stdout  :: 0 0
16:36:36.906012 - stdin   :: 13 5 2 0
14 21
13 5
8 9
5 6
3 3 3 3 3 3 3 3 0 3 3 3 3 3 3 3 3
3 3 3 3 3 -1 -1 -1 -1 -1 -1 0 3 3 3 3 3
3 3 3 -1 -1 -1 -1 -1 -1 -1 0 0 0 0 3 3 3
3 3 -1 -1 -1 -1 -1 -1 -1 0 0 0 0 -1 -1 3 3
3 3 -1 -1 -1 -1 -1 -1 0 0 0 0 -1 -1 -1 3 3
3 -1 -1 -1 -1 -1 -1 -1 0 0 0 -1 -1 -1 -1 -1 3
3 -1 -1 -1 -1 -1 -1 -1 0 0 0 -1 -1 -1 -1 -1 3
3 -1 -1 -1 -1 -1 -1 0 0 0 0 -1 -1 -1 -1 -1 3
-1 -1 -1 -1 -1 -1 -1 0 0 0 -1 -1 -1 -1 -1 -1 0
3 -1 -1 -1 -1 -1 -1 0 0 0 -1 -1 -1 -1 -1 0 3
3 -1 -1 -1 -1 -1 -1 0 0 0 -1 -1 -1 -1 0 0 3
3 -1 -1 -1 -1 -1 -1 0 0 0 -1 0 0 0 0 0 3
3 3 -1 -1 -1 -1 0 0 0 0 0 0 0 0 0 3 3
3 3 -1 -1 -1 -1 0 0 0 0 0 0 0 0 0 3 3
3 3 3 -1 -1 -1 0 0 0 0 0 0 0 -1 3 3 3
3 3 3 3 3 -1 0 0 0 0 0 -1 3 3 3 3 3
3 3 3 3 3 3 3 3 0 3 3 3 3 3 3 3 3
16:36:36.906333 - stdout  :: 0 0
16:36:36.912479 - stdin   :: 15 5 2 0
15 21
15 5
8 8
5 6
3 3 3 3 3 3 3 3 -1 3 3 3 3 3 3 3 3
3 3 3 3 3 -1 -1 -1 -1 0 0 0 3 3 3 3 3
3 3 3 -1 -1 -1 -1 -1 0 0 0 0 -1 -1 3 3 3
3 3 -1 -1 -1 -1 -1 -1 0 0 0 -1 -1 -1 -1 3 3
3 3 -1 -1 -1 -1 -1 -1 0 0 0 -1 -1 -1 -1 3 3
3 -1 -1 -1 -1 -1 -1 0 0 0 0 -1 -1 -1 -1 -1 3
3 -1 -1 -1 -1 -1 -1 0 0 0 -1 -1 -1 -1 -1 -1 3
3 -1 -1 -1 -1 -1 -1 0 0 0 -1 -1 -1 -1 -1 0 3
-1 -1 -1 -1 -1 -1 -1 0 0 0 -1 -1 -1 -1 0 0 0
3 -1 -1 -1 -1 -1 -1 0 0 0 -1 0 0 0 0 0 3
3 -1 -1 -1 -1 -1 0 0 0 0 0 0 0 0 0 0 3
3 -1 -1 -1 -1 -1 0 0 0 0 0 0 0 0 0 -1 3
3 3 -1 -1 -1 -1 0 0 0 0 0 0 0 -1 -1 3 3
3 3 -1 -1 -1 -1 0 0 0 0 0 -1 -1 -1 -1 3 3
3 3 3 -1 -1 -1 0 0 0 0 -1 -1 -1 -1 3 3 3
3 3 3 3 3 -1 -1 0 0 -1 -1 -1 3 3 3 3 3
3 3 3 3 3 3 3 3 -1 3 3 3 3 3 3 3 3
16:36:36.912817 - stdout  :: 0 0
16:36:36.919235 - stdin   :: 17 5 2 0
16 20
17 5
9 8
5 6
3 3 3 3 3 3 3 3 0 3 3 3 3 3 3 3 3
3 3 3 3 3 -1 -1 -1 0 0 0 -1 3 3 3 3 3
3 3 3 -1 -1 -1 -1 -1 0 0 0 -1 -1 -1 3 3 3
3 3 -1 -1 -1 -1 -1 0 0 0 0 -1 -1 -1 -1 3 3
3 3 -1 -1 -1 -1 -1 0 0 0 -1 -1 -1 -1 -1 3 3
3 -1 -1 -1 -1 -1 -1 0 0 0 -1 -1 -1 -1 -1 0 3
3 -1 -1 -1 -1 -1 -1 0 0 0 -1 -1 -1 -1 0 0 3
3 -1 -1 -1 -1 -1 -1 0 0 0 -1 0 0 0 0 0 3
-1 -1 -1 -1 -1 -1 0 0 0 0 0 0 0 0 0 0 -1
3 -1 -1 -1 -1 -1 0 0 0 0 0 0 0 0 0 -1 3
3 -1 -1 -1 -1 -1 0 0 0 0 0 0 0 -1 -1 -1 3
3 -1 -1 -1 -1 -1 0 0 0 0 0 -1 -1 -1 -1 -1 3
3 3 -1 -1 -1 -1 0 0 0 0 -1 -1 -1 -1 -1 3 3
3 3 -1 -1 -1 -1 -1 0 0 -1 -1 -1 -1 -1 0 3 3
3 3 3 -1 -1 -1 -1 -1 -1 -1 -1 -1 -1 0 3 3 3
3 3 3 3 3 -1 -1 -1 -1 -1 -1 -1 3 3 3 3 3
3 3 3 3 3 3 3 3 -1 3 3 3 3 3 3 3 3
16:36:36.919571 - stdout  :: 0 0
16:36:36.926013 - stdin   :: 19 5 2 0
17 19
19 5
9 7
5 6
3 3 3 3 3 3 3 3 0 3 3 3 3 3 3 3 3
3 3 3 3 3 -1 -1 0 0 0 0 -1 3 3 3 3 3
3 3 3 -1 -1 -1 -1 0 0 0 -1 -1 -1 -1 3 3 3
3 3 -1 -1 -1 -1 -1 0 0 0 -1 -1 -1 -1 -1 3 3
3 3 -1 -1 -1 -1 -1 0 0 0 -1 -1 -1 -1 0 3 3
3 -1 -1 -1 -1 -1 -1 0 0 0 -1 0 0 0 0 0 3
3 -1 -1 -1 -1 -1 0 0 0 0 0 0 0 0 0 0 3
3 -1 -1 -1 -1 -1 0 0 0 0 0 0 0 0 0 -1 3
-1 -1 -1 -1 -1 -1 0 0 0 0 0 0 0 -1 -1 -1 -1
3 -1 -1 -1 -1 -1 0 0 0 0 0 -1 -1 -1 -1 -1 3
3 -1 -1 -1 -1 -1 0 0 0 0 -1 -1 -1 -1 -1 -1 3
3 -1 -1 -1 -1 -1 -1 0 0 -1 -1 -1 -1 -1 0 0 3
3 3 -1 -1 -1 -1 -1 -1 -1 -1 -1 -1 -1 0 0 3 3
3 3 -1 -1 -1 -1 -1 -1 -1 -1 -1 -1 -1 0 0 3 3
3 3 3 -1 -1 -1 -1 -1 -1 -1 -1 -1 -1 0 3 3 3
3 3 3 3 3 -1 -1 -1 -1 -1 -1 -1 3 3 3 3 3
3 3 3 3 3 3 3 3 -1 3 3 3 3 3 3 3 3
16:36:36.926352 - stdout  :: 0 0
16:36:36.932713 - stdin   :: 21 5 2 0
18 18
21 5
10 7
5 6
3 3 3 3 3 3 3 3 0 3 3 3 3 3 3 3 3
3 3 3 3 3 -1 -1 0 0 0 -1 -1 3 3 3 3 3
3 3 3 -1 -1 -1 -1 0 0 0 -1 -1 -1 -1 3 3 3
3 3 -1 -1 -1 -1 -1 0 0 0 -1 0 0 0 0 3 3
3 3 -1 -1 -1 -1 0 0 0 0 0 0 0 0 0 3 3
3 -1 -1 -1 -1 -1 0 0 0 0 0 0 0 0 0 -1 3
3 -1 -1 -1 -1 -1 0 0 0 0 0 0 0 -1 -1 -1 3
3 -1 -1 -1 -1 -1 0 0 0 0 0 -1 -1 -1 -1 -1 3
-1 -1 -1 -1 -1 -1 0 0 0 0 -1 -1 -1 -1 -1 -1 0
3 -1 -1 -1 -1 -1 -1 0 0 -1 -1 -1 -1 -1 0 0 3
3 -1 -1 -1 -1 -1 -1 -1 -1 -1 -1 -1 -1 0 0 0 3
3 -1 -1 -1 -1 -1 -1 -1 -1 -1 -1 -1 -1 0 0 0 3
3 3 -1 -1 -1 -1 -1 -1 -1 -1 -1 -1 -1 0 0 3 3
3 3 -1 -1 -1 -1 -1 -1 -1 -1 -1 -1 -1 0 0 3 3
3 3 3 -1 -1 -1 -1 -1 -1 -1 -1 -1 -1 -1 3 3 3
3 3 3 3 3 -1 -1 -1 -1 -1 -1 -1 3 3 3 3 3
3 3 3 3 3 3 3 3 -1 3 3 3 3 3 3 3 3
16:36:36.933252 - stdout  :: -1 -1
16:36:36.939978 - stdin   :: 22 4 1 -1
19 17
22 4
11 7
5 6
3 3 3 3 3 3 3 3 0 3 3 3 3 3 3 3 3
3 3 3 3 3 -1 -1 -1 0 0 0 -1 3 3 3 3 3
3 3 3 -1 -1 -1 -1 -1 0 0 0 -1 0 0 3 3 3
3 3 -1 -1 -1 -1 -1 0 0 0 0 0 0 0 0 3 3
3 3 -1 -1 -1 -1 -1 0 0 0 0 0 0 0 0 3 3
3 -1 -1 -1 -1 -1 -1 0 0 0 0 0 0 0 -1 -1 3
3 -1 -1 -1 -1 -1 -1 0 0 0 0 0 -1 -1 -1 -1 3
3 -1 -1 -1 -1 -1 -1 0 0 0 0 -1 -1 -1 -1 -1 3
-1 -1 -1 -1 -1 -1 -1 -1 0 0 -1 -1 -1 -1 -1 0 0
3 -1 -1 -1 -1 -1 -1 -1 -1 -1 -1 -1 -1 -1 0 0 3
3 -1 -1 -1 -1 -1 -1 -1 -1 -1 -1 -1 -1 -1 0 0 3
3 -1 -1 -1 -1 -1 -1 -1 -1 -1 -1 -1 -1 -1 0 0 3
3 3 -1 -1 -1 -1 -1 -1 -1 -1 -1 -1 -1 -1 0 3 3
3 3 -1 -1 -1 -1 -1 -1 -1 -1 -1 -1 -1 -1 -1 3 3
3 3 3 -1 -1 -1 -1 -1 -1 -1 -1 -1 -1 -1 3 3 3
3 3 3 3 3 -1 -1 -1 -1 -1 -1 -1 3 3 3 3 3
3 3 3 3 3 3 3 3 -1 3 3 3 3 3 3 3 3
16:36:36.940417 - stdout  :: -1 1
16:36:36.948775 - stdin   :: 22 4 0 0
20 16
22 4
12 7
5 6
3 3 3 3 3 3 3 3 0 3 3 3 3 3 3 3 3
3 3 3 3 3 -1 -1 -1 0 0 0 -1 3 3 3 3 3
3 3 3 -1 -1 -1 -1 -1 0 0 0 -1 0 0 3 3 3
3 3 -1 -1 -1 -1 -1 0 0 0 0 0 0 0 0 3 3
3 3 -1 -1 -1 -1 -1 0 0 0 0 0 0 0 0 3 3
3 -1 -1 -1 -1 -1 -1 0 0 0 0 0 0 0 -1 -1 3
3 -1 -1 -1 -1 -1 -1 0 0 0 0 0 -1 -1 -1 -1 3
3 -1 -1 -1 -1 -1 -1 0 0 0 0 -1 -1 -1 -1 -1 3
-1 -1 -1 -1 -1 -1 -1 -1 0 0 -1 -1 -1 -1 -1 0 0
3 -1 -1 -1 -1 -1 -1 -1 -1 -1 -1 -1 -1 -1 0 0 3
3 -1 -1 -1 -1 -1 -1 -1 -1 -1 -1 -1 -1 -1 0 0 3
3 -1 -1 -1 -1 -1 -1 -1 -1 -1 -1 -1 -1 -1 0 0 3
3 3 -1 -1 -1 -1 -1 -1 -1 -1 -1 -1 -1 -1 0 3 3
3 3 -1 -1 -1 -1 -1 -1 -1 -1 -1 -1 -1 -1 -1 3 3
3 3 3 -1 -1 -1 -1 -1 -1 -1 -1 -1 -1 -1 3 3 3
3 3 3 3 3 -1 -1 -1 -1 -1 -1 -1 3 3 3 3 3
3 3 3 3 3 3 3 3 -1 3 3 3 3 3 3 3 3
16:36:36.949297 - stdout  :: -1 1
16:36:36.956140 - stdin   :: 21 5 -1 1
21 15
21 5
12 6
5 6
3 3 3 3 3 3 3 3 0 3 3 3 3 3 3 3 3
3 3 3 3 3 -1 -1 0 0 0 -1 -1 3 3 3 3 3
3 3 3 -1 -1 -1 -1 0 0 0 -1 -1 -1 -1 3 3 3
3 3 -1 -1 -1 -1 -1 0 0 0 -1 0 0 0 0 3 3
3 3 -1 -1 -1 -1 0 0 0 0 0 0 0 0 0 3 3
3 -1 -1 -1 -1 -1 0 0 0 0 0 0 0 0 0 -1 3
3 -1 -1 -1 -1 -1 0 0 0 0 0 0 0 -1 -1 -1 3
3 -1 -1 -1 -1 -1 0 0 0 0 0 -1 -1 -1 -1 -1 3
-1 -1 -1 -1 -1 -1 0 0 0 0 -1 -1 -1 -1 -1 -1 0
3 -1 -1 -1 -1 -1 -1 0 0 -1 -1 -1 -1 -1 0 0 3
3 -1 -1 -1 -1 -1 -1 -1 -1 -1 -1 -1 -1 0 0 0 3
3 -1 -1 -1 -1 -1 -1 -1 -1 -1 -1 -1 -1 0 0 0 3
3 3 -1 -1 -1 -1 -1 -1 -1 -1 -1 -1 -1 0 0 3 3
3 3 -1 -1 -1 -1 -1 -1 -1 -1 -1 -1 -1 0 0 3 3
3 3 3 -1 -1 -1 -1 -1 -1 -1 -1 -1 -1 -1 3 3 3
3 3 3 3 3 -1 -1 -1 -1 -1 -1 -1 3 3 3 3 3
3 3 3 3 3 3 3 3 -1 3 3 3 3 3 3 3 3
16:36:36.956619 - stdout  :: 0 0
16:36:36.966104 - stdin   :: 20 6 -1 1
22 14
20 6
13 6
5 6
3 3 3 3 3 3 3 3 0 3 3 3 3 3 3 3 3
3 3 3 3 3 -1 0 0 0 -1 -1 -1 3 3 3 3 3
3 3 3 -1 -1 -1 0 0 0 -1 -1 -1 -1 -1 3 3 3
3 3 -1 -1 -1 -1 0 0 0 -1 -1 -1 -1 0 0 3 3
3 3 -1 -1 -1 -1 0 0 0 -1 0 0 0 0 0 3 3
3 -1 -1 -1 -1 0 0 0 0 0 0 0 0 0 0 -1 3
3 -1 -1 -1 -1 0 0 0 0 0 0 0 0 0 -1 -1 3
3 -1 -1 -1 -1 0 0 0 0 0 0 0 -1 -1 -1 -1 3
-1 -1 -1 -1 -1 0 0 0 0 0 -1 -1 -1 -1 -1 -1 0
3 -1 -1 -1 -1 0 0 0 0 -1 -1 -1 -1 -1 -1 0 3
3 -1 -1 -1 -1 -1 0 0 -1 -1 -1 -1 -1 0 0 0 3
3 -1 -1 -1 -1 -1 -1 -1 -1 -1 -1 -1 0 0 0 0 3
3 3 -1 -1 -1 -1 -1 -1 -1 -1 -1 -1 0 0 0 3 3
3 3 -1 -1 -1 -1 -1 -1 -1 -1 -1 -1 0 0 0 3 3
3 3 3 -1 -1 -1 -1 -1 -1 -1 -1 -1 0 0 3 3 3
3 3 3 3 3 -1 -1 -1 -1 -1 -1 -1 3 3 3 3 3
3 3 3 3 3 3 3 3 -1 3 3 3 3 3 3 3 3
16:36:36.966452 - stdout  :: 0 0
16:36:36.973744 - stdin   :: 19 7 -1 1
23 13
19 7
14 6
5 6
3 3 3 3 3 3 3 3 0 3 3 3 3 3 3 3 3
3 3 3 3 3 0 0 0 0 -1 -1 -1 3 3 3 3 3
3 3 3 -1 -1 0 0 0 -1 -1 -1 -1 -1 -1 3 3 3
3 3 -1 -1 -1 0 0 0 -1 -1 -1 -1 -1 0 0 3 3
3 3 -1 -1 -1 0 0 0 -1 -1 -1 -1 0 0 0 3 3
3 -1 -1 -1 -1 0 0 0 -1 0 0 0 0 0 0 -1 3
3 -1 -1 -1 0 0 0 0 0 0 0 0 0 0 -1 -1 3
3 -1 -1 -1 0 0 0 0 0 0 0 0 0 -1 -1 -1 3
-1 -1 -1 -1 0 0 0 0 0 0 0 -1 -1 -1 -1 -1 -1
3 -1 -1 -1 0 0 0 0 0 -1 -1 -1 -1 -1 -1 0 3
3 -1 -1 -1 0 0 0 0 -1 -1 -1 -1 -1 -1 0 0 3
3 -1 -1 -1 -1 0 0 -1 -1 -1 -1 -1 0 0 0 0 3
3 3 -1 -1 -1 -1 -1 -1 -1 -1 -1 0 0 0 0 3 3
3 3 -1 -1 -1 -1 -1 -1 -1 -1 -1 0 0 0 -1 3 3
3 3 3 -1 -1 -1 -1 -1 -1 -1 -1 0 0 0 3 3 3
3 3 3 3 3 -1 -1 -1 -1 -1 -1 0 3 3 3 3 3
3 3 3 3 3 3 3 3 -1 3 3 3 3 3 3 3 3
16:36:36.974096 - stdout  :: 0 0
16:36:36.981303 - stdin   :: 18 8 -1 1
24 12
18 8
15 6
5 6
3 3 3 3 3 3 3 3 -1 3 3 3 3 3 3 3 3
3 3 3 3 3 0 0 0 -1 -1 -1 -1 3 3 3 3 3
3 3 3 -1 0 0 0 0 -1 -1 -1 -1 -1 -1 3 3 3
3 3 -1 -1 0 0 0 -1 -1 -1 -1 -1 -1 0 0 3 3
3 3 -1 -1 0 0 0 -1 -1 -1 -1 -1 0 0 0 3 3
3 -1 -1 -1 0 0 0 -1 -1 -1 -1 0 0 0 0 -1 3
3 -1 -1 -1 0 0 0 -1 0 0 0 0 0 0 -1 -1 3
3 -1 -1 0 0 0 0 0 0 0 0 0 0 -1 -1 -1 3
-1 -1 -1 0 0 0 0 0 0 0 0 0 -1 -1 -1 -1 -1
3 -1 -1 0 0 0 0 0 0 0 -1 -1 -1 -1 -1 -1 3
3 -1 -1 0 0 0 0 0 -1 -1 -1 -1 -1 -1 0 0 3
3 -1 -1 0 0 0 0 -1 -1 -1 -1 -1 -1 0 0 0 3
3 3 -1 -1 0 0 -1 -1 -1 -1 -1 0 0 0 0 3 3
3 3 -1 -1 -1 -1 -1 -1 -1 -1 0 0 0 0 0 3 3
3 3 3 -1 -1 -1 -1 -1 -1 -1 0 0 0 -1 3 3 3
3 3 3 3 3 -1 -1 -1 -1 -1 0 0 3 3 3 3 3
3 3 3 3 3 3 3 3 -1 3 3 3 3 3 3 3 3
16:36:36.981633 - stdout  :: 0 0
16:36:36.988792 - stdin   :: 17 9 -1 1
25 12
17 9
16 6
5 6
3 3 3 3 3 3 3 3 -1 3 3 3 3 3 3 3 3
3 3 3 3 3 0 0 -1 -1 -1 -1 -1 3 3 3 3 3
3 3 3 -1 0 0 0 -1 -1 -1 -1 -1 -1 -1 3 3 3
3 3 -1 0 0 0 0 -1 -1 -1 -1 -1 -1 0 0 3 3
3 3 -1 0 0 0 -1 -1 -1 -1 -1 -1 0 0 0 3 3
3 -1 -1 0 0 0 -1 -1 -1 -1 -1 0 0 0 0 0 3
3 -1 -1 0 0 0 -1 -1 -1 -1 0 0 0 0 -1 -1 3
3 -1 -1 0 0 0 -1 0 0 0 0 0 0 -1 -1 -1 3
-1 -1 0 0 0 0 0 0 0 0 0 0 -1 -1 -1 -1 -1
3 -1 0 0 0 0 0 0 0 0 0 -1 -1 -1 -1 -1 3
3 -1 0 0 0 0 0 0 0 -1 -1 -1 -1 -1 -1 0 3
3 -1 0 0 0 0 0 -1 -1 -1 -1 -1 -1 0 0 0 3
3 3 0 0 0 0 -1 -1 -1 -1 -1 -1 0 0 0 3 3
3 3 -1 0 0 -1 -1 -1 -1 -1 0 0 0 0 0 3 3
3 3 3 -1 -1 -1 -1 -1 -1 0 0 0 0 0 3 3 3
3 3 3 3 3 -1 -1 -1 -1 0 0 0 3 3 3 3 3
3 3 3 3 3 3 3 3 -1 3 3 3 3 3 3 3 3
16:36:36.989145 - stdout  :: 0 0
16:36:36.998300 - stdin   :: 16 10 -1 1
26 13
16 10
17 6
5 6
3 3 3 3 3 3 3 3 -1 3 3 3 3 3 3 3 3
3 3 3 3 3 0 0 -1 -1 -1 -1 -1 3 3 3 3 3
3 3 3 0 0 0 -1 -1 -1 -1 -1 -1 -1 -1 3 3 3
3 3 -1 0 0 0 -1 -1 -1 -1 -1 -1 -1 0 0 3 3
3 3 0 0 0 0 -1 -1 -1 -1 -1 -1 0 0 0 3 3
3 -1 0 0 0 -1 -1 -1 -1 -1 -1 0 0 0 0 0 3
3 -1 0 0 0 -1 -1 -1 -1 -1 0 0 0 0 0 -1 3
3 -1 0 0 0 -1 -1 -1 -1 0 0 0 0 -1 -1 -1 3
-1 -1 0 0 0 -1 0 0 0 0 0 0 -1 -1 -1 -1 -1
3 0 0 0 0 0 0 0 0 0 0 -1 -1 -1 -1 -1 3
3 0 0 0 0 0 0 0 0 0 -1 -1 -1 -1 -1 -1 3
3 0 0 0 0 0 0 0 -1 -1 -1 -1 -1 -1 0 0 3
3 3 0 0 0 0 -1 -1 -1 -1 -1 -1 0 0 0 3 3
3 3 0 0 0 -1 -1 -1 -1 -1 -1 0 0 0 0 3 3
3 3 3 0 -1 -1 -1 -1 -1 0 0 0 0 0 3 3 3
3 3 3 3 3 -1 -1 -1 0 0 0 0 3 3 3 3 3
3 3 3 3 3 3 3 3 0 3 3 3 3 3 3 3 3
16:36:36.998875 - stdout  :: 1 0
16:36:37.006181 - stdin   :: 16 11 0 1
27 14
16 11
18 6
5 6
3 3 3 3 3 3 3 3 -1 3 3 3 3 3 3 3 3
3 3 3 3 3 0 -1 -1 -1 -1 -1 -1 3 3 3 3 3
3 3 3 0 0 -1 -1 -1 -1 -1 -1 -1 -1 0 3 3 3
3 3 0 0 0 -1 -1 -1 -1 -1 -1 -1 0 0 0 3 3
3 3 0 0 0 -1 -1 -1 -1 -1 -1 0 0 0 0 3 3
3 0 0 0 -1 -1 -1 -1 -1 -1 0 0 0 0 0 -1 3
3 0 0 0 -1 -1 -1 -1 -1 0 0 0 0 0 -1 -1 3
3 0 0 0 -1 -1 -1 -1 0 0 0 0 -1 -1 -1 -1 3
-1 0 0 0 -1 0 0 0 0 0 0 -1 -1 -1 -1 -1 -1
3 0 0 0 0 0 0 0 0 0 -1 -1 -1 -1 -1 -1 3
3 0 0 0 0 0 0 0 0 -1 -1 -1 -1 -1 -1 0 3
3 0 0 0 0 0 0 -1 -1 -1 -1 -1 -1 0 0 0 3
3 3 0 0 0 -1 -1 -1 -1 -1 -1 0 0 0 0 3 3
3 3 0 0 -1 -1 -1 -1 -1 -1 0 0 0 0 0 3 3
3 3 3 -1 -1 -1 -1 -1 0 0 0 0 0 -1 3 3 3
3 3 3 3 3 -1 -1 0 0 0 0 0 3 3 3 3 3
3 3 3 3 3 3 3 3 0 3 3 3 3 3 3 3 3
16:36:37.006508 - stdout  :: 0 0
16:36:37.013729 - stdin   :: 16 12 0 1
27 15
16 12
19 6
5 6
3 3 3 3 3 3 3 3 -1 3 3 3 3 3 3 3 3
3 3 3 3 3 -1 -1 -1 -1 -1 -1 -1 3 3 3 3 3
3 3 3 0 -1 -1 -1 -1 -1 -1 -1 -1 0 0 3 3 3
3 3 0 0 -1 -1 -1 -1 -1 -1 -1 0 0 0 0 3 3
3 3 0 0 -1 -1 -1 -1 -1 -1 0 0 0 0 0 3 3
3 0 0 -1 -1 -1 -1 -1 -1 0 0 0 0 0 -1 -1 3
3 0 0 -1 -1 -1 -1 -1 0 0 0 0 0 -1 -1 -1 3
3 0 0 -1 -1 -1 -1 0 0 0 0 -1 -1 -1 -1 -1 3
0 0 0 -1 0 0 0 0 0 0 -1 -1 -1 -1 -1 -1 0
3 0 0 0 0 0 0 0 0 -1 -1 -1 -1 -1 -1 0 3
3 0 0 0 0 0 0 0 -1 -1 -1 -1 -1 -1 0 0 3
3 0 0 0 0 0 -1 -1 -1 -1 -1 -1 0 0 0 0 3
3 3 0 0 -1 -1 -1 -1 -1 -1 0 0 0 0 0 3 3
3 3 0 -1 -1 -1 -1 -1 -1 0 0 0 0 0 -1 3 3
3 3 3 -1 -1 -1 -1 0 0 0 0 0 -1 -1 3 3 3
3 3 3 3 3 -1 0 0 0 0 0 -1 3 3 3 3 3
3 3 3 3 3 3 3 3 0 3 3 3 3 3 3 3 3
16:36:37.014253 - stdout  :: -1 1
16:36:37.022296 - stdin   :: 15 14 -1 2
26 16
15 14
20 6
5 6
3 3 3 3 3 3 3 3 -1 3 3 3 3 3 3 3 3
3 3 3 3 3 -1 -1 -1 -1 -1 -1 0 3 3 3 3 3
3 3 3 -1 -1 -1 -1 -1 -1 -1 -1 0 0 0 3 3 3
3 3 -1 -1 -1 -1 -1 -1 -1 -1 0 0 0 0 -1 3 3
3 3 -1 -1 -1 -1 -1 -1 -1 0 0 0 0 -1 -1 3 3
3 0 -1 -1 -1 -1 -1 -1 0 0 0 0 0 -1 -1 -1 3
3 -1 -1 -1 -1 -1 -1 0 0 0 0 0 -1 -1 -1 -1 3
3 -1 -1 -1 -1 -1 0 0 0 0 0 -1 -1 -1 -1 0 3
0 -1 -1 -1 -1 0 0 0 0 -1 -1 -1 -1 -1 -1 0 0
3 -1 0 0 0 0 0 0 -1 -1 -1 -1 -1 -1 0 0 3
3 0 0 0 0 0 0 -1 -1 -1 -1 -1 -1 0 0 0 3
3 0 0 0 0 0 -1 -1 -1 -1 -1 -1 0 0 0 0 3
3 3 0 0 -1 -1 -1 -1 -1 -1 0 0 0 0 0 3 3
3 3 -1 -1 -1 -1 -1 -1 0 0 0 0 0 0 -1 3 3
3 3 3 -1 -1 -1 -1 0 0 0 0 0 -1 -1 3 3 3
3 3 3 3 3 0 0 0 0 0 -1 -1 3 3 3 3 3
3 3 3 3 3 3 3 3 0 3 3 3 3 3 3 3 3
16:36:37.022670 - stdout  :: 0 0
16:36:37.030263 - stdin   :: 14 16 -1 2
25 17
14 16
21 6
5 6
3 3 3 3 3 3 3 3 -1 3 3 3 3 3 3 3 3
3 3 3 3 3 -1 -1 -1 -1 -1 0 0 3 3 3 3 3
3 3 3 -1 -1 -1 -1 -1 -1 0 0 0 0 0 3 3 3
3 3 -1 -1 -1 -1 -1 -1 -1 0 0 0 0 -1 -1 3 3
3 3 -1 -1 -1 -1 -1 -1 0 0 0 0 -1 -1 -1 3 3
3 -1 -1 -1 -1 -1 -1 0 0 0 0 -1 -1 -1 -1 0 3
3 -1 -1 -1 -1 -1 0 0 0 0 0 -1 -1 -1 -1 0 3
3 -1 -1 -1 -1 0 0 0 0 0 -1 -1 -1 -1 0 0 3
-1 -1 -1 -1 0 0 0 0 0 -1 -1 -1 -1 0 0 0 -1
3 -1 -1 0 0 0 0 -1 -1 -1 -1 -1 -1 0 0 0 3
3 0 0 0 0 0 -1 -1 -1 -1 -1 -1 0 0 0 -1 3
3 0 0 0 0 -1 -1 -1 -1 -1 -1 0 0 0 0 -1 3
3 3 0 0 -1 -1 -1 -1 -1 -1 0 0 0 0 -1 3 3
3 3 -1 -1 -1 -1 -1 -1 0 0 0 0 0 -1 -1 3 3
3 3 3 -1 -1 -1 0 0 0 0 0 0 -1 -1 3 3 3
3 3 3 3 3 0 0 0 0 0 -1 -1 3 3 3 3 3
3 3 3 3 3 3 3 3 -1 3 3 3 3 3 3 3 3
16:36:37.030827 - stdout  :: 0 -1
16:36:37.039368 - stdin   :: 13 17 -1 1
24 18
13 17
21 5
5 6
3 3 3 3 3 3 3 3 -1 3 3 3 3 3 3 3 3
3 3 3 3 3 -1 -1 -1 -1 -1 0 0 3 3 3 3 3
3 3 3 -1 -1 -1 -1 -1 -1 0 0 0 0 0 3 3 3
3 3 -1 -1 -1 -1 -1 -1 0 0 0 0 0 -1 -1 3 3
3 3 -1 -1 -1 -1 -1 -1 0 0 0 0 -1 -1 -1 3 3
3 -1 -1 -1 -1 -1 -1 0 0 0 0 -1 -1 -1 -1 0 3
3 -1 -1 -1 -1 -1 0 0 0 0 -1 -1 -1 -1 0 0 3
3 -1 -1 -1 -1 0 0 0 0 0 -1 -1 -1 -1 0 0 3
-1 -1 -1 -1 0 0 0 0 0 -1 -1 -1 -1 0 0 0 -1
3 -1 -1 0 0 0 0 0 -1 -1 -1 -1 0 0 0 -1 3
3 -1 0 0 0 0 -1 -1 -1 -1 -1 -1 0 0 0 -1 3
3 0 0 0 0 -1 -1 -1 -1 -1 -1 0 0 0 -1 -1 3
3 3 0 0 -1 -1 -1 -1 -1 -1 0 0 0 0 -1 3 3
3 3 0 -1 -1 -1 -1 -1 -1 0 0 0 0 -1 -1 3 3
3 3 3 -1 -1 -1 -1 0 0 0 0 0 -1 -1 3 3 3
3 3 3 3 3 0 0 0 0 0 0 -1 3 3 3 3 3
3 3 3 3 3 3 3 3 0 3 3 3 3 3 3 3 3
16:36:37.039815 - stdout  :: 0 0
16:36:37.049755 - stdin   :: 12 18 -1 1
24 19
12 18
22 5
5 6
3 3 3 3 3 3 3 3 -1 3 3 3 3 3 3 3 3
3 3 3 3 3 -1 -1 -1 -1 -1 -1 0 3 3 3 3 3
3 3 3 -1 -1 -1 -1 -1 -1 0 0 0 0 0 3 3 3
3 3 -1 -1 -1 -1 -1 -1 0 0 0 0 0 0 0 3 3
3 3 -1 -1 -1 -1 -1 0 0 0 0 0 -1 -1 0 3 3
3 -1 -1 -1 -1 -1 -1 0 0 0 0 -1 -1 -1 -1 0 3
3 -1 -1 -1 -1 -1 0 0 0 0 -1 -1 -1 -1 0 0 3
3 -1 -1 -1 -1 0 0 0 0 -1 -1 -1 -1 0 0 0 3
-1 -1 -1 -1 0 0 0 0 0 -1 -1 -1 -1 0 0 0 -1
3 -1 -1 0 0 0 0 0 -1 -1 -1 -1 0 0 0 -1 3
3 -1 0 0 0 0 0 -1 -1 -1 -1 0 0 0 -1 -1 3
3 0 0 0 0 -1 -1 -1 -1 -1 -1 0 0 0 -1 -1 3
3 3 0 0 -1 -1 -1 -1 -1 -1 0 0 0 -1 -1 3 3
3 3 0 -1 -1 -1 -1 -1 -1 0 0 0 0 -1 -1 3 3
3 3 3 -1 -1 -1 -1 -1 0 0 0 0 -1 -1 3 3 3
3 3 3 3 3 -1 0 0 0 0 0 -1 3 3 3 3 3
3 3 3 3 3 3 3 3 0 3 3 3 3 3 3 3 3
16:36:37.050337 - stdout  :: 0 -1
16:36:37.059716 - stdin   :: 11 18 -1 0
23 20
11 18
22 4
5 6
3 3 3 3 3 3 3 3 -1 3 3 3 3 3 3 3 3
3 3 3 3 3 -1 -1 -1 -1 -1 -1 -1 3 3 3 3 3
3 3 3 -1 -1 -1 -1 -1 -1 -1 -1 0 0 0 3 3 3
3 3 -1 -1 -1 -1 -1 -1 -1 0 0 0 0 0 0 3 3
3 3 -1 -1 -1 -1 -1 -1 0 0 0 0 0 0 0 3 3
3 -1 -1 -1 -1 -1 -1 0 0 0 0 0 -1 -1 0 0 3
3 -1 -1 -1 -1 -1 -1 0 0 0 0 -1 -1 -1 -1 0 3
3 -1 -1 -1 -1 -1 0 0 0 0 -1 -1 -1 -1 0 0 3
-1 -1 -1 -1 -1 0 0 0 0 -1 -1 -1 -1 0 0 0 0
3 -1 -1 -1 0 0 0 0 0 -1 -1 -1 -1 0 0 0 3
3 -1 -1 0 0 0 0 0 -1 -1 -1 -1 0 0 0 -1 3
3 -1 0 0 0 0 0 -1 -1 -1 -1 0 0 0 -1 -1 3
3 3 0 0 0 -1 -1 -1 -1 -1 -1 0 0 0 -1 3 3
3 3 0 0 -1 -1 -1 -1 -1 -1 0 0 0 -1 -1 3 3
3 3 3 -1 -1 -1 -1 -1 -1 0 0 0 0 -1 3 3 3
3 3 3 3 3 -1 -1 -1 0 0 0 0 3 3 3 3 3
3 3 3 3 3 3 3 3 0 3 3 3 3 3 3 3 3
16:36:37.060203 - stdout  :: 0 0
16:36:37.075518 - stdin   :: 10 18 -1 0
23 21
10 18
21 4
5 6
3 3 3 3 3 3 3 3 -1 3 3 3 3 3 3 3 3
3 3 3 3 3 -1 -1 -1 -1 -1 -1 -1 3 3 3 3 3
3 3 3 -1 -1 -1 -1 -1 -1 -1 -1 -1 0 0 3 3 3
3 3 -1 -1 -1 -1 -1 -1 -1 -1 -1 0 0 0 0 3 3
3 3 -1 -1 -1 -1 -1 -1 -1 0 0 0 0 0 0 3 3
3 -1 -1 -1 -1 -1 -1 -1 0 0 0 0 0 0 0 0 3
3 -1 -1 -1 -1 -1 -1 0 0 0 0 0 -1 -1 0 0 3
3 -1 -1 -1 -1 -1 -1 0 0 0 0 -1 -1 -1 -1 0 3
-1 -1 -1 -1 -1 -1 0 0 0 0 -1 -1 -1 -1 0 0 0
3 -1 -1 -1 -1 0 0 0 0 -1 -1 -1 -1 0 0 0 3
3 -1 -1 -1 0 0 0 0 0 -1 -1 -1 -1 0 0 0 3
3 -1 -1 0 0 0 0 0 -1 -1 -1 -1 0 0 0 -1 3
3 3 0 0 0 0 0 -1 -1 -1 -1 0 0 0 -1 3 3
3 3 0 0 0 -1 -1 -1 -1 -1 -1 0 0 0 -1 3 3
3 3 3 0 -1 -1 -1 -1 -1 -1 0 0 0 -1 3 3 3
3 3 3 3 3 -1 -1 -1 -1 0 0 0 3 3 3 3 3
3 3 3 3 3 3 3 3 0 3 3 3 3 3 3 3 3
16:36:37.076672 - stdout  :: 0 0
16:36:37.090431 - stdin   :: 9 18 -1 0
22 22
9 18
20 4
5 6
3 3 3 3 3 3 3 3 -1 3 3 3 3 3 3 3 3
3 3 3 3 3 -1 -1 -1 -1 -1 -1 -1 3 3 3 3 3
3 3 3 -1 -1 -1 -1 -1 -1 -1 -1 -1 -1 -1 3 3 3
3 3 -1 -1 -1 -1 -1 -1 -1 -1 -1 -1 0 0 0 3 3
3 3 -1 -1 -1 -1 -1 -1 -1 -1 -1 0 0 0 0 3 3
3 -1 -1 -1 -1 -1 -1 -1 -1 0 0 0 0 0 0 0 3
3 -1 -1 -1 -1 -1 -1 -1 0 0 0 0 0 0 0 0 3
3 -1 -1 -1 -1 -1 -1 0 0 0 0 0 -1 -1 0 0 3
-1 -1 -1 -1 -1 -1 -1 0 0 0 0 -1 -1 -1 -1 0 0
3 -1 -1 -1 -1 -1 0 0 0 0 -1 -1 -1 -1 0 0 3
3 -1 -1 -1 -1 0 0 0 0 -1 -1 -1 -1 0 0 0 3
3 -1 -1 -1 0 0 0 0 0 -1 -1 -1 -1 0 0 0 3
3 3 -1 0 0 0 0 0 -1 -1 -1 -1 0 0 0 3 3
3 3 0 0 0 0 0 -1 -1 -1 -1 0 0 0 -1 3 3
3 3 3 0 0 -1 -1 -1 -1 -1 -1 0 0 0 3 3 3
3 3 3 3 3 -1 -1 -1 -1 -1 0 0 3 3 3 3 3
3 3 3 3 3 3 3 3 -1 3 3 3 3 3 3 3 3
16:36:37.091091 - stdout  :: 0 0
16:36:37.100257 - stdin   :: 8 18 -1 0
22 22
8 18
20 5
5 6
3 3 3 3 3 3 3 3 -1 3 3 3 3 3 3 3 3
3 3 3 3 3 -1 -1 -1 -1 -1 -1 -1 3 3 3 3 3
3 3 3 -1 -1 -1 -1 -1 -1 -1 -1 -1 -1 -1 3 3 3
3 3 -1 -1 -1 -1 -1 -1 -1 -1 -1 -1 -1 -1 0 3 3
3 3 -1 -1 -1 -1 -1 -1 -1 -1 -1 -1 0 0 0 3 3
3 -1 -1 -1 -1 -1 -1 -1 -1 -1 -1 0 0 0 0 0 3
3 -1 -1 -1 -1 -1 -1 -1 -1 0 0 0 0 0 0 0 3
3 -1 -1 -1 -1 -1 -1 -1 0 0 0 0 0 0 0 0 3
-1 -1 -1 -1 -1 -1 -1 0 0 0 0 0 -1 -1 0 0 0
3 -1 -1 -1 -1 -1 -1 0 0 0 0 -1 -1 -1 -1 0 3
3 -1 -1 -1 -1 -1 0 0 0 0 -1 -1 -1 -1 0 0 3
3 -1 -1 -1 -1 0 0 0 0 -1 -1 -1 -1 0 0 0 3
3 3 -1 -1 0 0 0 0 0 -1 -1 -1 -1 0 0 3 3
3 3 -1 0 0 0 0 0 -1 -1 -1 -1 0 0 0 3 3
3 3 3 0 0 0 0 -1 -1 -1 -1 0 0 0 3 3 3
3 3 3 3 3 -1 -1 -1 -1 -1 -1 0 3 3 3 3 3
3 3 3 3 3 3 3 3 -1 3 3 3 3 3 3 3 3
16:36:37.100851 - stdout  :: 0 0
16:36:37.108671 - stdin   :: 7 18 -1 0
22 22
7 18
20 6
5 6
3 3 3 3 3 3 3 3 -1 3 3 3 3 3 3 3 3
3 3 3 3 3 -1 -1 -1 -1 -1 -1 -1 3 3 3 3 3
3 3 3 -1 -1 -1 -1 -1 -1 -1 -1 -1 -1 -1 3 3 3
3 3 -1 -1 -1 -1 -1 -1 -1 -1 -1 -1 -1 -1 -1 3 3
3 3 -1 -1 -1 -1 -1 -1 -1 -1 -1 -1 -1 -1 0 3 3
3 -1 -1 -1 -1 -1 -1 -1 -1 -1 -1 -1 0 0 0 0 3
3 -1 -1 -1 -1 -1 -1 -1 -1 -1 -1 0 0 0 0 0 3
3 -1 -1 -1 -1 -1 -1 -1 -1 0 0 0 0 0 0 0 3
0 -1 -1 -1 -1 -1 -1 -1 0 0 0 0 0 0 0 0 0
3 -1 -1 -1 -1 -1 -1 0 0 0 0 0 -1 -1 0 0 3
3 -1 -1 -1 -1 -1 -1 0 0 0 0 -1 -1 -1 -1 0 3
3 -1 -1 -1 -1 -1 0 0 0 0 -1 -1 -1 -1 0 0 3
3 3 -1 -1 -1 0 0 0 0 -1 -1 -1 -1 0 0 3 3
3 3 -1 -1 0 0 0 0 0 -1 -1 -1 -1 0 0 3 3
3 3 3 0 0 0 0 0 -1 -1 -1 -1 0 0 3 3 3
3 3 3 3 3 0 0 -1 -1 -1 -1 0 3 3 3 3 3
3 3 3 3 3 3 3 3 -1 3 3 3 3 3 3 3 3
16:36:37.109757 - stdout  :: 1 1
16:36:37.121909 - stdin   :: 7 19 0 1
22 22
7 19
20 7
5 6
3 3 3 3 3 3 3 3 -1 3 3 3 3 3 3 3 3
3 3 3 3 3 -1 -1 -1 -1 -1 -1 -1 3 3 3 3 3
3 3 3 -1 -1 -1 -1 -1 -1 -1 -1 -1 -1 -1 3 3 3
3 3 -1 -1 -1 -1 -1 -1 -1 -1 -1 -1 -1 -1 -1 3 3
3 3 -1 -1 -1 -1 -1 -1 -1 -1 -1 -1 -1 0 0 3 3
3 -1 -1 -1 -1 -1 -1 -1 -1 -1 -1 0 0 0 0 0 3
3 -1 -1 -1 -1 -1 -1 -1 -1 -1 0 0 0 0 0 0 3
3 -1 -1 -1 -1 -1 -1 -1 0 0 0 0 0 0 0 0 3
-1 -1 -1 -1 -1 -1 -1 0 0 0 0 0 0 0 0 0 -1
3 -1 -1 -1 -1 -1 0 0 0 0 0 -1 -1 0 0 0 3
3 -1 -1 -1 -1 -1 0 0 0 0 -1 -1 -1 -1 0 0 3
3 -1 -1 -1 -1 0 0 0 0 -1 -1 -1 -1 0 0 0 3
3 3 -1 -1 0 0 0 0 -1 -1 -1 -1 0 0 0 3 3
3 3 -1 0 0 0 0 0 -1 -1 -1 -1 0 0 0 3 3
3 3 3 0 0 0 0 -1 -1 -1 -1 0 0 0 3 3 3
3 3 3 3 3 0 -1 -1 -1 -1 0 0 3 3 3 3 3
3 3 3 3 3 3 3 3 -1 3 3 3 3 3 3 3 3
16:36:37.122870 - stdout  :: 0 0
16:36:37.132472 - stdin   :: 7 20 0 1
22 22
7 20
19 7
5 6
3 3 3 3 3 3 3 3 -1 3 3 3 3 3 3 3 3
3 3 3 3 3 -1 -1 -1 -1 -1 -1 -1 3 3 3 3 3
3 3 3 -1 -1 -1 -1 -1 -1 -1 -1 -1 -1 -1 3 3 3
3 3 -1 -1 -1 -1 -1 -1 -1 -1 -1 -1 -1 -1 -1 3 3
3 3 -1 -1 -1 -1 -1 -1 -1 -1 -1 -1 0 0 -1 3 3
3 -1 -1 -1 -1 -1 -1 -1 -1 -1 0 0 0 0 0 -1 3
3 -1 -1 -1 -1 -1 -1 -1 -1 0 0 0 0 0 0 -1 3
3 -1 -1 -1 -1 -1 -1 0 0 0 0 0 0 0 0 -1 3
-1 -1 -1 -1 -1 -1 0 0 0 0 0 0 0 0 0 -1 -1
3 -1 -1 -1 -1 0 0 0 0 0 -1 -1 0 0 0 0 3
3 -1 -1 -1 -1 0 0 0 0 -1 -1 -1 -1 0 0 0 3
3 -1 -1 -1 0 0 0 0 -1 -1 -1 -1 0 0 0 0 3
3 3 -1 0 0 0 0 -1 -1 -1 -1 0 0 0 0 3 3
3 3 0 0 0 0 0 -1 -1 -1 -1 0 0 0 -1 3 3
3 3 3 0 0 0 -1 -1 -1 -1 0 0 0 -1 3 3 3
3 3 3 3 3 -1 -1 -1 -1 0 0 0 3 3 3 3 3
3 3 3 3 3 3 3 3 -1 3 3 3 3 3 3 3 3
16:36:37.133119 - stdout  :: 0 0
16:36:37.140883 - stdin   :: 7 21 0 1
22 22
7 21
18 7
5 6
3 3 3 3 3 3 3 3 -1 3 3 3 3 3 3 3 3
3 3 3 3 3 -1 -1 -1 -1 -1 -1 -1 3 3 3 3 3
3 3 3 -1 -1 -1 -1 -1 -1 -1 -1 -1 -1 -1 3 3 3
3 3 -1 -1 -1 -1 -1 -1 -1 -1 -1 -1 -1 -1 -1 3 3
3 3 -1 -1 -1 -1 -1 -1 -1 -1 -1 0 0 -1 -1 3 3
3 -1 -1 -1 -1 -1 -1 -1 -1 0 0 0 0 0 -1 -1 3
3 -1 -1 -1 -1 -1 -1 -1 0 0 0 0 0 0 -1 -1 3
3 -1 -1 -1 -1 -1 0 0 0 0 0 0 0 0 -1 -1 3
-1 -1 -1 -1 -1 0 0 0 0 0 0 0 0 0 -1 -1 -1
3 -1 -1 -1 0 0 0 0 0 -1 -1 0 0 0 0 -1 3
3 -1 -1 -1 0 0 0 0 -1 -1 -1 -1 0 0 0 -1 3
3 -1 -1 0 0 0 0 -1 -1 -1 -1 0 0 0 0 -1 3
3 3 0 0 0 0 -1 -1 -1 -1 0 0 0 0 -1 3 3
3 3 0 0 0 0 -1 -1 -1 -1 0 0 0 -1 -1 3 3
3 3 3 0 0 -1 -1 -1 -1 0 0 0 -1 -1 3 3 3
3 3 3 3 3 -1 -1 -1 0 0 0 -1 3 3 3 3 3
3 3 3 3 3 3 3 3 0 3 3 3 3 3 3 3 3
16:36:37.141449 - stdout  :: 0 0
16:36:37.148772 - stdin   :: 7 22 0 1
22 22
7 22
17 7
5 6
3 3 3 3 3 3 3 3 -1 3 3 3 3 3 3 3 3
3 3 3 3 3 -1 -1 -1 -1 -1 -1 -1 3 3 3 3 3
3 3 3 -1 -1 -1 -1 -1 -1 -1 -1 -1 -1 -1 3 3 3
3 3 -1 -1 -1 -1 -1 -1 -1 -1 -1 -1 -1 -1 -1 3 3
3 3 -1 -1 -1 -1 -1 -1 -1 -1 0 0 -1 -1 -1 3 3
3 -1 -1 -1 -1 -1 -1 -1 0 0 0 0 0 -1 -1 -1 3
3 -1 -1 -1 -1 -1 -1 0 0 0 0 0 0 -1 -1 -1 3
3 -1 -1 -1 -1 0 0 0 0 0 0 0 0 -1 -1 -1 3
-1 -1 -1 -1 0 0 0 0 0 0 0 0 0 -1 -1 -1 -1
3 -1 -1 0 0 0 0 0 -1 -1 0 0 0 0 -1 -1 3
3 -1 -1 0 0 0 0 -1 -1 -1 -1 0 0 0 -1 -1 3
3 -1 0 0 0 0 -1 -1 -1 -1 0 0 0 0 -1 -1 3
3 3 0 0 0 -1 -1 -1 -1 0 0 0 0 -1 -1 3 3
3 3 0 0 0 -1 -1 -1 -1 0 0 0 -1 -1 -1 3 3
3 3 3 0 -1 -1 -1 -1 0 0 0 -1 -1 -1 3 3 3
3 3 3 3 3 -1 -1 0 0 0 -1 -1 3 3 3 3 3
3 3 3 3 3 3 3 3 0 3 3 3 3 3 3 3 3
16:36:37.149296 - stdout  :: 0 0
16:36:37.156726 - stdin   :: 7 23 0 1
22 22
7 23
17 8
5 6
3 3 3 3 3 3 3 3 -1 3 3 3 3 3 3 3 3
3 3 3 3 3 -1 -1 -1 -1 -1 -1 -1 3 3 3 3 3
3 3 3 -1 -1 -1 -1 -1 -1 -1 -1 -1 -1 -1 3 3 3
3 3 -1 -1 -1 -1 -1 -1 -1 -1 -1 -1 -1 -1 -1 3 3
3 3 -1 -1 -1 -1 -1 -1 -1 0 0 -1 -1 -1 -1 3 3
3 -1 -1 -1 -1 -1 -1 0 0 0 0 0 -1 -1 -1 -1 3
3 -1 -1 -1 -1 -1 0 0 0 0 0 0 -1 -1 -1 -1 3
3 -1 -1 -1 0 0 0 0 0 0 0 0 -1 -1 -1 -1 3
-1 -1 -1 0 0 0 0 0 0 0 0 0 -1 -1 -1 -1 -1
3 -1 0 0 0 0 0 -1 -1 0 0 0 0 -1 -1 -1 3
3 -1 0 0 0 0 -1 -1 -1 -1 0 0 0 -1 -1 -1 3
3 0 0 0 0 -1 -1 -1 -1 0 0 0 0 -1 -1 -1 3
3 3 0 0 -1 -1 -1 -1 0 0 0 0 -1 -1 -1 3 3
3 3 0 0 -1 -1 -1 -1 0 0 0 -1 -1 -1 -1 3 3
3 3 3 -1 -1 -1 -1 0 0 0 -1 -1 -1 -1 3 3 3
3 3 3 3 3 -1 0 0 0 -1 -1 -1 3 3 3 3 3
3 3 3 3 3 3 3 3 0 3 3 3 3 3 3 3 3
16:36:37.157350 - stdout  :: 0 0
16:36:37.164857 - stdin   :: 7 24 0 1
22 22
7 24
16 8
5 6
3 3 3 3 3 3 3 3 -1 3 3 3 3 3 3 3 3
3 3 3 3 3 -1 -1 -1 -1 -1 -1 -1 3 3 3 3 3
3 3 3 -1 -1 -1 -1 -1 -1 -1 -1 -1 -1 -1 3 3 3
3 3 -1 -1 -1 -1 -1 -1 -1 -1 -1 -1 -1 -1 -1 3 3
3 3 -1 -1 -1 -1 -1 -1 0 0 -1 -1 -1 -1 -1 3 3
3 -1 -1 -1 -1 -1 0 0 0 0 0 -1 -1 -1 -1 -1 3
3 -1 -1 -1 -1 0 0 0 0 0 0 -1 -1 -1 -1 -1 3
3 -1 -1 0 0 0 0 0 0 0 0 -1 -1 -1 -1 -1 3
-1 -1 0 0 0 0 0 0 0 0 0 -1 -1 -1 -1 -1 -1
3 0 0 0 0 0 -1 -1 0 0 0 0 -1 -1 -1 -1 3
3 0 0 0 0 -1 -1 -1 -1 0 0 0 -1 -1 -1 -1 3
3 0 0 0 -1 -1 -1 -1 0 0 0 0 -1 -1 -1 -1 3
3 3 0 -1 -1 -1 -1 0 0 0 0 -1 -1 -1 -1 3 3
3 3 0 -1 -1 -1 -1 0 0 0 -1 -1 -1 -1 -1 3 3
3 3 3 -1 -1 -1 0 0 0 -1 -1 -1 -1 -1 3 3 3
3 3 3 3 3 0 0 0 -1 -1 -1 -1 3 3 3 3 3
3 3 3 3 3 3 3 3 -1 3 3 3 3 3 3 3 3
16:36:37.165376 - stdout  :: 0 0
16:36:37.175522 - stdin   :: 7 25 0 1
22 22
7 25
16 9
5 6
3 3 3 3 3 3 3 3 -1 3 3 3 3 3 3 3 3
3 3 3 3 3 -1 -1 -1 -1 -1 -1 -1 3 3 3 3 3
3 3 3 -1 -1 -1 -1 -1 -1 -1 -1 -1 -1 -1 3 3 3
3 3 -1 -1 -1 -1 -1 -1 -1 -1 -1 -1 -1 -1 -1 3 3
3 3 -1 -1 -1 -1 -1 0 0 -1 -1 -1 -1 -1 -1 3 3
3 -1 -1 -1 -1 0 0 0 0 0 -1 -1 -1 -1 -1 -1 3
3 -1 -1 -1 0 0 0 0 0 0 -1 -1 -1 -1 -1 -1 3
3 -1 0 0 0 0 0 0 0 0 -1 -1 -1 -1 -1 -1 3
-1 0 0 0 0 0 0 0 0 0 -1 -1 -1 -1 -1 -1 -1
3 0 0 0 0 -1 -1 0 0 0 0 -1 -1 -1 -1 -1 3
3 0 0 0 -1 -1 -1 -1 0 0 0 -1 -1 -1 -1 -1 3
3 0 0 -1 -1 -1 -1 0 0 0 0 -1 -1 -1 -1 -1 3
3 3 -1 -1 -1 -1 0 0 0 0 -1 -1 -1 -1 -1 3 3
3 3 -1 -1 -1 -1 0 0 0 -1 -1 -1 -1 -1 -1 3 3
3 3 3 -1 -1 0 0 0 -1 -1 -1 -1 -1 -1 3 3 3
3 3 3 3 3 0 0 -1 -1 -1 -1 -1 3 3 3 3 3
3 3 3 3 3 3 3 3 -1 3 3 3 3 3 3 3 3
16:36:37.176062 - stdout  :: 0 0
16:36:37.183056 - stdin   :: 7 26 0 1
22 22
7 26
17 9
5 6
3 3 3 3 3 3 3 3 -1 3 3 3 3 3 3 3 3
3 3 3 3 3 -1 -1 -1 -1 -1 -1 -1 3 3 3 3 3
3 3 3 -1 -1 -1 -1 -1 -1 -1 -1 -1 -1 -1 3 3 3
3 3 -1 -1 -1 -1 -1 -1 -1 -1 -1 -1 -1 -1 -1 3 3
3 3 -1 -1 -1 -1 0 0 -1 -1 -1 -1 -1 -1 -1 3 3
3 -1 -1 -1 0 0 0 0 0 -1 -1 -1 -1 -1 -1 -1 3
3 -1 -1 0 0 0 0 0 0 -1 -1 -1 -1 -1 -1 -1 3
3 0 0 0 0 0 0 0 0 -1 -1 -1 -1 -1 -1 -1 3
0 0 0 0 0 0 0 0 0 -1 -1 -1 -1 -1 -1 -1 -1
3 0 0 0 -1 -1 0 0 0 0 -1 -1 -1 -1 -1 -1 3
3 0 0 -1 -1 -1 -1 0 0 0 -1 -1 -1 -1 -1 -1 3
3 0 -1 -1 -1 -1 0 0 0 0 -1 -1 -1 -1 -1 -1 3
3 3 -1 -1 -1 0 0 0 0 -1 -1 -1 -1 -1 -1 3 3
3 3 -1 -1 -1 0 0 0 -1 -1 -1 -1 -1 -1 -1 3 3
3 3 3 -1 0 0 0 -1 -1 -1 -1 -1 -1 -1 3 3 3
3 3 3 3 3 0 -1 -1 -1 -1 -1 -1 3 3 3 3 3
3 3 3 3 3 3 3 3 -1 3 3 3 3 3 3 3 3
16:36:37.183668 - stdout  :: 1 0
16:36:37.190711 - stdin   :: 8 27 1 1
22 22
8 27
18 9
5 6
3 3 3 3 3 3 3 3 -1 3 3 3 3 3 3 3 3
3 3 3 3 3 -1 -1 -1 -1 -1 -1 -1 3 3 3 3 3
3 3 3 -1 -1 -1 -1 -1 -1 -1 -1 -1 -1 -1 3 3 3
3 3 -1 -1 -1 0 0 -1 -1 -1 -1 -1 -1 -1 -1 3 3
3 3 -1 0 0 0 0 0 -1 -1 -1 -1 -1 -1 -1 3 3
3 -1 0 0 0 0 0 0 -1 -1 -1 -1 -1 -1 -1 -1 3
3 0 0 0 0 0 0 0 -1 -1 -1 -1 -1 -1 -1 -1 3
3 0 0 0 0 0 0 0 -1 -1 -1 -1 -1 -1 -1 -1 3
0 0 0 -1 -1 0 0 0 0 -1 -1 -1 -1 -1 -1 -1 -1
3 0 -1 -1 -1 -1 0 0 0 -1 -1 -1 -1 -1 -1 -1 3
3 -1 -1 -1 -1 0 0 0 0 -1 -1 -1 -1 -1 -1 -1 3
3 -1 -1 -1 0 0 0 0 -1 -1 -1 -1 -1 -1 -1 -1 3
3 3 -1 -1 0 0 0 -1 -1 -1 -1 -1 -1 -1 -1 3 3
3 3 -1 0 0 0 -1 -1 -1 -1 -1 -1 -1 -1 -1 3 3
3 3 3 0 0 -1 -1 -1 -1 -1 -1 -1 -1 -1 3 3 3
3 3 3 3 3 -1 -1 -1 -1 -1 -1 -1 3 3 3 3 3
3 3 3 3 3 3 3 3 -1 3 3 3 3 3 3 3 3
16:36:37.191333 - stdout  :: 0 -1
16:36:37.198039 - stdin   :: 9 27 1 0
22 22
9 27
19 9
5 6
3 3 3 3 3 3 3 3 -1 3 3 3 3 3 3 3 3
3 3 3 3 3 -1 -1 -1 -1 -1 -1 -1 3 3 3 3 3
3 3 3 -1 -1 0 0 -1 -1 -1 -1 -1 -1 -1 3 3 3
3 3 -1 0 0 0 0 0 -1 -1 -1 -1 -1 -1 -1 3 3
3 3 0 0 0 0 0 0 -1 -1 -1 -1 -1 -1 -1 3 3
3 0 0 0 0 0 0 0 -1 -1 -1 -1 -1 -1 -1 -1 3
3 0 0 0 0 0 0 0 -1 -1 -1 -1 -1 -1 -1 -1 3
3 0 0 -1 -1 0 0 0 0 -1 -1 -1 -1 -1 -1 -1 3
0 0 -1 -1 -1 -1 0 0 0 -1 -1 -1 -1 -1 -1 -1 -1
3 -1 -1 -1 -1 0 0 0 0 -1 -1 -1 -1 -1 -1 -1 3
3 -1 -1 -1 0 0 0 0 -1 -1 -1 -1 -1 -1 -1 -1 3
3 -1 -1 -1 0 0 0 -1 -1 -1 -1 -1 -1 -1 -1 -1 3
3 3 -1 0 0 0 -1 -1 -1 -1 -1 -1 -1 -1 -1 3 3
3 3 0 0 0 -1 -1 -1 -1 -1 -1 -1 -1 -1 -1 3 3
3 3 3 0 0 -1 -1 -1 -1 -1 -1 -1 -1 -1 3 3 3
3 3 3 3 3 -1 -1 -1 -1 -1 -1 -1 3 3 3 3 3
3 3 3 3 3 3 3 3 -1 3 3 3 3 3 3 3 3
16:36:37.198442 - stdout  :: 0 0
16:36:37.204979 - stdin   :: 10 27 1 0
22 22
10 27
19 9
5 6
3 3 3 3 3 3 3 3 -1 3 3 3 3 3 3 3 3
3 3 3 3 3 0 0 -1 -1 -1 -1 -1 3 3 3 3 3
3 3 3 0 0 0 0 0 -1 -1 -1 -1 -1 -1 3 3 3
3 3 0 0 0 0 0 0 -1 -1 -1 -1 -1 -1 -1 3 3
3 3 0 0 0 0 0 0 -1 -1 -1 -1 -1 -1 -1 3 3
3 0 0 0 0 0 0 0 -1 -1 -1 -1 -1 -1 -1 -1 3
3 0 0 -1 -1 0 0 0 0 -1 -1 -1 -1 -1 -1 -1 3
3 0 -1 -1 -1 -1 0 0 0 -1 -1 -1 -1 -1 -1 -1 3
0 -1 -1 -1 -1 0 0 0 0 -1 -1 -1 -1 -1 -1 -1 -1
3 -1 -1 -1 0 0 0 0 -1 -1 -1 -1 -1 -1 -1 -1 3
3 -1 -1 -1 0 0 0 -1 -1 -1 -1 -1 -1 -1 -1 -1 3
3 -1 -1 0 0 0 -1 -1 -1 -1 -1 -1 -1 -1 -1 -1 3
3 3 0 0 0 -1 -1 -1 -1 -1 -1 -1 -1 -1 -1 3 3
3 3 0 0 0 -1 -1 -1 -1 -1 -1 -1 -1 -1 -1 3 3
3 3 3 0 -1 -1 -1 -1 -1 -1 -1 -1 -1 -1 3 3 3
3 3 3 3 3 -1 -1 -1 -1 -1 -1 -1 3 3 3 3 3
3 3 3 3 3 3 3 3 -1 3 3 3 3 3 3 3 3
16:36:37.205640 - stdout  :: -1 -1
16:36:37.212054 - stdin   :: 10 26 0 -1
22 22
10 26
18 9
5 6
3 3 3 3 3 3 3 3 -1 3 3 3 3 3 3 3 3
3 3 3 3 3 -1 0 0 -1 -1 -1 -1 3 3 3 3 3
3 3 3 -1 0 0 0 0 0 -1 -1 -1 -1 -1 3 3 3
3 3 -1 0 0 0 0 0 0 -1 -1 -1 -1 -1 -1 3 3
3 3 0 0 0 0 0 0 0 -1 -1 -1 -1 -1 -1 3 3
3 0 0 0 0 0 0 0 0 -1 -1 -1 -1 -1 -1 -1 3
3 0 0 0 -1 -1 0 0 0 0 -1 -1 -1 -1 -1 -1 3
3 0 0 -1 -1 -1 -1 0 0 0 -1 -1 -1 -1 -1 -1 3
0 0 -1 -1 -1 -1 0 0 0 0 -1 -1 -1 -1 -1 -1 -1
3 -1 -1 -1 -1 0 0 0 0 -1 -1 -1 -1 -1 -1 -1 3
3 -1 -1 -1 -1 0 0 0 -1 -1 -1 -1 -1 -1 -1 -1 3
3 -1 -1 -1 0 0 0 -1 -1 -1 -1 -1 -1 -1 -1 -1 3
3 3 -1 0 0 0 -1 -1 -1 -1 -1 -1 -1 -1 -1 3 3
3 3 -1 0 0 0 -1 -1 -1 -1 -1 -1 -1 -1 -1 3 3
3 3 3 0 0 -1 -1 -1 -1 -1 -1 -1 -1 -1 3 3 3
3 3 3 3 3 -1 -1 -1 -1 -1 -1 -1 3 3 3 3 3
3 3 3 3 3 3 3 3 100 3 3 3 3 3 3 3 3
16:36:37.212467 - stdout  :: 0 0
16:36:37.220941 - stdin   :: 10 25 0 -1
22 22
10 25
18 10
5 6
3 3 3 3 3 3 3 3 -1 3 3 3 3 3 3 3 3
3 3 3 3 3 -1 -1 0 0 -1 -1 -1 3 3 3 3 3
3 3 3 -1 -1 0 0 0 0 0 -1 -1 -1 -1 3 3 3
3 3 -1 -1 0 0 0 0 0 0 -1 -1 -1 -1 -1 3 3
3 3 0 0 0 0 0 0 0 0 -1 -1 -1 -1 -1 3 3
3 0 0 0 0 0 0 0 0 0 -1 -1 -1 -1 -1 -1 3
3 0 0 0 0 -1 -1 0 0 0 0 -1 -1 -1 -1 -1 3
3 0 0 0 -1 -1 -1 -1 0 0 0 -1 -1 -1 -1 -1 3
0 0 0 -1 -1 -1 -1 0 0 0 0 -1 -1 -1 -1 -1 -1
3 0 -1 -1 -1 -1 0 0 0 0 -1 -1 -1 -1 -1 -1 3
3 0 -1 -1 -1 -1 0 0 0 -1 -1 -1 -1 -1 -1 -1 3
3 -1 -1 -1 -1 0 0 0 -1 -1 -1 -1 -1 -1 -1 -1 3
3 3 -1 -1 0 0 0 -1 -1 -1 -1 -1 -1 -1 -1 3 3
3 3 -1 -1 0 0 0 -1 -1 -1 -1 -1 -1 -1 -1 3 3
3 3 3 0 0 0 -1 -1 -1 -1 -1 -1 -1 -1 3 3 3
3 3 3 3 3 0 -1 -1 -1 -1 -1 -1 3 3 3 3 3
3 3 3 3 3 3 3 3 -1 3 3 3 3 3 3 3 3
16:36:37.221353 - stdout  :: 0 0
16:36:37.228335 - stdin   :: 10 24 0 -1
22 22
10 24
17 10
5 6
3 3 3 3 3 3 3 3 -1 3 3 3 3 3 3 3 3
3 3 3 3 3 -1 -1 -1 0 0 -1 -1 3 3 3 3 3
3 3 3 -1 -1 -1 0 0 0 0 0 -1 -1 -1 3 3 3
3 3 -1 -1 -1 0 0 0 0 0 0 -1 -1 -1 -1 3 3
3 3 -1 0 0 0 0 0 0 0 0 -1 -1 -1 -1 3 3
3 -1 0 0 0 0 0 0 0 0 0 -1 -1 -1 -1 -1 3
3 0 0 0 0 0 -1 -1 0 0 0 0 -1 -1 -1 -1 3
3 0 0 0 0 -1 -1 -1 -1 0 0 0 -1 -1 -1 -1 3
0 0 0 0 -1 -1 -1 -1 0 0 0 0 -1 -1 -1 -1 -1
3 0 0 -1 -1 -1 -1 0 0 0 0 -1 -1 -1 -1 -1 3
3 0 0 -1 -1 -1 -1 0 0 0 -1 -1 -1 -1 -1 -1 3
3 0 -1 -1 -1 -1 0 0 0 -1 -1 -1 -1 -1 -1 -1 3
3 3 -1 -1 -1 0 0 0 -1 -1 -1 -1 -1 -1 -1 3 3
3 3 -1 -1 -1 0 0 0 -1 -1 -1 -1 -1 -1 -1 3 3
3 3 3 -1 0 0 0 -1 -1 -1 -1 -1 -1 -1 3 3 3
3 3 3 3 3 0 0 -1 -1 -1 -1 -1 3 3 3 3 3
3 3 3 3 3 3 3 3 -1 3 3 3 3 3 3 3 3
16:36:37.228981 - stdout  :: 1 0
16:36:37.236306 - stdin   :: 11 23 1 -1
22 22
11 23
16 10
5 6
3 3 3 3 3 3 3 3 -1 3 3 3 3 3 3 3 3
3 3 3 3 3 -1 -1 0 0 0 0 0 3 3 3 3 3
3 3 3 -1 -1 -1 0 0 0 0 0 0 -1 -1 3 3 3
3 3 -1 -1 0 0 0 0 0 0 0 0 -1 -1 -1 3 3
3 3 -1 0 0 0 0 0 0 0 0 0 -1 -1 -1 3 3
3 -1 0 0 0 0 0 -1 -1 0 0 0 0 -1 -1 -1 3
3 -1 0 0 0 0 -1 -1 -1 -1 0 0 0 -1 -1 -1 3
3 0 0 0 0 -1 -1 -1 -1 0 0 0 0 -1 -1 -1 3
0 0 0 0 -1 -1 -1 -1 0 0 0 0 -1 -1 -1 -1 -1
3 0 0 0 -1 -1 -1 -1 0 0 0 -1 -1 -1 -1 -1 3
3 0 0 -1 -1 -1 -1 0 0 0 -1 -1 -1 -1 -1 -1 3
3 0 -1 -1 -1 -1 0 0 0 -1 -1 -1 -1 -1 -1 -1 3
3 3 -1 -1 -1 -1 0 0 0 -1 -1 -1 -1 -1 -1 3 3
3 3 -1 -1 -1 0 0 0 -1 -1 -1 -1 -1 -1 -1 3 3
3 3 3 -1 0 0 0 0 -1 -1 -1 -1 -1 -1 3 3 3
3 3 3 3 3 0 0 -1 -1 -1 -1 100 3 3 3 3 3
3 3 3 3 3 3 3 3 -1 3 3 3 3 3 3 3 3
16:36:37.236991 - stdout  :: 1 0
16:36:37.244771 - stdin   :: 13 22 2 -1
22 22
13 22
16 11
5 6
3 3 3 3 3 3 3 3 0 3 3 3 3 3 3 3 3
3 3 3 3 3 0 0 0 0 0 0 0 3 3 3 3 3
3 3 3 -1 0 0 0 0 0 0 0 0 0 -1 3 3 3
3 3 -1 0 0 0 0 0 -1 -1 0 0 0 0 -1 3 3
3 3 -1 0 0 0 0 -1 -1 -1 -1 0 0 0 -1 3 3
3 -1 0 0 0 0 -1 -1 -1 -1 0 0 0 0 -1 -1 3
3 0 0 0 0 -1 -1 -1 -1 0 0 0 0 -1 -1 -1 3
3 0 0 0 0 -1 -1 -1 -1 0 0 0 -1 -1 -1 -1 3
0 0 0 0 -1 -1 -1 -1 0 0 0 -1 -1 -1 -1 -1 -1
3 0 0 -1 -1 -1 -1 0 0 0 -1 -1 -1 -1 -1 -1 3
3 -1 -1 -1 -1 -1 -1 0 0 0 -1 -1 -1 -1 -1 -1 3
3 -1 -1 -1 -1 -1 0 0 0 -1 -1 -1 -1 -1 -1 -1 3
3 3 -1 -1 -1 0 0 0 0 -1 -1 -1 -1 -1 -1 3 3
3 3 -1 -1 0 0 0 0 -1 -1 -1 -1 100 -1 -1 3 3
3 3 3 0 0 0 0 -1 -1 -1 -1 100 100 100 3 3 3
3 3 3 3 3 0 -1 -1 -1 -1 100 100 3 3 3 3 3
3 3 3 3 3 3 3 3 -1 3 3 3 3 3 3 3 3
16:36:37.245948 - stdout  :: 0 0
16:36:37.253686 - stdin   :: 15 21 2 -1
22 22
15 21
15 11
5 6
3 3 3 3 3 3 3 3 0 3 3 3 3 3 3 3 3
3 3 3 3 3 0 0 0 0 -1 -1 0 3 3 3 3 3
3 3 3 -1 0 0 0 0 -1 -1 -1 -1 0 0 3 3 3
3 3 -1 0 0 0 0 -1 -1 -1 -1 0 0 0 0 3 3
3 3 0 0 0 0 -1 -1 -1 -1 0 0 0 0 -1 3 3
3 0 0 0 0 0 -1 -1 -1 -1 0 0 0 -1 -1 -1 3
3 0 0 0 0 -1 -1 -1 -1 0 0 0 -1 -1 -1 -1 3
3 0 0 0 -1 -1 -1 -1 0 0 0 -1 -1 -1 -1 -1 3
0 0 -1 -1 -1 -1 -1 -1 0 0 0 -1 -1 -1 -1 -1 -1
3 -1 -1 -1 -1 -1 -1 0 0 0 -1 -1 -1 -1 -1 -1 3
3 -1 -1 -1 -1 -1 0 0 0 0 -1 -1 -1 -1 -1 -1 3
3 -1 -1 -1 -1 0 0 0 0 -1 -1 -1 -1 100 -1 -1 3
3 3 -1 0 0 0 0 0 -1 -1 -1 -1 100 100 100 3 3
3 3 0 0 0 0 0 -1 -1 -1 -1 100 100 100 100 3 3
3 3 3 0 0 -1 -1 -1 -1 -1 100 100 100 100 3 3 3
3 3 3 3 3 -1 -1 -1 -1 100 100 100 3 3 3 3 3
3 3 3 3 3 3 3 3 0 3 3 3 3 3 3 3 3
16:36:37.254511 - stdout  :: 1 0
16:36:37.262140 - stdin   :: 18 20 3 -1
22 22
18 20
15 12
5 6
3 3 3 3 3 3 3 3 -1 3 3 3 3 3 3 3 3
3 3 3 3 3 0 0 -1 -1 -1 -1 0 3 3 3 3 3
3 3 3 0 0 0 0 -1 -1 -1 -1 0 0 0 3 3 3
3 3 0 0 0 0 -1 -1 -1 -1 0 0 0 -1 -1 3 3
3 3 0 0 0 -1 -1 -1 -1 0 0 0 -1 -1 -1 3 3
3 0 0 -1 -1 -1 -1 -1 -1 0 0 0 -1 -1 -1 -1 3
3 0 -1 -1 -1 -1 -1 -1 0 0 0 -1 -1 -1 -1 -1 3
3 -1 -1 -1 -1 -1 -1 0 0 0 0 -1 -1 -1 -1 -1 3
-1 -1 -1 -1 -1 -1 0 0 0 0 -1 -1 -1 -1 100 -1 -1
3 -1 -1 -1 0 0 0 0 0 -1 -1 -1 -1 100 100 100 3
3 -1 0 0 0 0 0 0 -1 -1 -1 -1 100 100 100 100 3
3 0 0 0 0 0 -1 -1 -1 -1 -1 100 100 100 100 100 3
3 3 0 0 -1 -1 -1 -1 -1 -1 100 100 100 100 100 3 3
3 3 0 -1 -1 -1 -1 -1 0 0 100 100 100 100 -1 3 3
3 3 3 -1 -1 0 0 0 0 0 0 100 -1 -1 3 3 3
3 3 3 3 3 0 0 0 0 0 -1 -1 3 3 3 3 3
3 3 3 3 3 3 3 3 0 3 3 3 3 3 3 3 3
16:36:37.262899 - stdout  :: -1 0
16:36:37.272927 - stdin   :: 20 19 2 -1
22 22
20 19
14 12
5 6
3 3 3 3 3 3 3 3 -1 3 3 3 3 3 3 3 3
3 3 3 3 3 0 0 -1 -1 -1 -1 0 3 3 3 3 3
3 3 3 0 0 0 -1 -1 -1 -1 0 0 0 -1 3 3 3
3 3 0 0 -1 -1 -1 -1 -1 -1 0 0 0 -1 -1 3 3
3 3 0 -1 -1 -1 -1 -1 -1 0 0 0 -1 -1 -1 3 3
3 0 -1 -1 -1 -1 -1 -1 0 0 0 0 -1 -1 -1 -1 3
3 -1 -1 -1 -1 -1 -1 0 0 0 0 -1 -1 -1 -1 100 3
3 -1 -1 -1 -1 0 0 0 0 0 -1 -1 -1 -1 100 100 3
-1 -1 -1 0 0 0 0 0 0 -1 -1 -1 -1 100 100 100 100
3 -1 0 0 0 0 0 -1 -1 -1 -1 -1 100 100 100 100 3
3 0 0 0 0 -1 -1 -1 -1 -1 -1 100 100 100 100 100 3
3 0 0 0 -1 -1 -1 -1 -1 0 0 100 100 100 100 -1 3
3 3 -1 -1 -1 -1 0 0 0 0 0 0 100 -1 -1 3 3
3 3 0 0 0 0 0 0 0 0 0 -1 -1 -1 -1 3 3
3 3 3 0 0 0 0 0 0 0 -1 -1 -1 -1 3 3 3
3 3 3 3 3 0 0 -1 -1 -1 -1 -1 3 3 3 3 3
3 3 3 3 3 3 3 3 -1 3 3 3 3 3 3 3 3
16:36:37.273539 - stdout  :: -1 -1
16:36:37.280839 - stdin   :: 21 17 1 -2
22 22
21 17
14 13
5 6
3 3 3 3 3 3 3 3 0 3 3 3 3 3 3 3 3
3 3 3 3 3 0 0 0 -1 -1 -1 -1 3 3 3 3 3
3 3 3 0 0 0 -1 -1 -1 -1 -1 -1 0 0 3 3 3
3 3 0 0 0 -1 -1 -1 -1 -1 -1 0 0 0 -1 3 3
3 3 0 0 -1 -1 -1 -1 -1 -1 0 0 0 0 -1 3 3
3 0 0 -1 -1 -1 -1 -1 -1 0 0 0 0 -1 -1 -1 3
3 -1 -1 -1 -1 -1 -1 0 0 0 0 0 -1 -1 -1 -1 3
3 -1 -1 -1 -1 0 0 0 0 0 0 -1 -1 -1 -1 100 3
-1 -1 -1 -1 0 0 0 0 0 -1 -1 -1 -1 -1 100 100 100
3 -1 0 0 0 0 0 -1 -1 -1 -1 -1 -1 100 100 100 3
3 0 0 0 0 0 -1 -1 -1 -1 -1 0 0 100 100 100 3
3 0 0 0 -1 -1 -1 -1 0 0 0 0 0 0 100 -1 3
3 3 0 0 0 0 0 0 0 0 0 0 0 -1 -1 3 3
3 3 0 0 0 0 0 0 0 0 0 0 -1 -1 -1 3 3
3 3 3 0 0 0 0 0 0 -1 -1 -1 -1 -1 3 3 3
3 3 3 3 3 -1 -1 -1 -1 -1 -1 -1 3 3 3 3 3
3 3 3 3 3 3 3 3 -1 3 3 3 3 3 3 3 3
16:36:37.281271 - stdout  :: 0 0
16:36:37.288381 - stdin   :: 22 15 1 -2
22 22
22 15
13 13
5 6
3 3 3 3 3 3 3 3 0 3 3 3 3 3 3 3 3
3 3 3 3 3 0 0 0 -1 -1 -1 -1 3 3 3 3 3
3 3 3 0 0 0 0 -1 -1 -1 -1 -1 -1 0 3 3 3
3 3 0 0 0 0 -1 -1 -1 -1 -1 -1 0 0 0 3 3
3 3 0 0 0 -1 -1 -1 -1 -1 -1 0 0 0 0 3 3
3 0 0 -1 -1 -1 -1 -1 -1 0 0 0 0 0 -1 -1 3
3 -1 -1 -1 -1 -1 -1 0 0 0 0 0 0 -1 -1 -1 3
3 -1 -1 -1 -1 -1 0 0 0 0 0 -1 -1 -1 -1 -1 3
-1 -1 -1 -1 0 0 0 0 0 -1 -1 -1 -1 -1 -1 100 100
3 -1 -1 0 0 0 0 0 -1 -1 -1 -1 -1 0 0 100 3
3 -1 -1 0 0 0 -1 -1 -1 -1 0 0 0 0 0 0 3
3 -1 -1 0 0 0 0 0 0 0 0 0 0 0 0 -1 3
3 3 -1 0 0 0 0 0 0 0 0 0 0 0 -1 3 3
3 3 -1 -1 0 0 0 0 0 0 0 -1 -1 -1 -1 3 3
3 3 3 -1 -1 -1 -1 -1 -1 -1 -1 -1 -1 -1 3 3 3
3 3 3 3 3 -1 -1 -1 -1 -1 -1 -1 3 3 3 3 3
3 3 3 3 3 3 3 3 -1 3 3 3 3 3 3 3 3
16:36:37.288769 - stdout  :: 0 0
16:36:37.302852 - stdin   :: 23 13 1 -2
22 22
23 13
13 14
5 6
3 3 3 3 3 3 3 3 0 3 3 3 3 3 3 3 3
3 3 3 3 3 0 0 0 0 -1 -1 -1 3 3 3 3 3
3 3 3 0 0 0 0 0 -1 -1 -1 -1 -1 -1 3 3 3
3 3 0 0 0 0 0 -1 -1 -1 -1 -1 -1 0 0 3 3
3 3 0 0 0 -1 -1 -1 -1 -1 -1 0 0 0 0 3 3
3 0 0 -1 -1 -1 -1 -1 -1 0 0 0 0 0 0 -1 3
3 0 -1 -1 -1 -1 -1 -1 0 0 0 0 0 -1 -1 -1 3
3 -1 -1 -1 -1 -1 0 0 0 0 0 -1 -1 -1 -1 -1 3
-1 -1 -1 -1 -1 0 0 0 0 0 -1 -1 -1 -1 -1 0 0
3 -1 -1 -1 -1 0 0 0 -1 -1 -1 -1 0 0 0 0 3
3 -1 -1 -1 -1 0 0 0 0 0 0 0 0 0 0 0 3
3 -1 -1 -1 -1 0 0 0 0 0 0 0 0 0 0 0 3
3 3 -1 -1 -1 -1 0 0 0 0 0 0 0 -1 -1 3 3
3 3 -1 -1 -1 -1 -1 -1 -1 -1 -1 -1 -1 -1 -1 3 3
3 3 3 -1 -1 -1 -1 -1 -1 -1 -1 -1 -1 -1 3 3 3
3 3 3 3 3 -1 -1 -1 -1 -1 -1 -1 3 3 3 3 3
3 3 3 3 3 3 3 3 -1 3 3 3 3 3 3 3 3
16:36:37.303930 - stdout  :: 0 0
16:36:37.313020 - stdin   :: 24 11 1 -2
22 22
24 11
12 14
5 6
3 3 3 3 3 3 3 3 0 3 3 3 3 3 3 3 3
3 3 3 3 3 0 0 0 0 0 -1 -1 3 3 3 3 3
3 3 3 0 0 0 0 0 0 -1 -1 -1 -1 -1 3 3 3
3 3 0 0 0 0 0 -1 -1 -1 -1 -1 -1 0 0 3 3
3 3 0 0 0 -1 -1 -1 -1 -1 -1 0 0 0 0 3 3
3 0 0 0 -1 -1 -1 -1 -1 -1 0 0 0 0 0 -1 3
3 0 0 -1 -1 -1 -1 -1 0 0 0 0 0 -1 -1 -1 3
3 -1 -1 -1 -1 -1 -1 0 0 0 0 0 -1 -1 -1 -1 3
-1 -1 -1 -1 -1 -1 -1 0 0 0 -1 -1 -1 -1 0 0 0
3 -1 -1 -1 -1 -1 -1 0 0 0 0 0 0 0 0 0 3
3 -1 -1 -1 -1 -1 -1 0 0 0 0 0 0 0 0 0 3
3 -1 -1 -1 -1 -1 -1 -1 0 0 0 0 0 0 0 -1 3
3 3 -1 -1 -1 -1 -1 -1 -1 -1 -1 -1 -1 -1 -1 3 3
3 3 -1 -1 -1 -1 -1 -1 -1 -1 -1 -1 -1 -1 -1 3 3
3 3 3 -1 -1 -1 -1 -1 -1 -1 -1 -1 -1 -1 3 3 3
3 3 3 3 3 -1 -1 -1 -1 -1 -1 -1 3 3 3 3 3
3 3 3 3 3 3 3 3 -1 3 3 3 3 3 3 3 3
16:36:37.314062 - stdout  :: 0 1
16:36:37.323353 - stdin   :: 25 10 1 -1
22 22
25 10
12 15
5 6
3 3 3 3 3 3 3 3 0 3 3 3 3 3 3 3 3
3 3 3 3 3 0 0 0 0 0 -1 -1 3 3 3 3 3
3 3 3 0 0 0 0 0 -1 -1 -1 -1 -1 -1 3 3 3
3 3 0 0 0 0 -1 -1 -1 -1 -1 -1 0 0 0 3 3
3 3 0 0 0 -1 -1 -1 -1 -1 -1 0 0 0 0 3 3
3 -1 0 0 -1 -1 -1 -1 -1 0 0 0 0 0 -1 -1 3
3 -1 -1 -1 -1 -1 -1 -1 0 0 0 0 0 -1 -1 -1 3
3 -1 -1 -1 -1 -1 -1 -1 0 0 0 -1 -1 -1 -1 0 3
-1 -1 -1 -1 -1 -1 -1 -1 0 0 0 0 0 0 0 0 0
3 -1 -1 -1 -1 -1 -1 -1 0 0 0 0 0 0 0 0 3
3 -1 -1 -1 -1 -1 -1 -1 -1 0 0 0 0 0 0 0 3
3 -1 -1 -1 -1 -1 -1 -1 -1 -1 -1 -1 -1 -1 -1 -1 3
3 3 -1 -1 -1 -1 -1 -1 -1 -1 -1 -1 -1 -1 -1 3 3
3 3 -1 -1 -1 -1 -1 -1 -1 -1 -1 -1 -1 -1 -1 3 3
3 3 3 -1 -1 -1 -1 -1 -1 -1 -1 -1 -1 -1 3 3 3
3 3 3 3 3 -1 -1 -1 -1 -1 -1 -1 3 3 3 3 3
3 3 3 3 3 3 3 3 -1 3 3 3 3 3 3 3 3
16:36:37.324212 - stdout  :: 0 1
16:36:37.335288 - stdin   :: 26 10 1 0
22 22
26 10
11 15
5 6
3 3 3 3 3 3 3 3 0 3 3 3 3 3 3 3 3
3 3 3 3 3 0 0 0 -1 -1 -1 -1 3 3 3 3 3
3 3 3 0 0 0 -1 -1 -1 -1 -1 -1 0 0 3 3 3
3 3 0 0 0 -1 -1 -1 -1 -1 -1 0 0 0 0 3 3
3 3 0 0 -1 -1 -1 -1 -1 0 0 0 0 0 -1 3 3
3 -1 -1 -1 -1 -1 -1 -1 0 0 0 0 0 -1 -1 -1 3
3 -1 -1 -1 -1 -1 -1 -1 0 0 0 -1 -1 -1 -1 0 3
3 -1 -1 -1 -1 -1 -1 -1 0 0 0 0 0 0 0 0 3
-1 -1 -1 -1 -1 -1 -1 -1 0 0 0 0 0 0 0 0 0
3 -1 -1 -1 -1 -1 -1 -1 -1 0 0 0 0 0 0 0 3
3 -1 -1 -1 -1 -1 -1 -1 -1 -1 -1 -1 -1 -1 -1 -1 3
3 -1 -1 -1 -1 -1 -1 -1 -1 -1 -1 -1 -1 -1 -1 -1 3
3 3 -1 -1 -1 -1 -1 -1 -1 -1 -1 -1 -1 -1 -1 3 3
3 3 -1 -1 -1 -1 -1 -1 -1 -1 -1 -1 -1 -1 -1 3 3
3 3 3 -1 -1 -1 -1 -1 -1 -1 -1 -1 -1 -1 3 3 3
3 3 3 3 3 -1 -1 -1 -1 -1 -1 -1 3 3 3 3 3
3 3 3 3 3 3 3 3 -1 3 3 3 3 3 3 3 3
16:36:37.335916 - stdout  :: -1 1
16:36:37.345131 - stdin   :: 26 11 0 1
22 22
26 11
11 16
5 6
3 3 3 3 3 3 3 3 0 3 3 3 3 3 3 3 3
3 3 3 3 3 0 0 -1 -1 -1 -1 -1 3 3 3 3 3
3 3 3 0 0 -1 -1 -1 -1 -1 -1 0 0 0 3 3 3
3 3 0 0 -1 -1 -1 -1 -1 -1 0 0 0 0 0 3 3
3 3 0 -1 -1 -1 -1 -1 0 0 0 0 0 -1 -1 3 3
3 -1 -1 -1 -1 -1 -1 0 0 0 0 0 -1 -1 -1 -1 3
3 -1 -1 -1 -1 -1 -1 0 0 0 -1 -1 -1 -1 0 0 3
3 -1 -1 -1 -1 -1 -1 0 0 0 0 0 0 0 0 0 3
-1 -1 -1 -1 -1 -1 -1 0 0 0 0 0 0 0 0 0 0
3 -1 -1 -1 -1 -1 -1 -1 0 0 0 0 0 0 0 -1 3
3 -1 -1 -1 -1 -1 -1 -1 -1 -1 -1 -1 -1 -1 -1 -1 3
3 -1 -1 -1 -1 -1 -1 -1 -1 -1 -1 -1 -1 -1 -1 -1 3
3 3 -1 -1 -1 -1 -1 -1 -1 -1 -1 -1 -1 -1 -1 3 3
3 3 -1 -1 -1 -1 -1 -1 -1 -1 -1 -1 -1 -1 -1 3 3
3 3 3 -1 -1 -1 -1 -1 -1 -1 -1 -1 -1 -1 3 3 3
3 3 3 3 3 -1 -1 -1 -1 -1 -1 -1 3 3 3 3 3
3 3 3 3 3 3 3 3 -1 3 3 3 3 3 3 3 3
16:36:37.345912 - stdout  :: 0 0
16:36:37.354388 - stdin   :: 26 12 0 1
22 22
26 12
10 16
5 6
3 3 3 3 3 3 3 3 -1 3 3 3 3 3 3 3 3
3 3 3 3 3 0 -1 -1 -1 -1 -1 -1 3 3 3 3 3
3 3 3 0 -1 -1 -1 -1 -1 -1 0 0 0 0 3 3 3
3 3 0 -1 -1 -1 -1 -1 -1 0 0 0 0 0 -1 3 3
3 3 -1 -1 -1 -1 -1 0 0 0 0 0 -1 -1 -1 3 3
3 -1 -1 -1 -1 -1 0 0 0 0 0 -1 -1 -1 -1 -1 3
3 -1 -1 -1 -1 -1 0 0 0 -1 -1 -1 -1 0 0 0 3
3 -1 -1 -1 -1 -1 0 0 0 0 0 0 0 0 0 0 3
-1 -1 -1 -1 -1 -1 0 0 0 0 0 0 0 0 0 0 0
3 -1 -1 -1 -1 -1 -1 0 0 0 0 0 0 0 -1 -1 3
3 -1 -1 -1 -1 -1 -1 -1 -1 -1 -1 -1 -1 -1 -1 -1 3
3 -1 -1 -1 -1 -1 -1 -1 -1 -1 -1 -1 -1 -1 -1 -1 3
3 3 -1 -1 -1 -1 -1 -1 -1 -1 -1 -1 -1 -1 -1 3 3
3 3 -1 -1 -1 -1 -1 -1 -1 -1 -1 -1 -1 -1 -1 3 3
3 3 3 -1 -1 -1 -1 -1 -1 -1 -1 -1 -1 -1 3 3 3
3 3 3 3 3 -1 -1 -1 -1 -1 -1 -1 3 3 3 3 3
3 3 3 3 3 3 3 3 -1 3 3 3 3 3 3 3 3
16:36:37.354921 - stdout  :: 0 0
16:36:37.363164 - stdin   :: 26 13 0 1
22 22
26 13
10 17
5 6
3 3 3 3 3 3 3 3 -1 3 3 3 3 3 3 3 3
3 3 3 3 3 -1 -1 -1 -1 -1 -1 0 3 3 3 3 3
3 3 3 -1 -1 -1 -1 -1 -1 0 0 0 0 0 3 3 3
3 3 -1 -1 -1 -1 -1 -1 0 0 0 0 0 -1 -1 3 3
3 3 -1 -1 -1 -1 0 0 0 0 0 -1 -1 -1 -1 3 3
3 -1 -1 -1 -1 0 0 0 0 0 -1 -1 -1 -1 -1 0 3
3 -1 -1 -1 -1 0 0 0 -1 -1 -1 -1 0 0 0 0 3
3 -1 -1 -1 -1 0 0 0 0 0 0 0 0 0 0 0 3
-1 -1 -1 -1 -1 0 0 0 0 0 0 0 0 0 0 0 -1
3 -1 -1 -1 -1 -1 0 0 0 0 0 0 0 -1 -1 -1 3
3 -1 -1 -1 -1 -1 -1 -1 -1 -1 -1 -1 -1 -1 -1 -1 3
3 -1 -1 -1 -1 -1 -1 -1 -1 -1 -1 -1 -1 -1 -1 -1 3
3 3 -1 -1 -1 -1 -1 -1 -1 -1 -1 -1 -1 -1 -1 3 3
3 3 -1 -1 -1 -1 -1 -1 -1 -1 -1 -1 -1 -1 -1 3 3
3 3 3 -1 -1 -1 -1 -1 -1 -1 -1 -1 -1 -1 3 3 3
3 3 3 3 3 -1 -1 -1 -1 -1 -1 -1 3 3 3 3 3
3 3 3 3 3 3 3 3 -1 3 3 3 3 3 3 3 3
16:36:37.363648 - stdout  :: 0 0
16:36:37.371730 - stdin   :: 26 14 0 1
22 22
26 14
9 17
5 6
3 3 3 3 3 3 3 3 -1 3 3 3 3 3 3 3 3
3 3 3 3 3 -1 -1 -1 -1 -1 0 0 3 3 3 3 3
3 3 3 -1 -1 -1 -1 -1 0 0 0 0 0 0 3 3 3
3 3 -1 -1 -1 -1 -1 0 0 0 0 0 -1 -1 -1 3 3
3 3 -1 -1 -1 0 0 0 0 0 -1 -1 -1 -1 -1 3 3
3 -1 -1 -1 0 0 0 0 0 -1 -1 -1 -1 -1 0 0 3
3 -1 -1 -1 0 0 0 -1 -1 -1 -1 0 0 0 0 0 3
3 -1 -1 -1 0 0 0 0 0 0 0 0 0 0 0 0 3
-1 -1 -1 -1 0 0 0 0 0 0 0 0 0 0 0 -1 -1
3 -1 -1 -1 -1 0 0 0 0 0 0 0 -1 -1 -1 -1 3
3 -1 -1 -1 -1 -1 -1 -1 -1 -1 -1 -1 -1 -1 -1 -1 3
3 -1 -1 -1 -1 -1 -1 -1 -1 -1 -1 -1 -1 -1 -1 -1 3
3 3 -1 -1 -1 -1 -1 -1 -1 -1 -1 -1 -1 -1 -1 3 3
3 3 -1 -1 -1 -1 -1 -1 -1 -1 -1 -1 -1 -1 -1 3 3
3 3 3 -1 -1 -1 -1 -1 -1 -1 -1 -1 -1 -1 3 3 3
3 3 3 3 3 -1 -1 -1 -1 -1 -1 -1 3 3 3 3 3
3 3 3 3 3 3 3 3 -1 3 3 3 3 3 3 3 3
16:36:37.372172 - stdout  :: 0 0
16:36:37.380509 - stdin   :: 26 15 0 1
22 22
26 15
8 17
5 6
3 3 3 3 3 3 3 3 -1 3 3 3 3 3 3 3 3
3 3 3 3 3 -1 -1 -1 -1 0 0 0 3 3 3 3 3
3 3 3 -1 -1 -1 -1 0 0 0 0 0 0 -1 3 3 3
3 3 -1 -1 -1 -1 0 0 0 0 0 -1 -1 -1 -1 3 3
3 3 -1 -1 0 0 0 0 0 -1 -1 -1 -1 -1 -1 3 3
3 -1 -1 0 0 0 0 0 -1 -1 -1 -1 -1 0 0 100 3
3 -1 -1 0 0 0 -1 -1 -1 -1 0 0 0 0 0 0 3
3 -1 -1 0 0 0 0 0 0 0 0 0 0 0 0 -1 3
-1 -1 -1 0 0 0 0 0 0 0 0 0 0 0 -1 -1 -1
3 -1 -1 -1 0 0 0 0 0 0 0 -1 -1 -1 -1 -1 3
3 -1 -1 -1 -1 -1 -1 -1 -1 -1 -1 -1 -1 -1 -1 -1 3
3 -1 -1 -1 -1 -1 -1 -1 -1 -1 -1 -1 -1 -1 -1 -1 3
3 3 -1 -1 -1 -1 -1 -1 -1 -1 -1 -1 -1 -1 -1 3 3
3 3 -1 -1 -1 -1 -1 -1 -1 -1 -1 -1 -1 -1 -1 3 3
3 3 3 -1 -1 -1 -1 -1 -1 -1 -1 -1 -1 -1 3 3 3
3 3 3 3 3 -1 -1 -1 -1 -1 -1 -1 3 3 3 3 3
3 3 3 3 3 3 3 3 -1 3 3 3 3 3 3 3 3
16:36:37.380978 - stdout  :: 0 0
16:36:37.391095 - stdin   :: 26 16 0 1
22 22
26 16
8 18
5 6
3 3 3 3 3 3 3 3 -1 3 3 3 3 3 3 3 3
3 3 3 3 3 -1 -1 -1 0 0 0 0 3 3 3 3 3
3 3 3 -1 -1 -1 0 0 0 0 0 0 -1 -1 3 3 3
3 3 -1 -1 -1 0 0 0 0 0 -1 -1 -1 -1 -1 3 3
3 3 -1 0 0 0 0 0 -1 -1 -1 -1 -1 -1 100 3 3
3 -1 0 0 0 0 0 -1 -1 -1 -1 -1 0 0 100 100 3
3 -1 0 0 0 -1 -1 -1 -1 0 0 0 0 0 0 100 3
3 -1 0 0 0 0 0 0 0 0 0 0 0 0 -1 -1 3
-1 -1 0 0 0 0 0 0 0 0 0 0 0 -1 -1 -1 -1
3 -1 -1 0 0 0 0 0 0 0 -1 -1 -1 -1 -1 -1 3
3 -1 -1 -1 -1 -1 -1 -1 -1 -1 -1 -1 -1 -1 -1 -1 3
3 -1 -1 -1 -1 -1 -1 -1 -1 -1 -1 -1 -1 -1 -1 -1 3
3 3 -1 -1 -1 -1 -1 -1 -1 -1 -1 -1 -1 -1 -1 3 3
3 3 -1 -1 -1 -1 -1 -1 -1 -1 -1 -1 -1 -1 -1 3 3
3 3 3 -1 -1 -1 -1 -1 -1 -1 -1 -1 -1 -1 3 3 3
3 3 3 3 3 -1 -1 -1 -1 -1 -1 -1 3 3 3 3 3
3 3 3 3 3 3 3 3 -1 3 3 3 3 3 3 3 3
16:36:37.391480 - stdout  :: 0 0
16:36:37.399600 - stdin   :: 26 17 0 1
22 22
26 17
7 18
5 6
3 3 3 3 3 3 3 3 -1 3 3 3 3 3 3 3 3
3 3 3 3 3 -1 -1 0 0 0 0 0 3 3 3 3 3
3 3 3 -1 -1 0 0 0 0 0 0 -1 -1 -1 3 3 3
3 3 -1 -1 0 0 0 0 0 -1 -1 -1 -1 -1 100 3 3
3 3 0 0 0 0 0 -1 -1 -1 -1 -1 -1 100 100 3 3
3 0 0 0 0 0 -1 -1 -1 -1 -1 0 0 100 100 100 3
3 0 0 0 -1 -1 -1 -1 0 0 0 0 0 0 100 -1 3
3 0 0 0 0 0 0 0 0 0 0 0 0 -1 -1 -1 3
-1 0 0 0 0 0 0 0 0 0 0 0 -1 -1 -1 -1 -1
3 -1 0 0 0 0 0 0 0 -1 -1 -1 -1 -1 -1 -1 3
3 -1 -1 -1 -1 -1 -1 -1 -1 -1 -1 -1 -1 -1 -1 -1 3
3 -1 -1 -1 -1 -1 -1 -1 -1 -1 -1 -1 -1 -1 -1 -1 3
3 3 -1 -1 -1 -1 -1 -1 -1 -1 -1 -1 -1 -1 -1 3 3
3 3 -1 -1 -1 -1 -1 -1 -1 -1 -1 -1 -1 -1 -1 3 3
3 3 3 -1 -1 -1 -1 -1 -1 -1 -1 -1 -1 -1 3 3 3
3 3 3 3 3 -1 -1 -1 -1 -1 -1 -1 3 3 3 3 3
3 3 3 3 3 3 3 3 -1 3 3 3 3 3 3 3 3
16:36:37.399981 - stdout  :: 0 0
16:36:37.408078 - stdin   :: 26 18 0 1
22 22
26 18
7 19
5 6
3 3 3 3 3 3 3 3 0 3 3 3 3 3 3 3 3
3 3 3 3 3 -1 0 0 0 0 0 -1 3 3 3 3 3
3 3 3 -1 0 0 0 0 0 0 -1 -1 -1 -1 3 3 3
3 3 -1 0 0 0 0 0 -1 -1 -1 -1 -1 100 100 3 3
3 3 0 0 0 0 -1 -1 -1 -1 -1 -1 100 100 100 3 3
3 0 0 0 0 -1 -1 -1 -1 -1 0 0 100 100 100 100 3
3 0 0 -1 -1 -1 -1 0 0 0 0 0 0 100 -1 -1 3
3 0 0 0 0 0 0 0 0 0 0 0 -1 -1 -1 -1 3
0 0 0 0 0 0 0 0 0 0 0 -1 -1 -1 -1 -1 -1
3 0 0 0 0 0 0 0 -1 -1 -1 -1 -1 -1 -1 -1 3
3 -1 -1 -1 -1 -1 -1 -1 -1 -1 -1 -1 -1 -1 -1 -1 3
3 -1 -1 -1 -1 -1 -1 -1 -1 -1 -1 -1 -1 -1 -1 -1 3
3 3 -1 -1 -1 -1 -1 -1 -1 -1 -1 -1 -1 -1 -1 3 3
3 3 -1 -1 -1 -1 -1 -1 -1 -1 -1 -1 -1 -1 -1 3 3
3 3 3 -1 -1 -1 -1 -1 -1 -1 -1 -1 -1 -1 3 3 3
3 3 3 3 3 -1 -1 -1 -1 -1 -1 -1 3 3 3 3 3
3 3 3 3 3 3 3 3 -1 3 3 3 3 3 3 3 3
16:36:37.408436 - stdout  :: 0 0
16:36:37.416416 - stdin   :: 26 19 0 1
22 22
26 19
6 19
5 6
3 3 3 3 3 3 3 3 0 3 3 3 3 3 3 3 3
3 3 3 3 3 0 0 0 0 0 -1 -1 3 3 3 3 3
3 3 3 0 0 0 0 0 0 -1 -1 -1 -1 100 3 3 3
3 3 0 0 0 0 0 -1 -1 -1 -1 -1 100 100 100 3 3
3 3 0 0 0 -1 -1 -1 -1 -1 -1 100 100 100 100 3 3
3 0 0 0 -1 -1 -1 -1 -1 0 0 100 100 100 100 -1 3
3 0 -1 -1 -1 -1 0 0 0 0 0 0 100 -1 -1 -1 3
3 0 0 0 0 0 0 0 0 0 0 -1 -1 -1 -1 -1 3
0 0 0 0 0 0 0 0 0 0 -1 -1 -1 -1 -1 -1 -1
3 0 0 0 0 0 0 -1 -1 -1 -1 -1 -1 -1 -1 -1 3
3 -1 -1 -1 -1 -1 -1 -1 -1 -1 -1 -1 -1 -1 -1 -1 3
3 -1 -1 -1 -1 -1 -1 -1 -1 -1 -1 -1 -1 -1 -1 -1 3
3 3 -1 -1 -1 -1 -1 -1 -1 -1 -1 -1 -1 -1 -1 3 3
3 3 -1 -1 -1 -1 -1 -1 -1 -1 -1 -1 -1 -1 -1 3 3
3 3 3 -1 -1 -1 -1 -1 -1 -1 -1 -1 -1 -1 3 3 3
3 3 3 3 3 -1 -1 -1 -1 -1 -1 -1 3 3 3 3 3
3 3 3 3 3 3 3 3 -1 3 3 3 3 3 3 3 3
16:36:37.416971 - stdout  :: -1 0
16:36:37.425133 - stdin   :: 25 20 -1 1
22 22
25 20
6 20
5 6
3 3 3 3 3 3 3 3 0 3 3 3 3 3 3 3 3
3 3 3 3 3 -1 0 0 0 0 -1 -1 3 3 3 3 3
3 3 3 -1 0 0 0 0 0 -1 -1 -1 -1 100 3 3 3
3 3 0 0 0 0 0 0 -1 -1 -1 -1 100 100 100 3 3
3 3 0 0 0 0 -1 -1 -1 -1 -1 100 100 100 100 3 3
3 0 0 0 -1 -1 -1 -1 -1 -1 100 100 100 100 100 -1 3
3 0 0 -1 -1 -1 -1 -1 0 0 100 100 100 100 -1 -1 3
3 -1 -1 -1 -1 0 0 0 0 0 0 100 -1 -1 -1 -1 3
0 0 0 0 0 0 0 0 0 0 -1 -1 -1 -1 -1 -1 -1
3 0 0 0 0 0 0 0 0 -1 -1 -1 -1 -1 -1 -1 3
3 0 0 0 0 0 -1 -1 -1 -1 -1 -1 -1 -1 -1 -1 3
3 -1 -1 -1 -1 -1 -1 -1 -1 -1 -1 -1 -1 -1 -1 -1 3
3 3 -1 -1 -1 -1 -1 -1 -1 -1 -1 -1 -1 -1 -1 3 3
3 3 -1 -1 -1 -1 -1 -1 -1 -1 -1 -1 -1 -1 -1 3 3
3 3 3 -1 -1 -1 -1 -1 -1 -1 -1 -1 -1 -1 3 3 3
3 3 3 3 3 -1 -1 -1 -1 -1 -1 -1 3 3 3 3 3
3 3 3 3 3 3 3 3 -1 3 3 3 3 3 3 3 3
16:36:37.425517 - stdout  :: 0 0
16:36:37.433310 - stdin   :: 24 21 -1 1
22 22
24 21
7 20
5 6
3 3 3 3 3 3 3 3 0 3 3 3 3 3 3 3 3
3 3 3 3 3 -1 0 0 0 0 -1 -1 3 3 3 3 3
3 3 3 -1 -1 0 0 0 0 -1 -1 -1 -1 100 3 3 3
3 3 -1 0 0 0 0 0 -1 -1 -1 -1 100 100 100 3 3
3 3 0 0 0 0 0 -1 -1 -1 -1 100 100 100 100 3 3
3 0 0 0 0 -1 -1 -1 -1 -1 100 100 100 100 100 -1 3
3 0 0 -1 -1 -1 -1 -1 -1 100 100 100 100 100 -1 -1 3
3 0 -1 -1 -1 -1 -1 0 0 100 100 100 100 -1 -1 -1 3
-1 -1 -1 -1 0 0 0 0 0 0 100 -1 -1 -1 -1 -1 -1
3 0 0 0 0 0 0 0 0 -1 -1 -1 -1 -1 -1 -1 3
3 0 0 0 0 0 0 0 -1 -1 -1 -1 -1 -1 -1 -1 3
3 0 0 0 0 -1 -1 -1 -1 -1 -1 -1 -1 -1 -1 -1 3
3 3 -1 -1 -1 -1 -1 -1 -1 -1 -1 -1 -1 -1 -1 3 3
3 3 -1 -1 -1 -1 -1 -1 -1 -1 -1 -1 -1 -1 -1 3 3
3 3 3 -1 -1 -1 -1 -1 -1 -1 -1 -1 -1 -1 3 3 3
3 3 3 3 3 -1 -1 -1 -1 -1 -1 -1 3 3 3 3 3
3 3 3 3 3 3 3 3 -1 3 3 3 3 3 3 3 3
16:36:37.433648 - stdout  :: 0 0
16:36:37.918430 - stdin   :: ~~~END~~~
16:36:37.928719 - control :: Server has terminated, no more data.
