14:14:00.453176 - control :: Starting bot process.
14:14:00.575042 - control :: Bot has initialised, connecting to server.
14:14:01.134564 - stdin   :: 50 70 4 8
14:14:01.143418 - stdin   :: 12 62 0 0
13 61
13 60
12 62
12 63
3 3 3 3 3 3 3 3 -1 3 3 3 3 3 3 3 3
3 3 3 3 3 -1 -1 -1 -1 -1 -1 -1 3 3 3 3 3
3 3 3 -1 -1 -1 -1 -1 -1 -1 -1 -1 -1 -1 3 3 3
3 3 -1 -1 -1 -1 -1 -1 -1 -1 -1 -1 -1 -1 -1 3 3
3 3 -1 -1 -1 -1 -1 -1 -1 -1 -1 -1 -1 -1 -1 3 3
3 -1 -1 -1 -1 -1 -1 -1 -1 -1 -1 -1 -1 -1 -1 -1 3
3 -1 -1 -1 -1 -1 -1 -1 -1 -1 -1 -1 -1 -1 -1 -1 3
3 -1 -1 -1 -1 -1 -1 -1 -1 -1 -1 -1 -1 -1 -1 -1 3
-1 -1 -1 -1 -1 -1 1 1 1 1 1 1 1 -1 -1 -1 -1
3 -1 -1 -1 -1 -1 0 0 0 0 0 0 0 -1 -1 -1 3
3 -1 -1 -1 -1 -1 0 0 0 0 0 0 0 -1 -1 -1 3
3 -1 -1 -1 -1 -1 0 0 0 0 0 0 0 -1 -1 -1 3
3 3 -1 -1 -1 -1 0 0 0 0 0 0 0 -1 -1 3 3
3 3 -1 -1 -1 -1 0 91 91 91 0 0 0 -1 -1 3 3
3 3 3 -1 -1 -1 0 0 0 91 91 0 0 -1 3 3 3
3 3 3 3 3 -1 0 0 0 0 0 0 3 3 3 3 3
3 3 3 3 3 3 3 3 0 3 3 3 3 3 3 3 3
14:14:01.147090 - stdout  :: 1 0
14:14:01.168895 - stdin   :: 13 62 1 0
14 62
15 60
13 62
12 64
3 3 3 3 3 3 3 3 -1 3 3 3 3 3 3 3 3
3 3 3 3 3 -1 -1 -1 -1 -1 -1 -1 3 3 3 3 3
3 3 3 -1 -1 -1 -1 -1 -1 -1 -1 -1 -1 -1 3 3 3
3 3 -1 -1 -1 -1 -1 -1 -1 -1 -1 -1 -1 -1 -1 3 3
3 3 -1 -1 -1 -1 -1 -1 -1 -1 -1 -1 -1 -1 -1 3 3
3 -1 -1 -1 -1 -1 -1 -1 -1 -1 -1 -1 -1 -1 -1 -1 3
3 -1 -1 -1 -1 -1 -1 -1 -1 -1 -1 -1 -1 -1 -1 -1 3
3 -1 -1 -1 -1 -1 1 1 1 1 1 1 1 -1 -1 -1 3
-1 -1 -1 -1 -1 -1 0 0 0 0 0 0 0 -1 -1 -1 -1
3 -1 -1 -1 -1 -1 0 0 0 0 0 0 0 -1 -1 -1 3
3 -1 -1 -1 -1 -1 0 0 0 0 0 0 0 -1 -1 -1 3
3 -1 -1 -1 -1 -1 0 0 0 0 0 0 0 -1 -1 -1 3
3 3 -1 -1 -1 -1 0 91 91 91 0 0 0 -1 -1 3 3
3 3 -1 -1 -1 -1 0 0 0 91 91 0 0 -1 -1 3 3
3 3 3 -1 -1 -1 0 0 0 0 0 0 -1 -1 3 3 3
3 3 3 3 3 -1 0 0 0 0 0 0 3 3 3 3 3
3 3 3 3 3 3 3 3 0 3 3 3 3 3 3 3 3
14:14:01.172684 - stdout  :: 1 0
14:14:01.191241 - stdin   :: 15 62 2 0
15 63
17 60
15 62
12 65
3 3 3 3 3 3 3 3 -1 3 3 3 3 3 3 3 3
3 3 3 3 3 -1 -1 -1 -1 -1 -1 -1 3 3 3 3 3
3 3 3 -1 -1 -1 -1 -1 -1 -1 -1 -1 -1 -1 3 3 3
3 3 -1 -1 -1 -1 -1 -1 -1 -1 -1 -1 -1 -1 -1 3 3
3 3 -1 -1 -1 -1 -1 -1 -1 -1 -1 -1 -1 -1 -1 3 3
3 -1 -1 -1 -1 -1 1 1 1 1 1 1 1 -1 -1 -1 3
3 -1 -1 -1 -1 -1 0 0 0 0 0 0 0 -1 -1 -1 3
3 -1 -1 -1 -1 -1 0 0 0 0 0 0 0 -1 -1 -1 3
-1 -1 -1 -1 -1 -1 0 0 0 0 0 0 0 -1 -1 -1 -1
3 -1 -1 -1 -1 -1 0 0 0 0 0 0 0 -1 -1 -1 3
3 -1 -1 -1 -1 -1 0 91 91 91 0 0 0 -1 -1 -1 3
3 -1 -1 -1 -1 -1 0 0 0 91 91 0 0 -1 -1 -1 3
3 3 -1 -1 -1 -1 0 0 0 0 0 0 -1 -1 -1 3 3
3 3 -1 -1 -1 -1 0 0 0 0 0 0 -1 -1 -1 3 3
3 3 3 -1 -1 -1 0 0 0 0 0 0 -1 -1 3 3 3
3 3 3 3 3 -1 0 0 0 0 0 0 3 3 3 3 3
3 3 3 3 3 3 3 3 0 3 3 3 3 3 3 3 3
14:14:01.193803 - stdout  :: 1 0
14:14:01.218281 - stdin   :: 18 62 3 0
16 64
19 60
18 62
12 66
3 3 3 3 3 3 3 3 -1 3 3 3 3 3 3 3 3
3 3 3 3 3 -1 -1 -1 -1 -1 -1 -1 3 3 3 3 3
3 3 3 -1 -1 -1 1 1 1 1 1 1 1 -1 3 3 3
3 3 -1 -1 -1 -1 0 0 0 0 0 0 0 -1 -1 3 3
3 3 -1 -1 -1 -1 0 0 0 0 0 0 0 -1 -1 3 3
3 -1 -1 -1 -1 -1 0 0 0 0 0 0 0 -1 -1 -1 3
3 -1 -1 -1 -1 -1 0 0 0 0 0 0 0 -1 -1 -1 3
3 -1 -1 -1 -1 -1 0 91 91 91 0 0 0 -1 -1 -1 3
-1 -1 -1 -1 -1 -1 0 0 0 91 91 0 0 -1 -1 -1 -1
3 -1 -1 -1 -1 -1 0 0 0 0 0 0 -1 -1 -1 -1 3
3 -1 -1 -1 -1 -1 0 0 0 0 0 0 -1 -1 -1 -1 3
3 -1 -1 -1 -1 -1 0 0 0 0 0 0 -1 -1 -1 -1 3
3 3 -1 -1 -1 -1 0 0 0 0 0 0 -1 -1 -1 3 3
3 3 -1 -1 -1 -1 -1 0 0 0 0 0 -1 -1 -1 3 3
3 3 3 -1 -1 -1 -1 0 0 0 0 0 -1 -1 3 3 3
3 3 3 3 3 -1 -1 0 0 0 0 0 3 3 3 3 3
3 3 3 3 3 3 3 3 0 3 3 3 3 3 3 3 3
14:14:01.222999 - stdout  :: 1 0
14:14:01.250292 - stdin   :: 22 62 4 0
17 65
21 60
22 62
13 66
3 3 3 3 3 3 3 3 0 3 3 3 3 3 3 3 3
3 3 3 3 3 -1 0 0 0 0 0 0 3 3 3 3 3
3 3 3 -1 -1 -1 0 0 0 0 0 0 0 -1 3 3 3
3 3 -1 -1 -1 -1 0 91 91 91 0 0 0 -1 -1 3 3
3 3 -1 -1 -1 -1 0 0 0 91 91 0 0 -1 -1 3 3
3 -1 -1 -1 -1 -1 0 0 0 0 0 0 -1 -1 -1 -1 3
3 -1 -1 -1 -1 -1 0 0 0 0 0 0 -1 -1 -1 -1 3
3 -1 -1 -1 -1 -1 0 0 0 0 0 0 -1 -1 -1 -1 3
-1 -1 -1 -1 -1 -1 0 0 0 0 0 0 -1 -1 -1 -1 -1
3 -1 -1 -1 -1 -1 -1 0 0 0 0 0 -1 -1 -1 -1 3
3 -1 -1 -1 -1 -1 -1 0 0 0 0 0 -1 -1 -1 -1 3
3 -1 -1 -1 -1 -1 -1 0 0 0 0 0 -1 -1 -1 -1 3
3 3 -1 -1 -1 -1 -1 0 0 0 0 0 -1 -1 -1 3 3
3 3 -1 -1 -1 -1 -1 0 0 91 0 0 -1 -1 -1 3 3
3 3 3 -1 -1 -1 -1 0 0 92 0 0 -1 -1 3 3 3
3 3 3 3 3 -1 -1 0 0 92 0 -1 3 3 3 3 3
3 3 3 3 3 3 3 3 0 3 3 3 3 3 3 3 3
14:14:01.253197 - stdout  :: 1 0
14:14:01.279739 - stdin   :: 27 62 5 0
18 66
22 60
27 62
14 66
3 3 3 3 3 3 3 3 0 3 3 3 3 3 3 3 3
3 3 3 3 3 -1 0 0 0 0 0 0 3 3 3 3 3
3 3 3 -1 -1 -1 0 0 0 0 0 0 -1 -1 3 3 3
3 3 -1 -1 -1 -1 0 0 0 0 0 0 -1 -1 -1 3 3
3 3 -1 -1 -1 -1 -1 0 0 0 0 0 -1 -1 -1 3 3
3 -1 -1 -1 -1 -1 -1 0 0 0 0 0 -1 -1 -1 -1 3
3 -1 -1 -1 -1 -1 -1 0 0 0 0 0 -1 -1 -1 -1 3
3 -1 -1 -1 -1 -1 -1 0 0 0 0 0 -1 -1 -1 -1 3
-1 -1 -1 -1 -1 -1 -1 0 0 91 0 0 -1 -1 -1 -1 -1
3 -1 -1 -1 -1 -1 -1 0 0 92 0 0 -1 -1 -1 -1 3
3 -1 -1 -1 -1 -1 -1 0 0 92 0 -1 -1 -1 -1 -1 3
3 -1 -1 -1 -1 -1 -1 0 0 92 0 -1 -1 -1 -1 -1 3
3 3 -1 -1 -1 -1 -1 0 0 0 0 -1 -1 -1 -1 3 3
3 3 -1 -1 -1 -1 -1 0 0 0 0 -1 -1 -1 -1 3 3
3 3 3 -1 -1 -1 -1 0 0 0 0 -1 -1 -1 3 3 3
3 3 3 3 3 -1 -1 0 0 0 -1 -1 3 3 3 3 3
3 3 3 3 3 3 3 3 0 3 3 3 3 3 3 3 3
14:14:01.281988 - stdout  :: 1 0
14:14:01.311705 - stdin   :: 33 62 6 0
18 66
22 61
33 62
15 66
3 3 3 3 3 3 3 3 0 3 3 3 3 3 3 3 3
3 3 3 3 3 -1 -1 0 0 0 0 0 3 3 3 3 3
3 3 3 -1 -1 -1 -1 0 0 91 0 0 -1 -1 3 3 3
3 3 -1 -1 -1 -1 -1 0 0 92 0 0 -1 -1 -1 3 3
3 3 -1 -1 -1 -1 -1 0 0 92 0 -1 -1 -1 -1 3 3
3 -1 -1 -1 -1 -1 -1 0 0 92 0 -1 -1 -1 -1 -1 3
3 -1 -1 -1 -1 -1 -1 0 0 0 0 -1 -1 -1 -1 -1 3
3 -1 -1 -1 -1 -1 -1 0 0 0 0 -1 -1 -1 -1 -1 3
-1 -1 -1 -1 -1 -1 -1 0 0 0 0 -1 -1 -1 -1 -1 -1
3 -1 -1 -1 -1 -1 -1 0 0 0 -1 -1 -1 -1 -1 -1 3
3 -1 -1 -1 -1 -1 0 0 0 -1 -1 -1 -1 -1 -1 -1 3
3 -1 -1 -1 -1 -1 0 0 0 -1 -1 -1 -1 -1 -1 -1 3
3 3 -1 -1 -1 -1 0 0 0 -1 -1 -1 -1 -1 -1 3 3
3 3 -1 0 0 0 0 0 0 -1 -1 -1 -1 -1 -1 3 3
3 3 3 0 0 0 0 0 0 -1 -1 -1 -1 -1 3 3 3
3 3 3 3 3 0 0 -1 -1 -1 -1 -1 3 3 3 3 3
3 3 3 3 3 3 3 3 -1 3 3 3 3 3 3 3 3
14:14:01.314239 - stdout  :: 1 0
14:14:01.398172 - stdin   :: 33 62 0 0
17 66
25 65
33 62
22 65
3 3 3 3 3 3 3 3 0 3 3 3 3 3 3 3 3
3 3 3 3 3 -1 -1 0 0 0 0 0 3 3 3 3 3
3 3 3 -1 -1 -1 -1 0 0 91 0 0 -1 -1 3 3 3
3 3 -1 -1 -1 -1 -1 0 0 92 0 0 -1 -1 -1 3 3
3 3 -1 -1 -1 -1 -1 0 0 92 0 -1 -1 -1 -1 3 3
3 -1 -1 -1 -1 -1 -1 0 0 92 0 -1 -1 -1 -1 -1 3
3 -1 -1 -1 -1 -1 -1 0 0 0 0 -1 -1 -1 -1 -1 3
3 -1 -1 -1 -1 -1 -1 0 0 0 0 -1 -1 -1 -1 -1 3
-1 -1 -1 -1 -1 -1 -1 0 0 0 0 -1 -1 -1 -1 -1 -1
3 -1 -1 -1 -1 -1 -1 0 0 0 -1 -1 -1 -1 -1 -1 3
3 -1 -1 -1 -1 -1 0 0 0 -1 -1 -1 -1 -1 -1 -1 3
3 -1 -1 -1 -1 -1 0 0 0 -1 -1 -1 -1 -1 -1 -1 3
3 3 -1 -1 -1 -1 0 0 0 -1 -1 -1 -1 -1 -1 3 3
3 3 -1 0 0 0 0 0 0 -1 -1 -1 -1 -1 -1 3 3
3 3 3 0 0 0 0 0 0 -1 -1 -1 -1 -1 3 3 3
3 3 3 3 3 0 0 -1 -1 -1 -1 -1 3 3 3 3 3
3 3 3 3 3 3 3 3 -1 3 3 3 3 3 3 3 3
14:14:01.401723 - stdout  :: 1 0
14:14:01.422791 - stdin   :: 34 62 1 0
16 66
27 65
34 62
23 65
3 3 3 3 3 3 3 3 0 3 3 3 3 3 3 3 3
3 3 3 3 3 -1 -1 0 0 91 0 0 3 3 3 3 3
3 3 3 -1 -1 -1 -1 0 0 92 0 0 -1 -1 3 3 3
3 3 -1 -1 -1 -1 -1 0 0 92 0 -1 -1 -1 -1 3 3
3 3 -1 -1 -1 -1 -1 0 0 92 0 -1 -1 -1 -1 3 3
3 -1 -1 -1 -1 -1 -1 0 0 0 0 -1 -1 -1 -1 -1 3
3 -1 -1 -1 -1 -1 -1 0 0 0 0 -1 -1 -1 -1 -1 3
3 -1 -1 -1 -1 -1 -1 0 0 0 0 -1 -1 -1 -1 -1 3
-1 -1 -1 -1 -1 -1 -1 0 0 0 -1 -1 -1 -1 -1 -1 -1
3 -1 -1 -1 -1 -1 0 0 0 -1 -1 -1 -1 -1 -1 -1 3
3 -1 -1 -1 -1 -1 0 0 0 -1 -1 -1 -1 -1 -1 -1 3
3 0 -1 -1 -1 -1 0 0 0 -1 -1 -1 -1 -1 -1 -1 3
3 3 -1 0 0 0 0 0 0 -1 -1 -1 -1 -1 -1 3 3
3 3 0 0 0 0 0 0 0 -1 -1 -1 -1 -1 -1 3 3
3 3 3 0 0 0 0 -1 -1 -1 -1 -1 -1 -1 3 3 3
3 3 3 3 3 -1 -1 -1 -1 -1 -1 -1 3 3 3 3 3
3 3 3 3 3 3 3 3 -1 3 3 3 3 3 3 3 3
14:14:01.426141 - stdout  :: 1 0
14:14:01.449414 - stdin   :: 36 62 2 0
15 66
30 64
36 62
24 65
3 3 3 3 3 3 3 3 0 3 3 3 3 3 3 3 3
3 3 3 3 3 -1 -1 0 0 92 0 -1 3 3 3 3 3
3 3 3 -1 -1 -1 -1 0 0 92 0 -1 -1 -1 3 3 3
3 3 -1 -1 -1 -1 -1 0 0 0 0 -1 -1 -1 -1 3 3
3 3 -1 -1 -1 -1 -1 0 0 0 0 -1 -1 -1 -1 3 3
3 -1 -1 -1 -1 -1 -1 0 0 0 0 -1 -1 -1 -1 -1 3
3 -1 -1 -1 -1 -1 -1 0 0 0 -1 -1 -1 -1 -1 -1 3
3 -1 -1 -1 -1 -1 0 0 0 -1 -1 -1 -1 -1 -1 -1 3
-1 -1 -1 -1 -1 -1 0 0 0 -1 -1 -1 -1 -1 -1 -1 -1
3 0 -1 -1 -1 -1 0 0 0 -1 -1 -1 -1 -1 -1 -1 3
3 0 -1 0 0 0 0 0 0 -1 -1 -1 -1 -1 -1 -1 3
3 0 0 0 0 0 0 0 0 -1 -1 -1 -1 -1 -1 -1 3
3 3 0 0 0 0 0 -1 -1 -1 -1 -1 -1 -1 -1 3 3
3 3 0 0 0 -1 -1 -1 -1 -1 -1 -1 -1 -1 -1 3 3
3 3 3 0 -1 -1 -1 -1 -1 -1 -1 -1 -1 -1 3 3 3
3 3 3 3 3 -1 -1 -1 -1 -1 -1 -1 3 3 3 3 3
3 3 3 3 3 3 3 3 -1 3 3 3 3 3 3 3 3
14:14:01.453161 - stdout  :: 1 0
14:14:01.474355 - stdin   :: 39 62 3 0
14 66
33 63
39 62
25 65
3 3 3 3 3 3 3 3 0 3 3 3 3 3 3 3 3
3 3 3 3 3 -1 -1 0 0 0 0 -1 3 3 3 3 3
3 3 3 -1 -1 -1 -1 0 0 0 0 -1 -1 -1 3 3 3
3 3 -1 -1 -1 -1 -1 0 0 0 -1 -1 -1 -1 -1 3 3
3 3 -1 -1 -1 -1 0 0 0 -1 -1 -1 -1 -1 -1 3 3
3 -1 -1 -1 -1 -1 0 0 0 -1 -1 -1 -1 -1 -1 -1 3
3 0 -1 -1 -1 -1 0 0 0 -1 -1 -1 -1 -1 -1 -1 3
3 0 -1 0 0 0 0 0 0 -1 -1 -1 -1 -1 -1 -1 3
0 0 0 0 0 0 0 0 0 -1 -1 -1 -1 -1 -1 -1 -1
3 0 0 0 0 0 0 -1 -1 -1 -1 -1 -1 -1 -1 -1 3
3 0 0 0 0 -1 -1 -1 -1 -1 -1 -1 -1 -1 -1 -1 3
3 0 0 0 -1 -1 -1 -1 -1 -1 -1 -1 -1 -1 -1 -1 3
3 3 -1 -1 -1 -1 -1 -1 -1 -1 -1 -1 -1 -1 -1 3 3
3 3 -1 -1 -1 -1 -1 -1 -1 -1 -1 -1 -1 -1 -1 3 3
3 3 3 -1 -1 -1 -1 -1 -1 -1 -1 -1 -1 -1 3 3 3
3 3 3 3 3 -1 -1 -1 -1 -1 -1 -1 3 3 3 3 3
3 3 3 3 3 3 3 3 -1 3 3 3 3 3 3 3 3
14:14:01.477758 - stdout  :: 1 0
14:14:01.584451 - stdin   :: 39 62 0 0
12 62
39 61
39 62
30 64
3 3 3 3 3 3 3 3 0 3 3 3 3 3 3 3 3
3 3 3 3 3 -1 -1 0 0 0 0 -1 3 3 3 3 3
3 3 3 -1 -1 -1 -1 0 0 0 0 -1 -1 -1 3 3 3
3 3 -1 -1 -1 -1 -1 0 0 0 -1 -1 -1 -1 -1 3 3
3 3 -1 -1 -1 -1 0 0 0 -1 -1 -1 -1 -1 -1 3 3
3 -1 -1 -1 -1 -1 0 0 0 -1 -1 -1 -1 -1 -1 -1 3
3 0 -1 -1 -1 -1 0 0 0 -1 -1 -1 -1 -1 -1 -1 3
3 0 -1 0 0 0 0 0 0 -1 -1 -1 -1 -1 -1 -1 3
0 0 0 0 0 0 0 0 0 -1 -1 -1 -1 -1 -1 -1 -1
3 0 0 0 0 0 0 -1 -1 -1 -1 -1 -1 -1 -1 -1 3
3 0 0 0 0 -1 -1 -1 -1 -1 -1 -1 -1 -1 -1 -1 3
3 0 0 0 -1 -1 -1 -1 -1 -1 -1 -1 -1 -1 -1 -1 3
3 3 -1 -1 -1 -1 -1 -1 -1 -1 -1 -1 -1 -1 -1 3 3
3 3 -1 -1 -1 -1 -1 -1 -1 -1 -1 -1 -1 -1 -1 3 3
3 3 3 -1 -1 -1 -1 -1 -1 -1 -1 -1 -1 -1 3 3 3
3 3 3 3 3 -1 -1 -1 -1 -1 -1 -1 3 3 3 3 3
3 3 3 3 3 3 3 3 -1 3 3 3 3 3 3 3 3
14:14:01.587902 - stdout  :: 1 0
14:14:01.700189 - stdin   :: 39 62 0 0
16 60
35 60
39 62
34 62
3 3 3 3 3 3 3 3 0 3 3 3 3 3 3 3 3
3 3 3 3 3 -1 -1 0 0 0 0 -1 3 3 3 3 3
3 3 3 -1 -1 -1 -1 0 0 0 0 -1 -1 -1 3 3 3
3 3 -1 -1 -1 -1 -1 0 0 0 -1 -1 -1 -1 -1 3 3
3 3 -1 -1 -1 -1 0 0 0 -1 -1 -1 -1 -1 -1 3 3
3 -1 -1 -1 -1 -1 0 0 0 -1 -1 -1 -1 -1 -1 -1 3
3 0 -1 -1 -1 -1 0 0 0 -1 -1 -1 -1 -1 -1 -1 3
3 0 -1 0 0 0 0 0 0 -1 -1 -1 -1 -1 -1 -1 3
0 0 0 0 0 0 0 0 0 -1 -1 -1 -1 -1 -1 -1 -1
3 0 0 0 0 0 0 -1 -1 -1 -1 -1 -1 -1 -1 -1 3
3 0 0 0 0 -1 -1 -1 -1 -1 -1 -1 -1 -1 -1 -1 3
3 0 0 0 -1 -1 -1 -1 -1 -1 -1 -1 -1 -1 -1 -1 3
3 3 -1 -1 -1 -1 -1 -1 -1 -1 -1 -1 -1 -1 -1 3 3
3 3 -1 -1 -1 -1 -1 -1 -1 -1 -1 -1 -1 -1 -1 3 3
3 3 3 -1 -1 -1 -1 -1 -1 -1 -1 -1 -1 -1 3 3 3
3 3 3 3 3 -1 -1 -1 -1 -1 -1 -1 3 3 3 3 3
3 3 3 3 3 3 3 3 -1 3 3 3 3 3 3 3 3
14:14:01.703109 - stdout  :: 1 0
14:14:01.806377 - stdin   :: 39 62 0 0
22 60
31 62
39 62
40 60
3 3 3 3 3 3 3 3 0 3 3 3 3 3 3 3 3
3 3 3 3 3 -1 -1 0 0 0 0 -1 3 3 3 3 3
3 3 3 -1 -1 -1 -1 0 0 0 0 -1 -1 -1 3 3 3
3 3 -1 -1 -1 -1 -1 0 0 0 -1 -1 -1 -1 -1 3 3
3 3 -1 -1 -1 -1 0 0 0 -1 -1 -1 -1 -1 -1 3 3
3 -1 -1 -1 -1 -1 0 0 0 -1 -1 -1 -1 -1 -1 -1 3
3 0 -1 -1 -1 -1 0 0 0 -1 -1 -1 -1 -1 -1 -1 3
3 0 -1 0 0 0 0 0 0 -1 -1 -1 -1 -1 -1 -1 3
0 0 0 0 0 0 0 0 0 -1 -1 -1 -1 -1 -1 -1 -1
3 0 0 0 0 0 0 -1 -1 -1 -1 -1 -1 -1 -1 -1 3
3 0 0 0 0 -1 -1 -1 -1 -1 -1 -1 -1 -1 -1 -1 3
3 0 0 0 -1 -1 -1 -1 -1 -1 -1 -1 -1 -1 -1 -1 3
3 3 -1 -1 -1 -1 -1 -1 -1 -1 -1 -1 -1 -1 -1 3 3
3 3 -1 -1 -1 -1 -1 -1 -1 -1 -1 -1 -1 -1 -1 3 3
3 3 3 -1 -1 -1 -1 -1 -1 -1 -1 -1 -1 -1 3 3 3
3 3 3 3 3 -1 -1 -1 -1 -1 -1 -1 3 3 3 3 3
3 3 3 3 3 3 3 3 -1 3 3 3 3 3 3 3 3
14:14:01.810358 - stdout  :: 1 0
14:14:01.895622 - stdin   :: 39 62 0 0
28 65
25 62
39 62
42 56
3 3 3 3 3 3 3 3 0 3 3 3 3 3 3 3 3
3 3 3 3 3 -1 -1 0 0 0 0 -1 3 3 3 3 3
3 3 3 -1 -1 -1 -1 0 0 0 0 -1 -1 -1 3 3 3
3 3 -1 -1 -1 -1 -1 0 0 0 -1 -1 -1 -1 -1 3 3
3 3 -1 -1 -1 -1 0 0 0 -1 -1 -1 -1 -1 -1 3 3
3 -1 -1 -1 -1 -1 0 0 0 -1 -1 -1 -1 -1 -1 -1 3
3 0 -1 -1 -1 -1 0 0 0 -1 -1 -1 -1 -1 -1 -1 3
3 0 -1 0 0 0 0 0 0 -1 -1 -1 -1 -1 -1 -1 3
0 0 0 0 0 0 0 0 0 -1 -1 -1 -1 -1 -1 -1 -1
3 0 0 0 0 0 0 -1 -1 -1 -1 -1 -1 -1 -1 -1 3
3 0 0 0 0 -1 -1 -1 -1 -1 -1 -1 -1 -1 -1 -1 3
3 0 0 0 -1 -1 -1 -1 -1 -1 -1 -1 -1 -1 -1 -1 3
3 3 -1 -1 -1 -1 -1 -1 -1 -1 -1 -1 -1 -1 -1 3 3
3 3 -1 -1 -1 -1 -1 -1 -1 -1 -1 -1 -1 -1 -1 3 3
3 3 3 -1 -1 -1 -1 -1 -1 -1 -1 -1 -1 -1 3 3 3
3 3 3 3 3 -1 -1 -1 -1 -1 -1 -1 3 3 3 3 3
3 3 3 3 3 3 3 3 -1 3 3 3 3 3 3 3 3
14:14:01.898361 - stdout  :: 1 0
14:14:02.001590 - stdin   :: 39 62 0 0
28 64
19 62
39 62
40 52
3 3 3 3 3 3 3 3 0 3 3 3 3 3 3 3 3
3 3 3 3 3 -1 -1 0 0 0 0 -1 3 3 3 3 3
3 3 3 -1 -1 -1 -1 0 0 0 0 -1 -1 -1 3 3 3
3 3 -1 -1 -1 -1 -1 0 0 0 -1 -1 -1 -1 -1 3 3
3 3 -1 -1 -1 -1 0 0 0 -1 -1 -1 -1 -1 -1 3 3
3 -1 -1 -1 -1 -1 0 0 0 -1 -1 -1 -1 -1 -1 -1 3
3 0 -1 -1 -1 -1 0 0 0 -1 -1 -1 -1 -1 -1 -1 3
3 0 -1 0 0 0 0 0 0 -1 -1 -1 -1 -1 -1 -1 3
0 0 0 0 0 0 0 0 0 -1 -1 -1 -1 -1 -1 -1 -1
3 0 0 0 0 0 0 -1 -1 -1 -1 -1 -1 -1 -1 -1 3
3 0 0 0 0 -1 -1 -1 -1 -1 -1 -1 -1 -1 -1 -1 3
3 0 0 0 -1 -1 -1 -1 -1 -1 -1 -1 -1 -1 -1 -1 3
3 3 -1 -1 -1 -1 -1 -1 -1 -1 -1 -1 -1 -1 -1 3 3
3 3 -1 -1 -1 -1 -1 -1 -1 -1 -1 -1 -1 -1 -1 3 3
3 3 3 -1 -1 -1 -1 -1 -1 -1 -1 -1 -1 -1 3 3 3
3 3 3 3 3 -1 -1 -1 -1 -1 -1 -1 3 3 3 3 3
3 3 3 3 3 3 3 3 -1 3 3 3 3 3 3 3 3
14:14:02.005809 - stdout  :: 1 0
14:14:02.121192 - stdin   :: 39 62 0 0
22 64
12 65
39 62
37 49
3 3 3 3 3 3 3 3 0 3 3 3 3 3 3 3 3
3 3 3 3 3 -1 -1 0 0 0 0 -1 3 3 3 3 3
3 3 3 -1 -1 -1 -1 0 0 0 0 -1 -1 -1 3 3 3
3 3 -1 -1 -1 -1 -1 0 0 0 -1 -1 -1 -1 -1 3 3
3 3 -1 -1 -1 -1 0 0 0 -1 -1 -1 -1 -1 -1 3 3
3 -1 -1 -1 -1 -1 0 0 0 -1 -1 -1 -1 -1 -1 -1 3
3 0 -1 -1 -1 -1 0 0 0 -1 -1 -1 -1 -1 -1 -1 3
3 0 -1 0 0 0 0 0 0 -1 -1 -1 -1 -1 -1 -1 3
0 0 0 0 0 0 0 0 0 -1 -1 -1 -1 -1 -1 -1 -1
3 0 0 0 0 0 0 -1 -1 -1 -1 -1 -1 -1 -1 -1 3
3 0 0 0 0 -1 -1 -1 -1 -1 -1 -1 -1 -1 -1 -1 3
3 0 0 0 -1 -1 -1 -1 -1 -1 -1 -1 -1 -1 -1 -1 3
3 3 -1 -1 -1 -1 -1 -1 -1 -1 -1 -1 -1 -1 -1 3 3
3 3 -1 -1 -1 -1 -1 -1 -1 -1 -1 -1 -1 -1 -1 3 3
3 3 3 -1 -1 -1 -1 -1 -1 -1 -1 -1 -1 -1 3 3 3
3 3 3 3 3 -1 -1 -1 -1 -1 -1 -1 3 3 3 3 3
3 3 3 3 3 3 3 3 -1 3 3 3 3 3 3 3 3
14:14:02.123357 - stdout  :: 1 0
14:14:02.239259 - stdin   :: 39 62 0 0
17 63
16 60
39 62
38 46
3 3 3 3 3 3 3 3 0 3 3 3 3 3 3 3 3
3 3 3 3 3 -1 -1 0 0 0 0 -1 3 3 3 3 3
3 3 3 -1 -1 -1 -1 0 0 0 0 -1 -1 -1 3 3 3
3 3 -1 -1 -1 -1 -1 0 0 0 -1 -1 -1 -1 -1 3 3
3 3 -1 -1 -1 -1 0 0 0 -1 -1 -1 -1 -1 -1 3 3
3 -1 -1 -1 -1 -1 0 0 0 -1 -1 -1 -1 -1 -1 -1 3
3 0 -1 -1 -1 -1 0 0 0 -1 -1 -1 -1 -1 -1 -1 3
3 0 -1 0 0 0 0 0 0 -1 -1 -1 -1 -1 -1 -1 3
0 0 0 0 0 0 0 0 0 -1 -1 -1 -1 -1 -1 -1 -1
3 0 0 0 0 0 0 -1 -1 -1 -1 -1 -1 -1 -1 -1 3
3 0 0 0 0 -1 -1 -1 -1 -1 -1 -1 -1 -1 -1 -1 3
3 0 0 0 -1 -1 -1 -1 -1 -1 -1 -1 -1 -1 -1 -1 3
3 3 -1 -1 -1 -1 -1 -1 -1 -1 -1 -1 -1 -1 -1 3 3
3 3 -1 -1 -1 -1 -1 -1 -1 -1 -1 -1 -1 -1 -1 3 3
3 3 3 -1 -1 -1 -1 -1 -1 -1 -1 -1 -1 -1 3 3 3
3 3 3 3 3 -1 -1 -1 -1 -1 -1 -1 3 3 3 3 3
3 3 3 3 3 3 3 3 -1 3 3 3 3 3 3 3 3
14:14:02.242089 - stdout  :: 1 0
14:14:02.369528 - stdin   :: 39 62 0 0
12 62
22 60
39 62
35 48
3 3 3 3 3 3 3 3 0 3 3 3 3 3 3 3 3
3 3 3 3 3 -1 -1 0 0 0 0 -1 3 3 3 3 3
3 3 3 -1 -1 -1 -1 0 0 0 0 -1 -1 -1 3 3 3
3 3 -1 -1 -1 -1 -1 0 0 0 -1 -1 -1 -1 -1 3 3
3 3 -1 -1 -1 -1 0 0 0 -1 -1 -1 -1 -1 -1 3 3
3 -1 -1 -1 -1 -1 0 0 0 -1 -1 -1 -1 -1 -1 -1 3
3 0 -1 -1 -1 -1 0 0 0 -1 -1 -1 -1 -1 -1 -1 3
3 0 -1 0 0 0 0 0 0 -1 -1 -1 -1 -1 -1 -1 3
0 0 0 0 0 0 0 0 0 -1 -1 -1 -1 -1 -1 -1 -1
3 0 0 0 0 0 0 -1 -1 -1 -1 -1 -1 -1 -1 -1 3
3 0 0 0 0 -1 -1 -1 -1 -1 -1 -1 -1 -1 -1 -1 3
3 0 0 0 -1 -1 -1 -1 -1 -1 -1 -1 -1 -1 -1 -1 3
3 3 -1 -1 -1 -1 -1 -1 -1 -1 -1 -1 -1 -1 -1 3 3
3 3 -1 -1 -1 -1 -1 -1 -1 -1 -1 -1 -1 -1 -1 3 3
3 3 3 -1 -1 -1 -1 -1 -1 -1 -1 -1 -1 -1 3 3 3
3 3 3 3 3 -1 -1 -1 -1 -1 -1 -1 3 3 3 3 3
3 3 3 3 3 3 3 3 -1 3 3 3 3 3 3 3 3
14:14:02.372954 - stdout  :: 1 0
14:14:02.492498 - stdin   :: 39 62 0 0
14 66
28 65
39 62
38 45
3 3 3 3 3 3 3 3 0 3 3 3 3 3 3 3 3
3 3 3 3 3 -1 -1 0 0 0 0 -1 3 3 3 3 3
3 3 3 -1 -1 -1 -1 0 0 0 0 -1 -1 -1 3 3 3
3 3 -1 -1 -1 -1 -1 0 0 0 -1 -1 -1 -1 -1 3 3
3 3 -1 -1 -1 -1 0 0 0 -1 -1 -1 -1 -1 -1 3 3
3 -1 -1 -1 -1 -1 0 0 0 -1 -1 -1 -1 -1 -1 -1 3
3 0 -1 -1 -1 -1 0 0 0 -1 -1 -1 -1 -1 -1 -1 3
3 0 -1 0 0 0 0 0 0 -1 -1 -1 -1 -1 -1 -1 3
0 0 0 0 0 0 0 0 0 -1 -1 -1 -1 -1 -1 -1 -1
3 0 0 0 0 0 0 -1 -1 -1 -1 -1 -1 -1 -1 -1 3
3 0 0 0 0 -1 -1 -1 -1 -1 -1 -1 -1 -1 -1 -1 3
3 0 0 0 -1 -1 -1 -1 -1 -1 -1 -1 -1 -1 -1 -1 3
3 3 -1 -1 -1 -1 -1 -1 -1 -1 -1 -1 -1 -1 -1 3 3
3 3 -1 -1 -1 -1 -1 -1 -1 -1 -1 -1 -1 -1 -1 3 3
3 3 3 -1 -1 -1 -1 -1 -1 -1 -1 -1 -1 -1 3 3 3
3 3 3 3 3 -1 -1 -1 -1 -1 -1 -1 3 3 3 3 3
3 3 3 3 3 3 3 3 -1 3 3 3 3 3 3 3 3
14:14:02.495622 - stdout  :: 1 0
14:14:02.593741 - stdin   :: 39 62 0 0
20 64
34 63
39 62
38 41
3 3 3 3 3 3 3 3 0 3 3 3 3 3 3 3 3
3 3 3 3 3 -1 -1 0 0 0 0 -1 3 3 3 3 3
3 3 3 -1 -1 -1 -1 0 0 0 0 -1 -1 -1 3 3 3
3 3 -1 -1 -1 -1 -1 0 0 0 -1 -1 -1 -1 -1 3 3
3 3 -1 -1 -1 -1 0 0 0 -1 -1 -1 -1 -1 -1 3 3
3 -1 -1 -1 -1 -1 0 0 0 -1 -1 -1 -1 -1 -1 -1 3
3 0 -1 -1 -1 -1 0 0 0 -1 -1 -1 -1 -1 -1 -1 3
3 0 -1 0 0 0 0 0 0 -1 -1 -1 -1 -1 -1 -1 3
0 0 0 0 0 0 0 0 0 -1 -1 -1 -1 -1 -1 -1 -1
3 0 0 0 0 0 0 -1 -1 -1 -1 -1 -1 -1 -1 -1 3
3 0 0 0 0 -1 -1 -1 -1 -1 -1 -1 -1 -1 -1 -1 3
3 0 0 0 -1 -1 -1 -1 -1 -1 -1 -1 -1 -1 -1 -1 3
3 3 -1 -1 -1 -1 -1 -1 -1 -1 -1 -1 -1 -1 -1 3 3
3 3 -1 -1 -1 -1 -1 -1 -1 -1 -1 -1 -1 -1 -1 3 3
3 3 3 -1 -1 -1 -1 -1 -1 -1 -1 -1 -1 -1 3 3 3
3 3 3 3 3 -1 -1 -1 -1 -1 -1 -1 3 3 3 3 3
3 3 3 3 3 3 3 3 -1 3 3 3 3 3 3 3 3
14:14:02.596010 - stdout  :: 1 0
14:14:02.701818 - stdin   :: 39 62 0 0
26 61
39 61
39 62
38 45
3 3 3 3 3 3 3 3 0 3 3 3 3 3 3 3 3
3 3 3 3 3 -1 -1 0 0 0 0 -1 3 3 3 3 3
3 3 3 -1 -1 -1 -1 0 0 0 0 -1 -1 -1 3 3 3
3 3 -1 -1 -1 -1 -1 0 0 0 -1 -1 -1 -1 -1 3 3
3 3 -1 -1 -1 -1 0 0 0 -1 -1 -1 -1 -1 -1 3 3
3 -1 -1 -1 -1 -1 0 0 0 -1 -1 -1 -1 -1 -1 -1 3
3 0 -1 -1 -1 -1 0 0 0 -1 -1 -1 -1 -1 -1 -1 3
3 0 -1 0 0 0 0 0 0 -1 -1 -1 -1 -1 -1 -1 3
0 0 0 0 0 0 0 0 0 -1 -1 -1 -1 -1 -1 -1 -1
3 0 0 0 0 0 0 -1 -1 -1 -1 -1 -1 -1 -1 -1 3
3 0 0 0 0 -1 -1 -1 -1 -1 -1 -1 -1 -1 -1 -1 3
3 0 0 0 -1 -1 -1 -1 -1 -1 -1 -1 -1 -1 -1 -1 3
3 3 -1 -1 -1 -1 -1 -1 -1 -1 -1 -1 -1 -1 -1 3 3
3 3 -1 -1 -1 -1 -1 -1 -1 -1 -1 -1 -1 -1 -1 3 3
3 3 3 -1 -1 -1 -1 -1 -1 -1 -1 -1 -1 -1 3 3 3
3 3 3 3 3 -1 -1 -1 -1 -1 -1 -1 3 3 3 3 3
3 3 3 3 3 3 3 3 -1 3 3 3 3 3 3 3 3
14:14:02.703956 - stdout  :: 1 0
14:14:02.794161 - stdin   :: 39 62 0 0
32 61
40 53
39 62
34 46
3 3 3 3 3 3 3 3 0 3 3 3 3 3 3 3 3
3 3 3 3 3 -1 -1 0 0 0 0 -1 3 3 3 3 3
3 3 3 -1 -1 -1 -1 0 0 0 0 -1 -1 -1 3 3 3
3 3 -1 -1 -1 -1 -1 0 0 0 -1 -1 -1 -1 -1 3 3
3 3 -1 -1 -1 -1 0 0 0 -1 -1 -1 -1 -1 -1 3 3
3 -1 -1 -1 -1 -1 0 0 0 -1 -1 -1 -1 -1 -1 -1 3
3 0 -1 -1 -1 -1 0 0 0 -1 -1 -1 -1 -1 -1 -1 3
3 0 -1 0 0 0 0 0 0 -1 -1 -1 -1 -1 -1 -1 3
0 0 0 0 0 0 0 0 0 -1 -1 -1 -1 -1 -1 -1 -1
3 0 0 0 0 0 0 -1 -1 -1 -1 -1 -1 -1 -1 -1 3
3 0 0 0 0 -1 -1 -1 -1 -1 -1 -1 -1 -1 -1 -1 3
3 0 0 0 -1 -1 -1 -1 -1 -1 -1 -1 -1 -1 -1 -1 3
3 3 -1 -1 -1 -1 -1 -1 -1 -1 -1 -1 -1 -1 -1 3 3
3 3 -1 -1 -1 -1 -1 -1 -1 -1 -1 -1 -1 -1 -1 3 3
3 3 3 -1 -1 -1 -1 -1 -1 -1 -1 -1 -1 -1 3 3 3
3 3 3 3 3 -1 -1 -1 -1 -1 -1 -1 3 3 3 3 3
3 3 3 3 3 3 3 3 -1 3 3 3 3 3 3 3 3
14:14:02.797917 - stdout  :: 1 0
14:14:02.934770 - stdin   :: 39 62 0 0
38 61
34 48
39 62
37 42
3 3 3 3 3 3 3 3 0 3 3 3 3 3 3 3 3
3 3 3 3 3 -1 -1 0 0 0 0 -1 3 3 3 3 3
3 3 3 -1 -1 -1 -1 0 0 0 0 -1 -1 -1 3 3 3
3 3 -1 -1 -1 -1 -1 0 0 0 -1 -1 -1 -1 -1 3 3
3 3 -1 -1 -1 -1 0 0 0 -1 -1 -1 -1 -1 -1 3 3
3 -1 -1 -1 -1 -1 0 0 0 -1 -1 -1 -1 -1 -1 -1 3
3 0 -1 -1 -1 -1 0 0 0 -1 -1 -1 -1 -1 -1 -1 3
3 0 -1 0 0 0 0 0 0 -1 -1 -1 -1 -1 -1 -1 3
0 0 0 0 0 0 0 0 0 -1 -1 -1 -1 -1 -1 -1 -1
3 0 0 0 0 0 0 -1 -1 -1 -1 -1 -1 -1 -1 -1 3
3 0 0 0 0 -1 -1 -1 -1 -1 -1 -1 -1 -1 -1 -1 3
3 0 0 0 -1 -1 -1 -1 -1 -1 -1 -1 -1 -1 -1 -1 3
3 3 -1 -1 -1 -1 -1 -1 -1 -1 -1 -1 -1 -1 -1 3 3
3 3 -1 -1 -1 -1 -1 -1 -1 -1 -1 -1 -1 -1 -1 3 3
3 3 3 -1 -1 -1 -1 -1 -1 -1 -1 -1 -1 -1 3 3 3
3 3 3 3 3 -1 -1 -1 -1 -1 -1 -1 3 3 3 3 3
3 3 3 3 3 3 3 3 -1 3 3 3 3 3 3 3 3
14:14:02.938680 - stdout  :: 1 0
14:14:03.115088 - stdin   :: 39 62 0 0
40 56
39 54
39 62
41 41
3 3 3 3 3 3 3 3 0 3 3 3 3 3 3 3 3
3 3 3 3 3 -1 -1 0 0 0 0 -1 3 3 3 3 3
3 3 3 -1 -1 -1 -1 0 0 0 0 -1 -1 -1 3 3 3
3 3 -1 -1 -1 -1 -1 0 0 0 -1 -1 -1 -1 -1 3 3
3 3 -1 -1 -1 -1 0 0 0 -1 -1 -1 -1 -1 -1 3 3
3 -1 -1 -1 -1 -1 0 0 0 -1 -1 -1 -1 -1 -1 -1 3
3 0 -1 -1 -1 -1 0 0 0 -1 -1 -1 -1 -1 -1 -1 3
3 0 -1 0 0 0 0 0 0 -1 -1 -1 -1 -1 -1 -1 3
0 0 0 0 0 0 0 0 0 -1 -1 -1 -1 -1 -1 -1 -1
3 0 0 0 0 0 0 -1 -1 -1 -1 -1 -1 -1 -1 -1 3
3 0 0 0 0 -1 -1 -1 -1 -1 -1 -1 -1 -1 -1 -1 3
3 0 0 0 -1 -1 -1 -1 -1 -1 -1 -1 -1 -1 -1 -1 3
3 3 -1 -1 -1 -1 -1 -1 -1 -1 -1 -1 -1 -1 -1 3 3
3 3 -1 -1 -1 -1 -1 -1 -1 -1 -1 -1 -1 -1 -1 3 3
3 3 3 -1 -1 -1 -1 -1 -1 -1 -1 -1 -1 -1 3 3 3
3 3 3 3 3 -1 -1 -1 -1 -1 -1 -1 3 3 3 3 3
3 3 3 3 3 3 3 3 -1 3 3 3 3 3 3 3 3
14:14:03.134614 - stdout  :: 1 0
14:14:03.262870 - stdin   :: 39 62 0 0
38 50
39 60
39 62
36 42
3 3 3 3 3 3 3 3 0 3 3 3 3 3 3 3 3
3 3 3 3 3 -1 -1 0 0 0 0 -1 3 3 3 3 3
3 3 3 -1 -1 -1 -1 0 0 0 0 -1 -1 -1 3 3 3
3 3 -1 -1 -1 -1 -1 0 0 0 -1 -1 -1 -1 -1 3 3
3 3 -1 -1 -1 -1 0 0 0 -1 -1 -1 -1 -1 -1 3 3
3 -1 -1 -1 -1 -1 0 0 0 -1 -1 -1 -1 -1 -1 -1 3
3 0 -1 -1 -1 -1 0 0 0 -1 -1 -1 -1 -1 -1 -1 3
3 0 -1 0 0 0 0 0 0 -1 -1 -1 -1 -1 -1 -1 3
0 0 0 0 0 0 0 0 0 -1 -1 -1 -1 -1 -1 -1 -1
3 0 0 0 0 0 0 -1 -1 -1 -1 -1 -1 -1 -1 -1 3
3 0 0 0 0 -1 -1 -1 -1 -1 -1 -1 -1 -1 -1 -1 3
3 0 0 0 -1 -1 -1 -1 -1 -1 -1 -1 -1 -1 -1 -1 3
3 3 -1 -1 -1 -1 -1 -1 -1 -1 -1 -1 -1 -1 -1 3 3
3 3 -1 -1 -1 -1 -1 -1 -1 -1 -1 -1 -1 -1 -1 3 3
3 3 3 -1 -1 -1 -1 -1 -1 -1 -1 -1 -1 -1 3 3 3
3 3 3 3 3 -1 -1 -1 -1 -1 -1 -1 3 3 3 3 3
3 3 3 3 3 3 3 3 -1 3 3 3 3 3 3 3 3
14:14:03.265211 - stdout  :: 1 0
14:14:03.356768 - stdin   :: 39 62 0 0
35 44
38 62
39 62
35 47
3 3 3 3 3 3 3 3 0 3 3 3 3 3 3 3 3
3 3 3 3 3 -1 -1 0 0 0 0 -1 3 3 3 3 3
3 3 3 -1 -1 -1 -1 0 0 0 0 -1 -1 -1 3 3 3
3 3 -1 -1 -1 -1 -1 0 0 0 -1 -1 -1 -1 -1 3 3
3 3 -1 -1 -1 -1 0 0 0 -1 -1 -1 -1 -1 -1 3 3
3 -1 -1 -1 -1 -1 0 0 0 -1 -1 -1 -1 -1 -1 -1 3
3 0 -1 -1 -1 -1 0 0 0 -1 -1 -1 -1 -1 -1 -1 3
3 0 -1 0 0 0 0 0 0 -1 -1 -1 -1 -1 -1 -1 3
0 0 0 0 0 0 0 0 0 -1 -1 -1 -1 -1 -1 -1 -1
3 0 0 0 0 0 0 -1 -1 -1 -1 -1 -1 -1 -1 -1 3
3 0 0 0 0 -1 -1 -1 -1 -1 -1 -1 -1 -1 -1 -1 3
3 0 0 0 -1 -1 -1 -1 -1 -1 -1 -1 -1 -1 -1 -1 3
3 3 -1 -1 -1 -1 -1 -1 -1 -1 -1 -1 -1 -1 -1 3 3
3 3 -1 -1 -1 -1 -1 -1 -1 -1 -1 -1 -1 -1 -1 3 3
3 3 3 -1 -1 -1 -1 -1 -1 -1 -1 -1 -1 -1 3 3 3
3 3 3 3 3 -1 -1 -1 -1 -1 -1 -1 3 3 3 3 3
3 3 3 3 3 3 3 3 -1 3 3 3 3 3 3 3 3
14:14:03.358811 - stdout  :: 1 0
14:14:03.455276 - stdin   :: 39 62 0 0
41 38
42 55
39 62
34 46
3 3 3 3 3 3 3 3 0 3 3 3 3 3 3 3 3
3 3 3 3 3 -1 -1 0 0 0 0 -1 3 3 3 3 3
3 3 3 -1 -1 -1 -1 0 0 0 0 -1 -1 -1 3 3 3
3 3 -1 -1 -1 -1 -1 0 0 0 -1 -1 -1 -1 -1 3 3
3 3 -1 -1 -1 -1 0 0 0 -1 -1 -1 -1 -1 -1 3 3
3 -1 -1 -1 -1 -1 0 0 0 -1 -1 -1 -1 -1 -1 -1 3
3 0 -1 -1 -1 -1 0 0 0 -1 -1 -1 -1 -1 -1 -1 3
3 0 -1 0 0 0 0 0 0 -1 -1 -1 -1 -1 -1 -1 3
0 0 0 0 0 0 0 0 0 -1 -1 -1 -1 -1 -1 -1 -1
3 0 0 0 0 0 0 -1 -1 -1 -1 -1 -1 -1 -1 -1 3
3 0 0 0 0 -1 -1 -1 -1 -1 -1 -1 -1 -1 -1 -1 3
3 0 0 0 -1 -1 -1 -1 -1 -1 -1 -1 -1 -1 -1 -1 3
3 3 -1 -1 -1 -1 -1 -1 -1 -1 -1 -1 -1 -1 -1 3 3
3 3 -1 -1 -1 -1 -1 -1 -1 -1 -1 -1 -1 -1 -1 3 3
3 3 3 -1 -1 -1 -1 -1 -1 -1 -1 -1 -1 -1 3 3 3
3 3 3 3 3 -1 -1 -1 -1 -1 -1 -1 3 3 3 3 3
3 3 3 3 3 3 3 3 -1 3 3 3 3 3 3 3 3
14:14:03.457709 - stdout  :: 1 0
14:14:03.553442 - stdin   :: 39 62 0 0
40 40
36 53
39 62
38 39
3 3 3 3 3 3 3 3 0 3 3 3 3 3 3 3 3
3 3 3 3 3 -1 -1 0 0 0 0 -1 3 3 3 3 3
3 3 3 -1 -1 -1 -1 0 0 0 0 -1 -1 -1 3 3 3
3 3 -1 -1 -1 -1 -1 0 0 0 -1 -1 -1 -1 -1 3 3
3 3 -1 -1 -1 -1 0 0 0 -1 -1 -1 -1 -1 -1 3 3
3 -1 -1 -1 -1 -1 0 0 0 -1 -1 -1 -1 -1 -1 -1 3
3 0 -1 -1 -1 -1 0 0 0 -1 -1 -1 -1 -1 -1 -1 3
3 0 -1 0 0 0 0 0 0 -1 -1 -1 -1 -1 -1 -1 3
0 0 0 0 0 0 0 0 0 -1 -1 -1 -1 -1 -1 -1 -1
3 0 0 0 0 0 0 -1 -1 -1 -1 -1 -1 -1 -1 -1 3
3 0 0 0 0 -1 -1 -1 -1 -1 -1 -1 -1 -1 -1 -1 3
3 0 0 0 -1 -1 -1 -1 -1 -1 -1 -1 -1 -1 -1 -1 3
3 3 -1 -1 -1 -1 -1 -1 -1 -1 -1 -1 -1 -1 -1 3 3
3 3 -1 -1 -1 -1 -1 -1 -1 -1 -1 -1 -1 -1 -1 3 3
3 3 3 -1 -1 -1 -1 -1 -1 -1 -1 -1 -1 -1 3 3 3
3 3 3 3 3 -1 -1 -1 -1 -1 -1 -1 3 3 3 3 3
3 3 3 3 3 3 3 3 -1 3 3 3 3 3 3 3 3
14:14:03.555837 - stdout  :: 1 0
14:14:03.660712 - stdin   :: 39 62 0 0
34 46
37 41
39 62
41 40
3 3 3 3 3 3 3 3 0 3 3 3 3 3 3 3 3
3 3 3 3 3 -1 -1 0 0 0 0 -1 3 3 3 3 3
3 3 3 -1 -1 -1 -1 0 0 0 0 -1 -1 -1 3 3 3
3 3 -1 -1 -1 -1 -1 0 0 0 -1 -1 -1 -1 -1 3 3
3 3 -1 -1 -1 -1 0 0 0 -1 -1 -1 -1 -1 -1 3 3
3 -1 -1 -1 -1 -1 0 0 0 -1 -1 -1 -1 -1 -1 -1 3
3 0 -1 -1 -1 -1 0 0 0 -1 -1 -1 -1 -1 -1 -1 3
3 0 -1 0 0 0 0 0 0 -1 -1 -1 -1 -1 -1 -1 3
0 0 0 0 0 0 0 0 0 -1 -1 -1 -1 -1 -1 -1 -1
3 0 0 0 0 0 0 -1 -1 -1 -1 -1 -1 -1 -1 -1 3
3 0 0 0 0 -1 -1 -1 -1 -1 -1 -1 -1 -1 -1 -1 3
3 0 0 0 -1 -1 -1 -1 -1 -1 -1 -1 -1 -1 -1 -1 3
3 3 -1 -1 -1 -1 -1 -1 -1 -1 -1 -1 -1 -1 -1 3 3
3 3 -1 -1 -1 -1 -1 -1 -1 -1 -1 -1 -1 -1 -1 3 3
3 3 3 -1 -1 -1 -1 -1 -1 -1 -1 -1 -1 -1 3 3 3
3 3 3 3 3 -1 -1 -1 -1 -1 -1 -1 3 3 3 3 3
3 3 3 3 3 3 3 3 -1 3 3 3 3 3 3 3 3
14:14:03.664012 - stdout  :: 1 0
14:14:03.772743 - stdin   :: 39 62 0 0
37 52
42 33
39 62
40 38
3 3 3 3 3 3 3 3 0 3 3 3 3 3 3 3 3
3 3 3 3 3 -1 -1 0 0 0 0 -1 3 3 3 3 3
3 3 3 -1 -1 -1 -1 0 0 0 0 -1 -1 -1 3 3 3
3 3 -1 -1 -1 -1 -1 0 0 0 -1 -1 -1 -1 -1 3 3
3 3 -1 -1 -1 -1 0 0 0 -1 -1 -1 -1 -1 -1 3 3
3 -1 -1 -1 -1 -1 0 0 0 -1 -1 -1 -1 -1 -1 -1 3
3 0 -1 -1 -1 -1 0 0 0 -1 -1 -1 -1 -1 -1 -1 3
3 0 -1 0 0 0 0 0 0 -1 -1 -1 -1 -1 -1 -1 3
0 0 0 0 0 0 0 0 0 -1 -1 -1 -1 -1 -1 -1 -1
3 0 0 0 0 0 0 -1 -1 -1 -1 -1 -1 -1 -1 -1 3
3 0 0 0 0 -1 -1 -1 -1 -1 -1 -1 -1 -1 -1 -1 3
3 0 0 0 -1 -1 -1 -1 -1 -1 -1 -1 -1 -1 -1 -1 3
3 3 -1 -1 -1 -1 -1 -1 -1 -1 -1 -1 -1 -1 -1 3 3
3 3 -1 -1 -1 -1 -1 -1 -1 -1 -1 -1 -1 -1 -1 3 3
3 3 3 -1 -1 -1 -1 -1 -1 -1 -1 -1 -1 -1 3 3 3
3 3 3 3 3 -1 -1 -1 -1 -1 -1 -1 3 3 3 3 3
3 3 3 3 3 3 3 3 -1 3 3 3 3 3 3 3 3
14:14:03.774989 - stdout  :: 1 0
14:14:03.878337 - stdin   :: 39 62 0 0
42 57
39 25
39 62
42 34
3 3 3 3 3 3 3 3 0 3 3 3 3 3 3 3 3
3 3 3 3 3 -1 -1 0 0 0 0 -1 3 3 3 3 3
3 3 3 -1 -1 -1 -1 0 0 0 0 -1 -1 -1 3 3 3
3 3 -1 -1 -1 -1 -1 0 0 0 -1 -1 -1 -1 -1 3 3
3 3 -1 -1 -1 -1 0 0 0 -1 -1 -1 -1 -1 -1 3 3
3 -1 -1 -1 -1 -1 0 0 0 -1 -1 -1 -1 -1 -1 -1 3
3 0 -1 -1 -1 -1 0 0 0 -1 -1 -1 -1 -1 -1 -1 3
3 0 -1 0 0 0 0 0 0 -1 -1 -1 -1 -1 -1 -1 3
0 0 0 0 0 0 0 0 0 -1 -1 -1 -1 -1 -1 -1 -1
3 0 0 0 0 0 0 -1 -1 -1 -1 -1 -1 -1 -1 -1 3
3 0 0 0 0 -1 -1 -1 -1 -1 -1 -1 -1 -1 -1 -1 3
3 0 0 0 -1 -1 -1 -1 -1 -1 -1 -1 -1 -1 -1 -1 3
3 3 -1 -1 -1 -1 -1 -1 -1 -1 -1 -1 -1 -1 -1 3 3
3 3 -1 -1 -1 -1 -1 -1 -1 -1 -1 -1 -1 -1 -1 3 3
3 3 3 -1 -1 -1 -1 -1 -1 -1 -1 -1 -1 -1 3 3 3
3 3 3 3 3 -1 -1 -1 -1 -1 -1 -1 3 3 3 3 3
3 3 3 3 3 3 3 3 -1 3 3 3 3 3 3 3 3
14:14:03.880584 - stdout  :: 1 0
14:14:03.953193 - stdin   :: 39 62 0 0
41 58
34 19
39 62
42 28
3 3 3 3 3 3 3 3 0 3 3 3 3 3 3 3 3
3 3 3 3 3 -1 -1 0 0 0 0 -1 3 3 3 3 3
3 3 3 -1 -1 -1 -1 0 0 0 0 -1 -1 -1 3 3 3
3 3 -1 -1 -1 -1 -1 0 0 0 -1 -1 -1 -1 -1 3 3
3 3 -1 -1 -1 -1 0 0 0 -1 -1 -1 -1 -1 -1 3 3
3 -1 -1 -1 -1 -1 0 0 0 -1 -1 -1 -1 -1 -1 -1 3
3 0 -1 -1 -1 -1 0 0 0 -1 -1 -1 -1 -1 -1 -1 3
3 0 -1 0 0 0 0 0 0 -1 -1 -1 -1 -1 -1 -1 3
0 0 0 0 0 0 0 0 0 -1 -1 -1 -1 -1 -1 -1 -1
3 0 0 0 0 0 0 -1 -1 -1 -1 -1 -1 -1 -1 -1 3
3 0 0 0 0 -1 -1 -1 -1 -1 -1 -1 -1 -1 -1 -1 3
3 0 0 0 -1 -1 -1 -1 -1 -1 -1 -1 -1 -1 -1 -1 3
3 3 -1 -1 -1 -1 -1 -1 -1 -1 -1 -1 -1 -1 -1 3 3
3 3 -1 -1 -1 -1 -1 -1 -1 -1 -1 -1 -1 -1 -1 3 3
3 3 3 -1 -1 -1 -1 -1 -1 -1 -1 -1 -1 -1 3 3 3
3 3 3 3 3 -1 -1 -1 -1 -1 -1 -1 3 3 3 3 3
3 3 3 3 3 3 3 3 -1 3 3 3 3 3 3 3 3
14:14:03.955413 - stdout  :: 1 0
14:14:04.038917 - stdin   :: 39 62 0 0
35 62
28 13
39 62
39 25
3 3 3 3 3 3 3 3 0 3 3 3 3 3 3 3 3
3 3 3 3 3 -1 -1 0 0 0 0 -1 3 3 3 3 3
3 3 3 -1 -1 -1 -1 0 0 0 0 -1 -1 -1 3 3 3
3 3 -1 -1 -1 -1 -1 0 0 0 -1 -1 -1 -1 -1 3 3
3 3 -1 -1 -1 -1 0 0 0 -1 -1 -1 -1 -1 -1 3 3
3 -1 -1 -1 -1 -1 0 0 0 -1 -1 -1 -1 -1 -1 -1 3
3 0 -1 -1 -1 -1 0 0 0 -1 -1 -1 -1 -1 -1 -1 3
3 0 -1 0 0 0 0 0 0 -1 -1 -1 -1 -1 -1 -1 3
0 0 0 0 0 0 0 0 0 -1 -1 -1 -1 -1 -1 -1 -1
3 0 0 0 0 0 0 -1 -1 -1 -1 -1 -1 -1 -1 -1 3
3 0 0 0 0 -1 -1 -1 -1 -1 -1 -1 -1 -1 -1 -1 3
3 0 0 0 -1 -1 -1 -1 -1 -1 -1 -1 -1 -1 -1 -1 3
3 3 -1 -1 -1 -1 -1 -1 -1 -1 -1 -1 -1 -1 -1 3 3
3 3 -1 -1 -1 -1 -1 -1 -1 -1 -1 -1 -1 -1 -1 3 3
3 3 3 -1 -1 -1 -1 -1 -1 -1 -1 -1 -1 -1 3 3 3
3 3 3 3 3 -1 -1 -1 -1 -1 -1 -1 3 3 3 3 3
3 3 3 3 3 3 3 3 -1 3 3 3 3 3 3 3 3
14:14:04.041165 - stdout  :: 1 0
14:14:04.138004 - stdin   :: 39 62 0 0
29 62
22 7
39 62
36 21
3 3 3 3 3 3 3 3 0 3 3 3 3 3 3 3 3
3 3 3 3 3 -1 -1 0 0 0 0 -1 3 3 3 3 3
3 3 3 -1 -1 -1 -1 0 0 0 0 -1 -1 -1 3 3 3
3 3 -1 -1 -1 -1 -1 0 0 0 -1 -1 -1 -1 -1 3 3
3 3 -1 -1 -1 -1 0 0 0 -1 -1 -1 -1 -1 -1 3 3
3 -1 -1 -1 -1 -1 0 0 0 -1 -1 -1 -1 -1 -1 -1 3
3 0 -1 -1 -1 -1 0 0 0 -1 -1 -1 -1 -1 -1 -1 3
3 0 -1 0 0 0 0 0 0 -1 -1 -1 -1 -1 -1 -1 3
0 0 0 0 0 0 0 0 0 -1 -1 -1 -1 -1 -1 -1 -1
3 0 0 0 0 0 0 -1 -1 -1 -1 -1 -1 -1 -1 -1 3
3 0 0 0 0 -1 -1 -1 -1 -1 -1 -1 -1 -1 -1 -1 3
3 0 0 0 -1 -1 -1 -1 -1 -1 -1 -1 -1 -1 -1 -1 3
3 3 -1 -1 -1 -1 -1 -1 -1 -1 -1 -1 -1 -1 -1 3 3
3 3 -1 -1 -1 -1 -1 -1 -1 -1 -1 -1 -1 -1 -1 3 3
3 3 3 -1 -1 -1 -1 -1 -1 -1 -1 -1 -1 -1 3 3 3
3 3 3 3 3 -1 -1 -1 -1 -1 -1 -1 3 3 3 3 3
3 3 3 3 3 3 3 3 -1 3 3 3 3 3 3 3 3
14:14:04.143212 - stdout  :: 1 0
14:14:04.228475 - stdin   :: 39 62 0 0
23 62
17 4
39 62
33 18
3 3 3 3 3 3 3 3 0 3 3 3 3 3 3 3 3
3 3 3 3 3 -1 -1 0 0 0 0 -1 3 3 3 3 3
3 3 3 -1 -1 -1 -1 0 0 0 0 -1 -1 -1 3 3 3
3 3 -1 -1 -1 -1 -1 0 0 0 -1 -1 -1 -1 -1 3 3
3 3 -1 -1 -1 -1 0 0 0 -1 -1 -1 -1 -1 -1 3 3
3 -1 -1 -1 -1 -1 0 0 0 -1 -1 -1 -1 -1 -1 -1 3
3 0 -1 -1 -1 -1 0 0 0 -1 -1 -1 -1 -1 -1 -1 3
3 0 -1 0 0 0 0 0 0 -1 -1 -1 -1 -1 -1 -1 3
0 0 0 0 0 0 0 0 0 -1 -1 -1 -1 -1 -1 -1 -1
3 0 0 0 0 0 0 -1 -1 -1 -1 -1 -1 -1 -1 -1 3
3 0 0 0 0 -1 -1 -1 -1 -1 -1 -1 -1 -1 -1 -1 3
3 0 0 0 -1 -1 -1 -1 -1 -1 -1 -1 -1 -1 -1 -1 3
3 3 -1 -1 -1 -1 -1 -1 -1 -1 -1 -1 -1 -1 -1 3 3
3 3 -1 -1 -1 -1 -1 -1 -1 -1 -1 -1 -1 -1 -1 3 3
3 3 3 -1 -1 -1 -1 -1 -1 -1 -1 -1 -1 -1 3 3 3
3 3 3 3 3 -1 -1 -1 -1 -1 -1 -1 3 3 3 3 3
3 3 3 3 3 3 3 3 -1 3 3 3 3 3 3 3 3
14:14:04.230907 - stdout  :: 1 0
14:14:04.331260 - stdin   :: 39 62 0 0
17 62
14 13
39 62
30 15
3 3 3 3 3 3 3 3 0 3 3 3 3 3 3 3 3
3 3 3 3 3 -1 -1 0 0 0 0 -1 3 3 3 3 3
3 3 3 -1 -1 -1 -1 0 0 0 0 -1 -1 -1 3 3 3
3 3 -1 -1 -1 -1 -1 0 0 0 -1 -1 -1 -1 -1 3 3
3 3 -1 -1 -1 -1 0 0 0 -1 -1 -1 -1 -1 -1 3 3
3 -1 -1 -1 -1 -1 0 0 0 -1 -1 -1 -1 -1 -1 -1 3
3 0 -1 -1 -1 -1 0 0 0 -1 -1 -1 -1 -1 -1 -1 3
3 0 -1 0 0 0 0 0 0 -1 -1 -1 -1 -1 -1 -1 3
0 0 0 0 0 0 0 0 0 -1 -1 -1 -1 -1 -1 -1 -1
3 0 0 0 0 0 0 -1 -1 -1 -1 -1 -1 -1 -1 -1 3
3 0 0 0 0 -1 -1 -1 -1 -1 -1 -1 -1 -1 -1 -1 3
3 0 0 0 -1 -1 -1 -1 -1 -1 -1 -1 -1 -1 -1 -1 3
3 3 -1 -1 -1 -1 -1 -1 -1 -1 -1 -1 -1 -1 -1 3 3
3 3 -1 -1 -1 -1 -1 -1 -1 -1 -1 -1 -1 -1 -1 3 3
3 3 3 -1 -1 -1 -1 -1 -1 -1 -1 -1 -1 -1 3 3 3
3 3 3 3 3 -1 -1 -1 -1 -1 -1 -1 3 3 3 3 3
3 3 3 3 3 3 3 3 -1 3 3 3 3 3 3 3 3
14:14:04.333463 - stdout  :: 1 0
14:14:04.426379 - stdin   :: 39 62 0 0
12 63
14 19
39 62
28 11
3 3 3 3 3 3 3 3 0 3 3 3 3 3 3 3 3
3 3 3 3 3 -1 -1 0 0 0 0 -1 3 3 3 3 3
3 3 3 -1 -1 -1 -1 0 0 0 0 -1 -1 -1 3 3 3
3 3 -1 -1 -1 -1 -1 0 0 0 -1 -1 -1 -1 -1 3 3
3 3 -1 -1 -1 -1 0 0 0 -1 -1 -1 -1 -1 -1 3 3
3 -1 -1 -1 -1 -1 0 0 0 -1 -1 -1 -1 -1 -1 -1 3
3 0 -1 -1 -1 -1 0 0 0 -1 -1 -1 -1 -1 -1 -1 3
3 0 -1 0 0 0 0 0 0 -1 -1 -1 -1 -1 -1 -1 3
0 0 0 0 0 0 0 0 0 -1 -1 -1 -1 -1 -1 -1 -1
3 0 0 0 0 0 0 -1 -1 -1 -1 -1 -1 -1 -1 -1 3
3 0 0 0 0 -1 -1 -1 -1 -1 -1 -1 -1 -1 -1 -1 3
3 0 0 0 -1 -1 -1 -1 -1 -1 -1 -1 -1 -1 -1 -1 3
3 3 -1 -1 -1 -1 -1 -1 -1 -1 -1 -1 -1 -1 -1 3 3
3 3 -1 -1 -1 -1 -1 -1 -1 -1 -1 -1 -1 -1 -1 3 3
3 3 3 -1 -1 -1 -1 -1 -1 -1 -1 -1 -1 -1 3 3 3
3 3 3 3 3 -1 -1 -1 -1 -1 -1 -1 3 3 3 3 3
3 3 3 3 3 3 3 3 -1 3 3 3 3 3 3 3 3
14:14:04.428697 - stdout  :: 1 0
14:14:04.533791 - stdin   :: 39 62 0 0
15 66
12 23
39 62
24 7
3 3 3 3 3 3 3 3 0 3 3 3 3 3 3 3 3
3 3 3 3 3 -1 -1 0 0 0 0 -1 3 3 3 3 3
3 3 3 -1 -1 -1 -1 0 0 0 0 -1 -1 -1 3 3 3
3 3 -1 -1 -1 -1 -1 0 0 0 -1 -1 -1 -1 -1 3 3
3 3 -1 -1 -1 -1 0 0 0 -1 -1 -1 -1 -1 -1 3 3
3 -1 -1 -1 -1 -1 0 0 0 -1 -1 -1 -1 -1 -1 -1 3
3 0 -1 -1 -1 -1 0 0 0 -1 -1 -1 -1 -1 -1 -1 3
3 0 -1 0 0 0 0 0 0 -1 -1 -1 -1 -1 -1 -1 3
0 0 0 0 0 0 0 0 0 -1 -1 -1 -1 -1 -1 -1 -1
3 0 0 0 0 0 0 -1 -1 -1 -1 -1 -1 -1 -1 -1 3
3 0 0 0 0 -1 -1 -1 -1 -1 -1 -1 -1 -1 -1 -1 3
3 0 0 0 -1 -1 -1 -1 -1 -1 -1 -1 -1 -1 -1 -1 3
3 3 -1 -1 -1 -1 -1 -1 -1 -1 -1 -1 -1 -1 -1 3 3
3 3 -1 -1 -1 -1 -1 -1 -1 -1 -1 -1 -1 -1 -1 3 3
3 3 3 -1 -1 -1 -1 -1 -1 -1 -1 -1 -1 -1 3 3 3
3 3 3 3 3 -1 -1 -1 -1 -1 -1 -1 3 3 3 3 3
3 3 3 3 3 3 3 3 -1 3 3 3 3 3 3 3 3
14:14:04.536520 - stdout  :: 1 0
14:14:04.661623 - stdin   :: 39 62 0 0
21 63
13 18
39 62
21 4
3 3 3 3 3 3 3 3 0 3 3 3 3 3 3 3 3
3 3 3 3 3 -1 -1 0 0 0 0 -1 3 3 3 3 3
3 3 3 -1 -1 -1 -1 0 0 0 0 -1 -1 -1 3 3 3
3 3 -1 -1 -1 -1 -1 0 0 0 -1 -1 -1 -1 -1 3 3
3 3 -1 -1 -1 -1 0 0 0 -1 -1 -1 -1 -1 -1 3 3
3 -1 -1 -1 -1 -1 0 0 0 -1 -1 -1 -1 -1 -1 -1 3
3 0 -1 -1 -1 -1 0 0 0 -1 -1 -1 -1 -1 -1 -1 3
3 0 -1 0 0 0 0 0 0 -1 -1 -1 -1 -1 -1 -1 3
0 0 0 0 0 0 0 0 0 -1 -1 -1 -1 -1 -1 -1 -1
3 0 0 0 0 0 0 -1 -1 -1 -1 -1 -1 -1 -1 -1 3
3 0 0 0 0 -1 -1 -1 -1 -1 -1 -1 -1 -1 -1 -1 3
3 0 0 0 -1 -1 -1 -1 -1 -1 -1 -1 -1 -1 -1 -1 3
3 3 -1 -1 -1 -1 -1 -1 -1 -1 -1 -1 -1 -1 -1 3 3
3 3 -1 -1 -1 -1 -1 -1 -1 -1 -1 -1 -1 -1 -1 3 3
3 3 3 -1 -1 -1 -1 -1 -1 -1 -1 -1 -1 -1 3 3 3
3 3 3 3 3 -1 -1 -1 -1 -1 -1 -1 3 3 3 3 3
3 3 3 3 3 3 3 3 -1 3 3 3 3 3 3 3 3
14:14:04.665109 - stdout  :: 1 0
14:14:04.792276 - stdin   :: 39 62 0 0
27 61
15 12
39 62
18 3
3 3 3 3 3 3 3 3 0 3 3 3 3 3 3 3 3
3 3 3 3 3 -1 -1 0 0 0 0 -1 3 3 3 3 3
3 3 3 -1 -1 -1 -1 0 0 0 0 -1 -1 -1 3 3 3
3 3 -1 -1 -1 -1 -1 0 0 0 -1 -1 -1 -1 -1 3 3
3 3 -1 -1 -1 -1 0 0 0 -1 -1 -1 -1 -1 -1 3 3
3 -1 -1 -1 -1 -1 0 0 0 -1 -1 -1 -1 -1 -1 -1 3
3 0 -1 -1 -1 -1 0 0 0 -1 -1 -1 -1 -1 -1 -1 3
3 0 -1 0 0 0 0 0 0 -1 -1 -1 -1 -1 -1 -1 3
0 0 0 0 0 0 0 0 0 -1 -1 -1 -1 -1 -1 -1 -1
3 0 0 0 0 0 0 -1 -1 -1 -1 -1 -1 -1 -1 -1 3
3 0 0 0 0 -1 -1 -1 -1 -1 -1 -1 -1 -1 -1 -1 3
3 0 0 0 -1 -1 -1 -1 -1 -1 -1 -1 -1 -1 -1 -1 3
3 3 -1 -1 -1 -1 -1 -1 -1 -1 -1 -1 -1 -1 -1 3 3
3 3 -1 -1 -1 -1 -1 -1 -1 -1 -1 -1 -1 -1 -1 3 3
3 3 3 -1 -1 -1 -1 -1 -1 -1 -1 -1 -1 -1 3 3 3
3 3 3 3 3 -1 -1 -1 -1 -1 -1 -1 3 3 3 3 3
3 3 3 3 3 3 3 3 -1 3 3 3 3 3 3 3 3
14:14:04.795859 - stdout  :: 1 0
14:14:04.900280 - stdin   :: 39 62 0 0
33 61
15 5
39 62
15 6
3 3 3 3 3 3 3 3 0 3 3 3 3 3 3 3 3
3 3 3 3 3 -1 -1 0 0 0 0 -1 3 3 3 3 3
3 3 3 -1 -1 -1 -1 0 0 0 0 -1 -1 -1 3 3 3
3 3 -1 -1 -1 -1 -1 0 0 0 -1 -1 -1 -1 -1 3 3
3 3 -1 -1 -1 -1 0 0 0 -1 -1 -1 -1 -1 -1 3 3
3 -1 -1 -1 -1 -1 0 0 0 -1 -1 -1 -1 -1 -1 -1 3
3 0 -1 -1 -1 -1 0 0 0 -1 -1 -1 -1 -1 -1 -1 3
3 0 -1 0 0 0 0 0 0 -1 -1 -1 -1 -1 -1 -1 3
0 0 0 0 0 0 0 0 0 -1 -1 -1 -1 -1 -1 -1 -1
3 0 0 0 0 0 0 -1 -1 -1 -1 -1 -1 -1 -1 -1 3
3 0 0 0 0 -1 -1 -1 -1 -1 -1 -1 -1 -1 -1 -1 3
3 0 0 0 -1 -1 -1 -1 -1 -1 -1 -1 -1 -1 -1 -1 3
3 3 -1 -1 -1 -1 -1 -1 -1 -1 -1 -1 -1 -1 -1 3 3
3 3 -1 -1 -1 -1 -1 -1 -1 -1 -1 -1 -1 -1 -1 3 3
3 3 3 -1 -1 -1 -1 -1 -1 -1 -1 -1 -1 -1 3 3 3
3 3 3 3 3 -1 -1 -1 -1 -1 -1 -1 3 3 3 3 3
3 3 3 3 3 3 3 3 -1 3 3 3 3 3 3 3 3
14:14:04.903476 - stdout  :: 1 0
14:14:05.004392 - stdin   :: 39 62 0 0
39 61
22 4
39 62
15 12
3 3 3 3 3 3 3 3 0 3 3 3 3 3 3 3 3
3 3 3 3 3 -1 -1 0 0 0 0 -1 3 3 3 3 3
3 3 3 -1 -1 -1 -1 0 0 0 0 -1 -1 -1 3 3 3
3 3 -1 -1 -1 -1 -1 0 0 0 -1 -1 -1 -1 -1 3 3
3 3 -1 -1 -1 -1 0 0 0 -1 -1 -1 -1 -1 -1 3 3
3 -1 -1 -1 -1 -1 0 0 0 -1 -1 -1 -1 -1 -1 -1 3
3 0 -1 -1 -1 -1 0 0 0 -1 -1 -1 -1 -1 -1 -1 3
3 0 -1 0 0 0 0 0 0 -1 -1 -1 -1 -1 -1 -1 3
0 0 0 0 0 0 0 0 0 -1 -1 -1 -1 -1 -1 -1 -1
3 0 0 0 0 0 0 -1 -1 -1 -1 -1 -1 -1 -1 -1 3
3 0 0 0 0 -1 -1 -1 -1 -1 -1 -1 -1 -1 -1 -1 3
3 0 0 0 -1 -1 -1 -1 -1 -1 -1 -1 -1 -1 -1 -1 3
3 3 -1 -1 -1 -1 -1 -1 -1 -1 -1 -1 -1 -1 -1 3 3
3 3 -1 -1 -1 -1 -1 -1 -1 -1 -1 -1 -1 -1 -1 3 3
3 3 3 -1 -1 -1 -1 -1 -1 -1 -1 -1 -1 -1 3 3 3
3 3 3 3 3 -1 -1 -1 -1 -1 -1 -1 3 3 3 3 3
3 3 3 3 3 3 3 3 -1 3 3 3 3 3 3 3 3
14:14:05.008175 - stdout  :: 1 0
14:14:05.112495 - stdin   :: 39 62 0 0
40 55
26 13
39 62
15 8
3 3 3 3 3 3 3 3 0 3 3 3 3 3 3 3 3
3 3 3 3 3 -1 -1 0 0 0 0 -1 3 3 3 3 3
3 3 3 -1 -1 -1 -1 0 0 0 0 -1 -1 -1 3 3 3
3 3 -1 -1 -1 -1 -1 0 0 0 -1 -1 -1 -1 -1 3 3
3 3 -1 -1 -1 -1 0 0 0 -1 -1 -1 -1 -1 -1 3 3
3 -1 -1 -1 -1 -1 0 0 0 -1 -1 -1 -1 -1 -1 -1 3
3 0 -1 -1 -1 -1 0 0 0 -1 -1 -1 -1 -1 -1 -1 3
3 0 -1 0 0 0 0 0 0 -1 -1 -1 -1 -1 -1 -1 3
0 0 0 0 0 0 0 0 0 -1 -1 -1 -1 -1 -1 -1 -1
3 0 0 0 0 0 0 -1 -1 -1 -1 -1 -1 -1 -1 -1 3
3 0 0 0 0 -1 -1 -1 -1 -1 -1 -1 -1 -1 -1 -1 3
3 0 0 0 -1 -1 -1 -1 -1 -1 -1 -1 -1 -1 -1 -1 3
3 3 -1 -1 -1 -1 -1 -1 -1 -1 -1 -1 -1 -1 -1 3 3
3 3 -1 -1 -1 -1 -1 -1 -1 -1 -1 -1 -1 -1 -1 3 3
3 3 3 -1 -1 -1 -1 -1 -1 -1 -1 -1 -1 -1 3 3 3
3 3 3 3 3 -1 -1 -1 -1 -1 -1 -1 3 3 3 3 3
3 3 3 3 3 3 3 3 -1 3 3 3 3 3 3 3 3
14:14:05.115549 - stdout  :: 1 0
14:14:05.216030 - stdin   :: 39 62 0 0
37 49
30 18
39 62
13 14
3 3 3 3 3 3 3 3 0 3 3 3 3 3 3 3 3
3 3 3 3 3 -1 -1 0 0 0 0 -1 3 3 3 3 3
3 3 3 -1 -1 -1 -1 0 0 0 0 -1 -1 -1 3 3 3
3 3 -1 -1 -1 -1 -1 0 0 0 -1 -1 -1 -1 -1 3 3
3 3 -1 -1 -1 -1 0 0 0 -1 -1 -1 -1 -1 -1 3 3
3 -1 -1 -1 -1 -1 0 0 0 -1 -1 -1 -1 -1 -1 -1 3
3 0 -1 -1 -1 -1 0 0 0 -1 -1 -1 -1 -1 -1 -1 3
3 0 -1 0 0 0 0 0 0 -1 -1 -1 -1 -1 -1 -1 3
0 0 0 0 0 0 0 0 0 -1 -1 -1 -1 -1 -1 -1 -1
3 0 0 0 0 0 0 -1 -1 -1 -1 -1 -1 -1 -1 -1 3
3 0 0 0 0 -1 -1 -1 -1 -1 -1 -1 -1 -1 -1 -1 3
3 0 0 0 -1 -1 -1 -1 -1 -1 -1 -1 -1 -1 -1 -1 3
3 3 -1 -1 -1 -1 -1 -1 -1 -1 -1 -1 -1 -1 -1 3 3
3 3 -1 -1 -1 -1 -1 -1 -1 -1 -1 -1 -1 -1 -1 3 3
3 3 3 -1 -1 -1 -1 -1 -1 -1 -1 -1 -1 -1 3 3 3
3 3 3 3 3 -1 -1 -1 -1 -1 -1 -1 3 3 3 3 3
3 3 3 3 3 3 3 3 -1 3 3 3 3 3 3 3 3
14:14:05.219410 - stdout  :: 1 0
14:14:05.318292 - stdin   :: 39 62 0 0
36 43
35 23
39 62
11 20
3 3 3 3 3 3 3 3 0 3 3 3 3 3 3 3 3
3 3 3 3 3 -1 -1 0 0 0 0 -1 3 3 3 3 3
3 3 3 -1 -1 -1 -1 0 0 0 0 -1 -1 -1 3 3 3
3 3 -1 -1 -1 -1 -1 0 0 0 -1 -1 -1 -1 -1 3 3
3 3 -1 -1 -1 -1 0 0 0 -1 -1 -1 -1 -1 -1 3 3
3 -1 -1 -1 -1 -1 0 0 0 -1 -1 -1 -1 -1 -1 -1 3
3 0 -1 -1 -1 -1 0 0 0 -1 -1 -1 -1 -1 -1 -1 3
3 0 -1 0 0 0 0 0 0 -1 -1 -1 -1 -1 -1 -1 3
0 0 0 0 0 0 0 0 0 -1 -1 -1 -1 -1 -1 -1 -1
3 0 0 0 0 0 0 -1 -1 -1 -1 -1 -1 -1 -1 -1 3
3 0 0 0 0 -1 -1 -1 -1 -1 -1 -1 -1 -1 -1 -1 3
3 0 0 0 -1 -1 -1 -1 -1 -1 -1 -1 -1 -1 -1 -1 3
3 3 -1 -1 -1 -1 -1 -1 -1 -1 -1 -1 -1 -1 -1 3 3
3 3 -1 -1 -1 -1 -1 -1 -1 -1 -1 -1 -1 -1 -1 3 3
3 3 3 -1 -1 -1 -1 -1 -1 -1 -1 -1 -1 -1 3 3 3
3 3 3 3 3 -1 -1 -1 -1 -1 -1 -1 3 3 3 3 3
3 3 3 3 3 3 3 3 -1 3 3 3 3 3 3 3 3
14:14:05.321774 - stdout  :: 1 0
14:14:05.422354 - stdin   :: 39 62 0 0
42 37
43 30
39 62
8 17
3 3 3 3 3 3 3 3 0 3 3 3 3 3 3 3 3
3 3 3 3 3 -1 -1 0 0 0 0 -1 3 3 3 3 3
3 3 3 -1 -1 -1 -1 0 0 0 0 -1 -1 -1 3 3 3
3 3 -1 -1 -1 -1 -1 0 0 0 -1 -1 -1 -1 -1 3 3
3 3 -1 -1 -1 -1 0 0 0 -1 -1 -1 -1 -1 -1 3 3
3 -1 -1 -1 -1 -1 0 0 0 -1 -1 -1 -1 -1 -1 -1 3
3 0 -1 -1 -1 -1 0 0 0 -1 -1 -1 -1 -1 -1 -1 3
3 0 -1 0 0 0 0 0 0 -1 -1 -1 -1 -1 -1 -1 3
0 0 0 0 0 0 0 0 0 -1 -1 -1 -1 -1 -1 -1 -1
3 0 0 0 0 0 0 -1 -1 -1 -1 -1 -1 -1 -1 -1 3
3 0 0 0 0 -1 -1 -1 -1 -1 -1 -1 -1 -1 -1 -1 3
3 0 0 0 -1 -1 -1 -1 -1 -1 -1 -1 -1 -1 -1 -1 3
3 3 -1 -1 -1 -1 -1 -1 -1 -1 -1 -1 -1 -1 -1 3 3
3 3 -1 -1 -1 -1 -1 -1 -1 -1 -1 -1 -1 -1 -1 3 3
3 3 3 -1 -1 -1 -1 -1 -1 -1 -1 -1 -1 -1 3 3 3
3 3 3 3 3 -1 -1 -1 -1 -1 -1 -1 3 3 3 3 3
3 3 3 3 3 3 3 3 -1 3 3 3 3 3 3 3 3
14:14:05.425498 - stdout  :: 1 0
14:14:05.533956 - stdin   :: 39 62 0 0
42 31
43 30
39 62
6 14
3 3 3 3 3 3 3 3 0 3 3 3 3 3 3 3 3
3 3 3 3 3 -1 -1 0 0 0 0 -1 3 3 3 3 3
3 3 3 -1 -1 -1 -1 0 0 0 0 -1 -1 -1 3 3 3
3 3 -1 -1 -1 -1 -1 0 0 0 -1 -1 -1 -1 -1 3 3
3 3 -1 -1 -1 -1 0 0 0 -1 -1 -1 -1 -1 -1 3 3
3 -1 -1 -1 -1 -1 0 0 0 -1 -1 -1 -1 -1 -1 -1 3
3 0 -1 -1 -1 -1 0 0 0 -1 -1 -1 -1 -1 -1 -1 3
3 0 -1 0 0 0 0 0 0 -1 -1 -1 -1 -1 -1 -1 3
0 0 0 0 0 0 0 0 0 -1 -1 -1 -1 -1 -1 -1 -1
3 0 0 0 0 0 0 -1 -1 -1 -1 -1 -1 -1 -1 -1 3
3 0 0 0 0 -1 -1 -1 -1 -1 -1 -1 -1 -1 -1 -1 3
3 0 0 0 -1 -1 -1 -1 -1 -1 -1 -1 -1 -1 -1 -1 3
3 3 -1 -1 -1 -1 -1 -1 -1 -1 -1 -1 -1 -1 -1 3 3
3 3 -1 -1 -1 -1 -1 -1 -1 -1 -1 -1 -1 -1 -1 3 3
3 3 3 -1 -1 -1 -1 -1 -1 -1 -1 -1 -1 -1 3 3 3
3 3 3 3 3 -1 -1 -1 -1 -1 -1 -1 3 3 3 3 3
3 3 3 3 3 3 3 3 -1 3 3 3 3 3 3 3 3
14:14:05.537827 - stdout  :: 1 0
14:14:05.614959 - stdin   :: 39 62 0 0
39 25
40 35
39 62
5 15
3 3 3 3 3 3 3 3 0 3 3 3 3 3 3 3 3
3 3 3 3 3 -1 -1 0 0 0 0 -1 3 3 3 3 3
3 3 3 -1 -1 -1 -1 0 0 0 0 -1 -1 -1 3 3 3
3 3 -1 -1 -1 -1 -1 0 0 0 -1 -1 -1 -1 -1 3 3
3 3 -1 -1 -1 -1 0 0 0 -1 -1 -1 -1 -1 -1 3 3
3 -1 -1 -1 -1 -1 0 0 0 -1 -1 -1 -1 -1 -1 -1 3
3 0 -1 -1 -1 -1 0 0 0 -1 -1 -1 -1 -1 -1 -1 3
3 0 -1 0 0 0 0 0 0 -1 -1 -1 -1 -1 -1 -1 3
0 0 0 0 0 0 0 0 0 -1 -1 -1 -1 -1 -1 -1 -1
3 0 0 0 0 0 0 -1 -1 -1 -1 -1 -1 -1 -1 -1 3
3 0 0 0 0 -1 -1 -1 -1 -1 -1 -1 -1 -1 -1 -1 3
3 0 0 0 -1 -1 -1 -1 -1 -1 -1 -1 -1 -1 -1 -1 3
3 3 -1 -1 -1 -1 -1 -1 -1 -1 -1 -1 -1 -1 -1 3 3
3 3 -1 -1 -1 -1 -1 -1 -1 -1 -1 -1 -1 -1 -1 3 3
3 3 3 -1 -1 -1 -1 -1 -1 -1 -1 -1 -1 -1 3 3 3
3 3 3 3 3 -1 -1 -1 -1 -1 -1 -1 3 3 3 3 3
3 3 3 3 3 3 3 3 -1 3 3 3 3 3 3 3 3
14:14:05.617956 - stdout  :: 1 0
14:14:05.715521 - stdin   :: 39 62 0 0
33 23
43 37
39 62
3 19
3 3 3 3 3 3 3 3 0 3 3 3 3 3 3 3 3
3 3 3 3 3 -1 -1 0 0 0 0 -1 3 3 3 3 3
3 3 3 -1 -1 -1 -1 0 0 0 0 -1 -1 -1 3 3 3
3 3 -1 -1 -1 -1 -1 0 0 0 -1 -1 -1 -1 -1 3 3
3 3 -1 -1 -1 -1 0 0 0 -1 -1 -1 -1 -1 -1 3 3
3 -1 -1 -1 -1 -1 0 0 0 -1 -1 -1 -1 -1 -1 -1 3
3 0 -1 -1 -1 -1 0 0 0 -1 -1 -1 -1 -1 -1 -1 3
3 0 -1 0 0 0 0 0 0 -1 -1 -1 -1 -1 -1 -1 3
0 0 0 0 0 0 0 0 0 -1 -1 -1 -1 -1 -1 -1 -1
3 0 0 0 0 0 0 -1 -1 -1 -1 -1 -1 -1 -1 -1 3
3 0 0 0 0 -1 -1 -1 -1 -1 -1 -1 -1 -1 -1 -1 3
3 0 0 0 -1 -1 -1 -1 -1 -1 -1 -1 -1 -1 -1 -1 3
3 3 -1 -1 -1 -1 -1 -1 -1 -1 -1 -1 -1 -1 -1 3 3
3 3 -1 -1 -1 -1 -1 -1 -1 -1 -1 -1 -1 -1 -1 3 3
3 3 3 -1 -1 -1 -1 -1 -1 -1 -1 -1 -1 -1 3 3 3
3 3 3 3 3 -1 -1 -1 -1 -1 -1 -1 3 3 3 3 3
3 3 3 3 3 3 3 3 -1 3 3 3 3 3 3 3 3
14:14:05.717815 - stdout  :: 1 0
14:14:05.787910 - stdin   :: 39 62 0 0
31 23
40 40
39 62
2 24
3 3 3 3 3 3 3 3 0 3 3 3 3 3 3 3 3
3 3 3 3 3 -1 -1 0 0 0 0 -1 3 3 3 3 3
3 3 3 -1 -1 -1 -1 0 0 0 0 -1 -1 -1 3 3 3
3 3 -1 -1 -1 -1 -1 0 0 0 -1 -1 -1 -1 -1 3 3
3 3 -1 -1 -1 -1 0 0 0 -1 -1 -1 -1 -1 -1 3 3
3 -1 -1 -1 -1 -1 0 0 0 -1 -1 -1 -1 -1 -1 -1 3
3 0 -1 -1 -1 -1 0 0 0 -1 -1 -1 -1 -1 -1 -1 3
3 0 -1 0 0 0 0 0 0 -1 -1 -1 -1 -1 -1 -1 3
0 0 0 0 0 0 0 0 0 -1 -1 -1 -1 -1 -1 -1 -1
3 0 0 0 0 0 0 -1 -1 -1 -1 -1 -1 -1 -1 -1 3
3 0 0 0 0 -1 -1 -1 -1 -1 -1 -1 -1 -1 -1 -1 3
3 0 0 0 -1 -1 -1 -1 -1 -1 -1 -1 -1 -1 -1 -1 3
3 3 -1 -1 -1 -1 -1 -1 -1 -1 -1 -1 -1 -1 -1 3 3
3 3 -1 -1 -1 -1 -1 -1 -1 -1 -1 -1 -1 -1 -1 3 3
3 3 3 -1 -1 -1 -1 -1 -1 -1 -1 -1 -1 -1 3 3 3
3 3 3 3 3 -1 -1 -1 -1 -1 -1 -1 3 3 3 3 3
3 3 3 3 3 3 3 3 -1 3 3 3 3 3 3 3 3
14:14:05.790425 - stdout  :: 1 0
14:14:05.866883 - stdin   :: 39 62 0 0
31 23
34 46
39 62
4 28
3 3 3 3 3 3 3 3 0 3 3 3 3 3 3 3 3
3 3 3 3 3 -1 -1 0 0 0 0 -1 3 3 3 3 3
3 3 3 -1 -1 -1 -1 0 0 0 0 -1 -1 -1 3 3 3
3 3 -1 -1 -1 -1 -1 0 0 0 -1 -1 -1 -1 -1 3 3
3 3 -1 -1 -1 -1 0 0 0 -1 -1 -1 -1 -1 -1 3 3
3 -1 -1 -1 -1 -1 0 0 0 -1 -1 -1 -1 -1 -1 -1 3
3 0 -1 -1 -1 -1 0 0 0 -1 -1 -1 -1 -1 -1 -1 3
3 0 -1 0 0 0 0 0 0 -1 -1 -1 -1 -1 -1 -1 3
0 0 0 0 0 0 0 0 0 -1 -1 -1 -1 -1 -1 -1 -1
3 0 0 0 0 0 0 -1 -1 -1 -1 -1 -1 -1 -1 -1 3
3 0 0 0 0 -1 -1 -1 -1 -1 -1 -1 -1 -1 -1 -1 3
3 0 0 0 -1 -1 -1 -1 -1 -1 -1 -1 -1 -1 -1 -1 3
3 3 -1 -1 -1 -1 -1 -1 -1 -1 -1 -1 -1 -1 -1 3 3
3 3 -1 -1 -1 -1 -1 -1 -1 -1 -1 -1 -1 -1 -1 3 3
3 3 3 -1 -1 -1 -1 -1 -1 -1 -1 -1 -1 -1 3 3 3
3 3 3 3 3 -1 -1 -1 -1 -1 -1 -1 3 3 3 3 3
3 3 3 3 3 3 3 3 -1 3 3 3 3 3 3 3 3
14:14:05.869000 - stdout  :: 1 0
14:14:05.942234 - stdin   :: 39 62 0 0
32 23
37 55
39 62
6 32
3 3 3 3 3 3 3 3 0 3 3 3 3 3 3 3 3
3 3 3 3 3 -1 -1 0 0 0 0 -1 3 3 3 3 3
3 3 3 -1 -1 -1 -1 0 0 0 0 -1 -1 -1 3 3 3
3 3 -1 -1 -1 -1 -1 0 0 0 -1 -1 -1 -1 -1 3 3
3 3 -1 -1 -1 -1 0 0 0 -1 -1 -1 -1 -1 -1 3 3
3 -1 -1 -1 -1 -1 0 0 0 -1 -1 -1 -1 -1 -1 -1 3
3 0 -1 -1 -1 -1 0 0 0 -1 -1 -1 -1 -1 -1 -1 3
3 0 -1 0 0 0 0 0 0 -1 -1 -1 -1 -1 -1 -1 3
0 0 0 0 0 0 0 0 0 -1 -1 -1 -1 -1 -1 -1 -1
3 0 0 0 0 0 0 -1 -1 -1 -1 -1 -1 -1 -1 -1 3
3 0 0 0 0 -1 -1 -1 -1 -1 -1 -1 -1 -1 -1 -1 3
3 0 0 0 -1 -1 -1 -1 -1 -1 -1 -1 -1 -1 -1 -1 3
3 3 -1 -1 -1 -1 -1 -1 -1 -1 -1 -1 -1 -1 -1 3 3
3 3 -1 -1 -1 -1 -1 -1 -1 -1 -1 -1 -1 -1 -1 3 3
3 3 3 -1 -1 -1 -1 -1 -1 -1 -1 -1 -1 -1 3 3 3
3 3 3 3 3 -1 -1 -1 -1 -1 -1 -1 3 3 3 3 3
3 3 3 3 3 3 3 3 -1 3 3 3 3 3 3 3 3
14:14:05.944867 - stdout  :: 1 0
14:14:06.016186 - stdin   :: 39 62 0 0
31 23
41 55
39 62
8 36
3 3 3 3 3 3 3 3 0 3 3 3 3 3 3 3 3
3 3 3 3 3 -1 -1 0 0 0 0 -1 3 3 3 3 3
3 3 3 -1 -1 -1 -1 0 0 0 0 -1 -1 -1 3 3 3
3 3 -1 -1 -1 -1 -1 0 0 0 -1 -1 -1 -1 -1 3 3
3 3 -1 -1 -1 -1 0 0 0 -1 -1 -1 -1 -1 -1 3 3
3 -1 -1 -1 -1 -1 0 0 0 -1 -1 -1 -1 -1 -1 -1 3
3 0 -1 -1 -1 -1 0 0 0 -1 -1 -1 -1 -1 -1 -1 3
3 0 -1 0 0 0 0 0 0 -1 -1 -1 -1 -1 -1 -1 3
0 0 0 0 0 0 0 0 0 -1 -1 -1 -1 -1 -1 -1 -1
3 0 0 0 0 0 0 -1 -1 -1 -1 -1 -1 -1 -1 -1 3
3 0 0 0 0 -1 -1 -1 -1 -1 -1 -1 -1 -1 -1 -1 3
3 0 0 0 -1 -1 -1 -1 -1 -1 -1 -1 -1 -1 -1 -1 3
3 3 -1 -1 -1 -1 -1 -1 -1 -1 -1 -1 -1 -1 -1 3 3
3 3 -1 -1 -1 -1 -1 -1 -1 -1 -1 -1 -1 -1 -1 3 3
3 3 3 -1 -1 -1 -1 -1 -1 -1 -1 -1 -1 -1 3 3 3
3 3 3 3 3 -1 -1 -1 -1 -1 -1 -1 3 3 3 3 3
3 3 3 3 3 3 3 3 -1 3 3 3 3 3 3 3 3
14:14:06.024490 - stdout  :: 1 0
14:14:06.118126 - stdin   :: 39 62 0 0
31 23
38 54
39 62
11 37
3 3 3 3 3 3 3 3 0 3 3 3 3 3 3 3 3
3 3 3 3 3 -1 -1 0 0 0 0 -1 3 3 3 3 3
3 3 3 -1 -1 -1 -1 0 0 0 0 -1 -1 -1 3 3 3
3 3 -1 -1 -1 -1 -1 0 0 0 -1 -1 -1 -1 -1 3 3
3 3 -1 -1 -1 -1 0 0 0 -1 -1 -1 -1 -1 -1 3 3
3 -1 -1 -1 -1 -1 0 0 0 -1 -1 -1 -1 -1 -1 -1 3
3 0 -1 -1 -1 -1 0 0 0 -1 -1 -1 -1 -1 -1 -1 3
3 0 -1 0 0 0 0 0 0 -1 -1 -1 -1 -1 -1 -1 3
0 0 0 0 0 0 0 0 0 -1 -1 -1 -1 -1 -1 -1 -1
3 0 0 0 0 0 0 -1 -1 -1 -1 -1 -1 -1 -1 -1 3
3 0 0 0 0 -1 -1 -1 -1 -1 -1 -1 -1 -1 -1 -1 3
3 0 0 0 -1 -1 -1 -1 -1 -1 -1 -1 -1 -1 -1 -1 3
3 3 -1 -1 -1 -1 -1 -1 -1 -1 -1 -1 -1 -1 -1 3 3
3 3 -1 -1 -1 -1 -1 -1 -1 -1 -1 -1 -1 -1 -1 3 3
3 3 3 -1 -1 -1 -1 -1 -1 -1 -1 -1 -1 -1 3 3 3
3 3 3 3 3 -1 -1 -1 -1 -1 -1 -1 3 3 3 3 3
3 3 3 3 3 3 3 3 -1 3 3 3 3 3 3 3 3
14:14:06.125704 - stdout  :: 1 0
14:14:06.214691 - stdin   :: 39 62 0 0
30 23
39 51
39 62
14 34
3 3 3 3 3 3 3 3 0 3 3 3 3 3 3 3 3
3 3 3 3 3 -1 -1 0 0 0 0 -1 3 3 3 3 3
3 3 3 -1 -1 -1 -1 0 0 0 0 -1 -1 -1 3 3 3
3 3 -1 -1 -1 -1 -1 0 0 0 -1 -1 -1 -1 -1 3 3
3 3 -1 -1 -1 -1 0 0 0 -1 -1 -1 -1 -1 -1 3 3
3 -1 -1 -1 -1 -1 0 0 0 -1 -1 -1 -1 -1 -1 -1 3
3 0 -1 -1 -1 -1 0 0 0 -1 -1 -1 -1 -1 -1 -1 3
3 0 -1 0 0 0 0 0 0 -1 -1 -1 -1 -1 -1 -1 3
0 0 0 0 0 0 0 0 0 -1 -1 -1 -1 -1 -1 -1 -1
3 0 0 0 0 0 0 -1 -1 -1 -1 -1 -1 -1 -1 -1 3
3 0 0 0 0 -1 -1 -1 -1 -1 -1 -1 -1 -1 -1 -1 3
3 0 0 0 -1 -1 -1 -1 -1 -1 -1 -1 -1 -1 -1 -1 3
3 3 -1 -1 -1 -1 -1 -1 -1 -1 -1 -1 -1 -1 -1 3 3
3 3 -1 -1 -1 -1 -1 -1 -1 -1 -1 -1 -1 -1 -1 3 3
3 3 3 -1 -1 -1 -1 -1 -1 -1 -1 -1 -1 -1 3 3 3
3 3 3 3 3 -1 -1 -1 -1 -1 -1 -1 3 3 3 3 3
3 3 3 3 3 3 3 3 -1 3 3 3 3 3 3 3 3
14:14:06.217151 - stdout  :: 1 0
14:14:06.291382 - stdin   :: 39 62 0 0
30 23
34 45
39 62
17 31
3 3 3 3 3 3 3 3 0 3 3 3 3 3 3 3 3
3 3 3 3 3 -1 -1 0 0 0 0 -1 3 3 3 3 3
3 3 3 -1 -1 -1 -1 0 0 0 0 -1 -1 -1 3 3 3
3 3 -1 -1 -1 -1 -1 0 0 0 -1 -1 -1 -1 -1 3 3
3 3 -1 -1 -1 -1 0 0 0 -1 -1 -1 -1 -1 -1 3 3
3 -1 -1 -1 -1 -1 0 0 0 -1 -1 -1 -1 -1 -1 -1 3
3 0 -1 -1 -1 -1 0 0 0 -1 -1 -1 -1 -1 -1 -1 3
3 0 -1 0 0 0 0 0 0 -1 -1 -1 -1 -1 -1 -1 3
0 0 0 0 0 0 0 0 0 -1 -1 -1 -1 -1 -1 -1 -1
3 0 0 0 0 0 0 -1 -1 -1 -1 -1 -1 -1 -1 -1 3
3 0 0 0 0 -1 -1 -1 -1 -1 -1 -1 -1 -1 -1 -1 3
3 0 0 0 -1 -1 -1 -1 -1 -1 -1 -1 -1 -1 -1 -1 3
3 3 -1 -1 -1 -1 -1 -1 -1 -1 -1 -1 -1 -1 -1 3 3
3 3 -1 -1 -1 -1 -1 -1 -1 -1 -1 -1 -1 -1 -1 3 3
3 3 3 -1 -1 -1 -1 -1 -1 -1 -1 -1 -1 -1 3 3 3
3 3 3 3 3 -1 -1 -1 -1 -1 -1 -1 3 3 3 3 3
3 3 3 3 3 3 3 3 -1 3 3 3 3 3 3 3 3
14:14:06.294323 - stdout  :: 1 0
14:14:06.423392 - stdin   :: 39 62 0 0
28 23
39 44
39 62
19 31
3 3 3 3 3 3 3 3 0 3 3 3 3 3 3 3 3
3 3 3 3 3 -1 -1 0 0 0 0 -1 3 3 3 3 3
3 3 3 -1 -1 -1 -1 0 0 0 0 -1 -1 -1 3 3 3
3 3 -1 -1 -1 -1 -1 0 0 0 -1 -1 -1 -1 -1 3 3
3 3 -1 -1 -1 -1 0 0 0 -1 -1 -1 -1 -1 -1 3 3
3 -1 -1 -1 -1 -1 0 0 0 -1 -1 -1 -1 -1 -1 -1 3
3 0 -1 -1 -1 -1 0 0 0 -1 -1 -1 -1 -1 -1 -1 3
3 0 -1 0 0 0 0 0 0 -1 -1 -1 -1 -1 -1 -1 3
0 0 0 0 0 0 0 0 0 -1 -1 -1 -1 -1 -1 -1 -1
3 0 0 0 0 0 0 -1 -1 -1 -1 -1 -1 -1 -1 -1 3
3 0 0 0 0 -1 -1 -1 -1 -1 -1 -1 -1 -1 -1 -1 3
3 0 0 0 -1 -1 -1 -1 -1 -1 -1 -1 -1 -1 -1 -1 3
3 3 -1 -1 -1 -1 -1 -1 -1 -1 -1 -1 -1 -1 -1 3 3
3 3 -1 -1 -1 -1 -1 -1 -1 -1 -1 -1 -1 -1 -1 3 3
3 3 3 -1 -1 -1 -1 -1 -1 -1 -1 -1 -1 -1 3 3 3
3 3 3 3 3 -1 -1 -1 -1 -1 -1 -1 3 3 3 3 3
3 3 3 3 3 3 3 3 -1 3 3 3 3 3 3 3 3
14:14:06.427659 - stdout  :: 1 0
14:14:06.498041 - stdin   :: 39 62 0 0
27 23
35 44
39 62
20 36
3 3 3 3 3 3 3 3 0 3 3 3 3 3 3 3 3
3 3 3 3 3 -1 -1 0 0 0 0 -1 3 3 3 3 3
3 3 3 -1 -1 -1 -1 0 0 0 0 -1 -1 -1 3 3 3
3 3 -1 -1 -1 -1 -1 0 0 0 -1 -1 -1 -1 -1 3 3
3 3 -1 -1 -1 -1 0 0 0 -1 -1 -1 -1 -1 -1 3 3
3 -1 -1 -1 -1 -1 0 0 0 -1 -1 -1 -1 -1 -1 -1 3
3 0 -1 -1 -1 -1 0 0 0 -1 -1 -1 -1 -1 -1 -1 3
3 0 -1 0 0 0 0 0 0 -1 -1 -1 -1 -1 -1 -1 3
0 0 0 0 0 0 0 0 0 -1 -1 -1 -1 -1 -1 -1 -1
3 0 0 0 0 0 0 -1 -1 -1 -1 -1 -1 -1 -1 -1 3
3 0 0 0 0 -1 -1 -1 -1 -1 -1 -1 -1 -1 -1 -1 3
3 0 0 0 -1 -1 -1 -1 -1 -1 -1 -1 -1 -1 -1 -1 3
3 3 -1 -1 -1 -1 -1 -1 -1 -1 -1 -1 -1 -1 -1 3 3
3 3 -1 -1 -1 -1 -1 -1 -1 -1 -1 -1 -1 -1 -1 3 3
3 3 3 -1 -1 -1 -1 -1 -1 -1 -1 -1 -1 -1 3 3 3
3 3 3 3 3 -1 -1 -1 -1 -1 -1 -1 3 3 3 3 3
3 3 3 3 3 3 3 3 -1 3 3 3 3 3 3 3 3
14:14:06.503608 - stdout  :: 1 0
14:14:06.598562 - stdin   :: 39 62 0 0
27 23
35 51
39 62
21 41
3 3 3 3 3 3 3 3 0 3 3 3 3 3 3 3 3
3 3 3 3 3 -1 -1 0 0 0 0 -1 3 3 3 3 3
3 3 3 -1 -1 -1 -1 0 0 0 0 -1 -1 -1 3 3 3
3 3 -1 -1 -1 -1 -1 0 0 0 -1 -1 -1 -1 -1 3 3
3 3 -1 -1 -1 -1 0 0 0 -1 -1 -1 -1 -1 -1 3 3
3 -1 -1 -1 -1 -1 0 0 0 -1 -1 -1 -1 -1 -1 -1 3
3 0 -1 -1 -1 -1 0 0 0 -1 -1 -1 -1 -1 -1 -1 3
3 0 -1 0 0 0 0 0 0 -1 -1 -1 -1 -1 -1 -1 3
0 0 0 0 0 0 0 0 0 -1 -1 -1 -1 -1 -1 -1 -1
3 0 0 0 0 0 0 -1 -1 -1 -1 -1 -1 -1 -1 -1 3
3 0 0 0 0 -1 -1 -1 -1 -1 -1 -1 -1 -1 -1 -1 3
3 0 0 0 -1 -1 -1 -1 -1 -1 -1 -1 -1 -1 -1 -1 3
3 3 -1 -1 -1 -1 -1 -1 -1 -1 -1 -1 -1 -1 -1 3 3
3 3 -1 -1 -1 -1 -1 -1 -1 -1 -1 -1 -1 -1 -1 3 3
3 3 3 -1 -1 -1 -1 -1 -1 -1 -1 -1 -1 -1 3 3 3
3 3 3 3 3 -1 -1 -1 -1 -1 -1 -1 3 3 3 3 3
3 3 3 3 3 3 3 3 -1 3 3 3 3 3 3 3 3
14:14:06.601374 - stdout  :: 1 0
14:14:06.690117 - stdin   :: 39 62 0 0
26 23
42 56
39 62
25 39
3 3 3 3 3 3 3 3 0 3 3 3 3 3 3 3 3
3 3 3 3 3 -1 -1 0 0 0 0 -1 3 3 3 3 3
3 3 3 -1 -1 -1 -1 0 0 0 0 -1 -1 -1 3 3 3
3 3 -1 -1 -1 -1 -1 0 0 0 -1 -1 -1 -1 -1 3 3
3 3 -1 -1 -1 -1 0 0 0 -1 -1 -1 -1 -1 -1 3 3
3 -1 -1 -1 -1 -1 0 0 0 -1 -1 -1 -1 -1 -1 -1 3
3 0 -1 -1 -1 -1 0 0 0 -1 -1 -1 -1 -1 -1 -1 3
3 0 -1 0 0 0 0 0 0 -1 -1 -1 -1 -1 -1 -1 3
0 0 0 0 0 0 0 0 0 -1 -1 -1 -1 -1 -1 -1 -1
3 0 0 0 0 0 0 -1 -1 -1 -1 -1 -1 -1 -1 -1 3
3 0 0 0 0 -1 -1 -1 -1 -1 -1 -1 -1 -1 -1 -1 3
3 0 0 0 -1 -1 -1 -1 -1 -1 -1 -1 -1 -1 -1 -1 3
3 3 -1 -1 -1 -1 -1 -1 -1 -1 -1 -1 -1 -1 -1 3 3
3 3 -1 -1 -1 -1 -1 -1 -1 -1 -1 -1 -1 -1 -1 3 3
3 3 3 -1 -1 -1 -1 -1 -1 -1 -1 -1 -1 -1 3 3 3
3 3 3 3 3 -1 -1 -1 -1 -1 -1 -1 3 3 3 3 3
3 3 3 3 3 3 3 3 -1 3 3 3 3 3 3 3 3
14:14:06.692906 - stdout  :: 1 0
14:14:06.758916 - stdin   :: 39 62 0 0
27 23
36 51
39 62
28 36
3 3 3 3 3 3 3 3 0 3 3 3 3 3 3 3 3
3 3 3 3 3 -1 -1 0 0 0 0 -1 3 3 3 3 3
3 3 3 -1 -1 -1 -1 0 0 0 0 -1 -1 -1 3 3 3
3 3 -1 -1 -1 -1 -1 0 0 0 -1 -1 -1 -1 -1 3 3
3 3 -1 -1 -1 -1 0 0 0 -1 -1 -1 -1 -1 -1 3 3
3 -1 -1 -1 -1 -1 0 0 0 -1 -1 -1 -1 -1 -1 -1 3
3 0 -1 -1 -1 -1 0 0 0 -1 -1 -1 -1 -1 -1 -1 3
3 0 -1 0 0 0 0 0 0 -1 -1 -1 -1 -1 -1 -1 3
0 0 0 0 0 0 0 0 0 -1 -1 -1 -1 -1 -1 -1 -1
3 0 0 0 0 0 0 -1 -1 -1 -1 -1 -1 -1 -1 -1 3
3 0 0 0 0 -1 -1 -1 -1 -1 -1 -1 -1 -1 -1 -1 3
3 0 0 0 -1 -1 -1 -1 -1 -1 -1 -1 -1 -1 -1 -1 3
3 3 -1 -1 -1 -1 -1 -1 -1 -1 -1 -1 -1 -1 -1 3 3
3 3 -1 -1 -1 -1 -1 -1 -1 -1 -1 -1 -1 -1 -1 3 3
3 3 3 -1 -1 -1 -1 -1 -1 -1 -1 -1 -1 -1 3 3 3
3 3 3 3 3 -1 -1 -1 -1 -1 -1 -1 3 3 3 3 3
3 3 3 3 3 3 3 3 -1 3 3 3 3 3 3 3 3
14:14:06.761274 - stdout  :: 1 0
14:14:06.839852 - stdin   :: 39 62 0 0
28 23
37 41
39 62
29 41
3 3 3 3 3 3 3 3 0 3 3 3 3 3 3 3 3
3 3 3 3 3 -1 -1 0 0 0 0 -1 3 3 3 3 3
3 3 3 -1 -1 -1 -1 0 0 0 0 -1 -1 -1 3 3 3
3 3 -1 -1 -1 -1 -1 0 0 0 -1 -1 -1 -1 -1 3 3
3 3 -1 -1 -1 -1 0 0 0 -1 -1 -1 -1 -1 -1 3 3
3 -1 -1 -1 -1 -1 0 0 0 -1 -1 -1 -1 -1 -1 -1 3
3 0 -1 -1 -1 -1 0 0 0 -1 -1 -1 -1 -1 -1 -1 3
3 0 -1 0 0 0 0 0 0 -1 -1 -1 -1 -1 -1 -1 3
0 0 0 0 0 0 0 0 0 -1 -1 -1 -1 -1 -1 -1 -1
3 0 0 0 0 0 0 -1 -1 -1 -1 -1 -1 -1 -1 -1 3
3 0 0 0 0 -1 -1 -1 -1 -1 -1 -1 -1 -1 -1 -1 3
3 0 0 0 -1 -1 -1 -1 -1 -1 -1 -1 -1 -1 -1 -1 3
3 3 -1 -1 -1 -1 -1 -1 -1 -1 -1 -1 -1 -1 -1 3 3
3 3 -1 -1 -1 -1 -1 -1 -1 -1 -1 -1 -1 -1 -1 3 3
3 3 3 -1 -1 -1 -1 -1 -1 -1 -1 -1 -1 -1 3 3 3
3 3 3 3 3 -1 -1 -1 -1 -1 -1 -1 3 3 3 3 3
3 3 3 3 3 3 3 3 -1 3 3 3 3 3 3 3 3
14:14:06.842085 - stdout  :: 1 0
14:14:06.941514 - stdin   :: 39 62 0 0
26 23
42 34
39 62
27 45
3 3 3 3 3 3 3 3 0 3 3 3 3 3 3 3 3
3 3 3 3 3 -1 -1 0 0 0 0 -1 3 3 3 3 3
3 3 3 -1 -1 -1 -1 0 0 0 0 -1 -1 -1 3 3 3
3 3 -1 -1 -1 -1 -1 0 0 0 -1 -1 -1 -1 -1 3 3
3 3 -1 -1 -1 -1 0 0 0 -1 -1 -1 -1 -1 -1 3 3
3 -1 -1 -1 -1 -1 0 0 0 -1 -1 -1 -1 -1 -1 -1 3
3 0 -1 -1 -1 -1 0 0 0 -1 -1 -1 -1 -1 -1 -1 3
3 0 -1 0 0 0 0 0 0 -1 -1 -1 -1 -1 -1 -1 3
0 0 0 0 0 0 0 0 0 -1 -1 -1 -1 -1 -1 -1 -1
3 0 0 0 0 0 0 -1 -1 -1 -1 -1 -1 -1 -1 -1 3
3 0 0 0 0 -1 -1 -1 -1 -1 -1 -1 -1 -1 -1 -1 3
3 0 0 0 -1 -1 -1 -1 -1 -1 -1 -1 -1 -1 -1 -1 3
3 3 -1 -1 -1 -1 -1 -1 -1 -1 -1 -1 -1 -1 -1 3 3
3 3 -1 -1 -1 -1 -1 -1 -1 -1 -1 -1 -1 -1 -1 3 3
3 3 3 -1 -1 -1 -1 -1 -1 -1 -1 -1 -1 -1 3 3 3
3 3 3 3 3 -1 -1 -1 -1 -1 -1 -1 3 3 3 3 3
3 3 3 3 3 3 3 3 -1 3 3 3 3 3 3 3 3
14:14:06.944242 - stdout  :: 1 0
14:14:07.016664 - stdin   :: 39 62 0 0
27 23
33 20
39 62
22 47
3 3 3 3 3 3 3 3 0 3 3 3 3 3 3 3 3
3 3 3 3 3 -1 -1 0 0 0 0 -1 3 3 3 3 3
3 3 3 -1 -1 -1 -1 0 0 0 0 -1 -1 -1 3 3 3
3 3 -1 -1 -1 -1 -1 0 0 0 -1 -1 -1 -1 -1 3 3
3 3 -1 -1 -1 -1 0 0 0 -1 -1 -1 -1 -1 -1 3 3
3 -1 -1 -1 -1 -1 0 0 0 -1 -1 -1 -1 -1 -1 -1 3
3 0 -1 -1 -1 -1 0 0 0 -1 -1 -1 -1 -1 -1 -1 3
3 0 -1 0 0 0 0 0 0 -1 -1 -1 -1 -1 -1 -1 3
0 0 0 0 0 0 0 0 0 -1 -1 -1 -1 -1 -1 -1 -1
3 0 0 0 0 0 0 -1 -1 -1 -1 -1 -1 -1 -1 -1 3
3 0 0 0 0 -1 -1 -1 -1 -1 -1 -1 -1 -1 -1 -1 3
3 0 0 0 -1 -1 -1 -1 -1 -1 -1 -1 -1 -1 -1 -1 3
3 3 -1 -1 -1 -1 -1 -1 -1 -1 -1 -1 -1 -1 -1 3 3
3 3 -1 -1 -1 -1 -1 -1 -1 -1 -1 -1 -1 -1 -1 3 3
3 3 3 -1 -1 -1 -1 -1 -1 -1 -1 -1 -1 -1 3 3 3
3 3 3 3 3 -1 -1 -1 -1 -1 -1 -1 3 3 3 3 3
3 3 3 3 3 3 3 3 -1 3 3 3 3 3 3 3 3
14:14:07.019052 - stdout  :: 1 0
14:14:07.094821 - stdin   :: 39 62 0 0
28 23
20 5
39 62
16 47
3 3 3 3 3 3 3 3 0 3 3 3 3 3 3 3 3
3 3 3 3 3 -1 -1 0 0 0 0 -1 3 3 3 3 3
3 3 3 -1 -1 -1 -1 0 0 0 0 -1 -1 -1 3 3 3
3 3 -1 -1 -1 -1 -1 0 0 0 -1 -1 -1 -1 -1 3 3
3 3 -1 -1 -1 -1 0 0 0 -1 -1 -1 -1 -1 -1 3 3
3 -1 -1 -1 -1 -1 0 0 0 -1 -1 -1 -1 -1 -1 -1 3
3 0 -1 -1 -1 -1 0 0 0 -1 -1 -1 -1 -1 -1 -1 3
3 0 -1 0 0 0 0 0 0 -1 -1 -1 -1 -1 -1 -1 3
0 0 0 0 0 0 0 0 0 -1 -1 -1 -1 -1 -1 -1 -1
3 0 0 0 0 0 0 -1 -1 -1 -1 -1 -1 -1 -1 -1 3
3 0 0 0 0 -1 -1 -1 -1 -1 -1 -1 -1 -1 -1 -1 3
3 0 0 0 -1 -1 -1 -1 -1 -1 -1 -1 -1 -1 -1 -1 3
3 3 -1 -1 -1 -1 -1 -1 -1 -1 -1 -1 -1 -1 -1 3 3
3 3 -1 -1 -1 -1 -1 -1 -1 -1 -1 -1 -1 -1 -1 3 3
3 3 3 -1 -1 -1 -1 -1 -1 -1 -1 -1 -1 -1 3 3 3
3 3 3 3 3 -1 -1 -1 -1 -1 -1 -1 3 3 3 3 3
3 3 3 3 3 3 3 3 -1 3 3 3 3 3 3 3 3
14:14:07.101485 - stdout  :: 1 0
14:14:07.165941 - stdin   :: 39 62 0 0
29 23
18 2
39 62
11 48
3 3 3 3 3 3 3 3 0 3 3 3 3 3 3 3 3
3 3 3 3 3 -1 -1 0 0 0 0 -1 3 3 3 3 3
3 3 3 -1 -1 -1 -1 0 0 0 0 -1 -1 -1 3 3 3
3 3 -1 -1 -1 -1 -1 0 0 0 -1 -1 -1 -1 -1 3 3
3 3 -1 -1 -1 -1 0 0 0 -1 -1 -1 -1 -1 -1 3 3
3 -1 -1 -1 -1 -1 0 0 0 -1 -1 -1 -1 -1 -1 -1 3
3 0 -1 -1 -1 -1 0 0 0 -1 -1 -1 -1 -1 -1 -1 3
3 0 -1 0 0 0 0 0 0 -1 -1 -1 -1 -1 -1 -1 3
0 0 0 0 0 0 0 0 0 -1 -1 -1 -1 -1 -1 -1 -1
3 0 0 0 0 0 0 -1 -1 -1 -1 -1 -1 -1 -1 -1 3
3 0 0 0 0 -1 -1 -1 -1 -1 -1 -1 -1 -1 -1 -1 3
3 0 0 0 -1 -1 -1 -1 -1 -1 -1 -1 -1 -1 -1 -1 3
3 3 -1 -1 -1 -1 -1 -1 -1 -1 -1 -1 -1 -1 -1 3 3
3 3 -1 -1 -1 -1 -1 -1 -1 -1 -1 -1 -1 -1 -1 3 3
3 3 3 -1 -1 -1 -1 -1 -1 -1 -1 -1 -1 -1 3 3 3
3 3 3 3 3 -1 -1 -1 -1 -1 -1 -1 3 3 3 3 3
3 3 3 3 3 3 3 3 -1 3 3 3 3 3 3 3 3
14:14:07.168186 - stdout  :: 1 0
14:14:07.203232 - stdin   :: 39 62 0 0
30 23
19 5
39 62
9 48
3 3 3 3 3 3 3 3 0 3 3 3 3 3 3 3 3
3 3 3 3 3 -1 -1 0 0 0 0 -1 3 3 3 3 3
3 3 3 -1 -1 -1 -1 0 0 0 0 -1 -1 -1 3 3 3
3 3 -1 -1 -1 -1 -1 0 0 0 -1 -1 -1 -1 -1 3 3
3 3 -1 -1 -1 -1 0 0 0 -1 -1 -1 -1 -1 -1 3 3
3 -1 -1 -1 -1 -1 0 0 0 -1 -1 -1 -1 -1 -1 -1 3
3 0 -1 -1 -1 -1 0 0 0 -1 -1 -1 -1 -1 -1 -1 3
3 0 -1 0 0 0 0 0 0 -1 -1 -1 -1 -1 -1 -1 3
0 0 0 0 0 0 0 0 0 -1 -1 -1 -1 -1 -1 -1 -1
3 0 0 0 0 0 0 -1 -1 -1 -1 -1 -1 -1 -1 -1 3
3 0 0 0 0 -1 -1 -1 -1 -1 -1 -1 -1 -1 -1 -1 3
3 0 0 0 -1 -1 -1 -1 -1 -1 -1 -1 -1 -1 -1 -1 3
3 3 -1 -1 -1 -1 -1 -1 -1 -1 -1 -1 -1 -1 -1 3 3
3 3 -1 -1 -1 -1 -1 -1 -1 -1 -1 -1 -1 -1 -1 3 3
3 3 3 -1 -1 -1 -1 -1 -1 -1 -1 -1 -1 -1 3 3 3
3 3 3 3 3 -1 -1 -1 -1 -1 -1 -1 3 3 3 3 3
3 3 3 3 3 3 3 3 -1 3 3 3 3 3 3 3 3
14:14:07.205507 - stdout  :: 1 0
14:14:07.223797 - stdin   :: 39 62 0 0
31 23
17 3
39 62
9 48
3 3 3 3 3 3 3 3 0 3 3 3 3 3 3 3 3
3 3 3 3 3 -1 -1 0 0 0 0 -1 3 3 3 3 3
3 3 3 -1 -1 -1 -1 0 0 0 0 -1 -1 -1 3 3 3
3 3 -1 -1 -1 -1 -1 0 0 0 -1 -1 -1 -1 -1 3 3
3 3 -1 -1 -1 -1 0 0 0 -1 -1 -1 -1 -1 -1 3 3
3 -1 -1 -1 -1 -1 0 0 0 -1 -1 -1 -1 -1 -1 -1 3
3 0 -1 -1 -1 -1 0 0 0 -1 -1 -1 -1 -1 -1 -1 3
3 0 -1 0 0 0 0 0 0 -1 -1 -1 -1 -1 -1 -1 3
0 0 0 0 0 0 0 0 0 -1 -1 -1 -1 -1 -1 -1 -1
3 0 0 0 0 0 0 -1 -1 -1 -1 -1 -1 -1 -1 -1 3
3 0 0 0 0 -1 -1 -1 -1 -1 -1 -1 -1 -1 -1 -1 3
3 0 0 0 -1 -1 -1 -1 -1 -1 -1 -1 -1 -1 -1 -1 3
3 3 -1 -1 -1 -1 -1 -1 -1 -1 -1 -1 -1 -1 -1 3 3
3 3 -1 -1 -1 -1 -1 -1 -1 -1 -1 -1 -1 -1 -1 3 3
3 3 3 -1 -1 -1 -1 -1 -1 -1 -1 -1 -1 -1 3 3 3
3 3 3 3 3 -1 -1 -1 -1 -1 -1 -1 3 3 3 3 3
3 3 3 3 3 3 3 3 -1 3 3 3 3 3 3 3 3
14:14:07.226133 - stdout  :: 1 0
14:14:07.247453 - stdin   :: 39 62 0 0
31 23
23 6
39 62
9 48
3 3 3 3 3 3 3 3 0 3 3 3 3 3 3 3 3
3 3 3 3 3 -1 -1 0 0 0 0 -1 3 3 3 3 3
3 3 3 -1 -1 -1 -1 0 0 0 0 -1 -1 -1 3 3 3
3 3 -1 -1 -1 -1 -1 0 0 0 -1 -1 -1 -1 -1 3 3
3 3 -1 -1 -1 -1 0 0 0 -1 -1 -1 -1 -1 -1 3 3
3 -1 -1 -1 -1 -1 0 0 0 -1 -1 -1 -1 -1 -1 -1 3
3 0 -1 -1 -1 -1 0 0 0 -1 -1 -1 -1 -1 -1 -1 3
3 0 -1 0 0 0 0 0 0 -1 -1 -1 -1 -1 -1 -1 3
0 0 0 0 0 0 0 0 0 -1 -1 -1 -1 -1 -1 -1 -1
3 0 0 0 0 0 0 -1 -1 -1 -1 -1 -1 -1 -1 -1 3
3 0 0 0 0 -1 -1 -1 -1 -1 -1 -1 -1 -1 -1 -1 3
3 0 0 0 -1 -1 -1 -1 -1 -1 -1 -1 -1 -1 -1 -1 3
3 3 -1 -1 -1 -1 -1 -1 -1 -1 -1 -1 -1 -1 -1 3 3
3 3 -1 -1 -1 -1 -1 -1 -1 -1 -1 -1 -1 -1 -1 3 3
3 3 3 -1 -1 -1 -1 -1 -1 -1 -1 -1 -1 -1 3 3 3
3 3 3 3 3 -1 -1 -1 -1 -1 -1 -1 3 3 3 3 3
3 3 3 3 3 3 3 3 -1 3 3 3 3 3 3 3 3
14:14:07.249696 - stdout  :: 1 0
14:14:07.331526 - stdin   :: 39 62 0 0
27 23
29 13
39 62
9 48
3 3 3 3 3 3 3 3 0 3 3 3 3 3 3 3 3
3 3 3 3 3 -1 -1 0 0 0 0 -1 3 3 3 3 3
3 3 3 -1 -1 -1 -1 0 0 0 0 -1 -1 -1 3 3 3
3 3 -1 -1 -1 -1 -1 0 0 0 -1 -1 -1 -1 -1 3 3
3 3 -1 -1 -1 -1 0 0 0 -1 -1 -1 -1 -1 -1 3 3
3 -1 -1 -1 -1 -1 0 0 0 -1 -1 -1 -1 -1 -1 -1 3
3 0 -1 -1 -1 -1 0 0 0 -1 -1 -1 -1 -1 -1 -1 3
3 0 -1 0 0 0 0 0 0 -1 -1 -1 -1 -1 -1 -1 3
0 0 0 0 0 0 0 0 0 -1 -1 -1 -1 -1 -1 -1 -1
3 0 0 0 0 0 0 -1 -1 -1 -1 -1 -1 -1 -1 -1 3
3 0 0 0 0 -1 -1 -1 -1 -1 -1 -1 -1 -1 -1 -1 3
3 0 0 0 -1 -1 -1 -1 -1 -1 -1 -1 -1 -1 -1 -1 3
3 3 -1 -1 -1 -1 -1 -1 -1 -1 -1 -1 -1 -1 -1 3 3
3 3 -1 -1 -1 -1 -1 -1 -1 -1 -1 -1 -1 -1 -1 3 3
3 3 3 -1 -1 -1 -1 -1 -1 -1 -1 -1 -1 -1 3 3 3
3 3 3 3 3 -1 -1 -1 -1 -1 -1 -1 3 3 3 3 3
3 3 3 3 3 3 3 3 -1 3 3 3 3 3 3 3 3
14:14:07.334167 - stdout  :: 1 0
14:14:07.350925 - stdin   :: 39 62 0 0
28 23
29 16
39 62
9 48
3 3 3 3 3 3 3 3 0 3 3 3 3 3 3 3 3
3 3 3 3 3 -1 -1 0 0 0 0 -1 3 3 3 3 3
3 3 3 -1 -1 -1 -1 0 0 0 0 -1 -1 -1 3 3 3
3 3 -1 -1 -1 -1 -1 0 0 0 -1 -1 -1 -1 -1 3 3
3 3 -1 -1 -1 -1 0 0 0 -1 -1 -1 -1 -1 -1 3 3
3 -1 -1 -1 -1 -1 0 0 0 -1 -1 -1 -1 -1 -1 -1 3
3 0 -1 -1 -1 -1 0 0 0 -1 -1 -1 -1 -1 -1 -1 3
3 0 -1 0 0 0 0 0 0 -1 -1 -1 -1 -1 -1 -1 3
0 0 0 0 0 0 0 0 0 -1 -1 -1 -1 -1 -1 -1 -1
3 0 0 0 0 0 0 -1 -1 -1 -1 -1 -1 -1 -1 -1 3
3 0 0 0 0 -1 -1 -1 -1 -1 -1 -1 -1 -1 -1 -1 3
3 0 0 0 -1 -1 -1 -1 -1 -1 -1 -1 -1 -1 -1 -1 3
3 3 -1 -1 -1 -1 -1 -1 -1 -1 -1 -1 -1 -1 -1 3 3
3 3 -1 -1 -1 -1 -1 -1 -1 -1 -1 -1 -1 -1 -1 3 3
3 3 3 -1 -1 -1 -1 -1 -1 -1 -1 -1 -1 -1 3 3 3
3 3 3 3 3 -1 -1 -1 -1 -1 -1 -1 3 3 3 3 3
3 3 3 3 3 3 3 3 -1 3 3 3 3 3 3 3 3
14:14:07.357225 - stdout  :: 1 0
14:14:07.377347 - stdin   :: 39 62 0 0
28 23
27 12
39 62
9 48
3 3 3 3 3 3 3 3 0 3 3 3 3 3 3 3 3
3 3 3 3 3 -1 -1 0 0 0 0 -1 3 3 3 3 3
3 3 3 -1 -1 -1 -1 0 0 0 0 -1 -1 -1 3 3 3
3 3 -1 -1 -1 -1 -1 0 0 0 -1 -1 -1 -1 -1 3 3
3 3 -1 -1 -1 -1 0 0 0 -1 -1 -1 -1 -1 -1 3 3
3 -1 -1 -1 -1 -1 0 0 0 -1 -1 -1 -1 -1 -1 -1 3
3 0 -1 -1 -1 -1 0 0 0 -1 -1 -1 -1 -1 -1 -1 3
3 0 -1 0 0 0 0 0 0 -1 -1 -1 -1 -1 -1 -1 3
0 0 0 0 0 0 0 0 0 -1 -1 -1 -1 -1 -1 -1 -1
3 0 0 0 0 0 0 -1 -1 -1 -1 -1 -1 -1 -1 -1 3
3 0 0 0 0 -1 -1 -1 -1 -1 -1 -1 -1 -1 -1 -1 3
3 0 0 0 -1 -1 -1 -1 -1 -1 -1 -1 -1 -1 -1 -1 3
3 3 -1 -1 -1 -1 -1 -1 -1 -1 -1 -1 -1 -1 -1 3 3
3 3 -1 -1 -1 -1 -1 -1 -1 -1 -1 -1 -1 -1 -1 3 3
3 3 3 -1 -1 -1 -1 -1 -1 -1 -1 -1 -1 -1 3 3 3
3 3 3 3 3 -1 -1 -1 -1 -1 -1 -1 3 3 3 3 3
3 3 3 3 3 3 3 3 -1 3 3 3 3 3 3 3 3
14:14:07.379484 - stdout  :: 1 0
14:14:07.406363 - stdin   :: 39 62 0 0
27 23
23 6
39 62
9 48
3 3 3 3 3 3 3 3 0 3 3 3 3 3 3 3 3
3 3 3 3 3 -1 -1 0 0 0 0 -1 3 3 3 3 3
3 3 3 -1 -1 -1 -1 0 0 0 0 -1 -1 -1 3 3 3
3 3 -1 -1 -1 -1 -1 0 0 0 -1 -1 -1 -1 -1 3 3
3 3 -1 -1 -1 -1 0 0 0 -1 -1 -1 -1 -1 -1 3 3
3 -1 -1 -1 -1 -1 0 0 0 -1 -1 -1 -1 -1 -1 -1 3
3 0 -1 -1 -1 -1 0 0 0 -1 -1 -1 -1 -1 -1 -1 3
3 0 -1 0 0 0 0 0 0 -1 -1 -1 -1 -1 -1 -1 3
0 0 0 0 0 0 0 0 0 -1 -1 -1 -1 -1 -1 -1 -1
3 0 0 0 0 0 0 -1 -1 -1 -1 -1 -1 -1 -1 -1 3
3 0 0 0 0 -1 -1 -1 -1 -1 -1 -1 -1 -1 -1 -1 3
3 0 0 0 -1 -1 -1 -1 -1 -1 -1 -1 -1 -1 -1 -1 3
3 3 -1 -1 -1 -1 -1 -1 -1 -1 -1 -1 -1 -1 -1 3 3
3 3 -1 -1 -1 -1 -1 -1 -1 -1 -1 -1 -1 -1 -1 3 3
3 3 3 -1 -1 -1 -1 -1 -1 -1 -1 -1 -1 -1 3 3 3
3 3 3 3 3 -1 -1 -1 -1 -1 -1 -1 3 3 3 3 3
3 3 3 3 3 3 3 3 -1 3 3 3 3 3 3 3 3
14:14:07.409194 - stdout  :: 1 0
14:14:07.445940 - stdin   :: 39 62 0 0
26 23
18 4
39 62
9 48
3 3 3 3 3 3 3 3 0 3 3 3 3 3 3 3 3
3 3 3 3 3 -1 -1 0 0 0 0 -1 3 3 3 3 3
3 3 3 -1 -1 -1 -1 0 0 0 0 -1 -1 -1 3 3 3
3 3 -1 -1 -1 -1 -1 0 0 0 -1 -1 -1 -1 -1 3 3
3 3 -1 -1 -1 -1 0 0 0 -1 -1 -1 -1 -1 -1 3 3
3 -1 -1 -1 -1 -1 0 0 0 -1 -1 -1 -1 -1 -1 -1 3
3 0 -1 -1 -1 -1 0 0 0 -1 -1 -1 -1 -1 -1 -1 3
3 0 -1 0 0 0 0 0 0 -1 -1 -1 -1 -1 -1 -1 3
0 0 0 0 0 0 0 0 0 -1 -1 -1 -1 -1 -1 -1 -1
3 0 0 0 0 0 0 -1 -1 -1 -1 -1 -1 -1 -1 -1 3
3 0 0 0 0 -1 -1 -1 -1 -1 -1 -1 -1 -1 -1 -1 3
3 0 0 0 -1 -1 -1 -1 -1 -1 -1 -1 -1 -1 -1 -1 3
3 3 -1 -1 -1 -1 -1 -1 -1 -1 -1 -1 -1 -1 -1 3 3
3 3 -1 -1 -1 -1 -1 -1 -1 -1 -1 -1 -1 -1 -1 3 3
3 3 3 -1 -1 -1 -1 -1 -1 -1 -1 -1 -1 -1 3 3 3
3 3 3 3 3 -1 -1 -1 -1 -1 -1 -1 3 3 3 3 3
3 3 3 3 3 3 3 3 -1 3 3 3 3 3 3 3 3
14:14:07.450349 - stdout  :: 1 0
14:14:07.504629 - stdin   :: 39 62 0 0
24 23
14 10
39 62
9 48
3 3 3 3 3 3 3 3 0 3 3 3 3 3 3 3 3
3 3 3 3 3 -1 -1 0 0 0 0 -1 3 3 3 3 3
3 3 3 -1 -1 -1 -1 0 0 0 0 -1 -1 -1 3 3 3
3 3 -1 -1 -1 -1 -1 0 0 0 -1 -1 -1 -1 -1 3 3
3 3 -1 -1 -1 -1 0 0 0 -1 -1 -1 -1 -1 -1 3 3
3 -1 -1 -1 -1 -1 0 0 0 -1 -1 -1 -1 -1 -1 -1 3
3 0 -1 -1 -1 -1 0 0 0 -1 -1 -1 -1 -1 -1 -1 3
3 0 -1 0 0 0 0 0 0 -1 -1 -1 -1 -1 -1 -1 3
0 0 0 0 0 0 0 0 0 -1 -1 -1 -1 -1 -1 -1 -1
3 0 0 0 0 0 0 -1 -1 -1 -1 -1 -1 -1 -1 -1 3
3 0 0 0 0 -1 -1 -1 -1 -1 -1 -1 -1 -1 -1 -1 3
3 0 0 0 -1 -1 -1 -1 -1 -1 -1 -1 -1 -1 -1 -1 3
3 3 -1 -1 -1 -1 -1 -1 -1 -1 -1 -1 -1 -1 -1 3 3
3 3 -1 -1 -1 -1 -1 -1 -1 -1 -1 -1 -1 -1 -1 3 3
3 3 3 -1 -1 -1 -1 -1 -1 -1 -1 -1 -1 -1 3 3 3
3 3 3 3 3 -1 -1 -1 -1 -1 -1 -1 3 3 3 3 3
3 3 3 3 3 3 3 3 -1 3 3 3 3 3 3 3 3
14:14:07.506975 - stdout  :: 1 0
14:14:07.528881 - stdin   :: 39 62 0 0
25 23
14 18
39 62
9 48
3 3 3 3 3 3 3 3 0 3 3 3 3 3 3 3 3
3 3 3 3 3 -1 -1 0 0 0 0 -1 3 3 3 3 3
3 3 3 -1 -1 -1 -1 0 0 0 0 -1 -1 -1 3 3 3
3 3 -1 -1 -1 -1 -1 0 0 0 -1 -1 -1 -1 -1 3 3
3 3 -1 -1 -1 -1 0 0 0 -1 -1 -1 -1 -1 -1 3 3
3 -1 -1 -1 -1 -1 0 0 0 -1 -1 -1 -1 -1 -1 -1 3
3 0 -1 -1 -1 -1 0 0 0 -1 -1 -1 -1 -1 -1 -1 3
3 0 -1 0 0 0 0 0 0 -1 -1 -1 -1 -1 -1 -1 3
0 0 0 0 0 0 0 0 0 -1 -1 -1 -1 -1 -1 -1 -1
3 0 0 0 0 0 0 -1 -1 -1 -1 -1 -1 -1 -1 -1 3
3 0 0 0 0 -1 -1 -1 -1 -1 -1 -1 -1 -1 -1 -1 3
3 0 0 0 -1 -1 -1 -1 -1 -1 -1 -1 -1 -1 -1 -1 3
3 3 -1 -1 -1 -1 -1 -1 -1 -1 -1 -1 -1 -1 -1 3 3
3 3 -1 -1 -1 -1 -1 -1 -1 -1 -1 -1 -1 -1 -1 3 3
3 3 3 -1 -1 -1 -1 -1 -1 -1 -1 -1 -1 -1 3 3 3
3 3 3 3 3 -1 -1 -1 -1 -1 -1 -1 3 3 3 3 3
3 3 3 3 3 3 3 3 -1 3 3 3 3 3 3 3 3
14:14:07.531122 - stdout  :: 1 0
14:14:07.604341 - stdin   :: 39 62 0 0
23 23
10 21
39 62
9 48
3 3 3 3 3 3 3 3 0 3 3 3 3 3 3 3 3
3 3 3 3 3 -1 -1 0 0 0 0 -1 3 3 3 3 3
3 3 3 -1 -1 -1 -1 0 0 0 0 -1 -1 -1 3 3 3
3 3 -1 -1 -1 -1 -1 0 0 0 -1 -1 -1 -1 -1 3 3
3 3 -1 -1 -1 -1 0 0 0 -1 -1 -1 -1 -1 -1 3 3
3 -1 -1 -1 -1 -1 0 0 0 -1 -1 -1 -1 -1 -1 -1 3
3 0 -1 -1 -1 -1 0 0 0 -1 -1 -1 -1 -1 -1 -1 3
3 0 -1 0 0 0 0 0 0 -1 -1 -1 -1 -1 -1 -1 3
0 0 0 0 0 0 0 0 0 -1 -1 -1 -1 -1 -1 -1 -1
3 0 0 0 0 0 0 -1 -1 -1 -1 -1 -1 -1 -1 -1 3
3 0 0 0 0 -1 -1 -1 -1 -1 -1 -1 -1 -1 -1 -1 3
3 0 0 0 -1 -1 -1 -1 -1 -1 -1 -1 -1 -1 -1 -1 3
3 3 -1 -1 -1 -1 -1 -1 -1 -1 -1 -1 -1 -1 -1 3 3
3 3 -1 -1 -1 -1 -1 -1 -1 -1 -1 -1 -1 -1 -1 3 3
3 3 3 -1 -1 -1 -1 -1 -1 -1 -1 -1 -1 -1 3 3 3
3 3 3 3 3 -1 -1 -1 -1 -1 -1 -1 3 3 3 3 3
3 3 3 3 3 3 3 3 -1 3 3 3 3 3 3 3 3
14:14:07.607459 - stdout  :: 1 0
14:14:07.633571 - stdin   :: 39 62 0 0
21 23
6 14
39 62
9 48
3 3 3 3 3 3 3 3 0 3 3 3 3 3 3 3 3
3 3 3 3 3 -1 -1 0 0 0 0 -1 3 3 3 3 3
3 3 3 -1 -1 -1 -1 0 0 0 0 -1 -1 -1 3 3 3
3 3 -1 -1 -1 -1 -1 0 0 0 -1 -1 -1 -1 -1 3 3
3 3 -1 -1 -1 -1 0 0 0 -1 -1 -1 -1 -1 -1 3 3
3 -1 -1 -1 -1 -1 0 0 0 -1 -1 -1 -1 -1 -1 -1 3
3 0 -1 -1 -1 -1 0 0 0 -1 -1 -1 -1 -1 -1 -1 3
3 0 -1 0 0 0 0 0 0 -1 -1 -1 -1 -1 -1 -1 3
0 0 0 0 0 0 0 0 0 -1 -1 -1 -1 -1 -1 -1 -1
3 0 0 0 0 0 0 -1 -1 -1 -1 -1 -1 -1 -1 -1 3
3 0 0 0 0 -1 -1 -1 -1 -1 -1 -1 -1 -1 -1 -1 3
3 0 0 0 -1 -1 -1 -1 -1 -1 -1 -1 -1 -1 -1 -1 3
3 3 -1 -1 -1 -1 -1 -1 -1 -1 -1 -1 -1 -1 -1 3 3
3 3 -1 -1 -1 -1 -1 -1 -1 -1 -1 -1 -1 -1 -1 3 3
3 3 3 -1 -1 -1 -1 -1 -1 -1 -1 -1 -1 -1 3 3 3
3 3 3 3 3 -1 -1 -1 -1 -1 -1 -1 3 3 3 3 3
3 3 3 3 3 3 3 3 -1 3 3 3 3 3 3 3 3
14:14:07.635957 - stdout  :: 1 0
14:14:07.682593 - stdin   :: 39 62 0 0
20 25
3 25
39 62
9 48
3 3 3 3 3 3 3 3 0 3 3 3 3 3 3 3 3
3 3 3 3 3 -1 -1 0 0 0 0 -1 3 3 3 3 3
3 3 3 -1 -1 -1 -1 0 0 0 0 -1 -1 -1 3 3 3
3 3 -1 -1 -1 -1 -1 0 0 0 -1 -1 -1 -1 -1 3 3
3 3 -1 -1 -1 -1 0 0 0 -1 -1 -1 -1 -1 -1 3 3
3 -1 -1 -1 -1 -1 0 0 0 -1 -1 -1 -1 -1 -1 -1 3
3 0 -1 -1 -1 -1 0 0 0 -1 -1 -1 -1 -1 -1 -1 3
3 0 -1 0 0 0 0 0 0 -1 -1 -1 -1 -1 -1 -1 3
0 0 0 0 0 0 0 0 0 -1 -1 -1 -1 -1 -1 -1 -1
3 0 0 0 0 0 0 -1 -1 -1 -1 -1 -1 -1 -1 -1 3
3 0 0 0 0 -1 -1 -1 -1 -1 -1 -1 -1 -1 -1 -1 3
3 0 0 0 -1 -1 -1 -1 -1 -1 -1 -1 -1 -1 -1 -1 3
3 3 -1 -1 -1 -1 -1 -1 -1 -1 -1 -1 -1 -1 -1 3 3
3 3 -1 -1 -1 -1 -1 -1 -1 -1 -1 -1 -1 -1 -1 3 3
3 3 3 -1 -1 -1 -1 -1 -1 -1 -1 -1 -1 -1 3 3 3
3 3 3 3 3 -1 -1 -1 -1 -1 -1 -1 3 3 3 3 3
3 3 3 3 3 3 3 3 -1 3 3 3 3 3 3 3 3
14:14:07.684887 - stdout  :: 1 0
14:14:07.707556 - stdin   :: 39 62 0 0
20 26
9 37
39 62
9 48
3 3 3 3 3 3 3 3 0 3 3 3 3 3 3 3 3
3 3 3 3 3 -1 -1 0 0 0 0 -1 3 3 3 3 3
3 3 3 -1 -1 -1 -1 0 0 0 0 -1 -1 -1 3 3 3
3 3 -1 -1 -1 -1 -1 0 0 0 -1 -1 -1 -1 -1 3 3
3 3 -1 -1 -1 -1 0 0 0 -1 -1 -1 -1 -1 -1 3 3
3 -1 -1 -1 -1 -1 0 0 0 -1 -1 -1 -1 -1 -1 -1 3
3 0 -1 -1 -1 -1 0 0 0 -1 -1 -1 -1 -1 -1 -1 3
3 0 -1 0 0 0 0 0 0 -1 -1 -1 -1 -1 -1 -1 3
0 0 0 0 0 0 0 0 0 -1 -1 -1 -1 -1 -1 -1 -1
3 0 0 0 0 0 0 -1 -1 -1 -1 -1 -1 -1 -1 -1 3
3 0 0 0 0 -1 -1 -1 -1 -1 -1 -1 -1 -1 -1 -1 3
3 0 0 0 -1 -1 -1 -1 -1 -1 -1 -1 -1 -1 -1 -1 3
3 3 -1 -1 -1 -1 -1 -1 -1 -1 -1 -1 -1 -1 -1 3 3
3 3 -1 -1 -1 -1 -1 -1 -1 -1 -1 -1 -1 -1 -1 3 3
3 3 3 -1 -1 -1 -1 -1 -1 -1 -1 -1 -1 -1 3 3 3
3 3 3 3 3 -1 -1 -1 -1 -1 -1 -1 3 3 3 3 3
3 3 3 3 3 3 3 3 -1 3 3 3 3 3 3 3 3
14:14:07.710224 - stdout  :: 1 0
14:14:07.762553 - stdin   :: 39 62 0 0
20 31
11 38
39 62
9 48
3 3 3 3 3 3 3 3 0 3 3 3 3 3 3 3 3
3 3 3 3 3 -1 -1 0 0 0 0 -1 3 3 3 3 3
3 3 3 -1 -1 -1 -1 0 0 0 0 -1 -1 -1 3 3 3
3 3 -1 -1 -1 -1 -1 0 0 0 -1 -1 -1 -1 -1 3 3
3 3 -1 -1 -1 -1 0 0 0 -1 -1 -1 -1 -1 -1 3 3
3 -1 -1 -1 -1 -1 0 0 0 -1 -1 -1 -1 -1 -1 -1 3
3 0 -1 -1 -1 -1 0 0 0 -1 -1 -1 -1 -1 -1 -1 3
3 0 -1 0 0 0 0 0 0 -1 -1 -1 -1 -1 -1 -1 3
0 0 0 0 0 0 0 0 0 -1 -1 -1 -1 -1 -1 -1 -1
3 0 0 0 0 0 0 -1 -1 -1 -1 -1 -1 -1 -1 -1 3
3 0 0 0 0 -1 -1 -1 -1 -1 -1 -1 -1 -1 -1 -1 3
3 0 0 0 -1 -1 -1 -1 -1 -1 -1 -1 -1 -1 -1 -1 3
3 3 -1 -1 -1 -1 -1 -1 -1 -1 -1 -1 -1 -1 -1 3 3
3 3 -1 -1 -1 -1 -1 -1 -1 -1 -1 -1 -1 -1 -1 3 3
3 3 3 -1 -1 -1 -1 -1 -1 -1 -1 -1 -1 -1 3 3 3
3 3 3 3 3 -1 -1 -1 -1 -1 -1 -1 3 3 3 3 3
3 3 3 3 3 3 3 3 -1 3 3 3 3 3 3 3 3
14:14:07.764964 - stdout  :: 1 0
14:14:07.824831 - stdin   :: 39 62 0 0
20 37
7 32
39 62
9 48
3 3 3 3 3 3 3 3 0 3 3 3 3 3 3 3 3
3 3 3 3 3 -1 -1 0 0 0 0 -1 3 3 3 3 3
3 3 3 -1 -1 -1 -1 0 0 0 0 -1 -1 -1 3 3 3
3 3 -1 -1 -1 -1 -1 0 0 0 -1 -1 -1 -1 -1 3 3
3 3 -1 -1 -1 -1 0 0 0 -1 -1 -1 -1 -1 -1 3 3
3 -1 -1 -1 -1 -1 0 0 0 -1 -1 -1 -1 -1 -1 -1 3
3 0 -1 -1 -1 -1 0 0 0 -1 -1 -1 -1 -1 -1 -1 3
3 0 -1 0 0 0 0 0 0 -1 -1 -1 -1 -1 -1 -1 3
0 0 0 0 0 0 0 0 0 -1 -1 -1 -1 -1 -1 -1 -1
3 0 0 0 0 0 0 -1 -1 -1 -1 -1 -1 -1 -1 -1 3
3 0 0 0 0 -1 -1 -1 -1 -1 -1 -1 -1 -1 -1 -1 3
3 0 0 0 -1 -1 -1 -1 -1 -1 -1 -1 -1 -1 -1 -1 3
3 3 -1 -1 -1 -1 -1 -1 -1 -1 -1 -1 -1 -1 -1 3 3
3 3 -1 -1 -1 -1 -1 -1 -1 -1 -1 -1 -1 -1 -1 3 3
3 3 3 -1 -1 -1 -1 -1 -1 -1 -1 -1 -1 -1 3 3 3
3 3 3 3 3 -1 -1 -1 -1 -1 -1 -1 3 3 3 3 3
3 3 3 3 3 3 3 3 -1 3 3 3 3 3 3 3 3
14:14:07.828199 - stdout  :: 1 0
14:14:07.909748 - stdin   :: 39 62 0 0
23 41
4 20
39 62
9 48
3 3 3 3 3 3 3 3 0 3 3 3 3 3 3 3 3
3 3 3 3 3 -1 -1 0 0 0 0 -1 3 3 3 3 3
3 3 3 -1 -1 -1 -1 0 0 0 0 -1 -1 -1 3 3 3
3 3 -1 -1 -1 -1 -1 0 0 0 -1 -1 -1 -1 -1 3 3
3 3 -1 -1 -1 -1 0 0 0 -1 -1 -1 -1 -1 -1 3 3
3 -1 -1 -1 -1 -1 0 0 0 -1 -1 -1 -1 -1 -1 -1 3
3 0 -1 -1 -1 -1 0 0 0 -1 -1 -1 -1 -1 -1 -1 3
3 0 -1 0 0 0 0 0 0 -1 -1 -1 -1 -1 -1 -1 3
0 0 0 0 0 0 0 0 0 -1 -1 -1 -1 -1 -1 -1 -1
3 0 0 0 0 0 0 -1 -1 -1 -1 -1 -1 -1 -1 -1 3
3 0 0 0 0 -1 -1 -1 -1 -1 -1 -1 -1 -1 -1 -1 3
3 0 0 0 -1 -1 -1 -1 -1 -1 -1 -1 -1 -1 -1 -1 3
3 3 -1 -1 -1 -1 -1 -1 -1 -1 -1 -1 -1 -1 -1 3 3
3 3 -1 -1 -1 -1 -1 -1 -1 -1 -1 -1 -1 -1 -1 3 3
3 3 3 -1 -1 -1 -1 -1 -1 -1 -1 -1 -1 -1 3 3 3
3 3 3 3 3 -1 -1 -1 -1 -1 -1 -1 3 3 3 3 3
3 3 3 3 3 3 3 3 -1 3 3 3 3 3 3 3 3
14:14:07.912718 - stdout  :: 1 0
14:14:07.968952 - stdin   :: 39 62 0 0
29 35
5 15
39 62
9 48
3 3 3 3 3 3 3 3 0 3 3 3 3 3 3 3 3
3 3 3 3 3 -1 -1 0 0 0 0 -1 3 3 3 3 3
3 3 3 -1 -1 -1 -1 0 0 0 0 -1 -1 -1 3 3 3
3 3 -1 -1 -1 -1 -1 0 0 0 -1 -1 -1 -1 -1 3 3
3 3 -1 -1 -1 -1 0 0 0 -1 -1 -1 -1 -1 -1 3 3
3 -1 -1 -1 -1 -1 0 0 0 -1 -1 -1 -1 -1 -1 -1 3
3 0 -1 -1 -1 -1 0 0 0 -1 -1 -1 -1 -1 -1 -1 3
3 0 -1 0 0 0 0 0 0 -1 -1 -1 -1 -1 -1 -1 3
0 0 0 0 0 0 0 0 0 -1 -1 -1 -1 -1 -1 -1 -1
3 0 0 0 0 0 0 -1 -1 -1 -1 -1 -1 -1 -1 -1 3
3 0 0 0 0 -1 -1 -1 -1 -1 -1 -1 -1 -1 -1 -1 3
3 0 0 0 -1 -1 -1 -1 -1 -1 -1 -1 -1 -1 -1 -1 3
3 3 -1 -1 -1 -1 -1 -1 -1 -1 -1 -1 -1 -1 -1 3 3
3 3 -1 -1 -1 -1 -1 -1 -1 -1 -1 -1 -1 -1 -1 3 3
3 3 3 -1 -1 -1 -1 -1 -1 -1 -1 -1 -1 -1 3 3 3
3 3 3 3 3 -1 -1 -1 -1 -1 -1 -1 3 3 3 3 3
3 3 3 3 3 3 3 3 -1 3 3 3 3 3 3 3 3
14:14:07.971247 - stdout  :: 1 0
14:14:07.996121 - stdin   :: 39 62 0 0
30 34
5 19
39 62
9 48
3 3 3 3 3 3 3 3 0 3 3 3 3 3 3 3 3
3 3 3 3 3 -1 -1 0 0 0 0 -1 3 3 3 3 3
3 3 3 -1 -1 -1 -1 0 0 0 0 -1 -1 -1 3 3 3
3 3 -1 -1 -1 -1 -1 0 0 0 -1 -1 -1 -1 -1 3 3
3 3 -1 -1 -1 -1 0 0 0 -1 -1 -1 -1 -1 -1 3 3
3 -1 -1 -1 -1 -1 0 0 0 -1 -1 -1 -1 -1 -1 -1 3
3 0 -1 -1 -1 -1 0 0 0 -1 -1 -1 -1 -1 -1 -1 3
3 0 -1 0 0 0 0 0 0 -1 -1 -1 -1 -1 -1 -1 3
0 0 0 0 0 0 0 0 0 -1 -1 -1 -1 -1 -1 -1 -1
3 0 0 0 0 0 0 -1 -1 -1 -1 -1 -1 -1 -1 -1 3
3 0 0 0 0 -1 -1 -1 -1 -1 -1 -1 -1 -1 -1 -1 3
3 0 0 0 -1 -1 -1 -1 -1 -1 -1 -1 -1 -1 -1 -1 3
3 3 -1 -1 -1 -1 -1 -1 -1 -1 -1 -1 -1 -1 -1 3 3
3 3 -1 -1 -1 -1 -1 -1 -1 -1 -1 -1 -1 -1 -1 3 3
3 3 3 -1 -1 -1 -1 -1 -1 -1 -1 -1 -1 -1 3 3 3
3 3 3 3 3 -1 -1 -1 -1 -1 -1 -1 3 3 3 3 3
3 3 3 3 3 3 3 3 -1 3 3 3 3 3 3 3 3
14:14:07.999313 - stdout  :: 1 0
14:14:08.056554 - stdin   :: 39 62 0 0
30 39
2 24
39 62
9 48
3 3 3 3 3 3 3 3 0 3 3 3 3 3 3 3 3
3 3 3 3 3 -1 -1 0 0 0 0 -1 3 3 3 3 3
3 3 3 -1 -1 -1 -1 0 0 0 0 -1 -1 -1 3 3 3
3 3 -1 -1 -1 -1 -1 0 0 0 -1 -1 -1 -1 -1 3 3
3 3 -1 -1 -1 -1 0 0 0 -1 -1 -1 -1 -1 -1 3 3
3 -1 -1 -1 -1 -1 0 0 0 -1 -1 -1 -1 -1 -1 -1 3
3 0 -1 -1 -1 -1 0 0 0 -1 -1 -1 -1 -1 -1 -1 3
3 0 -1 0 0 0 0 0 0 -1 -1 -1 -1 -1 -1 -1 3
0 0 0 0 0 0 0 0 0 -1 -1 -1 -1 -1 -1 -1 -1
3 0 0 0 0 0 0 -1 -1 -1 -1 -1 -1 -1 -1 -1 3
3 0 0 0 0 -1 -1 -1 -1 -1 -1 -1 -1 -1 -1 -1 3
3 0 0 0 -1 -1 -1 -1 -1 -1 -1 -1 -1 -1 -1 -1 3
3 3 -1 -1 -1 -1 -1 -1 -1 -1 -1 -1 -1 -1 -1 3 3
3 3 -1 -1 -1 -1 -1 -1 -1 -1 -1 -1 -1 -1 -1 3 3
3 3 3 -1 -1 -1 -1 -1 -1 -1 -1 -1 -1 -1 3 3 3
3 3 3 3 3 -1 -1 -1 -1 -1 -1 -1 3 3 3 3 3
3 3 3 3 3 3 3 3 -1 3 3 3 3 3 3 3 3
14:14:08.059637 - stdout  :: 1 0
14:14:08.109304 - stdin   :: 39 62 0 0
29 45
6 26
39 62
9 48
3 3 3 3 3 3 3 3 0 3 3 3 3 3 3 3 3
3 3 3 3 3 -1 -1 0 0 0 0 -1 3 3 3 3 3
3 3 3 -1 -1 -1 -1 0 0 0 0 -1 -1 -1 3 3 3
3 3 -1 -1 -1 -1 -1 0 0 0 -1 -1 -1 -1 -1 3 3
3 3 -1 -1 -1 -1 0 0 0 -1 -1 -1 -1 -1 -1 3 3
3 -1 -1 -1 -1 -1 0 0 0 -1 -1 -1 -1 -1 -1 -1 3
3 0 -1 -1 -1 -1 0 0 0 -1 -1 -1 -1 -1 -1 -1 3
3 0 -1 0 0 0 0 0 0 -1 -1 -1 -1 -1 -1 -1 3
0 0 0 0 0 0 0 0 0 -1 -1 -1 -1 -1 -1 -1 -1
3 0 0 0 0 0 0 -1 -1 -1 -1 -1 -1 -1 -1 -1 3
3 0 0 0 0 -1 -1 -1 -1 -1 -1 -1 -1 -1 -1 -1 3
3 0 0 0 -1 -1 -1 -1 -1 -1 -1 -1 -1 -1 -1 -1 3
3 3 -1 -1 -1 -1 -1 -1 -1 -1 -1 -1 -1 -1 -1 3 3
3 3 -1 -1 -1 -1 -1 -1 -1 -1 -1 -1 -1 -1 -1 3 3
3 3 3 -1 -1 -1 -1 -1 -1 -1 -1 -1 -1 -1 3 3 3
3 3 3 3 3 -1 -1 -1 -1 -1 -1 -1 3 3 3 3 3
3 3 3 3 3 3 3 3 -1 3 3 3 3 3 3 3 3
14:14:08.111498 - stdout  :: 1 0
14:14:08.160707 - stdin   :: 39 62 0 0
23 49
7 34
39 62
9 48
3 3 3 3 3 3 3 3 0 3 3 3 3 3 3 3 3
3 3 3 3 3 -1 -1 0 0 0 0 -1 3 3 3 3 3
3 3 3 -1 -1 -1 -1 0 0 0 0 -1 -1 -1 3 3 3
3 3 -1 -1 -1 -1 -1 0 0 0 -1 -1 -1 -1 -1 3 3
3 3 -1 -1 -1 -1 0 0 0 -1 -1 -1 -1 -1 -1 3 3
3 -1 -1 -1 -1 -1 0 0 0 -1 -1 -1 -1 -1 -1 -1 3
3 0 -1 -1 -1 -1 0 0 0 -1 -1 -1 -1 -1 -1 -1 3
3 0 -1 0 0 0 0 0 0 -1 -1 -1 -1 -1 -1 -1 3
0 0 0 0 0 0 0 0 0 -1 -1 -1 -1 -1 -1 -1 -1
3 0 0 0 0 0 0 -1 -1 -1 -1 -1 -1 -1 -1 -1 3
3 0 0 0 0 -1 -1 -1 -1 -1 -1 -1 -1 -1 -1 -1 3
3 0 0 0 -1 -1 -1 -1 -1 -1 -1 -1 -1 -1 -1 -1 3
3 3 -1 -1 -1 -1 -1 -1 -1 -1 -1 -1 -1 -1 -1 3 3
3 3 -1 -1 -1 -1 -1 -1 -1 -1 -1 -1 -1 -1 -1 3 3
3 3 3 -1 -1 -1 -1 -1 -1 -1 -1 -1 -1 -1 3 3 3
3 3 3 3 3 -1 -1 -1 -1 -1 -1 -1 3 3 3 3 3
3 3 3 3 3 3 3 3 -1 3 3 3 3 3 3 3 3
14:14:08.163137 - stdout  :: 1 0
14:14:08.220207 - stdin   :: 39 62 0 0
17 49
9 38
39 62
9 48
3 3 3 3 3 3 3 3 0 3 3 3 3 3 3 3 3
3 3 3 3 3 -1 -1 0 0 0 0 -1 3 3 3 3 3
3 3 3 -1 -1 -1 -1 0 0 0 0 -1 -1 -1 3 3 3
3 3 -1 -1 -1 -1 -1 0 0 0 -1 -1 -1 -1 -1 3 3
3 3 -1 -1 -1 -1 0 0 0 -1 -1 -1 -1 -1 -1 3 3
3 -1 -1 -1 -1 -1 0 0 0 -1 -1 -1 -1 -1 -1 -1 3
3 0 -1 -1 -1 -1 0 0 0 -1 -1 -1 -1 -1 -1 -1 3
3 0 -1 0 0 0 0 0 0 -1 -1 -1 -1 -1 -1 -1 3
0 0 0 0 0 0 0 0 0 -1 -1 -1 -1 -1 -1 -1 -1
3 0 0 0 0 0 0 -1 -1 -1 -1 -1 -1 -1 -1 -1 3
3 0 0 0 0 -1 -1 -1 -1 -1 -1 -1 -1 -1 -1 -1 3
3 0 0 0 -1 -1 -1 -1 -1 -1 -1 -1 -1 -1 -1 -1 3
3 3 -1 -1 -1 -1 -1 -1 -1 -1 -1 -1 -1 -1 -1 3 3
3 3 -1 -1 -1 -1 -1 -1 -1 -1 -1 -1 -1 -1 -1 3 3
3 3 3 -1 -1 -1 -1 -1 -1 -1 -1 -1 -1 -1 3 3 3
3 3 3 3 3 -1 -1 -1 -1 -1 -1 -1 3 3 3 3 3
3 3 3 3 3 3 3 3 -1 3 3 3 3 3 3 3 3
14:14:08.222458 - stdout  :: 1 0
14:14:08.284121 - stdin   :: 39 62 0 0
11 49
11 36
39 62
9 48
3 3 3 3 3 3 3 3 0 3 3 3 3 3 3 3 3
3 3 3 3 3 -1 -1 0 0 0 0 -1 3 3 3 3 3
3 3 3 -1 -1 -1 -1 0 0 0 0 -1 -1 -1 3 3 3
3 3 -1 -1 -1 -1 -1 0 0 0 -1 -1 -1 -1 -1 3 3
3 3 -1 -1 -1 -1 0 0 0 -1 -1 -1 -1 -1 -1 3 3
3 -1 -1 -1 -1 -1 0 0 0 -1 -1 -1 -1 -1 -1 -1 3
3 0 -1 -1 -1 -1 0 0 0 -1 -1 -1 -1 -1 -1 -1 3
3 0 -1 0 0 0 0 0 0 -1 -1 -1 -1 -1 -1 -1 3
0 0 0 0 0 0 0 0 0 -1 -1 -1 -1 -1 -1 -1 -1
3 0 0 0 0 0 0 -1 -1 -1 -1 -1 -1 -1 -1 -1 3
3 0 0 0 0 -1 -1 -1 -1 -1 -1 -1 -1 -1 -1 -1 3
3 0 0 0 -1 -1 -1 -1 -1 -1 -1 -1 -1 -1 -1 -1 3
3 3 -1 -1 -1 -1 -1 -1 -1 -1 -1 -1 -1 -1 -1 3 3
3 3 -1 -1 -1 -1 -1 -1 -1 -1 -1 -1 -1 -1 -1 3 3
3 3 3 -1 -1 -1 -1 -1 -1 -1 -1 -1 -1 -1 3 3 3
3 3 3 3 3 -1 -1 -1 -1 -1 -1 -1 3 3 3 3 3
3 3 3 3 3 3 3 3 -1 3 3 3 3 3 3 3 3
14:14:08.286375 - stdout  :: 1 0
14:14:08.305506 - stdin   :: ~~~END~~~
14:14:08.306244 - control :: Server has terminated, no more data.
