19:17:34.700362 - control :: Starting bot process.
19:17:34.817081 - control :: Bot has initialised, connecting to server.
19:17:34.820397 - stdin   :: 40 60 4 5
19:17:34.829615 - stdin   :: 16 53 0 0
15 50
15 52
16 51
16 53
3 3 3 3 3 -1 3 3 3 3 3
3 3 0 0 0 -1 -1 -1 -1 3 3
3 0 0 0 0 -1 -1 -1 -1 -1 3
3 -1 0 0 0 0 -1 -1 -1 -1 3
3 -1 0 0 0 0 -1 -1 -1 -1 3
-1 -1 1 1 1 1 -1 -1 -1 -1 -1
3 -1 -1 -1 -1 -1 -1 -1 -1 -1 3
3 -1 -1 -1 -1 -1 -1 -1 -1 -1 3
3 -1 -1 -1 -1 -1 -1 -1 -1 -1 3
3 3 -1 -1 100 100 100 100 -1 3 3
3 3 3 3 3 100 3 3 3 3 3
19:17:34.830594 - stdout  :: 0 -1
19:17:34.837445 - stdin   :: 16 52 0 -1
14 50
14 53
16 50
16 52
3 3 3 3 3 -1 3 3 3 3 3
3 3 0 0 0 0 -1 -1 -1 3 3
3 -1 0 0 0 0 -1 -1 -1 -1 3
3 -1 -1 0 0 0 0 -1 -1 -1 3
3 -1 -1 0 0 0 0 -1 -1 -1 3
-1 -1 -1 1 1 1 1 -1 -1 -1 -1
3 -1 -1 -1 -1 -1 -1 -1 -1 -1 3
3 -1 -1 -1 -1 -1 -1 -1 -1 -1 3
3 -1 -1 -1 -1 -1 -1 -1 -1 -1 3
3 3 -1 -1 -1 100 100 100 100 3 3
3 3 3 3 3 100 3 3 3 3 3
19:17:34.838092 - stdout  :: -1 0
19:17:34.845396 - stdin   :: 15 51 -1 -1
13 49
14 53
15 50
15 51
3 3 3 3 3 0 3 3 3 3 3
3 3 0 0 92 0 -1 -1 -1 3 3
3 -1 0 0 0 0 0 -1 -1 -1 3
3 -1 -1 0 0 0 0 -1 -1 -1 3
3 -1 -1 -1 0 0 0 0 -1 -1 3
-1 -1 -1 -1 0 0 0 0 -1 -1 -1
3 -1 -1 -1 1 1 1 1 -1 -1 3
3 -1 -1 -1 -1 -1 -1 -1 -1 -1 3
3 -1 -1 -1 -1 -1 -1 -1 -1 -1 3
3 3 -1 -1 -1 -1 -1 -1 -1 3 3
3 3 3 3 3 -1 3 3 3 3 3
19:17:34.846283 - stdout  :: 0 0
19:17:34.853617 - stdin   :: 14 50 -1 -1
12 48
15 52
15 51
14 50
3 3 3 3 3 0 3 3 3 3 3
3 3 0 0 0 0 0 -1 -1 3 3
3 -1 -1 0 0 92 0 -1 -1 -1 3
3 -1 -1 0 0 0 0 0 -1 -1 3
3 -1 -1 -1 0 0 0 0 -1 -1 3
-1 -1 -1 -1 -1 0 0 0 0 -1 -1
3 -1 -1 -1 -1 0 0 0 0 -1 3
3 -1 -1 -1 -1 1 1 1 1 -1 3
3 -1 -1 -1 -1 -1 -1 -1 -1 -1 3
3 3 -1 -1 -1 -1 -1 -1 -1 3 3
3 3 3 3 3 -1 3 3 3 3 3
19:17:34.854405 - stdout  :: 0 1
19:17:34.860928 - stdin   :: 13 50 -1 0
11 48
16 51
15 52
13 50
3 3 3 3 3 0 3 3 3 3 3
3 3 0 0 0 0 -1 -1 -1 3 3
3 -1 0 0 0 0 0 -1 -1 -1 3
3 -1 -1 0 0 92 0 -1 -1 -1 3
3 -1 -1 0 0 0 0 0 -1 -1 3
-1 -1 -1 -1 0 0 0 0 -1 -1 -1
3 -1 -1 -1 -1 0 0 0 0 -1 3
3 -1 -1 -1 -1 0 0 0 0 -1 3
3 -1 -1 -1 -1 1 1 1 1 -1 3
3 3 -1 -1 -1 -1 -1 -1 -1 3 3
3 3 3 3 3 -1 3 3 3 3 3
19:17:34.861694 - stdout  :: 0 -1
19:17:34.868065 - stdin   :: 12 49 -1 -1
10 47
16 50
15 53
12 49
3 3 3 3 3 0 3 3 3 3 3
3 3 0 0 0 0 0 -1 -1 3 3
3 -1 -1 0 0 0 0 -1 -1 -1 3
3 -1 -1 0 0 0 0 0 -1 -1 3
3 -1 -1 -1 0 0 92 0 -1 -1 3
-1 -1 -1 -1 0 0 0 0 0 -1 -1
3 -1 -1 -1 -1 0 0 0 0 -1 3
3 -1 -1 -1 -1 -1 0 0 0 0 3
3 -1 -1 -1 -1 -1 0 0 0 0 3
3 3 -1 -1 -1 -1 1 1 1 3 3
3 3 3 3 3 -1 3 3 3 3 3
19:17:34.868866 - stdout  :: 0 1
19:17:34.875132 - stdin   :: 11 49 -1 0
9 47
15 50
16 53
11 49
3 3 3 3 3 -1 3 3 3 3 3
3 3 0 0 0 0 -1 -1 -1 3 3
3 0 0 0 0 0 0 -1 -1 -1 3
3 -1 -1 0 0 0 0 -1 -1 -1 3
3 -1 -1 0 0 0 0 0 -1 -1 3
-1 -1 -1 -1 0 0 92 0 -1 -1 -1
3 -1 -1 -1 0 0 0 0 0 -1 3
3 -1 -1 -1 -1 0 0 0 0 -1 3
3 -1 -1 -1 -1 -1 0 0 0 0 3
3 3 -1 -1 -1 -1 0 0 0 3 3
3 3 3 3 3 -1 3 3 3 3 3
19:17:34.875867 - stdout  :: 0 -1
19:17:34.884363 - stdin   :: 10 48 -1 -1
8 46
14 50
16 53
10 48
3 3 3 3 3 -1 3 3 3 3 3
3 3 0 0 0 0 -1 -1 -1 3 3
3 0 0 0 0 0 0 -1 -1 -1 3
3 -1 0 0 0 0 0 0 -1 -1 3
3 -1 -1 -1 0 0 0 0 -1 -1 3
-1 -1 -1 -1 0 0 0 0 0 -1 -1
3 -1 -1 -1 -1 0 0 92 0 -1 3
3 -1 -1 -1 -1 0 0 0 0 0 3
3 -1 -1 -1 -1 -1 0 0 0 0 3
3 3 -1 -1 -1 -1 -1 0 0 3 3
3 3 3 3 3 -1 3 3 3 3 3
19:17:34.885180 - stdout  :: 0 0
19:17:34.891321 - stdin   :: 9 47 -1 -1
7 45
13 50
15 53
9 47
3 3 3 3 3 -1 3 3 3 3 3
3 3 0 0 0 0 -1 -1 -1 3 3
3 0 0 0 0 0 0 -1 -1 -1 3
3 0 0 0 0 0 0 0 -1 -1 3
3 -1 -1 0 0 0 0 0 0 -1 3
-1 -1 -1 -1 -1 0 0 0 0 -1 -1
3 -1 -1 -1 -1 0 0 0 0 0 3
3 -1 -1 -1 -1 -1 0 0 92 0 3
3 -1 -1 -1 -1 -1 0 0 0 0 3
3 3 -1 -1 -1 -1 -1 0 0 3 3
3 3 3 3 3 -1 3 3 3 3 3
19:17:34.892182 - stdout  :: 0 0
19:17:34.898437 - stdin   :: 8 46 -1 -1
6 44
12 50
14 53
8 46
3 3 3 3 3 -1 3 3 3 3 3
3 3 0 0 -1 -1 -1 -1 -1 3 3
3 0 0 0 0 0 0 -1 -1 -1 3
3 0 0 0 0 0 0 0 -1 -1 3
3 0 0 0 0 0 0 0 0 -1 3
0 0 -1 -1 0 0 0 0 0 0 -1
3 -1 -1 -1 -1 -1 0 0 0 0 3
3 -1 -1 -1 -1 -1 0 0 0 0 3
3 -1 -1 -1 -1 -1 -1 0 0 92 3
3 3 -1 -1 -1 -1 -1 0 0 3 3
3 3 3 3 3 -1 3 3 3 3 3
19:17:34.899515 - stdout  :: 1 0
19:17:34.905200 - stdin   :: 8 45 0 -1
6 43
11 50
14 52
8 45
3 3 3 3 3 -1 3 3 3 3 3
3 3 0 0 0 -1 -1 -1 -1 3 3
3 0 0 0 0 0 0 0 -1 -1 3
3 0 0 0 0 0 0 0 0 -1 3
3 0 0 0 0 0 0 0 0 0 3
91 0 0 -1 -1 0 0 0 0 0 0
3 0 -1 -1 -1 -1 -1 0 0 0 3
3 -1 -1 -1 -1 -1 -1 0 0 0 3
3 -1 -1 -1 -1 -1 -1 -1 0 0 3
3 3 -1 -1 -1 -1 -1 -1 0 3 3
3 3 3 3 3 -1 3 3 3 3 3
19:17:34.905856 - stdout  :: -1 0
19:17:34.914518 - stdin   :: 7 44 -1 -1
7 42
11 49
14 51
7 44
3 3 3 3 3 -1 3 3 3 3 3
3 3 -1 -1 -1 -1 -1 -1 -1 3 3
3 -1 0 0 0 0 -1 -1 -1 -1 3
3 0 0 0 0 0 0 0 0 -1 3
3 0 0 0 0 0 0 0 0 0 3
0 0 0 0 0 0 0 0 0 0 0
3 91 0 0 -1 -1 0 0 0 0 3
3 0 0 -1 -1 -1 -1 -1 0 0 3
3 -1 -1 -1 -1 -1 -1 -1 0 0 3
3 3 -1 -1 -1 -1 -1 -1 -1 3 3
3 3 3 3 3 -1 3 3 3 3 3
19:17:34.915175 - stdout  :: 1 0
19:17:34.920837 - stdin   :: 7 43 0 -1
8 41
11 48
14 50
7 43
3 3 3 3 3 -1 3 3 3 3 3
3 3 -1 -1 -1 -1 -1 -1 -1 3 3
3 -1 -1 0 0 0 0 -1 -1 -1 3
3 -1 0 0 0 0 0 0 0 0 3
3 0 0 0 0 0 0 0 0 0 3
0 0 0 0 0 0 0 0 0 0 0
3 0 91 0 0 -1 -1 0 0 0 3
3 0 0 0 -1 -1 -1 -1 -1 0 3
3 0 -1 -1 -1 -1 -1 -1 -1 0 3
3 3 -1 -1 -1 -1 -1 -1 -1 3 3
3 3 3 3 3 -1 3 3 3 3 3
19:17:34.921508 - stdout  :: 1 0
19:17:34.927435 - stdin   :: 8 42 1 -1
8 40
10 47
13 50
8 42
3 3 3 3 3 -1 3 3 3 3 3
3 3 -1 -1 0 0 0 0 -1 3 3
3 -1 -1 0 0 0 0 0 0 0 3
3 -1 0 0 0 0 0 0 0 0 3
3 0 0 0 0 0 0 0 0 0 3
0 0 0 91 0 0 -1 -1 0 0 0
3 0 0 0 0 -1 -1 -1 -1 -1 3
3 0 0 -1 -1 -1 -1 -1 -1 -1 3
3 -1 -1 -1 -1 -1 -1 -1 -1 -1 3
3 3 -1 -1 -1 -1 -1 -1 -1 3 3
3 3 3 3 3 -1 3 3 3 3 3
19:17:34.928120 - stdout  :: 0 0
19:17:34.935069 - stdin   :: 9 41 1 -1
8 40
8 46
13 51
9 41
3 3 3 3 3 0 3 3 3 3 3
3 3 -1 -1 0 0 0 0 0 3 3
3 -1 -1 0 0 0 0 0 0 0 3
3 0 0 0 0 0 0 0 0 0 3
3 0 0 0 91 0 0 -1 -1 0 3
0 0 0 0 0 0 -1 -1 -1 -1 -1
3 0 0 0 -1 -1 -1 -1 -1 -1 3
3 -1 -1 -1 -1 -1 -1 -1 -1 -1 3
3 -1 -1 -1 -1 -1 -1 -1 -1 -1 3
3 3 -1 -1 -1 -1 -1 -1 -1 3 3
3 3 3 3 3 0 3 3 3 3 3
19:17:34.935801 - stdout  :: -1 0
19:17:34.941748 - stdin   :: 9 40 0 -1
7 39
6 45
13 52
9 40
3 3 3 3 3 -1 3 3 3 3 3
3 3 -1 -1 -1 0 0 0 0 3 3
3 -1 -1 -1 0 0 0 0 0 0 3
3 -1 0 0 0 0 0 0 0 0 3
3 0 0 0 0 91 0 0 -1 -1 3
0 0 0 0 0 0 0 -1 -1 -1 -1
3 0 0 0 0 -1 -1 -1 -1 -1 3
3 0 -1 -1 -1 -1 -1 -1 -1 -1 3
3 -1 -1 -1 -1 -1 -1 -1 -1 -1 3
3 3 -1 -1 -1 -1 -1 -1 -1 3 3
3 3 3 3 3 0 3 3 3 3 3
19:17:34.942545 - stdout  :: 1 0
19:17:34.948407 - stdin   :: 10 39 1 -1
7 38
4 44
12 52
10 39
3 3 3 3 3 -1 3 3 3 3 3
3 3 -1 -1 -1 0 0 0 0 3 3
3 -1 -1 0 0 0 0 0 0 0 3
3 0 0 0 0 0 91 0 0 -1 3
3 0 0 0 0 0 0 0 -1 -1 3
0 0 0 0 0 0 -1 -1 -1 -1 -1
3 0 0 -1 -1 -1 -1 -1 -1 -1 3
3 0 -1 -1 -1 -1 -1 -1 -1 -1 3
3 0 -1 -1 -1 -1 -1 -1 -1 -1 3
3 3 0 0 0 0 0 0 0 3 3
3 3 3 3 3 0 3 3 3 3 3
19:17:34.949157 - stdout  :: -1 0
19:17:34.955239 - stdin   :: 10 38 0 -1
8 37
4 44
12 51
10 38
3 3 3 3 3 -1 3 3 3 3 3
3 3 -1 -1 -1 -1 0 0 0 3 3
3 -1 -1 -1 0 0 0 0 0 0 3
3 -1 0 0 0 0 0 91 0 0 3
3 0 0 0 0 0 0 0 0 -1 3
0 0 0 0 0 0 0 -1 -1 -1 -1
3 0 0 0 -1 -1 -1 -1 -1 -1 3
3 0 0 -1 -1 -1 -1 -1 -1 -1 3
3 0 0 -1 -1 -1 -1 -1 -1 -1 3
3 3 0 0 0 0 0 0 0 3 3
3 3 3 3 3 0 3 3 3 3 3
19:17:34.955942 - stdout  :: 0 0
19:17:34.960979 - stdin   :: 10 37 0 -1
9 36
4 44
12 50
10 37
3 3 3 3 3 -1 3 3 3 3 3
3 3 -1 -1 -1 -1 -1 0 0 3 3
3 -1 -1 -1 -1 0 0 0 0 0 3
3 -1 -1 0 0 0 0 0 91 0 3
3 0 0 0 0 0 0 0 0 0 3
0 0 0 0 0 0 0 0 -1 -1 -1
3 0 0 0 0 -1 -1 -1 -1 -1 3
3 0 0 0 -1 -1 -1 -1 -1 -1 3
3 0 0 0 -1 -1 -1 -1 -1 -1 3
3 3 0 0 0 0 0 0 0 3 3
3 3 3 3 3 0 3 3 3 3 3
19:17:34.961512 - stdout  :: 1 0
19:17:34.966546 - stdin   :: 11 36 1 -1
10 35
4 44
12 49
11 36
3 3 3 3 3 -1 3 3 3 3 3
3 3 -1 -1 -1 -1 0 0 0 3 3
3 -1 -1 -1 0 0 0 0 0 91 3
3 -1 0 0 0 0 0 0 0 0 3
3 0 0 0 0 0 0 0 0 -1 3
-1 0 0 0 0 0 -1 -1 -1 -1 -1
3 0 0 0 0 -1 -1 -1 -1 -1 3
3 0 0 0 0 -1 -1 -1 -1 -1 3
3 0 0 0 0 0 0 0 0 0 3
3 3 0 0 0 0 0 0 0 3 3
3 3 3 3 3 0 3 3 3 3 3
19:17:34.967034 - stdout  :: 0 0
19:17:34.972039 - stdin   :: 12 35 1 -1
11 34
4 44
13 49
12 35
3 3 3 3 3 -1 3 3 3 3 3
3 3 -1 -1 -1 0 0 0 0 3 3
3 0 -1 0 0 0 0 0 0 0 3
3 0 0 0 0 0 0 0 0 0 3
3 -1 0 0 0 0 0 -1 -1 -1 3
-1 0 0 0 0 0 -1 -1 -1 -1 -1
3 0 0 0 0 0 -1 -1 -1 -1 3
3 0 0 0 0 0 0 0 0 0 3
3 0 0 0 0 0 0 0 0 0 3
3 3 0 0 0 0 0 0 0 3 3
3 3 3 3 3 -1 3 3 3 3 3
19:17:34.972545 - stdout  :: 0 1
19:17:34.977518 - stdin   :: 13 35 1 0
12 33
4 44
13 49
13 35
3 3 3 3 3 0 3 3 3 3 3
3 3 -1 0 0 0 0 0 0 3 3
3 0 0 0 0 0 0 0 0 0 3
3 -1 0 0 0 0 0 -1 -1 -1 3
3 0 0 0 0 0 -1 -1 -1 -1 3
-1 0 0 0 0 0 -1 -1 -1 -1 -1
3 0 0 0 0 0 0 0 0 0 3
3 0 0 0 0 0 0 0 0 0 3
3 -1 0 0 0 0 0 0 0 0 3
3 3 -1 -1 -1 -1 -1 -1 -1 3 3
3 3 3 3 3 -1 3 3 3 3 3
19:17:34.978010 - stdout  :: 0 1
19:17:34.983591 - stdin   :: 14 36 1 1
13 33
4 44
12 49
14 36
3 3 3 3 3 0 3 3 3 3 3
3 3 0 0 0 0 0 0 0 3 3
3 0 0 0 0 0 -1 -1 -1 -1 3
3 0 0 0 0 -1 -1 -1 -1 -1 3
3 0 0 0 0 -1 -1 -1 -1 -1 3
0 0 0 0 0 0 0 0 0 0 0
3 0 0 0 0 0 0 0 0 0 3
3 0 0 0 0 0 0 0 0 0 3
3 -1 -1 -1 -1 -1 -1 -1 -1 0 3
3 3 -1 -1 -1 -1 -1 -1 -1 3 3
3 3 3 3 3 -1 3 3 3 3 3
19:17:34.984061 - stdout  :: 0 0
19:17:34.990324 - stdin   :: 15 37 1 1
14 34
5 45
12 48
15 37
3 3 3 3 3 0 3 3 3 3 3
3 3 0 0 0 -1 -1 -1 -1 3 3
3 0 0 0 -1 -1 -1 -1 -1 -1 3
3 0 0 0 -1 -1 -1 -1 -1 -1 3
3 0 0 0 0 0 0 0 0 0 3
0 0 0 0 0 0 0 0 0 0 0
3 0 0 0 0 0 0 0 0 0 3
3 -1 -1 -1 -1 -1 -1 -1 0 0 3
3 -1 -1 -1 -1 -1 -1 -1 0 0 3
3 3 -1 -1 -1 -1 -1 0 0 3 3
3 3 3 3 3 -1 3 3 3 3 3
19:17:34.990791 - stdout  :: 0 0
19:17:34.996856 - stdin   :: 16 38 1 1
15 35
6 46
11 48
16 38
3 3 3 3 3 -1 3 3 3 3 3
3 3 0 -1 -1 -1 -1 -1 -1 3 3
3 0 0 -1 -1 -1 -1 -1 -1 -1 3
3 0 0 0 0 0 0 0 0 0 3
3 0 0 0 0 0 0 0 0 0 3
0 0 0 0 0 0 0 0 0 0 0
3 -1 -1 -1 -1 -1 -1 0 0 92 3
3 -1 -1 -1 -1 -1 -1 0 0 92 3
3 -1 -1 -1 -1 -1 0 0 0 0 3
3 3 -1 -1 -1 0 0 0 0 3 3
3 3 3 3 3 0 3 3 3 3 3
19:17:34.997335 - stdout  :: -1 0
19:17:35.003500 - stdin   :: 16 39 0 1
15 36
7 47
11 49
16 39
3 3 3 3 3 -1 3 3 3 3 3
3 3 -1 -1 -1 -1 -1 -1 -1 3 3
3 0 -1 -1 -1 -1 -1 -1 -1 -1 3
3 0 0 0 0 0 0 0 0 0 3
3 0 0 0 0 0 0 0 0 0 3
0 0 0 0 0 0 0 0 0 0 0
3 -1 -1 -1 -1 -1 0 0 92 0 3
3 -1 -1 -1 -1 -1 0 0 92 0 3
3 -1 -1 -1 -1 0 0 0 0 0 3
3 3 -1 -1 0 0 0 0 0 3 3
3 3 3 3 3 0 3 3 3 3 3
19:17:35.003955 - stdout  :: 1 0
19:17:35.010176 - stdin   :: 17 40 1 1
14 37
8 48
10 49
17 40
3 3 3 3 3 -1 3 3 3 3 3
3 3 -1 -1 -1 -1 -1 -1 -1 3 3
3 0 0 0 0 0 0 0 0 -1 3
3 0 0 0 0 0 0 0 0 0 3
3 0 0 0 0 0 0 0 0 0 3
-1 -1 -1 -1 -1 0 0 92 0 0 -1
3 -1 -1 -1 -1 0 0 92 0 0 3
3 -1 -1 -1 0 0 0 0 0 0 3
3 -1 -1 0 0 0 0 0 0 0 3
3 3 0 0 0 0 0 0 0 3 3
3 3 3 3 3 0 3 3 3 3 3
19:17:35.010657 - stdout  :: 0 0
19:17:35.016938 - stdin   :: 18 41 1 1
14 38
9 49
10 50
18 41
3 3 3 3 3 -1 3 3 3 3 3
3 3 0 0 0 0 0 0 -1 3 3
3 0 0 0 0 0 0 0 0 -1 3
3 0 0 0 0 0 0 0 0 -1 3
3 -1 -1 -1 0 0 92 0 0 -1 3
-1 -1 -1 -1 0 0 92 0 0 -1 -1
3 -1 -1 0 0 0 0 0 0 -1 3
3 -1 0 0 0 0 0 0 0 -1 3
3 0 0 0 0 0 0 0 -1 -1 3
3 3 0 0 0 0 0 0 -1 3 3
3 3 3 3 3 -1 3 3 3 3 3
19:17:35.017485 - stdout  :: 0 0
19:17:35.023894 - stdin   :: 19 42 1 1
15 39
10 49
10 51
19 42
3 3 3 3 3 0 3 3 3 3 3
3 3 0 0 0 0 0 0 -1 3 3
3 0 0 0 0 0 0 0 -1 -1 3
3 -1 -1 0 0 92 0 0 -1 -1 3
3 -1 -1 0 0 92 0 0 -1 -1 3
-1 -1 0 0 0 0 0 0 -1 -1 -1
3 0 0 0 0 0 0 0 -1 -1 3
3 0 0 0 0 0 0 -1 -1 -1 3
3 0 0 0 0 0 0 -1 -1 -1 3
3 3 0 0 -1 -1 -1 -1 -1 3 3
3 3 3 3 3 -1 3 3 3 3 3
19:17:35.024467 - stdout  :: 0 0
19:17:35.030753 - stdin   :: 20 43 1 1
16 40
11 49
10 51
20 43
3 3 3 3 3 0 3 3 3 3 3
3 3 0 0 0 0 0 -1 -1 3 3
3 -1 0 0 92 0 0 -1 -1 -1 3
3 -1 0 0 92 0 0 -1 -1 -1 3
3 0 0 0 0 0 0 -1 -1 -1 3
0 0 0 0 0 0 0 -1 -1 -1 -1
3 0 0 0 0 0 -1 -1 -1 -1 3
3 0 0 0 0 0 -1 -1 -1 -1 3
3 0 0 -1 -1 -1 -1 -1 -1 -1 3
3 3 -1 -1 -1 -1 -1 -1 -1 3 3
3 3 3 3 3 -1 3 3 3 3 3
19:17:35.031396 - stdout  :: 0 -1
19:17:35.037647 - stdin   :: 21 43 1 0
17 41
12 49
10 50
21 43
3 3 3 3 3 0 3 3 3 3 3
3 3 0 0 92 0 0 -1 -1 3 3
3 -1 0 0 92 0 0 -1 -1 -1 3
3 0 0 0 0 0 0 -1 -1 -1 3
3 0 0 0 0 0 0 -1 -1 -1 3
0 0 0 0 0 0 -1 -1 -1 -1 -1
3 0 0 0 0 0 -1 -1 -1 -1 3
3 0 0 -1 -1 -1 -1 -1 -1 -1 3
3 -1 -1 -1 -1 -1 -1 -1 -1 -1 3
3 3 -1 -1 -1 -1 -1 -1 -1 3 3
3 3 3 3 3 -1 3 3 3 3 3
19:17:35.038280 - stdout  :: -1 -1
19:17:35.044666 - stdin   :: 21 42 0 -1
18 41
13 49
9 50
21 42
3 3 3 3 3 0 3 3 3 3 3
3 3 -1 0 0 92 0 0 -1 3 3
3 -1 -1 0 0 92 0 0 -1 -1 3
3 -1 0 0 0 0 0 0 -1 -1 3
3 0 0 0 0 0 0 0 -1 -1 3
0 0 0 0 0 0 0 -1 -1 -1 -1
3 0 0 0 0 0 0 -1 -1 -1 3
3 0 0 0 -1 -1 -1 -1 -1 -1 3
3 -1 -1 -1 -1 -1 -1 -1 -1 -1 3
3 3 -1 -1 -1 -1 -1 -1 -1 3 3
3 3 3 3 3 -1 3 3 3 3 3
19:17:35.045333 - stdout  :: 0 0
19:17:35.051837 - stdin   :: 21 41 0 -1
19 40
13 50
9 49
21 41
3 3 3 3 3 0 3 3 3 3 3
3 3 -1 -1 0 0 92 0 0 3 3
3 -1 -1 -1 0 0 92 0 0 -1 3
3 -1 -1 0 0 0 0 0 0 -1 3
3 -1 0 0 0 0 0 0 0 -1 3
0 0 0 0 0 0 0 0 -1 -1 -1
3 0 0 0 0 0 0 0 -1 -1 3
3 0 0 0 0 -1 -1 -1 -1 -1 3
3 -1 -1 -1 -1 -1 -1 -1 -1 -1 3
3 3 -1 -1 -1 -1 -1 -1 -1 3 3
3 3 3 3 3 0 3 3 3 3 3
19:17:35.052907 - stdout  :: 0 0
19:17:35.060786 - stdin   :: 21 40 0 -1
20 39
13 51
9 48
21 40
3 3 3 3 3 0 3 3 3 3 3
3 3 -1 -1 -1 0 0 92 0 3 3
3 -1 -1 -1 -1 0 0 92 0 0 3
3 -1 -1 -1 0 0 0 0 0 0 3
3 -1 -1 0 0 0 0 0 0 0 3
0 0 0 0 0 0 0 0 0 -1 -1
3 0 0 0 0 0 0 0 0 -1 3
3 0 0 0 0 0 -1 -1 -1 -1 3
3 -1 -1 -1 -1 -1 -1 -1 -1 -1 3
3 3 -1 -1 -1 -1 -1 -1 -1 3 3
3 3 3 3 3 0 3 3 3 3 3
19:17:35.061599 - stdout  :: 0 0
19:17:35.070939 - stdin   :: 21 39 0 -1
21 38
13 52
10 48
21 39
3 3 3 3 3 0 3 3 3 3 3
3 3 -1 -1 -1 -1 0 0 92 3 3
3 -1 -1 -1 -1 -1 0 0 92 0 3
3 -1 -1 -1 -1 0 0 0 0 0 3
3 -1 -1 -1 0 0 0 0 0 0 3
0 0 0 0 0 0 0 0 0 0 -1
3 0 0 0 0 0 0 0 0 0 3
3 0 0 0 0 0 0 -1 -1 -1 3
3 -1 -1 -1 -1 -1 -1 -1 -1 -1 3
3 3 -1 -1 -1 -1 -1 -1 -1 3 3
3 3 3 3 3 0 3 3 3 3 3
19:17:35.071888 - stdout  :: 0 -1
19:17:35.079437 - stdin   :: 21 37 0 -2
22 37
14 53
10 47
21 37
3 3 3 3 3 0 3 3 3 3 3
3 3 -1 -1 -1 -1 -1 -1 0 3 3
3 -1 -1 -1 -1 -1 -1 -1 0 0 3
3 -1 -1 -1 -1 -1 -1 0 0 0 3
3 0 0 -1 -1 -1 0 0 0 0 3
91 0 0 0 0 0 0 0 0 0 0
3 0 0 0 0 0 0 0 0 0 3
3 0 0 0 0 0 0 0 0 -1 3
3 -1 -1 -1 -1 -1 -1 -1 -1 -1 3
3 3 -1 -1 -1 -1 -1 -1 -1 3 3
3 3 3 3 3 0 3 3 3 3 3
19:17:35.080294 - stdout  :: 0 1
19:17:35.087443 - stdin   :: 21 36 0 -1
22 36
15 53
9 47
21 36
3 3 3 3 3 0 3 3 3 3 3
3 3 -1 -1 -1 -1 -1 -1 -1 3 3
3 -1 -1 -1 -1 -1 -1 -1 -1 0 3
3 -1 -1 -1 -1 -1 -1 -1 0 0 3
3 0 0 0 -1 -1 -1 0 0 0 3
91 91 0 0 0 0 0 0 0 0 0
3 0 0 0 0 0 0 0 0 0 3
3 -1 0 0 0 0 0 0 0 0 3
3 -1 -1 -1 -1 -1 -1 -1 -1 -1 3
3 3 -1 -1 -1 -1 -1 -1 -1 3 3
3 3 3 3 3 0 3 3 3 3 3
19:17:35.088399 - stdout  :: 0 0
19:17:35.095319 - stdin   :: 21 35 0 -1
22 35
16 53
8 47
21 35
3 3 3 3 3 0 3 3 3 3 3
3 3 -1 -1 -1 -1 -1 -1 -1 3 3
3 -1 -1 -1 -1 -1 -1 -1 -1 -1 3
3 0 -1 -1 -1 -1 -1 -1 -1 0 3
3 0 0 0 0 -1 -1 -1 0 0 3
0 91 91 0 0 0 0 0 0 0 0
3 0 0 0 0 0 0 0 0 0 3
3 -1 -1 0 0 0 0 0 0 0 3
3 -1 -1 -1 -1 -1 -1 -1 -1 -1 3
3 3 -1 -1 -1 -1 -1 -1 -1 3 3
3 3 3 3 3 0 3 3 3 3 3
19:17:35.096286 - stdout  :: 0 0
19:17:35.103182 - stdin   :: 21 34 0 -1
21 35
16 52
8 48
21 34
3 3 3 3 3 0 3 3 3 3 3
3 3 -1 -1 -1 -1 -1 -1 -1 3 3
3 -1 -1 -1 -1 -1 -1 -1 -1 -1 3
3 0 0 -1 -1 -1 -1 -1 -1 -1 3
3 0 0 0 0 0 -1 -1 -1 0 3
0 0 91 91 0 0 0 0 0 0 0
3 0 0 0 0 0 0 0 0 0 3
3 -1 -1 -1 0 0 0 0 0 0 3
3 -1 -1 -1 -1 -1 -1 -1 -1 -1 3
3 3 -1 -1 -1 -1 -1 -1 -1 3 3
3 3 3 3 3 0 3 3 3 3 3
19:17:35.104157 - stdout  :: 0 0
19:17:35.110925 - stdin   :: 21 33 0 -1
20 34
16 51
8 49
21 33
3 3 3 3 3 0 3 3 3 3 3
3 3 -1 -1 -1 -1 -1 -1 -1 3 3
3 0 -1 -1 -1 -1 -1 -1 -1 -1 3
3 0 0 0 -1 -1 -1 -1 -1 -1 3
3 0 0 0 0 0 0 -1 -1 -1 3
0 0 0 91 91 0 0 0 0 0 0
3 -1 0 0 0 0 0 0 0 0 3
3 -1 -1 -1 -1 0 0 0 0 0 3
3 -1 -1 -1 -1 -1 -1 -1 -1 -1 3
3 3 -1 -1 -1 -1 -1 -1 -1 3 3
3 3 3 3 3 -1 3 3 3 3 3
19:17:35.111997 - stdout  :: -1 0
19:17:35.119459 - stdin   :: 20 32 -1 -1
20 33
16 50
8 50
20 32
3 3 3 3 3 0 3 3 3 3 3
3 3 -1 -1 -1 0 0 0 0 3 3
3 -1 -1 -1 -1 -1 -1 -1 -1 -1 3
3 0 0 -1 -1 -1 -1 -1 -1 -1 3
3 0 0 0 0 -1 -1 -1 -1 -1 3
0 0 0 0 0 0 0 0 -1 -1 -1
3 0 0 0 91 91 0 0 0 0 3
3 -1 -1 0 0 0 0 0 0 0 3
3 -1 -1 -1 -1 -1 0 0 0 0 3
3 3 -1 -1 -1 -1 -1 -1 -1 3 3
3 3 3 3 3 -1 3 3 3 3 3
19:17:35.120586 - stdout  :: 1 0
19:17:35.127742 - stdin   :: 20 31 0 -1
20 32
15 50
8 50
20 31
3 3 3 3 3 0 3 3 3 3 3
3 3 -1 -1 -1 -1 0 0 0 3 3
3 0 -1 -1 -1 -1 -1 -1 -1 -1 3
3 0 0 0 -1 -1 -1 -1 -1 -1 3
3 0 0 0 0 0 -1 -1 -1 -1 3
0 0 0 0 0 0 0 0 0 -1 -1
3 0 0 0 0 91 91 0 0 0 3
3 -1 -1 -1 0 0 0 0 0 0 3
3 -1 -1 -1 -1 -1 -1 0 0 0 3
3 3 -1 -1 -1 -1 -1 -1 -1 3 3
3 3 3 3 3 -1 3 3 3 3 3
19:17:35.128887 - stdout  :: 0 0
19:17:35.136111 - stdin   :: 20 30 0 -1
19 31
14 50
8 49
20 30
3 3 3 3 3 -1 3 3 3 3 3
3 3 0 -1 -1 -1 -1 0 0 3 3
3 0 0 -1 -1 -1 -1 -1 -1 -1 3
3 0 0 0 0 -1 -1 -1 -1 -1 3
3 0 0 0 0 0 0 -1 -1 -1 3
-1 0 0 0 0 0 0 0 0 0 -1
3 -1 0 0 0 0 91 91 0 0 3
3 -1 -1 -1 -1 0 0 0 0 0 3
3 -1 -1 -1 -1 -1 -1 -1 0 0 3
3 3 -1 -1 -1 -1 -1 -1 -1 3 3
3 3 3 3 3 -1 3 3 3 3 3
19:17:35.137591 - stdout  :: 0 0
19:17:35.144445 - stdin   :: 20 29 0 -1
19 30
13 50
7 49
20 29
3 3 3 3 3 -1 3 3 3 3 3
3 3 0 0 -1 -1 -1 -1 0 3 3
3 0 0 0 -1 -1 -1 -1 -1 -1 3
3 0 0 0 0 0 -1 -1 -1 -1 3
3 0 0 0 0 0 0 0 -1 -1 3
-1 -1 0 0 0 0 0 0 0 0 0
3 -1 -1 0 0 0 0 91 91 0 3
3 -1 -1 -1 -1 -1 0 0 0 0 3
3 -1 -1 -1 -1 -1 -1 -1 -1 0 3
3 3 -1 -1 -1 -1 -1 -1 -1 3 3
3 3 3 3 3 -1 3 3 3 3 3
19:17:35.146119 - stdout  :: 0 0
19:17:35.152773 - stdin   :: 20 28 0 -1
18 29
12 50
7 48
20 28
3 3 3 3 3 -1 3 3 3 3 3
3 3 0 0 0 -1 -1 -1 -1 3 3
3 0 0 0 0 -1 -1 -1 -1 -1 3
3 -1 0 0 0 0 0 -1 -1 -1 3
3 -1 0 0 0 0 0 0 0 -1 3
-1 -1 -1 0 0 0 0 0 0 0 0
3 -1 -1 -1 0 0 0 0 91 91 3
3 -1 -1 -1 -1 -1 -1 0 0 0 3
3 -1 -1 -1 -1 -1 -1 -1 -1 -1 3
3 3 -1 -1 -1 -1 -1 -1 -1 3 3
3 3 3 3 3 -1 3 3 3 3 3
19:17:35.154515 - stdout  :: 0 0
19:17:35.161361 - stdin   :: 20 27 0 -1
18 28
11 50
7 47
20 27
3 3 3 3 3 0 3 3 3 3 3
3 3 0 0 0 0 -1 -1 -1 3 3
3 -1 0 0 0 0 -1 -1 -1 -1 3
3 -1 -1 0 0 0 0 0 -1 -1 3
3 -1 -1 0 0 0 0 0 0 0 3
-1 -1 -1 -1 0 0 0 0 0 0 0
3 -1 -1 -1 -1 0 0 0 0 91 3
3 -1 -1 -1 -1 -1 -1 -1 0 0 3
3 -1 -1 -1 -1 -1 -1 -1 -1 -1 3
3 3 -1 -1 -1 -1 -1 -1 -1 3 3
3 3 3 3 3 -1 3 3 3 3 3
19:17:35.163321 - stdout  :: -1 0
19:17:35.170349 - stdin   :: 19 26 -1 -1
17 27
11 50
7 46
19 26
3 3 3 3 3 0 3 3 3 3 3
3 3 0 0 0 0 0 -1 -1 3 3
3 -1 0 0 0 0 0 -1 -1 -1 3
3 -1 -1 0 0 0 0 -1 -1 -1 3
3 -1 -1 -1 0 0 0 0 0 -1 3
-1 -1 -1 -1 0 0 0 0 0 0 0
3 -1 -1 -1 -1 0 0 0 0 0 3
3 -1 -1 -1 -1 -1 0 0 0 0 3
3 -1 -1 -1 -1 -1 -1 -1 -1 0 3
3 3 -1 -1 -1 -1 -1 -1 -1 3 3
3 3 3 3 3 -1 3 3 3 3 3
19:17:35.172375 - stdout  :: 0 0
19:17:35.179847 - stdin   :: 18 25 -1 -1
16 26
12 51
8 46
18 25
3 3 3 3 3 0 3 3 3 3 3
3 3 -1 0 0 0 0 -1 -1 3 3
3 -1 -1 0 0 0 0 0 -1 -1 3
3 -1 -1 0 0 0 0 0 -1 -1 3
3 -1 -1 -1 0 0 0 0 -1 -1 3
0 -1 -1 -1 -1 0 0 0 0 0 -1
3 -1 -1 -1 -1 0 0 0 0 0 3
3 -1 -1 -1 -1 -1 0 0 0 0 3
3 -1 -1 -1 -1 -1 -1 0 0 0 3
3 3 -1 -1 -1 -1 -1 -1 -1 3 3
3 3 3 3 3 -1 3 3 3 3 3
19:17:35.182214 - stdout  :: 0 1
19:17:35.189414 - stdin   :: 17 25 -1 0
15 25
13 52
8 45
17 25
3 3 3 3 3 0 3 3 3 3 3
3 3 -1 0 0 0 0 -1 -1 3 3
3 -1 -1 0 0 0 0 -1 -1 -1 3
3 -1 -1 0 0 0 0 0 -1 -1 3
3 -1 -1 0 0 0 0 0 -1 -1 3
0 -1 -1 -1 0 0 0 0 -1 -1 -1
3 -1 -1 -1 -1 0 0 0 0 0 3
3 -1 -1 -1 -1 0 0 0 0 0 3
3 -1 -1 -1 -1 -1 0 0 0 0 3
3 3 -1 -1 -1 -1 -1 0 0 3 3
3 3 3 3 3 -1 3 3 3 3 3
19:17:35.191790 - stdout  :: 0 1
19:17:35.199008 - stdin   :: 16 26 -1 1
14 24
14 53
7 45
16 26
3 3 3 3 3 0 3 3 3 3 3
3 3 -1 0 0 0 -1 -1 -1 3 3
3 -1 0 0 0 0 -1 -1 -1 -1 3
3 -1 0 0 0 0 -1 -1 -1 -1 3
3 -1 0 0 0 0 0 -1 -1 -1 3
-1 -1 0 0 0 0 0 -1 -1 -1 -1
3 -1 -1 0 0 0 0 -1 -1 -1 3
3 -1 -1 -1 0 0 0 0 0 -1 3
3 -1 -1 -1 0 0 0 0 0 0 3
3 3 -1 -1 -1 0 0 0 0 3 3
3 3 3 3 3 -1 3 3 3 3 3
19:17:35.201272 - stdout  :: 0 0
19:17:35.208700 - stdin   :: 15 27 -1 1
13 24
15 53
7 44
15 27
3 3 3 3 3 0 3 3 3 3 3
3 3 0 0 0 0 -1 -1 -1 3 3
3 -1 0 0 0 -1 -1 -1 -1 0 3
3 0 0 0 0 -1 -1 -1 -1 0 3
3 0 0 0 0 -1 -1 -1 -1 0 3
-1 0 0 0 0 0 -1 -1 -1 0 0
3 0 0 0 0 0 -1 -1 -1 -1 3
3 -1 0 0 0 0 -1 -1 -1 -1 3
3 -1 -1 0 0 0 0 0 -1 -1 3
3 3 -1 0 0 0 0 0 0 3 3
3 3 3 3 3 0 3 3 3 3 3
19:17:35.210812 - stdout  :: 0 -1
19:17:35.253665 - stdin   :: 15 27 0 0
7 24
16 50
9 40
15 27
3 3 3 3 3 0 3 3 3 3 3
3 3 0 0 0 0 -1 -1 -1 3 3
3 -1 0 0 0 -1 -1 -1 -1 0 3
3 0 0 0 0 -1 -1 -1 -1 0 3
3 0 0 0 0 -1 -1 -1 -1 0 3
-1 0 0 0 0 0 -1 -1 -1 0 0
3 0 0 0 0 0 -1 -1 -1 -1 3
3 -1 0 0 0 0 -1 -1 -1 -1 3
3 -1 -1 0 0 0 0 0 -1 -1 3
3 3 -1 0 0 0 0 0 0 3 3
3 3 3 3 3 0 3 3 3 3 3
19:17:35.255958 - stdout  :: -1 -1
19:17:35.263500 - stdin   :: 14 26 -1 -1
6 23
16 50
9 39
14 26
3 3 3 3 3 0 3 3 3 3 3
3 3 -1 0 0 0 0 0 -1 3 3
3 0 0 0 0 0 0 -1 -1 -1 3
3 -1 -1 0 0 0 -1 -1 -1 -1 3
3 -1 0 0 0 0 -1 -1 -1 -1 3
-1 -1 0 0 0 0 -1 -1 -1 -1 0
3 -1 0 0 0 0 0 -1 -1 -1 3
3 -1 0 0 0 0 0 -1 -1 -1 3
3 -1 -1 0 0 0 0 -1 -1 -1 3
3 3 -1 -1 0 0 0 0 0 3 3
3 3 3 3 3 0 3 3 3 3 3
19:17:35.265698 - stdout  :: 0 1
19:17:35.273878 - stdin   :: 13 26 -1 0
5 22
16 50
10 39
13 26
3 3 3 3 3 0 3 3 3 3 3
3 3 -1 -1 0 0 0 0 -1 3 3
3 -1 -1 0 0 0 0 0 -1 -1 3
3 0 0 0 0 0 0 -1 -1 -1 3
3 -1 -1 0 0 0 -1 -1 -1 -1 3
-1 -1 0 0 0 0 -1 -1 -1 -1 0
3 -1 0 0 0 0 -1 -1 -1 -1 3
3 -1 0 0 0 0 0 -1 -1 -1 3
3 -1 0 0 0 0 0 -1 -1 -1 3
3 3 -1 0 0 0 0 -1 -1 3 3
3 3 3 3 3 0 3 3 3 3 3
19:17:35.276211 - stdout  :: 0 0
19:17:35.283447 - stdin   :: 12 26 -1 0
4 22
16 50
10 38
12 26
3 3 3 3 3 0 3 3 3 3 3
3 3 -1 -1 0 0 0 0 -1 3 3
3 -1 -1 -1 0 0 0 0 -1 -1 3
3 -1 -1 0 0 0 0 0 -1 -1 3
3 0 0 0 0 0 0 -1 -1 -1 3
-1 -1 -1 0 0 0 -1 -1 -1 -1 0
3 -1 0 0 0 0 -1 -1 -1 -1 3
3 -1 0 0 0 0 -1 -1 -1 -1 3
3 -1 0 0 0 0 0 -1 -1 -1 3
3 3 0 0 0 0 0 -1 -1 3 3
3 3 3 3 3 0 3 3 3 3 3
19:17:35.285647 - stdout  :: 0 1
19:17:35.294692 - stdin   :: 11 27 -1 1
3 21
16 51
9 38
11 27
3 3 3 3 3 0 3 3 3 3 3
3 3 0 0 0 0 0 -1 -1 3 3
3 -1 -1 0 0 0 0 -1 -1 0 3
3 -1 -1 0 0 0 0 -1 -1 0 3
3 -1 0 0 0 0 0 -1 -1 0 3
0 0 0 0 0 0 -1 -1 -1 -1 0
3 -1 0 0 0 -1 -1 -1 -1 0 3
3 0 0 0 0 -1 -1 -1 -1 0 3
3 0 0 0 0 -1 -1 -1 -1 0 3
3 3 0 0 0 0 -1 -1 -1 3 3
3 3 3 3 3 0 3 3 3 3 3
19:17:35.296837 - stdout  :: 0 0
19:17:35.305618 - stdin   :: 10 28 -1 1
3 20
16 52
8 38
10 28
3 3 3 3 3 0 3 3 3 3 3
3 3 0 0 0 0 -1 -1 -1 3 3
3 0 0 0 0 0 -1 -1 0 0 3
3 -1 0 0 0 0 -1 -1 0 -1 3
3 -1 0 0 0 0 -1 -1 0 -1 3
-1 0 0 0 0 0 -1 -1 0 0 0
3 0 0 0 0 -1 -1 -1 -1 0 3
3 0 0 0 -1 -1 -1 -1 0 0 3
3 0 0 0 -1 -1 -1 -1 0 0 3
3 3 0 0 -1 -1 -1 -1 0 3 3
3 3 3 3 3 -1 3 3 3 3 3
19:17:35.307683 - stdout  :: 0 -1
19:17:35.316921 - stdin   :: 9 28 -1 0
4 19
15 53
7 38
9 28
3 3 3 3 3 0 3 3 3 3 3
3 3 0 0 -1 0 -1 -1 0 3 3
3 0 0 0 0 0 -1 -1 -1 0 3
3 0 0 0 0 0 -1 -1 0 0 3
3 -1 0 0 0 0 -1 -1 0 -1 3
-1 -1 0 0 0 0 -1 -1 0 -1 0
3 0 0 0 0 0 -1 -1 0 0 3
3 0 0 0 0 -1 -1 -1 -1 0 3
3 0 0 0 -1 -1 -1 -1 0 0 3
3 3 0 0 -1 -1 -1 -1 0 3 3
3 3 3 3 3 -1 3 3 3 3 3
19:17:35.319110 - stdout  :: 0 0
19:17:35.327788 - stdin   :: 8 28 -1 0
5 18
14 53
7 39
8 28
3 3 3 3 3 0 3 3 3 3 3
3 3 0 0 -1 0 -1 -1 0 3 3
3 91 0 0 -1 0 -1 -1 0 0 3
3 0 0 0 0 0 -1 -1 -1 0 3
3 0 0 0 0 0 -1 -1 0 0 3
-1 -1 0 0 0 0 -1 -1 0 -1 -1
3 -1 0 0 0 0 -1 -1 0 -1 3
3 0 0 0 0 0 -1 -1 0 0 3
3 0 0 0 0 -1 -1 -1 -1 0 3
3 3 0 0 -1 -1 -1 -1 0 3 3
3 3 3 3 3 -1 3 3 3 3 3
19:17:35.329823 - stdout  :: 0 0
19:17:35.339255 - stdin   :: 7 28 -1 0
5 17
13 52
7 40
7 28
3 3 3 3 3 -1 3 3 3 3 3
3 3 0 0 -1 0 0 0 0 3 3
3 0 0 0 -1 0 -1 -1 0 -1 3
3 91 0 0 -1 0 -1 -1 0 0 3
3 0 0 0 0 0 -1 -1 -1 0 3
-1 0 0 0 0 0 -1 -1 0 0 -1
3 -1 0 0 0 0 -1 -1 0 -1 3
3 -1 0 0 0 0 -1 -1 0 -1 3
3 0 0 0 0 0 -1 -1 0 0 3
3 3 0 0 0 -1 -1 -1 -1 3 3
3 3 3 3 3 -1 3 3 3 3 3
19:17:35.341312 - stdout  :: 0 0
19:17:35.350183 - stdin   :: 6 28 -1 0
4 16
12 51
7 41
6 28
3 3 3 3 3 -1 3 3 3 3 3
3 3 0 0 -1 -1 -1 -1 -1 3 3
3 0 0 0 -1 0 0 0 0 -1 3
3 0 0 0 -1 0 -1 -1 0 -1 3
3 91 0 0 -1 0 -1 -1 0 0 3
0 0 0 0 0 0 -1 -1 -1 0 -1
3 0 0 0 0 0 -1 -1 0 0 3
3 -1 0 0 0 0 -1 -1 0 -1 3
3 -1 0 0 0 0 -1 -1 0 -1 3
3 3 0 0 0 0 -1 -1 0 3 3
3 3 3 3 3 -1 3 3 3 3 3
19:17:35.352207 - stdout  :: 0 0
19:17:35.360700 - stdin   :: 5 28 -1 0
4 15
11 50
6 41
5 28
3 3 3 3 3 -1 3 3 3 3 3
3 3 -1 -1 -1 -1 -1 -1 -1 3 3
3 -1 0 0 -1 -1 -1 -1 -1 -1 3
3 0 0 0 -1 0 0 0 0 -1 3
3 0 0 0 -1 0 -1 -1 0 -1 3
0 91 0 0 -1 0 -1 -1 0 0 -1
3 0 0 0 0 0 -1 -1 -1 0 3
3 0 0 0 0 0 -1 -1 0 0 3
3 -1 0 0 0 0 -1 -1 0 -1 3
3 3 0 0 0 0 -1 -1 0 3 3
3 3 3 3 3 0 3 3 3 3 3
19:17:35.362686 - stdout  :: 0 0
19:17:35.370953 - stdin   :: 4 28 -1 0
5 14
10 50
6 42
4 28
3 3 3 3 3 -1 3 3 3 3 3
3 3 -1 -1 -1 -1 -1 -1 -1 3 3
3 -1 -1 -1 -1 -1 -1 -1 -1 -1 3
3 -1 0 0 -1 -1 -1 -1 -1 -1 3
3 0 0 0 -1 0 0 0 0 -1 3
91 0 0 0 -1 0 -1 -1 0 -1 -1
3 91 0 0 -1 0 -1 -1 0 0 3
3 0 0 0 0 0 -1 -1 -1 0 3
3 0 0 0 0 0 -1 -1 0 0 3
3 3 0 0 0 0 -1 -1 0 3 3
3 3 3 3 3 0 3 3 3 3 3
19:17:35.373041 - stdout  :: 1 -1
19:17:35.431764 - stdin   :: 4 28 0 0
11 8
8 46
6 48
4 28
3 3 3 3 3 -1 3 3 3 3 3
3 3 -1 -1 -1 -1 -1 -1 -1 3 3
3 -1 -1 -1 -1 -1 -1 -1 -1 -1 3
3 -1 0 0 -1 -1 -1 -1 -1 -1 3
3 0 0 0 -1 0 0 0 0 -1 3
91 0 0 0 -1 0 -1 -1 0 -1 -1
3 91 0 0 -1 0 -1 -1 0 0 3
3 0 0 0 0 0 -1 -1 -1 0 3
3 0 0 0 0 0 -1 -1 0 0 3
3 3 0 0 0 0 -1 -1 0 3 3
3 3 3 3 3 0 3 3 3 3 3
19:17:35.434142 - stdout  :: 1 0
19:17:35.444107 - stdin   :: 5 28 1 0
12 7
8 45
6 48
5 28
3 3 3 3 3 -1 3 3 3 3 3
3 3 -1 -1 -1 -1 -1 -1 -1 3 3
3 -1 0 0 -1 -1 -1 -1 -1 -1 3
3 0 0 0 -1 0 0 0 0 -1 3
3 0 0 0 -1 0 -1 -1 0 -1 3
0 91 0 0 -1 0 -1 -1 0 0 -1
3 0 0 0 0 0 -1 -1 -1 0 3
3 0 0 0 0 0 -1 -1 0 0 3
3 -1 0 0 0 0 -1 -1 0 -1 3
3 3 0 0 0 0 -1 -1 0 3 3
3 3 3 3 3 0 3 3 3 3 3
19:17:35.446488 - stdout  :: 0 0
19:17:35.455776 - stdin   :: 6 28 1 0
13 7
7 43
6 47
6 28
3 3 3 3 3 -1 3 3 3 3 3
3 3 0 0 -1 -1 -1 -1 -1 3 3
3 0 0 0 -1 0 0 0 0 -1 3
3 0 0 0 -1 0 -1 -1 0 -1 3
3 91 0 0 -1 0 -1 -1 0 0 3
0 0 0 0 0 0 -1 -1 -1 0 -1
3 0 0 0 0 0 -1 -1 0 0 3
3 -1 0 0 0 0 -1 -1 0 -1 3
3 -1 0 0 0 0 -1 -1 0 -1 3
3 3 0 0 0 0 -1 -1 0 3 3
3 3 3 3 3 -1 3 3 3 3 3
19:17:35.457993 - stdout  :: 0 -1
19:17:35.466541 - stdin   :: 7 27 1 -1
14 8
6 41
5 47
7 27
3 3 3 3 3 -1 3 3 3 3 3
3 3 0 0 0 -1 0 0 0 3 3
3 91 0 0 0 -1 0 -1 -1 0 3
3 0 91 0 0 -1 0 -1 -1 0 3
3 0 0 0 0 0 0 -1 -1 -1 3
-1 -1 0 0 0 0 0 -1 -1 0 0
3 -1 -1 0 0 0 0 -1 -1 0 3
3 -1 -1 0 0 0 0 -1 -1 0 3
3 -1 0 0 0 0 0 -1 -1 0 3
3 3 0 0 0 0 -1 -1 -1 3 3
3 3 3 3 3 -1 3 3 3 3 3
19:17:35.468767 - stdout  :: 0 0
19:17:35.477756 - stdin   :: 8 26 1 -1
15 9
6 40
5 46
8 26
3 3 3 3 3 0 3 3 3 3 3
3 3 91 0 0 0 -1 0 -1 3 3
3 0 0 91 0 0 -1 0 -1 -1 3
3 0 0 0 0 0 0 0 -1 -1 3
3 -1 -1 0 0 0 0 0 -1 -1 3
-1 -1 -1 -1 0 0 0 0 -1 -1 0
3 -1 -1 -1 0 0 0 0 -1 -1 3
3 -1 -1 0 0 0 0 0 -1 -1 3
3 0 0 0 0 0 0 -1 -1 -1 3
3 3 -1 0 0 0 -1 -1 -1 3 3
3 3 3 3 3 0 3 3 3 3 3
19:17:35.479933 - stdout  :: 0 0
19:17:35.489836 - stdin   :: 9 25 1 -1
15 10
6 39
5 45
9 25
3 3 3 3 3 0 3 3 3 3 3
3 3 0 0 91 0 0 -1 0 3 3
3 -1 0 0 0 0 0 0 0 -1 3
3 -1 -1 -1 0 0 0 0 0 -1 3
3 -1 -1 -1 -1 0 0 0 0 -1 3
-1 -1 -1 -1 -1 0 0 0 0 -1 -1
3 0 -1 -1 0 0 0 0 0 -1 3
3 0 0 0 0 0 0 0 -1 -1 3
3 -1 -1 -1 0 0 0 -1 -1 -1 3
3 3 -1 0 0 0 0 -1 -1 3 3
3 3 3 3 3 0 3 3 3 3 3
19:17:35.491955 - stdout  :: 0 0
19:17:35.500602 - stdin   :: 10 24 1 -1
14 11
7 38
5 44
10 24
3 3 3 3 3 91 3 3 3 3 3
3 3 -1 0 0 0 0 0 0 3 3
3 -1 -1 -1 -1 0 0 0 0 0 3
3 -1 -1 -1 -1 -1 0 0 0 0 3
3 -1 -1 -1 -1 -1 0 0 0 0 3
0 0 0 -1 -1 0 0 0 0 0 -1
3 -1 0 0 0 0 0 0 0 -1 3
3 -1 -1 -1 -1 0 0 0 -1 -1 3
3 -1 -1 -1 0 0 0 0 -1 -1 3
3 3 -1 -1 0 0 0 0 -1 3 3
3 3 3 3 3 0 3 3 3 3 3
19:17:35.502629 - stdout  :: 0 0
19:17:35.511162 - stdin   :: 11 23 1 -1
14 12
8 37
5 43
11 23
3 3 3 3 3 0 3 3 3 3 3
3 3 -1 -1 -1 -1 0 0 0 3 3
3 -1 -1 -1 -1 -1 -1 0 0 0 3
3 -1 -1 -1 -1 -1 -1 0 0 0 3
3 0 0 0 -1 -1 0 0 0 0 3
0 -1 -1 0 0 0 0 0 0 0 -1
3 -1 -1 -1 -1 -1 0 0 0 -1 3
3 -1 -1 -1 -1 0 0 0 0 -1 3
3 0 -1 -1 -1 0 0 0 0 -1 3
3 3 0 -1 -1 0 0 0 0 3 3
3 3 3 3 3 0 3 3 3 3 3
19:17:35.513115 - stdout  :: -1 0
19:17:35.521633 - stdin   :: 11 22 0 -1
15 13
10 36
5 42
11 22
3 3 3 3 3 0 3 3 3 3 3
3 3 -1 -1 -1 -1 -1 0 0 3 3
3 -1 -1 -1 -1 -1 -1 -1 0 0 3
3 -1 -1 -1 -1 -1 -1 -1 0 0 3
3 0 0 0 0 -1 -1 0 0 0 3
0 0 -1 -1 0 0 0 0 0 0 0
3 -1 -1 -1 -1 -1 -1 0 0 0 3
3 -1 -1 -1 -1 -1 0 0 0 0 3
3 0 0 -1 -1 -1 0 0 0 0 3
3 3 0 0 -1 -1 0 0 0 3 3
3 3 3 3 3 -1 3 3 3 3 3
19:17:35.523566 - stdout  :: 0 0
19:17:35.531758 - stdin   :: 11 21 0 -1
16 14
12 35
5 41
11 21
3 3 3 3 3 -1 3 3 3 3 3
3 3 0 -1 -1 -1 -1 -1 0 3 3
3 0 -1 -1 -1 -1 -1 -1 -1 0 3
3 -1 -1 -1 -1 -1 -1 -1 -1 0 3
3 -1 0 0 0 0 -1 -1 0 0 3
0 0 0 -1 -1 0 0 0 0 0 0
3 -1 -1 -1 -1 -1 -1 -1 0 0 3
3 -1 -1 -1 -1 -1 -1 0 0 0 3
3 0 0 0 -1 -1 -1 0 0 0 3
3 3 0 0 0 -1 -1 0 0 3 3
3 3 3 3 3 -1 3 3 3 3 3
19:17:35.533710 - stdout  :: -1 0
19:17:35.543752 - stdin   :: 10 20 -1 -1
17 15
14 34
5 40
10 20
3 3 3 3 3 0 3 3 3 3 3
3 3 0 0 0 -1 -1 0 0 3 3
3 0 0 0 -1 -1 -1 -1 -1 0 3
3 0 0 -1 -1 -1 -1 -1 -1 -1 3
3 -1 -1 -1 -1 -1 -1 -1 -1 -1 3
-1 -1 -1 0 0 0 0 -1 -1 0 0
3 0 0 0 -1 -1 0 0 0 0 3
3 0 -1 -1 -1 -1 -1 -1 -1 0 3
3 -1 -1 -1 -1 -1 -1 -1 0 0 3
3 3 0 0 0 -1 -1 -1 0 3 3
3 3 3 3 3 0 3 3 3 3 3
19:17:35.545585 - stdout  :: 1 0
19:17:35.556137 - stdin   :: 10 19 0 -1
18 15
16 33
5 40
10 19
3 3 3 3 3 0 3 3 3 3 3
3 3 0 0 0 0 -1 -1 0 3 3
3 0 0 0 0 -1 -1 -1 -1 -1 3
3 0 0 0 -1 -1 -1 -1 -1 -1 3
3 -1 -1 -1 -1 -1 -1 -1 -1 -1 3
-1 -1 -1 -1 0 0 0 0 -1 -1 0
3 -1 0 0 0 -1 -1 0 0 0 3
3 0 0 -1 -1 -1 -1 -1 -1 -1 3
3 -1 -1 -1 -1 -1 -1 -1 -1 0 3
3 3 0 0 0 0 -1 -1 -1 3 3
3 3 3 3 3 0 3 3 3 3 3
19:17:35.557912 - stdout  :: 1 0
19:17:35.571237 - stdin   :: 11 18 1 -1
19 14
16 33
5 41
11 18
3 3 3 3 3 0 3 3 3 3 3
3 3 0 0 0 0 -1 -1 -1 3 3
3 0 0 0 0 -1 -1 -1 -1 -1 3
3 0 -1 -1 -1 -1 -1 -1 -1 -1 3
3 -1 -1 -1 -1 0 0 0 0 -1 3
-1 -1 -1 0 0 0 -1 -1 0 0 0
3 0 0 0 -1 -1 -1 -1 -1 -1 3
3 0 -1 -1 -1 -1 -1 -1 -1 -1 3
3 0 0 0 0 0 0 -1 -1 -1 3
3 3 0 0 0 0 0 0 -1 3 3
3 3 3 3 3 0 3 3 3 3 3
19:17:35.572893 - stdout  :: -1 0
19:17:35.581503 - stdin   :: 11 17 0 -1
20 13
16 33
4 41
11 17
3 3 3 3 3 0 3 3 3 3 3
3 3 0 0 0 0 0 -1 -1 3 3
3 0 0 0 0 0 -1 -1 -1 -1 3
3 0 0 -1 -1 -1 -1 -1 -1 -1 3
3 -1 -1 -1 -1 -1 0 0 0 0 3
-1 -1 -1 -1 0 0 0 -1 -1 0 0
3 -1 0 0 0 -1 -1 -1 -1 -1 3
3 -1 0 -1 -1 -1 -1 -1 -1 -1 3
3 0 0 0 0 0 0 0 -1 -1 3
3 3 0 0 0 0 0 0 0 3 3
3 3 3 3 3 0 3 3 3 3 3
19:17:35.583114 - stdout  :: 1 0
19:17:35.591898 - stdin   :: 12 16 1 -1
21 12
16 33
4 41
12 16
3 3 3 3 3 0 3 3 3 3 3
3 3 0 0 0 0 0 -1 -1 3 3
3 0 0 0 -1 -1 -1 -1 -1 -1 3
3 0 -1 -1 -1 -1 -1 0 0 0 3
3 -1 -1 -1 -1 0 0 0 -1 -1 3
-1 -1 -1 0 0 0 -1 -1 -1 -1 -1
3 -1 -1 0 -1 -1 -1 -1 -1 -1 3
3 0 0 0 0 0 0 0 0 -1 3
3 0 0 0 0 0 0 0 0 0 3
3 3 0 0 0 91 0 0 0 3 3
3 3 3 3 3 0 3 3 3 3 3
19:17:35.593455 - stdout  :: -1 0
19:17:35.602108 - stdin   :: 12 15 0 -1
21 11
16 33
5 41
12 15
3 3 3 3 3 0 3 3 3 3 3
3 3 0 0 0 0 0 0 -1 3 3
3 0 0 0 0 -1 -1 -1 -1 -1 3
3 0 0 -1 -1 -1 -1 -1 0 0 3
3 -1 -1 -1 -1 -1 0 0 0 -1 3
-1 -1 -1 -1 0 0 0 -1 -1 -1 -1
3 -1 -1 -1 0 -1 -1 -1 -1 -1 3
3 0 0 0 0 0 0 0 0 0 3
3 0 0 0 0 0 0 0 0 0 3
3 3 0 0 0 0 91 0 0 3 3
3 3 3 3 3 0 3 3 3 3 3
19:17:35.603573 - stdout  :: 1 0
19:17:35.612407 - stdin   :: 13 14 1 -1
20 10
16 33
6 41
13 14
3 3 3 3 3 0 3 3 3 3 3
3 3 0 0 0 0 -1 -1 -1 3 3
3 0 0 0 -1 -1 -1 -1 -1 0 3
3 -1 -1 -1 -1 -1 -1 0 0 0 3
3 -1 -1 -1 -1 0 0 0 -1 -1 3
0 -1 -1 -1 -1 0 -1 -1 -1 -1 -1
3 0 0 0 0 0 0 0 0 0 3
3 0 0 0 0 0 0 0 0 0 3
3 0 0 0 0 0 0 91 0 0 3
3 3 -1 -1 -1 0 0 0 0 3 3
3 3 3 3 3 0 3 3 3 3 3
19:17:35.613478 - stdout  :: 0 1
19:17:35.622682 - stdin   :: 14 14 1 0
20 9
16 33
7 41
14 14
3 3 3 3 3 0 3 3 3 3 3
3 3 0 0 -1 -1 -1 -1 -1 3 3
3 -1 -1 -1 -1 -1 -1 0 0 0 3
3 -1 -1 -1 -1 0 0 0 -1 -1 3
3 -1 -1 -1 -1 0 -1 -1 -1 -1 3
0 0 0 0 0 0 0 0 0 0 0
3 0 0 0 0 0 0 0 0 0 3
3 0 0 0 0 0 0 91 0 0 3
3 -1 -1 -1 -1 0 0 0 0 0 3
3 3 -1 0 0 0 0 0 0 3 3
3 3 3 3 3 0 3 3 3 3 3
19:17:35.623866 - stdout  :: 0 1
19:17:35.634682 - stdin   :: 15 15 1 1
21 8
15 33
7 40
15 15
3 3 3 3 3 -1 3 3 3 3 3
3 3 -1 -1 -1 -1 0 0 0 3 3
3 -1 -1 -1 0 0 0 -1 -1 -1 3
3 -1 -1 -1 0 -1 -1 -1 -1 -1 3
3 0 0 0 0 0 0 0 0 0 3
0 0 0 0 0 0 0 0 0 0 0
3 0 0 0 0 0 91 0 0 0 3
3 -1 -1 -1 0 0 0 0 0 0 3
3 -1 0 0 0 0 0 0 0 0 3
3 3 0 0 0 0 0 0 0 3 3
3 3 3 3 3 0 3 3 3 3 3
19:17:35.635912 - stdout  :: 0 -1
19:17:35.646538 - stdin   :: 16 15 1 0
22 7
14 33
7 39
16 15
3 3 3 3 3 -1 3 3 3 3 3
3 3 -1 -1 0 0 0 -1 -1 3 3
3 -1 -1 -1 0 -1 -1 -1 -1 -1 3
3 0 0 0 0 0 0 0 0 0 3
3 0 0 0 0 0 0 0 0 0 3
0 0 0 0 0 0 91 0 0 0 0
3 -1 -1 -1 0 0 0 0 0 0 3
3 -1 0 0 0 0 0 0 0 0 3
3 0 0 0 0 0 0 0 0 -1 3
3 3 0 0 0 0 -1 -1 -1 3 3
3 3 3 3 3 -1 3 3 3 3 3
19:17:35.647692 - stdout  :: 0 1
19:17:35.658271 - stdin   :: 17 16 1 1
23 6
13 32
7 38
17 16
3 3 3 3 3 0 3 3 3 3 3
3 3 -1 0 -1 -1 -1 -1 -1 3 3
3 0 0 0 0 0 0 0 0 -1 3
3 0 0 0 0 0 0 0 0 0 3
3 0 0 0 0 91 0 0 0 0 3
-1 -1 -1 0 0 0 0 0 0 0 -1
3 0 0 0 0 0 0 0 0 0 3
3 0 0 0 0 0 0 0 -1 -1 3
3 0 0 0 0 -1 -1 -1 -1 -1 3
3 3 0 -1 -1 -1 -1 -1 -1 3 3
3 3 3 3 3 -1 3 3 3 3 3
19:17:35.659529 - stdout  :: 0 -1
19:17:35.669431 - stdin   :: 18 16 1 0
24 5
12 31
7 37
18 16
3 3 3 3 3 -1 3 3 3 3 3
3 3 0 0 0 0 0 0 0 3 3
3 0 0 0 0 0 0 0 0 0 3
3 0 0 0 0 91 0 0 0 0 3
3 -1 -1 0 0 0 0 0 0 0 3
-1 0 0 0 0 0 0 0 0 0 -1
3 0 0 0 0 0 0 0 -1 -1 3
3 0 0 0 0 -1 -1 -1 -1 -1 3
3 0 0 -1 -1 -1 -1 -1 -1 -1 3
3 3 -1 -1 -1 -1 -1 -1 -1 3 3
3 3 3 3 3 -1 3 3 3 3 3
19:17:35.670691 - stdout  :: 0 -1
19:17:35.681846 - stdin   :: 19 15 1 -1
25 4
12 31
8 37
19 15
3 3 3 3 3 0 3 3 3 3 3
3 3 0 0 0 0 0 0 0 3 3
3 0 0 0 0 0 91 0 0 0 3
3 -1 -1 -1 0 0 0 0 0 0 3
3 -1 0 0 0 0 0 0 0 0 3
0 0 0 0 0 0 0 0 0 -1 -1
3 0 0 0 0 0 -1 -1 -1 -1 3
3 0 0 0 -1 -1 -1 -1 -1 -1 3
3 -1 -1 -1 -1 -1 -1 -1 -1 -1 3
3 3 -1 -1 -1 -1 -1 -1 -1 3 3
3 3 3 3 3 -1 3 3 3 3 3
19:17:35.683649 - stdout  :: 0 0
19:17:35.695253 - stdin   :: 20 14 1 -1
26 4
12 32
9 37
20 14
3 3 3 3 3 0 3 3 3 3 3
3 3 0 0 0 0 0 91 0 3 3
3 -1 -1 -1 -1 0 0 0 0 0 3
3 -1 -1 0 0 0 0 0 0 0 3
3 0 0 0 0 0 0 0 0 0 3
0 0 0 0 0 0 0 -1 -1 -1 -1
3 0 0 0 0 -1 -1 -1 -1 -1 3
3 -1 -1 -1 -1 -1 -1 -1 -1 -1 3
3 -1 -1 -1 -1 -1 -1 -1 -1 -1 3
3 3 -1 -1 -1 -1 -1 -1 -1 3 3
3 3 3 3 3 0 3 3 3 3 3
19:17:35.697040 - stdout  :: -1 0
19:17:35.709522 - stdin   :: 20 13 0 -1
27 5
12 33
10 37
20 13
3 3 3 3 3 0 3 3 3 3 3
3 3 0 0 0 0 0 0 91 3 3
3 -1 -1 -1 -1 -1 0 0 0 0 3
3 -1 -1 -1 0 0 0 0 0 0 3
3 0 0 0 0 0 0 0 0 0 3
0 0 0 0 0 0 0 0 -1 -1 -1
3 0 0 0 0 0 -1 -1 -1 -1 3
3 0 -1 -1 -1 -1 -1 -1 -1 -1 3
3 -1 -1 -1 -1 -1 -1 -1 -1 -1 3
3 3 -1 -1 -1 -1 -1 -1 -1 3 3
3 3 3 3 3 0 3 3 3 3 3
19:17:35.711370 - stdout  :: 0 0
19:17:35.720960 - stdin   :: 20 12 0 -1
28 6
12 34
10 36
20 12
3 3 3 3 3 0 3 3 3 3 3
3 3 0 0 0 0 0 0 0 3 3
3 -1 -1 -1 -1 -1 -1 0 0 0 3
3 -1 -1 -1 -1 0 0 0 0 0 3
3 0 0 0 0 0 0 0 0 0 3
0 0 0 0 0 0 0 0 0 -1 -1
3 0 0 0 0 0 0 -1 -1 -1 3
3 0 0 -1 -1 -1 -1 -1 -1 -1 3
3 0 -1 -1 -1 -1 -1 -1 -1 -1 3
3 3 -1 -1 -1 -1 -1 -1 -1 3 3
3 3 3 3 3 -1 3 3 3 3 3
19:17:35.722762 - stdout  :: 0 0
19:17:35.732212 - stdin   :: 20 11 0 -1
28 7
12 35
11 36
20 11
3 3 3 3 3 0 3 3 3 3 3
3 3 0 0 0 0 0 0 0 3 3
3 -1 -1 -1 -1 -1 -1 -1 0 0 3
3 -1 -1 -1 -1 -1 0 0 0 0 3
3 0 0 0 0 0 0 0 0 0 3
0 0 0 0 0 0 0 0 0 0 -1
3 0 0 0 0 0 0 0 -1 -1 3
3 0 0 0 -1 -1 -1 -1 -1 -1 3
3 0 0 -1 -1 -1 -1 -1 -1 -1 3
3 3 -1 -1 -1 -1 -1 -1 -1 3 3
3 3 3 3 3 -1 3 3 3 3 3
19:17:35.733994 - stdout  :: 1 0
19:17:35.743855 - stdin   :: 21 10 1 -1
29 8
13 35
11 35
21 10
3 3 3 3 3 0 3 3 3 3 3
3 3 -1 -1 -1 -1 -1 -1 -1 3 3
3 -1 -1 -1 -1 -1 -1 0 0 0 3
3 -1 0 0 0 0 0 0 0 0 3
3 0 0 0 0 0 0 0 0 0 3
0 0 0 0 0 0 0 0 0 -1 -1
3 0 0 0 0 -1 -1 -1 -1 -1 3
3 0 0 0 -1 -1 -1 -1 -1 -1 3
3 0 0 -1 -1 -1 -1 -1 -1 -1 3
3 3 -1 -1 -1 -1 -1 -1 0 3 3
3 3 3 3 3 0 3 3 3 3 3
19:17:35.745127 - stdout  :: 0 0
19:17:35.755234 - stdin   :: 22 9 1 -1
30 8
14 35
12 35
22 9
3 3 3 3 3 -1 3 3 3 3 3
3 3 -1 -1 -1 -1 -1 -1 0 3 3
3 -1 -1 0 0 0 0 0 0 0 3
3 -1 0 0 0 0 0 0 0 0 3
3 0 0 0 0 0 0 0 0 0 3
0 0 0 0 0 0 -1 -1 -1 -1 -1
3 0 0 0 0 -1 -1 -1 -1 -1 3
3 0 0 0 -1 -1 -1 -1 -1 -1 3
3 0 0 -1 -1 -1 -1 -1 -1 0 3
3 3 0 -1 -1 -1 0 0 0 3 3
3 3 3 3 3 0 3 3 3 3 3
19:17:35.756491 - stdout  :: 0 0
19:17:35.766737 - stdin   :: 23 8 1 -1
30 9
15 35
13 35
23 8
3 3 3 3 3 -1 3 3 3 3 3
3 3 -1 -1 0 0 0 0 0 3 3
3 -1 -1 0 0 0 0 0 0 0 3
3 -1 0 0 0 0 0 0 0 0 3
3 0 0 0 0 0 0 -1 -1 -1 3
-1 0 0 0 0 0 -1 -1 -1 -1 -1
3 0 0 0 0 -1 -1 -1 -1 -1 3
3 0 0 0 -1 -1 -1 -1 -1 -1 3
3 0 0 0 -1 -1 -1 0 0 0 3
3 3 0 0 -1 0 0 0 0 3 3
3 3 3 3 3 0 3 3 3 3 3
19:17:35.767939 - stdout  :: 0 0
19:17:35.778407 - stdin   :: 24 7 1 -1
29 10
16 35
14 35
24 7
3 3 3 3 3 0 3 3 3 3 3
3 3 -1 -1 0 0 0 0 0 3 3
3 -1 -1 0 0 0 0 0 0 0 3
3 -1 0 0 0 0 0 0 -1 -1 3
3 -1 0 0 0 0 0 -1 -1 -1 3
-1 0 0 0 0 0 -1 -1 -1 -1 -1
3 0 0 0 0 -1 -1 -1 -1 -1 3
3 0 0 0 0 -1 -1 -1 0 0 3
3 0 0 0 0 -1 0 0 0 0 3
3 3 0 0 0 0 0 0 0 3 3
3 3 3 3 3 91 3 3 3 3 3
19:17:35.779638 - stdout  :: 0 0
19:17:35.790139 - stdin   :: 25 6 1 -1
28 11
16 36
14 36
25 6
3 3 3 3 3 0 3 3 3 3 3
3 3 -1 -1 0 0 0 0 0 3 3
3 -1 -1 0 0 0 0 0 0 -1 3
3 -1 -1 0 0 0 0 0 -1 -1 3
3 -1 0 0 0 0 0 -1 -1 -1 3
-1 -1 0 0 0 0 -1 -1 -1 -1 -1
3 -1 0 0 0 0 -1 -1 -1 0 3
3 -1 0 0 0 0 -1 0 0 0 3
3 -1 0 0 0 0 0 0 0 0 3
3 3 0 0 0 0 91 0 0 3 3
3 3 3 3 3 0 3 3 3 3 3
19:17:35.791405 - stdout  :: 0 1
19:17:35.802415 - stdin   :: 26 6 1 0
27 12
16 37
14 37
26 6
3 3 3 3 3 0 3 3 3 3 3
3 3 -1 0 0 0 0 0 0 3 3
3 -1 -1 0 0 0 0 0 -1 -1 3
3 -1 0 0 0 0 0 -1 -1 -1 3
3 -1 0 0 0 0 -1 -1 -1 -1 3
-1 -1 0 0 0 0 -1 -1 -1 0 0
3 -1 0 0 0 0 -1 0 0 0 3
3 -1 0 0 0 0 0 0 0 0 3
3 -1 0 0 0 0 91 0 0 0 3
3 3 -1 0 0 0 0 0 0 3 3
3 3 3 3 3 0 3 3 3 3 3
19:17:35.803696 - stdout  :: 0 0
19:17:35.814287 - stdin   :: 27 6 1 0
26 13
16 38
14 38
27 6
3 3 3 3 3 0 3 3 3 3 3
3 3 -1 0 0 0 0 0 -1 3 3
3 -1 0 0 0 0 0 -1 -1 -1 3
3 -1 0 0 0 0 -1 -1 -1 -1 3
3 -1 0 0 0 0 -1 -1 -1 0 3
-1 -1 0 0 0 0 -1 0 0 0 0
3 -1 0 0 0 0 0 0 0 0 3
3 -1 0 0 0 0 91 0 0 0 3
3 -1 -1 0 0 0 0 0 0 0 3
3 3 -1 0 0 0 -1 -1 0 3 3
3 3 3 3 3 0 3 3 3 3 3
19:17:35.815442 - stdout  :: 0 1
19:17:35.826964 - stdin   :: 28 7 1 1
25 14
16 39
14 39
28 7
3 3 3 3 3 0 3 3 3 3 3
3 3 0 0 0 0 -1 -1 -1 3 3
3 0 0 0 0 -1 -1 -1 -1 -1 3
3 0 0 0 0 -1 -1 -1 0 0 3
3 0 0 0 0 -1 0 0 0 0 3
-1 0 0 0 0 0 0 0 0 0 0
3 0 0 0 0 91 0 0 0 0 3
3 -1 0 0 0 0 0 0 0 -1 3
3 -1 0 0 0 -1 -1 0 0 0 3
3 3 -1 0 0 0 0 -1 -1 3 3
3 3 3 3 3 0 3 3 3 3 3
19:17:35.827919 - stdout  :: -1 0
19:17:35.838900 - stdin   :: 28 8 0 1
25 15
16 40
14 40
28 8
3 3 3 3 3 0 3 3 3 3 3
3 3 0 0 0 -1 -1 -1 -1 3 3
3 0 0 0 -1 -1 -1 -1 -1 -1 3
3 0 0 0 -1 -1 -1 0 0 0 3
3 0 0 0 -1 0 0 0 0 0 3
0 0 0 0 0 0 0 0 0 0 0
3 0 0 0 91 0 0 0 0 0 3
3 0 0 0 0 0 0 0 -1 -1 3
3 0 0 0 -1 -1 0 0 0 0 3
3 3 0 0 0 0 -1 -1 -1 3 3
3 3 3 3 3 0 3 3 3 3 3
19:17:35.839856 - stdout  :: -1 0
19:17:35.853485 - stdin   :: 27 9 -1 1
26 16
15 41
14 41
27 9
3 3 3 3 3 0 3 3 3 3 3
3 3 0 0 0 -1 -1 -1 -1 3 3
3 0 0 0 -1 -1 -1 -1 -1 -1 3
3 0 0 -1 -1 -1 -1 -1 -1 0 3
3 0 0 -1 -1 -1 0 0 0 0 3
0 0 0 -1 0 0 0 0 0 0 0
3 0 0 0 0 0 0 0 0 0 3
3 0 0 91 0 0 0 0 0 -1 3
3 0 0 0 0 0 0 -1 -1 -1 3
3 3 0 -1 -1 0 0 0 0 3 3
3 3 3 3 3 -1 3 3 3 3 3
19:17:35.855712 - stdout  :: 0 0
19:17:35.873618 - stdin   :: 26 10 -1 1
26 17
14 42
15 42
26 10
3 3 3 3 3 0 3 3 3 3 3
3 3 0 0 0 -1 -1 -1 -1 3 3
3 0 0 0 -1 -1 -1 -1 -1 -1 3
3 0 0 -1 -1 -1 -1 -1 -1 -1 3
3 0 -1 -1 -1 -1 -1 -1 0 0 3
0 0 -1 -1 -1 0 0 0 0 0 0
3 0 -1 0 0 0 0 0 0 0 3
3 0 0 0 0 0 0 0 0 0 3
3 0 91 0 0 0 0 0 -1 -1 3
3 3 0 0 0 0 -1 -1 -1 3 3
3 3 3 3 3 0 3 3 3 3 3
19:17:35.874770 - stdout  :: 1 0
19:17:35.889013 - stdin   :: 26 11 0 1
27 18
14 43
15 43
26 11
3 3 3 3 3 0 3 3 3 3 3
3 3 0 0 -1 -1 -1 -1 -1 3 3
3 0 0 -1 -1 -1 -1 -1 -1 -1 3
3 0 -1 -1 -1 -1 -1 -1 -1 -1 3
3 -1 -1 -1 -1 -1 -1 0 0 0 3
0 -1 -1 -1 0 0 0 0 0 0 0
3 -1 0 0 0 0 0 0 0 0 3
3 0 0 0 0 0 0 0 0 0 3
3 91 0 0 0 0 0 -1 -1 -1 3
3 3 0 0 0 -1 -1 -1 -1 3 3
3 3 3 3 3 0 3 3 3 3 3
19:17:35.892057 - stdout  :: 0 0
19:17:35.912648 - stdin   :: 26 12 0 1
28 19
15 44
16 44
26 12
3 3 3 3 3 0 3 3 3 3 3
3 3 0 -1 -1 -1 -1 -1 -1 3 3
3 0 -1 -1 -1 -1 -1 -1 -1 -1 3
3 -1 -1 -1 -1 -1 -1 -1 -1 -1 3
3 -1 -1 -1 -1 -1 0 0 0 0 3
-1 -1 -1 0 0 0 0 0 0 0 0
3 0 0 0 0 0 0 0 0 0 3
3 0 0 0 0 0 0 0 0 -1 3
3 0 0 0 0 0 -1 -1 -1 -1 3
3 3 0 0 -1 -1 -1 -1 -1 3 3
3 3 3 3 3 0 3 3 3 3 3
19:17:35.913834 - stdout  :: -1 0
19:17:35.928223 - stdin   :: 25 13 -1 1
28 20
17 44
16 44
25 13
3 3 3 3 3 0 3 3 3 3 3
3 3 0 0 0 0 -1 -1 -1 3 3
3 0 -1 -1 -1 -1 -1 -1 -1 -1 3
3 -1 -1 -1 -1 -1 -1 -1 -1 -1 3
3 -1 -1 -1 -1 -1 -1 -1 -1 -1 3
-1 -1 -1 -1 -1 0 0 0 0 0 0
3 -1 0 0 0 0 0 0 0 0 3
3 0 0 0 0 0 0 0 0 0 3
3 0 0 0 0 0 0 0 -1 -1 3
3 3 0 0 0 -1 -1 -1 -1 3 3
3 3 3 3 3 -1 3 3 3 3 3
19:17:35.929483 - stdout  :: 1 0
19:17:35.945405 - stdin   :: 25 14 0 1
29 21
19 44
17 44
25 14
3 3 3 3 3 0 3 3 3 3 3
3 3 0 0 0 -1 -1 -1 -1 3 3
3 -1 -1 -1 -1 -1 -1 -1 -1 -1 3
3 -1 -1 -1 -1 -1 -1 -1 -1 -1 3
3 -1 -1 -1 -1 -1 -1 -1 -1 -1 3
-1 -1 -1 -1 0 0 0 0 0 0 0
3 0 0 0 0 0 0 0 0 0 3
3 0 0 0 0 0 0 0 0 0 3
3 0 0 0 0 0 0 -1 -1 0 3
3 3 0 0 -1 -1 -1 -1 -1 3 3
3 3 3 3 3 -1 3 3 3 3 3
19:17:35.946643 - stdout  :: 0 0
19:17:35.964641 - stdin   :: 25 15 0 1
30 22
22 43
18 44
25 15
3 3 3 3 3 0 3 3 3 3 3
3 3 0 0 -1 -1 -1 -1 -1 3 3
3 -1 -1 -1 -1 -1 -1 -1 -1 -1 3
3 -1 -1 -1 -1 -1 -1 -1 -1 -1 3
3 -1 -1 -1 -1 -1 -1 -1 -1 -1 3
-1 -1 -1 0 0 0 0 0 0 0 0
3 0 0 0 0 0 0 0 0 0 3
3 0 0 0 0 0 0 0 0 0 3
3 0 0 0 0 0 -1 -1 0 0 3
3 3 0 -1 -1 -1 -1 -1 -1 3 3
3 3 3 3 3 -1 3 3 3 3 3
19:17:35.965629 - stdout  :: 0 0
19:17:35.978680 - stdin   :: 25 16 0 1
31 23
22 43
19 44
25 16
3 3 3 3 3 -1 3 3 3 3 3
3 3 0 -1 -1 -1 -1 -1 -1 3 3
3 -1 -1 -1 -1 -1 -1 -1 -1 -1 3
3 -1 -1 -1 -1 -1 -1 -1 -1 -1 3
3 -1 -1 -1 -1 -1 -1 -1 -1 -1 3
-1 -1 0 0 0 0 0 0 0 0 -1
3 0 0 0 0 0 0 0 0 0 3
3 0 0 0 0 0 0 0 0 0 3
3 0 0 0 0 -1 -1 0 0 0 3
3 3 -1 -1 -1 -1 -1 -1 -1 3 3
3 3 3 3 3 -1 3 3 3 3 3
19:17:35.979526 - stdout  :: 0 0
19:17:35.990457 - stdin   :: 25 17 0 1
32 24
22 43
20 44
25 17
3 3 3 3 3 -1 3 3 3 3 3
3 3 -1 -1 -1 -1 -1 -1 -1 3 3
3 -1 -1 -1 -1 -1 -1 -1 -1 -1 3
3 -1 -1 -1 -1 -1 -1 -1 -1 -1 3
3 -1 -1 -1 -1 -1 -1 -1 -1 -1 3
-1 0 0 0 0 0 0 0 0 -1 -1
3 0 0 0 0 0 0 0 0 0 3
3 0 0 0 0 0 0 0 0 0 3
3 0 0 0 -1 -1 0 0 0 0 3
3 3 -1 -1 -1 -1 -1 -1 0 3 3
3 3 3 3 3 -1 3 3 3 3 3
19:17:35.991366 - stdout  :: 0 0
19:17:36.002192 - stdin   :: 25 18 0 1
33 25
22 43
20 43
25 18
3 3 3 3 3 -1 3 3 3 3 3
3 3 -1 -1 -1 -1 -1 -1 -1 3 3
3 -1 -1 -1 -1 -1 -1 -1 -1 -1 3
3 -1 -1 -1 -1 -1 -1 -1 -1 -1 3
3 -1 -1 -1 -1 -1 -1 -1 -1 -1 3
0 0 0 0 0 0 0 0 -1 -1 -1
3 0 0 0 0 0 0 0 0 -1 3
3 0 0 0 0 0 0 0 0 0 3
3 0 0 -1 -1 0 0 0 0 0 3
3 3 -1 -1 -1 -1 -1 0 0 3 3
3 3 3 3 3 -1 3 3 3 3 3
19:17:36.003046 - stdout  :: 0 0
19:17:36.015081 - stdin   :: 25 19 0 1
33 26
22 43
21 43
25 19
3 3 3 3 3 -1 3 3 3 3 3
3 3 -1 -1 -1 -1 -1 -1 -1 3 3
3 -1 -1 -1 -1 -1 -1 -1 -1 -1 3
3 -1 -1 -1 -1 -1 -1 -1 -1 -1 3
3 -1 -1 -1 -1 -1 -1 -1 -1 -1 3
0 0 0 0 0 0 0 -1 -1 -1 -1
3 0 0 0 0 0 0 0 -1 -1 3
3 0 0 0 0 0 0 0 0 0 3
3 0 -1 -1 0 0 0 0 0 0 3
3 3 -1 -1 -1 -1 0 0 91 3 3
3 3 3 3 3 -1 3 3 3 3 3
19:17:36.015923 - stdout  :: 0 0
19:17:36.027423 - stdin   :: 25 20 0 1
32 27
22 43
22 42
25 20
3 3 3 3 3 -1 3 3 3 3 3
3 3 -1 -1 -1 -1 -1 -1 -1 3 3
3 -1 -1 -1 -1 -1 -1 -1 -1 -1 3
3 -1 -1 -1 -1 -1 -1 -1 -1 -1 3
3 -1 -1 -1 -1 -1 -1 -1 -1 -1 3
0 0 0 0 0 0 -1 -1 -1 -1 -1
3 0 0 0 0 0 0 -1 -1 -1 3
3 0 0 0 0 0 0 0 0 -1 3
3 -1 -1 0 0 0 0 0 0 0 3
3 3 -1 -1 -1 0 0 91 0 3 3
3 3 3 3 3 -1 3 3 3 3 3
19:17:36.028275 - stdout  :: 1 0
19:17:36.040188 - stdin   :: 26 21 1 1
31 28
22 43
22 42
26 21
3 3 3 3 3 -1 3 3 3 3 3
3 3 -1 -1 -1 -1 -1 -1 -1 3 3
3 -1 -1 -1 -1 -1 -1 -1 -1 -1 3
3 -1 -1 -1 -1 -1 -1 -1 -1 -1 3
3 0 0 0 0 -1 -1 -1 -1 -1 3
0 0 0 0 0 0 -1 -1 -1 -1 -1
3 0 0 0 0 0 0 0 -1 -1 3
3 -1 0 0 0 0 0 0 0 -1 3
3 -1 -1 -1 0 0 91 0 0 0 3
3 3 -1 -1 -1 0 0 0 0 3 3
3 3 3 3 3 -1 3 3 3 3 3
19:17:36.041279 - stdout  :: 0 0
19:17:36.055631 - stdin   :: 27 22 1 1
30 29
21 43
22 43
27 22
3 3 3 3 3 -1 3 3 3 3 3
3 3 -1 -1 -1 -1 -1 -1 -1 3 3
3 -1 -1 -1 -1 -1 -1 -1 -1 -1 3
3 0 0 0 -1 -1 -1 -1 -1 -1 3
3 0 0 0 0 -1 -1 -1 -1 -1 3
0 0 0 0 0 0 0 -1 -1 -1 -1
3 0 0 0 0 0 0 0 -1 -1 3
3 -1 -1 0 0 91 0 0 0 0 3
3 -1 -1 -1 0 0 0 0 0 0 3
3 3 -1 -1 -1 -1 0 0 0 3 3
3 3 3 3 3 -1 3 3 3 3 3
19:17:36.056577 - stdout  :: -1 0
19:17:36.070690 - stdin   :: 27 23 0 1
30 29
20 43
21 43
27 23
3 3 3 3 3 -1 3 3 3 3 3
3 3 -1 -1 -1 -1 -1 -1 -1 3 3
3 -1 -1 -1 -1 -1 -1 -1 -1 -1 3
3 0 0 -1 -1 -1 -1 -1 -1 -1 3
3 0 0 0 -1 -1 -1 -1 -1 -1 3
0 0 0 0 0 0 -1 -1 -1 -1 -1
3 0 0 0 0 0 0 -1 -1 -1 3
3 -1 0 0 91 0 0 0 0 -1 3
3 -1 -1 0 0 0 0 0 0 0 3
3 3 -1 -1 -1 0 0 0 0 3 3
3 3 3 3 3 -1 3 3 3 3 3
19:17:36.071645 - stdout  :: 1 0
19:17:36.083246 - stdin   :: 28 24 1 1
30 29
19 43
21 42
28 24
3 3 3 3 3 -1 3 3 3 3 3
3 3 -1 -1 -1 -1 -1 -1 -1 3 3
3 0 -1 -1 -1 -1 -1 -1 -1 -1 3
3 0 0 -1 -1 -1 -1 -1 -1 -1 3
3 0 0 0 0 -1 -1 -1 -1 -1 3
0 0 0 0 0 0 -1 -1 -1 -1 -1
3 0 0 91 0 0 0 0 -1 0 3
3 -1 0 0 0 0 0 0 0 0 3
3 -1 -1 -1 0 0 0 0 0 0 3
3 3 -1 -1 -1 0 0 0 0 3 3
3 3 3 3 3 0 3 3 3 3 3
19:17:36.083991 - stdout  :: 0 0
19:17:36.095536 - stdin   :: 29 25 1 1
30 29
18 43
20 42
29 25
3 3 3 3 3 -1 3 3 3 3 3
3 3 -1 -1 -1 -1 -1 -1 -1 3 3
3 0 -1 -1 -1 -1 -1 -1 -1 -1 3
3 0 0 0 -1 -1 -1 -1 -1 -1 3
3 0 0 0 0 -1 -1 -1 -1 -1 3
0 0 91 0 0 0 0 -1 0 0 0
3 0 0 0 0 0 0 0 0 0 3
3 -1 -1 0 0 0 0 0 0 0 3
3 -1 -1 -1 0 0 0 0 0 0 3
3 3 0 0 0 0 0 0 0 3 3
3 3 3 3 3 0 3 3 3 3 3
19:17:36.096311 - stdout  :: -1 0
19:17:36.108019 - stdin   :: 29 26 0 1
30 29
17 43
20 41
29 26
3 3 3 3 3 -1 3 3 3 3 3
3 3 -1 -1 -1 -1 -1 -1 -1 3 3
3 -1 -1 -1 -1 -1 -1 -1 -1 -1 3
3 0 0 -1 -1 -1 -1 -1 -1 -1 3
3 0 0 0 -1 -1 -1 -1 -1 0 3
0 91 0 0 0 0 -1 0 0 0 0
3 0 0 0 0 0 0 0 0 -1 3
3 -1 0 0 0 0 0 0 0 0 3
3 -1 -1 0 0 0 0 0 0 0 3
3 3 0 0 0 0 0 0 91 3 3
3 3 3 3 3 0 3 3 3 3 3
19:17:36.108798 - stdout  :: 1 0
19:17:36.120173 - stdin   :: 30 27 1 1
30 29
16 43
21 41
30 27
3 3 3 3 3 -1 3 3 3 3 3
3 3 -1 -1 -1 -1 -1 -1 -1 3 3
3 0 -1 -1 -1 -1 -1 -1 -1 -1 3
3 0 0 -1 -1 -1 -1 -1 0 0 3
3 0 0 0 0 -1 0 0 0 0 3
0 0 0 0 0 0 0 0 -1 -1 -1
3 0 0 0 0 0 0 0 0 0 3
3 -1 0 0 0 0 0 0 0 0 3
3 0 0 0 0 0 0 91 91 91 3
3 3 -1 0 0 0 0 0 0 3 3
3 3 3 3 3 0 3 3 3 3 3
19:17:36.121063 - stdout  :: -1 0
19:17:36.132586 - stdin   :: 30 28 0 1
30 29
15 43
22 41
30 28
3 3 3 3 3 -1 3 3 3 3 3
3 3 -1 -1 -1 -1 -1 -1 -1 3 3
3 -1 -1 -1 -1 -1 -1 -1 -1 -1 3
3 0 -1 -1 -1 -1 -1 0 0 0 3
3 0 0 0 -1 0 0 0 0 -1 3
0 0 0 0 0 0 0 -1 -1 -1 -1
3 0 0 0 0 0 0 0 0 0 3
3 0 0 0 0 0 0 0 0 0 3
3 0 0 0 0 0 91 91 91 0 3
3 3 0 0 0 0 0 0 0 3 3
3 3 3 3 3 0 3 3 3 3 3
19:17:36.133286 - stdout  :: -1 0
19:17:36.146819 - stdin   :: 29 29 -1 1
31 30
15 44
22 40
29 29
3 3 3 3 3 -1 3 3 3 3 3
3 3 -1 -1 -1 -1 -1 -1 -1 3 3
3 -1 -1 -1 -1 -1 -1 -1 -1 -1 3
3 -1 -1 -1 -1 -1 -1 -1 -1 0 3
3 -1 -1 -1 -1 -1 0 0 0 0 3
0 0 0 -1 0 0 0 0 -1 -1 -1
3 0 0 0 0 0 -1 -1 -1 -1 3
3 0 0 0 0 0 0 0 0 -1 3
3 0 0 0 0 0 0 0 0 0 3
3 3 0 0 0 91 91 91 0 3 3
3 3 3 3 3 0 3 3 3 3 3
19:17:36.147556 - stdout  :: 0 0
19:17:36.161009 - stdin   :: 28 30 -1 1
32 31
16 44
21 40
28 30
3 3 3 3 3 -1 3 3 3 3 3
3 3 -1 -1 -1 -1 -1 -1 -1 3 3
3 -1 -1 -1 -1 -1 -1 -1 -1 -1 3
3 -1 -1 -1 -1 -1 -1 -1 -1 0 3
3 -1 -1 -1 -1 -1 -1 -1 0 0 3
-1 -1 -1 -1 -1 0 0 0 0 0 0
3 0 -1 0 0 0 0 -1 -1 -1 3
3 0 0 0 0 -1 -1 -1 -1 -1 3
3 0 0 0 0 0 0 0 -1 -1 3
3 3 0 0 0 0 0 0 0 3 3
3 3 3 3 3 91 3 3 3 3 3
19:17:36.161819 - stdout  :: 1 0
19:17:36.175455 - stdin   :: 28 31 0 1
32 32
17 44
20 40
28 31
3 3 3 3 3 -1 3 3 3 3 3
3 3 -1 -1 -1 -1 -1 -1 -1 3 3
3 -1 -1 -1 -1 -1 -1 -1 -1 -1 3
3 -1 -1 -1 -1 -1 -1 -1 0 0 3
3 -1 -1 -1 -1 -1 -1 0 0 0 3
-1 -1 -1 -1 0 0 0 0 0 0 -1
3 -1 0 0 0 0 -1 -1 -1 -1 3
3 0 0 0 -1 -1 -1 -1 -1 -1 3
3 0 0 0 0 0 0 -1 -1 -1 3
3 3 0 0 0 0 0 0 0 3 3
3 3 3 3 3 91 3 3 3 3 3
19:17:36.176193 - stdout  :: 0 0
19:17:36.189644 - stdin   :: 28 32 0 1
32 33
18 44
20 39
28 32
3 3 3 3 3 -1 3 3 3 3 3
3 3 -1 -1 -1 -1 -1 -1 -1 3 3
3 -1 -1 -1 -1 -1 -1 -1 -1 -1 3
3 -1 -1 -1 -1 -1 -1 0 0 0 3
3 -1 -1 -1 -1 -1 0 0 0 0 3
-1 -1 -1 0 0 0 0 0 0 -1 -1
3 0 0 0 0 -1 -1 -1 -1 -1 3
3 0 0 -1 -1 -1 -1 -1 -1 -1 3
3 0 0 0 0 0 -1 -1 -1 -1 3
3 3 0 0 0 0 0 0 0 3 3
3 3 3 3 3 0 3 3 3 3 3
19:17:36.190364 - stdout  :: -1 0
19:17:36.203563 - stdin   :: 27 33 -1 1
32 34
19 44
19 39
27 33
3 3 3 3 3 0 3 3 3 3 3
3 3 -1 -1 -1 0 0 0 0 3 3
3 -1 -1 -1 -1 -1 -1 -1 -1 -1 3
3 -1 -1 -1 -1 -1 -1 -1 -1 -1 3
3 -1 -1 -1 -1 -1 0 0 0 0 3
-1 -1 -1 -1 -1 0 0 0 0 0 0
3 -1 0 0 0 0 0 0 -1 -1 3
3 0 0 0 -1 -1 -1 -1 -1 -1 3
3 0 -1 -1 -1 -1 -1 -1 -1 -1 3
3 3 0 0 0 -1 -1 -1 -1 3 3
3 3 3 3 3 0 3 3 3 3 3
19:17:36.204260 - stdout  :: 0 0
19:17:36.217706 - stdin   :: 26 34 -1 1
32 35
20 44
19 39
26 34
3 3 3 3 3 0 3 3 3 3 3
3 3 0 0 0 0 0 0 0 3 3
3 -1 -1 -1 0 0 0 0 0 0 3
3 -1 -1 -1 -1 -1 -1 -1 -1 -1 3
3 -1 -1 -1 -1 -1 -1 -1 -1 -1 3
-1 -1 -1 -1 -1 0 0 0 0 0 0
3 -1 -1 -1 0 0 0 0 0 0 3
3 0 0 0 0 0 0 -1 -1 -1 3
3 0 0 -1 -1 -1 -1 -1 -1 -1 3
3 3 -1 -1 -1 -1 -1 -1 -1 3 3
3 3 3 3 3 -1 3 3 3 3 3
19:17:36.218429 - stdout  :: 1 0
19:17:36.232266 - stdin   :: 26 35 0 1
32 36
22 43
20 39
26 35
3 3 3 3 3 0 3 3 3 3 3
3 3 0 0 0 0 0 0 0 3 3
3 -1 -1 0 0 0 0 0 0 0 3
3 -1 -1 -1 -1 -1 -1 -1 -1 -1 3
3 -1 -1 -1 -1 -1 -1 -1 -1 -1 3
-1 -1 -1 -1 0 0 0 0 0 0 0
3 -1 -1 0 0 0 0 0 0 0 3
3 0 0 0 0 0 -1 -1 -1 -1 3
3 0 -1 -1 -1 -1 -1 -1 -1 -1 3
3 3 -1 -1 -1 -1 -1 -1 -1 3 3
3 3 3 3 3 -1 3 3 3 3 3
19:17:36.232980 - stdout  :: 0 0
19:17:36.247311 - stdin   :: 26 36 0 1
32 37
22 43
21 39
26 36
3 3 3 3 3 0 3 3 3 3 3
3 3 0 0 0 0 0 0 0 3 3
3 -1 0 0 0 0 0 0 0 0 3
3 -1 -1 -1 -1 -1 -1 -1 -1 -1 3
3 -1 -1 -1 -1 -1 -1 -1 -1 -1 3
-1 -1 -1 0 0 0 0 0 0 0 0
3 -1 0 0 0 0 0 0 0 0 3
3 0 0 0 0 -1 -1 -1 -1 -1 3
3 -1 -1 -1 -1 -1 -1 -1 -1 -1 3
3 3 -1 -1 -1 -1 -1 -1 -1 3 3
3 3 3 3 3 -1 3 3 3 3 3
19:17:36.248019 - stdout  :: 0 0
19:17:36.261028 - stdin   :: 26 37 0 1
32 38
22 43
22 39
26 37
3 3 3 3 3 0 3 3 3 3 3
3 3 0 0 0 0 0 0 0 3 3
3 0 0 0 0 0 0 0 0 -1 3
3 -1 -1 -1 -1 -1 -1 -1 -1 -1 3
3 -1 -1 -1 -1 -1 -1 -1 -1 -1 3
-1 -1 0 0 0 0 0 0 0 0 -1
3 0 0 0 0 0 0 0 0 0 3
3 0 0 0 -1 -1 -1 -1 -1 0 3
3 -1 -1 -1 -1 -1 -1 -1 -1 -1 3
3 3 -1 -1 -1 -1 -1 -1 -1 3 3
3 3 3 3 3 -1 3 3 3 3 3
19:17:36.261860 - stdout  :: 0 0
19:17:36.276044 - stdin   :: 26 38 0 1
31 39
22 43
23 39
26 38
3 3 3 3 3 0 3 3 3 3 3
3 3 0 0 0 0 0 0 0 3 3
3 0 0 0 0 0 0 0 -1 -1 3
3 -1 -1 -1 -1 -1 -1 -1 -1 -1 3
3 -1 -1 -1 -1 -1 -1 -1 -1 -1 3
-1 0 0 0 0 0 0 0 0 -1 -1
3 0 0 0 0 0 0 0 0 0 3
3 0 0 -1 -1 -1 -1 -1 0 0 3
3 -1 -1 -1 -1 -1 -1 -1 -1 0 3
3 3 -1 -1 -1 -1 -1 -1 0 3 3
3 3 3 3 3 -1 3 3 3 3 3
19:17:36.276683 - stdout  :: 0 0
19:17:36.288314 - stdin   :: 26 39 0 1
31 40
22 43
23 40
26 39
3 3 3 3 3 0 3 3 3 3 3
3 3 0 0 0 0 0 0 0 3 3
3 0 0 0 0 0 0 -1 -1 -1 3
3 -1 -1 -1 -1 -1 -1 -1 -1 -1 3
3 -1 -1 -1 -1 -1 -1 -1 -1 -1 3
0 0 0 0 0 0 0 0 -1 -1 -1
3 0 0 0 0 0 0 0 0 0 3
3 0 -1 -1 -1 -1 -1 0 0 0 3
3 -1 -1 -1 -1 -1 -1 -1 0 0 3
3 3 -1 -1 -1 -1 -1 0 0 3 3
3 3 3 3 3 0 3 3 3 3 3
19:17:36.288904 - stdout  :: 0 0
19:17:36.300219 - stdin   :: 26 40 0 1
30 41
22 43
23 40
26 40
3 3 3 3 3 0 3 3 3 3 3
3 3 0 0 0 0 0 0 0 3 3
3 0 0 0 0 0 -1 -1 -1 -1 3
3 -1 -1 -1 -1 -1 -1 -1 -1 -1 3
3 -1 -1 -1 -1 -1 -1 -1 -1 -1 3
0 0 0 0 0 0 0 -1 -1 -1 -1
3 0 0 0 0 0 0 0 0 -1 3
3 -1 -1 -1 -1 -1 0 0 0 0 3
3 -1 -1 -1 -1 -1 -1 0 0 0 3
3 3 -1 -1 -1 -1 0 0 0 3 3
3 3 3 3 3 0 3 3 3 3 3
19:17:36.300830 - stdout  :: 0 0
19:17:36.312221 - stdin   :: 26 41 0 1
29 42
22 43
23 39
26 41
3 3 3 3 3 0 3 3 3 3 3
3 3 0 0 0 0 0 0 -1 3 3
3 0 0 0 0 -1 -1 -1 -1 -1 3
3 -1 -1 -1 -1 -1 -1 -1 -1 -1 3
3 -1 -1 -1 -1 -1 -1 -1 -1 -1 3
0 0 0 0 0 0 -1 -1 -1 -1 -1
3 0 0 0 0 0 0 0 -1 -1 3
3 -1 -1 -1 -1 0 0 0 0 0 3
3 -1 -1 -1 -1 -1 0 0 0 92 3
3 3 -1 -1 -1 0 0 0 0 3 3
3 3 3 3 3 0 3 3 3 3 3
19:17:36.312757 - stdout  :: 1 0
19:17:36.325621 - stdin   :: 27 42 1 1
29 43
22 42
23 38
27 42
3 3 3 3 3 0 3 3 3 3 3
3 3 0 0 -1 -1 -1 -1 -1 3 3
3 -1 -1 -1 -1 -1 -1 -1 -1 -1 3
3 -1 -1 -1 -1 -1 -1 -1 -1 -1 3
3 0 0 0 0 -1 -1 -1 -1 -1 3
0 0 0 0 0 0 0 -1 -1 -1 -1
3 -1 -1 -1 0 0 0 0 0 -1 3
3 -1 -1 -1 -1 0 0 0 92 92 3
3 -1 -1 -1 0 0 0 0 92 92 3
3 3 0 0 0 0 0 0 92 3 3
3 3 3 3 3 0 3 3 3 3 3
19:17:36.326256 - stdout  :: 0 0
19:17:36.339912 - stdin   :: 28 43 1 1
29 43
22 41
22 38
28 43
3 3 3 3 3 -1 3 3 3 3 3
3 3 -1 -1 -1 -1 -1 -1 -1 3 3
3 -1 -1 -1 -1 -1 -1 -1 -1 -1 3
3 0 0 0 -1 -1 -1 -1 -1 -1 3
3 0 0 0 0 0 -1 -1 -1 -1 3
-1 -1 -1 0 0 0 0 0 -1 -1 -1
3 -1 -1 -1 0 0 0 92 92 92 3
3 -1 -1 0 0 0 0 92 92 92 3
3 0 0 0 0 0 0 92 92 92 3
3 3 0 0 0 0 0 0 -1 3 3
3 3 3 3 3 0 3 3 3 3 3
19:17:36.340903 - stdout  :: 0 0
19:17:36.354906 - stdin   :: 29 44 1 1
29 42
21 40
21 38
29 44
3 3 3 3 3 -1 3 3 3 3 3
3 3 -1 -1 -1 -1 -1 -1 -1 3 3
3 0 0 -1 -1 -1 -1 -1 -1 -1 3
3 0 0 0 0 -1 -1 -1 -1 -1 3
3 -1 0 0 0 0 0 -1 -1 -1 3
-1 -1 -1 0 0 0 92 92 92 92 92
3 -1 0 0 0 0 92 92 92 92 3
3 0 0 0 0 0 92 92 92 92 3
3 0 0 0 0 0 0 -1 -1 -1 3
3 3 0 0 0 -1 -1 -1 -1 3 3
3 3 3 3 3 -1 3 3 3 3 3
19:17:36.355662 - stdout  :: 0 -1
19:17:36.369070 - stdin   :: 30 44 1 0
30 41
20 39
20 38
30 44
3 3 3 3 3 -1 3 3 3 3 3
3 3 0 -1 -1 -1 -1 -1 -1 3 3
3 0 0 0 0 -1 -1 -1 -1 -1 3
3 -1 0 0 0 0 0 -1 -1 -1 3
3 -1 -1 0 0 0 92 92 92 92 3
-1 -1 0 0 0 0 92 92 92 92 92
3 0 0 0 0 0 92 92 92 92 3
3 0 0 0 0 0 0 -1 -1 -1 3
3 0 0 0 0 -1 -1 -1 -1 -1 3
3 3 0 -1 -1 -1 -1 -1 -1 3 3
3 3 3 3 3 -1 3 3 3 3 3
19:17:36.369915 - stdout  :: 0 0
19:17:36.384377 - stdin   :: 31 44 1 0
31 40
19 39
20 38
31 44
3 3 3 3 3 -1 3 3 3 3 3
3 3 0 0 0 -1 -1 -1 -1 3 3
3 -1 0 0 0 0 0 -1 -1 -1 3
3 -1 -1 0 0 0 92 92 92 92 3
3 -1 0 0 0 0 92 92 92 92 3
0 0 0 0 0 0 92 92 92 92 92
3 0 0 0 0 0 0 -1 -1 -1 3
3 0 0 0 0 -1 -1 -1 -1 -1 3
3 0 0 -1 -1 -1 -1 -1 -1 -1 3
3 3 -1 -1 -1 -1 -1 -1 -1 3 3
3 3 3 3 3 -1 3 3 3 3 3
19:17:36.385285 - stdout  :: 0 -1
19:17:36.399744 - stdin   :: 32 43 1 -1
31 39
18 40
21 38
32 43
3 3 3 3 3 0 3 3 3 3 3
3 3 -1 0 0 0 0 0 -1 3 3
3 -1 -1 -1 0 0 0 92 92 92 3
3 -1 -1 0 0 0 0 92 92 92 3
3 0 0 0 0 0 0 92 92 92 3
0 0 0 0 0 0 0 0 -1 -1 -1
3 0 0 0 0 0 -1 -1 -1 -1 3
3 0 0 0 -1 -1 -1 -1 -1 -1 3
3 -1 -1 -1 -1 -1 -1 -1 -1 -1 3
3 3 -1 -1 -1 -1 -1 -1 -1 3 3
3 3 3 3 3 -1 3 3 3 3 3
19:17:36.400642 - stdout  :: -1 0
19:17:36.415316 - stdin   :: 32 42 0 -1
32 38
17 41
21 37
32 42
3 3 3 3 3 0 3 3 3 3 3
3 3 -1 -1 0 0 0 0 0 3 3
3 -1 -1 -1 -1 0 0 0 92 92 3
3 -1 -1 -1 0 0 0 0 92 92 3
3 -1 0 0 0 0 0 0 92 92 3
0 0 0 0 0 0 0 0 0 -1 -1
3 0 0 0 0 0 0 -1 -1 -1 3
3 0 0 0 0 -1 -1 -1 -1 -1 3
3 -1 -1 -1 -1 -1 -1 -1 -1 -1 3
3 3 -1 -1 -1 -1 -1 -1 -1 3 3
3 3 3 3 3 -1 3 3 3 3 3
19:17:36.416288 - stdout  :: -1 0
19:17:36.430591 - stdin   :: 31 41 -1 -1
32 37
16 42
22 37
31 41
3 3 3 3 3 0 3 3 3 3 3
3 3 0 0 0 0 0 0 -1 3 3
3 -1 -1 -1 -1 0 0 0 0 0 3
3 -1 -1 -1 -1 -1 0 0 0 92 3
3 -1 -1 -1 -1 0 0 0 0 92 3
-1 -1 -1 0 0 0 0 0 0 92 92
3 0 0 0 0 0 0 0 0 0 3
3 0 0 0 0 0 0 0 -1 -1 3
3 0 0 0 0 0 -1 -1 -1 -1 3
3 3 -1 -1 -1 -1 -1 -1 -1 3 3
3 3 3 3 3 -1 3 3 3 3 3
19:17:36.431575 - stdout  :: 1 0
19:17:36.444551 - stdin   :: 31 40 0 -1
33 36
15 43
23 37
31 40
3 3 3 3 3 0 3 3 3 3 3
3 3 0 0 0 0 0 0 0 3 3
3 -1 -1 -1 -1 -1 0 0 0 0 3
3 -1 -1 -1 -1 -1 -1 0 0 0 3
3 -1 -1 -1 -1 -1 0 0 0 0 3
-1 -1 -1 -1 0 0 0 0 0 0 92
3 0 0 0 0 0 0 0 0 0 3
3 0 0 0 0 0 0 0 0 -1 3
3 0 0 0 0 0 0 -1 -1 -1 3
3 3 -1 -1 -1 -1 -1 -1 -1 3 3
3 3 3 3 3 -1 3 3 3 3 3
19:17:36.445569 - stdout  :: 1 0
19:17:36.458284 - stdin   :: 32 39 1 -1
34 35
14 43
23 36
32 39
3 3 3 3 3 0 3 3 3 3 3
3 3 -1 -1 -1 -1 -1 0 0 3 3
3 -1 -1 -1 -1 -1 -1 -1 0 0 3
3 -1 -1 -1 -1 -1 -1 0 0 0 3
3 -1 -1 -1 -1 0 0 0 0 0 3
0 0 0 0 0 0 0 0 0 0 0
3 0 0 0 0 0 0 0 0 0 3
3 0 0 0 0 0 0 0 -1 -1 3
3 -1 -1 -1 -1 -1 -1 -1 -1 -1 3
3 3 -1 -1 -1 -1 -1 -1 -1 3 3
3 3 3 3 3 -1 3 3 3 3 3
19:17:36.459558 - stdout  :: -1 0
19:17:36.477152 - stdin   :: 32 38 0 -1
34 34
14 42
22 36
32 38
3 3 3 3 3 0 3 3 3 3 3
3 3 0 -1 -1 -1 -1 -1 0 3 3
3 -1 -1 -1 -1 -1 -1 -1 -1 0 3
3 -1 -1 -1 -1 -1 -1 -1 0 0 3
3 -1 -1 -1 -1 -1 0 0 0 0 3
0 0 0 0 0 0 0 0 0 0 0
3 0 0 0 0 0 0 0 0 0 3
3 0 0 0 0 0 0 0 0 -1 3
3 -1 -1 -1 -1 -1 -1 -1 -1 -1 3
3 3 -1 -1 -1 -1 -1 -1 -1 3 3
3 3 3 3 3 -1 3 3 3 3 3
19:17:36.478667 - stdout  :: 0 0
19:17:36.494804 - stdin   :: 32 37 0 -1
34 33
14 41
21 36
32 37
3 3 3 3 3 0 3 3 3 3 3
3 3 0 0 -1 -1 -1 -1 -1 3 3
3 -1 -1 -1 -1 -1 -1 -1 -1 -1 3
3 -1 -1 -1 -1 -1 -1 -1 -1 0 3
3 -1 -1 -1 -1 -1 -1 0 0 0 3
0 0 0 0 0 0 0 0 0 0 0
3 0 0 0 0 0 0 0 0 0 3
3 0 0 0 0 0 0 0 0 0 3
3 -1 -1 -1 -1 -1 -1 -1 -1 -1 3
3 3 -1 -1 -1 -1 -1 -1 -1 3 3
3 3 3 3 3 -1 3 3 3 3 3
19:17:36.495885 - stdout  :: 0 0
19:17:36.508793 - stdin   :: 32 36 0 -1
34 32
14 40
21 35
32 36
3 3 3 3 3 0 3 3 3 3 3
3 3 0 0 0 -1 -1 -1 -1 3 3
3 -1 -1 -1 -1 -1 -1 -1 -1 -1 3
3 -1 -1 -1 -1 -1 -1 -1 -1 -1 3
3 0 -1 -1 -1 -1 -1 -1 0 0 3
0 0 0 0 0 0 0 0 0 0 0
3 0 0 0 0 0 0 0 0 0 3
3 0 0 0 0 0 0 0 0 0 3
3 -1 -1 -1 -1 -1 -1 -1 -1 -1 3
3 3 -1 -1 -1 -1 -1 -1 -1 3 3
3 3 3 3 3 -1 3 3 3 3 3
19:17:36.509842 - stdout  :: 0 0
19:17:36.523485 - stdin   :: 32 35 0 -1
35 31
14 39
22 35
32 35
3 3 3 3 3 0 3 3 3 3 3
3 3 0 0 0 0 -1 -1 -1 3 3
3 0 -1 -1 -1 -1 -1 -1 -1 -1 3
3 -1 -1 -1 -1 -1 -1 -1 -1 -1 3
3 0 0 -1 -1 -1 -1 -1 -1 0 3
0 0 0 0 0 0 0 0 0 0 0
3 91 0 0 0 0 0 0 0 0 3
3 0 0 0 0 0 0 0 0 0 3
3 0 -1 -1 -1 -1 -1 -1 -1 -1 3
3 3 -1 -1 -1 -1 -1 -1 -1 3 3
3 3 3 3 3 -1 3 3 3 3 3
19:17:36.524594 - stdout  :: 0 0
19:17:36.538722 - stdin   :: 32 34 0 -1
35 30
14 38
23 35
32 34
3 3 3 3 3 0 3 3 3 3 3
3 3 0 0 0 0 0 -1 -1 3 3
3 0 0 -1 -1 -1 -1 -1 -1 -1 3
3 -1 -1 -1 -1 -1 -1 -1 -1 -1 3
3 0 0 0 -1 -1 -1 -1 -1 -1 3
0 0 0 0 0 0 0 0 0 0 0
3 91 91 0 0 0 0 0 0 0 3
3 0 0 0 0 0 0 0 0 0 3
3 0 0 -1 -1 -1 -1 -1 -1 -1 3
3 3 -1 -1 -1 -1 -1 -1 -1 3 3
3 3 3 3 3 -1 3 3 3 3 3
19:17:36.541199 - stdout  :: 1 0
19:17:36.562796 - stdin   :: 33 33 1 -1
36 29
14 37
23 34
33 33
3 3 3 3 3 0 3 3 3 3 3
3 3 0 0 -1 -1 -1 -1 -1 3 3
3 0 -1 -1 -1 -1 -1 -1 -1 -1 3
3 0 0 0 0 -1 -1 -1 -1 -1 3
3 0 0 0 0 0 0 0 0 0 3
0 91 91 91 0 0 0 0 0 0 0
3 0 0 0 0 0 0 0 0 0 3
3 0 0 0 -1 -1 -1 -1 -1 -1 3
3 0 -1 -1 -1 -1 -1 -1 -1 -1 3
3 3 -1 -1 -1 -1 -1 -1 -1 3 3
3 3 3 3 3 -1 3 3 3 3 3
19:17:36.573477 - stdout  :: -1 0
19:17:36.605609 - stdin   :: 33 32 0 -1
36 28
14 36
22 34
33 32
3 3 3 3 3 0 3 3 3 3 3
3 3 0 0 0 -1 -1 -1 -1 3 3
3 0 0 -1 -1 -1 -1 -1 -1 -1 3
3 0 0 0 0 0 -1 -1 -1 -1 3
3 0 0 0 0 0 0 0 0 0 3
0 0 91 91 91 0 0 0 0 0 0
3 0 0 0 0 0 0 0 0 0 3
3 0 0 0 0 -1 -1 -1 -1 -1 3
3 0 0 -1 -1 -1 -1 -1 -1 -1 3
3 3 -1 -1 -1 -1 -1 -1 -1 3 3
3 3 3 3 3 -1 3 3 3 3 3
19:17:36.608678 - stdout  :: 1 0
19:17:36.652961 - stdin   :: 34 31 1 -1
36 27
14 35
21 34
34 31
3 3 3 3 3 0 3 3 3 3 3
3 3 0 0 -1 -1 -1 -1 -1 3 3
3 0 0 0 0 0 0 -1 -1 -1 3
3 0 0 0 0 0 0 0 0 0 3
3 0 0 91 91 91 0 0 0 0 3
0 0 0 0 0 0 0 0 0 0 0
3 0 0 0 0 0 -1 -1 -1 -1 3
3 0 0 0 -1 -1 -1 -1 -1 -1 3
3 -1 -1 -1 -1 -1 -1 -1 -1 -1 3
3 3 -1 -1 -1 -1 -1 -1 -1 3 3
3 3 3 3 3 -1 3 3 3 3 3
19:17:36.660289 - stdout  :: -1 0
19:17:36.674193 - stdin   :: 34 30 0 -1
36 26
14 34
20 34
34 30
3 3 3 3 3 0 3 3 3 3 3
3 3 0 0 0 -1 -1 -1 -1 3 3
3 0 0 0 0 0 0 0 -1 -1 3
3 0 0 0 0 0 0 0 0 0 3
3 0 0 0 91 91 91 0 0 0 3
0 0 0 0 0 0 0 0 0 0 0
3 0 0 0 0 0 0 -1 -1 -1 3
3 0 0 0 0 -1 -1 -1 -1 -1 3
3 -1 -1 -1 -1 -1 -1 -1 -1 -1 3
3 3 -1 -1 -1 -1 -1 -1 -1 3 3
3 3 3 3 3 -1 3 3 3 3 3
19:17:36.681326 - stdout  :: -1 1
19:17:36.695300 - stdin   :: 33 30 -1 0
37 25
14 33
20 33
33 30
3 3 3 3 3 0 3 3 3 3 3
3 3 -1 0 0 0 0 -1 -1 3 3
3 0 0 0 0 -1 -1 -1 -1 -1 3
3 0 0 0 0 0 0 0 -1 -1 3
3 0 0 0 0 0 0 0 0 0 3
0 0 0 0 91 91 91 0 0 0 0
3 0 0 0 0 0 0 0 0 0 3
3 0 0 0 0 0 0 -1 -1 -1 3
3 0 0 0 0 -1 -1 -1 -1 -1 3
3 3 -1 -1 -1 -1 -1 -1 -1 3 3
3 3 3 3 3 -1 3 3 3 3 3
19:17:36.702413 - stdout  :: 0 1
19:17:36.717343 - stdin   :: 31 31 -2 1
37 24
14 32
21 33
31 31
3 3 3 3 3 -1 3 3 3 3 3
3 3 -1 -1 -1 -1 -1 0 0 3 3
3 -1 -1 -1 0 0 0 0 0 0 3
3 -1 0 0 0 0 -1 -1 -1 -1 3
3 0 0 0 -1 -1 -1 -1 -1 -1 3
0 0 0 0 0 0 0 -1 -1 -1 -1
3 0 0 0 0 0 0 0 0 0 3
3 0 0 91 91 91 0 0 0 0 3
3 0 0 0 0 0 0 0 0 0 3
3 3 0 0 0 0 -1 -1 -1 3 3
3 3 3 3 3 -1 3 3 3 3 3
19:17:36.724091 - stdout  :: 1 0
19:17:36.803379 - stdin   :: 31 31 0 0
36 18
12 34
22 31
31 31
3 3 3 3 3 -1 3 3 3 3 3
3 3 -1 -1 -1 -1 -1 0 0 3 3
3 -1 -1 -1 0 0 0 0 0 0 3
3 -1 0 0 0 0 -1 -1 -1 -1 3
3 0 0 0 -1 -1 -1 -1 -1 -1 3
0 0 0 0 0 0 0 -1 -1 -1 -1
3 0 0 0 0 0 0 0 0 0 3
3 0 0 91 91 91 0 0 0 0 3
3 0 0 0 0 0 0 0 0 0 3
3 3 0 0 0 0 -1 -1 -1 3 3
3 3 3 3 3 -1 3 3 3 3 3
19:17:36.813007 - stdout  :: 0 1
19:17:36.851168 - stdin   :: 31 32 0 1
36 17
12 35
22 30
31 32
3 3 3 3 3 -1 3 3 3 3 3
3 3 -1 -1 -1 -1 0 0 0 3 3
3 -1 -1 0 0 0 0 0 0 -1 3
3 0 0 0 0 -1 -1 -1 -1 -1 3
3 0 0 -1 -1 -1 -1 -1 -1 -1 3
0 0 0 0 0 0 -1 -1 -1 -1 -1
3 0 0 0 0 0 0 0 0 0 3
3 0 91 91 91 0 0 0 0 0 3
3 0 0 0 0 0 0 0 0 0 3
3 3 0 0 0 -1 -1 -1 -1 3 3
3 3 3 3 3 -1 3 3 3 3 3
19:17:36.860853 - stdout  :: 1 0
19:17:36.899050 - stdin   :: 32 33 1 1
36 16
11 35
21 30
32 33
3 3 3 3 3 0 3 3 3 3 3
3 3 0 0 0 0 0 0 -1 3 3
3 0 0 0 -1 -1 -1 -1 -1 -1 3
3 0 -1 -1 -1 -1 -1 -1 -1 -1 3
3 0 0 0 0 -1 -1 -1 -1 -1 3
0 0 0 0 0 0 0 0 0 0 0
3 91 91 91 0 0 0 0 0 0 3
3 0 0 0 0 0 0 0 0 0 3
3 0 0 0 -1 -1 -1 -1 -1 -1 3
3 3 -1 -1 -1 -1 -1 -1 -1 3 3
3 3 3 3 3 -1 3 3 3 3 3
19:17:36.908743 - stdout  :: -1 0
19:17:36.949219 - stdin   :: 32 34 0 1
35 15
10 35
20 30
32 34
3 3 3 3 3 0 3 3 3 3 3
3 3 0 0 0 0 0 -1 -1 3 3
3 0 0 -1 -1 -1 -1 -1 -1 -1 3
3 -1 -1 -1 -1 -1 -1 -1 -1 -1 3
3 0 0 0 -1 -1 -1 -1 -1 -1 3
0 0 0 0 0 0 0 0 0 0 0
3 91 91 0 0 0 0 0 0 0 3
3 0 0 0 0 0 0 0 0 0 3
3 0 0 -1 -1 -1 -1 -1 -1 -1 3
3 3 -1 -1 -1 -1 -1 -1 -1 3 3
3 3 3 3 3 -1 3 3 3 3 3
19:17:36.958336 - stdout  :: 0 0
19:17:36.985658 - stdin   :: 32 35 0 1
35 14
9 35
19 30
32 35
3 3 3 3 3 0 3 3 3 3 3
3 3 0 0 0 0 -1 -1 -1 3 3
3 0 -1 -1 -1 -1 -1 -1 -1 -1 3
3 -1 -1 -1 -1 -1 -1 -1 -1 -1 3
3 0 0 -1 -1 -1 -1 -1 -1 0 3
0 0 0 0 0 0 0 0 0 0 0
3 91 0 0 0 0 0 0 0 0 3
3 0 0 0 0 0 0 0 0 0 3
3 0 -1 -1 -1 -1 -1 -1 -1 -1 3
3 3 -1 -1 -1 -1 -1 -1 -1 3 3
3 3 3 3 3 -1 3 3 3 3 3
19:17:36.991973 - stdout  :: 0 0
19:17:37.005685 - stdin   :: 32 36 0 1
36 13
8 35
19 29
32 36
3 3 3 3 3 0 3 3 3 3 3
3 3 0 0 0 -1 -1 -1 -1 3 3
3 -1 -1 -1 -1 -1 -1 -1 -1 -1 3
3 -1 -1 -1 -1 -1 -1 -1 -1 -1 3
3 0 -1 -1 -1 -1 -1 -1 0 0 3
0 0 0 0 0 0 0 0 0 0 0
3 0 0 0 0 0 0 0 0 0 3
3 0 0 0 0 0 0 0 0 0 3
3 -1 -1 -1 -1 -1 -1 -1 -1 -1 3
3 3 -1 -1 -1 -1 -1 -1 -1 3 3
3 3 3 3 3 -1 3 3 3 3 3
19:17:37.011557 - stdout  :: 0 0
19:17:37.026978 - stdin   :: 32 37 0 1
37 12
8 36
20 29
32 37
3 3 3 3 3 0 3 3 3 3 3
3 3 0 0 -1 -1 -1 -1 -1 3 3
3 -1 -1 -1 -1 -1 -1 -1 -1 -1 3
3 -1 -1 -1 -1 -1 -1 -1 -1 0 3
3 -1 -1 -1 -1 -1 -1 0 0 0 3
0 0 0 0 0 0 0 0 0 0 0
3 0 0 0 0 0 0 0 0 0 3
3 0 0 0 0 0 0 0 0 0 3
3 -1 -1 -1 -1 -1 -1 -1 -1 -1 3
3 3 -1 -1 -1 -1 -1 -1 -1 3 3
3 3 3 3 3 -1 3 3 3 3 3
19:17:37.032883 - stdout  :: 0 0
19:17:37.046294 - stdin   :: 32 38 0 1
37 11
8 37
21 29
32 38
3 3 3 3 3 0 3 3 3 3 3
3 3 0 -1 -1 -1 -1 -1 0 3 3
3 -1 -1 -1 -1 -1 -1 -1 -1 0 3
3 -1 -1 -1 -1 -1 -1 -1 0 0 3
3 -1 -1 -1 -1 -1 0 0 0 0 3
0 0 0 0 0 0 0 0 0 0 0
3 0 0 0 0 0 0 0 0 0 3
3 0 0 0 0 0 0 0 0 -1 3
3 -1 -1 -1 -1 -1 -1 -1 -1 -1 3
3 3 -1 -1 -1 -1 -1 -1 -1 3 3
3 3 3 3 3 -1 3 3 3 3 3
19:17:37.052145 - stdout  :: -1 0
19:17:37.065236 - stdin   :: 31 39 -1 1
36 10
8 38
21 28
31 39
3 3 3 3 3 0 3 3 3 3 3
3 3 0 0 0 0 0 0 0 3 3
3 0 -1 -1 -1 -1 -1 0 0 0 3
3 -1 -1 -1 -1 -1 -1 -1 0 0 3
3 -1 -1 -1 -1 -1 -1 0 0 0 3
-1 -1 -1 -1 -1 0 0 0 0 0 0
3 0 0 0 0 0 0 0 0 0 3
3 0 0 0 0 0 0 0 0 0 3
3 0 0 0 0 0 0 0 -1 -1 3
3 3 -1 -1 -1 -1 -1 -1 -1 3 3
3 3 3 3 3 -1 3 3 3 3 3
19:17:37.070843 - stdout  :: 1 0
19:17:37.084877 - stdin   :: 31 40 0 1
35 9
8 39
20 28
31 40
3 3 3 3 3 0 3 3 3 3 3
3 3 0 0 0 0 0 0 0 3 3
3 -1 -1 -1 -1 -1 0 0 0 0 3
3 -1 -1 -1 -1 -1 -1 0 0 0 3
3 -1 -1 -1 -1 -1 0 0 0 0 3
-1 -1 -1 -1 0 0 0 0 0 0 92
3 0 0 0 0 0 0 0 0 0 3
3 0 0 0 0 0 0 0 0 -1 3
3 0 0 0 0 0 0 -1 -1 -1 3
3 3 -1 -1 -1 -1 -1 -1 -1 3 3
3 3 3 3 3 -1 3 3 3 3 3
19:17:37.090432 - stdout  :: -1 0
19:17:37.104603 - stdin   :: 30 41 -1 1
34 8
8 40
19 28
30 41
3 3 3 3 3 -1 3 3 3 3 3
3 3 0 0 0 0 -1 -1 -1 3 3
3 0 0 0 0 0 0 0 -1 -1 3
3 -1 -1 -1 -1 0 0 0 0 0 3
3 -1 -1 -1 -1 -1 0 0 0 92 3
-1 -1 -1 -1 -1 0 0 0 0 92 92
3 -1 -1 0 0 0 0 0 0 92 3
3 0 0 0 0 0 0 0 0 0 3
3 0 0 0 0 0 0 0 -1 -1 3
3 3 0 0 0 0 -1 -1 -1 3 3
3 3 3 3 3 -1 3 3 3 3 3
19:17:37.110369 - stdout  :: 0 0
19:17:37.134042 - stdin   :: 29 42 -1 1
33 8
9 40
18 28
29 42
3 3 3 3 3 -1 3 3 3 3 3
3 3 -1 -1 -1 -1 -1 -1 -1 3 3
3 0 0 0 0 -1 -1 -1 -1 -1 3
3 0 0 0 0 0 0 -1 -1 -1 3
3 -1 -1 -1 0 0 0 0 0 -1 3
-1 -1 -1 -1 -1 0 0 0 92 92 92
3 -1 -1 -1 0 0 0 0 92 92 3
3 -1 0 0 0 0 0 0 92 92 3
3 0 0 0 0 0 0 0 0 -1 3
3 3 0 0 0 0 0 -1 -1 3 3
3 3 3 3 3 -1 3 3 3 3 3
19:17:37.140527 - stdout  :: 0 0
19:17:37.170414 - stdin   :: 28 43 -1 1
32 8
9 39
18 29
28 43
3 3 3 3 3 -1 3 3 3 3 3
3 3 -1 -1 -1 -1 -1 -1 -1 3 3
3 -1 -1 -1 -1 -1 -1 -1 -1 -1 3
3 0 0 0 -1 -1 -1 -1 -1 -1 3
3 0 0 0 0 0 -1 -1 -1 -1 3
-1 -1 -1 0 0 0 0 0 -1 -1 -1
3 -1 -1 -1 0 0 0 92 92 92 3
3 -1 -1 0 0 0 0 92 92 92 3
3 0 0 0 0 0 0 92 92 92 3
3 3 0 0 0 0 0 0 -1 3 3
3 3 3 3 3 0 3 3 3 3 3
19:17:37.178285 - stdout  :: 1 0
19:17:37.206906 - stdin   :: 28 44 0 1
31 9
9 38
18 29
28 44
3 3 3 3 3 -1 3 3 3 3 3
3 3 -1 -1 -1 -1 -1 -1 -1 3 3
3 -1 -1 -1 -1 -1 -1 -1 -1 -1 3
3 0 0 -1 -1 -1 -1 -1 -1 -1 3
3 0 0 0 0 -1 -1 -1 -1 -1 3
-1 -1 0 0 0 0 0 -1 -1 -1 -1
3 -1 -1 0 0 0 92 92 92 92 3
3 -1 0 0 0 0 92 92 92 92 3
3 0 0 0 0 0 92 92 92 92 3
3 3 0 0 0 0 0 -1 -1 3 3
3 3 3 3 3 -1 3 3 3 3 3
19:17:37.214317 - stdout  :: 0 0
19:17:37.229632 - stdin   :: 28 45 0 1
30 9
9 37
18 28
28 45
3 3 3 3 3 -1 3 3 3 3 3
3 3 -1 -1 -1 -1 -1 -1 -1 3 3
3 -1 -1 -1 -1 -1 -1 -1 -1 -1 3
3 0 -1 -1 -1 -1 -1 -1 -1 -1 3
3 0 0 0 -1 -1 -1 -1 -1 -1 3
-1 0 0 0 0 0 -1 -1 -1 -1 -1
3 -1 0 0 0 92 92 92 92 92 3
3 0 0 0 0 92 92 92 92 92 3
3 0 0 0 0 92 92 92 92 92 3
3 3 0 0 0 0 -1 -1 -1 3 3
3 3 3 3 3 -1 3 3 3 3 3
19:17:37.235062 - stdout  :: 1 0
19:17:37.249555 - stdin   :: 29 46 1 1
29 8
9 36
18 27
29 46
3 3 3 3 3 -1 3 3 3 3 3
3 3 -1 -1 -1 -1 -1 -1 -1 3 3
3 -1 -1 -1 -1 -1 -1 -1 -1 -1 3
3 0 0 -1 -1 -1 -1 -1 -1 -1 3
3 0 0 0 0 -1 -1 -1 -1 -1 3
-1 0 0 0 92 92 92 92 92 0 0
3 0 0 0 92 92 92 92 92 0 3
3 0 0 0 92 92 92 92 92 0 3
3 0 0 0 0 -1 -1 -1 -1 -1 3
3 3 0 -1 -1 -1 -1 -1 -1 3 3
3 3 3 3 3 -1 3 3 3 3 3
19:17:37.254793 - stdout  :: -1 0
19:17:37.269478 - stdin   :: 29 46 0 0
28 7
9 35
19 27
29 46
3 3 3 3 3 -1 3 3 3 3 3
3 3 -1 -1 -1 -1 -1 -1 -1 3 3
3 -1 -1 -1 -1 -1 -1 -1 -1 -1 3
3 0 0 -1 -1 -1 -1 -1 -1 -1 3
3 0 0 0 0 -1 -1 -1 -1 -1 3
-1 0 0 0 92 92 92 92 92 0 0
3 0 0 0 92 92 92 92 92 0 3
3 0 0 0 92 92 92 92 92 0 3
3 0 0 0 0 -1 -1 -1 -1 -1 3
3 3 0 -1 -1 -1 -1 -1 -1 3 3
3 3 3 3 3 -1 3 3 3 3 3
19:17:37.274716 - stdout  :: 0 1
19:17:37.289106 - stdin   :: 29 47 0 1
27 6
9 34
20 27
29 47
3 3 3 3 3 -1 3 3 3 3 3
3 3 -1 -1 -1 -1 -1 -1 -1 3 3
3 -1 -1 -1 -1 -1 -1 -1 -1 -1 3
3 0 -1 -1 -1 -1 -1 -1 -1 -1 3
3 0 0 0 -1 -1 -1 -1 -1 0 3
0 0 0 92 92 92 92 92 0 0 0
3 0 0 92 92 92 92 92 0 0 3
3 0 0 92 92 92 92 92 0 0 3
3 0 0 0 -1 -1 -1 -1 -1 -1 3
3 3 -1 -1 -1 -1 -1 -1 -1 3 3
3 3 3 3 3 -1 3 3 3 3 3
19:17:37.289705 - stdout  :: 0 0
19:17:37.308349 - stdin   :: 30 47 1 0
26 6
9 33
21 27
30 47
3 3 3 3 3 -1 3 3 3 3 3
3 3 -1 -1 -1 -1 -1 -1 -1 3 3
3 0 -1 -1 -1 -1 -1 -1 -1 -1 3
3 0 0 0 -1 -1 -1 -1 -1 0 3
3 0 0 92 92 92 92 92 0 0 3
0 0 0 92 92 92 92 92 0 0 0
3 0 0 92 92 92 92 92 0 0 3
3 0 0 0 -1 -1 -1 -1 -1 -1 3
3 0 -1 -1 -1 -1 -1 -1 -1 -1 3
3 3 -1 -1 -1 -1 -1 -1 -1 3 3
3 3 3 3 3 -1 3 3 3 3 3
19:17:37.308977 - stdout  :: -1 1
19:17:37.323572 - stdin   :: 30 47 0 0
25 6
10 32
21 27
30 47
3 3 3 3 3 -1 3 3 3 3 3
3 3 -1 -1 -1 -1 -1 -1 -1 3 3
3 0 -1 -1 -1 -1 -1 -1 -1 -1 3
3 0 0 0 -1 -1 -1 -1 -1 0 3
3 0 0 92 92 92 92 92 0 0 3
0 0 0 92 92 92 92 92 0 0 0
3 0 0 92 92 92 92 92 0 0 3
3 0 0 0 -1 -1 -1 -1 -1 -1 3
3 0 -1 -1 -1 -1 -1 -1 -1 -1 3
3 3 -1 -1 -1 -1 -1 -1 -1 3 3
3 3 3 3 3 -1 3 3 3 3 3
19:17:37.324373 - stdout  :: -1 1
19:17:37.338620 - stdin   :: 29 48 -1 1
24 7
12 32
20 27
29 48
3 3 3 3 3 -1 3 3 3 3 3
3 3 -1 -1 -1 -1 -1 -1 -1 3 3
3 -1 -1 -1 -1 -1 -1 -1 -1 -1 3
3 -1 -1 -1 -1 -1 -1 -1 -1 -1 3
3 0 0 -1 -1 -1 -1 -1 0 0 3
0 0 92 92 92 92 92 0 0 0 0
3 0 92 92 92 92 92 0 0 0 3
3 0 92 92 92 92 92 0 0 0 3
3 0 0 -1 -1 -1 -1 -1 -1 -1 3
3 3 -1 -1 -1 -1 -1 -1 -1 3 3
3 3 3 3 3 -1 3 3 3 3 3
19:17:37.339230 - stdout  :: 1 0
19:17:37.413746 - stdin   :: 29 48 0 0
19 13
16 32
16 27
29 48
3 3 3 3 3 -1 3 3 3 3 3
3 3 -1 -1 -1 -1 -1 -1 -1 3 3
3 -1 -1 -1 -1 -1 -1 -1 -1 -1 3
3 -1 -1 -1 -1 -1 -1 -1 -1 -1 3
3 0 0 -1 -1 -1 -1 -1 0 0 3
0 0 92 92 92 92 92 0 0 0 0
3 0 92 92 92 92 92 0 0 0 3
3 0 92 92 92 92 92 0 0 0 3
3 0 0 -1 -1 -1 -1 -1 -1 -1 3
3 3 -1 -1 -1 -1 -1 -1 -1 3 3
3 3 3 3 3 -1 3 3 3 3 3
19:17:37.414223 - stdout  :: 0 1
19:17:37.426607 - stdin   :: 29 49 0 1
19 14
16 32
15 27
29 49
3 3 3 3 3 -1 3 3 3 3 3
3 3 -1 -1 -1 -1 -1 -1 -1 3 3
3 -1 -1 -1 -1 -1 -1 -1 -1 0 3
3 -1 -1 -1 -1 -1 -1 -1 -1 0 3
3 0 -1 -1 -1 -1 -1 0 0 0 3
0 92 92 92 92 92 0 0 0 0 0
3 92 92 92 92 92 0 0 0 0 3
3 92 92 92 92 92 0 0 0 0 3
3 0 -1 -1 -1 -1 -1 -1 -1 -1 3
3 3 -1 -1 -1 -1 -1 -1 -1 3 3
3 3 3 3 3 -1 3 3 3 3 3
19:17:37.427054 - stdout  :: 0 0
19:17:37.439308 - stdin   :: 30 49 1 0
19 15
16 32
15 26
30 49
3 3 3 3 3 -1 3 3 3 3 3
3 3 -1 -1 -1 -1 -1 -1 -1 3 3
3 -1 -1 -1 -1 -1 -1 -1 -1 0 3
3 0 -1 -1 -1 -1 -1 0 0 0 3
3 92 92 92 92 92 0 0 0 0 3
0 92 92 92 92 92 0 0 0 0 0
3 92 92 92 92 92 0 0 0 0 3
3 0 -1 -1 -1 -1 -1 -1 -1 -1 3
3 -1 -1 -1 -1 -1 -1 -1 -1 -1 3
3 3 -1 -1 -1 -1 -1 -1 -1 3 3
3 3 3 3 3 -1 3 3 3 3 3
19:17:37.439739 - stdout  :: -1 1
19:17:37.453108 - stdin   :: 30 48 0 -1
19 16
15 33
16 26
30 48
3 3 3 3 3 -1 3 3 3 3 3
3 3 -1 -1 -1 -1 -1 -1 -1 3 3
3 -1 -1 -1 -1 -1 -1 -1 -1 -1 3
3 0 0 -1 -1 -1 -1 -1 0 0 3
3 0 92 92 92 92 92 0 0 0 3
0 0 92 92 92 92 92 0 0 0 0
3 0 92 92 92 92 92 0 0 0 3
3 0 0 -1 -1 -1 -1 -1 -1 -1 3
3 -1 -1 -1 -1 -1 -1 -1 -1 -1 3
3 3 -1 -1 -1 -1 -1 -1 -1 3 3
3 3 3 3 3 -1 3 3 3 3 3
19:17:37.453543 - stdout  :: -1 1
19:17:37.467109 - stdin   :: 30 47 0 -1
18 17
14 34
16 25
30 47
3 3 3 3 3 -1 3 3 3 3 3
3 3 -1 -1 -1 -1 -1 -1 -1 3 3
3 0 -1 -1 -1 -1 -1 -1 -1 -1 3
3 0 0 0 -1 -1 -1 -1 -1 0 3
3 0 0 92 92 92 92 92 0 0 3
0 0 0 92 92 92 92 92 0 0 0
3 0 0 92 92 92 92 92 0 0 3
3 0 0 0 -1 -1 -1 -1 -1 -1 3
3 0 -1 -1 -1 -1 -1 -1 -1 -1 3
3 3 -1 -1 -1 -1 -1 -1 -1 3 3
3 3 3 3 3 -1 3 3 3 3 3
19:17:37.467726 - stdout  :: -1 1
19:17:37.481364 - stdin   :: 30 46 0 -1
17 17
13 35
17 25
30 46
3 3 3 3 3 -1 3 3 3 3 3
3 3 -1 -1 -1 -1 -1 -1 -1 3 3
3 0 0 -1 -1 -1 -1 -1 -1 -1 3
3 0 0 0 0 -1 -1 -1 -1 -1 3
3 0 0 0 92 92 92 92 92 0 3
0 0 0 0 92 92 92 92 92 0 0
3 0 0 0 92 92 92 92 92 0 3
3 0 0 0 0 -1 -1 -1 -1 -1 3
3 0 0 -1 -1 -1 -1 -1 -1 -1 3
3 3 -1 -1 -1 -1 -1 -1 -1 3 3
3 3 3 3 3 -1 3 3 3 3 3
19:17:37.482154 - stdout  :: -1 1
19:17:37.495771 - stdin   :: 30 45 0 -1
16 17
12 35
18 25
30 45
3 3 3 3 3 -1 3 3 3 3 3
3 3 -1 -1 -1 -1 -1 -1 -1 3 3
3 0 0 0 -1 -1 -1 -1 -1 -1 3
3 0 0 0 0 0 -1 -1 -1 -1 3
3 -1 0 0 0 92 92 92 92 92 3
-1 0 0 0 0 92 92 92 92 92 0
3 0 0 0 0 92 92 92 92 92 3
3 0 0 0 0 0 -1 -1 -1 -1 3
3 0 0 0 -1 -1 -1 -1 -1 -1 3
3 3 -1 -1 -1 -1 -1 -1 -1 3 3
3 3 3 3 3 -1 3 3 3 3 3
19:17:37.501915 - stdout  :: -1 1
19:17:37.516168 - stdin   :: 29 45 -1 0
15 16
11 35
19 25
29 45
3 3 3 3 3 -1 3 3 3 3 3
3 3 -1 -1 -1 -1 -1 -1 -1 3 3
3 0 -1 -1 -1 -1 -1 -1 -1 -1 3
3 0 0 0 -1 -1 -1 -1 -1 -1 3
3 0 0 0 0 0 -1 -1 -1 -1 3
-1 -1 0 0 0 92 92 92 92 92 0
3 0 0 0 0 92 92 92 92 92 3
3 0 0 0 0 92 92 92 92 92 3
3 0 0 0 0 0 -1 -1 -1 -1 3
3 3 0 0 -1 -1 -1 -1 -1 3 3
3 3 3 3 3 -1 3 3 3 3 3
19:17:37.521759 - stdout  :: 1 1
19:17:37.535314 - stdin   :: 28 45 -1 0
14 15
10 35
19 25
28 45
3 3 3 3 3 -1 3 3 3 3 3
3 3 -1 -1 -1 -1 -1 -1 -1 3 3
3 -1 -1 -1 -1 -1 -1 -1 -1 -1 3
3 0 -1 -1 -1 -1 -1 -1 -1 -1 3
3 0 0 0 -1 -1 -1 -1 -1 -1 3
-1 0 0 0 0 0 -1 -1 -1 -1 -1
3 -1 0 0 0 92 92 92 92 92 3
3 0 0 0 0 92 92 92 92 92 3
3 0 0 0 0 92 92 92 92 92 3
3 3 0 0 0 0 -1 -1 -1 3 3
3 3 3 3 3 -1 3 3 3 3 3
19:17:37.541105 - stdout  :: 1 1
19:17:37.620850 - stdin   :: 28 45 0 0
10 18
9 31
15 25
28 45
3 3 3 3 3 -1 3 3 3 3 3
3 3 -1 -1 -1 -1 -1 -1 -1 3 3
3 -1 -1 -1 -1 -1 -1 -1 -1 -1 3
3 0 -1 -1 -1 -1 -1 -1 -1 -1 3
3 0 0 0 -1 -1 -1 -1 -1 -1 3
-1 0 0 0 0 0 -1 -1 -1 -1 -1
3 -1 0 0 0 92 92 92 92 92 3
3 0 0 0 0 92 92 92 92 92 3
3 0 0 0 0 92 92 92 92 92 3
3 3 0 0 0 0 -1 -1 -1 3 3
3 3 3 3 3 -1 3 3 3 3 3
19:17:37.626552 - stdout  :: 1 1
19:17:37.640740 - stdin   :: 29 46 1 1
10 19
8 31
14 25
29 46
3 3 3 3 3 -1 3 3 3 3 3
3 3 -1 -1 -1 -1 -1 -1 -1 3 3
3 -1 -1 -1 -1 -1 -1 -1 -1 -1 3
3 0 0 -1 -1 -1 -1 -1 -1 -1 3
3 0 0 0 0 -1 -1 -1 -1 -1 3
-1 0 0 0 92 92 92 92 92 0 0
3 0 0 0 92 92 92 92 92 0 3
3 0 0 0 92 92 92 92 92 0 3
3 0 0 0 0 -1 -1 -1 -1 -1 3
3 3 0 -1 -1 -1 -1 -1 -1 3 3
3 3 3 3 3 -1 3 3 3 3 3
19:17:37.645907 - stdout  :: -1 0
19:17:37.668644 - stdin   :: 30 46 1 0
10 20
7 31
14 26
30 46
3 3 3 3 3 -1 3 3 3 3 3
3 3 -1 -1 -1 -1 -1 -1 -1 3 3
3 0 0 -1 -1 -1 -1 -1 -1 -1 3
3 0 0 0 0 -1 -1 -1 -1 -1 3
3 0 0 0 92 92 92 92 92 0 3
0 0 0 0 92 92 92 92 92 0 0
3 0 0 0 92 92 92 92 92 0 3
3 0 0 0 0 -1 -1 -1 -1 -1 3
3 0 0 -1 -1 -1 -1 -1 -1 -1 3
3 3 -1 -1 -1 -1 -1 -1 -1 3 3
3 3 3 3 3 -1 3 3 3 3 3
19:17:37.669671 - stdout  :: -1 1
19:17:37.685374 - stdin   :: 30 47 0 1
10 21
5 32
13 26
30 47
3 3 3 3 3 -1 3 3 3 3 3
3 3 -1 -1 -1 -1 -1 -1 -1 3 3
3 0 -1 -1 -1 -1 -1 -1 -1 -1 3
3 0 0 0 -1 -1 -1 -1 -1 0 3
3 0 0 92 92 92 92 92 0 0 3
0 0 0 92 92 92 92 92 0 0 0
3 0 0 92 92 92 92 92 0 0 3
3 0 0 0 -1 -1 -1 -1 -1 -1 3
3 0 -1 -1 -1 -1 -1 -1 -1 -1 3
3 3 -1 -1 -1 -1 -1 -1 -1 3 3
3 3 3 3 3 -1 3 3 3 3 3
19:17:37.686057 - stdout  :: -1 0
19:17:37.701508 - stdin   :: 31 47 1 0
11 22
5 32
12 26
31 47
3 3 3 3 3 -1 3 3 3 3 3
3 3 -1 -1 -1 -1 -1 -1 -1 3 3
3 0 0 0 -1 -1 -1 -1 -1 0 3
3 0 0 92 92 92 92 92 0 0 3
3 0 0 92 92 92 92 92 0 0 3
0 0 0 92 92 92 92 92 0 0 0
3 0 0 0 -1 -1 -1 -1 -1 -1 3
3 0 -1 -1 -1 -1 -1 -1 -1 -1 3
3 -1 -1 -1 -1 -1 -1 -1 -1 -1 3
3 3 -1 -1 -1 -1 -1 -1 -1 3 3
3 3 3 3 3 -1 3 3 3 3 3
19:17:37.702284 - stdout  :: -1 1
19:17:37.716994 - stdin   :: 31 47 0 0
11 23
5 32
11 26
31 47
3 3 3 3 3 -1 3 3 3 3 3
3 3 -1 -1 -1 -1 -1 -1 -1 3 3
3 0 0 0 -1 -1 -1 -1 -1 0 3
3 0 0 92 92 92 92 92 0 0 3
3 0 0 92 92 92 92 92 0 0 3
0 0 0 92 92 92 92 92 0 0 0
3 0 0 0 -1 -1 -1 -1 -1 -1 3
3 0 -1 -1 -1 -1 -1 -1 -1 -1 3
3 -1 -1 -1 -1 -1 -1 -1 -1 -1 3
3 3 -1 -1 -1 -1 -1 -1 -1 3 3
3 3 3 3 3 -1 3 3 3 3 3
19:17:37.717788 - stdout  :: -1 1
19:17:37.736798 - stdin   :: 30 48 -1 1
10 24
5 32
11 27
30 48
3 3 3 3 3 -1 3 3 3 3 3
3 3 -1 -1 -1 -1 -1 -1 -1 3 3
3 -1 -1 -1 -1 -1 -1 -1 -1 -1 3
3 0 0 -1 -1 -1 -1 -1 0 0 3
3 0 92 92 92 92 92 0 0 0 3
0 0 92 92 92 92 92 0 0 0 0
3 0 92 92 92 92 92 0 0 0 3
3 0 0 -1 -1 -1 -1 -1 -1 -1 3
3 -1 -1 -1 -1 -1 -1 -1 -1 -1 3
3 3 -1 -1 -1 -1 -1 -1 -1 3 3
3 3 3 3 3 -1 3 3 3 3 3
19:17:37.737384 - stdout  :: 0 0
19:17:37.751027 - stdin   :: 30 49 0 1
9 25
5 32
10 27
30 49
3 3 3 3 3 -1 3 3 3 3 3
3 3 -1 -1 -1 -1 -1 -1 -1 3 3
3 -1 -1 -1 -1 -1 -1 -1 -1 0 3
3 0 -1 -1 -1 -1 -1 0 0 0 3
3 92 92 92 92 92 0 0 0 0 3
0 92 92 92 92 92 0 0 0 0 0
3 92 92 92 92 92 0 0 0 0 3
3 0 -1 -1 -1 -1 -1 -1 -1 -1 3
3 -1 -1 -1 -1 -1 -1 -1 -1 -1 3
3 3 -1 -1 -1 -1 -1 -1 -1 3 3
3 3 3 3 3 -1 3 3 3 3 3
19:17:37.751540 - stdout  :: -1 0
19:17:37.765260 - stdin   :: 29 49 -1 0
8 26
5 32
10 28
29 49
3 3 3 3 3 -1 3 3 3 3 3
3 3 -1 -1 -1 -1 -1 -1 -1 3 3
3 -1 -1 -1 -1 -1 -1 -1 -1 0 3
3 -1 -1 -1 -1 -1 -1 -1 -1 0 3
3 0 -1 -1 -1 -1 -1 0 0 0 3
0 92 92 92 92 92 0 0 0 0 0
3 92 92 92 92 92 0 0 0 0 3
3 92 92 92 92 92 0 0 0 0 3
3 0 -1 -1 -1 -1 -1 -1 -1 -1 3
3 3 -1 -1 -1 -1 -1 -1 -1 3 3
3 3 3 3 3 -1 3 3 3 3 3
19:17:37.765748 - stdout  :: 1 1
19:17:37.779234 - stdin   :: 29 48 0 -1
7 27
5 32
9 28
29 48
3 3 3 3 3 -1 3 3 3 3 3
3 3 -1 -1 -1 -1 -1 -1 -1 3 3
3 -1 -1 -1 -1 -1 -1 -1 -1 -1 3
3 -1 -1 -1 -1 -1 -1 -1 -1 -1 3
3 0 0 -1 -1 -1 -1 -1 0 0 3
0 0 92 92 92 92 92 0 0 0 0
3 0 92 92 92 92 92 0 0 0 3
3 0 92 92 92 92 92 0 0 0 3
3 0 0 -1 -1 -1 -1 -1 -1 -1 3
3 3 -1 -1 -1 -1 -1 -1 -1 3 3
3 3 3 3 3 -1 3 3 3 3 3
19:17:37.779705 - stdout  :: -1 1
19:17:37.795801 - stdin   :: 29 48 0 0
6 28
6 32
8 28
29 48
3 3 3 3 3 -1 3 3 3 3 3
3 3 -1 -1 -1 -1 -1 -1 -1 3 3
3 -1 -1 -1 -1 -1 -1 -1 -1 -1 3
3 -1 -1 -1 -1 -1 -1 -1 -1 -1 3
3 0 0 -1 -1 -1 -1 -1 0 0 3
0 0 92 92 92 92 92 0 0 0 0
3 0 92 92 92 92 92 0 0 0 3
3 0 92 92 92 92 92 0 0 0 3
3 0 0 -1 -1 -1 -1 -1 -1 -1 3
3 3 -1 -1 -1 -1 -1 -1 -1 3 3
3 3 3 3 3 -1 3 3 3 3 3
19:17:37.796307 - stdout  :: 0 1
19:17:37.811215 - stdin   :: 29 49 0 1
5 28
7 32
7 28
29 49
3 3 3 3 3 -1 3 3 3 3 3
3 3 -1 -1 -1 -1 -1 -1 -1 3 3
3 -1 -1 -1 -1 -1 -1 -1 -1 0 3
3 -1 -1 -1 -1 -1 -1 -1 -1 0 3
3 0 -1 -1 -1 -1 -1 0 0 0 3
0 92 92 92 92 92 0 0 0 0 0
3 92 92 92 92 92 0 0 0 0 3
3 92 92 92 92 92 0 0 0 0 3
3 0 -1 -1 -1 -1 -1 -1 -1 -1 3
3 3 -1 -1 -1 -1 -1 -1 -1 3 3
3 3 3 3 3 -1 3 3 3 3 3
19:17:37.811685 - stdout  :: 0 0
19:17:37.902572 - stdin   :: 29 49 0 0
5 32
16 34
3 30
29 49
3 3 3 3 3 -1 3 3 3 3 3
3 3 -1 -1 -1 -1 -1 -1 -1 3 3
3 -1 -1 -1 -1 -1 -1 -1 -1 0 3
3 -1 -1 -1 -1 -1 -1 -1 -1 0 3
3 0 -1 -1 -1 -1 -1 0 0 0 3
0 92 92 92 92 92 0 0 0 0 0
3 92 92 92 92 92 0 0 0 0 3
3 92 92 92 92 92 0 0 0 0 3
3 0 -1 -1 -1 -1 -1 -1 -1 -1 3
3 3 -1 -1 -1 -1 -1 -1 -1 3 3
3 3 3 3 3 -1 3 3 3 3 3
19:17:37.904328 - stdout  :: 0 1
19:17:37.918538 - stdin   :: 29 50 0 1
6 32
16 34
3 31
29 50
3 3 3 3 3 -1 3 3 3 3 3
3 3 -1 -1 -1 -1 -1 -1 0 3 3
3 -1 -1 -1 -1 -1 -1 -1 0 0 3
3 -1 -1 -1 -1 -1 -1 -1 0 0 3
3 -1 -1 -1 -1 -1 0 0 0 0 3
92 92 92 92 92 0 0 0 0 0 0
3 92 92 92 92 0 0 0 0 0 3
3 92 92 92 92 0 0 0 0 -1 3
3 -1 -1 -1 -1 -1 -1 -1 -1 -1 3
3 3 -1 -1 -1 -1 -1 -1 -1 3 3
3 3 3 3 3 -1 3 3 3 3 3
19:17:37.919001 - stdout  :: -1 0
19:17:37.933477 - stdin   :: 28 51 -1 1
7 32
16 34
3 31
28 51
3 3 3 3 3 -1 3 3 3 3 3
3 3 -1 -1 -1 -1 -1 100 100 3 3
3 -1 -1 -1 -1 -1 -1 0 0 0 3
3 -1 -1 -1 -1 -1 -1 0 0 0 3
3 -1 -1 -1 -1 -1 -1 0 0 0 3
-1 -1 -1 -1 -1 0 0 0 0 0 -1
3 92 92 92 0 0 0 0 0 0 3
3 92 92 92 0 0 0 0 0 -1 3
3 92 92 92 0 0 0 0 -1 -1 3
3 3 -1 -1 -1 -1 -1 -1 -1 3 3
3 3 3 3 3 -1 3 3 3 3 3
19:17:37.933888 - stdout  :: 1 0
19:17:37.948481 - stdin   :: 28 52 0 1
8 31
16 34
3 30
28 52
3 3 3 3 3 -1 3 3 3 3 3
3 3 -1 -1 -1 -1 100 100 100 3 3
3 -1 -1 -1 -1 -1 0 0 0 -1 3
3 -1 -1 -1 -1 -1 0 0 0 -1 3
3 -1 -1 -1 -1 -1 0 0 0 -1 3
-1 -1 -1 -1 0 0 0 0 0 -1 -1
3 92 92 0 0 0 0 0 0 -1 3
3 92 92 0 0 0 0 0 -1 -1 3
3 92 92 0 0 0 0 -1 -1 -1 3
3 3 -1 -1 -1 -1 -1 -1 -1 3 3
3 3 3 3 3 -1 3 3 3 3 3
19:17:37.948902 - stdout  :: -1 0
19:17:37.963111 - stdin   :: 27 53 -1 1
9 31
16 34
3 29
27 53
3 3 3 3 3 100 3 3 3 3 3
3 3 -1 -1 -1 100 100 100 100 3 3
3 -1 -1 -1 -1 100 100 100 100 -1 3
3 -1 -1 -1 -1 0 0 0 -1 -1 3
3 -1 -1 -1 -1 0 0 0 -1 -1 3
-1 -1 -1 -1 -1 0 0 0 -1 -1 -1
3 -1 -1 0 0 0 0 0 -1 -1 3
3 92 0 0 0 0 0 0 -1 -1 3
3 92 0 0 0 0 0 -1 -1 -1 3
3 3 0 0 0 0 -1 -1 -1 3 3
3 3 3 3 3 -1 3 3 3 3 3
19:17:37.963522 - stdout  :: 0 -1
19:17:37.977816 - stdin   :: 26 53 -1 0
10 32
16 34
3 28
26 53
3 3 3 3 3 100 3 3 3 3 3
3 3 -1 -1 100 100 100 100 100 3 3
3 -1 -1 -1 -1 100 100 100 100 -1 3
3 -1 -1 -1 -1 100 100 100 100 -1 3
3 -1 -1 -1 -1 0 0 0 -1 -1 3
-1 -1 -1 -1 -1 0 0 0 -1 -1 -1
3 -1 -1 -1 -1 0 0 0 -1 -1 3
3 -1 -1 0 0 0 0 0 -1 -1 3
3 92 0 0 0 0 0 0 -1 -1 3
3 3 0 0 0 0 0 -1 -1 3 3
3 3 3 3 3 0 3 3 3 3 3
19:17:37.978366 - stdout  :: 0 0
19:17:37.994729 - stdin   :: 25 53 -1 0
11 33
15 33
4 28
25 53
3 3 3 3 3 100 3 3 3 3 3
3 3 -1 -1 100 100 100 100 -1 3 3
3 -1 -1 -1 100 100 100 100 100 -1 3
3 -1 -1 -1 -1 100 100 100 100 -1 3
3 -1 -1 -1 -1 100 100 100 100 -1 3
-1 -1 -1 -1 -1 0 0 0 -1 -1 -1
3 -1 -1 -1 -1 0 0 0 -1 -1 3
3 -1 -1 -1 -1 0 0 0 -1 -1 3
3 -1 -1 0 0 0 0 0 -1 -1 3
3 3 0 0 0 0 0 0 -1 3 3
3 3 3 3 3 0 3 3 3 3 3
19:17:37.995214 - stdout  :: 0 0
19:17:42.340709 - stdin   :: ~~~END~~~
19:17:42.341472 - control :: Server has terminated, no more data.
