16:47:38.685178 - control :: Starting bot process.
16:47:38.846817 - control :: Bot has initialised, connecting to server.
16:47:40.282331 - stdin   :: 40 60 4 5
16:47:40.283766 - stdin   :: 3 48 0 0
3 48
3 49
3 50
3 51
3 3 3 3 3 -1 3 3 3 3 3
3 3 -1 -1 -1 -1 -1 -1 -1 3 3
3 -1 -1 -1 -1 -1 -1 -1 -1 -1 3
3 -1 -1 -1 -1 -1 -1 -1 -1 -1 3
3 -1 -1 -1 -1 -1 -1 -1 -1 -1 3
-1 -1 -1 -1 -1 1 1 1 1 1 1
3 -1 -1 -1 1 1 1 1 1 1 3
3 -1 -1 -1 0 1 1 1 1 1 3
3 -1 -1 -1 0 0 0 0 0 0 3
3 3 -1 -1 0 0 0 0 0 3 3
3 3 3 3 3 0 3 3 3 3 3
16:47:40.285030 - stdout  :: 1 1
16:47:40.294662 - stdin   :: 4 49 1 1
4 49
4 48
4 50
3 50
3 3 3 3 3 -1 3 3 3 3 3
3 3 -1 -1 -1 -1 -1 -1 -1 3 3
3 -1 -1 -1 -1 -1 -1 -1 -1 -1 3
3 -1 -1 -1 -1 -1 -1 -1 -1 -1 3
3 -1 -1 -1 1 1 1 1 1 1 3
-1 -1 -1 1 1 1 1 1 1 1 1
3 -1 -1 0 1 1 1 1 1 1 3
3 -1 -1 0 0 0 0 0 0 0 3
3 -1 -1 0 0 0 0 0 0 0 3
3 3 -1 0 0 0 0 0 0 3 3
3 3 3 3 3 0 3 3 3 3 3
16:47:40.295684 - stdout  :: 1 1
16:47:40.304485 - stdin   :: 6 51 2 2
6 51
5 47
5 50
4 49
3 3 3 3 3 -1 3 3 3 3 3
3 3 -1 -1 -1 -1 -1 -1 -1 3 3
3 -1 1 1 1 1 1 1 1 1 3
3 1 1 1 1 1 1 1 1 1 3
3 0 1 1 1 1 1 1 1 1 3
-1 0 0 0 0 0 0 0 0 1 1
3 0 0 0 0 0 0 0 0 0 3
3 0 0 0 0 0 0 0 0 0 3
3 0 0 0 0 0 0 0 0 0 3
3 3 0 0 0 0 0 0 0 3 3
3 3 3 3 3 0 3 3 3 3 3
16:47:40.306460 - stdout  :: -1 0
16:47:40.315012 - stdin   :: 7 53 1 2
7 53
7 47
6 50
5 49
3 3 3 3 3 -1 3 3 3 3 3
3 3 1 1 1 1 1 1 -1 3 3
3 1 1 1 1 1 1 1 1 -1 3
3 1 1 1 1 1 1 1 1 -1 3
3 0 0 0 0 0 0 1 1 -1 3
0 0 0 0 0 0 0 0 1 -1 -1
3 0 0 0 0 0 0 0 1 -1 3
3 0 0 0 0 0 0 0 0 -1 3
3 0 0 0 0 0 0 0 0 -1 3
3 3 0 0 0 0 0 0 -1 3 3
3 3 3 3 3 0 3 3 3 3 3
16:47:40.316664 - stdout  :: -1 -1
16:47:40.323966 - stdin   :: 7 54 0 1
7 54
9 47
7 50
6 50
3 3 3 3 3 -1 3 3 3 3 3
3 3 1 1 1 1 1 -1 -1 3 3
3 1 1 1 1 1 1 1 -1 -1 3
3 1 1 1 1 1 1 1 -1 -1 3
3 0 0 0 0 0 1 1 -1 -1 3
0 0 0 0 0 0 0 1 -1 -1 -1
3 0 0 0 0 0 0 1 -1 -1 3
3 0 0 0 0 0 0 0 -1 -1 3
3 0 0 0 0 0 0 0 -1 -1 3
3 3 0 0 0 0 0 -1 -1 3 3
3 3 3 3 3 0 3 3 3 3 3
16:47:40.324955 - stdout  :: -1 0
16:47:40.332268 - stdin   :: 6 55 -1 1
6 55
11 47
8 50
7 50
3 3 3 3 3 -1 3 3 3 3 3
3 3 -1 -1 -1 -1 -1 -1 -1 3 3
3 1 1 1 1 1 -1 -1 -1 -1 3
3 1 1 1 1 1 1 -1 -1 -1 3
3 1 1 1 1 1 1 -1 -1 -1 3
0 0 0 0 0 1 1 -1 -1 -1 -1
3 0 0 0 0 0 1 -1 -1 -1 3
3 0 0 0 0 0 1 -1 -1 -1 3
3 0 0 0 0 0 0 -1 -1 -1 3
3 3 0 0 0 0 0 -1 -1 3 3
3 3 3 3 3 0 3 3 3 3 3
16:47:40.333002 - stdout  :: 1 -1
16:47:40.340168 - stdin   :: 6 55 0 0
6 55
12 48
9 50
8 49
3 3 3 3 3 -1 3 3 3 3 3
3 3 -1 -1 -1 -1 -1 -1 -1 3 3
3 1 1 1 1 1 -1 -1 -1 -1 3
3 1 1 1 1 1 1 -1 -1 -1 3
3 1 1 1 1 1 1 -1 -1 -1 3
0 0 0 0 0 1 1 -1 -1 -1 -1
3 0 0 0 0 0 1 -1 -1 -1 3
3 0 0 0 0 0 1 -1 -1 -1 3
3 0 0 0 0 0 0 -1 -1 -1 3
3 3 0 0 0 0 0 -1 -1 3 3
3 3 3 3 3 0 3 3 3 3 3
16:47:40.340717 - stdout  :: 1 0
16:47:40.347692 - stdin   :: 7 55 1 0
7 55
12 49
10 50
9 49
3 3 3 3 3 -1 3 3 3 3 3
3 3 1 1 1 1 -1 -1 -1 3 3
3 1 1 1 1 1 1 -1 -1 -1 3
3 1 1 1 1 1 1 -1 -1 -1 3
3 0 0 0 0 1 1 -1 -1 -1 3
0 0 0 0 0 0 1 -1 -1 -1 -1
3 0 0 0 0 0 1 -1 -1 -1 3
3 0 0 0 0 0 0 -1 -1 -1 3
3 0 0 0 0 0 0 -1 -1 -1 3
3 3 0 0 0 0 -1 -1 -1 3 3
3 3 3 3 3 -1 3 3 3 3 3
16:47:40.348794 - stdout  :: 1 0
16:47:40.355541 - stdin   :: 9 55 2 0
9 55
12 50
11 50
10 50
3 3 3 3 3 1 3 3 3 3 3
3 3 1 1 1 1 1 -1 -1 3 3
3 0 0 0 0 1 1 -1 -1 -1 3
3 0 0 0 0 0 1 -1 -1 -1 3
3 0 0 0 0 0 1 -1 -1 -1 3
0 0 0 0 0 0 0 -1 -1 -1 -1
3 0 0 0 0 0 0 -1 -1 -1 3
3 0 0 0 0 0 -1 -1 -1 -1 3
3 0 0 0 0 -1 -1 -1 -1 -1 3
3 3 -1 -1 -1 -1 -1 -1 -1 3 3
3 3 3 3 3 -1 3 3 3 3 3
16:47:40.356334 - stdout  :: 0 -1
16:47:40.362750 - stdin   :: 11 54 2 -1
11 54
12 51
12 50
11 50
3 3 3 3 3 0 3 3 3 3 3
3 3 0 0 0 0 0 1 -1 3 3
3 0 0 0 0 0 0 1 -1 -1 3
3 0 0 0 0 0 0 0 -1 -1 3
3 0 0 0 0 0 0 0 -1 -1 3
0 0 0 0 0 0 0 -1 -1 -1 -1
3 0 0 0 0 0 -1 -1 -1 -1 3
3 0 -1 -1 -1 -1 -1 -1 -1 -1 3
3 0 -1 -1 -1 -1 -1 -1 -1 -1 3
3 3 -1 -1 -1 -1 -1 -1 -1 3 3
3 3 3 3 3 -1 3 3 3 3 3
16:47:40.363718 - stdout  :: -1 1
16:47:40.370204 - stdin   :: 12 54 1 0
12 54
12 52
13 50
12 49
3 3 3 3 3 0 3 3 3 3 3
3 3 0 0 0 0 0 1 -1 3 3
3 0 0 0 0 0 0 0 -1 -1 3
3 0 0 0 0 0 0 0 -1 -1 3
3 0 0 0 0 0 0 -1 -1 -1 3
0 0 0 0 0 0 -1 -1 -1 -1 -1
3 0 -1 -1 -1 -1 -1 -1 -1 -1 3
3 0 -1 -1 -1 -1 -1 -1 -1 -1 3
3 0 -1 -1 -1 -1 -1 -1 -1 -1 3
3 3 -1 -1 -1 -1 -1 -1 -1 3 3
3 3 3 3 3 -1 3 3 3 3 3
16:47:40.370831 - stdout  :: -1 -1
16:47:40.377665 - stdin   :: 12 53 0 -1
12 53
11 53
14 50
12 49
3 3 3 3 3 0 3 3 3 3 3
3 3 0 0 0 0 0 0 1 3 3
3 0 0 0 0 0 0 0 0 -1 3
3 0 0 0 0 0 0 0 0 -1 3
3 0 0 0 0 0 0 0 -1 -1 3
0 0 0 0 0 0 0 -1 -1 -1 -1
3 -1 0 -1 -1 -1 -1 -1 -1 -1 3
3 -1 0 -1 -1 -1 -1 -1 -1 -1 3
3 -1 0 -1 -1 -1 -1 -1 -1 -1 3
3 3 0 -1 -1 -1 -1 -1 -1 3 3
3 3 3 3 3 -1 3 3 3 3 3
16:47:40.378822 - stdout  :: 0 0
16:47:40.384037 - stdin   :: 12 52 0 -1
12 52
10 54
15 50
12 49
3 3 3 3 3 0 3 3 3 3 3
3 3 0 0 0 0 0 0 0 3 3
3 0 0 0 0 0 0 0 0 0 3
3 0 0 0 0 0 0 0 0 0 3
3 0 0 0 0 0 0 0 0 -1 3
-1 0 0 0 0 0 0 0 -1 -1 -1
3 -1 -1 0 -1 -1 -1 -1 -1 -1 3
3 -1 -1 0 -1 -1 -1 -1 -1 -1 3
3 -1 -1 0 -1 -1 -1 -1 -1 -1 3
3 3 -1 0 -1 -1 -1 -1 -1 3 3
3 3 3 3 3 -1 3 3 3 3 3
16:47:40.385091 - stdout  :: 0 -1
16:47:40.393578 - stdin   :: 12 50 0 -2
12 50
10 55
16 50
12 49
3 3 3 3 3 0 3 3 3 3 3
3 3 0 0 0 0 0 0 0 3 3
3 -1 0 0 0 0 0 0 0 0 3
3 -1 0 0 0 0 0 0 0 0 3
3 -1 0 0 0 0 0 0 0 0 3
-1 -1 -1 0 0 0 0 0 0 0 -1
3 -1 -1 -1 -1 0 -1 -1 -1 -1 3
3 -1 -1 -1 -1 0 -1 -1 -1 -1 3
3 -1 -1 -1 -1 0 -1 -1 -1 -1 3
3 3 -1 -1 -1 0 -1 -1 -1 3 3
3 3 3 3 3 0 3 3 3 3 3
16:47:40.406293 - stdout  :: -1 1
16:47:40.421278 - stdin   :: 11 49 -1 -1
11 49
10 56
17 50
12 49
3 3 3 3 3 0 3 3 3 3 3
3 3 -1 0 0 0 0 0 0 3 3
3 -1 -1 0 0 0 0 0 0 0 3
3 -1 -1 0 0 0 0 0 0 0 3
3 -1 -1 0 0 0 0 0 0 0 3
-1 -1 -1 0 0 0 0 0 0 0 0
3 -1 -1 -1 0 0 0 0 0 0 3
3 -1 -1 -1 -1 -1 0 -1 -1 -1 3
3 -1 -1 -1 -1 -1 0 -1 -1 -1 3
3 3 -1 -1 -1 -1 0 -1 -1 3 3
3 3 3 3 3 -1 3 3 3 3 3
16:47:40.429754 - stdout  :: 1 1
16:47:40.440134 - stdin   :: 11 49 0 0
11 49
9 56
18 50
12 49
3 3 3 3 3 0 3 3 3 3 3
3 3 -1 0 0 0 0 0 0 3 3
3 -1 -1 0 0 0 0 0 0 0 3
3 -1 -1 0 0 0 0 0 0 0 3
3 -1 -1 0 0 0 0 0 0 0 3
-1 -1 -1 0 0 0 0 0 0 0 0
3 -1 -1 -1 0 0 0 0 0 0 3
3 -1 -1 -1 -1 -1 0 -1 -1 -1 3
3 -1 -1 -1 -1 -1 0 -1 -1 -1 3
3 3 -1 -1 -1 -1 0 -1 -1 3 3
3 3 3 3 3 -1 3 3 3 3 3
16:47:40.442679 - stdout  :: 1 1
16:47:40.457497 - stdin   :: 12 50 1 1
12 50
8 56
19 50
12 49
3 3 3 3 3 0 3 3 3 3 3
3 3 0 0 0 0 0 0 0 3 3
3 -1 0 0 0 0 0 0 0 0 3
3 -1 0 0 0 0 0 0 0 0 3
3 -1 0 0 0 0 0 0 0 0 3
-1 -1 -1 0 0 0 0 0 0 0 -1
3 -1 -1 -1 -1 0 -1 -1 -1 -1 3
3 -1 -1 -1 -1 0 -1 -1 -1 -1 3
3 -1 -1 -1 -1 0 -1 -1 -1 -1 3
3 3 -1 -1 -1 0 -1 -1 -1 3 3
3 3 3 3 3 0 3 3 3 3 3
16:47:40.459069 - stdout  :: 1 -1
16:47:40.473679 - stdin   :: 14 50 2 0
14 50
7 56
20 50
13 50
3 3 3 3 3 0 3 3 3 3 3
3 3 0 0 0 0 0 0 0 3 3
3 -1 0 0 0 0 0 0 0 0 3
3 -1 -1 0 0 0 0 0 0 0 3
3 -1 -1 -1 -1 0 -1 -1 -1 -1 3
-1 -1 -1 -1 -1 0 -1 -1 -1 -1 -1
3 -1 -1 -1 -1 0 -1 -1 -1 -1 3
3 -1 -1 -1 -1 0 -1 -1 -1 -1 3
3 -1 -1 -1 -1 0 -1 -1 -1 -1 3
3 3 -1 -1 -1 0 -1 -1 -1 3 3
3 3 3 3 3 0 3 3 3 3 3
16:47:40.475045 - stdout  :: 0 0
16:47:40.488863 - stdin   :: 16 50 2 0
16 50
6 56
21 50
14 50
3 3 3 3 3 0 3 3 3 3 3
3 3 -1 0 0 0 0 0 0 3 3
3 -1 -1 -1 -1 0 -1 -1 -1 -1 3
3 -1 -1 -1 -1 0 -1 -1 -1 -1 3
3 -1 -1 -1 -1 0 -1 -1 -1 -1 3
-1 -1 -1 -1 -1 0 -1 -1 -1 -1 -1
3 -1 -1 -1 -1 0 -1 -1 -1 -1 3
3 -1 -1 -1 -1 0 -1 -1 -1 -1 3
3 -1 -1 -1 0 0 0 0 0 -1 3
3 3 -1 0 0 0 0 0 0 3 3
3 3 3 3 3 0 3 3 3 3 3
16:47:40.489974 - stdout  :: 0 0
16:47:40.502153 - stdin   :: 18 50 2 0
18 50
5 56
22 50
15 50
3 3 3 3 3 0 3 3 3 3 3
3 3 -1 -1 -1 0 -1 -1 -1 3 3
3 -1 -1 -1 -1 0 -1 -1 -1 -1 3
3 -1 -1 -1 -1 0 -1 -1 -1 -1 3
3 -1 -1 -1 -1 0 -1 -1 -1 -1 3
-1 -1 -1 -1 -1 0 -1 -1 -1 -1 -1
3 -1 -1 -1 0 0 0 0 0 -1 3
3 -1 -1 0 0 0 0 0 0 0 3
3 -1 -1 0 0 0 0 0 0 0 3
3 3 -1 0 0 0 0 0 0 3 3
3 3 3 3 3 0 3 3 3 3 3
16:47:40.503438 - stdout  :: 0 1
16:47:40.524177 - stdin   :: 20 51 2 1
20 51
4 56
23 50
16 50
3 3 3 3 3 -1 3 3 3 3 3
3 3 -1 -1 0 -1 -1 -1 -1 3 3
3 -1 -1 -1 0 -1 -1 -1 -1 -1 3
3 -1 -1 -1 0 -1 -1 -1 -1 -1 3
3 -1 -1 0 0 0 0 0 -1 -1 3
-1 -1 0 0 0 0 0 0 0 -1 -1
3 -1 0 0 0 0 0 0 0 0 3
3 -1 0 0 0 0 0 0 0 0 3
3 -1 0 0 0 0 0 0 0 0 3
3 3 0 0 0 0 0 0 0 3 3
3 3 3 3 3 0 3 3 3 3 3
16:47:40.526020 - stdout  :: -1 -1
16:47:40.561348 - stdin   :: 21 51 1 0
21 51
4 55
24 50
17 50
3 3 3 3 3 -1 3 3 3 3 3
3 3 -1 -1 0 -1 -1 -1 -1 3 3
3 -1 -1 -1 0 -1 -1 -1 -1 -1 3
3 -1 -1 0 0 0 0 0 -1 -1 3
3 -1 0 0 0 0 0 0 0 -1 3
-1 -1 0 0 0 0 0 0 0 0 -1
3 -1 0 0 0 0 0 0 0 0 3
3 -1 0 0 0 0 0 0 0 0 3
3 -1 0 0 0 0 0 0 0 0 3
3 3 0 0 0 0 0 0 0 3 3
3 3 3 3 3 0 3 3 3 3 3
16:47:40.563436 - stdout  :: 1 -1
16:47:40.575647 - stdin   :: 23 50 2 -1
23 50
4 54
25 50
18 50
3 3 3 3 3 0 3 3 3 3 3
3 3 -1 -1 0 0 0 0 0 3 3
3 -1 -1 0 0 0 0 0 0 0 3
3 -1 -1 0 0 0 0 0 0 0 3
3 -1 -1 0 0 0 0 0 0 0 3
-1 -1 -1 0 0 0 0 0 0 0 0
3 -1 -1 0 0 0 0 0 0 0 3
3 -1 -1 0 0 0 0 0 0 0 3
3 -1 -1 -1 0 0 0 0 0 0 3
3 3 -1 -1 -1 0 -1 -1 -1 3 3
3 3 3 3 3 0 3 3 3 3 3
16:47:40.577175 - stdout  :: -1 1
16:47:40.586420 - stdin   :: 24 50 1 0
24 50
4 53
26 50
19 51
3 3 3 3 3 0 3 3 3 3 3
3 3 -1 0 0 0 0 0 0 3 3
3 -1 -1 0 0 0 0 0 0 0 3
3 -1 -1 0 0 0 0 0 0 0 3
3 -1 -1 0 0 0 0 0 0 0 3
-1 -1 -1 0 0 0 0 0 0 0 0
3 -1 -1 0 0 0 0 0 0 0 3
3 -1 -1 -1 0 0 0 0 0 0 3
3 -1 -1 -1 -1 0 -1 -1 -1 -1 3
3 3 -1 -1 -1 0 -1 -1 -1 3 3
3 3 3 3 3 0 3 3 3 3 3
16:47:40.587614 - stdout  :: 0 0
16:47:40.597435 - stdin   :: 25 50 1 0
25 50
4 52
27 50
20 51
3 3 3 3 3 0 3 3 3 3 3
3 3 -1 0 0 0 0 0 0 3 3
3 -1 -1 0 0 0 0 0 0 0 3
3 -1 -1 0 0 0 0 0 0 0 3
3 -1 -1 0 0 0 0 0 0 0 3
-1 -1 -1 0 0 0 0 0 0 0 0
3 -1 -1 -1 0 0 0 0 0 0 3
3 -1 -1 -1 -1 0 -1 -1 -1 -1 3
3 -1 -1 -1 -1 0 -1 -1 -1 -1 3
3 3 -1 -1 -1 0 -1 -1 -1 3 3
3 3 3 3 3 0 3 3 3 3 3
16:47:40.598632 - stdout  :: 0 0
16:47:40.607818 - stdin   :: 26 50 1 0
26 50
4 51
28 50
21 50
3 3 3 3 3 0 3 3 3 3 3
3 3 -1 0 0 0 0 0 0 3 3
3 -1 -1 0 0 0 0 0 0 0 3
3 -1 -1 0 0 0 0 0 0 0 3
3 -1 -1 0 0 0 0 0 0 0 3
-1 -1 -1 -1 0 0 0 0 0 0 -1
3 -1 -1 -1 -1 0 -1 -1 -1 -1 3
3 -1 -1 -1 -1 0 -1 -1 -1 -1 3
3 -1 -1 -1 -1 0 -1 -1 -1 -1 3
3 3 -1 -1 -1 0 -1 -1 -1 3 3
3 3 3 3 3 0 3 3 3 3 3
16:47:40.608587 - stdout  :: 0 0
16:47:40.617452 - stdin   :: 27 50 1 0
27 50
4 50
29 50
22 50
3 3 3 3 3 0 3 3 3 3 3
3 3 -1 0 0 0 0 0 0 3 3
3 -1 -1 0 0 0 0 0 0 0 3
3 -1 -1 0 0 0 0 0 0 0 3
3 -1 -1 -1 0 0 0 0 0 0 3
-1 -1 -1 -1 -1 0 -1 -1 -1 -1 -1
3 -1 -1 -1 -1 0 -1 -1 -1 -1 3
3 -1 -1 -1 -1 0 -1 -1 -1 -1 3
3 -1 -1 -1 -1 0 -1 -1 -1 -1 3
3 3 -1 -1 0 0 0 0 -1 3 3
3 3 3 3 3 0 3 3 3 3 3
16:47:40.622997 - stdout  :: 0 0
16:47:40.639403 - stdin   :: 28 50 1 0
28 50
4 49
30 50
23 51
3 3 3 3 3 0 3 3 3 3 3
3 3 -1 0 0 0 0 0 0 3 3
3 -1 -1 0 0 0 0 0 0 0 3
3 -1 -1 -1 0 0 0 0 0 0 3
3 -1 -1 -1 -1 0 -1 -1 -1 -1 3
-1 -1 -1 -1 -1 0 -1 -1 -1 -1 -1
3 -1 -1 -1 -1 0 -1 -1 -1 -1 3
3 -1 -1 -1 -1 0 -1 -1 -1 -1 3
3 -1 -1 -1 0 0 0 0 -1 -1 3
3 3 -1 0 0 0 0 0 0 3 3
3 3 3 3 3 0 3 3 3 3 3
16:47:40.640039 - stdout  :: 0 0
16:47:40.655515 - stdin   :: 29 50 1 0
29 50
4 48
31 50
24 52
3 3 3 3 3 0 3 3 3 3 3
3 3 -1 0 0 0 0 0 0 3 3
3 -1 -1 -1 0 0 0 0 0 0 3
3 -1 -1 -1 -1 0 -1 -1 -1 -1 3
3 -1 -1 -1 -1 0 -1 -1 -1 -1 3
-1 -1 -1 -1 -1 0 -1 -1 -1 -1 -1
3 -1 -1 -1 -1 0 -1 -1 -1 -1 3
3 -1 -1 -1 0 0 0 0 -1 -1 3
3 -1 -1 0 0 0 0 0 0 -1 3
3 3 -1 0 0 0 0 0 0 3 3
3 3 3 3 3 0 3 3 3 3 3
16:47:40.657171 - stdout  :: 0 0
16:47:40.666421 - stdin   :: 30 50 1 0
30 50
4 47
32 50
25 52
3 3 3 3 3 0 3 3 3 3 3
3 3 -1 -1 0 0 0 0 0 3 3
3 -1 -1 -1 -1 0 -1 -1 -1 -1 3
3 -1 -1 -1 -1 0 -1 -1 -1 -1 3
3 -1 -1 -1 -1 0 -1 -1 -1 -1 3
-1 -1 -1 -1 -1 0 -1 -1 -1 -1 -1
3 -1 -1 -1 0 0 0 0 -1 -1 3
3 -1 -1 0 0 0 0 0 0 -1 3
3 -1 -1 0 0 0 0 0 0 0 3
3 3 -1 0 0 0 0 0 0 3 3
3 3 3 3 3 0 3 3 3 3 3
16:47:40.667464 - stdout  :: 1 1
16:47:40.686806 - stdin   :: 32 51 2 1
32 51
5 47
33 50
26 51
3 3 3 3 3 -1 3 3 3 3 3
3 3 -1 -1 0 -1 -1 -1 -1 3 3
3 -1 -1 -1 0 -1 -1 -1 -1 -1 3
3 -1 -1 -1 0 -1 -1 -1 -1 -1 3
3 -1 -1 0 0 0 0 -1 -1 -1 3
-1 -1 0 0 0 0 0 0 -1 -1 -1
3 -1 0 0 0 0 0 0 0 -1 3
3 -1 0 0 0 0 0 0 0 -1 3
3 0 0 0 0 0 0 0 0 -1 3
3 3 -1 0 0 0 0 0 0 3 3
3 3 3 3 3 0 3 3 3 3 3
16:47:40.688254 - stdout  :: 0 -1
16:47:40.707144 - stdin   :: 34 51 2 0
34 51
6 47
34 50
27 50
3 3 3 3 3 -1 3 3 3 3 3
3 3 -1 -1 0 -1 -1 -1 -1 3 3
3 -1 -1 0 0 0 0 -1 -1 -1 3
3 -1 0 0 0 0 0 0 -1 -1 3
3 -1 0 0 0 0 0 0 0 -1 3
-1 -1 0 0 0 0 0 0 0 -1 -1
3 0 0 0 0 0 0 0 0 -1 3
3 -1 -1 0 0 0 0 0 0 -1 3
3 -1 -1 -1 0 0 0 0 -1 -1 3
3 3 -1 -1 -1 -1 -1 -1 -1 3 3
3 3 3 3 3 -1 3 3 3 3 3
16:47:40.707998 - stdout  :: -1 -1
16:47:40.727933 - stdin   :: 35 50 1 -1
35 50
7 47
35 49
28 50
3 3 3 3 3 0 3 3 3 3 3
3 3 -1 -1 0 0 0 0 -1 3 3
3 -1 -1 0 0 0 0 0 0 -1 3
3 -1 -1 0 0 0 0 0 0 0 3
3 -1 -1 0 0 0 0 0 0 0 3
0 0 0 0 0 0 0 0 0 0 -1
3 -1 -1 -1 0 0 0 0 0 0 3
3 -1 -1 -1 -1 0 0 0 0 -1 3
3 -1 -1 -1 -1 -1 -1 -1 -1 -1 3
3 3 -1 -1 -1 -1 -1 -1 -1 3 3
3 3 3 3 3 -1 3 3 3 3 3
16:47:40.734076 - stdout  :: -1 -1
16:47:40.752502 - stdin   :: 35 48 0 -2
35 48
8 47
35 49
29 50
3 3 3 3 3 -1 3 3 3 3 3
3 3 -1 -1 -1 -1 0 0 0 3 3
3 -1 -1 -1 -1 0 0 0 0 0 3
3 -1 -1 -1 -1 0 0 0 0 0 3
3 -1 -1 -1 -1 0 0 0 0 0 3
0 0 0 0 0 0 0 0 0 0 0
3 -1 -1 -1 -1 -1 0 0 0 0 3
3 -1 -1 -1 -1 -1 -1 0 0 0 3
3 -1 -1 -1 -1 -1 -1 -1 -1 -1 3
3 3 -1 -1 -1 -1 -1 -1 -1 3 3
3 3 3 3 3 -1 3 3 3 3 3
16:47:40.754489 - stdout  :: 0 0
16:47:40.775125 - stdin   :: 35 46 0 -2
35 46
9 47
34 49
30 50
3 3 3 3 3 -1 3 3 3 3 3
3 3 -1 -1 -1 -1 -1 -1 0 3 3
3 -1 -1 -1 -1 -1 -1 0 0 0 3
3 -1 -1 -1 -1 -1 -1 0 0 0 3
3 -1 -1 -1 -1 -1 -1 0 0 0 3
0 0 0 0 0 0 0 0 0 0 0
3 -1 -1 -1 -1 -1 -1 -1 0 0 3
3 -1 -1 -1 -1 -1 -1 -1 -1 0 3
3 -1 -1 -1 -1 -1 -1 -1 -1 -1 3
3 3 -1 -1 -1 -1 -1 -1 -1 3 3
3 3 3 3 3 -1 3 3 3 3 3
16:47:40.775785 - stdout  :: 0 0
16:47:40.793243 - stdin   :: 35 44 0 -2
35 44
10 47
33 49
31 51
3 3 3 3 3 -1 3 3 3 3 3
3 3 -1 0 -1 -1 -1 -1 -1 3 3
3 0 0 -1 -1 -1 -1 -1 -1 0 3
3 0 -1 -1 -1 -1 -1 -1 -1 0 3
3 -1 -1 -1 -1 -1 -1 -1 -1 0 3
0 0 0 0 0 0 0 0 0 0 0
3 -1 -1 -1 -1 -1 -1 -1 -1 -1 3
3 -1 -1 -1 -1 -1 -1 -1 -1 -1 3
3 -1 -1 -1 -1 -1 -1 -1 -1 -1 3
3 3 -1 -1 -1 -1 -1 -1 -1 3 3
3 3 3 3 3 -1 3 3 3 3 3
16:47:40.793786 - stdout  :: 0 0
16:47:40.801796 - stdin   :: 35 42 0 -2
35 42
11 47
32 49
32 51
3 3 3 3 3 -1 3 3 3 3 3
3 3 0 0 -1 0 -1 -1 -1 3 3
3 0 0 0 0 -1 -1 -1 -1 -1 3
3 0 0 0 -1 -1 -1 -1 -1 -1 3
3 0 0 -1 -1 -1 -1 -1 -1 -1 3
0 0 0 0 0 0 0 0 0 0 0
3 0 -1 -1 -1 -1 -1 -1 -1 -1 3
3 -1 -1 -1 -1 -1 -1 -1 -1 -1 3
3 -1 -1 -1 -1 -1 -1 -1 -1 -1 3
3 3 -1 -1 -1 -1 -1 -1 -1 3 3
3 3 3 3 3 -1 3 3 3 3 3
16:47:40.802514 - stdout  :: 0 1
16:47:40.810473 - stdin   :: 35 41 0 -1
35 41
11 48
31 49
33 50
3 3 3 3 3 -1 3 3 3 3 3
3 3 0 0 0 -1 0 -1 -1 3 3
3 0 0 0 0 0 -1 -1 -1 -1 3
3 0 0 0 0 -1 -1 -1 -1 -1 3
3 0 0 0 -1 -1 -1 -1 -1 -1 3
0 0 0 0 0 0 0 0 0 0 0
3 0 0 -1 -1 -1 -1 -1 -1 -1 3
3 -1 -1 -1 -1 -1 -1 -1 -1 -1 3
3 -1 -1 -1 -1 -1 -1 -1 -1 -1 3
3 3 -1 -1 -1 -1 -1 -1 -1 3 3
3 3 3 3 3 -1 3 3 3 3 3
16:47:40.811296 - stdout  :: 0 0
16:47:40.818602 - stdin   :: 35 40 0 -1
35 40
11 49
31 49
34 50
3 3 3 3 3 0 3 3 3 3 3
3 3 0 0 0 0 -1 0 -1 3 3
3 0 0 0 0 0 0 -1 -1 -1 3
3 0 0 0 0 0 -1 -1 -1 -1 3
3 0 0 0 0 -1 -1 -1 -1 -1 3
0 0 0 0 0 0 0 0 0 0 0
3 0 0 0 -1 -1 -1 -1 -1 -1 3
3 0 -1 -1 -1 -1 -1 -1 -1 -1 3
3 -1 -1 -1 -1 -1 -1 -1 -1 -1 3
3 3 -1 -1 -1 -1 -1 -1 -1 3 3
3 3 3 3 3 -1 3 3 3 3 3
16:47:40.819658 - stdout  :: -1 0
16:47:40.827121 - stdin   :: 34 39 -1 -1
34 39
11 50
32 49
35 51
3 3 3 3 3 0 3 3 3 3 3
3 3 0 0 0 0 0 -1 -1 3 3
3 0 0 0 0 0 0 -1 0 -1 3
3 0 0 0 0 0 0 0 -1 -1 3
3 0 0 0 0 0 0 -1 -1 -1 3
0 0 0 0 0 0 -1 -1 -1 -1 -1
3 0 0 0 0 0 0 0 0 0 3
3 0 0 0 0 -1 -1 -1 -1 -1 3
3 0 0 -1 -1 -1 -1 -1 -1 -1 3
3 3 -1 -1 -1 -1 -1 -1 -1 3 3
3 3 3 3 3 -1 3 3 3 3 3
16:47:40.827739 - stdout  :: -1 -1
16:47:40.835235 - stdin   :: 32 37 -2 -2
32 37
11 51
32 48
36 51
3 3 3 3 3 0 3 3 3 3 3
3 3 0 0 0 0 0 -1 -1 3 3
3 0 0 0 0 0 0 0 -1 -1 3
3 0 0 0 0 0 0 0 0 -1 3
3 0 0 0 0 0 0 0 0 -1 3
0 0 0 0 0 0 0 0 0 0 -1
3 0 0 0 0 0 0 0 0 -1 3
3 0 0 0 0 0 0 0 -1 -1 3
3 0 0 0 0 0 0 0 0 0 3
3 3 0 0 0 0 0 -1 -1 3 3
3 3 3 3 3 -1 3 3 3 3 3
16:47:40.839314 - stdout  :: 0 0
16:47:40.846997 - stdin   :: 30 35 -2 -2
30 35
11 52
33 48
36 50
3 3 3 3 3 -1 3 3 3 3 3
3 3 -1 -1 -1 -1 -1 -1 -1 3 3
3 0 0 0 0 0 0 0 -1 -1 3
3 0 0 0 0 0 0 0 0 -1 3
3 0 0 0 0 0 0 0 0 0 3
0 0 0 0 0 0 0 0 0 0 0
3 0 0 0 0 0 0 0 0 0 3
3 0 0 0 0 0 0 0 0 0 3
3 0 0 0 0 0 0 0 0 0 3
3 3 0 0 0 0 0 0 0 3 3
3 3 3 3 3 0 3 3 3 3 3
16:47:40.847604 - stdout  :: 0 0
16:47:40.855404 - stdin   :: 28 33 -2 -2
28 33
10 52
34 48
35 49
3 3 3 3 3 -1 3 3 3 3 3
3 3 -1 -1 -1 -1 -1 -1 -1 3 3
3 -1 -1 -1 -1 -1 -1 -1 -1 -1 3
3 -1 -1 -1 -1 -1 -1 -1 -1 -1 3
3 -1 -1 0 0 0 0 0 0 0 3
0 0 0 0 0 0 0 0 0 0 0
3 0 0 0 0 0 0 0 0 0 3
3 0 0 0 0 0 0 0 0 0 3
3 0 0 0 0 0 0 0 0 0 3
3 3 0 0 0 0 0 0 0 3 3
3 3 3 3 3 0 3 3 3 3 3
16:47:40.856566 - stdout  :: 1 1
16:47:40.864066 - stdin   :: 27 32 -1 -1
27 32
9 52
35 48
34 48
3 3 3 3 3 -1 3 3 3 3 3
3 3 -1 -1 -1 -1 -1 -1 -1 3 3
3 -1 -1 -1 -1 -1 -1 -1 -1 -1 3
3 -1 -1 -1 -1 -1 -1 -1 -1 -1 3
3 -1 -1 -1 -1 -1 -1 -1 -1 -1 3
-1 -1 -1 -1 0 0 0 0 0 0 0
3 0 0 0 0 0 0 0 0 0 3
3 0 0 0 0 0 0 0 0 0 3
3 0 0 0 0 0 0 0 0 0 3
3 3 0 0 0 0 0 0 0 3 3
3 3 3 3 3 0 3 3 3 3 3
16:47:40.865223 - stdout  :: 1 1
16:47:40.872769 - stdin   :: 27 32 0 0
27 32
8 52
35 47
34 48
3 3 3 3 3 -1 3 3 3 3 3
3 3 -1 -1 -1 -1 -1 -1 -1 3 3
3 -1 -1 -1 -1 -1 -1 -1 -1 -1 3
3 -1 -1 -1 -1 -1 -1 -1 -1 -1 3
3 -1 -1 -1 -1 -1 -1 -1 -1 -1 3
-1 -1 -1 -1 0 0 0 0 0 0 0
3 0 0 0 0 0 0 0 0 0 3
3 0 0 0 0 0 0 0 0 0 3
3 0 0 0 0 0 0 0 0 0 3
3 3 0 0 0 0 0 0 0 3 3
3 3 3 3 3 0 3 3 3 3 3
16:47:40.873710 - stdout  :: 1 -1
16:47:40.879951 - stdin   :: 28 31 1 -1
28 31
7 51
35 46
34 48
3 3 3 3 3 -1 3 3 3 3 3
3 3 -1 -1 -1 -1 -1 -1 -1 3 3
3 -1 -1 -1 -1 -1 -1 -1 -1 -1 3
3 -1 -1 -1 -1 -1 -1 -1 -1 -1 3
3 -1 -1 -1 -1 0 0 0 0 0 3
-1 -1 0 0 0 0 0 0 0 0 0
3 -1 0 0 0 0 0 0 0 0 3
3 0 0 0 0 0 0 0 0 0 3
3 0 0 0 0 0 0 0 0 0 3
3 3 0 0 0 0 0 0 0 3 3
3 3 3 3 3 0 3 3 3 3 3
16:47:40.880553 - stdout  :: 1 -1
16:47:40.886321 - stdin   :: 30 29 2 -2
30 29
6 50
35 45
34 48
3 3 3 3 3 -1 3 3 3 3 3
3 3 -1 -1 -1 -1 -1 -1 -1 3 3
3 -1 -1 -1 -1 -1 -1 0 0 0 3
3 -1 -1 -1 0 0 0 0 0 0 3
3 -1 -1 -1 0 0 0 0 0 0 3
-1 -1 -1 0 0 0 0 0 0 0 0
3 -1 -1 0 0 0 0 0 0 0 3
3 -1 -1 0 0 0 0 0 0 0 3
3 -1 -1 0 0 0 0 0 0 0 3
3 3 -1 0 0 0 0 0 0 3 3
3 3 3 3 3 0 3 3 3 3 3
16:47:40.887090 - stdout  :: 0 1
16:47:40.892765 - stdin   :: 32 28 2 -1
32 28
5 49
35 44
34 48
3 3 3 3 3 -1 3 3 3 3 3
3 3 -1 -1 -1 0 0 0 0 3 3
3 -1 -1 -1 -1 0 0 0 0 0 3
3 -1 -1 -1 0 0 0 0 0 0 3
3 -1 -1 -1 0 0 0 0 0 0 3
-1 -1 -1 -1 0 0 0 0 0 0 0
3 -1 -1 -1 0 0 0 0 0 0 3
3 -1 -1 -1 0 0 0 0 0 0 3
3 -1 -1 -1 0 0 0 0 0 0 3
3 3 -1 -1 0 0 0 0 0 3 3
3 3 3 3 3 -1 3 3 3 3 3
16:47:40.894180 - stdout  :: 0 1
16:47:40.899999 - stdin   :: 34 28 2 0
34 28
4 48
35 43
34 48
3 3 3 3 3 0 3 3 3 3 3
3 3 -1 -1 0 0 0 0 0 3 3
3 -1 -1 -1 0 0 0 0 0 0 3
3 -1 -1 -1 0 0 0 0 0 0 3
3 -1 -1 -1 0 0 0 0 0 0 3
-1 -1 -1 -1 0 0 0 0 0 0 0
3 -1 -1 -1 0 0 0 0 0 0 3
3 -1 -1 -1 0 0 0 0 0 0 3
3 -1 -1 -1 -1 -1 0 0 0 0 3
3 3 -1 -1 -1 -1 -1 -1 -1 3 3
3 3 3 3 3 -1 3 3 3 3 3
16:47:40.900823 - stdout  :: 0 1
16:47:40.907048 - stdin   :: 36 29 2 1
36 29
4 47
35 42
34 48
3 3 3 3 3 0 3 3 3 3 3
3 3 -1 0 0 0 0 0 0 3 3
3 -1 -1 0 0 0 0 0 0 0 3
3 -1 -1 0 0 0 0 0 0 0 3
3 -1 -1 0 0 0 0 0 0 0 3
-1 -1 -1 0 0 0 0 0 0 0 0
3 -1 -1 -1 -1 0 0 0 0 0 3
3 -1 -1 -1 -1 -1 -1 -1 -1 -1 3
3 -1 -1 -1 -1 -1 -1 -1 -1 -1 3
3 3 -1 -1 -1 -1 -1 -1 -1 3 3
3 3 3 3 3 -1 3 3 3 3 3
16:47:40.907660 - stdout  :: -1 1
16:47:40.915744 - stdin   :: 37 31 1 2
37 31
5 47
35 41
35 47
3 3 3 3 3 0 3 3 3 3 3
3 3 0 0 0 0 0 0 0 3 3
3 0 0 0 0 0 0 0 0 0 3
3 0 0 0 0 0 0 0 0 0 3
3 0 0 0 0 0 0 0 0 0 3
-1 -1 -1 0 0 0 0 0 0 0 0
3 -1 -1 -1 -1 -1 -1 -1 -1 -1 3
3 -1 -1 -1 -1 -1 -1 -1 -1 -1 3
3 -1 -1 -1 -1 -1 -1 -1 -1 -1 3
3 3 -1 -1 -1 -1 -1 -1 -1 3 3
3 3 3 3 3 -1 3 3 3 3 3
16:47:40.916408 - stdout  :: -1 0
16:47:40.924048 - stdin   :: 37 33 0 2
37 33
6 47
35 40
35 46
3 3 3 3 3 0 3 3 3 3 3
3 3 0 0 0 0 0 0 0 3 3
3 0 0 0 0 0 0 0 0 0 3
3 0 0 0 0 0 0 0 0 0 3
3 0 0 0 0 0 0 0 0 0 3
-1 0 0 0 0 0 0 0 0 -1 -1
3 -1 -1 -1 -1 -1 -1 -1 -1 -1 3
3 -1 -1 -1 -1 -1 -1 -1 -1 -1 3
3 -1 -1 -1 -1 -1 -1 -1 -1 -1 3
3 3 -1 -1 -1 -1 -1 -1 -1 3 3
3 3 3 3 3 -1 3 3 3 3 3
16:47:40.924673 - stdout  :: -1 0
16:47:40.932405 - stdin   :: 36 35 -1 2
36 35
7 47
35 39
35 45
3 3 3 3 3 0 3 3 3 3 3
3 3 0 0 0 0 0 0 0 3 3
3 0 0 0 0 0 0 0 0 0 3
3 0 0 0 0 0 0 0 0 0 3
3 0 0 0 0 0 0 0 0 0 3
0 0 0 0 0 0 0 0 0 -1 -1
3 0 0 0 0 0 0 -1 -1 -1 3
3 -1 -1 -1 -1 -1 -1 -1 -1 -1 3
3 -1 -1 -1 -1 -1 -1 -1 -1 -1 3
3 3 -1 -1 -1 -1 -1 -1 -1 3 3
3 3 3 3 3 -1 3 3 3 3 3
16:47:40.933000 - stdout  :: -1 0
16:47:40.941005 - stdin   :: 34 37 -2 2
34 37
8 47
34 39
35 44
3 3 3 3 3 0 3 3 3 3 3
3 3 0 0 0 0 0 0 0 3 3
3 0 0 0 0 0 0 0 0 -1 3
3 0 0 0 0 0 0 0 0 0 3
3 0 0 0 0 0 0 0 0 -1 3
0 0 0 0 0 0 0 0 -1 -1 -1
3 0 0 0 0 0 0 0 0 0 3
3 0 0 0 0 0 0 -1 -1 -1 3
3 0 0 0 0 -1 -1 -1 -1 -1 3
3 3 -1 -1 -1 -1 -1 -1 -1 3 3
3 3 3 3 3 -1 3 3 3 3 3
16:47:40.941554 - stdout  :: 1 0
16:47:40.949300 - stdin   :: 33 39 -1 2
33 39
9 47
33 38
35 43
3 3 3 3 3 -1 3 3 3 3 3
3 3 0 0 0 0 -1 -1 -1 3 3
3 0 0 0 0 0 0 -1 -1 0 3
3 0 0 0 0 0 0 -1 0 -1 3
3 0 0 0 0 0 0 0 -1 -1 3
0 0 0 0 0 0 0 -1 -1 -1 -1
3 0 0 0 0 0 -1 -1 -1 -1 3
3 0 0 0 0 0 0 0 0 0 3
3 0 0 0 0 -1 -1 -1 -1 -1 3
3 3 0 -1 -1 -1 -1 -1 -1 3 3
3 3 3 3 3 -1 3 3 3 3 3
16:47:40.949899 - stdout  :: 0 0
16:47:40.958114 - stdin   :: 32 41 -1 2
32 41
10 47
32 38
35 42
3 3 3 3 3 -1 3 3 3 3 3
3 3 0 -1 -1 -1 -1 -1 0 3 3
3 0 0 0 -1 -1 -1 -1 0 -1 3
3 0 0 0 0 -1 -1 0 -1 -1 3
3 0 0 0 0 -1 0 -1 -1 -1 3
0 0 0 0 0 0 -1 -1 -1 -1 -1
3 0 0 0 0 -1 -1 -1 -1 -1 3
3 0 0 0 -1 -1 -1 -1 -1 -1 3
3 0 0 0 0 0 0 0 0 0 3
3 3 0 -1 -1 -1 -1 -1 -1 3 3
3 3 3 3 3 -1 3 3 3 3 3
16:47:40.958700 - stdout  :: -1 0
16:47:40.966699 - stdin   :: 30 43 -2 2
30 43
11 47
31 38
35 41
3 3 3 3 3 -1 3 3 3 3 3
3 3 -1 -1 -1 -1 0 -1 -1 3 3
3 -1 -1 -1 -1 -1 0 -1 -1 -1 3
3 -1 -1 -1 -1 -1 0 -1 -1 -1 3
3 0 -1 -1 -1 -1 0 -1 -1 -1 3
0 0 0 -1 -1 0 -1 -1 -1 -1 -1
3 0 0 -1 0 -1 -1 -1 -1 -1 3
3 0 0 0 -1 -1 -1 -1 -1 -1 3
3 0 0 -1 -1 -1 -1 -1 -1 -1 3
3 3 -1 -1 -1 -1 -1 -1 -1 3 3
3 3 3 3 3 0 3 3 3 3 3
16:47:40.967186 - stdout  :: 1 -1
16:47:40.977483 - stdin   :: 29 44 -1 1
29 44
11 48
30 38
35 40
3 3 3 3 3 0 3 3 3 3 3
3 3 -1 -1 -1 0 -1 -1 -1 3 3
3 -1 -1 -1 -1 0 -1 -1 -1 -1 3
3 -1 -1 -1 -1 0 -1 -1 -1 -1 3
3 -1 -1 -1 -1 0 -1 -1 -1 -1 3
0 -1 -1 -1 -1 0 -1 -1 -1 -1 -1
3 0 -1 -1 0 -1 -1 -1 -1 -1 3
3 0 -1 0 -1 -1 -1 -1 -1 -1 3
3 0 0 -1 -1 -1 -1 -1 -1 0 3
3 3 -1 -1 -1 -1 -1 -1 -1 3 3
3 3 3 3 3 -1 3 3 3 3 3
16:47:40.978027 - stdout  :: -1 -1
16:47:40.986956 - stdin   :: 27 44 -2 0
27 44
11 49
29 38
34 39
3 3 3 3 3 -1 3 3 3 3 3
3 3 -1 -1 0 -1 -1 -1 -1 3 3
3 -1 -1 -1 -1 0 -1 -1 -1 0 3
3 -1 -1 -1 -1 0 -1 -1 -1 0 3
3 -1 -1 -1 -1 0 -1 -1 -1 -1 3
-1 -1 -1 -1 -1 0 -1 -1 -1 -1 -1
3 -1 -1 -1 -1 0 -1 -1 -1 -1 3
3 -1 -1 -1 -1 0 -1 -1 -1 -1 3
3 0 -1 -1 0 -1 -1 -1 -1 -1 3
3 3 -1 0 -1 -1 -1 -1 -1 3 3
3 3 3 3 3 -1 3 3 3 3 3
16:47:40.987668 - stdout  :: 1 0
16:47:40.995840 - stdin   :: 26 44 -1 0
26 44
11 50
28 38
33 38
3 3 3 3 3 -1 3 3 3 3 3
3 3 -1 0 -1 -1 -1 -1 -1 3 3
3 -1 -1 -1 0 -1 -1 -1 -1 0 3
3 -1 -1 -1 -1 0 -1 -1 -1 0 3
3 -1 -1 -1 -1 0 -1 -1 -1 0 3
-1 -1 -1 -1 -1 0 -1 -1 -1 -1 0
3 -1 -1 -1 -1 0 -1 -1 -1 -1 3
3 -1 -1 -1 -1 0 -1 -1 -1 -1 3
3 -1 -1 -1 -1 0 -1 -1 -1 -1 3
3 3 -1 -1 0 -1 -1 -1 -1 3 3
3 3 3 3 3 -1 3 3 3 3 3
16:47:40.996286 - stdout  :: -1 0
16:47:41.004356 - stdin   :: 24 44 -2 0
24 44
11 51
28 37
32 37
3 3 3 3 3 -1 3 3 3 3 3
3 3 0 -1 -1 -1 -1 -1 -1 3 3
3 0 0 -1 -1 -1 -1 -1 -1 0 3
3 0 -1 0 -1 -1 -1 -1 -1 0 3
3 -1 -1 -1 0 -1 -1 -1 -1 0 3
-1 -1 -1 -1 -1 0 -1 -1 -1 0 0
3 -1 -1 -1 -1 0 -1 -1 -1 0 3
3 -1 -1 -1 -1 0 -1 -1 -1 -1 3
3 -1 -1 -1 -1 0 -1 -1 -1 -1 3
3 3 -1 -1 -1 0 -1 -1 -1 3 3
3 3 3 3 3 0 3 3 3 3 3
16:47:41.004876 - stdout  :: 1 -1
16:47:41.013257 - stdin   :: 23 43 -1 -1
23 43
11 52
27 37
31 36
3 3 3 3 3 -1 3 3 3 3 3
3 3 0 0 -1 -1 -1 -1 -1 3 3
3 0 0 0 -1 -1 -1 -1 -1 -1 3
3 0 0 0 -1 -1 -1 -1 -1 -1 3
3 0 0 -1 0 -1 -1 -1 -1 -1 3
-1 -1 -1 -1 -1 0 -1 -1 -1 -1 0
3 -1 -1 -1 -1 -1 0 -1 -1 -1 3
3 -1 -1 -1 -1 -1 0 -1 -1 -1 3
3 -1 -1 -1 -1 -1 0 -1 -1 -1 3
3 3 -1 -1 -1 -1 0 -1 -1 3 3
3 3 3 3 3 -1 3 3 3 3 3
16:47:41.013717 - stdout  :: -1 -1
16:47:41.022305 - stdin   :: 21 41 -2 -2
21 41
12 52
27 36
30 35
3 3 3 3 3 -1 3 3 3 3 3
3 3 0 0 0 -1 -1 -1 -1 3 3
3 0 0 0 0 0 -1 -1 -1 -1 3
3 0 0 0 0 0 -1 -1 -1 -1 3
3 0 0 0 0 0 -1 -1 -1 -1 3
0 0 0 0 0 0 -1 -1 -1 -1 -1
3 0 0 0 0 -1 0 -1 -1 -1 3
3 -1 -1 -1 -1 -1 -1 0 -1 -1 3
3 -1 -1 -1 -1 -1 -1 -1 0 -1 3
3 3 -1 -1 -1 -1 -1 -1 0 3 3
3 3 3 3 3 -1 3 3 3 3 3
16:47:41.022914 - stdout  :: 0 0
16:47:41.030998 - stdin   :: 19 39 -2 -2
19 39
12 51
28 36
29 34
3 3 3 3 3 0 3 3 3 3 3
3 3 -1 -1 -1 0 -1 -1 -1 3 3
3 -1 0 0 0 0 0 -1 -1 -1 3
3 0 0 0 0 0 0 -1 -1 -1 3
3 0 0 0 0 0 0 0 -1 -1 3
0 0 0 0 0 0 0 0 -1 -1 -1
3 0 0 0 0 0 0 0 -1 -1 3
3 -1 0 0 0 0 0 0 -1 -1 3
3 -1 0 0 0 0 0 -1 0 -1 3
3 3 -1 -1 -1 -1 -1 -1 -1 3 3
3 3 3 3 3 -1 3 3 3 3 3
16:47:41.031493 - stdout  :: 0 0
16:47:41.045634 - stdin   :: 17 37 -2 -2
17 37
12 50
29 36
29 33
3 3 3 3 3 -1 3 3 3 3 3
3 3 -1 -1 -1 -1 -1 0 -1 3 3
3 -1 -1 -1 -1 -1 -1 0 -1 -1 3
3 0 -1 -1 -1 -1 -1 0 -1 -1 3
3 -1 0 -1 0 0 0 0 0 -1 3
-1 -1 -1 0 0 0 0 0 0 -1 -1
3 -1 -1 0 0 0 0 0 0 0 3
3 0 0 0 0 0 0 0 0 0 3
3 -1 -1 0 0 0 0 0 0 0 3
3 3 -1 -1 0 0 0 0 0 3 3
3 3 3 3 3 0 3 3 3 3 3
16:47:41.048156 - stdout  :: 1 1
16:47:41.060148 - stdin   :: 16 36 -1 -1
16 36
12 49
30 36
30 32
3 3 3 3 3 0 3 3 3 3 3
3 3 0 0 -1 -1 -1 -1 0 3 3
3 0 0 -1 -1 -1 -1 -1 0 -1 3
3 0 -1 -1 -1 -1 -1 -1 0 -1 3
3 -1 0 -1 -1 -1 -1 -1 0 -1 3
-1 -1 -1 0 -1 0 0 0 0 0 -1
3 -1 -1 -1 0 0 0 0 0 0 3
3 -1 -1 -1 0 0 0 0 0 0 3
3 0 0 0 0 0 0 0 0 0 3
3 3 -1 -1 0 0 0 0 0 3 3
3 3 3 3 3 0 3 3 3 3 3
16:47:41.061353 - stdout  :: 1 1
16:47:41.074136 - stdin   :: 16 36 0 0
16 36
12 48
31 36
31 31
3 3 3 3 3 0 3 3 3 3 3
3 3 0 0 -1 -1 -1 -1 0 3 3
3 0 0 -1 -1 -1 -1 -1 0 -1 3
3 0 -1 -1 -1 -1 -1 -1 0 -1 3
3 -1 0 -1 -1 -1 -1 -1 0 -1 3
-1 -1 -1 0 -1 0 0 0 0 0 -1
3 -1 -1 -1 0 0 0 0 0 0 3
3 -1 -1 -1 0 0 0 0 0 0 3
3 0 0 0 0 0 0 0 0 0 3
3 3 -1 -1 0 0 0 0 0 3 3
3 3 3 3 3 0 3 3 3 3 3
16:47:41.075177 - stdout  :: 1 0
16:47:41.085395 - stdin   :: 17 36 1 0
17 36
11 48
32 36
31 30
3 3 3 3 3 -1 3 3 3 3 3
3 3 0 -1 -1 -1 -1 -1 0 3 3
3 0 -1 -1 -1 -1 -1 -1 0 -1 3
3 -1 0 -1 -1 -1 -1 -1 0 -1 3
3 -1 -1 0 -1 0 0 0 0 0 3
-1 -1 -1 -1 0 0 0 0 0 0 -1
3 -1 -1 -1 0 0 0 0 0 0 3
3 0 0 0 0 0 0 0 0 0 3
3 -1 -1 -1 0 0 0 0 0 0 3
3 3 -1 -1 -1 0 0 0 0 3 3
3 3 3 3 3 0 3 3 3 3 3
16:47:41.086303 - stdout  :: -1 -1
16:47:41.095933 - stdin   :: 17 35 0 -1
17 35
10 48
33 36
32 29
3 3 3 3 3 -1 3 3 3 3 3
3 3 0 0 -1 -1 -1 -1 -1 3 3
3 0 0 -1 -1 -1 -1 -1 -1 0 3
3 0 -1 0 -1 -1 -1 -1 -1 0 3
3 -1 -1 -1 0 -1 0 0 0 0 3
0 -1 -1 -1 -1 0 0 0 0 0 0
3 -1 -1 -1 -1 0 0 0 0 0 3
3 -1 0 0 0 0 0 0 0 0 3
3 -1 -1 -1 -1 0 0 0 0 0 3
3 3 -1 -1 -1 -1 0 0 0 3 3
3 3 3 3 3 -1 3 3 3 3 3
16:47:41.096617 - stdout  :: -1 0
16:47:41.106211 - stdin   :: 16 34 -1 -1
16 34
10 47
34 36
33 29
3 3 3 3 3 0 3 3 3 3 3
3 3 -1 -1 0 0 -1 -1 -1 3 3
3 -1 -1 0 0 -1 -1 -1 -1 -1 3
3 -1 0 0 -1 -1 -1 -1 -1 -1 3
3 0 0 -1 0 -1 -1 -1 -1 -1 3
-1 0 -1 -1 -1 0 -1 0 0 0 0
3 0 -1 -1 -1 -1 0 0 0 0 3
3 0 -1 -1 -1 -1 0 0 0 0 3
3 0 -1 0 0 0 0 0 0 0 3
3 3 -1 -1 -1 -1 0 0 0 3 3
3 3 3 3 3 -1 3 3 3 3 3
16:47:41.106870 - stdout  :: 0 0
16:47:41.116416 - stdin   :: 15 33 -1 -1
15 33
11 47
35 36
34 30
3 3 3 3 3 -1 3 3 3 3 3
3 3 -1 -1 -1 -1 0 0 0 3 3
3 -1 -1 -1 -1 0 0 -1 -1 -1 3
3 -1 -1 -1 0 0 -1 -1 -1 -1 3
3 -1 -1 0 0 -1 -1 -1 -1 -1 3
-1 -1 0 0 -1 0 -1 -1 -1 -1 -1
3 -1 0 -1 -1 -1 0 -1 0 0 3
3 0 0 -1 -1 -1 -1 0 0 0 3
3 0 0 -1 -1 -1 -1 0 0 0 3
3 3 0 -1 0 0 0 0 0 3 3
3 3 3 3 3 -1 3 3 3 3 3
16:47:41.117133 - stdout  :: 0 0
16:47:41.126983 - stdin   :: 14 32 -1 -1
14 32
11 48
36 36
35 31
3 3 3 3 3 -1 3 3 3 3 3
3 3 0 -1 -1 -1 -1 -1 -1 3 3
3 0 -1 -1 -1 -1 -1 0 0 0 3
3 -1 -1 -1 -1 -1 0 0 -1 -1 3
3 -1 -1 -1 -1 0 0 -1 -1 -1 3
0 -1 -1 -1 0 0 -1 -1 -1 -1 -1
3 -1 -1 0 0 -1 0 -1 -1 -1 3
3 0 -1 0 -1 -1 -1 0 -1 0 3
3 0 0 0 -1 -1 -1 -1 0 0 3
3 3 0 0 -1 -1 -1 -1 0 3 3
3 3 3 3 3 0 3 3 3 3 3
16:47:41.127716 - stdout  :: 1 1
16:47:41.137457 - stdin   :: 14 32 0 0
14 32
11 49
37 36
35 32
3 3 3 3 3 -1 3 3 3 3 3
3 3 0 -1 -1 -1 -1 -1 -1 3 3
3 0 -1 -1 -1 -1 -1 0 0 0 3
3 -1 -1 -1 -1 -1 0 0 -1 -1 3
3 -1 -1 -1 -1 0 0 -1 -1 -1 3
0 -1 -1 -1 0 0 -1 -1 -1 -1 -1
3 -1 -1 0 0 -1 0 -1 -1 -1 3
3 0 -1 0 -1 -1 -1 0 -1 0 3
3 0 0 0 -1 -1 -1 -1 0 0 3
3 3 0 0 -1 -1 -1 -1 0 3 3
3 3 3 3 3 0 3 3 3 3 3
16:47:41.138112 - stdout  :: -1 1
16:47:41.147398 - stdin   :: 13 33 -1 1
13 33
11 50
37 35
34 33
3 3 3 3 3 0 3 3 3 3 3
3 3 0 -1 -1 -1 -1 -1 0 3 3
3 0 -1 -1 -1 -1 -1 -1 0 0 3
3 -1 -1 -1 -1 -1 0 0 0 0 3
3 -1 -1 -1 -1 0 0 -1 -1 -1 3
-1 -1 -1 -1 0 0 -1 -1 -1 -1 -1
3 -1 -1 0 0 -1 -1 -1 -1 -1 3
3 -1 0 0 -1 0 -1 -1 -1 -1 3
3 -1 0 -1 -1 -1 0 -1 0 0 3
3 3 0 -1 -1 -1 -1 0 0 3 3
3 3 3 3 3 -1 3 3 3 3 3
16:47:41.147911 - stdout  :: -1 1
16:47:41.156495 - stdin   :: 11 35 -2 2
11 35
11 51
36 35
33 34
3 3 3 3 3 -1 3 3 3 3 3
3 3 -1 -1 -1 -1 0 0 0 3 3
3 0 0 0 0 0 0 0 0 0 3
3 -1 -1 -1 -1 -1 0 0 0 0 3
3 -1 -1 -1 -1 -1 0 0 0 0 3
-1 -1 -1 -1 0 0 0 0 0 0 0
3 -1 -1 0 0 -1 -1 -1 -1 0 3
3 -1 0 0 -1 -1 -1 -1 -1 0 3
3 0 0 -1 -1 -1 -1 -1 -1 0 3
3 3 -1 0 -1 -1 -1 -1 -1 3 3
3 3 3 3 3 -1 3 3 3 3 3
16:47:41.157085 - stdout  :: 0 0
16:47:41.165719 - stdin   :: 9 37 -2 2
9 37
11 52
35 35
32 35
3 3 3 3 3 -1 3 3 3 3 3
3 3 -1 -1 -1 -1 0 0 0 3 3
3 -1 -1 -1 -1 0 0 0 0 0 3
3 -1 -1 -1 0 0 0 0 0 0 3
3 0 0 0 0 0 0 0 0 0 3
-1 -1 -1 -1 0 0 0 0 0 0 0
3 -1 -1 -1 0 0 0 0 0 0 3
3 -1 0 0 0 0 0 0 0 -1 3
3 0 0 -1 -1 -1 -1 0 -1 -1 3
3 3 -1 -1 -1 -1 -1 0 -1 3 3
3 3 3 3 3 -1 3 3 3 3 3
16:47:41.166328 - stdout  :: 0 0
16:47:41.175498 - stdin   :: 7 39 -2 2
7 39
11 53
34 35
31 36
3 3 3 3 3 -1 3 3 3 3 3
3 3 -1 -1 -1 -1 -1 -1 -1 3 3
3 -1 -1 -1 -1 -1 -1 -1 -1 -1 3
3 -1 -1 -1 0 0 0 0 -1 -1 3
3 -1 -1 0 0 0 0 0 0 -1 3
-1 -1 0 0 0 0 0 0 0 -1 -1
3 0 0 0 0 0 0 0 0 -1 3
3 -1 0 0 0 0 0 0 0 -1 3
3 -1 0 0 0 0 0 0 -1 -1 3
3 3 0 0 0 0 0 -1 -1 3 3
3 3 3 3 3 0 3 3 3 3 3
16:47:41.176386 - stdout  :: 1 -1
16:47:41.185228 - stdin   :: 6 40 -1 1
6 40
11 54
33 35
30 37
3 3 3 3 3 -1 3 3 3 3 3
3 3 -1 -1 -1 -1 -1 -1 -1 3 3
3 -1 -1 -1 -1 -1 -1 -1 -1 -1 3
3 -1 -1 -1 -1 -1 -1 -1 -1 -1 3
3 -1 -1 0 0 0 0 -1 -1 -1 3
-1 -1 0 0 0 0 0 0 -1 -1 -1
3 0 0 0 0 0 0 0 -1 -1 3
3 0 0 0 0 0 0 0 -1 -1 3
3 0 0 0 0 0 0 0 -1 -1 3
3 3 0 0 0 0 0 -1 -1 3 3
3 3 3 3 3 0 3 3 3 3 3
16:47:41.185835 - stdout  :: 1 -1
16:47:41.195330 - stdin   :: 6 40 0 0
6 40
11 55
32 35
29 38
3 3 3 3 3 -1 3 3 3 3 3
3 3 -1 -1 -1 -1 -1 -1 -1 3 3
3 -1 -1 -1 -1 -1 -1 -1 -1 -1 3
3 -1 -1 -1 -1 -1 -1 -1 -1 -1 3
3 -1 -1 0 0 0 0 -1 -1 -1 3
-1 -1 0 0 0 0 0 0 -1 -1 -1
3 0 0 0 0 0 0 0 -1 -1 3
3 0 0 0 0 0 0 0 -1 -1 3
3 0 0 0 0 0 0 0 -1 -1 3
3 3 0 0 0 0 0 -1 -1 3 3
3 3 3 3 3 0 3 3 3 3 3
16:47:41.195923 - stdout  :: 1 -1
16:47:41.205123 - stdin   :: 7 39 1 -1
7 39
10 56
31 35
29 39
3 3 3 3 3 -1 3 3 3 3 3
3 3 -1 -1 -1 -1 -1 -1 -1 3 3
3 -1 -1 -1 -1 -1 -1 -1 -1 -1 3
3 -1 -1 -1 0 0 0 0 -1 -1 3
3 -1 -1 0 0 0 0 0 0 -1 3
-1 -1 0 0 0 0 0 0 0 -1 -1
3 0 0 0 0 0 0 0 0 -1 3
3 -1 0 0 0 0 0 0 0 -1 3
3 -1 0 0 0 0 0 0 -1 -1 3
3 3 0 0 0 0 0 -1 -1 3 3
3 3 3 3 3 0 3 3 3 3 3
16:47:41.205772 - stdout  :: 0 0
16:47:41.214530 - stdin   :: 8 38 1 -1
8 38
8 56
30 35
30 40
3 3 3 3 3 -1 3 3 3 3 3
3 3 -1 -1 -1 -1 -1 -1 -1 3 3
3 -1 -1 -1 -1 0 0 0 0 -1 3
3 -1 -1 -1 0 0 0 0 0 0 3
3 -1 -1 0 0 0 0 0 0 0 3
0 0 0 0 0 0 0 0 0 0 -1
3 -1 -1 0 0 0 0 0 0 0 3
3 -1 -1 0 0 0 0 0 0 -1 3
3 0 0 0 0 0 0 0 -1 -1 3
3 3 -1 -1 -1 -1 0 -1 -1 3 3
3 3 3 3 3 -1 3 3 3 3 3
16:47:41.215100 - stdout  :: -1 0
16:47:41.223847 - stdin   :: 8 37 0 -1
8 37
6 56
29 35
31 40
3 3 3 3 3 -1 3 3 3 3 3
3 3 -1 -1 -1 -1 -1 -1 -1 3 3
3 -1 -1 -1 -1 -1 0 0 0 0 3
3 -1 -1 -1 -1 0 0 0 0 0 3
3 -1 -1 -1 0 0 0 0 0 0 3
0 0 0 0 0 0 0 0 0 0 0
3 -1 -1 -1 0 0 0 0 0 0 3
3 -1 -1 -1 0 0 0 0 0 0 3
3 -1 0 0 0 0 0 0 0 -1 3
3 3 0 -1 -1 -1 -1 0 -1 3 3
3 3 3 3 3 -1 3 3 3 3 3
16:47:41.224424 - stdout  :: 0 0
16:47:41.232705 - stdin   :: 8 36 0 -1
8 36
4 56
28 35
32 41
3 3 3 3 3 -1 3 3 3 3 3
3 3 -1 -1 -1 -1 -1 -1 -1 3 3
3 -1 -1 -1 -1 -1 -1 0 0 0 3
3 -1 -1 -1 -1 -1 0 0 0 0 3
3 -1 -1 -1 -1 0 0 0 0 0 3
0 0 0 0 0 0 0 0 0 0 0
3 -1 -1 -1 -1 0 0 0 0 0 3
3 -1 -1 -1 -1 0 0 0 0 0 3
3 -1 -1 0 0 0 0 0 0 0 3
3 3 0 0 -1 -1 -1 -1 0 3 3
3 3 3 3 3 -1 3 3 3 3 3
16:47:41.233271 - stdout  :: 0 -1
16:47:41.243298 - stdin   :: 8 34 0 -2
8 34
3 55
27 35
32 41
3 3 3 3 3 -1 3 3 3 3 3
3 3 -1 -1 -1 -1 -1 -1 -1 3 3
3 -1 -1 -1 -1 -1 -1 -1 -1 0 3
3 0 -1 -1 -1 -1 -1 -1 0 0 3
3 0 -1 -1 -1 -1 -1 0 0 0 3
0 0 0 0 0 0 0 0 0 0 0
3 0 -1 -1 -1 -1 -1 0 0 0 3
3 -1 -1 -1 -1 -1 -1 0 0 0 3
3 -1 -1 -1 -1 0 0 0 0 0 3
3 3 -1 -1 0 0 -1 -1 -1 3 3
3 3 3 3 3 -1 3 3 3 3 3
16:47:41.243843 - stdout  :: 0 1
16:47:41.251184 - stdin   :: 8 33 0 -1
8 33
3 53
27 34
32 41
3 3 3 3 3 -1 3 3 3 3 3
3 3 -1 -1 -1 -1 -1 -1 -1 3 3
3 0 -1 -1 -1 -1 -1 -1 -1 -1 3
3 0 0 -1 -1 -1 -1 -1 -1 0 3
3 0 0 -1 -1 -1 -1 -1 0 0 3
0 0 0 0 0 0 0 0 0 0 0
3 0 0 -1 -1 -1 -1 -1 0 0 3
3 0 -1 -1 -1 -1 -1 -1 0 0 3
3 -1 -1 -1 -1 -1 0 0 0 0 3
3 3 -1 -1 -1 0 0 -1 -1 3 3
3 3 3 3 3 0 3 3 3 3 3
16:47:41.251938 - stdout  :: 0 0
16:47:41.259528 - stdin   :: 8 32 0 -1
8 32
3 51
28 34
32 41
3 3 3 3 3 -1 3 3 3 3 3
3 3 -1 -1 -1 -1 -1 -1 -1 3 3
3 0 0 -1 -1 -1 -1 -1 -1 -1 3
3 0 0 0 -1 -1 -1 -1 -1 -1 3
3 0 0 0 -1 -1 -1 -1 -1 0 3
0 0 0 0 0 0 0 0 0 0 0
3 0 0 0 -1 -1 -1 -1 -1 0 3
3 0 0 -1 -1 -1 -1 -1 -1 0 3
3 0 -1 -1 -1 -1 -1 0 0 0 3
3 3 -1 -1 -1 -1 0 0 -1 3 3
3 3 3 3 3 0 3 3 3 3 3
16:47:41.260436 - stdout  :: 0 0
16:47:41.268415 - stdin   :: 8 31 0 -1
8 31
3 50
29 34
32 41
3 3 3 3 3 -1 3 3 3 3 3
3 3 -1 -1 -1 -1 -1 -1 -1 3 3
3 0 0 0 -1 -1 -1 -1 -1 -1 3
3 0 0 0 0 -1 -1 -1 -1 -1 3
3 0 0 0 0 -1 -1 -1 -1 -1 3
0 0 0 0 0 0 0 0 0 0 0
3 0 0 0 0 -1 -1 -1 -1 -1 3
3 0 0 0 -1 -1 -1 -1 -1 -1 3
3 0 0 -1 -1 -1 -1 -1 0 0 3
3 3 -1 -1 -1 -1 -1 0 0 3 3
3 3 3 3 3 -1 3 3 3 3 3
16:47:41.269485 - stdout  :: -1 0
16:47:41.277057 - stdin   :: 7 30 -1 -1
7 30
3 49
30 34
32 41
3 3 3 3 3 -1 3 3 3 3 3
3 3 -1 -1 -1 -1 -1 -1 -1 3 3
3 -1 -1 -1 -1 -1 -1 -1 -1 -1 3
3 0 0 0 0 -1 -1 -1 -1 -1 3
3 0 0 0 0 0 -1 -1 -1 -1 3
0 0 0 0 0 0 -1 -1 -1 -1 -1
3 0 0 0 0 0 0 0 0 0 3
3 0 0 0 0 0 -1 -1 -1 -1 3
3 0 0 0 0 -1 -1 -1 -1 -1 3
3 3 0 0 -1 -1 -1 -1 -1 3 3
3 3 3 3 3 -1 3 3 3 3 3
16:47:41.278716 - stdout  :: 1 1
16:47:41.285793 - stdin   :: 7 30 0 0
7 30
3 48
31 34
32 41
3 3 3 3 3 -1 3 3 3 3 3
3 3 -1 -1 -1 -1 -1 -1 -1 3 3
3 -1 -1 -1 -1 -1 -1 -1 -1 -1 3
3 0 0 0 0 -1 -1 -1 -1 -1 3
3 0 0 0 0 0 -1 -1 -1 -1 3
0 0 0 0 0 0 -1 -1 -1 -1 -1
3 0 0 0 0 0 0 0 0 0 3
3 0 0 0 0 0 -1 -1 -1 -1 3
3 0 0 0 0 -1 -1 -1 -1 -1 3
3 3 0 0 -1 -1 -1 -1 -1 3 3
3 3 3 3 3 -1 3 3 3 3 3
16:47:41.286730 - stdout  :: 1 -1
16:47:41.295310 - stdin   :: 8 29 1 -1
8 29
4 48
32 34
31 42
3 3 3 3 3 -1 3 3 3 3 3
3 3 -1 -1 -1 -1 -1 -1 -1 3 3
3 -1 0 0 0 0 -1 -1 -1 -1 3
3 0 0 0 0 0 0 -1 -1 -1 3
3 0 0 0 0 0 0 -1 -1 -1 3
0 0 0 0 0 0 0 0 0 0 0
3 0 0 0 0 0 0 -1 -1 -1 3
3 0 0 0 0 0 -1 -1 -1 -1 3
3 0 0 0 0 -1 -1 -1 -1 -1 3
3 3 -1 0 -1 -1 -1 -1 -1 3 3
3 3 3 3 3 -1 3 3 3 3 3
16:47:41.296710 - stdout  :: -1 1
16:47:41.305022 - stdin   :: 8 29 0 0
8 29
5 48
33 34
30 43
3 3 3 3 3 -1 3 3 3 3 3
3 3 -1 -1 -1 -1 -1 -1 -1 3 3
3 -1 0 0 0 0 -1 -1 -1 -1 3
3 0 0 0 0 0 0 -1 -1 -1 3
3 0 0 0 0 0 0 -1 -1 -1 3
0 0 0 0 0 0 0 0 0 0 0
3 0 0 0 0 0 0 -1 -1 -1 3
3 0 0 0 0 0 -1 -1 -1 -1 3
3 0 0 0 0 -1 -1 -1 -1 -1 3
3 3 -1 0 -1 -1 -1 -1 -1 3 3
3 3 3 3 3 -1 3 3 3 3 3
16:47:41.306743 - stdout  :: -1 -1
16:47:41.315139 - stdin   :: 7 28 -1 -1
7 28
6 48
34 34
29 44
3 3 3 3 3 -1 3 3 3 3 3
3 3 -1 -1 -1 -1 -1 -1 -1 3 3
3 -1 -1 -1 -1 -1 -1 -1 -1 -1 3
3 -1 -1 0 0 0 0 -1 -1 -1 3
3 -1 0 0 0 0 0 0 -1 -1 3
-1 0 0 0 0 0 0 0 -1 -1 -1
3 0 0 0 0 0 0 0 0 0 3
3 0 0 0 0 0 0 0 -1 -1 3
3 0 0 0 0 0 0 -1 -1 -1 3
3 3 0 0 0 0 -1 -1 -1 3 3
3 3 3 3 3 -1 3 3 3 3 3
16:47:41.316700 - stdout  :: 1 1
16:47:41.325454 - stdin   :: 7 28 0 0
7 28
7 48
35 34
28 44
3 3 3 3 3 -1 3 3 3 3 3
3 3 -1 -1 -1 -1 -1 -1 -1 3 3
3 -1 -1 -1 -1 -1 -1 -1 -1 -1 3
3 -1 -1 0 0 0 0 -1 -1 -1 3
3 -1 0 0 0 0 0 0 -1 -1 3
-1 0 0 0 0 0 0 0 -1 -1 -1
3 0 0 0 0 0 0 0 0 0 3
3 0 0 0 0 0 0 0 -1 -1 3
3 0 0 0 0 0 0 -1 -1 -1 3
3 3 0 0 0 0 -1 -1 -1 3 3
3 3 3 3 3 -1 3 3 3 3 3
16:47:41.326444 - stdout  :: 1 -1
16:47:41.334928 - stdin   :: 8 27 1 -1
8 27
8 48
36 34
27 44
3 3 3 3 3 -1 3 3 3 3 3
3 3 -1 -1 -1 -1 -1 -1 -1 3 3
3 -1 -1 -1 0 0 0 0 -1 -1 3
3 -1 -1 0 0 0 0 0 0 -1 3
3 -1 0 0 0 0 0 0 0 -1 3
0 0 0 0 0 0 0 0 0 0 0
3 -1 0 0 0 0 0 0 0 -1 3
3 -1 0 0 0 0 0 0 -1 -1 3
3 -1 -1 0 0 0 0 -1 -1 -1 3
3 3 -1 -1 -1 0 -1 -1 -1 3 3
3 3 3 3 3 0 3 3 3 3 3
16:47:41.335911 - stdout  :: 1 1
16:47:41.344701 - stdin   :: 10 27 2 0
10 27
9 48
37 34
26 44
3 3 3 3 3 0 3 3 3 3 3
3 3 -1 0 0 0 0 0 0 3 3
3 -1 0 0 0 0 0 0 0 -1 3
3 0 0 0 0 0 0 0 0 0 3
3 -1 0 0 0 0 0 0 0 -1 3
-1 -1 0 0 0 0 0 0 -1 -1 -1
3 -1 -1 0 0 0 0 -1 -1 -1 3
3 -1 -1 -1 -1 0 -1 -1 -1 -1 3
3 -1 -1 -1 -1 0 -1 -1 -1 -1 3
3 3 -1 -1 -1 0 -1 -1 -1 3 3
3 3 3 3 3 0 3 3 3 3 3
16:47:41.345282 - stdout  :: 0 0
16:47:41.353604 - stdin   :: 12 27 2 0
12 27
10 48
37 33
25 44
3 3 3 3 3 0 3 3 3 3 3
3 3 0 0 0 0 0 0 0 3 3
3 -1 0 0 0 0 0 0 0 -1 3
3 -1 0 0 0 0 0 0 -1 -1 3
3 -1 -1 0 0 0 0 -1 -1 -1 3
-1 -1 -1 -1 -1 0 -1 -1 -1 -1 -1
3 -1 -1 -1 -1 0 -1 -1 -1 -1 3
3 -1 -1 -1 -1 0 -1 -1 -1 0 3
3 -1 -1 -1 -1 0 -1 -1 0 0 3
3 3 -1 0 0 0 0 -1 0 3 3
3 3 3 3 3 0 3 3 3 3 3
16:47:41.354199 - stdout  :: 0 0
16:47:41.363657 - stdin   :: 14 27 2 0
14 27
12 48
36 33
24 44
3 3 3 3 3 0 3 3 3 3 3
3 3 0 0 0 0 0 0 -1 3 3
3 -1 -1 0 0 0 0 -1 -1 -1 3
3 -1 -1 -1 -1 0 -1 -1 -1 -1 3
3 -1 -1 -1 -1 0 -1 -1 -1 -1 3
-1 -1 -1 -1 -1 0 -1 -1 -1 0 0
3 -1 -1 -1 -1 0 -1 -1 0 0 3
3 -1 -1 0 0 0 0 -1 0 -1 3
3 -1 -1 0 0 0 0 0 0 -1 3
3 3 0 0 0 0 0 0 0 3 3
3 3 3 3 3 0 3 3 3 3 3
16:47:41.364628 - stdout  :: 0 0
16:47:41.374015 - stdin   :: 16 27 2 0
16 27
12 48
35 33
23 43
3 3 3 3 3 0 3 3 3 3 3
3 3 -1 -1 -1 0 -1 -1 -1 3 3
3 -1 -1 -1 -1 0 -1 -1 -1 -1 3
3 -1 -1 -1 -1 0 -1 -1 -1 0 3
3 -1 -1 -1 -1 0 -1 -1 0 0 3
-1 -1 -1 0 0 0 0 -1 0 -1 -1
3 -1 -1 0 0 0 0 0 0 -1 3
3 -1 0 0 0 0 0 0 0 -1 3
3 -1 0 0 0 0 0 0 0 -1 3
3 3 0 0 0 0 0 0 0 3 3
3 3 3 3 3 0 3 3 3 3 3
16:47:41.374993 - stdout  :: 0 -1
16:47:41.382551 - stdin   :: 18 26 2 -1
18 26
12 48
34 33
22 42
3 3 3 3 3 -1 3 3 3 3 3
3 3 -1 -1 -1 -1 0 -1 -1 3 3
3 -1 -1 -1 -1 -1 0 -1 -1 0 3
3 -1 -1 -1 0 0 0 0 -1 0 3
3 -1 -1 -1 0 0 0 0 0 0 3
-1 -1 -1 0 0 0 0 0 0 0 -1
3 -1 -1 0 0 0 0 0 0 0 3
3 -1 -1 0 0 0 0 0 0 0 3
3 -1 -1 -1 0 0 0 0 0 -1 3
3 3 -1 -1 -1 0 0 0 0 3 3
3 3 3 3 3 -1 3 3 3 3 3
16:47:41.383644 - stdout  :: 0 1
16:47:41.391316 - stdin   :: 20 26 2 0
20 26
12 48
33 33
21 41
3 3 3 3 3 -1 3 3 3 3 3
3 3 -1 -1 0 0 0 0 -1 3 3
3 -1 -1 -1 0 0 0 0 0 0 3
3 -1 -1 0 0 0 0 0 0 0 3
3 -1 -1 0 0 0 0 0 0 0 3
-1 -1 -1 0 0 0 0 0 0 0 -1
3 -1 -1 -1 0 0 0 0 0 -1 3
3 -1 -1 -1 -1 0 0 0 0 -1 3
3 -1 -1 -1 -1 -1 -1 -1 -1 -1 3
3 3 -1 -1 -1 -1 -1 -1 -1 3 3
3 3 3 3 3 -1 3 3 3 3 3
16:47:41.392643 - stdout  :: -1 1
16:47:41.400114 - stdin   :: 21 27 1 1
21 27
12 48
32 33
20 40
3 3 3 3 3 0 3 3 3 3 3
3 3 -1 0 0 0 0 0 0 3 3
3 -1 0 0 0 0 0 0 0 -1 3
3 -1 0 0 0 0 0 0 0 -1 3
3 -1 0 0 0 0 0 0 0 -1 3
-1 -1 -1 0 0 0 0 0 -1 -1 -1
3 -1 -1 -1 0 0 0 0 -1 -1 3
3 -1 -1 -1 -1 -1 -1 -1 -1 -1 3
3 -1 -1 -1 -1 -1 -1 -1 -1 -1 3
3 3 -1 -1 -1 -1 -1 -1 -1 3 3
3 3 3 3 3 -1 3 3 3 3 3
16:47:41.400762 - stdout  :: -1 -1
16:47:41.408101 - stdin   :: 21 27 0 0
21 27
12 48
31 33
19 39
3 3 3 3 3 0 3 3 3 3 3
3 3 -1 0 0 0 0 0 0 3 3
3 -1 0 0 0 0 0 0 0 -1 3
3 -1 0 0 0 0 0 0 0 -1 3
3 -1 0 0 0 0 0 0 0 -1 3
-1 -1 -1 0 0 0 0 0 -1 -1 -1
3 -1 -1 -1 0 0 0 0 -1 -1 3
3 -1 -1 -1 -1 -1 -1 -1 -1 -1 3
3 -1 -1 -1 -1 -1 -1 -1 -1 -1 3
3 3 -1 -1 -1 -1 -1 -1 -1 3 3
3 3 3 3 3 -1 3 3 3 3 3
16:47:41.408754 - stdout  :: -1 -1
16:47:41.416734 - stdin   :: 20 26 -1 -1
20 26
12 48
30 33
18 38
3 3 3 3 3 -1 3 3 3 3 3
3 3 -1 -1 0 0 0 0 -1 3 3
3 -1 -1 -1 0 0 0 0 0 0 3
3 -1 -1 0 0 0 0 0 0 0 3
3 -1 -1 0 0 0 0 0 0 0 3
-1 -1 -1 0 0 0 0 0 0 0 -1
3 -1 -1 -1 0 0 0 0 0 -1 3
3 -1 -1 -1 -1 0 0 0 0 -1 3
3 -1 -1 -1 -1 -1 -1 -1 -1 -1 3
3 3 -1 -1 -1 -1 -1 -1 -1 3 3
3 3 3 3 3 -1 3 3 3 3 3
16:47:41.417403 - stdout  :: -1 1
16:47:41.426322 - stdin   :: 18 26 -2 0
18 26
12 49
29 33
17 38
3 3 3 3 3 -1 3 3 3 3 3
3 3 -1 -1 -1 -1 0 -1 -1 3 3
3 -1 -1 -1 -1 -1 0 -1 -1 0 3
3 -1 -1 -1 0 0 0 0 -1 0 3
3 -1 -1 -1 0 0 0 0 0 0 3
-1 -1 -1 0 0 0 0 0 0 0 -1
3 -1 -1 0 0 0 0 0 0 0 3
3 -1 -1 0 0 0 0 0 0 0 3
3 -1 -1 -1 0 0 0 0 0 -1 3
3 3 -1 -1 -1 0 0 0 0 3 3
3 3 3 3 3 -1 3 3 3 3 3
16:47:41.426918 - stdout  :: 1 1
16:47:41.435437 - stdin   :: 17 27 -1 1
17 27
12 50
28 33
16 39
3 3 3 3 3 0 3 3 3 3 3
3 3 -1 -1 -1 0 -1 -1 -1 3 3
3 -1 -1 -1 -1 0 -1 -1 -1 0 3
3 -1 -1 -1 -1 0 -1 -1 0 0 3
3 -1 -1 0 0 0 0 -1 0 -1 3
-1 -1 -1 0 0 0 0 0 0 -1 -1
3 -1 0 0 0 0 0 0 0 -1 3
3 -1 0 0 0 0 0 0 0 -1 3
3 -1 0 0 0 0 0 0 0 -1 3
3 3 -1 0 0 0 0 0 -1 3 3
3 3 3 3 3 0 3 3 3 3 3
16:47:41.436020 - stdout  :: 0 -1
16:47:41.444422 - stdin   :: 16 27 -1 0
16 27
12 51
27 33
15 39
3 3 3 3 3 0 3 3 3 3 3
3 3 -1 -1 -1 0 -1 -1 -1 3 3
3 -1 -1 -1 -1 0 -1 -1 -1 -1 3
3 -1 -1 -1 -1 0 -1 -1 -1 0 3
3 -1 -1 -1 -1 0 -1 -1 0 0 3
-1 -1 -1 0 0 0 0 -1 0 -1 -1
3 -1 -1 0 0 0 0 0 0 -1 3
3 -1 0 0 0 0 0 0 0 -1 3
3 -1 0 0 0 0 0 0 0 -1 3
3 3 0 0 0 0 0 0 0 3 3
3 3 3 3 3 0 3 3 3 3 3
16:47:41.444944 - stdout  :: -1 0
16:47:41.453135 - stdin   :: 14 27 -2 0
14 27
12 52
27 32
14 39
3 3 3 3 3 0 3 3 3 3 3
3 3 0 0 0 0 0 0 -1 3 3
3 -1 -1 0 0 0 0 -1 -1 -1 3
3 -1 -1 -1 -1 0 -1 -1 -1 -1 3
3 -1 -1 -1 -1 0 -1 -1 -1 -1 3
-1 -1 -1 -1 -1 0 -1 -1 -1 0 0
3 -1 -1 -1 -1 0 -1 -1 0 0 3
3 -1 -1 0 0 0 0 -1 0 -1 3
3 -1 -1 0 0 0 0 0 0 -1 3
3 3 0 0 0 0 0 0 0 3 3
3 3 3 3 3 0 3 3 3 3 3
16:47:41.453620 - stdout  :: 0 0
16:47:41.461785 - stdin   :: 12 27 -2 0
12 27
12 53
28 32
13 39
3 3 3 3 3 0 3 3 3 3 3
3 3 0 0 0 0 0 0 0 3 3
3 -1 0 0 0 0 0 0 0 -1 3
3 -1 0 0 0 0 0 0 -1 -1 3
3 -1 -1 0 0 0 0 -1 -1 -1 3
-1 -1 -1 -1 -1 0 -1 -1 -1 -1 -1
3 -1 -1 -1 -1 0 -1 -1 -1 -1 3
3 -1 -1 -1 -1 0 -1 -1 -1 0 3
3 -1 -1 -1 -1 0 -1 -1 0 0 3
3 3 -1 0 0 0 0 -1 0 3 3
3 3 3 3 3 0 3 3 3 3 3
16:47:41.462352 - stdout  :: 0 -1
16:47:41.471620 - stdin   :: 10 26 -2 -1
10 26
12 54
29 32
12 39
3 3 3 3 3 0 3 3 3 3 3
3 3 -1 -1 0 0 0 0 0 3 3
3 -1 -1 0 0 0 0 0 0 0 3
3 0 0 0 0 0 0 0 0 0 3
3 -1 -1 0 0 0 0 0 0 0 3
-1 -1 -1 0 0 0 0 0 0 -1 -1
3 -1 -1 -1 0 0 0 0 -1 -1 3
3 -1 -1 -1 -1 -1 0 -1 -1 -1 3
3 -1 -1 -1 -1 -1 0 -1 -1 -1 3
3 3 -1 -1 -1 -1 0 -1 -1 3 3
3 3 3 3 3 -1 3 3 3 3 3
16:47:41.472406 - stdout  :: 1 -1
16:47:41.482060 - stdin   :: 9 24 -1 -2
9 24
11 55
30 32
11 38
3 3 3 3 3 -1 3 3 3 3 3
3 3 -1 -1 -1 -1 -1 0 0 3 3
3 0 -1 -1 -1 -1 0 0 0 0 3
3 0 -1 -1 -1 0 0 0 0 0 3
3 0 0 0 0 0 0 0 0 0 3
0 0 -1 -1 -1 0 0 0 0 0 0
3 -1 -1 -1 -1 0 0 0 0 0 3
3 -1 -1 -1 -1 -1 0 0 0 0 3
3 -1 -1 -1 -1 -1 -1 -1 0 -1 3
3 3 -1 -1 -1 -1 -1 -1 0 3 3
3 3 3 3 3 -1 3 3 3 3 3
16:47:41.482953 - stdout  :: 0 1
16:47:41.493250 - stdin   :: 8 23 -1 -1
8 23
9 56
31 32
10 37
3 3 3 3 3 -1 3 3 3 3 3
3 3 0 -1 -1 -1 -1 -1 -1 3 3
3 0 0 -1 -1 -1 -1 -1 0 0 3
3 0 0 -1 -1 -1 -1 0 0 0 3
3 0 0 -1 -1 -1 0 0 0 0 3
0 0 0 0 0 0 0 0 0 0 0
3 0 0 -1 -1 -1 0 0 0 0 3
3 0 -1 -1 -1 -1 0 0 0 0 3
3 -1 -1 -1 -1 -1 -1 0 0 0 3
3 3 -1 -1 -1 -1 -1 -1 -1 3 3
3 3 3 3 3 -1 3 3 3 3 3
16:47:41.493979 - stdout  :: 1 0
16:47:41.503692 - stdin   :: 8 22 0 -1
8 22
7 56
32 32
9 37
3 3 3 3 3 -1 3 3 3 3 3
3 3 0 0 -1 -1 -1 -1 -1 3 3
3 0 0 0 -1 -1 -1 -1 -1 0 3
3 0 0 0 -1 -1 -1 -1 0 0 3
3 0 0 0 -1 -1 -1 0 0 0 3
0 0 0 0 0 0 0 0 0 0 0
3 0 0 0 -1 -1 -1 0 0 0 3
3 0 0 -1 -1 -1 -1 0 0 0 3
3 0 -1 -1 -1 -1 -1 -1 0 0 3
3 3 -1 -1 -1 -1 -1 -1 -1 3 3
3 3 3 3 3 -1 3 3 3 3 3
16:47:41.504651 - stdout  :: 0 0
16:47:41.516829 - stdin   :: 8 21 0 -1
8 21
5 56
33 32
8 38
3 3 3 3 3 -1 3 3 3 3 3
3 3 0 0 0 -1 -1 -1 -1 3 3
3 0 0 0 0 -1 -1 -1 -1 -1 3
3 0 0 0 0 -1 -1 -1 -1 0 3
3 0 0 0 0 -1 -1 -1 0 0 3
0 0 0 0 0 0 0 0 0 0 0
3 0 0 0 0 -1 -1 -1 0 0 3
3 0 0 0 -1 -1 -1 -1 0 0 3
3 0 0 -1 -1 -1 -1 -1 -1 0 3
3 3 -1 -1 -1 -1 -1 -1 -1 3 3
3 3 3 3 3 -1 3 3 3 3 3
16:47:41.517949 - stdout  :: -1 0
16:47:41.528377 - stdin   :: 7 20 -1 -1
7 20
3 55
34 32
7 39
3 3 3 3 3 -1 3 3 3 3 3
3 3 0 0 0 0 -1 -1 -1 3 3
3 0 0 0 0 0 -1 -1 -1 -1 3
3 0 0 0 0 0 -1 -1 -1 -1 3
3 0 0 0 0 0 -1 -1 -1 -1 3
0 0 0 0 0 0 -1 -1 -1 0 0
3 0 0 0 0 0 0 0 0 0 3
3 0 0 0 0 0 -1 -1 -1 0 3
3 0 0 0 0 -1 -1 -1 -1 0 3
3 3 0 0 -1 -1 -1 -1 -1 3 3
3 3 3 3 3 -1 3 3 3 3 3
16:47:41.529015 - stdout  :: -1 -1
16:47:41.544613 - stdin   :: 5 18 -2 -2
5 18
3 55
35 32
6 39
3 3 3 3 3 -1 3 3 3 3 3
3 3 0 0 -1 -1 -1 -1 -1 3 3
3 0 0 0 0 0 0 -1 -1 -1 3
3 0 0 0 0 0 0 0 -1 -1 3
3 0 0 0 0 0 0 0 -1 -1 3
0 0 0 0 0 0 0 0 -1 -1 -1
3 0 0 0 0 0 0 0 -1 -1 3
3 0 0 0 0 0 0 0 -1 -1 3
3 0 0 0 0 0 0 0 0 0 3
3 3 0 0 0 0 0 0 -1 3 3
3 3 3 3 3 0 3 3 3 3 3
16:47:41.545255 - stdout  :: 0 0
16:47:41.553855 - stdin   :: 3 16 -2 -2
3 16
3 55
36 32
6 38
3 3 3 3 3 -1 3 3 3 3 3
3 3 -1 -1 -1 -1 -1 -1 -1 3 3
3 -1 -1 -1 -1 -1 -1 -1 -1 -1 3
3 0 0 0 0 0 -1 -1 -1 -1 3
3 0 0 0 0 0 0 0 0 -1 3
0 0 0 0 0 0 0 0 0 0 -1
3 0 0 0 0 0 0 0 0 0 3
3 0 0 0 0 0 0 0 0 0 3
3 0 0 0 0 0 0 0 0 0 3
3 3 0 0 0 0 0 0 0 3 3
3 3 3 3 3 0 3 3 3 3 3
16:47:41.555372 - stdout  :: 1 1
16:47:41.565377 - stdin   :: 2 15 -1 -1
2 15
3 55
37 32
7 37
3 3 3 3 3 -1 3 3 3 3 3
3 3 -1 -1 -1 -1 -1 -1 -1 3 3
3 -1 -1 -1 -1 -1 -1 -1 -1 -1 3
3 -1 -1 -1 -1 -1 -1 -1 -1 -1 3
3 0 0 0 0 0 0 -1 -1 -1 3
0 0 0 0 0 0 0 0 0 0 -1
3 0 0 0 0 0 0 0 0 0 3
3 0 0 0 0 0 0 0 0 0 3
3 0 0 0 0 0 0 0 0 0 3
3 3 0 0 0 0 0 0 0 3 3
3 3 3 3 3 0 3 3 3 3 3
16:47:41.567209 - stdout  :: 1 1
16:47:41.575082 - stdin   :: 2 15 0 0
2 15
3 55
37 31
8 36
3 3 3 3 3 -1 3 3 3 3 3
3 3 -1 -1 -1 -1 -1 -1 -1 3 3
3 -1 -1 -1 -1 -1 -1 -1 -1 -1 3
3 -1 -1 -1 -1 -1 -1 -1 -1 -1 3
3 0 0 0 0 0 0 -1 -1 -1 3
0 0 0 0 0 0 0 0 0 0 -1
3 0 0 0 0 0 0 0 0 0 3
3 0 0 0 0 0 0 0 0 0 3
3 0 0 0 0 0 0 0 0 0 3
3 3 0 0 0 0 0 0 0 3 3
3 3 3 3 3 0 3 3 3 3 3
16:47:41.576161 - stdout  :: 1 -1
16:47:41.584018 - stdin   :: 3 14 1 -1
3 14
3 55
36 31
8 35
3 3 3 3 3 -1 3 3 3 3 3
3 3 -1 -1 -1 -1 -1 -1 -1 3 3
3 -1 -1 -1 -1 -1 -1 -1 -1 -1 3
3 0 0 0 0 0 0 0 -1 -1 3
3 0 0 0 0 0 0 0 0 0 3
0 0 0 0 0 0 0 0 0 0 0
3 0 0 0 0 0 0 0 0 0 3
3 0 0 0 0 0 0 0 0 0 3
3 0 0 0 0 0 0 0 0 0 3
3 3 0 0 0 0 0 0 0 3 3
3 3 3 3 3 0 3 3 3 3 3
16:47:41.584702 - stdout  :: 1 -1
16:47:41.592592 - stdin   :: 5 12 2 -2
5 12
3 55
35 31
8 34
3 3 3 3 3 -1 3 3 3 3 3
3 3 0 0 0 0 0 0 0 3 3
3 0 0 0 0 0 0 0 0 0 3
3 0 0 0 0 0 0 0 0 0 3
3 0 0 0 0 0 0 0 0 0 3
0 0 0 0 0 0 0 0 0 0 0
3 0 0 0 0 0 0 0 0 0 3
3 0 0 0 0 0 0 0 0 0 3
3 0 0 0 0 0 0 0 0 0 3
3 3 0 0 0 0 0 0 0 3 3
3 3 3 3 3 0 3 3 3 3 3
16:47:41.594289 - stdout  :: -1 1
16:47:41.603698 - stdin   :: 6 11 1 -1
6 11
4 55
34 31
8 33
3 3 3 3 3 0 3 3 3 3 3
3 3 0 0 0 0 0 0 0 3 3
3 0 0 0 0 0 0 0 0 0 3
3 0 0 0 0 0 0 0 0 0 3
3 0 0 0 0 0 0 0 0 0 3
0 0 0 0 0 0 0 0 0 0 0
3 0 0 0 0 0 0 0 0 0 3
3 0 0 0 0 0 0 0 0 0 3
3 0 0 0 0 0 0 0 0 0 3
3 3 0 0 0 0 0 0 0 3 3
3 3 3 3 3 0 3 3 3 3 3
16:47:41.605525 - stdout  :: -1 1
16:47:41.614511 - stdin   :: 6 11 0 0
6 11
5 55
33 31
8 32
3 3 3 3 3 0 3 3 3 3 3
3 3 0 0 0 0 0 0 0 3 3
3 0 0 0 0 0 0 0 0 0 3
3 0 0 0 0 0 0 0 0 0 3
3 0 0 0 0 0 0 0 0 0 3
0 0 0 0 0 0 0 0 0 0 0
3 0 0 0 0 0 0 0 0 0 3
3 0 0 0 0 0 0 0 0 0 3
3 0 0 0 0 0 0 0 0 0 3
3 3 0 0 0 0 0 0 0 3 3
3 3 3 3 3 0 3 3 3 3 3
16:47:41.615508 - stdout  :: -1 -1
16:47:41.624646 - stdin   :: 5 10 -1 -1
5 10
6 55
32 31
8 31
3 3 3 3 3 -1 3 3 3 3 3
3 3 0 0 0 0 0 0 0 3 3
3 0 0 0 0 0 0 0 0 0 3
3 0 0 0 0 0 0 0 0 0 3
3 0 0 0 0 0 0 0 0 0 3
0 0 0 0 0 0 0 0 0 0 0
3 0 0 0 0 0 0 0 0 0 3
3 0 0 0 0 0 0 0 0 0 3
3 0 0 0 0 0 0 0 0 0 3
3 3 0 0 0 0 0 0 0 3 3
3 3 3 3 3 0 3 3 3 3 3
16:47:41.625242 - stdout  :: -1 -1
16:47:41.634511 - stdin   :: 3 8 -2 -2
3 8
7 55
31 31
7 30
3 3 3 3 3 -1 3 3 3 3 3
3 3 -1 -1 -1 -1 -1 -1 -1 3 3
3 -1 -1 -1 -1 -1 -1 -1 -1 -1 3
3 -1 -1 -1 0 0 0 0 0 0 3
3 -1 -1 0 0 0 0 0 0 0 3
-1 -1 0 0 0 0 0 0 0 0 0
3 0 0 0 0 0 0 0 0 0 3
3 0 0 0 0 0 0 0 0 0 3
3 0 0 0 0 0 0 0 0 0 3
3 3 0 0 0 0 0 0 0 3 3
3 3 3 3 3 0 3 3 3 3 3
16:47:41.635539 - stdout  :: 1 1
16:47:41.644889 - stdin   :: 2 7 -1 -1
2 7
8 55
30 31
7 29
3 3 3 3 3 -1 3 3 3 3 3
3 3 -1 -1 -1 -1 -1 -1 -1 3 3
3 -1 -1 -1 -1 -1 -1 -1 -1 -1 3
3 -1 -1 -1 -1 -1 -1 -1 -1 -1 3
3 -1 -1 -1 -1 0 0 0 0 0 3
-1 -1 -1 -1 0 0 0 0 0 0 0
3 -1 -1 0 0 0 0 0 0 0 3
3 -1 0 0 0 0 0 0 0 0 3
3 0 0 0 0 0 0 0 0 0 3
3 3 0 0 0 0 0 0 0 3 3
3 3 3 3 3 0 3 3 3 3 3
16:47:41.646071 - stdout  :: 1 1
16:47:41.657020 - stdin   :: 2 7 0 0
2 7
9 55
29 31
8 28
3 3 3 3 3 -1 3 3 3 3 3
3 3 -1 -1 -1 -1 -1 -1 -1 3 3
3 -1 -1 -1 -1 -1 -1 -1 -1 -1 3
3 -1 -1 -1 -1 -1 -1 -1 -1 -1 3
3 -1 -1 -1 -1 0 0 0 0 0 3
-1 -1 -1 -1 0 0 0 0 0 0 0
3 -1 -1 0 0 0 0 0 0 0 3
3 -1 0 0 0 0 0 0 0 0 3
3 0 0 0 0 0 0 0 0 0 3
3 3 0 0 0 0 0 0 0 3 3
3 3 3 3 3 0 3 3 3 3 3
16:47:41.657880 - stdout  :: 1 -1
16:47:41.667706 - stdin   :: 3 6 1 -1
3 6
10 55
28 31
9 27
3 3 3 3 3 -1 3 3 3 3 3
3 3 -1 -1 -1 -1 -1 -1 -1 3 3
3 -1 -1 -1 -1 -1 -1 -1 -1 -1 3
3 -1 -1 -1 -1 -1 0 0 0 0 3
3 -1 -1 -1 -1 0 0 0 0 0 3
-1 -1 -1 -1 0 0 0 0 0 0 0
3 -1 -1 0 0 0 0 0 0 0 3
3 -1 0 0 0 0 0 0 0 0 3
3 0 0 0 0 0 0 0 0 0 3
3 3 0 0 0 0 0 0 0 3 3
3 3 3 3 3 0 3 3 3 3 3
16:47:41.668369 - stdout  :: 1 -1
16:47:41.677615 - stdin   :: 5 4 2 -2
5 4
11 55
27 31
10 26
3 3 3 3 3 -1 3 3 3 3 3
3 3 -1 -1 -1 -1 -1 -1 0 3 3
3 -1 -1 -1 -1 -1 -1 0 0 0 3
3 -1 -1 -1 -1 -1 0 0 0 0 3
3 -1 -1 -1 -1 0 0 0 0 0 3
-1 -1 -1 -1 0 0 0 0 0 0 0
3 -1 -1 0 0 0 0 0 0 0 3
3 -1 0 0 0 0 0 0 0 0 3
3 -1 0 0 0 0 0 0 0 0 3
3 3 0 0 0 0 0 0 0 3 3
3 3 3 3 3 0 3 3 3 3 3
16:47:41.678163 - stdout  :: 0 0
16:47:41.687145 - stdin   :: 7 2 2 -2
7 2
11 54
27 31
11 26
3 3 3 3 3 -1 3 3 3 3 3
3 3 -1 -1 -1 -1 -1 -1 0 3 3
3 -1 -1 -1 -1 -1 -1 0 0 0 3
3 -1 -1 -1 -1 -1 0 0 0 0 3
3 -1 -1 -1 -1 0 0 0 0 0 3
-1 -1 -1 -1 0 0 0 0 0 0 0
3 -1 -1 -1 0 0 0 0 0 0 3
3 -1 -1 -1 0 0 0 0 0 0 3
3 -1 -1 -1 0 0 0 0 0 0 3
3 3 -1 -1 0 0 0 0 0 3 3
3 3 3 3 3 0 3 3 3 3 3
16:47:41.688487 - stdout  :: 0 1
16:47:41.697315 - stdin   :: 9 1 2 -1
9 1
11 53
28 31
11 25
3 3 3 3 3 -1 3 3 3 3 3
3 3 -1 -1 -1 -1 -1 0 0 3 3
3 -1 -1 -1 -1 -1 0 0 0 0 3
3 -1 -1 -1 -1 0 0 0 0 0 3
3 -1 -1 -1 -1 0 0 0 0 0 3
-1 -1 -1 -1 -1 0 0 0 0 0 0
3 -1 -1 -1 -1 0 0 0 0 0 3
3 -1 -1 -1 -1 0 0 0 0 0 3
3 -1 -1 -1 -1 0 0 0 0 0 3
3 3 -1 -1 -1 0 0 0 0 3 3
3 3 3 3 3 0 3 3 3 3 3
16:47:41.698719 - stdout  :: 0 1
16:47:41.707972 - stdin   :: 11 1 2 0
11 1
11 52
28 30
10 24
3 3 3 3 3 -1 3 3 3 3 3
3 3 -1 -1 -1 0 0 0 0 3 3
3 -1 -1 -1 -1 0 0 0 0 0 3
3 -1 -1 -1 -1 0 0 0 0 0 3
3 -1 -1 -1 -1 0 0 0 0 0 3
-1 -1 -1 -1 -1 0 0 0 0 0 0
3 -1 -1 -1 -1 0 0 0 0 0 3
3 -1 -1 -1 -1 0 0 0 0 0 3
3 -1 -1 -1 -1 0 0 0 0 0 3
3 3 -1 -1 -1 0 0 0 0 3 3
3 3 3 3 3 -1 3 3 3 3 3
16:47:41.709347 - stdout  :: 0 1
16:47:41.719149 - stdin   :: 13 2 2 1
13 2
11 51
29 30
9 24
3 3 3 3 3 0 3 3 3 3 3
3 3 -1 -1 0 0 0 0 0 3 3
3 -1 -1 -1 0 0 0 0 0 0 3
3 -1 -1 -1 0 0 0 0 0 0 3
3 -1 -1 -1 0 0 0 0 0 0 3
-1 -1 -1 -1 0 0 0 0 0 0 0
3 -1 -1 -1 0 0 0 0 0 0 3
3 -1 -1 -1 0 0 0 0 0 0 3
3 -1 -1 -1 -1 -1 -1 -1 -1 -1 3
3 3 -1 -1 0 0 0 0 0 3 3
3 3 3 3 3 0 3 3 3 3 3
16:47:41.720453 - stdout  :: -1 1
16:47:41.729633 - stdin   :: 14 4 1 2
14 4
11 50
30 30
8 23
3 3 3 3 3 0 3 3 3 3 3
3 3 0 0 0 0 0 0 0 3 3
3 -1 0 0 0 0 0 0 0 0 3
3 -1 0 0 0 0 0 0 0 0 3
3 -1 0 0 0 0 0 0 0 0 3
-1 -1 0 0 0 0 0 0 0 0 0
3 -1 0 0 0 0 0 0 0 0 3
3 -1 -1 -1 -1 -1 -1 -1 0 -1 3
3 -1 0 0 0 0 0 0 0 0 3
3 3 -1 0 0 0 0 0 0 3 3
3 3 3 3 3 0 3 3 3 3 3
16:47:41.730686 - stdout  :: -1 0
16:47:41.739497 - stdin   :: 14 6 0 2
14 6
11 49
31 30
8 22
3 3 3 3 3 0 3 3 3 3 3
3 3 0 0 0 0 0 0 0 3 3
3 0 0 0 0 0 0 0 0 0 3
3 0 0 0 0 0 0 0 0 0 3
3 0 0 0 0 0 0 0 0 0 3
0 0 0 0 0 0 0 0 0 0 0
3 0 0 0 0 0 0 0 0 0 3
3 -1 -1 -1 -1 -1 0 -1 -1 -1 3
3 0 0 0 0 0 0 0 0 0 3
3 3 0 0 0 0 0 0 0 3 3
3 3 3 3 3 0 3 3 3 3 3
16:47:41.740185 - stdout  :: 1 -1
16:47:41.752440 - stdin   :: 15 7 1 1
15 7
11 48
32 30
8 21
3 3 3 3 3 0 3 3 3 3 3
3 3 0 0 0 0 0 0 0 3 3
3 0 0 0 0 0 0 0 0 0 3
3 0 0 0 0 0 0 0 0 0 3
3 0 0 0 0 0 0 0 0 0 3
0 0 0 0 0 0 0 0 0 0 0
3 -1 -1 -1 -1 0 -1 -1 -1 -1 3
3 0 0 0 0 0 0 0 0 0 3
3 0 0 0 0 0 0 0 0 0 3
3 3 0 0 0 0 0 0 0 3 3
3 3 3 3 3 0 3 3 3 3 3
16:47:41.753393 - stdout  :: 1 -1
16:47:41.762897 - stdin   :: 17 7 2 0
17 7
11 47
33 30
7 20
3 3 3 3 3 0 3 3 3 3 3
3 3 0 0 0 0 0 0 0 3 3
3 0 0 0 0 0 0 0 0 0 3
3 0 0 0 0 0 0 0 0 0 3
3 -1 -1 -1 -1 0 -1 -1 -1 -1 3
0 0 0 0 0 0 0 0 0 0 0
3 0 0 0 0 0 0 0 0 0 3
3 0 0 0 0 0 0 0 0 0 3
3 0 0 0 0 0 0 0 0 0 3
3 3 0 0 0 0 0 0 0 3 3
3 3 3 3 3 -1 3 3 3 3 3
16:47:41.764274 - stdout  :: 0 -1
16:47:41.773525 - stdin   :: 19 6 2 -1
19 6
10 47
34 30
6 19
3 3 3 3 3 0 3 3 3 3 3
3 3 0 0 0 0 0 0 0 3 3
3 -1 -1 -1 -1 -1 0 -1 -1 -1 3
3 0 0 0 0 0 0 0 0 0 3
3 0 0 0 0 0 0 0 0 0 3
-1 0 0 0 0 0 0 0 0 0 0
3 0 0 0 0 0 0 0 0 0 3
3 0 0 0 0 0 0 0 0 0 3
3 -1 0 -1 -1 -1 -1 -1 -1 0 3
3 3 0 0 0 0 0 0 0 3 3
3 3 3 3 3 0 3 3 3 3 3
16:47:41.774107 - stdout  :: 0 -1
16:47:41.783983 - stdin   :: 21 4 2 -2
21 4
10 48
35 30
5 18
3 3 3 3 3 -1 3 3 3 3 3
3 3 0 0 0 0 0 0 0 3 3
3 -1 -1 0 0 0 0 0 0 0 3
3 -1 -1 0 0 0 0 0 0 0 3
3 -1 -1 0 0 0 0 0 0 0 3
-1 -1 -1 0 0 0 0 0 0 0 0
3 -1 -1 -1 0 -1 -1 -1 -1 -1 3
3 -1 -1 0 0 0 0 0 0 0 3
3 -1 -1 0 0 0 0 0 0 0 3
3 3 -1 -1 0 0 0 0 0 3 3
3 3 3 3 3 0 3 3 3 3 3
16:47:41.784710 - stdout  :: 0 1
16:47:41.794292 - stdin   :: 23 3 2 -1
23 3
10 49
36 30
4 17
3 3 3 3 3 0 3 3 3 3 3
3 3 -1 -1 0 0 0 0 0 3 3
3 -1 -1 -1 0 0 0 0 0 0 3
3 -1 -1 -1 0 0 0 0 0 0 3
3 -1 -1 -1 -1 0 -1 -1 -1 -1 3
-1 -1 -1 -1 0 0 0 0 0 0 0
3 -1 -1 -1 0 0 0 0 0 0 3
3 -1 -1 -1 -1 0 0 0 0 0 3
3 -1 -1 -1 -1 0 0 0 0 0 3
3 3 -1 -1 -1 0 0 0 0 3 3
3 3 3 3 3 0 3 3 3 3 3
16:47:41.795657 - stdout  :: 0 1
16:47:41.804609 - stdin   :: 25 3 2 0
25 3
10 50
37 30
3 16
3 3 3 3 3 0 3 3 3 3 3
3 3 -1 -1 0 0 0 0 0 3 3
3 -1 -1 -1 -1 0 -1 -1 -1 -1 3
3 -1 -1 -1 0 0 0 0 0 0 3
3 -1 -1 -1 0 0 0 0 0 0 3
-1 -1 -1 -1 -1 0 0 0 0 0 0
3 -1 -1 -1 -1 0 0 0 0 0 3
3 -1 -1 -1 -1 0 0 0 0 0 3
3 -1 -1 -1 -1 0 0 0 0 0 3
3 3 -1 -1 -1 0 0 0 0 3 3
3 3 3 3 3 0 3 3 3 3 3
16:47:41.805616 - stdout  :: 0 1
16:47:41.814610 - stdin   :: 27 4 2 1
27 4
10 51
37 29
3 15
3 3 3 3 3 -1 3 3 3 3 3
3 3 -1 0 0 0 0 0 0 3 3
3 -1 -1 0 0 0 0 0 0 0 3
3 -1 -1 -1 0 0 0 0 0 0 3
3 -1 -1 -1 0 0 0 0 0 0 3
-1 -1 -1 -1 0 0 0 0 0 0 0
3 -1 -1 -1 0 0 0 0 0 0 3
3 -1 -1 -1 0 0 0 0 0 0 3
3 -1 -1 -1 0 0 0 0 0 0 3
3 3 -1 0 0 0 0 0 0 3 3
3 3 3 3 3 0 3 3 3 3 3
16:47:41.815608 - stdout  :: 0 1
16:47:41.833041 - stdin   :: 29 6 2 2
29 6
10 52
36 29
4 14
3 3 3 3 3 0 3 3 3 3 3
3 3 0 0 0 0 0 0 0 3 3
3 -1 0 0 0 0 0 0 0 0 3
3 -1 0 0 0 0 0 0 0 0 3
3 -1 0 0 0 0 0 0 0 0 3
-1 -1 0 0 0 0 0 0 0 0 0
3 -1 0 0 0 0 0 0 0 0 3
3 0 0 0 0 0 0 0 0 0 3
3 0 0 0 0 0 0 0 0 0 3
3 3 0 0 0 0 0 0 0 3 3
3 3 3 3 3 0 3 3 3 3 3
16:47:41.835029 - stdout  :: -1 0
16:47:41.847870 - stdin   :: 30 8 1 2
30 8
10 53
35 29
4 13
3 3 3 3 3 0 3 3 3 3 3
3 3 0 0 0 0 0 0 0 3 3
3 0 0 0 0 0 0 0 0 -1 3
3 0 0 0 0 0 0 0 0 -1 3
3 0 0 0 0 0 0 0 0 -1 3
0 0 0 0 0 0 0 0 0 -1 -1
3 0 0 0 0 0 0 0 0 0 3
3 0 0 0 0 0 0 0 0 0 3
3 0 0 0 0 0 0 0 0 0 3
3 3 0 0 0 0 0 0 0 3 3
3 3 3 3 3 100 3 3 3 3 3
16:47:41.848618 - stdout  :: 1 -1
16:47:41.858678 - stdin   :: 32 9 2 1
32 9
10 54
34 29
3 12
3 3 3 3 3 0 3 3 3 3 3
3 3 0 0 0 0 0 0 -1 3 3
3 0 0 0 0 0 0 0 -1 -1 3
3 0 0 0 0 0 0 0 -1 -1 3
3 0 0 0 0 0 0 0 0 -1 3
0 0 0 0 0 0 0 0 0 100 -1
3 0 0 0 0 0 0 0 0 100 3
3 0 0 0 0 0 0 0 0 100 3
3 100 100 100 100 100 100 100 100 100 3
3 3 100 100 100 100 100 100 100 3 3
3 3 3 3 3 100 3 3 3 3 3
16:47:41.859348 - stdout  :: 0 -1
16:47:41.868732 - stdin   :: 34 9 2 0
34 9
10 55
33 29
3 11
3 3 3 3 3 0 3 3 3 3 3
3 3 0 0 0 0 0 0 -1 3 3
3 0 0 0 0 0 0 0 0 -1 3
3 0 0 0 0 0 0 0 0 100 3
3 0 0 0 0 0 0 0 0 100 3
0 0 0 0 0 0 0 0 0 100 -1
3 100 100 100 100 100 100 100 100 100 3
3 100 100 100 100 100 100 100 100 100 3
3 100 100 100 100 100 100 100 100 100 3
3 3 -1 -1 -1 -1 -1 -1 -1 3 3
3 3 3 3 3 -1 3 3 3 3 3
16:47:41.869148 - stdout  :: -1 0
16:47:45.218859 - stdin   :: ~~~END~~~
16:47:45.220160 - control :: Server has terminated, no more data.
