18:56:47.704541 - control :: Starting bot process.
18:56:47.823266 - control :: Bot has initialised, connecting to server.
18:56:47.826257 - stdin   :: 40 60 4 5
18:56:47.832810 - stdin   :: 16 53 0 0
15 50
15 52
16 51
16 53
3 3 3 3 3 -1 3 3 3 3 3
3 3 0 0 0 -1 -1 -1 -1 3 3
3 0 0 0 0 -1 -1 -1 -1 -1 3
3 -1 0 0 0 0 -1 -1 -1 -1 3
3 -1 0 0 0 0 -1 -1 -1 -1 3
-1 -1 1 1 1 1 -1 -1 -1 -1 -1
3 -1 -1 -1 -1 -1 -1 -1 -1 -1 3
3 -1 -1 -1 -1 -1 -1 -1 -1 -1 3
3 -1 -1 -1 -1 -1 -1 -1 -1 -1 3
3 3 -1 -1 100 100 100 100 -1 3 3
3 3 3 3 3 100 3 3 3 3 3
18:56:47.833756 - stdout  :: 0 -1
18:56:47.840935 - stdin   :: 16 52 0 -1
14 50
14 53
16 50
16 52
3 3 3 3 3 -1 3 3 3 3 3
3 3 0 0 0 0 -1 -1 -1 3 3
3 -1 0 0 0 0 -1 -1 -1 -1 3
3 -1 -1 0 0 0 0 -1 -1 -1 3
3 -1 -1 0 0 0 0 -1 -1 -1 3
-1 -1 -1 1 1 1 1 -1 -1 -1 -1
3 -1 -1 -1 -1 -1 -1 -1 -1 -1 3
3 -1 -1 -1 -1 -1 -1 -1 -1 -1 3
3 -1 -1 -1 -1 -1 -1 -1 -1 -1 3
3 3 -1 -1 -1 100 100 100 100 3 3
3 3 3 3 3 100 3 3 3 3 3
18:56:47.841584 - stdout  :: -1 0
18:56:47.847597 - stdin   :: 15 51 -1 -1
13 49
14 53
15 50
15 51
3 3 3 3 3 0 3 3 3 3 3
3 3 0 0 92 0 -1 -1 -1 3 3
3 -1 0 0 0 0 0 -1 -1 -1 3
3 -1 -1 0 0 0 0 -1 -1 -1 3
3 -1 -1 -1 0 0 0 0 -1 -1 3
-1 -1 -1 -1 0 0 0 0 -1 -1 -1
3 -1 -1 -1 1 1 1 1 -1 -1 3
3 -1 -1 -1 -1 -1 -1 -1 -1 -1 3
3 -1 -1 -1 -1 -1 -1 -1 -1 -1 3
3 3 -1 -1 -1 -1 -1 -1 -1 3 3
3 3 3 3 3 -1 3 3 3 3 3
18:56:47.848484 - stdout  :: 0 0
18:56:47.854392 - stdin   :: 14 50 -1 -1
12 48
15 52
15 51
14 50
3 3 3 3 3 0 3 3 3 3 3
3 3 0 0 0 0 0 -1 -1 3 3
3 -1 -1 0 0 92 0 -1 -1 -1 3
3 -1 -1 0 0 0 0 0 -1 -1 3
3 -1 -1 -1 0 0 0 0 -1 -1 3
-1 -1 -1 -1 -1 0 0 0 0 -1 -1
3 -1 -1 -1 -1 0 0 0 0 -1 3
3 -1 -1 -1 -1 1 1 1 1 -1 3
3 -1 -1 -1 -1 -1 -1 -1 -1 -1 3
3 3 -1 -1 -1 -1 -1 -1 -1 3 3
3 3 3 3 3 -1 3 3 3 3 3
18:56:47.855110 - stdout  :: 0 1
18:56:47.860811 - stdin   :: 13 50 -1 0
11 48
16 51
15 52
13 50
3 3 3 3 3 0 3 3 3 3 3
3 3 0 0 0 0 -1 -1 -1 3 3
3 -1 0 0 0 0 0 -1 -1 -1 3
3 -1 -1 0 0 92 0 -1 -1 -1 3
3 -1 -1 0 0 0 0 0 -1 -1 3
-1 -1 -1 -1 0 0 0 0 -1 -1 -1
3 -1 -1 -1 -1 0 0 0 0 -1 3
3 -1 -1 -1 -1 0 0 0 0 -1 3
3 -1 -1 -1 -1 1 1 1 1 -1 3
3 3 -1 -1 -1 -1 -1 -1 -1 3 3
3 3 3 3 3 -1 3 3 3 3 3
18:56:47.861487 - stdout  :: 0 -1
18:56:47.867392 - stdin   :: 12 49 -1 -1
10 47
16 50
15 53
12 49
3 3 3 3 3 0 3 3 3 3 3
3 3 0 0 0 0 0 -1 -1 3 3
3 -1 -1 0 0 0 0 -1 -1 -1 3
3 -1 -1 0 0 0 0 0 -1 -1 3
3 -1 -1 -1 0 0 92 0 -1 -1 3
-1 -1 -1 -1 0 0 0 0 0 -1 -1
3 -1 -1 -1 -1 0 0 0 0 -1 3
3 -1 -1 -1 -1 -1 0 0 0 0 3
3 -1 -1 -1 -1 -1 0 0 0 0 3
3 3 -1 -1 -1 -1 1 1 1 3 3
3 3 3 3 3 -1 3 3 3 3 3
18:56:47.868203 - stdout  :: 0 1
18:56:47.874257 - stdin   :: 11 49 -1 0
9 47
15 50
16 53
11 49
3 3 3 3 3 -1 3 3 3 3 3
3 3 0 0 0 0 -1 -1 -1 3 3
3 0 0 0 0 0 0 -1 -1 -1 3
3 -1 -1 0 0 0 0 -1 -1 -1 3
3 -1 -1 0 0 0 0 0 -1 -1 3
-1 -1 -1 -1 0 0 92 0 -1 -1 -1
3 -1 -1 -1 0 0 0 0 0 -1 3
3 -1 -1 -1 -1 0 0 0 0 -1 3
3 -1 -1 -1 -1 -1 0 0 0 0 3
3 3 -1 -1 -1 -1 0 0 0 3 3
3 3 3 3 3 -1 3 3 3 3 3
18:56:47.875037 - stdout  :: 0 -1
18:56:47.881489 - stdin   :: 10 48 -1 -1
8 46
14 50
16 53
10 48
3 3 3 3 3 -1 3 3 3 3 3
3 3 0 0 0 0 -1 -1 -1 3 3
3 0 0 0 0 0 0 -1 -1 -1 3
3 -1 0 0 0 0 0 0 -1 -1 3
3 -1 -1 -1 0 0 0 0 -1 -1 3
-1 -1 -1 -1 0 0 0 0 0 -1 -1
3 -1 -1 -1 -1 0 0 92 0 -1 3
3 -1 -1 -1 -1 0 0 0 0 0 3
3 -1 -1 -1 -1 -1 0 0 0 0 3
3 3 -1 -1 -1 -1 -1 0 0 3 3
3 3 3 3 3 -1 3 3 3 3 3
18:56:47.882433 - stdout  :: 0 0
18:56:47.888315 - stdin   :: 9 47 -1 -1
7 45
13 50
15 53
9 47
3 3 3 3 3 -1 3 3 3 3 3
3 3 0 0 0 0 -1 -1 -1 3 3
3 0 0 0 0 0 0 -1 -1 -1 3
3 0 0 0 0 0 0 0 -1 -1 3
3 -1 -1 0 0 0 0 0 0 -1 3
-1 -1 -1 -1 -1 0 0 0 0 -1 -1
3 -1 -1 -1 -1 0 0 0 0 0 3
3 -1 -1 -1 -1 -1 0 0 92 0 3
3 -1 -1 -1 -1 -1 0 0 0 0 3
3 3 -1 -1 -1 -1 -1 0 0 3 3
3 3 3 3 3 -1 3 3 3 3 3
18:56:47.889150 - stdout  :: 0 0
18:56:47.895242 - stdin   :: 8 46 -1 -1
6 44
12 50
14 53
8 46
3 3 3 3 3 -1 3 3 3 3 3
3 3 0 0 -1 -1 -1 -1 -1 3 3
3 0 0 0 0 0 0 -1 -1 -1 3
3 0 0 0 0 0 0 0 -1 -1 3
3 0 0 0 0 0 0 0 0 -1 3
0 0 -1 -1 0 0 0 0 0 0 -1
3 -1 -1 -1 -1 -1 0 0 0 0 3
3 -1 -1 -1 -1 -1 0 0 0 0 3
3 -1 -1 -1 -1 -1 -1 0 0 92 3
3 3 -1 -1 -1 -1 -1 0 0 3 3
3 3 3 3 3 -1 3 3 3 3 3
18:56:47.896153 - stdout  :: 1 0
18:56:47.902774 - stdin   :: 8 45 0 -1
6 43
11 50
14 52
8 45
3 3 3 3 3 -1 3 3 3 3 3
3 3 0 0 0 -1 -1 -1 -1 3 3
3 0 0 0 0 0 0 0 -1 -1 3
3 0 0 0 0 0 0 0 0 -1 3
3 0 0 0 0 0 0 0 0 0 3
91 0 0 -1 -1 0 0 0 0 0 0
3 0 -1 -1 -1 -1 -1 0 0 0 3
3 -1 -1 -1 -1 -1 -1 0 0 0 3
3 -1 -1 -1 -1 -1 -1 -1 0 0 3
3 3 -1 -1 -1 -1 -1 -1 0 3 3
3 3 3 3 3 -1 3 3 3 3 3
18:56:47.903538 - stdout  :: -1 0
18:56:47.912382 - stdin   :: 7 44 -1 -1
7 42
11 49
14 51
7 44
3 3 3 3 3 -1 3 3 3 3 3
3 3 -1 -1 -1 -1 -1 -1 -1 3 3
3 -1 0 0 0 0 -1 -1 -1 -1 3
3 0 0 0 0 0 0 0 0 -1 3
3 0 0 0 0 0 0 0 0 0 3
0 0 0 0 0 0 0 0 0 0 0
3 91 0 0 -1 -1 0 0 0 0 3
3 0 0 -1 -1 -1 -1 -1 0 0 3
3 -1 -1 -1 -1 -1 -1 -1 0 0 3
3 3 -1 -1 -1 -1 -1 -1 -1 3 3
3 3 3 3 3 -1 3 3 3 3 3
18:56:47.913074 - stdout  :: 1 0
18:56:47.918811 - stdin   :: 7 43 0 -1
8 41
11 48
14 50
7 43
3 3 3 3 3 -1 3 3 3 3 3
3 3 -1 -1 -1 -1 -1 -1 -1 3 3
3 -1 -1 0 0 0 0 -1 -1 -1 3
3 -1 0 0 0 0 0 0 0 0 3
3 0 0 0 0 0 0 0 0 0 3
0 0 0 0 0 0 0 0 0 0 0
3 0 91 0 0 -1 -1 0 0 0 3
3 0 0 0 -1 -1 -1 -1 -1 0 3
3 0 -1 -1 -1 -1 -1 -1 -1 0 3
3 3 -1 -1 -1 -1 -1 -1 -1 3 3
3 3 3 3 3 -1 3 3 3 3 3
18:56:47.919473 - stdout  :: 1 0
18:56:47.925229 - stdin   :: 8 42 1 -1
8 40
10 47
13 50
8 42
3 3 3 3 3 -1 3 3 3 3 3
3 3 -1 -1 0 0 0 0 -1 3 3
3 -1 -1 0 0 0 0 0 0 0 3
3 -1 0 0 0 0 0 0 0 0 3
3 0 0 0 0 0 0 0 0 0 3
0 0 0 91 0 0 -1 -1 0 0 0
3 0 0 0 0 -1 -1 -1 -1 -1 3
3 0 0 -1 -1 -1 -1 -1 -1 -1 3
3 -1 -1 -1 -1 -1 -1 -1 -1 -1 3
3 3 -1 -1 -1 -1 -1 -1 -1 3 3
3 3 3 3 3 -1 3 3 3 3 3
18:56:47.925969 - stdout  :: 0 0
18:56:47.932085 - stdin   :: 9 41 1 -1
8 40
8 46
13 51
9 41
3 3 3 3 3 0 3 3 3 3 3
3 3 -1 -1 0 0 0 0 0 3 3
3 -1 -1 0 0 0 0 0 0 0 3
3 0 0 0 0 0 0 0 0 0 3
3 0 0 0 91 0 0 -1 -1 0 3
0 0 0 0 0 0 -1 -1 -1 -1 -1
3 0 0 0 -1 -1 -1 -1 -1 -1 3
3 -1 -1 -1 -1 -1 -1 -1 -1 -1 3
3 -1 -1 -1 -1 -1 -1 -1 -1 -1 3
3 3 -1 -1 -1 -1 -1 -1 -1 3 3
3 3 3 3 3 0 3 3 3 3 3
18:56:47.932845 - stdout  :: -1 0
18:56:47.938694 - stdin   :: 9 40 0 -1
7 39
6 45
13 52
9 40
3 3 3 3 3 -1 3 3 3 3 3
3 3 -1 -1 -1 0 0 0 0 3 3
3 -1 -1 -1 0 0 0 0 0 0 3
3 -1 0 0 0 0 0 0 0 0 3
3 0 0 0 0 91 0 0 -1 -1 3
0 0 0 0 0 0 0 -1 -1 -1 -1
3 0 0 0 0 -1 -1 -1 -1 -1 3
3 0 -1 -1 -1 -1 -1 -1 -1 -1 3
3 -1 -1 -1 -1 -1 -1 -1 -1 -1 3
3 3 -1 -1 -1 -1 -1 -1 -1 3 3
3 3 3 3 3 0 3 3 3 3 3
18:56:47.939529 - stdout  :: 1 0
18:56:47.945256 - stdin   :: 10 39 1 -1
7 38
4 44
12 52
10 39
3 3 3 3 3 -1 3 3 3 3 3
3 3 -1 -1 -1 0 0 0 0 3 3
3 -1 -1 0 0 0 0 0 0 0 3
3 0 0 0 0 0 91 0 0 -1 3
3 0 0 0 0 0 0 0 -1 -1 3
0 0 0 0 0 0 -1 -1 -1 -1 -1
3 0 0 -1 -1 -1 -1 -1 -1 -1 3
3 0 -1 -1 -1 -1 -1 -1 -1 -1 3
3 0 -1 -1 -1 -1 -1 -1 -1 -1 3
3 3 0 0 0 0 0 0 0 3 3
3 3 3 3 3 0 3 3 3 3 3
18:56:47.946009 - stdout  :: -1 0
18:56:47.952299 - stdin   :: 10 38 0 -1
8 37
4 44
12 51
10 38
3 3 3 3 3 -1 3 3 3 3 3
3 3 -1 -1 -1 -1 0 0 0 3 3
3 -1 -1 -1 0 0 0 0 0 0 3
3 -1 0 0 0 0 0 91 0 0 3
3 0 0 0 0 0 0 0 0 -1 3
0 0 0 0 0 0 0 -1 -1 -1 -1
3 0 0 0 -1 -1 -1 -1 -1 -1 3
3 0 0 -1 -1 -1 -1 -1 -1 -1 3
3 0 0 -1 -1 -1 -1 -1 -1 -1 3
3 3 0 0 0 0 0 0 0 3 3
3 3 3 3 3 0 3 3 3 3 3
18:56:47.953054 - stdout  :: 0 0
18:56:47.957936 - stdin   :: 10 37 0 -1
9 36
4 44
12 50
10 37
3 3 3 3 3 -1 3 3 3 3 3
3 3 -1 -1 -1 -1 -1 0 0 3 3
3 -1 -1 -1 -1 0 0 0 0 0 3
3 -1 -1 0 0 0 0 0 91 0 3
3 0 0 0 0 0 0 0 0 0 3
0 0 0 0 0 0 0 0 -1 -1 -1
3 0 0 0 0 -1 -1 -1 -1 -1 3
3 0 0 0 -1 -1 -1 -1 -1 -1 3
3 0 0 0 -1 -1 -1 -1 -1 -1 3
3 3 0 0 0 0 0 0 0 3 3
3 3 3 3 3 0 3 3 3 3 3
18:56:47.958497 - stdout  :: 1 0
18:56:47.963374 - stdin   :: 11 36 1 -1
10 35
4 44
12 49
11 36
3 3 3 3 3 -1 3 3 3 3 3
3 3 -1 -1 -1 -1 0 0 0 3 3
3 -1 -1 -1 0 0 0 0 0 91 3
3 -1 0 0 0 0 0 0 0 0 3
3 0 0 0 0 0 0 0 0 -1 3
-1 0 0 0 0 0 -1 -1 -1 -1 -1
3 0 0 0 0 -1 -1 -1 -1 -1 3
3 0 0 0 0 -1 -1 -1 -1 -1 3
3 0 0 0 0 0 0 0 0 0 3
3 3 0 0 0 0 0 0 0 3 3
3 3 3 3 3 0 3 3 3 3 3
18:56:47.963901 - stdout  :: 0 0
18:56:47.968805 - stdin   :: 12 35 1 -1
11 34
4 44
13 49
12 35
3 3 3 3 3 -1 3 3 3 3 3
3 3 -1 -1 -1 0 0 0 0 3 3
3 0 -1 0 0 0 0 0 0 0 3
3 0 0 0 0 0 0 0 0 0 3
3 -1 0 0 0 0 0 -1 -1 -1 3
-1 0 0 0 0 0 -1 -1 -1 -1 -1
3 0 0 0 0 0 -1 -1 -1 -1 3
3 0 0 0 0 0 0 0 0 0 3
3 0 0 0 0 0 0 0 0 0 3
3 3 0 0 0 0 0 0 0 3 3
3 3 3 3 3 -1 3 3 3 3 3
18:56:47.969303 - stdout  :: 0 1
18:56:47.974389 - stdin   :: 13 35 1 0
12 33
4 44
13 49
13 35
3 3 3 3 3 0 3 3 3 3 3
3 3 -1 0 0 0 0 0 0 3 3
3 0 0 0 0 0 0 0 0 0 3
3 -1 0 0 0 0 0 -1 -1 -1 3
3 0 0 0 0 0 -1 -1 -1 -1 3
-1 0 0 0 0 0 -1 -1 -1 -1 -1
3 0 0 0 0 0 0 0 0 0 3
3 0 0 0 0 0 0 0 0 0 3
3 -1 0 0 0 0 0 0 0 0 3
3 3 -1 -1 -1 -1 -1 -1 -1 3 3
3 3 3 3 3 -1 3 3 3 3 3
18:56:47.974922 - stdout  :: 0 1
18:56:47.980268 - stdin   :: 14 36 1 1
13 33
4 44
12 49
14 36
3 3 3 3 3 0 3 3 3 3 3
3 3 0 0 0 0 0 0 0 3 3
3 0 0 0 0 0 -1 -1 -1 -1 3
3 0 0 0 0 -1 -1 -1 -1 -1 3
3 0 0 0 0 -1 -1 -1 -1 -1 3
0 0 0 0 0 0 0 0 0 0 0
3 0 0 0 0 0 0 0 0 0 3
3 0 0 0 0 0 0 0 0 0 3
3 -1 -1 -1 -1 -1 -1 -1 -1 0 3
3 3 -1 -1 -1 -1 -1 -1 -1 3 3
3 3 3 3 3 -1 3 3 3 3 3
18:56:47.980801 - stdout  :: 0 0
18:56:47.987517 - stdin   :: 15 37 1 1
14 34
5 45
12 48
15 37
3 3 3 3 3 0 3 3 3 3 3
3 3 0 0 0 -1 -1 -1 -1 3 3
3 0 0 0 -1 -1 -1 -1 -1 -1 3
3 0 0 0 -1 -1 -1 -1 -1 -1 3
3 0 0 0 0 0 0 0 0 0 3
0 0 0 0 0 0 0 0 0 0 0
3 0 0 0 0 0 0 0 0 0 3
3 -1 -1 -1 -1 -1 -1 -1 0 0 3
3 -1 -1 -1 -1 -1 -1 -1 0 0 3
3 3 -1 -1 -1 -1 -1 0 0 3 3
3 3 3 3 3 -1 3 3 3 3 3
18:56:47.988088 - stdout  :: 0 0
18:56:47.995244 - stdin   :: 16 38 1 1
15 35
6 46
11 48
16 38
3 3 3 3 3 -1 3 3 3 3 3
3 3 0 -1 -1 -1 -1 -1 -1 3 3
3 0 0 -1 -1 -1 -1 -1 -1 -1 3
3 0 0 0 0 0 0 0 0 0 3
3 0 0 0 0 0 0 0 0 0 3
0 0 0 0 0 0 0 0 0 0 0
3 -1 -1 -1 -1 -1 -1 0 0 92 3
3 -1 -1 -1 -1 -1 -1 0 0 92 3
3 -1 -1 -1 -1 -1 0 0 0 0 3
3 3 -1 -1 -1 0 0 0 0 3 3
3 3 3 3 3 0 3 3 3 3 3
18:56:47.996050 - stdout  :: -1 0
18:56:48.003628 - stdin   :: 16 39 0 1
15 36
7 47
11 49
16 39
3 3 3 3 3 -1 3 3 3 3 3
3 3 -1 -1 -1 -1 -1 -1 -1 3 3
3 0 -1 -1 -1 -1 -1 -1 -1 -1 3
3 0 0 0 0 0 0 0 0 0 3
3 0 0 0 0 0 0 0 0 0 3
0 0 0 0 0 0 0 0 0 0 0
3 -1 -1 -1 -1 -1 0 0 92 0 3
3 -1 -1 -1 -1 -1 0 0 92 0 3
3 -1 -1 -1 -1 0 0 0 0 0 3
3 3 -1 -1 0 0 0 0 0 3 3
3 3 3 3 3 0 3 3 3 3 3
18:56:48.004226 - stdout  :: 1 0
18:56:48.011841 - stdin   :: 17 40 1 1
14 37
8 48
10 49
17 40
3 3 3 3 3 -1 3 3 3 3 3
3 3 -1 -1 -1 -1 -1 -1 -1 3 3
3 0 0 0 0 0 0 0 0 -1 3
3 0 0 0 0 0 0 0 0 0 3
3 0 0 0 0 0 0 0 0 0 3
-1 -1 -1 -1 -1 0 0 92 0 0 -1
3 -1 -1 -1 -1 0 0 92 0 0 3
3 -1 -1 -1 0 0 0 0 0 0 3
3 -1 -1 0 0 0 0 0 0 0 3
3 3 0 0 0 0 0 0 0 3 3
3 3 3 3 3 0 3 3 3 3 3
18:56:48.012388 - stdout  :: 0 0
18:56:48.019457 - stdin   :: 18 41 1 1
14 38
9 49
10 50
18 41
3 3 3 3 3 -1 3 3 3 3 3
3 3 0 0 0 0 0 0 -1 3 3
3 0 0 0 0 0 0 0 0 -1 3
3 0 0 0 0 0 0 0 0 -1 3
3 -1 -1 -1 0 0 92 0 0 -1 3
-1 -1 -1 -1 0 0 92 0 0 -1 -1
3 -1 -1 0 0 0 0 0 0 -1 3
3 -1 0 0 0 0 0 0 0 -1 3
3 0 0 0 0 0 0 0 -1 -1 3
3 3 0 0 0 0 0 0 -1 3 3
3 3 3 3 3 -1 3 3 3 3 3
18:56:48.020082 - stdout  :: 0 0
18:56:48.026983 - stdin   :: 19 42 1 1
15 39
10 49
10 51
19 42
3 3 3 3 3 0 3 3 3 3 3
3 3 0 0 0 0 0 0 -1 3 3
3 0 0 0 0 0 0 0 -1 -1 3
3 -1 -1 0 0 92 0 0 -1 -1 3
3 -1 -1 0 0 92 0 0 -1 -1 3
-1 -1 0 0 0 0 0 0 -1 -1 -1
3 0 0 0 0 0 0 0 -1 -1 3
3 0 0 0 0 0 0 -1 -1 -1 3
3 0 0 0 0 0 0 -1 -1 -1 3
3 3 0 0 -1 -1 -1 -1 -1 3 3
3 3 3 3 3 -1 3 3 3 3 3
18:56:48.027686 - stdout  :: 0 0
18:56:48.034514 - stdin   :: 20 43 1 1
16 40
11 49
10 51
20 43
3 3 3 3 3 0 3 3 3 3 3
3 3 0 0 0 0 0 -1 -1 3 3
3 -1 0 0 92 0 0 -1 -1 -1 3
3 -1 0 0 92 0 0 -1 -1 -1 3
3 0 0 0 0 0 0 -1 -1 -1 3
0 0 0 0 0 0 0 -1 -1 -1 -1
3 0 0 0 0 0 -1 -1 -1 -1 3
3 0 0 0 0 0 -1 -1 -1 -1 3
3 0 0 -1 -1 -1 -1 -1 -1 -1 3
3 3 -1 -1 -1 -1 -1 -1 -1 3 3
3 3 3 3 3 -1 3 3 3 3 3
18:56:48.035229 - stdout  :: 0 -1
18:56:48.042228 - stdin   :: 21 43 1 0
17 41
12 49
10 50
21 43
3 3 3 3 3 0 3 3 3 3 3
3 3 0 0 92 0 0 -1 -1 3 3
3 -1 0 0 92 0 0 -1 -1 -1 3
3 0 0 0 0 0 0 -1 -1 -1 3
3 0 0 0 0 0 0 -1 -1 -1 3
0 0 0 0 0 0 -1 -1 -1 -1 -1
3 0 0 0 0 0 -1 -1 -1 -1 3
3 0 0 -1 -1 -1 -1 -1 -1 -1 3
3 -1 -1 -1 -1 -1 -1 -1 -1 -1 3
3 3 -1 -1 -1 -1 -1 -1 -1 3 3
3 3 3 3 3 -1 3 3 3 3 3
18:56:48.042957 - stdout  :: -1 -1
18:56:48.049730 - stdin   :: 21 42 0 -1
18 41
13 49
9 50
21 42
3 3 3 3 3 0 3 3 3 3 3
3 3 -1 0 0 92 0 0 -1 3 3
3 -1 -1 0 0 92 0 0 -1 -1 3
3 -1 0 0 0 0 0 0 -1 -1 3
3 0 0 0 0 0 0 0 -1 -1 3
0 0 0 0 0 0 0 -1 -1 -1 -1
3 0 0 0 0 0 0 -1 -1 -1 3
3 0 0 0 -1 -1 -1 -1 -1 -1 3
3 -1 -1 -1 -1 -1 -1 -1 -1 -1 3
3 3 -1 -1 -1 -1 -1 -1 -1 3 3
3 3 3 3 3 -1 3 3 3 3 3
18:56:48.050536 - stdout  :: 0 0
18:56:48.057366 - stdin   :: 21 41 0 -1
19 40
13 50
9 49
21 41
3 3 3 3 3 0 3 3 3 3 3
3 3 -1 -1 0 0 92 0 0 3 3
3 -1 -1 -1 0 0 92 0 0 -1 3
3 -1 -1 0 0 0 0 0 0 -1 3
3 -1 0 0 0 0 0 0 0 -1 3
0 0 0 0 0 0 0 0 -1 -1 -1
3 0 0 0 0 0 0 0 -1 -1 3
3 0 0 0 0 -1 -1 -1 -1 -1 3
3 -1 -1 -1 -1 -1 -1 -1 -1 -1 3
3 3 -1 -1 -1 -1 -1 -1 -1 3 3
3 3 3 3 3 0 3 3 3 3 3
18:56:48.058210 - stdout  :: 0 0
18:56:48.064973 - stdin   :: 21 40 0 -1
20 39
13 51
9 48
21 40
3 3 3 3 3 0 3 3 3 3 3
3 3 -1 -1 -1 0 0 92 0 3 3
3 -1 -1 -1 -1 0 0 92 0 0 3
3 -1 -1 -1 0 0 0 0 0 0 3
3 -1 -1 0 0 0 0 0 0 0 3
0 0 0 0 0 0 0 0 0 -1 -1
3 0 0 0 0 0 0 0 0 -1 3
3 0 0 0 0 0 -1 -1 -1 -1 3
3 -1 -1 -1 -1 -1 -1 -1 -1 -1 3
3 3 -1 -1 -1 -1 -1 -1 -1 3 3
3 3 3 3 3 0 3 3 3 3 3
18:56:48.065767 - stdout  :: 0 0
18:56:48.072687 - stdin   :: 21 39 0 -1
21 38
13 52
10 48
21 39
3 3 3 3 3 0 3 3 3 3 3
3 3 -1 -1 -1 -1 0 0 92 3 3
3 -1 -1 -1 -1 -1 0 0 92 0 3
3 -1 -1 -1 -1 0 0 0 0 0 3
3 -1 -1 -1 0 0 0 0 0 0 3
0 0 0 0 0 0 0 0 0 0 -1
3 0 0 0 0 0 0 0 0 0 3
3 0 0 0 0 0 0 -1 -1 -1 3
3 -1 -1 -1 -1 -1 -1 -1 -1 -1 3
3 3 -1 -1 -1 -1 -1 -1 -1 3 3
3 3 3 3 3 0 3 3 3 3 3
18:56:48.073578 - stdout  :: 0 -1
18:56:48.081172 - stdin   :: 21 37 0 -2
22 37
14 53
10 47
21 37
3 3 3 3 3 0 3 3 3 3 3
3 3 -1 -1 -1 -1 -1 -1 0 3 3
3 -1 -1 -1 -1 -1 -1 -1 0 0 3
3 -1 -1 -1 -1 -1 -1 0 0 0 3
3 0 0 -1 -1 -1 0 0 0 0 3
91 0 0 0 0 0 0 0 0 0 0
3 0 0 0 0 0 0 0 0 0 3
3 0 0 0 0 0 0 0 0 -1 3
3 -1 -1 -1 -1 -1 -1 -1 -1 -1 3
3 3 -1 -1 -1 -1 -1 -1 -1 3 3
3 3 3 3 3 0 3 3 3 3 3
18:56:48.082139 - stdout  :: 0 1
18:56:48.090412 - stdin   :: 21 36 0 -1
22 36
15 53
9 47
21 36
3 3 3 3 3 0 3 3 3 3 3
3 3 -1 -1 -1 -1 -1 -1 -1 3 3
3 -1 -1 -1 -1 -1 -1 -1 -1 0 3
3 -1 -1 -1 -1 -1 -1 -1 0 0 3
3 0 0 0 -1 -1 -1 0 0 0 3
91 91 0 0 0 0 0 0 0 0 0
3 0 0 0 0 0 0 0 0 0 3
3 -1 0 0 0 0 0 0 0 0 3
3 -1 -1 -1 -1 -1 -1 -1 -1 -1 3
3 3 -1 -1 -1 -1 -1 -1 -1 3 3
3 3 3 3 3 0 3 3 3 3 3
18:56:48.091606 - stdout  :: 0 0
18:56:48.100205 - stdin   :: 21 35 0 -1
22 35
16 53
8 47
21 35
3 3 3 3 3 0 3 3 3 3 3
3 3 -1 -1 -1 -1 -1 -1 -1 3 3
3 -1 -1 -1 -1 -1 -1 -1 -1 -1 3
3 0 -1 -1 -1 -1 -1 -1 -1 0 3
3 0 0 0 0 -1 -1 -1 0 0 3
0 91 91 0 0 0 0 0 0 0 0
3 0 0 0 0 0 0 0 0 0 3
3 -1 -1 0 0 0 0 0 0 0 3
3 -1 -1 -1 -1 -1 -1 -1 -1 -1 3
3 3 -1 -1 -1 -1 -1 -1 -1 3 3
3 3 3 3 3 0 3 3 3 3 3
18:56:48.101341 - stdout  :: 0 0
18:56:48.108760 - stdin   :: 21 34 0 -1
21 35
16 52
8 48
21 34
3 3 3 3 3 0 3 3 3 3 3
3 3 -1 -1 -1 -1 -1 -1 -1 3 3
3 -1 -1 -1 -1 -1 -1 -1 -1 -1 3
3 0 0 -1 -1 -1 -1 -1 -1 -1 3
3 0 0 0 0 0 -1 -1 -1 0 3
0 0 91 91 0 0 0 0 0 0 0
3 0 0 0 0 0 0 0 0 0 3
3 -1 -1 -1 0 0 0 0 0 0 3
3 -1 -1 -1 -1 -1 -1 -1 -1 -1 3
3 3 -1 -1 -1 -1 -1 -1 -1 3 3
3 3 3 3 3 0 3 3 3 3 3
18:56:48.109775 - stdout  :: 0 0
18:56:48.116349 - stdin   :: 21 33 0 -1
20 34
16 51
8 49
21 33
3 3 3 3 3 0 3 3 3 3 3
3 3 -1 -1 -1 -1 -1 -1 -1 3 3
3 0 -1 -1 -1 -1 -1 -1 -1 -1 3
3 0 0 0 -1 -1 -1 -1 -1 -1 3
3 0 0 0 0 0 0 -1 -1 -1 3
0 0 0 91 91 0 0 0 0 0 0
3 -1 0 0 0 0 0 0 0 0 3
3 -1 -1 -1 -1 0 0 0 0 0 3
3 -1 -1 -1 -1 -1 -1 -1 -1 -1 3
3 3 -1 -1 -1 -1 -1 -1 -1 3 3
3 3 3 3 3 -1 3 3 3 3 3
18:56:48.117400 - stdout  :: -1 0
18:56:48.123677 - stdin   :: 20 32 -1 -1
20 33
16 50
8 50
20 32
3 3 3 3 3 0 3 3 3 3 3
3 3 -1 -1 -1 0 0 0 0 3 3
3 -1 -1 -1 -1 -1 -1 -1 -1 -1 3
3 0 0 -1 -1 -1 -1 -1 -1 -1 3
3 0 0 0 0 -1 -1 -1 -1 -1 3
0 0 0 0 0 0 0 0 -1 -1 -1
3 0 0 0 91 91 0 0 0 0 3
3 -1 -1 0 0 0 0 0 0 0 3
3 -1 -1 -1 -1 -1 0 0 0 0 3
3 3 -1 -1 -1 -1 -1 -1 -1 3 3
3 3 3 3 3 -1 3 3 3 3 3
18:56:48.124803 - stdout  :: 1 0
18:56:48.131466 - stdin   :: 20 31 0 -1
20 32
15 50
8 50
20 31
3 3 3 3 3 0 3 3 3 3 3
3 3 -1 -1 -1 -1 0 0 0 3 3
3 0 -1 -1 -1 -1 -1 -1 -1 -1 3
3 0 0 0 -1 -1 -1 -1 -1 -1 3
3 0 0 0 0 0 -1 -1 -1 -1 3
0 0 0 0 0 0 0 0 0 -1 -1
3 0 0 0 0 91 91 0 0 0 3
3 -1 -1 -1 0 0 0 0 0 0 3
3 -1 -1 -1 -1 -1 -1 0 0 0 3
3 3 -1 -1 -1 -1 -1 -1 -1 3 3
3 3 3 3 3 -1 3 3 3 3 3
18:56:48.132642 - stdout  :: 0 0
18:56:48.139128 - stdin   :: 20 30 0 -1
19 31
14 50
8 49
20 30
3 3 3 3 3 -1 3 3 3 3 3
3 3 0 -1 -1 -1 -1 0 0 3 3
3 0 0 -1 -1 -1 -1 -1 -1 -1 3
3 0 0 0 0 -1 -1 -1 -1 -1 3
3 0 0 0 0 0 0 -1 -1 -1 3
-1 0 0 0 0 0 0 0 0 0 -1
3 -1 0 0 0 0 91 91 0 0 3
3 -1 -1 -1 -1 0 0 0 0 0 3
3 -1 -1 -1 -1 -1 -1 -1 0 0 3
3 3 -1 -1 -1 -1 -1 -1 -1 3 3
3 3 3 3 3 -1 3 3 3 3 3
18:56:48.140465 - stdout  :: 0 0
18:56:48.147991 - stdin   :: 20 29 0 -1
19 30
13 50
7 49
20 29
3 3 3 3 3 -1 3 3 3 3 3
3 3 0 0 -1 -1 -1 -1 0 3 3
3 0 0 0 -1 -1 -1 -1 -1 -1 3
3 0 0 0 0 0 -1 -1 -1 -1 3
3 0 0 0 0 0 0 0 -1 -1 3
-1 -1 0 0 0 0 0 0 0 0 0
3 -1 -1 0 0 0 0 91 91 0 3
3 -1 -1 -1 -1 -1 0 0 0 0 3
3 -1 -1 -1 -1 -1 -1 -1 -1 0 3
3 3 -1 -1 -1 -1 -1 -1 -1 3 3
3 3 3 3 3 -1 3 3 3 3 3
18:56:48.149835 - stdout  :: 0 0
18:56:48.156816 - stdin   :: 20 28 0 -1
18 29
12 50
7 48
20 28
3 3 3 3 3 -1 3 3 3 3 3
3 3 0 0 0 -1 -1 -1 -1 3 3
3 0 0 0 0 -1 -1 -1 -1 -1 3
3 -1 0 0 0 0 0 -1 -1 -1 3
3 -1 0 0 0 0 0 0 0 -1 3
-1 -1 -1 0 0 0 0 0 0 0 0
3 -1 -1 -1 0 0 0 0 91 91 3
3 -1 -1 -1 -1 -1 -1 0 0 0 3
3 -1 -1 -1 -1 -1 -1 -1 -1 -1 3
3 3 -1 -1 -1 -1 -1 -1 -1 3 3
3 3 3 3 3 -1 3 3 3 3 3
18:56:48.158749 - stdout  :: 0 0
18:56:48.165762 - stdin   :: 20 27 0 -1
18 28
11 50
7 47
20 27
3 3 3 3 3 0 3 3 3 3 3
3 3 0 0 0 0 -1 -1 -1 3 3
3 -1 0 0 0 0 -1 -1 -1 -1 3
3 -1 -1 0 0 0 0 0 -1 -1 3
3 -1 -1 0 0 0 0 0 0 0 3
-1 -1 -1 -1 0 0 0 0 0 0 0
3 -1 -1 -1 -1 0 0 0 0 91 3
3 -1 -1 -1 -1 -1 -1 -1 0 0 3
3 -1 -1 -1 -1 -1 -1 -1 -1 -1 3
3 3 -1 -1 -1 -1 -1 -1 -1 3 3
3 3 3 3 3 -1 3 3 3 3 3
18:56:48.167625 - stdout  :: -1 0
18:56:48.174358 - stdin   :: 19 26 -1 -1
17 27
11 50
7 46
19 26
3 3 3 3 3 0 3 3 3 3 3
3 3 0 0 0 0 0 -1 -1 3 3
3 -1 0 0 0 0 0 -1 -1 -1 3
3 -1 -1 0 0 0 0 -1 -1 -1 3
3 -1 -1 -1 0 0 0 0 0 -1 3
-1 -1 -1 -1 0 0 0 0 0 0 0
3 -1 -1 -1 -1 0 0 0 0 0 3
3 -1 -1 -1 -1 -1 0 0 0 0 3
3 -1 -1 -1 -1 -1 -1 -1 -1 0 3
3 3 -1 -1 -1 -1 -1 -1 -1 3 3
3 3 3 3 3 -1 3 3 3 3 3
18:56:48.176418 - stdout  :: 0 0
18:56:48.183583 - stdin   :: 18 25 -1 -1
16 26
12 51
8 46
18 25
3 3 3 3 3 0 3 3 3 3 3
3 3 -1 0 0 0 0 -1 -1 3 3
3 -1 -1 0 0 0 0 0 -1 -1 3
3 -1 -1 0 0 0 0 0 -1 -1 3
3 -1 -1 -1 0 0 0 0 -1 -1 3
0 -1 -1 -1 -1 0 0 0 0 0 -1
3 -1 -1 -1 -1 0 0 0 0 0 3
3 -1 -1 -1 -1 -1 0 0 0 0 3
3 -1 -1 -1 -1 -1 -1 0 0 0 3
3 3 -1 -1 -1 -1 -1 -1 -1 3 3
3 3 3 3 3 -1 3 3 3 3 3
18:56:48.185885 - stdout  :: 0 1
18:56:48.192580 - stdin   :: 17 25 -1 0
15 25
13 52
8 45
17 25
3 3 3 3 3 0 3 3 3 3 3
3 3 -1 0 0 0 0 -1 -1 3 3
3 -1 -1 0 0 0 0 -1 -1 -1 3
3 -1 -1 0 0 0 0 0 -1 -1 3
3 -1 -1 0 0 0 0 0 -1 -1 3
0 -1 -1 -1 0 0 0 0 -1 -1 -1
3 -1 -1 -1 -1 0 0 0 0 0 3
3 -1 -1 -1 -1 0 0 0 0 0 3
3 -1 -1 -1 -1 -1 0 0 0 0 3
3 3 -1 -1 -1 -1 -1 0 0 3 3
3 3 3 3 3 -1 3 3 3 3 3
18:56:48.194833 - stdout  :: 0 1
18:56:48.201779 - stdin   :: 16 26 -1 1
14 24
14 53
7 45
16 26
3 3 3 3 3 0 3 3 3 3 3
3 3 -1 0 0 0 -1 -1 -1 3 3
3 -1 0 0 0 0 -1 -1 -1 -1 3
3 -1 0 0 0 0 -1 -1 -1 -1 3
3 -1 0 0 0 0 0 -1 -1 -1 3
-1 -1 0 0 0 0 0 -1 -1 -1 -1
3 -1 -1 0 0 0 0 -1 -1 -1 3
3 -1 -1 -1 0 0 0 0 0 -1 3
3 -1 -1 -1 0 0 0 0 0 0 3
3 3 -1 -1 -1 0 0 0 0 3 3
3 3 3 3 3 -1 3 3 3 3 3
18:56:48.204078 - stdout  :: 0 0
18:56:48.210988 - stdin   :: 15 27 -1 1
13 24
15 53
7 44
15 27
3 3 3 3 3 0 3 3 3 3 3
3 3 0 0 0 0 -1 -1 -1 3 3
3 -1 0 0 0 -1 -1 -1 -1 0 3
3 0 0 0 0 -1 -1 -1 -1 0 3
3 0 0 0 0 -1 -1 -1 -1 0 3
-1 0 0 0 0 0 -1 -1 -1 0 0
3 0 0 0 0 0 -1 -1 -1 -1 3
3 -1 0 0 0 0 -1 -1 -1 -1 3
3 -1 -1 0 0 0 0 0 -1 -1 3
3 3 -1 0 0 0 0 0 0 3 3
3 3 3 3 3 0 3 3 3 3 3
18:56:48.213176 - stdout  :: 0 -1
18:56:48.252928 - stdin   :: 15 27 0 0
7 24
16 50
9 40
15 27
3 3 3 3 3 0 3 3 3 3 3
3 3 0 0 0 0 -1 -1 -1 3 3
3 -1 0 0 0 -1 -1 -1 -1 0 3
3 0 0 0 0 -1 -1 -1 -1 0 3
3 0 0 0 0 -1 -1 -1 -1 0 3
-1 0 0 0 0 0 -1 -1 -1 0 0
3 0 0 0 0 0 -1 -1 -1 -1 3
3 -1 0 0 0 0 -1 -1 -1 -1 3
3 -1 -1 0 0 0 0 0 -1 -1 3
3 3 -1 0 0 0 0 0 0 3 3
3 3 3 3 3 0 3 3 3 3 3
18:56:48.255131 - stdout  :: -1 -1
18:56:48.261649 - stdin   :: 14 26 -1 -1
6 23
16 50
9 39
14 26
3 3 3 3 3 0 3 3 3 3 3
3 3 -1 0 0 0 0 0 -1 3 3
3 0 0 0 0 0 0 -1 -1 -1 3
3 -1 -1 0 0 0 -1 -1 -1 -1 3
3 -1 0 0 0 0 -1 -1 -1 -1 3
-1 -1 0 0 0 0 -1 -1 -1 -1 0
3 -1 0 0 0 0 0 -1 -1 -1 3
3 -1 0 0 0 0 0 -1 -1 -1 3
3 -1 -1 0 0 0 0 -1 -1 -1 3
3 3 -1 -1 0 0 0 0 0 3 3
3 3 3 3 3 0 3 3 3 3 3
18:56:48.263841 - stdout  :: 0 1
18:56:48.270655 - stdin   :: 13 26 -1 0
5 22
16 50
10 39
13 26
3 3 3 3 3 0 3 3 3 3 3
3 3 -1 -1 0 0 0 0 -1 3 3
3 -1 -1 0 0 0 0 0 -1 -1 3
3 0 0 0 0 0 0 -1 -1 -1 3
3 -1 -1 0 0 0 -1 -1 -1 -1 3
-1 -1 0 0 0 0 -1 -1 -1 -1 0
3 -1 0 0 0 0 -1 -1 -1 -1 3
3 -1 0 0 0 0 0 -1 -1 -1 3
3 -1 0 0 0 0 0 -1 -1 -1 3
3 3 -1 0 0 0 0 -1 -1 3 3
3 3 3 3 3 0 3 3 3 3 3
18:56:48.272899 - stdout  :: 0 0
18:56:48.279652 - stdin   :: 12 26 -1 0
4 22
16 50
10 38
12 26
3 3 3 3 3 0 3 3 3 3 3
3 3 -1 -1 0 0 0 0 -1 3 3
3 -1 -1 -1 0 0 0 0 -1 -1 3
3 -1 -1 0 0 0 0 0 -1 -1 3
3 0 0 0 0 0 0 -1 -1 -1 3
-1 -1 -1 0 0 0 -1 -1 -1 -1 0
3 -1 0 0 0 0 -1 -1 -1 -1 3
3 -1 0 0 0 0 -1 -1 -1 -1 3
3 -1 0 0 0 0 0 -1 -1 -1 3
3 3 0 0 0 0 0 -1 -1 3 3
3 3 3 3 3 0 3 3 3 3 3
18:56:48.281838 - stdout  :: 0 1
18:56:48.290307 - stdin   :: 11 27 -1 1
3 21
16 51
9 38
11 27
3 3 3 3 3 0 3 3 3 3 3
3 3 0 0 0 0 0 -1 -1 3 3
3 -1 -1 0 0 0 0 -1 -1 0 3
3 -1 -1 0 0 0 0 -1 -1 0 3
3 -1 0 0 0 0 0 -1 -1 0 3
0 0 0 0 0 0 -1 -1 -1 -1 0
3 -1 0 0 0 -1 -1 -1 -1 0 3
3 0 0 0 0 -1 -1 -1 -1 0 3
3 0 0 0 0 -1 -1 -1 -1 0 3
3 3 0 0 0 0 -1 -1 -1 3 3
3 3 3 3 3 0 3 3 3 3 3
18:56:48.292469 - stdout  :: 0 0
18:56:48.302906 - stdin   :: 10 28 -1 1
3 20
16 52
8 38
10 28
3 3 3 3 3 0 3 3 3 3 3
3 3 0 0 0 0 -1 -1 -1 3 3
3 0 0 0 0 0 -1 -1 0 0 3
3 -1 0 0 0 0 -1 -1 0 -1 3
3 -1 0 0 0 0 -1 -1 0 -1 3
-1 0 0 0 0 0 -1 -1 0 0 0
3 0 0 0 0 -1 -1 -1 -1 0 3
3 0 0 0 -1 -1 -1 -1 0 0 3
3 0 0 0 -1 -1 -1 -1 0 0 3
3 3 0 0 -1 -1 -1 -1 0 3 3
3 3 3 3 3 -1 3 3 3 3 3
18:56:48.305028 - stdout  :: 0 -1
18:56:48.313623 - stdin   :: 9 28 -1 0
4 19
15 53
7 38
9 28
3 3 3 3 3 0 3 3 3 3 3
3 3 0 0 -1 0 -1 -1 0 3 3
3 0 0 0 0 0 -1 -1 -1 0 3
3 0 0 0 0 0 -1 -1 0 0 3
3 -1 0 0 0 0 -1 -1 0 -1 3
-1 -1 0 0 0 0 -1 -1 0 -1 0
3 0 0 0 0 0 -1 -1 0 0 3
3 0 0 0 0 -1 -1 -1 -1 0 3
3 0 0 0 -1 -1 -1 -1 0 0 3
3 3 0 0 -1 -1 -1 -1 0 3 3
3 3 3 3 3 -1 3 3 3 3 3
18:56:48.315748 - stdout  :: 0 0
18:56:48.324144 - stdin   :: 8 28 -1 0
5 18
14 53
7 39
8 28
3 3 3 3 3 0 3 3 3 3 3
3 3 0 0 -1 0 -1 -1 0 3 3
3 91 0 0 -1 0 -1 -1 0 0 3
3 0 0 0 0 0 -1 -1 -1 0 3
3 0 0 0 0 0 -1 -1 0 0 3
-1 -1 0 0 0 0 -1 -1 0 -1 -1
3 -1 0 0 0 0 -1 -1 0 -1 3
3 0 0 0 0 0 -1 -1 0 0 3
3 0 0 0 0 -1 -1 -1 -1 0 3
3 3 0 0 -1 -1 -1 -1 0 3 3
3 3 3 3 3 -1 3 3 3 3 3
18:56:48.326291 - stdout  :: 0 0
18:56:48.335328 - stdin   :: 7 28 -1 0
5 17
13 52
7 40
7 28
3 3 3 3 3 -1 3 3 3 3 3
3 3 0 0 -1 0 0 0 0 3 3
3 0 0 0 -1 0 -1 -1 0 -1 3
3 91 0 0 -1 0 -1 -1 0 0 3
3 0 0 0 0 0 -1 -1 -1 0 3
-1 0 0 0 0 0 -1 -1 0 0 -1
3 -1 0 0 0 0 -1 -1 0 -1 3
3 -1 0 0 0 0 -1 -1 0 -1 3
3 0 0 0 0 0 -1 -1 0 0 3
3 3 0 0 0 -1 -1 -1 -1 3 3
3 3 3 3 3 -1 3 3 3 3 3
18:56:48.337400 - stdout  :: 0 0
18:56:48.346154 - stdin   :: 6 28 -1 0
4 16
12 51
7 41
6 28
3 3 3 3 3 -1 3 3 3 3 3
3 3 0 0 -1 -1 -1 -1 -1 3 3
3 0 0 0 -1 0 0 0 0 -1 3
3 0 0 0 -1 0 -1 -1 0 -1 3
3 91 0 0 -1 0 -1 -1 0 0 3
0 0 0 0 0 0 -1 -1 -1 0 -1
3 0 0 0 0 0 -1 -1 0 0 3
3 -1 0 0 0 0 -1 -1 0 -1 3
3 -1 0 0 0 0 -1 -1 0 -1 3
3 3 0 0 0 0 -1 -1 0 3 3
3 3 3 3 3 -1 3 3 3 3 3
18:56:48.348223 - stdout  :: 0 0
18:56:48.356485 - stdin   :: 5 28 -1 0
4 15
11 50
6 41
5 28
3 3 3 3 3 -1 3 3 3 3 3
3 3 -1 -1 -1 -1 -1 -1 -1 3 3
3 -1 0 0 -1 -1 -1 -1 -1 -1 3
3 0 0 0 -1 0 0 0 0 -1 3
3 0 0 0 -1 0 -1 -1 0 -1 3
0 91 0 0 -1 0 -1 -1 0 0 -1
3 0 0 0 0 0 -1 -1 -1 0 3
3 0 0 0 0 0 -1 -1 0 0 3
3 -1 0 0 0 0 -1 -1 0 -1 3
3 3 0 0 0 0 -1 -1 0 3 3
3 3 3 3 3 0 3 3 3 3 3
18:56:48.358604 - stdout  :: 0 0
18:56:48.367068 - stdin   :: 4 28 -1 0
5 14
10 50
6 42
4 28
3 3 3 3 3 -1 3 3 3 3 3
3 3 -1 -1 -1 -1 -1 -1 -1 3 3
3 -1 -1 -1 -1 -1 -1 -1 -1 -1 3
3 -1 0 0 -1 -1 -1 -1 -1 -1 3
3 0 0 0 -1 0 0 0 0 -1 3
91 0 0 0 -1 0 -1 -1 0 -1 -1
3 91 0 0 -1 0 -1 -1 0 0 3
3 0 0 0 0 0 -1 -1 -1 0 3
3 0 0 0 0 0 -1 -1 0 0 3
3 3 0 0 0 0 -1 -1 0 3 3
3 3 3 3 3 0 3 3 3 3 3
18:56:48.369246 - stdout  :: 1 -1
18:56:48.426374 - stdin   :: 4 28 0 0
11 8
8 46
6 48
4 28
3 3 3 3 3 -1 3 3 3 3 3
3 3 -1 -1 -1 -1 -1 -1 -1 3 3
3 -1 -1 -1 -1 -1 -1 -1 -1 -1 3
3 -1 0 0 -1 -1 -1 -1 -1 -1 3
3 0 0 0 -1 0 0 0 0 -1 3
91 0 0 0 -1 0 -1 -1 0 -1 -1
3 91 0 0 -1 0 -1 -1 0 0 3
3 0 0 0 0 0 -1 -1 -1 0 3
3 0 0 0 0 0 -1 -1 0 0 3
3 3 0 0 0 0 -1 -1 0 3 3
3 3 3 3 3 0 3 3 3 3 3
18:56:48.428871 - stdout  :: 1 0
18:56:48.438201 - stdin   :: 5 28 1 0
12 7
8 45
6 48
5 28
3 3 3 3 3 -1 3 3 3 3 3
3 3 -1 -1 -1 -1 -1 -1 -1 3 3
3 -1 0 0 -1 -1 -1 -1 -1 -1 3
3 0 0 0 -1 0 0 0 0 -1 3
3 0 0 0 -1 0 -1 -1 0 -1 3
0 91 0 0 -1 0 -1 -1 0 0 -1
3 0 0 0 0 0 -1 -1 -1 0 3
3 0 0 0 0 0 -1 -1 0 0 3
3 -1 0 0 0 0 -1 -1 0 -1 3
3 3 0 0 0 0 -1 -1 0 3 3
3 3 3 3 3 0 3 3 3 3 3
18:56:48.440781 - stdout  :: 0 0
18:56:48.451156 - stdin   :: 6 28 1 0
13 7
7 43
6 47
6 28
3 3 3 3 3 -1 3 3 3 3 3
3 3 0 0 -1 -1 -1 -1 -1 3 3
3 0 0 0 -1 0 0 0 0 -1 3
3 0 0 0 -1 0 -1 -1 0 -1 3
3 91 0 0 -1 0 -1 -1 0 0 3
0 0 0 0 0 0 -1 -1 -1 0 -1
3 0 0 0 0 0 -1 -1 0 0 3
3 -1 0 0 0 0 -1 -1 0 -1 3
3 -1 0 0 0 0 -1 -1 0 -1 3
3 3 0 0 0 0 -1 -1 0 3 3
3 3 3 3 3 -1 3 3 3 3 3
18:56:48.453589 - stdout  :: 0 -1
18:56:48.462699 - stdin   :: 7 27 1 -1
14 8
6 41
5 47
7 27
3 3 3 3 3 -1 3 3 3 3 3
3 3 0 0 0 -1 0 0 0 3 3
3 91 0 0 0 -1 0 -1 -1 0 3
3 0 91 0 0 -1 0 -1 -1 0 3
3 0 0 0 0 0 0 -1 -1 -1 3
-1 -1 0 0 0 0 0 -1 -1 0 0
3 -1 -1 0 0 0 0 -1 -1 0 3
3 -1 -1 0 0 0 0 -1 -1 0 3
3 -1 0 0 0 0 0 -1 -1 0 3
3 3 0 0 0 0 -1 -1 -1 3 3
3 3 3 3 3 -1 3 3 3 3 3
18:56:48.465020 - stdout  :: 0 0
18:56:48.474622 - stdin   :: 8 26 1 -1
15 9
6 40
5 46
8 26
3 3 3 3 3 0 3 3 3 3 3
3 3 91 0 0 0 -1 0 -1 3 3
3 0 0 91 0 0 -1 0 -1 -1 3
3 0 0 0 0 0 0 0 -1 -1 3
3 -1 -1 0 0 0 0 0 -1 -1 3
-1 -1 -1 -1 0 0 0 0 -1 -1 0
3 -1 -1 -1 0 0 0 0 -1 -1 3
3 -1 -1 0 0 0 0 0 -1 -1 3
3 0 0 0 0 0 0 -1 -1 -1 3
3 3 -1 0 0 0 -1 -1 -1 3 3
3 3 3 3 3 0 3 3 3 3 3
18:56:48.476869 - stdout  :: 0 0
18:56:48.486456 - stdin   :: 9 25 1 -1
15 10
6 39
5 45
9 25
3 3 3 3 3 0 3 3 3 3 3
3 3 0 0 91 0 0 -1 0 3 3
3 -1 0 0 0 0 0 0 0 -1 3
3 -1 -1 -1 0 0 0 0 0 -1 3
3 -1 -1 -1 -1 0 0 0 0 -1 3
-1 -1 -1 -1 -1 0 0 0 0 -1 -1
3 0 -1 -1 0 0 0 0 0 -1 3
3 0 0 0 0 0 0 0 -1 -1 3
3 -1 -1 -1 0 0 0 -1 -1 -1 3
3 3 -1 0 0 0 0 -1 -1 3 3
3 3 3 3 3 0 3 3 3 3 3
18:56:48.488996 - stdout  :: 0 0
18:56:48.498947 - stdin   :: 10 24 1 -1
14 11
7 38
5 44
10 24
3 3 3 3 3 91 3 3 3 3 3
3 3 -1 0 0 0 0 0 0 3 3
3 -1 -1 -1 -1 0 0 0 0 0 3
3 -1 -1 -1 -1 -1 0 0 0 0 3
3 -1 -1 -1 -1 -1 0 0 0 0 3
0 0 0 -1 -1 0 0 0 0 0 -1
3 -1 0 0 0 0 0 0 0 -1 3
3 -1 -1 -1 -1 0 0 0 -1 -1 3
3 -1 -1 -1 0 0 0 0 -1 -1 3
3 3 -1 -1 0 0 0 0 -1 3 3
3 3 3 3 3 0 3 3 3 3 3
18:56:48.501320 - stdout  :: 0 0
18:56:48.510329 - stdin   :: 11 23 1 -1
14 12
8 37
5 43
11 23
3 3 3 3 3 0 3 3 3 3 3
3 3 -1 -1 -1 -1 0 0 0 3 3
3 -1 -1 -1 -1 -1 -1 0 0 0 3
3 -1 -1 -1 -1 -1 -1 0 0 0 3
3 0 0 0 -1 -1 0 0 0 0 3
0 -1 -1 0 0 0 0 0 0 0 -1
3 -1 -1 -1 -1 -1 0 0 0 -1 3
3 -1 -1 -1 -1 0 0 0 0 -1 3
3 0 -1 -1 -1 0 0 0 0 -1 3
3 3 0 -1 -1 0 0 0 0 3 3
3 3 3 3 3 0 3 3 3 3 3
18:56:48.512661 - stdout  :: -1 0
18:56:48.523013 - stdin   :: 11 22 0 -1
15 13
10 36
5 42
11 22
3 3 3 3 3 0 3 3 3 3 3
3 3 -1 -1 -1 -1 -1 0 0 3 3
3 -1 -1 -1 -1 -1 -1 -1 0 0 3
3 -1 -1 -1 -1 -1 -1 -1 0 0 3
3 0 0 0 0 -1 -1 0 0 0 3
0 0 -1 -1 0 0 0 0 0 0 0
3 -1 -1 -1 -1 -1 -1 0 0 0 3
3 -1 -1 -1 -1 -1 0 0 0 0 3
3 0 0 -1 -1 -1 0 0 0 0 3
3 3 0 0 -1 -1 0 0 0 3 3
3 3 3 3 3 -1 3 3 3 3 3
18:56:48.525153 - stdout  :: 0 0
18:56:48.539137 - stdin   :: 11 21 0 -1
16 14
12 35
5 41
11 21
3 3 3 3 3 -1 3 3 3 3 3
3 3 0 -1 -1 -1 -1 -1 0 3 3
3 0 -1 -1 -1 -1 -1 -1 -1 0 3
3 -1 -1 -1 -1 -1 -1 -1 -1 0 3
3 -1 0 0 0 0 -1 -1 0 0 3
0 0 0 -1 -1 0 0 0 0 0 0
3 -1 -1 -1 -1 -1 -1 -1 0 0 3
3 -1 -1 -1 -1 -1 -1 0 0 0 3
3 0 0 0 -1 -1 -1 0 0 0 3
3 3 0 0 0 -1 -1 0 0 3 3
3 3 3 3 3 -1 3 3 3 3 3
18:56:48.541394 - stdout  :: -1 0
18:56:48.550489 - stdin   :: 10 20 -1 -1
17 15
14 34
5 40
10 20
3 3 3 3 3 0 3 3 3 3 3
3 3 0 0 0 -1 -1 0 0 3 3
3 0 0 0 -1 -1 -1 -1 -1 0 3
3 0 0 -1 -1 -1 -1 -1 -1 -1 3
3 -1 -1 -1 -1 -1 -1 -1 -1 -1 3
-1 -1 -1 0 0 0 0 -1 -1 0 0
3 0 0 0 -1 -1 0 0 0 0 3
3 0 -1 -1 -1 -1 -1 -1 -1 0 3
3 -1 -1 -1 -1 -1 -1 -1 0 0 3
3 3 0 0 0 -1 -1 -1 0 3 3
3 3 3 3 3 0 3 3 3 3 3
18:56:48.552498 - stdout  :: 1 0
18:56:48.561235 - stdin   :: 10 19 0 -1
18 15
16 33
5 40
10 19
3 3 3 3 3 0 3 3 3 3 3
3 3 0 0 0 0 -1 -1 0 3 3
3 0 0 0 0 -1 -1 -1 -1 -1 3
3 0 0 0 -1 -1 -1 -1 -1 -1 3
3 -1 -1 -1 -1 -1 -1 -1 -1 -1 3
-1 -1 -1 -1 0 0 0 0 -1 -1 0
3 -1 0 0 0 -1 -1 0 0 0 3
3 0 0 -1 -1 -1 -1 -1 -1 -1 3
3 -1 -1 -1 -1 -1 -1 -1 -1 0 3
3 3 0 0 0 0 -1 -1 -1 3 3
3 3 3 3 3 0 3 3 3 3 3
18:56:48.563008 - stdout  :: 1 0
18:56:48.572210 - stdin   :: 11 18 1 -1
19 14
16 33
5 41
11 18
3 3 3 3 3 0 3 3 3 3 3
3 3 0 0 0 0 -1 -1 -1 3 3
3 0 0 0 0 -1 -1 -1 -1 -1 3
3 0 -1 -1 -1 -1 -1 -1 -1 -1 3
3 -1 -1 -1 -1 0 0 0 0 -1 3
-1 -1 -1 0 0 0 -1 -1 0 0 0
3 0 0 0 -1 -1 -1 -1 -1 -1 3
3 0 -1 -1 -1 -1 -1 -1 -1 -1 3
3 0 0 0 0 0 0 -1 -1 -1 3
3 3 0 0 0 0 0 0 -1 3 3
3 3 3 3 3 0 3 3 3 3 3
18:56:48.573735 - stdout  :: -1 0
18:56:48.581154 - stdin   :: 11 17 0 -1
20 13
16 33
4 41
11 17
3 3 3 3 3 0 3 3 3 3 3
3 3 0 0 0 0 0 -1 -1 3 3
3 0 0 0 0 0 -1 -1 -1 -1 3
3 0 0 -1 -1 -1 -1 -1 -1 -1 3
3 -1 -1 -1 -1 -1 0 0 0 0 3
-1 -1 -1 -1 0 0 0 -1 -1 0 0
3 -1 0 0 0 -1 -1 -1 -1 -1 3
3 -1 0 -1 -1 -1 -1 -1 -1 -1 3
3 0 0 0 0 0 0 0 -1 -1 3
3 3 0 0 0 0 0 0 0 3 3
3 3 3 3 3 0 3 3 3 3 3
18:56:48.582657 - stdout  :: 1 0
18:56:48.590624 - stdin   :: 12 16 1 -1
21 12
16 33
4 41
12 16
3 3 3 3 3 0 3 3 3 3 3
3 3 0 0 0 0 0 -1 -1 3 3
3 0 0 0 -1 -1 -1 -1 -1 -1 3
3 0 -1 -1 -1 -1 -1 0 0 0 3
3 -1 -1 -1 -1 0 0 0 -1 -1 3
-1 -1 -1 0 0 0 -1 -1 -1 -1 -1
3 -1 -1 0 -1 -1 -1 -1 -1 -1 3
3 0 0 0 0 0 0 0 0 -1 3
3 0 0 0 0 0 0 0 0 0 3
3 3 0 0 0 91 0 0 0 3 3
3 3 3 3 3 0 3 3 3 3 3
18:56:48.592225 - stdout  :: -1 0
18:56:48.600516 - stdin   :: 12 15 0 -1
21 11
16 33
5 41
12 15
3 3 3 3 3 0 3 3 3 3 3
3 3 0 0 0 0 0 0 -1 3 3
3 0 0 0 0 -1 -1 -1 -1 -1 3
3 0 0 -1 -1 -1 -1 -1 0 0 3
3 -1 -1 -1 -1 -1 0 0 0 -1 3
-1 -1 -1 -1 0 0 0 -1 -1 -1 -1
3 -1 -1 -1 0 -1 -1 -1 -1 -1 3
3 0 0 0 0 0 0 0 0 0 3
3 0 0 0 0 0 0 0 0 0 3
3 3 0 0 0 0 91 0 0 3 3
3 3 3 3 3 0 3 3 3 3 3
18:56:48.601915 - stdout  :: 1 0
18:56:48.610027 - stdin   :: 13 14 1 -1
20 10
16 33
6 41
13 14
3 3 3 3 3 0 3 3 3 3 3
3 3 0 0 0 0 -1 -1 -1 3 3
3 0 0 0 -1 -1 -1 -1 -1 0 3
3 -1 -1 -1 -1 -1 -1 0 0 0 3
3 -1 -1 -1 -1 0 0 0 -1 -1 3
0 -1 -1 -1 -1 0 -1 -1 -1 -1 -1
3 0 0 0 0 0 0 0 0 0 3
3 0 0 0 0 0 0 0 0 0 3
3 0 0 0 0 0 0 91 0 0 3
3 3 -1 -1 -1 0 0 0 0 3 3
3 3 3 3 3 0 3 3 3 3 3
18:56:48.610947 - stdout  :: 0 1
18:56:48.618723 - stdin   :: 14 14 1 0
20 9
16 33
7 41
14 14
3 3 3 3 3 0 3 3 3 3 3
3 3 0 0 -1 -1 -1 -1 -1 3 3
3 -1 -1 -1 -1 -1 -1 0 0 0 3
3 -1 -1 -1 -1 0 0 0 -1 -1 3
3 -1 -1 -1 -1 0 -1 -1 -1 -1 3
0 0 0 0 0 0 0 0 0 0 0
3 0 0 0 0 0 0 0 0 0 3
3 0 0 0 0 0 0 91 0 0 3
3 -1 -1 -1 -1 0 0 0 0 0 3
3 3 -1 0 0 0 0 0 0 3 3
3 3 3 3 3 0 3 3 3 3 3
18:56:48.619718 - stdout  :: 0 1
18:56:48.628553 - stdin   :: 15 15 1 1
21 8
15 33
7 40
15 15
3 3 3 3 3 -1 3 3 3 3 3
3 3 -1 -1 -1 -1 0 0 0 3 3
3 -1 -1 -1 0 0 0 -1 -1 -1 3
3 -1 -1 -1 0 -1 -1 -1 -1 -1 3
3 0 0 0 0 0 0 0 0 0 3
0 0 0 0 0 0 0 0 0 0 0
3 0 0 0 0 0 91 0 0 0 3
3 -1 -1 -1 0 0 0 0 0 0 3
3 -1 0 0 0 0 0 0 0 0 3
3 3 0 0 0 0 0 0 0 3 3
3 3 3 3 3 0 3 3 3 3 3
18:56:48.629462 - stdout  :: 0 -1
18:56:48.638160 - stdin   :: 16 15 1 0
22 7
14 33
7 39
16 15
3 3 3 3 3 -1 3 3 3 3 3
3 3 -1 -1 0 0 0 -1 -1 3 3
3 -1 -1 -1 0 -1 -1 -1 -1 -1 3
3 0 0 0 0 0 0 0 0 0 3
3 0 0 0 0 0 0 0 0 0 3
0 0 0 0 0 0 91 0 0 0 0
3 -1 -1 -1 0 0 0 0 0 0 3
3 -1 0 0 0 0 0 0 0 0 3
3 0 0 0 0 0 0 0 0 -1 3
3 3 0 0 0 0 -1 -1 -1 3 3
3 3 3 3 3 -1 3 3 3 3 3
18:56:48.639032 - stdout  :: 0 1
18:56:48.647586 - stdin   :: 17 16 1 1
23 6
13 32
7 38
17 16
3 3 3 3 3 0 3 3 3 3 3
3 3 -1 0 -1 -1 -1 -1 -1 3 3
3 0 0 0 0 0 0 0 0 -1 3
3 0 0 0 0 0 0 0 0 0 3
3 0 0 0 0 91 0 0 0 0 3
-1 -1 -1 0 0 0 0 0 0 0 -1
3 0 0 0 0 0 0 0 0 0 3
3 0 0 0 0 0 0 0 -1 -1 3
3 0 0 0 0 -1 -1 -1 -1 -1 3
3 3 0 -1 -1 -1 -1 -1 -1 3 3
3 3 3 3 3 -1 3 3 3 3 3
18:56:48.648649 - stdout  :: 0 -1
18:56:48.656893 - stdin   :: 18 16 1 0
24 5
12 31
7 37
18 16
3 3 3 3 3 -1 3 3 3 3 3
3 3 0 0 0 0 0 0 0 3 3
3 0 0 0 0 0 0 0 0 0 3
3 0 0 0 0 91 0 0 0 0 3
3 -1 -1 0 0 0 0 0 0 0 3
-1 0 0 0 0 0 0 0 0 0 -1
3 0 0 0 0 0 0 0 -1 -1 3
3 0 0 0 0 -1 -1 -1 -1 -1 3
3 0 0 -1 -1 -1 -1 -1 -1 -1 3
3 3 -1 -1 -1 -1 -1 -1 -1 3 3
3 3 3 3 3 -1 3 3 3 3 3
18:56:48.657892 - stdout  :: 0 -1
18:56:48.666529 - stdin   :: 19 15 1 -1
25 4
12 31
8 37
19 15
3 3 3 3 3 0 3 3 3 3 3
3 3 0 0 0 0 0 0 0 3 3
3 0 0 0 0 0 91 0 0 0 3
3 -1 -1 -1 0 0 0 0 0 0 3
3 -1 0 0 0 0 0 0 0 0 3
0 0 0 0 0 0 0 0 0 -1 -1
3 0 0 0 0 0 -1 -1 -1 -1 3
3 0 0 0 -1 -1 -1 -1 -1 -1 3
3 -1 -1 -1 -1 -1 -1 -1 -1 -1 3
3 3 -1 -1 -1 -1 -1 -1 -1 3 3
3 3 3 3 3 -1 3 3 3 3 3
18:56:48.668061 - stdout  :: 0 0
18:56:48.676739 - stdin   :: 20 14 1 -1
26 4
12 32
9 37
20 14
3 3 3 3 3 0 3 3 3 3 3
3 3 0 0 0 0 0 91 0 3 3
3 -1 -1 -1 -1 0 0 0 0 0 3
3 -1 -1 0 0 0 0 0 0 0 3
3 0 0 0 0 0 0 0 0 0 3
0 0 0 0 0 0 0 -1 -1 -1 -1
3 0 0 0 0 -1 -1 -1 -1 -1 3
3 -1 -1 -1 -1 -1 -1 -1 -1 -1 3
3 -1 -1 -1 -1 -1 -1 -1 -1 -1 3
3 3 -1 -1 -1 -1 -1 -1 -1 3 3
3 3 3 3 3 0 3 3 3 3 3
18:56:48.678410 - stdout  :: -1 0
18:56:48.686925 - stdin   :: 20 13 0 -1
27 5
12 33
10 37
20 13
3 3 3 3 3 0 3 3 3 3 3
3 3 0 0 0 0 0 0 91 3 3
3 -1 -1 -1 -1 -1 0 0 0 0 3
3 -1 -1 -1 0 0 0 0 0 0 3
3 0 0 0 0 0 0 0 0 0 3
0 0 0 0 0 0 0 0 -1 -1 -1
3 0 0 0 0 0 -1 -1 -1 -1 3
3 0 -1 -1 -1 -1 -1 -1 -1 -1 3
3 -1 -1 -1 -1 -1 -1 -1 -1 -1 3
3 3 -1 -1 -1 -1 -1 -1 -1 3 3
3 3 3 3 3 0 3 3 3 3 3
18:56:48.688592 - stdout  :: 0 0
18:56:48.700795 - stdin   :: 20 12 0 -1
28 6
12 34
10 36
20 12
3 3 3 3 3 0 3 3 3 3 3
3 3 0 0 0 0 0 0 0 3 3
3 -1 -1 -1 -1 -1 -1 0 0 0 3
3 -1 -1 -1 -1 0 0 0 0 0 3
3 0 0 0 0 0 0 0 0 0 3
0 0 0 0 0 0 0 0 0 -1 -1
3 0 0 0 0 0 0 -1 -1 -1 3
3 0 0 -1 -1 -1 -1 -1 -1 -1 3
3 0 -1 -1 -1 -1 -1 -1 -1 -1 3
3 3 -1 -1 -1 -1 -1 -1 -1 3 3
3 3 3 3 3 -1 3 3 3 3 3
18:56:48.705238 - stdout  :: 0 0
18:56:48.715559 - stdin   :: 20 11 0 -1
28 7
12 35
11 36
20 11
3 3 3 3 3 0 3 3 3 3 3
3 3 0 0 0 0 0 0 0 3 3
3 -1 -1 -1 -1 -1 -1 -1 0 0 3
3 -1 -1 -1 -1 -1 0 0 0 0 3
3 0 0 0 0 0 0 0 0 0 3
0 0 0 0 0 0 0 0 0 0 -1
3 0 0 0 0 0 0 0 -1 -1 3
3 0 0 0 -1 -1 -1 -1 -1 -1 3
3 0 0 -1 -1 -1 -1 -1 -1 -1 3
3 3 -1 -1 -1 -1 -1 -1 -1 3 3
3 3 3 3 3 -1 3 3 3 3 3
18:56:48.717266 - stdout  :: 1 0
18:56:48.726231 - stdin   :: 21 10 1 -1
29 8
13 35
11 35
21 10
3 3 3 3 3 0 3 3 3 3 3
3 3 -1 -1 -1 -1 -1 -1 -1 3 3
3 -1 -1 -1 -1 -1 -1 0 0 0 3
3 -1 0 0 0 0 0 0 0 0 3
3 0 0 0 0 0 0 0 0 0 3
0 0 0 0 0 0 0 0 0 -1 -1
3 0 0 0 0 -1 -1 -1 -1 -1 3
3 0 0 0 -1 -1 -1 -1 -1 -1 3
3 0 0 -1 -1 -1 -1 -1 -1 -1 3
3 3 -1 -1 -1 -1 -1 -1 0 3 3
3 3 3 3 3 0 3 3 3 3 3
18:56:48.727366 - stdout  :: 0 0
18:56:48.736564 - stdin   :: 22 9 1 -1
30 8
14 35
12 35
22 9
3 3 3 3 3 -1 3 3 3 3 3
3 3 -1 -1 -1 -1 -1 -1 0 3 3
3 -1 -1 0 0 0 0 0 0 0 3
3 -1 0 0 0 0 0 0 0 0 3
3 0 0 0 0 0 0 0 0 0 3
0 0 0 0 0 0 -1 -1 -1 -1 -1
3 0 0 0 0 -1 -1 -1 -1 -1 3
3 0 0 0 -1 -1 -1 -1 -1 -1 3
3 0 0 -1 -1 -1 -1 -1 -1 0 3
3 3 0 -1 -1 -1 0 0 0 3 3
3 3 3 3 3 0 3 3 3 3 3
18:56:48.737676 - stdout  :: 0 0
18:56:48.746807 - stdin   :: 23 8 1 -1
30 9
15 35
13 35
23 8
3 3 3 3 3 -1 3 3 3 3 3
3 3 -1 -1 0 0 0 0 0 3 3
3 -1 -1 0 0 0 0 0 0 0 3
3 -1 0 0 0 0 0 0 0 0 3
3 0 0 0 0 0 0 -1 -1 -1 3
-1 0 0 0 0 0 -1 -1 -1 -1 -1
3 0 0 0 0 -1 -1 -1 -1 -1 3
3 0 0 0 -1 -1 -1 -1 -1 -1 3
3 0 0 0 -1 -1 -1 0 0 0 3
3 3 0 0 -1 0 0 0 0 3 3
3 3 3 3 3 0 3 3 3 3 3
18:56:48.747976 - stdout  :: 0 0
18:56:48.757216 - stdin   :: 24 7 1 -1
29 10
16 35
14 35
24 7
3 3 3 3 3 0 3 3 3 3 3
3 3 -1 -1 0 0 0 0 0 3 3
3 -1 -1 0 0 0 0 0 0 0 3
3 -1 0 0 0 0 0 0 -1 -1 3
3 -1 0 0 0 0 0 -1 -1 -1 3
-1 0 0 0 0 0 -1 -1 -1 -1 -1
3 0 0 0 0 -1 -1 -1 -1 -1 3
3 0 0 0 0 -1 -1 -1 0 0 3
3 0 0 0 0 -1 0 0 0 0 3
3 3 0 0 0 0 0 0 0 3 3
3 3 3 3 3 91 3 3 3 3 3
18:56:48.758324 - stdout  :: 0 0
18:56:48.767646 - stdin   :: 25 6 1 -1
28 11
16 36
14 36
25 6
3 3 3 3 3 0 3 3 3 3 3
3 3 -1 -1 0 0 0 0 0 3 3
3 -1 -1 0 0 0 0 0 0 -1 3
3 -1 -1 0 0 0 0 0 -1 -1 3
3 -1 0 0 0 0 0 -1 -1 -1 3
-1 -1 0 0 0 0 -1 -1 -1 -1 -1
3 -1 0 0 0 0 -1 -1 -1 0 3
3 -1 0 0 0 0 -1 0 0 0 3
3 -1 0 0 0 0 0 0 0 0 3
3 3 0 0 0 0 91 0 0 3 3
3 3 3 3 3 0 3 3 3 3 3
18:56:48.768762 - stdout  :: 0 1
18:56:48.777934 - stdin   :: 26 6 1 0
27 12
16 37
14 37
26 6
3 3 3 3 3 0 3 3 3 3 3
3 3 -1 0 0 0 0 0 0 3 3
3 -1 -1 0 0 0 0 0 -1 -1 3
3 -1 0 0 0 0 0 -1 -1 -1 3
3 -1 0 0 0 0 -1 -1 -1 -1 3
-1 -1 0 0 0 0 -1 -1 -1 0 0
3 -1 0 0 0 0 -1 0 0 0 3
3 -1 0 0 0 0 0 0 0 0 3
3 -1 0 0 0 0 91 0 0 0 3
3 3 -1 0 0 0 0 0 0 3 3
3 3 3 3 3 0 3 3 3 3 3
18:56:48.779124 - stdout  :: 0 0
18:56:48.788445 - stdin   :: 27 6 1 0
26 13
16 38
14 38
27 6
3 3 3 3 3 0 3 3 3 3 3
3 3 -1 0 0 0 0 0 -1 3 3
3 -1 0 0 0 0 0 -1 -1 -1 3
3 -1 0 0 0 0 -1 -1 -1 -1 3
3 -1 0 0 0 0 -1 -1 -1 0 3
-1 -1 0 0 0 0 -1 0 0 0 0
3 -1 0 0 0 0 0 0 0 0 3
3 -1 0 0 0 0 91 0 0 0 3
3 -1 -1 0 0 0 0 0 0 0 3
3 3 -1 0 0 0 -1 -1 0 3 3
3 3 3 3 3 0 3 3 3 3 3
18:56:48.789446 - stdout  :: 0 1
18:56:48.798858 - stdin   :: 28 7 1 1
25 14
16 39
14 39
28 7
3 3 3 3 3 0 3 3 3 3 3
3 3 0 0 0 0 -1 -1 -1 3 3
3 0 0 0 0 -1 -1 -1 -1 -1 3
3 0 0 0 0 -1 -1 -1 0 0 3
3 0 0 0 0 -1 0 0 0 0 3
-1 0 0 0 0 0 0 0 0 0 0
3 0 0 0 0 91 0 0 0 0 3
3 -1 0 0 0 0 0 0 0 -1 3
3 -1 0 0 0 -1 -1 0 0 0 3
3 3 -1 0 0 0 0 -1 -1 3 3
3 3 3 3 3 0 3 3 3 3 3
18:56:48.799622 - stdout  :: -1 0
18:56:48.809537 - stdin   :: 28 8 0 1
25 15
16 40
14 40
28 8
3 3 3 3 3 0 3 3 3 3 3
3 3 0 0 0 -1 -1 -1 -1 3 3
3 0 0 0 -1 -1 -1 -1 -1 -1 3
3 0 0 0 -1 -1 -1 0 0 0 3
3 0 0 0 -1 0 0 0 0 0 3
0 0 0 0 0 0 0 0 0 0 0
3 0 0 0 91 0 0 0 0 0 3
3 0 0 0 0 0 0 0 -1 -1 3
3 0 0 0 -1 -1 0 0 0 0 3
3 3 0 0 0 0 -1 -1 -1 3 3
3 3 3 3 3 0 3 3 3 3 3
18:56:48.810299 - stdout  :: -1 0
18:56:48.820103 - stdin   :: 27 9 -1 1
26 16
15 41
14 41
27 9
3 3 3 3 3 0 3 3 3 3 3
3 3 0 0 0 -1 -1 -1 -1 3 3
3 0 0 0 -1 -1 -1 -1 -1 -1 3
3 0 0 -1 -1 -1 -1 -1 -1 0 3
3 0 0 -1 -1 -1 0 0 0 0 3
0 0 0 -1 0 0 0 0 0 0 0
3 0 0 0 0 0 0 0 0 0 3
3 0 0 91 0 0 0 0 0 -1 3
3 0 0 0 0 0 0 -1 -1 -1 3
3 3 0 -1 -1 0 0 0 0 3 3
3 3 3 3 3 -1 3 3 3 3 3
18:56:48.820863 - stdout  :: 0 0
18:56:48.830627 - stdin   :: 26 10 -1 1
26 17
14 42
15 42
26 10
3 3 3 3 3 0 3 3 3 3 3
3 3 0 0 0 -1 -1 -1 -1 3 3
3 0 0 0 -1 -1 -1 -1 -1 -1 3
3 0 0 -1 -1 -1 -1 -1 -1 -1 3
3 0 -1 -1 -1 -1 -1 -1 0 0 3
0 0 -1 -1 -1 0 0 0 0 0 0
3 0 -1 0 0 0 0 0 0 0 3
3 0 0 0 0 0 0 0 0 0 3
3 0 91 0 0 0 0 0 -1 -1 3
3 3 0 0 0 0 -1 -1 -1 3 3
3 3 3 3 3 0 3 3 3 3 3
18:56:48.831392 - stdout  :: 1 0
18:56:48.841371 - stdin   :: 26 11 0 1
27 18
14 43
15 43
26 11
3 3 3 3 3 0 3 3 3 3 3
3 3 0 0 -1 -1 -1 -1 -1 3 3
3 0 0 -1 -1 -1 -1 -1 -1 -1 3
3 0 -1 -1 -1 -1 -1 -1 -1 -1 3
3 -1 -1 -1 -1 -1 -1 0 0 0 3
0 -1 -1 -1 0 0 0 0 0 0 0
3 -1 0 0 0 0 0 0 0 0 3
3 0 0 0 0 0 0 0 0 0 3
3 91 0 0 0 0 0 -1 -1 -1 3
3 3 0 0 0 -1 -1 -1 -1 3 3
3 3 3 3 3 0 3 3 3 3 3
18:56:48.842101 - stdout  :: 0 0
18:56:48.852571 - stdin   :: 26 12 0 1
28 19
15 44
16 44
26 12
3 3 3 3 3 0 3 3 3 3 3
3 3 0 -1 -1 -1 -1 -1 -1 3 3
3 0 -1 -1 -1 -1 -1 -1 -1 -1 3
3 -1 -1 -1 -1 -1 -1 -1 -1 -1 3
3 -1 -1 -1 -1 -1 0 0 0 0 3
-1 -1 -1 0 0 0 0 0 0 0 0
3 0 0 0 0 0 0 0 0 0 3
3 0 0 0 0 0 0 0 0 -1 3
3 0 0 0 0 0 -1 -1 -1 -1 3
3 3 0 0 -1 -1 -1 -1 -1 3 3
3 3 3 3 3 0 3 3 3 3 3
18:56:48.853281 - stdout  :: -1 0
18:56:48.863617 - stdin   :: 25 13 -1 1
28 20
17 44
16 44
25 13
3 3 3 3 3 0 3 3 3 3 3
3 3 0 0 0 0 -1 -1 -1 3 3
3 0 -1 -1 -1 -1 -1 -1 -1 -1 3
3 -1 -1 -1 -1 -1 -1 -1 -1 -1 3
3 -1 -1 -1 -1 -1 -1 -1 -1 -1 3
-1 -1 -1 -1 -1 0 0 0 0 0 0
3 -1 0 0 0 0 0 0 0 0 3
3 0 0 0 0 0 0 0 0 0 3
3 0 0 0 0 0 0 0 -1 -1 3
3 3 0 0 0 -1 -1 -1 -1 3 3
3 3 3 3 3 -1 3 3 3 3 3
18:56:48.864321 - stdout  :: 1 0
18:56:48.874589 - stdin   :: 25 14 0 1
29 21
19 44
17 44
25 14
3 3 3 3 3 0 3 3 3 3 3
3 3 0 0 0 -1 -1 -1 -1 3 3
3 -1 -1 -1 -1 -1 -1 -1 -1 -1 3
3 -1 -1 -1 -1 -1 -1 -1 -1 -1 3
3 -1 -1 -1 -1 -1 -1 -1 -1 -1 3
-1 -1 -1 -1 0 0 0 0 0 0 0
3 0 0 0 0 0 0 0 0 0 3
3 0 0 0 0 0 0 0 0 0 3
3 0 0 0 0 0 0 -1 -1 0 3
3 3 0 0 -1 -1 -1 -1 -1 3 3
3 3 3 3 3 -1 3 3 3 3 3
18:56:48.875342 - stdout  :: 0 0
18:56:48.885457 - stdin   :: 25 15 0 1
30 22
22 43
18 44
25 15
3 3 3 3 3 0 3 3 3 3 3
3 3 0 0 -1 -1 -1 -1 -1 3 3
3 -1 -1 -1 -1 -1 -1 -1 -1 -1 3
3 -1 -1 -1 -1 -1 -1 -1 -1 -1 3
3 -1 -1 -1 -1 -1 -1 -1 -1 -1 3
-1 -1 -1 0 0 0 0 0 0 0 0
3 0 0 0 0 0 0 0 0 0 3
3 0 0 0 0 0 0 0 0 0 3
3 0 0 0 0 0 -1 -1 0 0 3
3 3 0 -1 -1 -1 -1 -1 -1 3 3
3 3 3 3 3 -1 3 3 3 3 3
18:56:48.886191 - stdout  :: 0 0
18:56:48.897573 - stdin   :: 25 16 0 1
31 23
22 43
19 44
25 16
3 3 3 3 3 -1 3 3 3 3 3
3 3 0 -1 -1 -1 -1 -1 -1 3 3
3 -1 -1 -1 -1 -1 -1 -1 -1 -1 3
3 -1 -1 -1 -1 -1 -1 -1 -1 -1 3
3 -1 -1 -1 -1 -1 -1 -1 -1 -1 3
-1 -1 0 0 0 0 0 0 0 0 -1
3 0 0 0 0 0 0 0 0 0 3
3 0 0 0 0 0 0 0 0 0 3
3 0 0 0 0 -1 -1 0 0 0 3
3 3 -1 -1 -1 -1 -1 -1 -1 3 3
3 3 3 3 3 -1 3 3 3 3 3
18:56:48.898225 - stdout  :: 0 0
18:56:48.907545 - stdin   :: 25 17 0 1
32 24
22 43
20 44
25 17
3 3 3 3 3 -1 3 3 3 3 3
3 3 -1 -1 -1 -1 -1 -1 -1 3 3
3 -1 -1 -1 -1 -1 -1 -1 -1 -1 3
3 -1 -1 -1 -1 -1 -1 -1 -1 -1 3
3 -1 -1 -1 -1 -1 -1 -1 -1 -1 3
-1 0 0 0 0 0 0 0 0 -1 -1
3 0 0 0 0 0 0 0 0 0 3
3 0 0 0 0 0 0 0 0 0 3
3 0 0 0 -1 -1 0 0 0 0 3
3 3 -1 -1 -1 -1 -1 -1 0 3 3
3 3 3 3 3 -1 3 3 3 3 3
18:56:48.908200 - stdout  :: 0 0
18:56:48.917427 - stdin   :: 25 18 0 1
33 25
22 43
20 43
25 18
3 3 3 3 3 -1 3 3 3 3 3
3 3 -1 -1 -1 -1 -1 -1 -1 3 3
3 -1 -1 -1 -1 -1 -1 -1 -1 -1 3
3 -1 -1 -1 -1 -1 -1 -1 -1 -1 3
3 -1 -1 -1 -1 -1 -1 -1 -1 -1 3
0 0 0 0 0 0 0 0 -1 -1 -1
3 0 0 0 0 0 0 0 0 -1 3
3 0 0 0 0 0 0 0 0 0 3
3 0 0 -1 -1 0 0 0 0 0 3
3 3 -1 -1 -1 -1 -1 0 0 3 3
3 3 3 3 3 -1 3 3 3 3 3
18:56:48.918146 - stdout  :: 0 0
18:56:48.927946 - stdin   :: 25 19 0 1
33 26
22 43
21 43
25 19
3 3 3 3 3 -1 3 3 3 3 3
3 3 -1 -1 -1 -1 -1 -1 -1 3 3
3 -1 -1 -1 -1 -1 -1 -1 -1 -1 3
3 -1 -1 -1 -1 -1 -1 -1 -1 -1 3
3 -1 -1 -1 -1 -1 -1 -1 -1 -1 3
0 0 0 0 0 0 0 -1 -1 -1 -1
3 0 0 0 0 0 0 0 -1 -1 3
3 0 0 0 0 0 0 0 0 0 3
3 0 -1 -1 0 0 0 0 0 0 3
3 3 -1 -1 -1 -1 0 0 91 3 3
3 3 3 3 3 -1 3 3 3 3 3
18:56:48.928589 - stdout  :: 0 0
18:56:48.937983 - stdin   :: 25 20 0 1
32 27
22 43
22 42
25 20
3 3 3 3 3 -1 3 3 3 3 3
3 3 -1 -1 -1 -1 -1 -1 -1 3 3
3 -1 -1 -1 -1 -1 -1 -1 -1 -1 3
3 -1 -1 -1 -1 -1 -1 -1 -1 -1 3
3 -1 -1 -1 -1 -1 -1 -1 -1 -1 3
0 0 0 0 0 0 -1 -1 -1 -1 -1
3 0 0 0 0 0 0 -1 -1 -1 3
3 0 0 0 0 0 0 0 0 -1 3
3 -1 -1 0 0 0 0 0 0 0 3
3 3 -1 -1 -1 0 0 91 0 3 3
3 3 3 3 3 -1 3 3 3 3 3
18:56:48.938618 - stdout  :: 1 0
18:56:48.948085 - stdin   :: 26 21 1 1
31 28
22 43
22 42
26 21
3 3 3 3 3 -1 3 3 3 3 3
3 3 -1 -1 -1 -1 -1 -1 -1 3 3
3 -1 -1 -1 -1 -1 -1 -1 -1 -1 3
3 -1 -1 -1 -1 -1 -1 -1 -1 -1 3
3 0 0 0 0 -1 -1 -1 -1 -1 3
0 0 0 0 0 0 -1 -1 -1 -1 -1
3 0 0 0 0 0 0 0 -1 -1 3
3 -1 0 0 0 0 0 0 0 -1 3
3 -1 -1 -1 0 0 91 0 0 0 3
3 3 -1 -1 -1 0 0 0 0 3 3
3 3 3 3 3 -1 3 3 3 3 3
18:56:48.948759 - stdout  :: 0 0
18:56:48.959491 - stdin   :: 27 22 1 1
30 29
21 43
22 43
27 22
3 3 3 3 3 -1 3 3 3 3 3
3 3 -1 -1 -1 -1 -1 -1 -1 3 3
3 -1 -1 -1 -1 -1 -1 -1 -1 -1 3
3 0 0 0 -1 -1 -1 -1 -1 -1 3
3 0 0 0 0 -1 -1 -1 -1 -1 3
0 0 0 0 0 0 0 -1 -1 -1 -1
3 0 0 0 0 0 0 0 -1 -1 3
3 -1 -1 0 0 91 0 0 0 0 3
3 -1 -1 -1 0 0 0 0 0 0 3
3 3 -1 -1 -1 -1 0 0 0 3 3
3 3 3 3 3 -1 3 3 3 3 3
18:56:48.960053 - stdout  :: -1 0
18:56:48.970773 - stdin   :: 27 23 0 1
30 29
20 43
21 43
27 23
3 3 3 3 3 -1 3 3 3 3 3
3 3 -1 -1 -1 -1 -1 -1 -1 3 3
3 -1 -1 -1 -1 -1 -1 -1 -1 -1 3
3 0 0 -1 -1 -1 -1 -1 -1 -1 3
3 0 0 0 -1 -1 -1 -1 -1 -1 3
0 0 0 0 0 0 -1 -1 -1 -1 -1
3 0 0 0 0 0 0 -1 -1 -1 3
3 -1 0 0 91 0 0 0 0 -1 3
3 -1 -1 0 0 0 0 0 0 0 3
3 3 -1 -1 -1 0 0 0 0 3 3
3 3 3 3 3 -1 3 3 3 3 3
18:56:48.971349 - stdout  :: 1 0
18:56:48.980889 - stdin   :: 28 24 1 1
30 29
19 43
21 42
28 24
3 3 3 3 3 -1 3 3 3 3 3
3 3 -1 -1 -1 -1 -1 -1 -1 3 3
3 0 -1 -1 -1 -1 -1 -1 -1 -1 3
3 0 0 -1 -1 -1 -1 -1 -1 -1 3
3 0 0 0 0 -1 -1 -1 -1 -1 3
0 0 0 0 0 0 -1 -1 -1 -1 -1
3 0 0 91 0 0 0 0 -1 0 3
3 -1 0 0 0 0 0 0 0 0 3
3 -1 -1 -1 0 0 0 0 0 0 3
3 3 -1 -1 -1 0 0 0 0 3 3
3 3 3 3 3 0 3 3 3 3 3
18:56:48.981428 - stdout  :: 0 0
18:56:48.992754 - stdin   :: 29 25 1 1
30 29
18 43
20 42
29 25
3 3 3 3 3 -1 3 3 3 3 3
3 3 -1 -1 -1 -1 -1 -1 -1 3 3
3 0 -1 -1 -1 -1 -1 -1 -1 -1 3
3 0 0 0 -1 -1 -1 -1 -1 -1 3
3 0 0 0 0 -1 -1 -1 -1 -1 3
0 0 91 0 0 0 0 -1 0 0 0
3 0 0 0 0 0 0 0 0 0 3
3 -1 -1 0 0 0 0 0 0 0 3
3 -1 -1 -1 0 0 0 0 0 0 3
3 3 0 0 0 0 0 0 0 3 3
3 3 3 3 3 0 3 3 3 3 3
18:56:48.997684 - stdout  :: -1 0
18:56:49.019199 - stdin   :: 29 26 0 1
30 29
17 43
20 41
29 26
3 3 3 3 3 -1 3 3 3 3 3
3 3 -1 -1 -1 -1 -1 -1 -1 3 3
3 -1 -1 -1 -1 -1 -1 -1 -1 -1 3
3 0 0 -1 -1 -1 -1 -1 -1 -1 3
3 0 0 0 -1 -1 -1 -1 -1 0 3
0 91 0 0 0 0 -1 0 0 0 0
3 0 0 0 0 0 0 0 0 -1 3
3 -1 0 0 0 0 0 0 0 0 3
3 -1 -1 0 0 0 0 0 0 0 3
3 3 0 0 0 0 0 0 91 3 3
3 3 3 3 3 0 3 3 3 3 3
18:56:49.020045 - stdout  :: 1 0
18:56:49.036895 - stdin   :: 30 27 1 1
30 29
16 43
21 41
30 27
3 3 3 3 3 -1 3 3 3 3 3
3 3 -1 -1 -1 -1 -1 -1 -1 3 3
3 0 -1 -1 -1 -1 -1 -1 -1 -1 3
3 0 0 -1 -1 -1 -1 -1 0 0 3
3 0 0 0 0 -1 0 0 0 0 3
0 0 0 0 0 0 0 0 -1 -1 -1
3 0 0 0 0 0 0 0 0 0 3
3 -1 0 0 0 0 0 0 0 0 3
3 0 0 0 0 0 0 91 91 91 3
3 3 -1 0 0 0 0 0 0 3 3
3 3 3 3 3 0 3 3 3 3 3
18:56:49.038448 - stdout  :: -1 0
18:56:49.051642 - stdin   :: 30 28 0 1
30 29
15 43
22 41
30 28
3 3 3 3 3 -1 3 3 3 3 3
3 3 -1 -1 -1 -1 -1 -1 -1 3 3
3 -1 -1 -1 -1 -1 -1 -1 -1 -1 3
3 0 -1 -1 -1 -1 -1 0 0 0 3
3 0 0 0 -1 0 0 0 0 -1 3
0 0 0 0 0 0 0 -1 -1 -1 -1
3 0 0 0 0 0 0 0 0 0 3
3 0 0 0 0 0 0 0 0 0 3
3 0 0 0 0 0 91 91 91 0 3
3 3 0 0 0 0 0 0 0 3 3
3 3 3 3 3 0 3 3 3 3 3
18:56:49.053224 - stdout  :: -1 0
18:56:49.066812 - stdin   :: 29 29 -1 1
31 30
15 44
22 40
29 29
3 3 3 3 3 -1 3 3 3 3 3
3 3 -1 -1 -1 -1 -1 -1 -1 3 3
3 -1 -1 -1 -1 -1 -1 -1 -1 -1 3
3 -1 -1 -1 -1 -1 -1 -1 -1 0 3
3 -1 -1 -1 -1 -1 0 0 0 0 3
0 0 0 -1 0 0 0 0 -1 -1 -1
3 0 0 0 0 0 -1 -1 -1 -1 3
3 0 0 0 0 0 0 0 0 -1 3
3 0 0 0 0 0 0 0 0 0 3
3 3 0 0 0 91 91 91 0 3 3
3 3 3 3 3 0 3 3 3 3 3
18:56:49.067511 - stdout  :: 0 0
18:56:49.079390 - stdin   :: 28 30 -1 1
32 31
16 44
21 40
28 30
3 3 3 3 3 -1 3 3 3 3 3
3 3 -1 -1 -1 -1 -1 -1 -1 3 3
3 -1 -1 -1 -1 -1 -1 -1 -1 -1 3
3 -1 -1 -1 -1 -1 -1 -1 -1 0 3
3 -1 -1 -1 -1 -1 -1 -1 0 0 3
-1 -1 -1 -1 -1 0 0 0 0 0 0
3 0 -1 0 0 0 0 -1 -1 -1 3
3 0 0 0 0 -1 -1 -1 -1 -1 3
3 0 0 0 0 0 0 0 -1 -1 3
3 3 0 0 0 0 0 0 0 3 3
3 3 3 3 3 91 3 3 3 3 3
18:56:49.080007 - stdout  :: 1 0
18:56:49.091389 - stdin   :: 28 31 0 1
32 32
17 44
20 40
28 31
3 3 3 3 3 -1 3 3 3 3 3
3 3 -1 -1 -1 -1 -1 -1 -1 3 3
3 -1 -1 -1 -1 -1 -1 -1 -1 -1 3
3 -1 -1 -1 -1 -1 -1 -1 0 0 3
3 -1 -1 -1 -1 -1 -1 0 0 0 3
-1 -1 -1 -1 0 0 0 0 0 0 -1
3 -1 0 0 0 0 -1 -1 -1 -1 3
3 0 0 0 -1 -1 -1 -1 -1 -1 3
3 0 0 0 0 0 0 -1 -1 -1 3
3 3 0 0 0 0 0 0 0 3 3
3 3 3 3 3 91 3 3 3 3 3
18:56:49.091916 - stdout  :: 0 0
18:56:49.102936 - stdin   :: 28 32 0 1
32 33
18 44
20 39
28 32
3 3 3 3 3 -1 3 3 3 3 3
3 3 -1 -1 -1 -1 -1 -1 -1 3 3
3 -1 -1 -1 -1 -1 -1 -1 -1 -1 3
3 -1 -1 -1 -1 -1 -1 0 0 0 3
3 -1 -1 -1 -1 -1 0 0 0 0 3
-1 -1 -1 0 0 0 0 0 0 -1 -1
3 0 0 0 0 -1 -1 -1 -1 -1 3
3 0 0 -1 -1 -1 -1 -1 -1 -1 3
3 0 0 0 0 0 -1 -1 -1 -1 3
3 3 0 0 0 0 0 0 0 3 3
3 3 3 3 3 0 3 3 3 3 3
18:56:49.103440 - stdout  :: -1 0
18:56:49.114494 - stdin   :: 27 33 -1 1
32 34
19 44
19 39
27 33
3 3 3 3 3 0 3 3 3 3 3
3 3 -1 -1 -1 0 0 0 0 3 3
3 -1 -1 -1 -1 -1 -1 -1 -1 -1 3
3 -1 -1 -1 -1 -1 -1 -1 -1 -1 3
3 -1 -1 -1 -1 -1 0 0 0 0 3
-1 -1 -1 -1 -1 0 0 0 0 0 0
3 -1 0 0 0 0 0 0 -1 -1 3
3 0 0 0 -1 -1 -1 -1 -1 -1 3
3 0 -1 -1 -1 -1 -1 -1 -1 -1 3
3 3 0 0 0 -1 -1 -1 -1 3 3
3 3 3 3 3 0 3 3 3 3 3
18:56:49.115000 - stdout  :: 0 0
18:56:49.126215 - stdin   :: 26 34 -1 1
32 35
20 44
19 39
26 34
3 3 3 3 3 0 3 3 3 3 3
3 3 0 0 0 0 0 0 0 3 3
3 -1 -1 -1 0 0 0 0 0 0 3
3 -1 -1 -1 -1 -1 -1 -1 -1 -1 3
3 -1 -1 -1 -1 -1 -1 -1 -1 -1 3
-1 -1 -1 -1 -1 0 0 0 0 0 0
3 -1 -1 -1 0 0 0 0 0 0 3
3 0 0 0 0 0 0 -1 -1 -1 3
3 0 0 -1 -1 -1 -1 -1 -1 -1 3
3 3 -1 -1 -1 -1 -1 -1 -1 3 3
3 3 3 3 3 -1 3 3 3 3 3
18:56:49.126750 - stdout  :: 1 0
18:56:49.141362 - stdin   :: 26 35 0 1
32 36
22 43
20 39
26 35
3 3 3 3 3 0 3 3 3 3 3
3 3 0 0 0 0 0 0 0 3 3
3 -1 -1 0 0 0 0 0 0 0 3
3 -1 -1 -1 -1 -1 -1 -1 -1 -1 3
3 -1 -1 -1 -1 -1 -1 -1 -1 -1 3
-1 -1 -1 -1 0 0 0 0 0 0 0
3 -1 -1 0 0 0 0 0 0 0 3
3 0 0 0 0 0 -1 -1 -1 -1 3
3 0 -1 -1 -1 -1 -1 -1 -1 -1 3
3 3 -1 -1 -1 -1 -1 -1 -1 3 3
3 3 3 3 3 -1 3 3 3 3 3
18:56:49.141925 - stdout  :: 0 0
18:56:49.153431 - stdin   :: 26 36 0 1
32 37
22 43
21 39
26 36
3 3 3 3 3 0 3 3 3 3 3
3 3 0 0 0 0 0 0 0 3 3
3 -1 0 0 0 0 0 0 0 0 3
3 -1 -1 -1 -1 -1 -1 -1 -1 -1 3
3 -1 -1 -1 -1 -1 -1 -1 -1 -1 3
-1 -1 -1 0 0 0 0 0 0 0 0
3 -1 0 0 0 0 0 0 0 0 3
3 0 0 0 0 -1 -1 -1 -1 -1 3
3 -1 -1 -1 -1 -1 -1 -1 -1 -1 3
3 3 -1 -1 -1 -1 -1 -1 -1 3 3
3 3 3 3 3 -1 3 3 3 3 3
18:56:49.153936 - stdout  :: 0 0
18:56:49.163896 - stdin   :: 26 37 0 1
32 38
22 43
22 39
26 37
3 3 3 3 3 0 3 3 3 3 3
3 3 0 0 0 0 0 0 0 3 3
3 0 0 0 0 0 0 0 0 -1 3
3 -1 -1 -1 -1 -1 -1 -1 -1 -1 3
3 -1 -1 -1 -1 -1 -1 -1 -1 -1 3
-1 -1 0 0 0 0 0 0 0 0 -1
3 0 0 0 0 0 0 0 0 0 3
3 0 0 0 -1 -1 -1 -1 -1 0 3
3 -1 -1 -1 -1 -1 -1 -1 -1 -1 3
3 3 -1 -1 -1 -1 -1 -1 -1 3 3
3 3 3 3 3 -1 3 3 3 3 3
18:56:49.164376 - stdout  :: 0 0
18:56:49.174232 - stdin   :: 26 38 0 1
31 39
22 43
23 39
26 38
3 3 3 3 3 0 3 3 3 3 3
3 3 0 0 0 0 0 0 0 3 3
3 0 0 0 0 0 0 0 -1 -1 3
3 -1 -1 -1 -1 -1 -1 -1 -1 -1 3
3 -1 -1 -1 -1 -1 -1 -1 -1 -1 3
-1 0 0 0 0 0 0 0 0 -1 -1
3 0 0 0 0 0 0 0 0 0 3
3 0 0 -1 -1 -1 -1 -1 0 0 3
3 -1 -1 -1 -1 -1 -1 -1 -1 0 3
3 3 -1 -1 -1 -1 -1 -1 0 3 3
3 3 3 3 3 -1 3 3 3 3 3
18:56:49.174690 - stdout  :: 0 0
18:56:49.185022 - stdin   :: 26 39 0 1
31 40
22 43
23 40
26 39
3 3 3 3 3 0 3 3 3 3 3
3 3 0 0 0 0 0 0 0 3 3
3 0 0 0 0 0 0 -1 -1 -1 3
3 -1 -1 -1 -1 -1 -1 -1 -1 -1 3
3 -1 -1 -1 -1 -1 -1 -1 -1 -1 3
0 0 0 0 0 0 0 0 -1 -1 -1
3 0 0 0 0 0 0 0 0 0 3
3 0 -1 -1 -1 -1 -1 0 0 0 3
3 -1 -1 -1 -1 -1 -1 -1 0 0 3
3 3 -1 -1 -1 -1 -1 0 0 3 3
3 3 3 3 3 0 3 3 3 3 3
18:56:49.185542 - stdout  :: 0 0
18:56:49.195732 - stdin   :: 26 40 0 1
30 41
22 43
23 40
26 40
3 3 3 3 3 0 3 3 3 3 3
3 3 0 0 0 0 0 0 0 3 3
3 0 0 0 0 0 -1 -1 -1 -1 3
3 -1 -1 -1 -1 -1 -1 -1 -1 -1 3
3 -1 -1 -1 -1 -1 -1 -1 -1 -1 3
0 0 0 0 0 0 0 -1 -1 -1 -1
3 0 0 0 0 0 0 0 0 -1 3
3 -1 -1 -1 -1 -1 0 0 0 0 3
3 -1 -1 -1 -1 -1 -1 0 0 0 3
3 3 -1 -1 -1 -1 0 0 0 3 3
3 3 3 3 3 0 3 3 3 3 3
18:56:49.196313 - stdout  :: 0 0
18:56:49.206301 - stdin   :: 26 41 0 1
29 42
22 43
23 39
26 41
3 3 3 3 3 0 3 3 3 3 3
3 3 0 0 0 0 0 0 -1 3 3
3 0 0 0 0 -1 -1 -1 -1 -1 3
3 -1 -1 -1 -1 -1 -1 -1 -1 -1 3
3 -1 -1 -1 -1 -1 -1 -1 -1 -1 3
0 0 0 0 0 0 -1 -1 -1 -1 -1
3 0 0 0 0 0 0 0 -1 -1 3
3 -1 -1 -1 -1 0 0 0 0 0 3
3 -1 -1 -1 -1 -1 0 0 0 92 3
3 3 -1 -1 -1 0 0 0 0 3 3
3 3 3 3 3 0 3 3 3 3 3
18:56:49.206795 - stdout  :: 1 0
18:56:49.218221 - stdin   :: 27 42 1 1
29 43
22 42
23 38
27 42
3 3 3 3 3 0 3 3 3 3 3
3 3 0 0 -1 -1 -1 -1 -1 3 3
3 -1 -1 -1 -1 -1 -1 -1 -1 -1 3
3 -1 -1 -1 -1 -1 -1 -1 -1 -1 3
3 0 0 0 0 -1 -1 -1 -1 -1 3
0 0 0 0 0 0 0 -1 -1 -1 -1
3 -1 -1 -1 0 0 0 0 0 -1 3
3 -1 -1 -1 -1 0 0 0 92 92 3
3 -1 -1 -1 0 0 0 0 92 92 3
3 3 0 0 0 0 0 0 92 3 3
3 3 3 3 3 0 3 3 3 3 3
18:56:49.218805 - stdout  :: 0 0
18:56:49.231064 - stdin   :: 28 43 1 1
29 43
22 41
22 38
28 43
3 3 3 3 3 -1 3 3 3 3 3
3 3 -1 -1 -1 -1 -1 -1 -1 3 3
3 -1 -1 -1 -1 -1 -1 -1 -1 -1 3
3 0 0 0 -1 -1 -1 -1 -1 -1 3
3 0 0 0 0 0 -1 -1 -1 -1 3
-1 -1 -1 0 0 0 0 0 -1 -1 -1
3 -1 -1 -1 0 0 0 92 92 92 3
3 -1 -1 0 0 0 0 92 92 92 3
3 0 0 0 0 0 0 92 92 92 3
3 3 0 0 0 0 0 0 -1 3 3
3 3 3 3 3 0 3 3 3 3 3
18:56:49.231600 - stdout  :: 0 0
18:56:49.244205 - stdin   :: 29 44 1 1
29 42
21 40
21 38
29 44
3 3 3 3 3 -1 3 3 3 3 3
3 3 -1 -1 -1 -1 -1 -1 -1 3 3
3 0 0 -1 -1 -1 -1 -1 -1 -1 3
3 0 0 0 0 -1 -1 -1 -1 -1 3
3 -1 0 0 0 0 0 -1 -1 -1 3
-1 -1 -1 0 0 0 92 92 92 92 92
3 -1 0 0 0 0 92 92 92 92 3
3 0 0 0 0 0 92 92 92 92 3
3 0 0 0 0 0 0 -1 -1 -1 3
3 3 0 0 0 -1 -1 -1 -1 3 3
3 3 3 3 3 -1 3 3 3 3 3
18:56:49.244842 - stdout  :: 0 -1
18:56:49.256870 - stdin   :: 30 44 1 0
30 41
20 39
20 38
30 44
3 3 3 3 3 -1 3 3 3 3 3
3 3 0 -1 -1 -1 -1 -1 -1 3 3
3 0 0 0 0 -1 -1 -1 -1 -1 3
3 -1 0 0 0 0 0 -1 -1 -1 3
3 -1 -1 0 0 0 92 92 92 92 3
-1 -1 0 0 0 0 92 92 92 92 92
3 0 0 0 0 0 92 92 92 92 3
3 0 0 0 0 0 0 -1 -1 -1 3
3 0 0 0 0 -1 -1 -1 -1 -1 3
3 3 0 -1 -1 -1 -1 -1 -1 3 3
3 3 3 3 3 -1 3 3 3 3 3
18:56:49.257545 - stdout  :: 0 0
18:56:49.270037 - stdin   :: 31 44 1 0
31 40
19 39
20 38
31 44
3 3 3 3 3 -1 3 3 3 3 3
3 3 0 0 0 -1 -1 -1 -1 3 3
3 -1 0 0 0 0 0 -1 -1 -1 3
3 -1 -1 0 0 0 92 92 92 92 3
3 -1 0 0 0 0 92 92 92 92 3
0 0 0 0 0 0 92 92 92 92 92
3 0 0 0 0 0 0 -1 -1 -1 3
3 0 0 0 0 -1 -1 -1 -1 -1 3
3 0 0 -1 -1 -1 -1 -1 -1 -1 3
3 3 -1 -1 -1 -1 -1 -1 -1 3 3
3 3 3 3 3 -1 3 3 3 3 3
18:56:49.270759 - stdout  :: 0 -1
18:56:49.283428 - stdin   :: 32 43 1 -1
31 39
18 40
21 38
32 43
3 3 3 3 3 0 3 3 3 3 3
3 3 -1 0 0 0 0 0 -1 3 3
3 -1 -1 -1 0 0 0 92 92 92 3
3 -1 -1 0 0 0 0 92 92 92 3
3 0 0 0 0 0 0 92 92 92 3
0 0 0 0 0 0 0 0 -1 -1 -1
3 0 0 0 0 0 -1 -1 -1 -1 3
3 0 0 0 -1 -1 -1 -1 -1 -1 3
3 -1 -1 -1 -1 -1 -1 -1 -1 -1 3
3 3 -1 -1 -1 -1 -1 -1 -1 3 3
3 3 3 3 3 -1 3 3 3 3 3
18:56:49.284230 - stdout  :: -1 0
18:56:49.296799 - stdin   :: 32 42 0 -1
32 38
17 41
21 37
32 42
3 3 3 3 3 0 3 3 3 3 3
3 3 -1 -1 0 0 0 0 0 3 3
3 -1 -1 -1 -1 0 0 0 92 92 3
3 -1 -1 -1 0 0 0 0 92 92 3
3 -1 0 0 0 0 0 0 92 92 3
0 0 0 0 0 0 0 0 0 -1 -1
3 0 0 0 0 0 0 -1 -1 -1 3
3 0 0 0 0 -1 -1 -1 -1 -1 3
3 -1 -1 -1 -1 -1 -1 -1 -1 -1 3
3 3 -1 -1 -1 -1 -1 -1 -1 3 3
3 3 3 3 3 -1 3 3 3 3 3
18:56:49.297620 - stdout  :: -1 0
18:56:49.310235 - stdin   :: 31 41 -1 -1
32 37
16 42
22 37
31 41
3 3 3 3 3 0 3 3 3 3 3
3 3 0 0 0 0 0 0 -1 3 3
3 -1 -1 -1 -1 0 0 0 0 0 3
3 -1 -1 -1 -1 -1 0 0 0 92 3
3 -1 -1 -1 -1 0 0 0 0 92 3
-1 -1 -1 0 0 0 0 0 0 92 92
3 0 0 0 0 0 0 0 0 0 3
3 0 0 0 0 0 0 0 -1 -1 3
3 0 0 0 0 0 -1 -1 -1 -1 3
3 3 -1 -1 -1 -1 -1 -1 -1 3 3
3 3 3 3 3 -1 3 3 3 3 3
18:56:49.311043 - stdout  :: 1 0
18:56:49.322431 - stdin   :: 31 40 0 -1
33 36
15 43
23 37
31 40
3 3 3 3 3 0 3 3 3 3 3
3 3 0 0 0 0 0 0 0 3 3
3 -1 -1 -1 -1 -1 0 0 0 0 3
3 -1 -1 -1 -1 -1 -1 0 0 0 3
3 -1 -1 -1 -1 -1 0 0 0 0 3
-1 -1 -1 -1 0 0 0 0 0 0 92
3 0 0 0 0 0 0 0 0 0 3
3 0 0 0 0 0 0 0 0 -1 3
3 0 0 0 0 0 0 -1 -1 -1 3
3 3 -1 -1 -1 -1 -1 -1 -1 3 3
3 3 3 3 3 -1 3 3 3 3 3
18:56:49.323235 - stdout  :: 1 0
18:56:49.334702 - stdin   :: 32 39 1 -1
34 35
14 43
23 36
32 39
3 3 3 3 3 0 3 3 3 3 3
3 3 -1 -1 -1 -1 -1 0 0 3 3
3 -1 -1 -1 -1 -1 -1 -1 0 0 3
3 -1 -1 -1 -1 -1 -1 0 0 0 3
3 -1 -1 -1 -1 0 0 0 0 0 3
0 0 0 0 0 0 0 0 0 0 0
3 0 0 0 0 0 0 0 0 0 3
3 0 0 0 0 0 0 0 -1 -1 3
3 -1 -1 -1 -1 -1 -1 -1 -1 -1 3
3 3 -1 -1 -1 -1 -1 -1 -1 3 3
3 3 3 3 3 -1 3 3 3 3 3
18:56:49.335574 - stdout  :: -1 0
18:56:49.347109 - stdin   :: 32 38 0 -1
34 34
14 42
22 36
32 38
3 3 3 3 3 0 3 3 3 3 3
3 3 0 -1 -1 -1 -1 -1 0 3 3
3 -1 -1 -1 -1 -1 -1 -1 -1 0 3
3 -1 -1 -1 -1 -1 -1 -1 0 0 3
3 -1 -1 -1 -1 -1 0 0 0 0 3
0 0 0 0 0 0 0 0 0 0 0
3 0 0 0 0 0 0 0 0 0 3
3 0 0 0 0 0 0 0 0 -1 3
3 -1 -1 -1 -1 -1 -1 -1 -1 -1 3
3 3 -1 -1 -1 -1 -1 -1 -1 3 3
3 3 3 3 3 -1 3 3 3 3 3
18:56:49.347960 - stdout  :: 0 0
18:56:49.359394 - stdin   :: 32 37 0 -1
34 33
14 41
21 36
32 37
3 3 3 3 3 0 3 3 3 3 3
3 3 0 0 -1 -1 -1 -1 -1 3 3
3 -1 -1 -1 -1 -1 -1 -1 -1 -1 3
3 -1 -1 -1 -1 -1 -1 -1 -1 0 3
3 -1 -1 -1 -1 -1 -1 0 0 0 3
0 0 0 0 0 0 0 0 0 0 0
3 0 0 0 0 0 0 0 0 0 3
3 0 0 0 0 0 0 0 0 0 3
3 -1 -1 -1 -1 -1 -1 -1 -1 -1 3
3 3 -1 -1 -1 -1 -1 -1 -1 3 3
3 3 3 3 3 -1 3 3 3 3 3
18:56:49.360290 - stdout  :: 0 0
18:56:49.372053 - stdin   :: 32 36 0 -1
34 32
14 40
21 35
32 36
3 3 3 3 3 0 3 3 3 3 3
3 3 0 0 0 -1 -1 -1 -1 3 3
3 -1 -1 -1 -1 -1 -1 -1 -1 -1 3
3 -1 -1 -1 -1 -1 -1 -1 -1 -1 3
3 0 -1 -1 -1 -1 -1 -1 0 0 3
0 0 0 0 0 0 0 0 0 0 0
3 0 0 0 0 0 0 0 0 0 3
3 0 0 0 0 0 0 0 0 0 3
3 -1 -1 -1 -1 -1 -1 -1 -1 -1 3
3 3 -1 -1 -1 -1 -1 -1 -1 3 3
3 3 3 3 3 -1 3 3 3 3 3
18:56:49.372966 - stdout  :: 0 0
18:56:49.384414 - stdin   :: 32 35 0 -1
35 31
14 39
22 35
32 35
3 3 3 3 3 0 3 3 3 3 3
3 3 0 0 0 0 -1 -1 -1 3 3
3 0 -1 -1 -1 -1 -1 -1 -1 -1 3
3 -1 -1 -1 -1 -1 -1 -1 -1 -1 3
3 0 0 -1 -1 -1 -1 -1 -1 0 3
0 0 0 0 0 0 0 0 0 0 0
3 91 0 0 0 0 0 0 0 0 3
3 0 0 0 0 0 0 0 0 0 3
3 0 -1 -1 -1 -1 -1 -1 -1 -1 3
3 3 -1 -1 -1 -1 -1 -1 -1 3 3
3 3 3 3 3 -1 3 3 3 3 3
18:56:49.385375 - stdout  :: 0 0
18:56:49.397996 - stdin   :: 32 34 0 -1
35 30
14 38
23 35
32 34
3 3 3 3 3 0 3 3 3 3 3
3 3 0 0 0 0 0 -1 -1 3 3
3 0 0 -1 -1 -1 -1 -1 -1 -1 3
3 -1 -1 -1 -1 -1 -1 -1 -1 -1 3
3 0 0 0 -1 -1 -1 -1 -1 -1 3
0 0 0 0 0 0 0 0 0 0 0
3 91 91 0 0 0 0 0 0 0 3
3 0 0 0 0 0 0 0 0 0 3
3 0 0 -1 -1 -1 -1 -1 -1 -1 3
3 3 -1 -1 -1 -1 -1 -1 -1 3 3
3 3 3 3 3 -1 3 3 3 3 3
18:56:49.398995 - stdout  :: 1 0
18:56:49.411189 - stdin   :: 33 33 1 -1
36 29
14 37
23 34
33 33
3 3 3 3 3 0 3 3 3 3 3
3 3 0 0 -1 -1 -1 -1 -1 3 3
3 0 -1 -1 -1 -1 -1 -1 -1 -1 3
3 0 0 0 0 -1 -1 -1 -1 -1 3
3 0 0 0 0 0 0 0 0 0 3
0 91 91 91 0 0 0 0 0 0 0
3 0 0 0 0 0 0 0 0 0 3
3 0 0 0 -1 -1 -1 -1 -1 -1 3
3 0 -1 -1 -1 -1 -1 -1 -1 -1 3
3 3 -1 -1 -1 -1 -1 -1 -1 3 3
3 3 3 3 3 -1 3 3 3 3 3
18:56:49.412408 - stdout  :: -1 0
18:56:49.424857 - stdin   :: 33 32 0 -1
36 28
14 36
22 34
33 32
3 3 3 3 3 0 3 3 3 3 3
3 3 0 0 0 -1 -1 -1 -1 3 3
3 0 0 -1 -1 -1 -1 -1 -1 -1 3
3 0 0 0 0 0 -1 -1 -1 -1 3
3 0 0 0 0 0 0 0 0 0 3
0 0 91 91 91 0 0 0 0 0 0
3 0 0 0 0 0 0 0 0 0 3
3 0 0 0 0 -1 -1 -1 -1 -1 3
3 0 0 -1 -1 -1 -1 -1 -1 -1 3
3 3 -1 -1 -1 -1 -1 -1 -1 3 3
3 3 3 3 3 -1 3 3 3 3 3
18:56:49.426084 - stdout  :: 1 0
18:56:49.438305 - stdin   :: 34 31 1 -1
36 27
14 35
21 34
34 31
3 3 3 3 3 0 3 3 3 3 3
3 3 0 0 -1 -1 -1 -1 -1 3 3
3 0 0 0 0 0 0 -1 -1 -1 3
3 0 0 0 0 0 0 0 0 0 3
3 0 0 91 91 91 0 0 0 0 3
0 0 0 0 0 0 0 0 0 0 0
3 0 0 0 0 0 -1 -1 -1 -1 3
3 0 0 0 -1 -1 -1 -1 -1 -1 3
3 -1 -1 -1 -1 -1 -1 -1 -1 -1 3
3 3 -1 -1 -1 -1 -1 -1 -1 3 3
3 3 3 3 3 -1 3 3 3 3 3
18:56:49.445144 - stdout  :: -1 0
18:56:49.456895 - stdin   :: 34 30 0 -1
36 26
14 34
20 34
34 30
3 3 3 3 3 0 3 3 3 3 3
3 3 0 0 0 -1 -1 -1 -1 3 3
3 0 0 0 0 0 0 0 -1 -1 3
3 0 0 0 0 0 0 0 0 0 3
3 0 0 0 91 91 91 0 0 0 3
0 0 0 0 0 0 0 0 0 0 0
3 0 0 0 0 0 0 -1 -1 -1 3
3 0 0 0 0 -1 -1 -1 -1 -1 3
3 -1 -1 -1 -1 -1 -1 -1 -1 -1 3
3 3 -1 -1 -1 -1 -1 -1 -1 3 3
3 3 3 3 3 -1 3 3 3 3 3
18:56:49.463960 - stdout  :: -1 1
18:56:49.476052 - stdin   :: 33 30 -1 0
37 25
14 33
20 33
33 30
3 3 3 3 3 0 3 3 3 3 3
3 3 -1 0 0 0 0 -1 -1 3 3
3 0 0 0 0 -1 -1 -1 -1 -1 3
3 0 0 0 0 0 0 0 -1 -1 3
3 0 0 0 0 0 0 0 0 0 3
0 0 0 0 91 91 91 0 0 0 0
3 0 0 0 0 0 0 0 0 0 3
3 0 0 0 0 0 0 -1 -1 -1 3
3 0 0 0 0 -1 -1 -1 -1 -1 3
3 3 -1 -1 -1 -1 -1 -1 -1 3 3
3 3 3 3 3 -1 3 3 3 3 3
18:56:49.482842 - stdout  :: 0 1
18:56:49.494561 - stdin   :: 31 31 -2 1
37 24
14 32
21 33
31 31
3 3 3 3 3 -1 3 3 3 3 3
3 3 -1 -1 -1 -1 -1 0 0 3 3
3 -1 -1 -1 0 0 0 0 0 0 3
3 -1 0 0 0 0 -1 -1 -1 -1 3
3 0 0 0 -1 -1 -1 -1 -1 -1 3
0 0 0 0 0 0 0 -1 -1 -1 -1
3 0 0 0 0 0 0 0 0 0 3
3 0 0 91 91 91 0 0 0 0 3
3 0 0 0 0 0 0 0 0 0 3
3 3 0 0 0 0 -1 -1 -1 3 3
3 3 3 3 3 -1 3 3 3 3 3
18:56:49.500797 - stdout  :: 1 0
18:56:49.574632 - stdin   :: 31 31 0 0
36 18
12 34
22 31
31 31
3 3 3 3 3 -1 3 3 3 3 3
3 3 -1 -1 -1 -1 -1 0 0 3 3
3 -1 -1 -1 0 0 0 0 0 0 3
3 -1 0 0 0 0 -1 -1 -1 -1 3
3 0 0 0 -1 -1 -1 -1 -1 -1 3
0 0 0 0 0 0 0 -1 -1 -1 -1
3 0 0 0 0 0 0 0 0 0 3
3 0 0 91 91 91 0 0 0 0 3
3 0 0 0 0 0 0 0 0 0 3
3 3 0 0 0 0 -1 -1 -1 3 3
3 3 3 3 3 -1 3 3 3 3 3
18:56:49.581037 - stdout  :: 0 1
18:56:49.593234 - stdin   :: 31 32 0 1
36 17
12 35
22 30
31 32
3 3 3 3 3 -1 3 3 3 3 3
3 3 -1 -1 -1 -1 0 0 0 3 3
3 -1 -1 0 0 0 0 0 0 -1 3
3 0 0 0 0 -1 -1 -1 -1 -1 3
3 0 0 -1 -1 -1 -1 -1 -1 -1 3
0 0 0 0 0 0 -1 -1 -1 -1 -1
3 0 0 0 0 0 0 0 0 0 3
3 0 91 91 91 0 0 0 0 0 3
3 0 0 0 0 0 0 0 0 0 3
3 3 0 0 0 -1 -1 -1 -1 3 3
3 3 3 3 3 -1 3 3 3 3 3
18:56:49.599723 - stdout  :: 1 0
18:56:49.612156 - stdin   :: 32 33 1 1
36 16
11 35
21 30
32 33
3 3 3 3 3 0 3 3 3 3 3
3 3 0 0 0 0 0 0 -1 3 3
3 0 0 0 -1 -1 -1 -1 -1 -1 3
3 0 -1 -1 -1 -1 -1 -1 -1 -1 3
3 0 0 0 0 -1 -1 -1 -1 -1 3
0 0 0 0 0 0 0 0 0 0 0
3 91 91 91 0 0 0 0 0 0 3
3 0 0 0 0 0 0 0 0 0 3
3 0 0 0 -1 -1 -1 -1 -1 -1 3
3 3 -1 -1 -1 -1 -1 -1 -1 3 3
3 3 3 3 3 -1 3 3 3 3 3
18:56:49.618652 - stdout  :: -1 0
18:56:49.630891 - stdin   :: 32 34 0 1
35 15
10 35
20 30
32 34
3 3 3 3 3 0 3 3 3 3 3
3 3 0 0 0 0 0 -1 -1 3 3
3 0 0 -1 -1 -1 -1 -1 -1 -1 3
3 -1 -1 -1 -1 -1 -1 -1 -1 -1 3
3 0 0 0 -1 -1 -1 -1 -1 -1 3
0 0 0 0 0 0 0 0 0 0 0
3 91 91 0 0 0 0 0 0 0 3
3 0 0 0 0 0 0 0 0 0 3
3 0 0 -1 -1 -1 -1 -1 -1 -1 3
3 3 -1 -1 -1 -1 -1 -1 -1 3 3
3 3 3 3 3 -1 3 3 3 3 3
18:56:49.637077 - stdout  :: 0 0
18:56:49.649332 - stdin   :: 32 35 0 1
35 14
9 35
19 30
32 35
3 3 3 3 3 0 3 3 3 3 3
3 3 0 0 0 0 -1 -1 -1 3 3
3 0 -1 -1 -1 -1 -1 -1 -1 -1 3
3 -1 -1 -1 -1 -1 -1 -1 -1 -1 3
3 0 0 -1 -1 -1 -1 -1 -1 0 3
0 0 0 0 0 0 0 0 0 0 0
3 91 0 0 0 0 0 0 0 0 3
3 0 0 0 0 0 0 0 0 0 3
3 0 -1 -1 -1 -1 -1 -1 -1 -1 3
3 3 -1 -1 -1 -1 -1 -1 -1 3 3
3 3 3 3 3 -1 3 3 3 3 3
18:56:49.655296 - stdout  :: 0 0
18:56:49.667824 - stdin   :: 32 36 0 1
36 13
8 35
19 29
32 36
3 3 3 3 3 0 3 3 3 3 3
3 3 0 0 0 -1 -1 -1 -1 3 3
3 -1 -1 -1 -1 -1 -1 -1 -1 -1 3
3 -1 -1 -1 -1 -1 -1 -1 -1 -1 3
3 0 -1 -1 -1 -1 -1 -1 0 0 3
0 0 0 0 0 0 0 0 0 0 0
3 0 0 0 0 0 0 0 0 0 3
3 0 0 0 0 0 0 0 0 0 3
3 -1 -1 -1 -1 -1 -1 -1 -1 -1 3
3 3 -1 -1 -1 -1 -1 -1 -1 3 3
3 3 3 3 3 -1 3 3 3 3 3
18:56:49.673510 - stdout  :: 0 0
18:56:49.686122 - stdin   :: 32 37 0 1
37 12
8 36
20 29
32 37
3 3 3 3 3 0 3 3 3 3 3
3 3 0 0 -1 -1 -1 -1 -1 3 3
3 -1 -1 -1 -1 -1 -1 -1 -1 -1 3
3 -1 -1 -1 -1 -1 -1 -1 -1 0 3
3 -1 -1 -1 -1 -1 -1 0 0 0 3
0 0 0 0 0 0 0 0 0 0 0
3 0 0 0 0 0 0 0 0 0 3
3 0 0 0 0 0 0 0 0 0 3
3 -1 -1 -1 -1 -1 -1 -1 -1 -1 3
3 3 -1 -1 -1 -1 -1 -1 -1 3 3
3 3 3 3 3 -1 3 3 3 3 3
18:56:49.691633 - stdout  :: 0 0
18:56:49.704193 - stdin   :: 32 38 0 1
37 11
8 37
21 29
32 38
3 3 3 3 3 0 3 3 3 3 3
3 3 0 -1 -1 -1 -1 -1 0 3 3
3 -1 -1 -1 -1 -1 -1 -1 -1 0 3
3 -1 -1 -1 -1 -1 -1 -1 0 0 3
3 -1 -1 -1 -1 -1 0 0 0 0 3
0 0 0 0 0 0 0 0 0 0 0
3 0 0 0 0 0 0 0 0 0 3
3 0 0 0 0 0 0 0 0 -1 3
3 -1 -1 -1 -1 -1 -1 -1 -1 -1 3
3 3 -1 -1 -1 -1 -1 -1 -1 3 3
3 3 3 3 3 -1 3 3 3 3 3
18:56:49.709625 - stdout  :: -1 0
18:56:49.723595 - stdin   :: 31 39 -1 1
36 10
8 38
21 28
31 39
3 3 3 3 3 0 3 3 3 3 3
3 3 0 0 0 0 0 0 0 3 3
3 0 -1 -1 -1 -1 -1 0 0 0 3
3 -1 -1 -1 -1 -1 -1 -1 0 0 3
3 -1 -1 -1 -1 -1 -1 0 0 0 3
-1 -1 -1 -1 -1 0 0 0 0 0 0
3 0 0 0 0 0 0 0 0 0 3
3 0 0 0 0 0 0 0 0 0 3
3 0 0 0 0 0 0 0 -1 -1 3
3 3 -1 -1 -1 -1 -1 -1 -1 3 3
3 3 3 3 3 -1 3 3 3 3 3
18:56:49.729148 - stdout  :: 1 0
18:56:49.741361 - stdin   :: 31 40 0 1
35 9
8 39
20 28
31 40
3 3 3 3 3 0 3 3 3 3 3
3 3 0 0 0 0 0 0 0 3 3
3 -1 -1 -1 -1 -1 0 0 0 0 3
3 -1 -1 -1 -1 -1 -1 0 0 0 3
3 -1 -1 -1 -1 -1 0 0 0 0 3
-1 -1 -1 -1 0 0 0 0 0 0 92
3 0 0 0 0 0 0 0 0 0 3
3 0 0 0 0 0 0 0 0 -1 3
3 0 0 0 0 0 0 -1 -1 -1 3
3 3 -1 -1 -1 -1 -1 -1 -1 3 3
3 3 3 3 3 -1 3 3 3 3 3
18:56:49.746677 - stdout  :: -1 0
18:56:49.759006 - stdin   :: 30 41 -1 1
34 8
8 40
19 28
30 41
3 3 3 3 3 -1 3 3 3 3 3
3 3 0 0 0 0 -1 -1 -1 3 3
3 0 0 0 0 0 0 0 -1 -1 3
3 -1 -1 -1 -1 0 0 0 0 0 3
3 -1 -1 -1 -1 -1 0 0 0 92 3
-1 -1 -1 -1 -1 0 0 0 0 92 92
3 -1 -1 0 0 0 0 0 0 92 3
3 0 0 0 0 0 0 0 0 0 3
3 0 0 0 0 0 0 0 -1 -1 3
3 3 0 0 0 0 -1 -1 -1 3 3
3 3 3 3 3 -1 3 3 3 3 3
18:56:49.764338 - stdout  :: 0 0
18:56:49.791367 - stdin   :: 29 42 -1 1
33 8
9 40
18 28
29 42
3 3 3 3 3 -1 3 3 3 3 3
3 3 -1 -1 -1 -1 -1 -1 -1 3 3
3 0 0 0 0 -1 -1 -1 -1 -1 3
3 0 0 0 0 0 0 -1 -1 -1 3
3 -1 -1 -1 0 0 0 0 0 -1 3
-1 -1 -1 -1 -1 0 0 0 92 92 92
3 -1 -1 -1 0 0 0 0 92 92 3
3 -1 0 0 0 0 0 0 92 92 3
3 0 0 0 0 0 0 0 0 -1 3
3 3 0 0 0 0 0 -1 -1 3 3
3 3 3 3 3 -1 3 3 3 3 3
18:56:49.797008 - stdout  :: 0 0
18:56:49.819404 - stdin   :: 28 43 -1 1
32 8
9 39
18 29
28 43
3 3 3 3 3 -1 3 3 3 3 3
3 3 -1 -1 -1 -1 -1 -1 -1 3 3
3 -1 -1 -1 -1 -1 -1 -1 -1 -1 3
3 0 0 0 -1 -1 -1 -1 -1 -1 3
3 0 0 0 0 0 -1 -1 -1 -1 3
-1 -1 -1 0 0 0 0 0 -1 -1 -1
3 -1 -1 -1 0 0 0 92 92 92 3
3 -1 -1 0 0 0 0 92 92 92 3
3 0 0 0 0 0 0 92 92 92 3
3 3 0 0 0 0 0 0 -1 3 3
3 3 3 3 3 0 3 3 3 3 3
18:56:49.825293 - stdout  :: 1 0
18:56:49.840749 - stdin   :: 28 44 0 1
31 9
9 38
18 29
28 44
3 3 3 3 3 -1 3 3 3 3 3
3 3 -1 -1 -1 -1 -1 -1 -1 3 3
3 -1 -1 -1 -1 -1 -1 -1 -1 -1 3
3 0 0 -1 -1 -1 -1 -1 -1 -1 3
3 0 0 0 0 -1 -1 -1 -1 -1 3
-1 -1 0 0 0 0 0 -1 -1 -1 -1
3 -1 -1 0 0 0 92 92 92 92 3
3 -1 0 0 0 0 92 92 92 92 3
3 0 0 0 0 0 92 92 92 92 3
3 3 0 0 0 0 0 -1 -1 3 3
3 3 3 3 3 -1 3 3 3 3 3
18:56:49.846651 - stdout  :: 0 0
18:56:49.861652 - stdin   :: 28 45 0 1
30 9
9 37
18 28
28 45
3 3 3 3 3 -1 3 3 3 3 3
3 3 -1 -1 -1 -1 -1 -1 -1 3 3
3 -1 -1 -1 -1 -1 -1 -1 -1 -1 3
3 0 -1 -1 -1 -1 -1 -1 -1 -1 3
3 0 0 0 -1 -1 -1 -1 -1 -1 3
-1 0 0 0 0 0 -1 -1 -1 -1 -1
3 -1 0 0 0 92 92 92 92 92 3
3 0 0 0 0 92 92 92 92 92 3
3 0 0 0 0 92 92 92 92 92 3
3 3 0 0 0 0 -1 -1 -1 3 3
3 3 3 3 3 -1 3 3 3 3 3
18:56:49.867252 - stdout  :: 1 0
18:56:49.881563 - stdin   :: 29 46 1 1
29 8
9 36
18 27
29 46
3 3 3 3 3 -1 3 3 3 3 3
3 3 -1 -1 -1 -1 -1 -1 -1 3 3
3 -1 -1 -1 -1 -1 -1 -1 -1 -1 3
3 0 0 -1 -1 -1 -1 -1 -1 -1 3
3 0 0 0 0 -1 -1 -1 -1 -1 3
-1 0 0 0 92 92 92 92 92 0 0
3 0 0 0 92 92 92 92 92 0 3
3 0 0 0 92 92 92 92 92 0 3
3 0 0 0 0 -1 -1 -1 -1 -1 3
3 3 0 -1 -1 -1 -1 -1 -1 3 3
3 3 3 3 3 -1 3 3 3 3 3
18:56:49.886801 - stdout  :: -1 0
18:56:49.900977 - stdin   :: 29 46 0 0
28 7
9 35
19 27
29 46
3 3 3 3 3 -1 3 3 3 3 3
3 3 -1 -1 -1 -1 -1 -1 -1 3 3
3 -1 -1 -1 -1 -1 -1 -1 -1 -1 3
3 0 0 -1 -1 -1 -1 -1 -1 -1 3
3 0 0 0 0 -1 -1 -1 -1 -1 3
-1 0 0 0 92 92 92 92 92 0 0
3 0 0 0 92 92 92 92 92 0 3
3 0 0 0 92 92 92 92 92 0 3
3 0 0 0 0 -1 -1 -1 -1 -1 3
3 3 0 -1 -1 -1 -1 -1 -1 3 3
3 3 3 3 3 -1 3 3 3 3 3
18:56:49.906224 - stdout  :: 0 1
18:56:49.920196 - stdin   :: 29 47 0 1
27 6
9 34
20 27
29 47
3 3 3 3 3 -1 3 3 3 3 3
3 3 -1 -1 -1 -1 -1 -1 -1 3 3
3 -1 -1 -1 -1 -1 -1 -1 -1 -1 3
3 0 -1 -1 -1 -1 -1 -1 -1 -1 3
3 0 0 0 -1 -1 -1 -1 -1 0 3
0 0 0 92 92 92 92 92 0 0 0
3 0 0 92 92 92 92 92 0 0 3
3 0 0 92 92 92 92 92 0 0 3
3 0 0 0 -1 -1 -1 -1 -1 -1 3
3 3 -1 -1 -1 -1 -1 -1 -1 3 3
3 3 3 3 3 -1 3 3 3 3 3
18:56:49.921033 - stdout  :: 0 0
18:56:49.936443 - stdin   :: 30 47 1 0
26 6
9 33
21 27
30 47
3 3 3 3 3 -1 3 3 3 3 3
3 3 -1 -1 -1 -1 -1 -1 -1 3 3
3 0 -1 -1 -1 -1 -1 -1 -1 -1 3
3 0 0 0 -1 -1 -1 -1 -1 0 3
3 0 0 92 92 92 92 92 0 0 3
0 0 0 92 92 92 92 92 0 0 0
3 0 0 92 92 92 92 92 0 0 3
3 0 0 0 -1 -1 -1 -1 -1 -1 3
3 0 -1 -1 -1 -1 -1 -1 -1 -1 3
3 3 -1 -1 -1 -1 -1 -1 -1 3 3
3 3 3 3 3 -1 3 3 3 3 3
18:56:49.937295 - stdout  :: -1 1
18:56:49.954660 - stdin   :: 30 47 0 0
25 6
10 32
21 27
30 47
3 3 3 3 3 -1 3 3 3 3 3
3 3 -1 -1 -1 -1 -1 -1 -1 3 3
3 0 -1 -1 -1 -1 -1 -1 -1 -1 3
3 0 0 0 -1 -1 -1 -1 -1 0 3
3 0 0 92 92 92 92 92 0 0 3
0 0 0 92 92 92 92 92 0 0 0
3 0 0 92 92 92 92 92 0 0 3
3 0 0 0 -1 -1 -1 -1 -1 -1 3
3 0 -1 -1 -1 -1 -1 -1 -1 -1 3
3 3 -1 -1 -1 -1 -1 -1 -1 3 3
3 3 3 3 3 -1 3 3 3 3 3
18:56:49.955325 - stdout  :: -1 1
18:56:49.968985 - stdin   :: 29 48 -1 1
24 7
12 32
20 27
29 48
3 3 3 3 3 -1 3 3 3 3 3
3 3 -1 -1 -1 -1 -1 -1 -1 3 3
3 -1 -1 -1 -1 -1 -1 -1 -1 -1 3
3 -1 -1 -1 -1 -1 -1 -1 -1 -1 3
3 0 0 -1 -1 -1 -1 -1 0 0 3
0 0 92 92 92 92 92 0 0 0 0
3 0 92 92 92 92 92 0 0 0 3
3 0 92 92 92 92 92 0 0 0 3
3 0 0 -1 -1 -1 -1 -1 -1 -1 3
3 3 -1 -1 -1 -1 -1 -1 -1 3 3
3 3 3 3 3 -1 3 3 3 3 3
18:56:49.969537 - stdout  :: 1 0
18:56:50.043561 - stdin   :: 29 48 0 0
19 13
16 32
16 27
29 48
3 3 3 3 3 -1 3 3 3 3 3
3 3 -1 -1 -1 -1 -1 -1 -1 3 3
3 -1 -1 -1 -1 -1 -1 -1 -1 -1 3
3 -1 -1 -1 -1 -1 -1 -1 -1 -1 3
3 0 0 -1 -1 -1 -1 -1 0 0 3
0 0 92 92 92 92 92 0 0 0 0
3 0 92 92 92 92 92 0 0 0 3
3 0 92 92 92 92 92 0 0 0 3
3 0 0 -1 -1 -1 -1 -1 -1 -1 3
3 3 -1 -1 -1 -1 -1 -1 -1 3 3
3 3 3 3 3 -1 3 3 3 3 3
18:56:50.044263 - stdout  :: 0 1
18:56:50.056893 - stdin   :: 29 49 0 1
19 14
16 32
15 27
29 49
3 3 3 3 3 -1 3 3 3 3 3
3 3 -1 -1 -1 -1 -1 -1 -1 3 3
3 -1 -1 -1 -1 -1 -1 -1 -1 0 3
3 -1 -1 -1 -1 -1 -1 -1 -1 0 3
3 0 -1 -1 -1 -1 -1 0 0 0 3
0 92 92 92 92 92 0 0 0 0 0
3 92 92 92 92 92 0 0 0 0 3
3 92 92 92 92 92 0 0 0 0 3
3 0 -1 -1 -1 -1 -1 -1 -1 -1 3
3 3 -1 -1 -1 -1 -1 -1 -1 3 3
3 3 3 3 3 -1 3 3 3 3 3
18:56:50.057440 - stdout  :: 0 0
18:56:50.069703 - stdin   :: 30 49 1 0
19 15
16 32
15 26
30 49
3 3 3 3 3 -1 3 3 3 3 3
3 3 -1 -1 -1 -1 -1 -1 -1 3 3
3 -1 -1 -1 -1 -1 -1 -1 -1 0 3
3 0 -1 -1 -1 -1 -1 0 0 0 3
3 92 92 92 92 92 0 0 0 0 3
0 92 92 92 92 92 0 0 0 0 0
3 92 92 92 92 92 0 0 0 0 3
3 0 -1 -1 -1 -1 -1 -1 -1 -1 3
3 -1 -1 -1 -1 -1 -1 -1 -1 -1 3
3 3 -1 -1 -1 -1 -1 -1 -1 3 3
3 3 3 3 3 -1 3 3 3 3 3
18:56:50.070180 - stdout  :: -1 1
18:56:50.083849 - stdin   :: 30 48 0 -1
19 16
15 33
16 26
30 48
3 3 3 3 3 -1 3 3 3 3 3
3 3 -1 -1 -1 -1 -1 -1 -1 3 3
3 -1 -1 -1 -1 -1 -1 -1 -1 -1 3
3 0 0 -1 -1 -1 -1 -1 0 0 3
3 0 92 92 92 92 92 0 0 0 3
0 0 92 92 92 92 92 0 0 0 0
3 0 92 92 92 92 92 0 0 0 3
3 0 0 -1 -1 -1 -1 -1 -1 -1 3
3 -1 -1 -1 -1 -1 -1 -1 -1 -1 3
3 3 -1 -1 -1 -1 -1 -1 -1 3 3
3 3 3 3 3 -1 3 3 3 3 3
18:56:50.084391 - stdout  :: -1 1
18:56:50.098356 - stdin   :: 30 47 0 -1
18 17
14 34
16 25
30 47
3 3 3 3 3 -1 3 3 3 3 3
3 3 -1 -1 -1 -1 -1 -1 -1 3 3
3 0 -1 -1 -1 -1 -1 -1 -1 -1 3
3 0 0 0 -1 -1 -1 -1 -1 0 3
3 0 0 92 92 92 92 92 0 0 3
0 0 0 92 92 92 92 92 0 0 0
3 0 0 92 92 92 92 92 0 0 3
3 0 0 0 -1 -1 -1 -1 -1 -1 3
3 0 -1 -1 -1 -1 -1 -1 -1 -1 3
3 3 -1 -1 -1 -1 -1 -1 -1 3 3
3 3 3 3 3 -1 3 3 3 3 3
18:56:50.099050 - stdout  :: -1 1
18:56:50.112842 - stdin   :: 30 46 0 -1
17 17
13 35
17 25
30 46
3 3 3 3 3 -1 3 3 3 3 3
3 3 -1 -1 -1 -1 -1 -1 -1 3 3
3 0 0 -1 -1 -1 -1 -1 -1 -1 3
3 0 0 0 0 -1 -1 -1 -1 -1 3
3 0 0 0 92 92 92 92 92 0 3
0 0 0 0 92 92 92 92 92 0 0
3 0 0 0 92 92 92 92 92 0 3
3 0 0 0 0 -1 -1 -1 -1 -1 3
3 0 0 -1 -1 -1 -1 -1 -1 -1 3
3 3 -1 -1 -1 -1 -1 -1 -1 3 3
3 3 3 3 3 -1 3 3 3 3 3
18:56:50.113683 - stdout  :: -1 1
18:56:50.127079 - stdin   :: 30 45 0 -1
16 17
12 35
18 25
30 45
3 3 3 3 3 -1 3 3 3 3 3
3 3 -1 -1 -1 -1 -1 -1 -1 3 3
3 0 0 0 -1 -1 -1 -1 -1 -1 3
3 0 0 0 0 0 -1 -1 -1 -1 3
3 -1 0 0 0 92 92 92 92 92 3
-1 0 0 0 0 92 92 92 92 92 0
3 0 0 0 0 92 92 92 92 92 3
3 0 0 0 0 0 -1 -1 -1 -1 3
3 0 0 0 -1 -1 -1 -1 -1 -1 3
3 3 -1 -1 -1 -1 -1 -1 -1 3 3
3 3 3 3 3 -1 3 3 3 3 3
18:56:50.132742 - stdout  :: -1 1
18:56:50.146588 - stdin   :: 29 45 -1 0
15 16
11 35
19 25
29 45
3 3 3 3 3 -1 3 3 3 3 3
3 3 -1 -1 -1 -1 -1 -1 -1 3 3
3 0 -1 -1 -1 -1 -1 -1 -1 -1 3
3 0 0 0 -1 -1 -1 -1 -1 -1 3
3 0 0 0 0 0 -1 -1 -1 -1 3
-1 -1 0 0 0 92 92 92 92 92 0
3 0 0 0 0 92 92 92 92 92 3
3 0 0 0 0 92 92 92 92 92 3
3 0 0 0 0 0 -1 -1 -1 -1 3
3 3 0 0 -1 -1 -1 -1 -1 3 3
3 3 3 3 3 -1 3 3 3 3 3
18:56:50.152619 - stdout  :: 1 1
18:56:50.166199 - stdin   :: 28 45 -1 0
14 15
10 35
19 25
28 45
3 3 3 3 3 -1 3 3 3 3 3
3 3 -1 -1 -1 -1 -1 -1 -1 3 3
3 -1 -1 -1 -1 -1 -1 -1 -1 -1 3
3 0 -1 -1 -1 -1 -1 -1 -1 -1 3
3 0 0 0 -1 -1 -1 -1 -1 -1 3
-1 0 0 0 0 0 -1 -1 -1 -1 -1
3 -1 0 0 0 92 92 92 92 92 3
3 0 0 0 0 92 92 92 92 92 3
3 0 0 0 0 92 92 92 92 92 3
3 3 0 0 0 0 -1 -1 -1 3 3
3 3 3 3 3 -1 3 3 3 3 3
18:56:50.171890 - stdout  :: 1 1
18:56:50.252887 - stdin   :: 28 45 0 0
10 18
9 31
15 25
28 45
3 3 3 3 3 -1 3 3 3 3 3
3 3 -1 -1 -1 -1 -1 -1 -1 3 3
3 -1 -1 -1 -1 -1 -1 -1 -1 -1 3
3 0 -1 -1 -1 -1 -1 -1 -1 -1 3
3 0 0 0 -1 -1 -1 -1 -1 -1 3
-1 0 0 0 0 0 -1 -1 -1 -1 -1
3 -1 0 0 0 92 92 92 92 92 3
3 0 0 0 0 92 92 92 92 92 3
3 0 0 0 0 92 92 92 92 92 3
3 3 0 0 0 0 -1 -1 -1 3 3
3 3 3 3 3 -1 3 3 3 3 3
18:56:50.261561 - stdout  :: 1 1
18:56:50.277882 - stdin   :: 29 46 1 1
10 19
8 31
14 25
29 46
3 3 3 3 3 -1 3 3 3 3 3
3 3 -1 -1 -1 -1 -1 -1 -1 3 3
3 -1 -1 -1 -1 -1 -1 -1 -1 -1 3
3 0 0 -1 -1 -1 -1 -1 -1 -1 3
3 0 0 0 0 -1 -1 -1 -1 -1 3
-1 0 0 0 92 92 92 92 92 0 0
3 0 0 0 92 92 92 92 92 0 3
3 0 0 0 92 92 92 92 92 0 3
3 0 0 0 0 -1 -1 -1 -1 -1 3
3 3 0 -1 -1 -1 -1 -1 -1 3 3
3 3 3 3 3 -1 3 3 3 3 3
18:56:50.283131 - stdout  :: -1 0
18:56:50.297317 - stdin   :: 30 46 1 0
10 20
7 31
14 26
30 46
3 3 3 3 3 -1 3 3 3 3 3
3 3 -1 -1 -1 -1 -1 -1 -1 3 3
3 0 0 -1 -1 -1 -1 -1 -1 -1 3
3 0 0 0 0 -1 -1 -1 -1 -1 3
3 0 0 0 92 92 92 92 92 0 3
0 0 0 0 92 92 92 92 92 0 0
3 0 0 0 92 92 92 92 92 0 3
3 0 0 0 0 -1 -1 -1 -1 -1 3
3 0 0 -1 -1 -1 -1 -1 -1 -1 3
3 3 -1 -1 -1 -1 -1 -1 -1 3 3
3 3 3 3 3 -1 3 3 3 3 3
18:56:50.298183 - stdout  :: -1 1
18:56:50.312161 - stdin   :: 30 47 0 1
10 21
5 32
13 26
30 47
3 3 3 3 3 -1 3 3 3 3 3
3 3 -1 -1 -1 -1 -1 -1 -1 3 3
3 0 -1 -1 -1 -1 -1 -1 -1 -1 3
3 0 0 0 -1 -1 -1 -1 -1 0 3
3 0 0 92 92 92 92 92 0 0 3
0 0 0 92 92 92 92 92 0 0 0
3 0 0 92 92 92 92 92 0 0 3
3 0 0 0 -1 -1 -1 -1 -1 -1 3
3 0 -1 -1 -1 -1 -1 -1 -1 -1 3
3 3 -1 -1 -1 -1 -1 -1 -1 3 3
3 3 3 3 3 -1 3 3 3 3 3
18:56:50.312840 - stdout  :: -1 0
18:56:50.327020 - stdin   :: 31 47 1 0
11 22
5 32
12 26
31 47
3 3 3 3 3 -1 3 3 3 3 3
3 3 -1 -1 -1 -1 -1 -1 -1 3 3
3 0 0 0 -1 -1 -1 -1 -1 0 3
3 0 0 92 92 92 92 92 0 0 3
3 0 0 92 92 92 92 92 0 0 3
0 0 0 92 92 92 92 92 0 0 0
3 0 0 0 -1 -1 -1 -1 -1 -1 3
3 0 -1 -1 -1 -1 -1 -1 -1 -1 3
3 -1 -1 -1 -1 -1 -1 -1 -1 -1 3
3 3 -1 -1 -1 -1 -1 -1 -1 3 3
3 3 3 3 3 -1 3 3 3 3 3
18:56:50.327755 - stdout  :: -1 1
18:56:50.341009 - stdin   :: 31 47 0 0
11 23
5 32
11 26
31 47
3 3 3 3 3 -1 3 3 3 3 3
3 3 -1 -1 -1 -1 -1 -1 -1 3 3
3 0 0 0 -1 -1 -1 -1 -1 0 3
3 0 0 92 92 92 92 92 0 0 3
3 0 0 92 92 92 92 92 0 0 3
0 0 0 92 92 92 92 92 0 0 0
3 0 0 0 -1 -1 -1 -1 -1 -1 3
3 0 -1 -1 -1 -1 -1 -1 -1 -1 3
3 -1 -1 -1 -1 -1 -1 -1 -1 -1 3
3 3 -1 -1 -1 -1 -1 -1 -1 3 3
3 3 3 3 3 -1 3 3 3 3 3
18:56:50.341675 - stdout  :: -1 1
18:56:50.355318 - stdin   :: 30 48 -1 1
10 24
5 32
11 27
30 48
3 3 3 3 3 -1 3 3 3 3 3
3 3 -1 -1 -1 -1 -1 -1 -1 3 3
3 -1 -1 -1 -1 -1 -1 -1 -1 -1 3
3 0 0 -1 -1 -1 -1 -1 0 0 3
3 0 92 92 92 92 92 0 0 0 3
0 0 92 92 92 92 92 0 0 0 0
3 0 92 92 92 92 92 0 0 0 3
3 0 0 -1 -1 -1 -1 -1 -1 -1 3
3 -1 -1 -1 -1 -1 -1 -1 -1 -1 3
3 3 -1 -1 -1 -1 -1 -1 -1 3 3
3 3 3 3 3 -1 3 3 3 3 3
18:56:50.355813 - stdout  :: 0 0
18:56:50.368356 - stdin   :: 30 49 0 1
9 25
5 32
10 27
30 49
3 3 3 3 3 -1 3 3 3 3 3
3 3 -1 -1 -1 -1 -1 -1 -1 3 3
3 -1 -1 -1 -1 -1 -1 -1 -1 0 3
3 0 -1 -1 -1 -1 -1 0 0 0 3
3 92 92 92 92 92 0 0 0 0 3
0 92 92 92 92 92 0 0 0 0 0
3 92 92 92 92 92 0 0 0 0 3
3 0 -1 -1 -1 -1 -1 -1 -1 -1 3
3 -1 -1 -1 -1 -1 -1 -1 -1 -1 3
3 3 -1 -1 -1 -1 -1 -1 -1 3 3
3 3 3 3 3 -1 3 3 3 3 3
18:56:50.368915 - stdout  :: -1 0
18:56:50.381644 - stdin   :: 29 49 -1 0
8 26
5 32
10 28
29 49
3 3 3 3 3 -1 3 3 3 3 3
3 3 -1 -1 -1 -1 -1 -1 -1 3 3
3 -1 -1 -1 -1 -1 -1 -1 -1 0 3
3 -1 -1 -1 -1 -1 -1 -1 -1 0 3
3 0 -1 -1 -1 -1 -1 0 0 0 3
0 92 92 92 92 92 0 0 0 0 0
3 92 92 92 92 92 0 0 0 0 3
3 92 92 92 92 92 0 0 0 0 3
3 0 -1 -1 -1 -1 -1 -1 -1 -1 3
3 3 -1 -1 -1 -1 -1 -1 -1 3 3
3 3 3 3 3 -1 3 3 3 3 3
18:56:50.382103 - stdout  :: 1 1
18:56:50.394968 - stdin   :: 29 48 0 -1
7 27
5 32
9 28
29 48
3 3 3 3 3 -1 3 3 3 3 3
3 3 -1 -1 -1 -1 -1 -1 -1 3 3
3 -1 -1 -1 -1 -1 -1 -1 -1 -1 3
3 -1 -1 -1 -1 -1 -1 -1 -1 -1 3
3 0 0 -1 -1 -1 -1 -1 0 0 3
0 0 92 92 92 92 92 0 0 0 0
3 0 92 92 92 92 92 0 0 0 3
3 0 92 92 92 92 92 0 0 0 3
3 0 0 -1 -1 -1 -1 -1 -1 -1 3
3 3 -1 -1 -1 -1 -1 -1 -1 3 3
3 3 3 3 3 -1 3 3 3 3 3
18:56:50.395445 - stdout  :: -1 1
18:56:50.409729 - stdin   :: 29 48 0 0
6 28
6 32
8 28
29 48
3 3 3 3 3 -1 3 3 3 3 3
3 3 -1 -1 -1 -1 -1 -1 -1 3 3
3 -1 -1 -1 -1 -1 -1 -1 -1 -1 3
3 -1 -1 -1 -1 -1 -1 -1 -1 -1 3
3 0 0 -1 -1 -1 -1 -1 0 0 3
0 0 92 92 92 92 92 0 0 0 0
3 0 92 92 92 92 92 0 0 0 3
3 0 92 92 92 92 92 0 0 0 3
3 0 0 -1 -1 -1 -1 -1 -1 -1 3
3 3 -1 -1 -1 -1 -1 -1 -1 3 3
3 3 3 3 3 -1 3 3 3 3 3
18:56:50.410238 - stdout  :: 0 1
18:56:50.424720 - stdin   :: 29 49 0 1
5 28
7 32
7 28
29 49
3 3 3 3 3 -1 3 3 3 3 3
3 3 -1 -1 -1 -1 -1 -1 -1 3 3
3 -1 -1 -1 -1 -1 -1 -1 -1 0 3
3 -1 -1 -1 -1 -1 -1 -1 -1 0 3
3 0 -1 -1 -1 -1 -1 0 0 0 3
0 92 92 92 92 92 0 0 0 0 0
3 92 92 92 92 92 0 0 0 0 3
3 92 92 92 92 92 0 0 0 0 3
3 0 -1 -1 -1 -1 -1 -1 -1 -1 3
3 3 -1 -1 -1 -1 -1 -1 -1 3 3
3 3 3 3 3 -1 3 3 3 3 3
18:56:50.425217 - stdout  :: 0 0
18:56:50.517833 - stdin   :: 29 49 0 0
5 32
16 34
3 30
29 49
3 3 3 3 3 -1 3 3 3 3 3
3 3 -1 -1 -1 -1 -1 -1 -1 3 3
3 -1 -1 -1 -1 -1 -1 -1 -1 0 3
3 -1 -1 -1 -1 -1 -1 -1 -1 0 3
3 0 -1 -1 -1 -1 -1 0 0 0 3
0 92 92 92 92 92 0 0 0 0 0
3 92 92 92 92 92 0 0 0 0 3
3 92 92 92 92 92 0 0 0 0 3
3 0 -1 -1 -1 -1 -1 -1 -1 -1 3
3 3 -1 -1 -1 -1 -1 -1 -1 3 3
3 3 3 3 3 -1 3 3 3 3 3
18:56:50.518377 - stdout  :: 0 1
18:56:50.531914 - stdin   :: 29 50 0 1
6 32
16 34
3 31
29 50
3 3 3 3 3 -1 3 3 3 3 3
3 3 -1 -1 -1 -1 -1 -1 0 3 3
3 -1 -1 -1 -1 -1 -1 -1 0 0 3
3 -1 -1 -1 -1 -1 -1 -1 0 0 3
3 -1 -1 -1 -1 -1 0 0 0 0 3
92 92 92 92 92 0 0 0 0 0 0
3 92 92 92 92 0 0 0 0 0 3
3 92 92 92 92 0 0 0 0 -1 3
3 -1 -1 -1 -1 -1 -1 -1 -1 -1 3
3 3 -1 -1 -1 -1 -1 -1 -1 3 3
3 3 3 3 3 -1 3 3 3 3 3
18:56:50.532427 - stdout  :: -1 0
18:56:50.546442 - stdin   :: 28 51 -1 1
7 32
16 34
3 31
28 51
3 3 3 3 3 -1 3 3 3 3 3
3 3 -1 -1 -1 -1 -1 100 100 3 3
3 -1 -1 -1 -1 -1 -1 0 0 0 3
3 -1 -1 -1 -1 -1 -1 0 0 0 3
3 -1 -1 -1 -1 -1 -1 0 0 0 3
-1 -1 -1 -1 -1 0 0 0 0 0 -1
3 92 92 92 0 0 0 0 0 0 3
3 92 92 92 0 0 0 0 0 -1 3
3 92 92 92 0 0 0 0 -1 -1 3
3 3 -1 -1 -1 -1 -1 -1 -1 3 3
3 3 3 3 3 -1 3 3 3 3 3
18:56:50.546899 - stdout  :: 1 0
18:56:50.560861 - stdin   :: 28 52 0 1
8 31
16 34
3 30
28 52
3 3 3 3 3 -1 3 3 3 3 3
3 3 -1 -1 -1 -1 100 100 100 3 3
3 -1 -1 -1 -1 -1 0 0 0 -1 3
3 -1 -1 -1 -1 -1 0 0 0 -1 3
3 -1 -1 -1 -1 -1 0 0 0 -1 3
-1 -1 -1 -1 0 0 0 0 0 -1 -1
3 92 92 0 0 0 0 0 0 -1 3
3 92 92 0 0 0 0 0 -1 -1 3
3 92 92 0 0 0 0 -1 -1 -1 3
3 3 -1 -1 -1 -1 -1 -1 -1 3 3
3 3 3 3 3 -1 3 3 3 3 3
18:56:50.561320 - stdout  :: -1 0
18:56:50.575076 - stdin   :: 27 53 -1 1
9 31
16 34
3 29
27 53
3 3 3 3 3 100 3 3 3 3 3
3 3 -1 -1 -1 100 100 100 100 3 3
3 -1 -1 -1 -1 100 100 100 100 -1 3
3 -1 -1 -1 -1 0 0 0 -1 -1 3
3 -1 -1 -1 -1 0 0 0 -1 -1 3
-1 -1 -1 -1 -1 0 0 0 -1 -1 -1
3 -1 -1 0 0 0 0 0 -1 -1 3
3 92 0 0 0 0 0 0 -1 -1 3
3 92 0 0 0 0 0 -1 -1 -1 3
3 3 0 0 0 0 -1 -1 -1 3 3
3 3 3 3 3 -1 3 3 3 3 3
18:56:50.575542 - stdout  :: 0 -1
18:56:50.589106 - stdin   :: 26 53 -1 0
10 32
16 34
3 28
26 53
3 3 3 3 3 100 3 3 3 3 3
3 3 -1 -1 100 100 100 100 100 3 3
3 -1 -1 -1 -1 100 100 100 100 -1 3
3 -1 -1 -1 -1 100 100 100 100 -1 3
3 -1 -1 -1 -1 0 0 0 -1 -1 3
-1 -1 -1 -1 -1 0 0 0 -1 -1 -1
3 -1 -1 -1 -1 0 0 0 -1 -1 3
3 -1 -1 0 0 0 0 0 -1 -1 3
3 92 0 0 0 0 0 0 -1 -1 3
3 3 0 0 0 0 0 -1 -1 3 3
3 3 3 3 3 0 3 3 3 3 3
18:56:50.589566 - stdout  :: 0 0
18:56:50.604911 - stdin   :: 25 53 -1 0
11 33
15 33
4 28
25 53
3 3 3 3 3 100 3 3 3 3 3
3 3 -1 -1 100 100 100 100 -1 3 3
3 -1 -1 -1 100 100 100 100 100 -1 3
3 -1 -1 -1 -1 100 100 100 100 -1 3
3 -1 -1 -1 -1 100 100 100 100 -1 3
-1 -1 -1 -1 -1 0 0 0 -1 -1 -1
3 -1 -1 -1 -1 0 0 0 -1 -1 3
3 -1 -1 -1 -1 0 0 0 -1 -1 3
3 -1 -1 0 0 0 0 0 -1 -1 3
3 3 0 0 0 0 0 0 -1 3 3
3 3 3 3 3 0 3 3 3 3 3
18:56:50.605383 - stdout  :: 0 0
18:56:55.430682 - stdin   :: ~~~END~~~
18:56:55.440966 - control :: Server has terminated, no more data.
