18:19:54.902309 - control :: Starting bot process.
18:19:55.025951 - control :: Bot has initialised, connecting to server.
18:19:55.028802 - stdin   :: 30 30 4 8
18:19:55.038155 - stdin   :: 5 2 0 0
3 3
2 2
3 2
5 2
3 3 3 3 3 3 3 3 -1 3 3 3 3 3 3 3 3
3 3 3 3 3 -1 -1 -1 -1 -1 -1 -1 3 3 3 3 3
3 3 3 -1 -1 -1 -1 -1 -1 -1 -1 -1 -1 -1 3 3 3
3 3 -1 -1 -1 -1 -1 -1 -1 -1 -1 -1 -1 -1 -1 3 3
3 3 -1 -1 -1 -1 -1 -1 -1 -1 -1 -1 -1 -1 -1 3 3
3 -1 -1 -1 -1 -1 -1 -1 1 -1 0 0 0 0 0 0 3
3 -1 -1 -1 -1 -1 -1 -1 1 0 0 0 0 0 0 0 3
3 -1 -1 -1 -1 -1 -1 -1 1 0 0 0 0 0 0 0 3
-1 -1 -1 -1 -1 -1 -1 -1 1 -1 0 0 0 0 0 0 0
3 -1 -1 -1 -1 -1 -1 -1 -1 -1 -1 -1 -1 -1 0 0 3
3 -1 -1 -1 -1 -1 -1 -1 -1 -1 -1 -1 -1 0 0 0 3
3 -1 -1 -1 -1 -1 -1 -1 -1 -1 -1 -1 0 0 0 0 3
3 3 -1 -1 -1 -1 -1 -1 -1 -1 -1 0 0 0 0 3 3
3 3 -1 -1 -1 -1 -1 -1 -1 -1 -1 0 0 0 -1 3 3
3 3 3 -1 -1 -1 -1 -1 -1 -1 -1 0 0 0 3 3 3
3 3 3 3 3 -1 -1 -1 -1 -1 0 0 3 3 3 3 3
3 3 3 3 3 3 3 3 -1 3 3 3 3 3 3 3 3
18:19:55.039054 - stdout  :: -1 1
18:19:55.048836 - stdin   :: 4 3 -1 1
4 4
2 2
3 2
4 3
3 3 3 3 3 3 3 3 -1 3 3 3 3 3 3 3 3
3 3 3 3 3 -1 -1 -1 -1 -1 -1 -1 3 3 3 3 3
3 3 3 -1 -1 -1 -1 -1 -1 -1 -1 -1 -1 -1 3 3 3
3 3 -1 -1 -1 -1 -1 -1 -1 -1 -1 -1 -1 -1 -1 3 3
3 3 -1 -1 -1 -1 -1 -1 -1 -1 -1 -1 -1 -1 -1 3 3
3 -1 -1 -1 -1 -1 -1 -1 -1 -1 -1 -1 -1 -1 -1 -1 3
3 -1 -1 -1 -1 -1 -1 1 -1 0 0 0 0 0 0 -1 3
3 -1 -1 -1 -1 -1 -1 1 0 0 0 0 0 0 0 0 3
-1 -1 -1 -1 -1 -1 -1 1 0 0 0 0 0 0 0 0 -1
3 -1 -1 -1 -1 -1 -1 1 -1 0 0 0 0 0 0 0 3
3 -1 -1 -1 -1 -1 -1 -1 -1 -1 -1 -1 -1 0 0 0 3
3 -1 -1 -1 -1 -1 -1 -1 -1 -1 -1 -1 0 0 0 0 3
3 3 -1 -1 -1 -1 -1 -1 -1 -1 -1 0 0 0 0 3 3
3 3 -1 -1 -1 -1 -1 -1 -1 -1 0 0 0 0 -1 3 3
3 3 3 -1 -1 -1 -1 -1 -1 -1 0 0 0 -1 3 3 3
3 3 3 3 3 -1 -1 -1 -1 -1 0 0 3 3 3 3 3
3 3 3 3 3 3 3 3 -1 3 3 3 3 3 3 3 3
18:19:55.049556 - stdout  :: 1 1
18:19:55.059632 - stdin   :: 4 5 0 2
5 5
3 3
2 2
4 5
3 3 3 3 3 3 3 3 -1 3 3 3 3 3 3 3 3
3 3 3 3 3 -1 -1 -1 -1 -1 -1 -1 3 3 3 3 3
3 3 3 -1 -1 -1 -1 -1 -1 -1 -1 -1 -1 -1 3 3 3
3 3 -1 -1 -1 -1 -1 -1 -1 -1 -1 -1 -1 -1 -1 3 3
3 3 -1 -1 -1 -1 -1 -1 -1 -1 -1 -1 -1 -1 -1 3 3
3 -1 -1 -1 -1 -1 -1 -1 -1 -1 -1 -1 -1 -1 -1 -1 3
3 -1 -1 -1 -1 1 -1 0 0 0 0 0 0 -1 -1 -1 3
3 -1 -1 -1 -1 1 0 0 0 0 0 0 0 0 -1 -1 3
-1 -1 -1 -1 -1 1 0 0 0 0 0 0 0 0 -1 -1 -1
3 -1 -1 -1 -1 1 -1 0 0 0 0 0 0 0 -1 -1 3
3 -1 -1 -1 -1 -1 -1 -1 -1 -1 -1 0 0 0 -1 -1 3
3 -1 -1 -1 -1 -1 -1 -1 -1 -1 0 0 0 0 -1 -1 3
3 3 -1 -1 -1 -1 -1 -1 -1 0 0 0 0 -1 -1 3 3
3 3 -1 -1 -1 -1 -1 -1 0 0 0 0 -1 -1 -1 3 3
3 3 3 -1 -1 -1 -1 -1 0 0 0 -1 -1 -1 3 3 3
3 3 3 3 3 -1 -1 -1 0 0 0 -1 3 3 3 3 3
3 3 3 3 3 3 3 3 0 3 3 3 3 3 3 3 3
18:19:55.060499 - stdout  :: 1 -1
18:19:55.069697 - stdin   :: 5 6 1 1
5 5
4 4
2 2
5 6
3 3 3 3 3 3 3 3 -1 3 3 3 3 3 3 3 3
3 3 3 3 3 -1 -1 -1 -1 -1 -1 -1 3 3 3 3 3
3 3 3 -1 -1 -1 -1 -1 -1 -1 -1 -1 -1 -1 3 3 3
3 3 -1 -1 -1 -1 -1 -1 -1 -1 -1 -1 -1 -1 -1 3 3
3 3 -1 -1 -1 -1 -1 -1 -1 -1 -1 -1 -1 -1 -1 3 3
3 -1 -1 -1 1 -1 0 0 0 0 0 0 -1 -1 -1 -1 3
3 -1 -1 -1 1 0 0 0 0 0 0 0 0 -1 -1 -1 3
3 -1 -1 -1 1 0 0 0 0 0 0 0 0 -1 -1 -1 3
-1 -1 -1 -1 1 -1 0 0 0 0 0 0 0 -1 -1 -1 -1
3 -1 -1 -1 -1 -1 -1 -1 -1 -1 0 0 0 -1 -1 -1 3
3 -1 -1 -1 -1 -1 -1 -1 -1 0 0 0 0 -1 -1 -1 3
3 -1 -1 -1 -1 -1 -1 -1 0 0 0 0 -1 -1 -1 -1 3
3 3 -1 -1 -1 -1 -1 0 0 0 0 -1 -1 -1 -1 3 3
3 3 -1 -1 -1 -1 -1 0 0 0 -1 -1 -1 -1 -1 3 3
3 3 3 -1 -1 -1 -1 0 0 0 -1 -1 -1 -1 3 3 3
3 3 3 3 3 -1 0 0 0 0 -1 -1 3 3 3 3 3
3 3 3 3 3 3 3 3 0 3 3 3 3 3 3 3 3
18:19:55.071874 - stdout  :: -1 0
18:19:55.078593 - stdin   :: 5 7 0 1
5 5
5 4
3 2
5 7
3 3 3 3 3 3 3 3 -1 3 3 3 3 3 3 3 3
3 3 3 3 3 -1 -1 -1 -1 -1 -1 -1 3 3 3 3 3
3 3 3 -1 -1 -1 -1 -1 -1 -1 -1 -1 -1 -1 3 3 3
3 3 -1 -1 -1 -1 -1 -1 -1 -1 -1 -1 -1 -1 -1 3 3
3 3 -1 -1 -1 -1 -1 -1 -1 -1 -1 -1 -1 -1 -1 3 3
3 -1 -1 1 -1 0 0 0 0 0 0 -1 -1 -1 -1 -1 3
3 -1 -1 1 0 0 0 0 0 0 0 0 -1 -1 -1 -1 3
3 -1 -1 1 0 0 0 0 0 0 0 0 -1 -1 -1 -1 3
-1 -1 -1 1 -1 0 0 0 0 0 0 0 -1 -1 -1 -1 -1
3 -1 -1 -1 -1 -1 -1 -1 -1 0 0 0 -1 -1 -1 -1 3
3 -1 -1 -1 -1 -1 -1 -1 0 0 0 0 -1 -1 -1 -1 3
3 -1 -1 -1 -1 -1 -1 0 0 0 0 -1 -1 -1 -1 -1 3
3 3 -1 -1 -1 -1 0 0 0 0 -1 -1 -1 -1 -1 3 3
3 3 -1 -1 -1 -1 0 0 0 -1 -1 -1 -1 -1 -1 3 3
3 3 3 -1 -1 -1 0 0 0 -1 -1 -1 -1 -1 3 3 3
3 3 3 3 3 0 0 0 0 -1 -1 -1 3 3 3 3 3
3 3 3 3 3 3 3 3 -1 3 3 3 3 3 3 3 3
18:19:55.079266 - stdout  :: 1 0
18:19:55.085446 - stdin   :: 6 8 1 1
5 5
5 4
3 3
6 8
3 3 3 3 3 3 3 3 -1 3 3 3 3 3 3 3 3
3 3 3 3 3 -1 -1 -1 -1 -1 -1 -1 3 3 3 3 3
3 3 3 -1 -1 -1 -1 -1 -1 -1 -1 -1 -1 -1 3 3 3
3 3 -1 -1 -1 -1 -1 -1 -1 -1 -1 -1 -1 -1 -1 3 3
3 3 1 -1 0 0 0 0 0 0 -1 -1 -1 -1 -1 3 3
3 -1 1 0 0 0 0 0 0 0 0 -1 -1 -1 -1 -1 3
3 -1 1 0 0 0 0 0 0 0 0 -1 -1 -1 -1 -1 3
3 -1 1 -1 0 0 0 0 0 0 0 -1 -1 -1 -1 -1 3
-1 -1 -1 -1 -1 -1 -1 -1 0 0 0 -1 -1 -1 -1 -1 -1
3 -1 -1 -1 -1 -1 -1 0 0 0 0 -1 -1 -1 -1 -1 3
3 -1 -1 -1 -1 -1 0 0 0 0 -1 -1 -1 -1 -1 -1 3
3 -1 -1 -1 -1 0 0 0 0 -1 -1 -1 -1 -1 -1 -1 3
3 3 -1 -1 -1 0 0 0 -1 -1 -1 -1 -1 -1 -1 3 3
3 3 -1 -1 -1 0 0 0 -1 -1 -1 -1 -1 -1 -1 3 3
3 3 3 -1 0 0 0 0 -1 -1 -1 -1 -1 -1 3 3 3
3 3 3 3 3 0 0 -1 -1 -1 -1 -1 3 3 3 3 3
3 3 3 3 3 3 3 3 -1 3 3 3 3 3 3 3 3
18:19:55.086055 - stdout  :: 0 -1
18:19:55.092647 - stdin   :: 7 8 1 0
5 5
4 3
4 4
7 8
3 3 3 3 3 3 3 3 -1 3 3 3 3 3 3 3 3
3 3 3 3 3 -1 -1 -1 -1 -1 -1 -1 3 3 3 3 3
3 3 3 -1 -1 -1 -1 -1 -1 -1 -1 -1 -1 -1 3 3 3
3 3 1 -1 0 0 0 0 0 0 -1 -1 -1 -1 -1 3 3
3 3 1 0 0 0 0 0 0 0 0 -1 -1 -1 -1 3 3
3 -1 1 0 0 0 0 0 0 0 0 -1 -1 -1 -1 -1 3
3 -1 1 -1 0 0 0 0 0 0 0 -1 -1 -1 -1 -1 3
3 -1 -1 -1 -1 -1 -1 -1 0 0 0 -1 -1 -1 -1 -1 3
-1 -1 -1 -1 -1 -1 -1 0 0 0 0 -1 -1 -1 -1 -1 -1
3 -1 -1 -1 -1 -1 0 0 0 0 -1 -1 -1 -1 -1 -1 3
3 -1 -1 -1 -1 0 0 0 0 -1 -1 -1 -1 -1 -1 -1 3
3 -1 -1 -1 -1 0 0 0 -1 -1 -1 -1 -1 -1 -1 -1 3
3 3 -1 -1 -1 0 0 0 -1 -1 -1 -1 -1 -1 -1 3 3
3 3 -1 -1 0 0 0 0 -1 -1 -1 -1 -1 -1 0 3 3
3 3 3 -1 0 0 0 -1 -1 -1 -1 -1 -1 0 3 3 3
3 3 3 3 3 0 0 -1 -1 -1 -1 -1 3 3 3 3 3
3 3 3 3 3 3 3 3 -1 3 3 3 3 3 3 3 3
18:19:55.093291 - stdout  :: 0 -1
18:19:55.099430 - stdin   :: 8 7 1 -1
5 5
3 2
4 4
8 7
3 3 3 3 3 3 3 3 -1 3 3 3 3 3 3 3 3
3 3 3 3 3 -1 -1 -1 -1 -1 -1 -1 3 3 3 3 3
3 3 3 1 -1 0 0 0 0 0 0 -1 -1 -1 3 3 3
3 3 -1 1 0 0 0 0 0 0 0 0 -1 -1 -1 3 3
3 3 -1 1 0 0 0 0 0 0 0 0 -1 -1 -1 3 3
3 -1 -1 1 -1 0 0 0 0 0 0 0 -1 -1 -1 -1 3
3 -1 -1 -1 -1 -1 -1 -1 -1 0 0 0 -1 -1 -1 -1 3
3 -1 -1 -1 -1 -1 -1 -1 0 0 0 0 -1 -1 -1 -1 3
-1 -1 -1 -1 -1 -1 -1 0 0 0 0 -1 -1 -1 -1 -1 -1
3 -1 -1 -1 -1 -1 0 0 0 0 -1 -1 -1 -1 -1 -1 3
3 -1 -1 -1 -1 -1 0 0 0 -1 -1 -1 -1 -1 -1 -1 3
3 -1 -1 -1 -1 -1 0 0 0 -1 -1 -1 -1 -1 -1 -1 3
3 3 -1 -1 -1 0 0 0 0 -1 -1 -1 -1 -1 -1 3 3
3 3 -1 -1 -1 0 0 0 -1 -1 -1 -1 -1 -1 0 3 3
3 3 3 -1 -1 0 0 0 -1 -1 -1 -1 -1 0 3 3 3
3 3 3 3 3 0 0 0 -1 -1 -1 -1 3 3 3 3 3
3 3 3 3 3 3 3 3 -1 3 3 3 3 3 3 3 3
18:19:55.100067 - stdout  :: 0 0
18:19:55.106645 - stdin   :: 9 6 1 -1
5 5
2 2
3 4
9 6
3 3 3 3 3 3 3 3 -1 3 3 3 3 3 3 3 3
3 3 3 3 3 -1 0 0 0 0 0 0 3 3 3 3 3
3 3 3 -1 1 0 0 0 0 0 0 0 0 -1 3 3 3
3 3 -1 -1 1 0 0 0 0 0 0 0 0 -1 -1 3 3
3 3 -1 -1 1 -1 0 0 0 0 0 0 0 -1 -1 3 3
3 -1 -1 -1 -1 -1 -1 -1 -1 -1 0 0 0 -1 -1 -1 3
3 -1 -1 -1 -1 -1 -1 -1 -1 0 0 0 0 -1 -1 -1 3
3 -1 -1 -1 -1 -1 -1 -1 0 0 0 0 -1 -1 -1 -1 3
-1 -1 -1 -1 -1 -1 -1 0 0 0 0 -1 -1 -1 -1 -1 -1
3 -1 -1 -1 -1 -1 -1 0 0 0 -1 -1 -1 -1 -1 -1 3
3 -1 -1 -1 -1 -1 -1 0 0 0 -1 -1 -1 -1 -1 -1 3
3 -1 -1 -1 -1 -1 0 0 0 0 -1 -1 -1 -1 -1 -1 3
3 3 -1 -1 -1 -1 0 0 0 -1 -1 -1 -1 -1 -1 3 3
3 3 -1 -1 -1 -1 0 0 0 -1 -1 -1 -1 -1 0 3 3
3 3 3 -1 -1 -1 0 0 0 -1 -1 -1 -1 0 3 3 3
3 3 3 3 3 -1 0 0 0 -1 0 0 3 3 3 3 3
3 3 3 3 3 3 3 3 0 3 3 3 3 3 3 3 3
18:19:55.107280 - stdout  :: 0 0
18:19:55.116151 - stdin   :: 10 5 1 -1
5 6
2 2
2 4
10 5
3 3 3 3 3 3 3 3 0 3 3 3 3 3 3 3 3
3 3 3 3 3 1 0 0 0 0 0 0 3 3 3 3 3
3 3 3 -1 -1 1 0 0 0 0 0 0 0 0 3 3 3
3 3 -1 -1 -1 1 -1 0 0 0 0 0 0 0 -1 3 3
3 3 -1 -1 -1 -1 -1 -1 -1 -1 -1 0 0 0 -1 3 3
3 -1 -1 -1 -1 -1 -1 -1 -1 -1 0 0 0 0 -1 -1 3
3 -1 -1 -1 -1 -1 -1 -1 -1 0 0 0 0 -1 -1 -1 3
3 -1 -1 -1 -1 -1 -1 -1 0 0 0 0 -1 -1 -1 -1 3
-1 -1 -1 -1 -1 -1 -1 -1 0 0 0 -1 -1 -1 -1 -1 -1
3 -1 -1 -1 -1 -1 -1 -1 0 0 0 -1 -1 -1 -1 -1 3
3 -1 -1 -1 -1 -1 -1 0 0 0 0 -1 -1 -1 -1 -1 3
3 -1 -1 -1 -1 -1 -1 0 0 0 -1 -1 -1 -1 -1 -1 3
3 3 -1 -1 -1 -1 -1 0 0 0 -1 -1 -1 -1 -1 3 3
3 3 -1 -1 -1 -1 -1 0 0 0 -1 -1 -1 -1 0 3 3
3 3 3 -1 -1 -1 -1 0 0 0 -1 0 0 0 3 3 3
3 3 3 3 3 -1 0 0 0 0 0 0 3 3 3 3 3
3 3 3 3 3 3 3 3 0 3 3 3 3 3 3 3 3
18:19:55.116888 - stdout  :: 0 1
18:19:55.128222 - stdin   :: 11 5 1 0
5 7
3 2
2 5
11 5
3 3 3 3 3 3 3 3 0 3 3 3 3 3 3 3 3
3 3 3 3 3 1 0 0 0 0 0 0 3 3 3 3 3
3 3 3 -1 -1 1 -1 0 0 0 0 0 0 0 3 3 3
3 3 -1 -1 -1 -1 -1 -1 -1 -1 -1 0 0 0 -1 3 3
3 3 -1 -1 -1 -1 -1 -1 -1 -1 0 0 0 0 -1 3 3
3 -1 -1 -1 -1 -1 -1 -1 -1 0 0 0 0 -1 -1 -1 3
3 -1 -1 -1 -1 -1 -1 -1 0 0 0 0 -1 -1 -1 -1 3
3 -1 -1 -1 -1 -1 -1 -1 0 0 0 -1 -1 -1 -1 -1 3
-1 -1 -1 -1 -1 -1 -1 -1 0 0 0 -1 -1 -1 -1 -1 -1
3 -1 -1 -1 -1 -1 -1 0 0 0 0 -1 -1 -1 -1 -1 3
3 -1 -1 -1 -1 -1 -1 0 0 0 -1 -1 -1 -1 -1 -1 3
3 -1 -1 -1 -1 -1 -1 0 0 0 -1 -1 -1 -1 -1 0 3
3 3 -1 -1 -1 -1 -1 0 0 0 -1 -1 -1 -1 0 3 3
3 3 -1 -1 -1 -1 -1 0 0 0 -1 0 0 0 0 3 3
3 3 3 -1 -1 -1 0 0 0 0 0 0 0 0 3 3 3
3 3 3 3 3 -1 0 0 0 0 0 0 3 3 3 3 3
3 3 3 3 3 3 3 3 0 3 3 3 3 3 3 3 3
18:19:55.129194 - stdout  :: 0 -1
18:19:55.138640 - stdin   :: 12 4 1 -1
6 8
4 2
3 5
12 4
3 3 3 3 3 3 3 3 0 3 3 3 3 3 3 3 3
3 3 3 3 3 -1 1 -1 0 0 0 0 3 3 3 3 3
3 3 3 -1 -1 -1 -1 -1 -1 -1 -1 -1 0 0 3 3 3
3 3 -1 -1 -1 -1 -1 -1 -1 -1 -1 0 0 0 0 3 3
3 3 -1 -1 -1 -1 -1 -1 -1 -1 0 0 0 0 -1 3 3
3 -1 -1 -1 -1 -1 -1 -1 -1 0 0 0 0 -1 -1 -1 3
3 -1 -1 -1 -1 -1 -1 -1 -1 0 0 0 -1 -1 -1 -1 3
3 -1 -1 -1 -1 -1 -1 -1 -1 0 0 0 -1 -1 -1 -1 3
-1 -1 -1 -1 -1 -1 -1 -1 0 0 0 0 -1 -1 -1 -1 -1
3 -1 -1 -1 -1 -1 -1 -1 0 0 0 -1 -1 -1 -1 -1 3
3 -1 -1 -1 -1 -1 -1 -1 0 0 0 -1 -1 -1 -1 -1 3
3 -1 -1 -1 -1 -1 -1 -1 0 0 0 -1 -1 -1 -1 0 3
3 3 -1 -1 -1 -1 -1 -1 0 0 0 -1 0 0 0 3 3
3 3 -1 -1 -1 -1 -1 0 0 0 0 0 0 0 0 3 3
3 3 3 -1 -1 -1 -1 0 0 0 0 0 0 0 3 3 3
3 3 3 3 3 -1 -1 0 0 0 0 0 3 3 3 3 3
3 3 3 3 3 3 3 3 0 3 3 3 3 3 3 3 3
18:19:55.139336 - stdout  :: 0 1
18:19:55.149156 - stdin   :: 13 4 1 0
7 8
5 2
4 5
13 4
3 3 3 3 3 3 3 3 0 3 3 3 3 3 3 3 3
3 3 3 3 3 -1 -1 -1 -1 -1 -1 -1 3 3 3 3 3
3 3 3 -1 -1 -1 -1 -1 -1 -1 -1 0 0 0 3 3 3
3 3 -1 -1 -1 -1 -1 -1 -1 -1 0 0 0 0 -1 3 3
3 3 -1 -1 -1 -1 -1 -1 -1 0 0 0 0 -1 -1 3 3
3 -1 -1 -1 -1 -1 -1 -1 -1 0 0 0 -1 -1 -1 -1 3
3 -1 -1 -1 -1 -1 -1 -1 -1 0 0 0 -1 -1 -1 -1 3
3 -1 -1 -1 -1 -1 -1 -1 0 0 0 0 -1 -1 -1 -1 3
-1 -1 -1 -1 -1 -1 -1 -1 0 0 0 -1 -1 -1 -1 -1 -1
3 -1 -1 -1 -1 -1 -1 -1 0 0 0 -1 -1 -1 -1 -1 3
3 -1 -1 -1 -1 -1 -1 -1 0 0 0 -1 -1 -1 -1 0 3
3 -1 -1 -1 -1 -1 -1 -1 0 0 0 -1 0 0 0 0 3
3 3 -1 -1 -1 -1 -1 0 0 0 0 0 0 0 0 3 3
3 3 -1 -1 -1 -1 -1 0 0 0 0 0 0 0 0 3 3
3 3 3 -1 -1 -1 -1 0 0 0 0 0 0 0 3 3 3
3 3 3 3 3 -1 -1 0 0 0 0 0 3 3 3 3 3
3 3 3 3 3 3 3 3 0 3 3 3 3 3 3 3 3
18:19:55.149843 - stdout  :: 0 1
18:19:55.158970 - stdin   :: 14 5 1 1
8 7
5 2
5 5
14 5
3 3 3 3 3 3 3 3 -1 3 3 3 3 3 3 3 3
3 3 3 3 3 -1 -1 -1 -1 -1 0 0 3 3 3 3 3
3 3 3 -1 -1 -1 -1 -1 -1 0 0 0 0 -1 3 3 3
3 3 -1 -1 -1 -1 -1 -1 0 0 0 0 -1 -1 -1 3 3
3 3 -1 -1 -1 -1 -1 -1 0 0 0 -1 -1 -1 -1 3 3
3 -1 -1 -1 -1 -1 -1 -1 0 0 0 -1 -1 -1 -1 -1 3
3 -1 -1 -1 -1 -1 -1 0 0 0 0 -1 -1 -1 -1 -1 3
3 -1 -1 -1 -1 -1 -1 0 0 0 -1 -1 -1 -1 -1 -1 3
-1 -1 -1 -1 -1 -1 -1 0 0 0 -1 -1 -1 -1 -1 0 0
3 -1 -1 -1 -1 -1 -1 0 0 0 -1 -1 -1 -1 0 0 3
3 -1 -1 -1 -1 -1 -1 0 0 0 -1 0 0 0 0 0 3
3 -1 -1 -1 -1 -1 0 0 0 0 0 0 0 0 0 0 3
3 3 -1 -1 -1 -1 0 0 0 0 0 0 0 0 0 3 3
3 3 -1 -1 -1 -1 0 0 0 0 0 0 0 -1 -1 3 3
3 3 3 -1 -1 -1 0 0 0 0 0 -1 -1 -1 3 3 3
3 3 3 3 3 -1 0 0 0 0 -1 -1 3 3 3 3 3
3 3 3 3 3 3 3 3 0 3 3 3 3 3 3 3 3
18:19:55.159644 - stdout  :: 0 -1
18:19:55.167998 - stdin   :: 15 5 1 0
9 6
4 2
5 4
15 5
3 3 3 3 3 3 3 3 -1 3 3 3 3 3 3 3 3
3 3 3 3 3 -1 -1 -1 -1 0 0 0 3 3 3 3 3
3 3 3 -1 -1 -1 -1 -1 0 0 0 0 -1 -1 3 3 3
3 3 -1 -1 -1 -1 -1 -1 0 0 0 -1 -1 -1 -1 3 3
3 3 -1 -1 -1 -1 -1 -1 0 0 0 -1 -1 -1 -1 3 3
3 -1 -1 -1 -1 -1 -1 0 0 0 0 -1 -1 -1 -1 -1 3
3 -1 -1 -1 -1 -1 -1 0 0 0 -1 -1 -1 -1 -1 -1 3
3 -1 -1 -1 -1 -1 -1 0 0 0 -1 -1 -1 -1 -1 0 3
-1 -1 -1 -1 -1 -1 -1 0 0 0 -1 -1 -1 -1 0 0 0
3 -1 -1 -1 -1 -1 -1 0 0 0 -1 0 0 0 0 0 3
3 -1 -1 -1 -1 -1 0 0 0 0 0 0 0 0 0 0 3
3 -1 -1 -1 -1 -1 0 0 0 0 0 0 0 0 0 -1 3
3 3 -1 -1 -1 -1 0 0 0 0 0 0 0 -1 -1 3 3
3 3 -1 -1 -1 -1 0 0 0 0 0 -1 -1 -1 -1 3 3
3 3 3 -1 -1 -1 0 0 0 0 -1 -1 -1 -1 3 3 3
3 3 3 3 3 -1 -1 0 0 -1 -1 -1 3 3 3 3 3
3 3 3 3 3 3 3 3 -1 3 3 3 3 3 3 3 3
18:19:55.168618 - stdout  :: 0 1
18:19:55.176762 - stdin   :: 16 6 1 1
10 5
3 2
5 4
16 6
3 3 3 3 3 3 3 3 0 3 3 3 3 3 3 3 3
3 3 3 3 3 -1 -1 0 0 0 0 -1 3 3 3 3 3
3 3 3 -1 -1 -1 -1 0 0 0 -1 -1 -1 -1 3 3 3
3 3 -1 -1 -1 -1 -1 0 0 0 -1 -1 -1 -1 -1 3 3
3 3 -1 -1 -1 -1 0 0 0 0 -1 -1 -1 -1 -1 3 3
3 -1 -1 -1 -1 -1 0 0 0 -1 -1 -1 -1 -1 -1 0 3
3 -1 -1 -1 -1 -1 0 0 0 -1 -1 -1 -1 -1 0 0 3
3 -1 -1 -1 -1 -1 0 0 0 -1 -1 -1 -1 0 0 0 3
-1 -1 -1 -1 -1 -1 0 0 0 -1 0 0 0 0 0 0 -1
3 -1 -1 -1 -1 0 0 0 0 0 0 0 0 0 0 -1 3
3 -1 -1 -1 -1 0 0 0 0 0 0 0 0 0 -1 -1 3
3 -1 -1 -1 -1 0 0 0 0 0 0 0 -1 -1 -1 -1 3
3 3 -1 -1 -1 0 0 0 0 0 -1 -1 -1 -1 -1 3 3
3 3 -1 -1 -1 0 0 0 0 -1 -1 -1 -1 -1 -1 3 3
3 3 3 -1 -1 -1 0 0 -1 -1 -1 -1 -1 0 3 3 3
3 3 3 3 3 -1 -1 -1 -1 -1 -1 -1 3 3 3 3 3
3 3 3 3 3 3 3 3 -1 3 3 3 3 3 3 3 3
18:19:55.177437 - stdout  :: 0 0
18:19:55.185517 - stdin   :: 17 7 1 1
11 5
2 2
5 5
17 7
3 3 3 3 3 3 3 3 0 3 3 3 3 3 3 3 3
3 3 3 3 3 -1 0 0 0 -1 -1 -1 3 3 3 3 3
3 3 3 -1 -1 -1 0 0 0 -1 -1 -1 -1 -1 3 3 3
3 3 -1 -1 -1 0 0 0 0 -1 -1 -1 -1 -1 -1 3 3
3 3 -1 -1 -1 0 0 0 -1 -1 -1 -1 -1 -1 0 3 3
3 -1 -1 -1 -1 0 0 0 -1 -1 -1 -1 -1 0 0 0 3
3 -1 -1 -1 -1 0 0 0 -1 -1 -1 -1 0 0 0 0 3
3 -1 -1 -1 -1 0 0 0 -1 0 0 0 0 0 0 -1 3
-1 -1 -1 -1 0 0 0 0 0 0 0 0 0 0 -1 -1 -1
3 -1 -1 -1 0 0 0 0 0 0 0 0 0 -1 -1 -1 3
3 -1 -1 -1 0 0 0 0 0 0 0 -1 -1 -1 -1 -1 3
3 -1 -1 -1 0 0 0 0 0 -1 -1 -1 -1 -1 -1 0 3
3 3 -1 -1 0 0 0 0 -1 -1 -1 -1 -1 -1 0 3 3
3 3 -1 -1 -1 0 0 -1 -1 -1 -1 -1 0 0 0 3 3
3 3 3 -1 -1 -1 -1 -1 -1 -1 -1 0 0 0 3 3 3
3 3 3 3 3 -1 -1 -1 -1 -1 -1 0 3 3 3 3 3
3 3 3 3 3 3 3 3 -1 3 3 3 3 3 3 3 3
18:19:55.186151 - stdout  :: -1 0
18:19:55.194553 - stdin   :: 17 8 0 1
12 4
2 2
5 6
17 8
3 3 3 3 3 3 3 3 0 3 3 3 3 3 3 3 3
3 3 3 3 3 0 0 0 -1 -1 -1 -1 3 3 3 3 3
3 3 3 -1 -1 0 0 0 -1 -1 -1 -1 -1 -1 3 3 3
3 3 -1 -1 0 0 0 0 -1 -1 -1 -1 -1 -1 0 3 3
3 3 -1 -1 0 0 0 -1 -1 -1 -1 -1 -1 0 0 3 3
3 -1 -1 -1 0 0 0 -1 -1 -1 -1 -1 0 0 0 0 3
3 -1 -1 -1 0 0 0 -1 -1 -1 -1 0 0 0 0 -1 3
3 -1 -1 -1 0 0 0 -1 0 0 0 0 0 0 -1 -1 3
-1 -1 -1 0 0 0 0 0 0 0 0 0 0 -1 -1 -1 -1
3 -1 -1 0 0 0 0 0 0 0 0 0 -1 -1 -1 -1 3
3 -1 -1 0 0 0 0 0 0 0 -1 -1 -1 -1 -1 -1 3
3 -1 -1 0 0 0 0 0 -1 -1 -1 -1 -1 -1 0 0 3
3 3 -1 0 0 0 0 -1 -1 -1 -1 -1 -1 0 0 3 3
3 3 -1 -1 0 0 -1 -1 -1 -1 -1 0 0 0 0 3 3
3 3 3 -1 -1 -1 -1 -1 -1 -1 0 0 0 0 3 3 3
3 3 3 3 3 -1 -1 -1 -1 -1 0 0 3 3 3 3 3
3 3 3 3 3 3 3 3 -1 3 3 3 3 3 3 3 3
18:19:55.195170 - stdout  :: -1 0
18:19:55.203664 - stdin   :: 16 9 -1 1
13 4
3 3
4 6
16 9
3 3 3 3 3 3 3 3 0 3 3 3 3 3 3 3 3
3 3 3 3 3 0 0 0 -1 -1 -1 -1 3 3 3 3 3
3 3 3 -1 0 0 0 -1 -1 -1 -1 -1 -1 -1 3 3 3
3 3 -1 -1 0 0 0 -1 -1 -1 -1 -1 -1 -1 0 3 3
3 3 -1 0 0 0 0 -1 -1 -1 -1 -1 -1 0 0 3 3
3 -1 -1 0 0 0 -1 -1 -1 -1 -1 -1 0 0 0 0 3
3 -1 -1 0 0 0 -1 -1 -1 -1 -1 0 0 0 0 0 3
3 -1 -1 0 0 0 -1 -1 -1 -1 0 0 0 0 -1 -1 3
-1 -1 -1 0 0 0 -1 0 0 0 0 0 0 -1 -1 -1 -1
3 -1 0 0 0 0 0 0 0 0 0 0 -1 -1 -1 -1 3
3 -1 0 0 0 0 0 0 0 0 0 -1 -1 -1 -1 -1 3
3 -1 0 0 0 0 0 0 0 -1 -1 -1 -1 -1 -1 0 3
3 3 0 0 0 0 0 -1 -1 -1 -1 -1 -1 0 0 3 3
3 3 0 0 0 0 -1 -1 -1 -1 -1 -1 0 0 0 3 3
3 3 3 0 0 -1 -1 -1 -1 -1 0 0 0 0 3 3 3
3 3 3 3 3 -1 -1 -1 -1 0 0 0 3 3 3 3 3
3 3 3 3 3 3 3 3 -1 3 3 3 3 3 3 3 3
18:19:55.204346 - stdout  :: 1 0
18:19:55.213804 - stdin   :: 16 10 0 1
14 5
5 5
3 6
16 10
3 3 3 3 3 3 3 3 -1 3 3 3 3 3 3 3 3
3 3 3 3 3 0 0 -1 -1 -1 -1 -1 3 3 3 3 3
3 3 3 0 0 0 -1 -1 -1 -1 -1 -1 -1 -1 3 3 3
3 3 -1 0 0 0 -1 -1 -1 -1 -1 -1 -1 0 0 3 3
3 3 0 0 0 0 -1 -1 -1 -1 -1 -1 0 0 0 3 3
3 -1 0 0 0 -1 -1 -1 -1 -1 -1 0 0 0 0 0 3
3 -1 0 0 0 -1 -1 -1 -1 -1 0 0 0 0 0 -1 3
3 -1 0 0 0 -1 -1 -1 -1 0 0 0 0 -1 -1 -1 3
-1 -1 0 0 0 -1 0 0 0 0 0 0 -1 -1 -1 -1 -1
3 0 0 0 0 0 0 0 0 0 0 -1 -1 -1 -1 -1 3
3 0 0 0 0 0 0 0 0 0 -1 -1 -1 -1 -1 -1 3
3 0 0 0 0 0 0 0 -1 -1 -1 -1 -1 -1 0 0 3
3 3 0 0 0 0 -1 -1 -1 -1 -1 -1 0 0 0 3 3
3 3 0 0 0 -1 -1 -1 -1 -1 -1 0 0 0 0 3 3
3 3 3 0 -1 -1 -1 -1 -1 0 0 0 0 0 3 3 3
3 3 3 3 3 -1 -1 -1 0 0 0 0 3 3 3 3 3
3 3 3 3 3 3 3 3 0 3 3 3 3 3 3 3 3
18:19:55.214453 - stdout  :: -1 0
18:19:55.223218 - stdin   :: 15 11 -1 1
15 5
6 8
2 6
15 11
3 3 3 3 3 3 3 3 -1 3 3 3 3 3 3 3 3
3 3 3 3 3 0 0 -1 -1 -1 -1 -1 3 3 3 3 3
3 3 3 0 0 0 -1 -1 -1 -1 -1 -1 -1 -1 3 3 3
3 3 0 0 0 -1 -1 -1 -1 -1 -1 -1 -1 0 0 3 3
3 3 0 0 0 -1 -1 -1 -1 -1 -1 -1 0 0 0 3 3
3 0 0 0 0 -1 -1 -1 -1 -1 -1 0 0 0 0 0 3
3 0 0 0 -1 -1 -1 -1 -1 -1 0 0 0 0 0 -1 3
3 0 0 0 -1 -1 -1 -1 -1 0 0 0 0 0 -1 -1 3
-1 0 0 0 -1 -1 -1 -1 0 0 0 0 -1 -1 -1 -1 -1
3 0 0 0 -1 0 0 0 0 0 0 -1 -1 -1 -1 -1 3
3 0 0 0 0 0 0 0 0 0 -1 -1 -1 -1 -1 -1 3
3 0 0 0 0 0 0 0 0 -1 -1 -1 -1 -1 -1 0 3
3 3 0 0 0 0 0 -1 -1 -1 -1 -1 -1 0 0 3 3
3 3 0 0 0 -1 -1 -1 -1 -1 -1 0 0 0 0 3 3
3 3 3 0 -1 -1 -1 -1 -1 -1 0 0 0 0 3 3 3
3 3 3 3 3 -1 -1 -1 0 0 0 0 3 3 3 3 3
3 3 3 3 3 3 3 3 0 3 3 3 3 3 3 3 3
18:19:55.223858 - stdout  :: 0 0
18:19:55.234815 - stdin   :: 14 12 -1 1
16 6
7 10
2 7
14 12
3 3 3 3 3 3 3 3 -1 3 3 3 3 3 3 3 3
3 3 3 3 3 0 0 -1 -1 -1 -1 -1 3 3 3 3 3
3 3 3 0 0 0 -1 -1 -1 -1 -1 -1 -1 0 3 3 3
3 3 0 0 0 -1 -1 -1 -1 -1 -1 -1 -1 0 0 3 3
3 3 0 0 -1 -1 -1 -1 -1 -1 -1 -1 0 0 0 3 3
3 0 0 0 -1 -1 -1 -1 -1 -1 -1 0 0 0 0 -1 3
3 0 0 0 -1 -1 -1 -1 -1 -1 0 0 0 0 0 -1 3
3 0 0 -1 -1 -1 -1 -1 -1 0 0 0 0 0 -1 -1 3
0 0 0 -1 -1 -1 -1 -1 0 0 0 0 0 -1 -1 -1 -1
3 0 0 -1 -1 -1 -1 0 0 0 0 -1 -1 -1 -1 -1 3
3 0 0 -1 0 0 0 0 0 0 -1 -1 -1 -1 -1 -1 3
3 0 0 0 0 0 0 0 0 -1 -1 -1 -1 -1 -1 0 3
3 3 0 0 0 0 0 0 -1 -1 -1 -1 -1 -1 0 3 3
3 3 0 0 0 0 -1 -1 -1 -1 -1 -1 0 0 0 3 3
3 3 3 0 -1 -1 -1 -1 -1 -1 0 0 0 0 3 3 3
3 3 3 3 3 -1 -1 -1 -1 0 0 0 3 3 3 3 3
3 3 3 3 3 3 3 3 0 3 3 3 3 3 3 3 3
18:19:55.235752 - stdout  :: 0 0
18:19:55.248646 - stdin   :: 13 13 -1 1
17 7
7 10
3 7
13 13
3 3 3 3 3 3 3 3 -1 3 3 3 3 3 3 3 3
3 3 3 3 3 0 -1 -1 -1 -1 -1 -1 3 3 3 3 3
3 3 3 0 0 0 -1 -1 -1 -1 -1 -1 -1 0 3 3 3
3 3 0 0 0 -1 -1 -1 -1 -1 -1 -1 0 0 0 3 3
3 3 0 0 -1 -1 -1 -1 -1 -1 -1 -1 0 0 0 3 3
3 0 0 -1 -1 -1 -1 -1 -1 -1 -1 0 0 0 0 -1 3
3 0 0 -1 -1 -1 -1 -1 -1 -1 0 0 0 0 -1 -1 3
3 0 0 -1 -1 -1 -1 -1 -1 0 0 0 0 0 -1 -1 3
0 0 -1 -1 -1 -1 -1 -1 0 0 0 0 0 -1 -1 -1 -1
3 0 -1 -1 -1 -1 -1 0 0 0 0 0 -1 -1 -1 -1 3
3 0 -1 -1 -1 -1 0 0 0 0 -1 -1 -1 -1 -1 -1 3
3 0 -1 0 0 0 0 0 0 -1 -1 -1 -1 -1 -1 0 3
3 3 0 0 0 0 0 0 -1 -1 -1 -1 -1 -1 0 3 3
3 3 0 0 0 0 0 -1 -1 -1 -1 -1 -1 0 0 3 3
3 3 3 0 0 -1 -1 -1 -1 -1 -1 0 0 0 3 3 3
3 3 3 3 3 -1 -1 -1 -1 0 0 0 3 3 3 3 3
3 3 3 3 3 3 3 3 0 3 3 3 3 3 3 3 3
18:19:55.249777 - stdout  :: 0 0
18:19:55.261223 - stdin   :: 12 14 -1 1
17 8
7 10
4 7
12 14
3 3 3 3 3 3 3 3 -1 3 3 3 3 3 3 3 3
3 3 3 3 3 -1 -1 -1 -1 -1 -1 -1 3 3 3 3 3
3 3 3 0 0 -1 -1 -1 -1 -1 -1 -1 -1 0 3 3 3
3 3 0 0 0 -1 -1 -1 -1 -1 -1 -1 0 0 0 3 3
3 3 0 0 -1 -1 -1 -1 -1 -1 -1 0 0 0 0 3 3
3 0 0 -1 -1 -1 -1 -1 -1 -1 -1 0 0 0 0 -1 3
3 0 -1 -1 -1 -1 -1 -1 -1 -1 0 0 0 0 -1 -1 3
3 0 -1 -1 -1 -1 -1 -1 -1 0 0 0 0 -1 -1 -1 3
0 0 -1 -1 -1 -1 -1 -1 0 0 0 0 0 -1 -1 -1 -1
3 -1 -1 -1 -1 -1 -1 0 0 0 0 0 -1 -1 -1 -1 3
3 -1 -1 -1 -1 -1 0 0 0 0 0 -1 -1 -1 -1 0 3
3 -1 -1 -1 -1 0 0 0 0 -1 -1 -1 -1 -1 -1 0 3
3 3 0 0 0 0 0 0 -1 -1 -1 -1 -1 -1 0 3 3
3 3 0 0 0 0 0 -1 -1 -1 -1 -1 -1 0 0 3 3
3 3 3 0 0 0 -1 -1 -1 -1 -1 -1 0 0 3 3 3
3 3 3 3 3 -1 -1 -1 -1 -1 0 0 3 3 3 3 3
3 3 3 3 3 3 3 3 0 3 3 3 3 3 3 3 3
18:19:55.263146 - stdout  :: 0 0
18:19:55.273094 - stdin   :: 11 15 -1 1
16 9
7 10
5 7
11 15
3 3 3 3 3 3 3 3 -1 3 3 3 3 3 3 3 3
3 3 3 3 3 -1 -1 -1 -1 -1 -1 -1 3 3 3 3 3
3 3 3 0 -1 -1 -1 -1 -1 -1 -1 -1 -1 -1 3 3 3
3 3 0 0 -1 -1 -1 -1 -1 -1 -1 -1 0 0 0 3 3
3 3 0 0 -1 -1 -1 -1 -1 -1 -1 0 0 0 0 3 3
3 0 0 -1 -1 -1 -1 -1 -1 -1 0 0 0 0 0 -1 3
3 0 -1 -1 -1 -1 -1 -1 -1 -1 0 0 0 0 -1 -1 3
3 -1 -1 -1 -1 -1 -1 -1 -1 0 0 0 0 -1 -1 -1 3
0 -1 -1 -1 -1 -1 -1 -1 0 0 0 0 -1 -1 -1 -1 0
3 -1 -1 -1 -1 -1 -1 0 0 0 0 0 -1 -1 -1 -1 3
3 -1 -1 -1 -1 -1 0 0 0 0 0 -1 -1 -1 -1 0 3
3 -1 -1 -1 -1 0 0 0 0 0 -1 -1 -1 -1 0 0 3
3 3 -1 -1 0 0 0 0 -1 -1 -1 -1 -1 -1 0 3 3
3 3 0 0 0 0 0 -1 -1 -1 -1 -1 -1 0 0 3 3
3 3 3 0 0 0 -1 -1 -1 -1 -1 -1 0 0 3 3 3
3 3 3 3 3 -1 -1 -1 -1 -1 -1 0 3 3 3 3 3
3 3 3 3 3 3 3 3 -1 3 3 3 3 3 3 3 3
18:19:55.273766 - stdout  :: 0 0
18:19:55.281568 - stdin   :: 10 16 -1 1
16 10
7 10
5 8
10 16
3 3 3 3 3 3 3 3 -1 3 3 3 3 3 3 3 3
3 3 3 3 3 -1 -1 -1 -1 -1 -1 -1 3 3 3 3 3
3 3 3 -1 -1 -1 -1 -1 -1 -1 -1 -1 -1 -1 3 3 3
3 3 0 -1 -1 -1 -1 -1 -1 -1 -1 -1 -1 0 0 3 3
3 3 0 -1 -1 -1 -1 -1 -1 -1 -1 0 0 0 0 3 3
3 0 0 -1 -1 -1 -1 -1 -1 -1 0 0 0 0 0 0 3
3 0 -1 -1 -1 -1 -1 -1 -1 0 0 0 0 0 -1 -1 3
3 -1 -1 -1 -1 -1 -1 -1 -1 0 0 0 0 -1 -1 -1 3
-1 -1 -1 -1 -1 -1 -1 -1 0 0 0 0 -1 -1 -1 -1 0
3 -1 -1 -1 -1 -1 -1 0 0 0 0 -1 -1 -1 -1 0 3
3 -1 -1 -1 -1 -1 0 0 0 0 0 -1 -1 -1 -1 0 3
3 -1 -1 -1 -1 0 0 0 0 0 -1 -1 -1 -1 0 0 3
3 3 -1 -1 0 0 0 0 0 -1 -1 -1 -1 0 0 3 3
3 3 -1 0 0 0 0 -1 -1 -1 -1 -1 -1 0 0 3 3
3 3 3 0 0 0 -1 -1 -1 -1 -1 -1 0 0 3 3 3
3 3 3 3 3 -1 -1 -1 -1 -1 -1 0 3 3 3 3 3
3 3 3 3 3 3 3 3 -1 3 3 3 3 3 3 3 3
18:19:55.282275 - stdout  :: 0 0
18:19:55.289360 - stdin   :: 9 17 -1 1
15 11
7 10
4 8
9 17
3 3 3 3 3 3 3 3 -1 3 3 3 3 3 3 3 3
3 3 3 3 3 -1 -1 -1 -1 -1 -1 -1 3 3 3 3 3
3 3 3 -1 -1 -1 -1 -1 -1 -1 -1 -1 -1 -1 3 3 3
3 3 -1 -1 -1 -1 -1 -1 -1 -1 -1 -1 -1 0 0 3 3
3 3 -1 -1 -1 -1 -1 -1 -1 -1 -1 -1 0 0 0 3 3
3 0 -1 -1 -1 -1 -1 -1 -1 -1 0 0 0 0 0 0 3
3 0 -1 -1 -1 -1 -1 -1 -1 0 0 0 0 0 0 0 3
3 -1 -1 -1 -1 -1 -1 -1 0 0 0 0 0 -1 -1 0 3
-1 -1 -1 -1 -1 -1 -1 -1 0 0 0 0 -1 -1 -1 -1 0
3 -1 -1 -1 -1 -1 -1 0 0 0 0 -1 -1 -1 -1 0 3
3 -1 -1 -1 -1 -1 0 0 0 0 -1 -1 -1 -1 0 0 3
3 -1 -1 -1 -1 0 0 0 0 0 -1 -1 -1 -1 0 0 3
3 3 -1 -1 0 0 0 0 0 -1 -1 -1 -1 0 0 3 3
3 3 -1 0 0 0 0 0 -1 -1 -1 -1 0 0 0 3 3
3 3 3 0 0 0 -1 -1 -1 -1 -1 -1 0 0 3 3 3
3 3 3 3 3 -1 -1 -1 -1 -1 -1 0 3 3 3 3 3
3 3 3 3 3 3 3 3 -1 3 3 3 3 3 3 3 3
18:19:55.289973 - stdout  :: 0 0
18:19:55.297181 - stdin   :: 8 18 -1 1
14 12
7 10
3 8
8 18
3 3 3 3 3 3 3 3 -1 3 3 3 3 3 3 3 3
3 3 3 3 3 -1 -1 -1 -1 -1 -1 -1 3 3 3 3 3
3 3 3 -1 -1 -1 -1 -1 -1 -1 -1 -1 -1 -1 3 3 3
3 3 -1 -1 -1 -1 -1 -1 -1 -1 -1 -1 -1 -1 0 3 3
3 3 -1 -1 -1 -1 -1 -1 -1 -1 -1 -1 0 0 0 3 3
3 -1 -1 -1 -1 -1 -1 -1 -1 -1 -1 0 0 0 0 0 3
3 -1 -1 -1 -1 -1 -1 -1 -1 0 0 0 0 0 0 0 3
3 -1 -1 -1 -1 -1 -1 -1 0 0 0 0 0 0 0 0 3
-1 -1 -1 -1 -1 -1 -1 0 0 0 0 0 -1 -1 0 0 0
3 -1 -1 -1 -1 -1 -1 0 0 0 0 -1 -1 -1 -1 0 3
3 -1 -1 -1 -1 -1 0 0 0 0 -1 -1 -1 -1 0 0 3
3 -1 -1 -1 -1 0 0 0 0 -1 -1 -1 -1 0 0 0 3
3 3 -1 -1 0 0 0 0 0 -1 -1 -1 -1 0 0 3 3
3 3 -1 0 0 0 0 0 -1 -1 -1 -1 0 0 0 3 3
3 3 3 0 0 0 0 -1 -1 -1 -1 0 0 0 3 3 3
3 3 3 3 3 -1 -1 -1 -1 -1 -1 0 3 3 3 3 3
3 3 3 3 3 3 3 3 -1 3 3 3 3 3 3 3 3
18:19:55.298000 - stdout  :: 0 0
18:19:55.307638 - stdin   :: 7 19 -1 1
13 13
8 9
2 8
7 19
3 3 3 3 3 3 3 3 -1 3 3 3 3 3 3 3 3
3 3 3 3 3 -1 -1 -1 -1 -1 -1 -1 3 3 3 3 3
3 3 3 -1 -1 -1 -1 -1 -1 -1 -1 -1 -1 -1 3 3 3
3 3 -1 -1 -1 -1 -1 -1 -1 -1 -1 -1 -1 -1 -1 3 3
3 3 -1 -1 -1 -1 -1 -1 -1 -1 -1 -1 -1 0 0 3 3
3 -1 -1 -1 -1 -1 -1 -1 -1 -1 -1 0 0 0 0 0 3
3 -1 -1 -1 -1 -1 -1 -1 -1 -1 0 0 0 0 0 0 3
3 -1 -1 -1 -1 -1 -1 -1 0 0 0 0 0 0 0 0 3
-1 -1 -1 -1 -1 -1 -1 0 0 0 0 0 0 0 0 0 -1
3 -1 -1 -1 -1 -1 0 0 0 0 0 -1 -1 0 0 0 3
3 -1 -1 -1 -1 -1 0 0 0 0 -1 -1 -1 -1 0 0 3
3 -1 -1 -1 -1 0 0 0 0 -1 -1 -1 -1 0 0 0 3
3 3 -1 -1 0 0 0 0 -1 -1 -1 -1 0 0 0 3 3
3 3 -1 0 0 0 0 0 -1 -1 -1 -1 0 0 0 3 3
3 3 3 0 0 0 0 -1 -1 -1 -1 0 0 0 3 3 3
3 3 3 3 3 0 -1 -1 -1 -1 0 0 3 3 3 3 3
3 3 3 3 3 3 3 3 -1 3 3 3 3 3 3 3 3
18:19:55.308268 - stdout  :: 0 0
18:19:55.319535 - stdin   :: 6 20 -1 1
12 14
9 8
2 9
6 20
3 3 3 3 3 3 3 3 -1 3 3 3 3 3 3 3 3
3 3 3 3 3 -1 -1 -1 -1 -1 -1 -1 3 3 3 3 3
3 3 3 -1 -1 -1 -1 -1 -1 -1 -1 -1 -1 -1 3 3 3
3 3 -1 -1 -1 -1 -1 -1 -1 -1 -1 -1 -1 -1 -1 3 3
3 3 -1 -1 -1 -1 -1 -1 -1 -1 -1 -1 -1 -1 -1 3 3
3 -1 -1 -1 -1 -1 -1 -1 -1 -1 -1 -1 0 0 -1 -1 3
3 -1 -1 -1 -1 -1 -1 -1 -1 -1 0 0 0 0 0 -1 3
3 -1 -1 -1 -1 -1 -1 -1 -1 0 0 0 0 0 0 -1 3
-1 -1 -1 -1 -1 -1 -1 0 0 0 0 0 0 0 0 -1 -1
3 -1 -1 -1 -1 -1 0 0 0 0 0 0 0 0 0 -1 3
3 -1 -1 -1 -1 0 0 0 0 0 -1 -1 0 0 0 0 3
3 -1 -1 -1 -1 0 0 0 0 -1 -1 -1 -1 0 0 0 3
3 3 -1 -1 0 0 0 0 -1 -1 -1 -1 0 0 0 3 3
3 3 -1 0 0 0 0 -1 -1 -1 -1 0 0 0 0 3 3
3 3 3 0 0 0 0 -1 -1 -1 -1 0 0 0 3 3 3
3 3 3 3 3 0 -1 -1 -1 -1 0 0 3 3 3 3 3
3 3 3 3 3 3 3 3 -1 3 3 3 3 3 3 3 3
18:19:55.323011 - stdout  :: 1 0
18:19:55.338315 - stdin   :: 6 21 0 1
11 15
10 7
3 9
6 21
3 3 3 3 3 3 3 3 -1 3 3 3 3 3 3 3 3
3 3 3 3 3 -1 -1 -1 -1 -1 -1 -1 3 3 3 3 3
3 3 3 -1 -1 -1 -1 -1 -1 -1 -1 -1 -1 -1 3 3 3
3 3 -1 -1 -1 -1 -1 -1 -1 -1 -1 -1 -1 -1 -1 3 3
3 3 -1 -1 -1 -1 -1 -1 -1 -1 -1 -1 -1 -1 -1 3 3
3 -1 -1 -1 -1 -1 -1 -1 -1 -1 -1 0 0 -1 -1 -1 3
3 -1 -1 -1 -1 -1 -1 -1 -1 0 0 0 0 0 -1 -1 3
3 -1 -1 -1 -1 -1 -1 -1 0 0 0 0 0 0 -1 -1 3
-1 -1 -1 -1 -1 -1 0 0 0 0 0 0 0 0 -1 -1 -1
3 -1 -1 -1 -1 0 0 0 0 0 0 0 0 0 -1 -1 3
3 -1 -1 -1 0 0 0 0 0 -1 -1 0 0 0 0 -1 3
3 -1 -1 -1 0 0 0 0 -1 -1 -1 -1 0 0 0 -1 3
3 3 -1 0 0 0 0 -1 -1 -1 -1 0 0 0 0 3 3
3 3 0 0 0 0 -1 -1 -1 -1 0 0 0 0 -1 3 3
3 3 3 0 0 0 -1 -1 -1 -1 0 0 0 -1 3 3 3
3 3 3 3 3 -1 -1 -1 -1 0 0 0 3 3 3 3 3
3 3 3 3 3 3 3 3 0 3 3 3 3 3 3 3 3
18:19:55.340050 - stdout  :: 1 0
18:19:55.350483 - stdin   :: 7 22 1 1
10 16
11 6
4 9
7 22
3 3 3 3 3 3 3 3 -1 3 3 3 3 3 3 3 3
3 3 3 3 3 -1 -1 -1 -1 -1 -1 -1 3 3 3 3 3
3 3 3 -1 -1 -1 -1 -1 -1 -1 -1 -1 -1 -1 3 3 3
3 3 -1 -1 -1 -1 -1 -1 -1 -1 -1 -1 -1 -1 -1 3 3
3 3 -1 -1 -1 -1 -1 -1 -1 -1 0 0 -1 -1 -1 3 3
3 -1 -1 -1 -1 -1 -1 -1 0 0 0 0 0 -1 -1 -1 3
3 -1 -1 -1 -1 -1 -1 0 0 0 0 0 0 -1 -1 -1 3
3 -1 -1 -1 -1 0 0 0 0 0 0 0 0 -1 -1 -1 3
-1 -1 -1 -1 0 0 0 0 0 0 0 0 0 -1 -1 -1 -1
3 -1 -1 0 0 0 0 0 -1 -1 0 0 0 0 -1 -1 3
3 -1 -1 0 0 0 0 -1 -1 -1 -1 0 0 0 -1 -1 3
3 -1 0 0 0 0 -1 -1 -1 -1 0 0 0 0 -1 -1 3
3 3 0 0 0 -1 -1 -1 -1 0 0 0 0 -1 -1 3 3
3 3 0 0 0 -1 -1 -1 -1 0 0 0 -1 -1 -1 3 3
3 3 3 0 -1 -1 -1 -1 0 0 0 -1 -1 -1 3 3 3
3 3 3 3 3 -1 -1 0 0 0 -1 -1 3 3 3 3 3
3 3 3 3 3 3 3 3 0 3 3 3 3 3 3 3 3
18:19:55.351332 - stdout  :: -1 0
18:19:55.359989 - stdin   :: 7 23 0 1
9 17
12 5
5 9
7 23
3 3 3 3 3 3 3 3 -1 3 3 3 3 3 3 3 3
3 3 3 3 3 -1 -1 -1 -1 -1 -1 -1 3 3 3 3 3
3 3 3 -1 -1 -1 -1 -1 -1 -1 -1 -1 -1 -1 3 3 3
3 3 -1 -1 -1 -1 -1 -1 -1 -1 -1 -1 -1 -1 -1 3 3
3 3 -1 -1 -1 -1 -1 -1 -1 0 0 -1 -1 -1 -1 3 3
3 -1 -1 -1 -1 -1 -1 0 0 0 0 0 -1 -1 -1 -1 3
3 -1 -1 -1 -1 -1 0 0 0 0 0 0 -1 -1 -1 -1 3
3 -1 -1 -1 0 0 0 0 0 0 0 0 -1 -1 -1 -1 3
-1 -1 -1 0 0 0 0 0 0 0 0 0 -1 -1 -1 -1 -1
3 -1 0 0 0 0 0 -1 -1 0 0 0 0 -1 -1 -1 3
3 -1 0 0 0 0 -1 -1 -1 -1 0 0 0 -1 -1 -1 3
3 0 0 0 0 -1 -1 -1 -1 0 0 0 0 -1 -1 -1 3
3 3 0 0 -1 -1 -1 -1 0 0 0 0 -1 -1 -1 3 3
3 3 0 0 -1 -1 -1 -1 0 0 0 -1 -1 -1 -1 3 3
3 3 3 -1 -1 -1 -1 0 0 0 -1 -1 -1 -1 3 3 3
3 3 3 3 3 -1 0 0 0 -1 -1 -1 3 3 3 3 3
3 3 3 3 3 3 3 3 0 3 3 3 3 3 3 3 3
18:19:55.360752 - stdout  :: 1 0
18:19:55.370175 - stdin   :: 8 24 1 1
8 18
13 4
6 9
8 24
3 3 3 3 3 3 3 3 -1 3 3 3 3 3 3 3 3
3 3 3 3 3 -1 -1 -1 -1 -1 -1 -1 3 3 3 3 3
3 3 3 -1 -1 -1 -1 -1 -1 -1 -1 -1 -1 -1 3 3 3
3 3 -1 -1 -1 -1 -1 -1 0 0 -1 -1 -1 -1 -1 3 3
3 3 -1 -1 -1 -1 0 0 0 0 0 -1 -1 -1 -1 3 3
3 -1 -1 -1 -1 0 0 0 0 0 0 -1 -1 -1 -1 -1 3
3 -1 -1 0 0 0 0 0 0 0 0 -1 -1 -1 -1 -1 3
3 -1 0 0 0 0 0 0 0 0 0 -1 -1 -1 -1 -1 3
-1 0 0 0 0 0 -1 -1 0 0 0 0 -1 -1 -1 -1 -1
3 0 0 0 0 -1 -1 -1 -1 0 0 0 -1 -1 -1 -1 3
3 0 0 0 -1 -1 -1 -1 0 0 0 0 -1 -1 -1 -1 3
3 0 0 -1 -1 -1 -1 0 0 0 0 -1 -1 -1 -1 -1 3
3 3 0 -1 -1 -1 -1 0 0 0 -1 -1 -1 -1 -1 3 3
3 3 -1 -1 -1 -1 0 0 0 -1 -1 -1 -1 -1 -1 3 3
3 3 3 -1 -1 0 0 0 -1 -1 -1 -1 -1 -1 3 3 3
3 3 3 3 3 0 0 0 -1 -1 -1 -1 3 3 3 3 3
3 3 3 3 3 3 3 3 -1 3 3 3 3 3 3 3 3
18:19:55.370918 - stdout  :: 0 0
18:19:55.379763 - stdin   :: 9 25 1 1
7 19
15 4
7 9
9 25
3 3 3 3 3 3 3 3 -1 3 3 3 3 3 3 3 3
3 3 3 3 3 -1 -1 -1 -1 -1 -1 -1 3 3 3 3 3
3 3 3 -1 -1 -1 -1 0 0 -1 -1 -1 -1 -1 3 3 3
3 3 -1 -1 -1 0 0 0 0 0 -1 -1 -1 -1 -1 3 3
3 3 -1 -1 0 0 0 0 0 0 -1 -1 -1 -1 -1 3 3
3 -1 0 0 0 0 0 0 0 0 -1 -1 -1 -1 -1 -1 3
3 0 0 0 0 0 0 0 0 0 -1 -1 -1 -1 -1 -1 3
3 0 0 0 0 -1 -1 0 0 0 0 -1 -1 -1 -1 -1 3
0 0 0 0 -1 -1 -1 -1 0 0 0 -1 -1 -1 -1 -1 -1
3 0 0 -1 -1 -1 -1 0 0 0 0 -1 -1 -1 -1 -1 3
3 0 -1 -1 -1 -1 0 0 0 0 -1 -1 -1 -1 -1 -1 3
3 0 -1 -1 -1 -1 0 0 0 -1 -1 -1 -1 -1 -1 -1 3
3 3 -1 -1 -1 0 0 0 -1 -1 -1 -1 -1 -1 -1 3 3
3 3 -1 -1 0 0 0 -1 -1 -1 -1 -1 -1 -1 -1 3 3
3 3 3 -1 0 0 0 -1 -1 -1 -1 -1 -1 -1 3 3 3
3 3 3 3 3 0 -1 -1 -1 -1 -1 -1 3 3 3 3 3
3 3 3 3 3 3 3 3 -1 3 3 3 3 3 3 3 3
18:19:55.380469 - stdout  :: 0 -1
18:19:55.391746 - stdin   :: 10 25 1 0
6 20
17 4
8 9
10 25
3 3 3 3 3 3 3 3 -1 3 3 3 3 3 3 3 3
3 3 3 3 3 -1 -1 0 0 -1 -1 -1 3 3 3 3 3
3 3 3 -1 -1 0 0 0 0 0 -1 -1 -1 -1 3 3 3
3 3 -1 -1 0 0 0 0 0 0 -1 -1 -1 -1 -1 3 3
3 3 0 0 0 0 0 0 0 0 -1 -1 -1 -1 -1 3 3
3 0 0 0 0 0 0 0 0 0 -1 -1 -1 -1 -1 -1 3
3 0 0 0 0 -1 -1 0 0 0 0 -1 -1 -1 -1 -1 3
3 0 0 0 -1 -1 -1 -1 0 0 0 -1 -1 -1 -1 -1 3
0 0 0 -1 -1 -1 -1 0 0 0 0 -1 -1 -1 -1 -1 -1
3 0 -1 -1 -1 -1 0 0 0 0 -1 -1 -1 -1 -1 -1 3
3 0 -1 -1 -1 -1 0 0 0 -1 -1 -1 -1 -1 -1 -1 3
3 -1 -1 -1 -1 0 0 0 -1 -1 -1 -1 -1 -1 -1 -1 3
3 3 -1 -1 0 0 0 -1 -1 -1 -1 -1 -1 -1 -1 3 3
3 3 -1 -1 0 0 0 -1 -1 -1 -1 -1 -1 -1 -1 3 3
3 3 3 0 0 0 -1 -1 -1 -1 -1 -1 -1 -1 3 3 3
3 3 3 3 3 0 -1 -1 -1 -1 -1 -1 3 3 3 3 3
3 3 3 3 3 3 3 3 -1 3 3 3 3 3 3 3 3
18:19:55.392456 - stdout  :: 0 -1
18:19:55.404880 - stdin   :: 11 24 1 -1
6 21
19 4
8 8
11 24
3 3 3 3 3 3 3 3 0 3 3 3 3 3 3 3 3
3 3 3 3 3 -1 0 0 0 0 0 -1 3 3 3 3 3
3 3 3 -1 -1 0 0 0 0 0 0 -1 -1 -1 3 3 3
3 3 -1 0 0 0 0 0 0 0 0 -1 -1 -1 -1 3 3
3 3 0 0 0 0 0 0 0 0 0 -1 -1 -1 -1 3 3
3 0 0 0 0 0 -1 -1 0 0 0 0 -1 -1 -1 -1 3
3 0 0 0 0 -1 -1 -1 -1 0 0 0 -1 -1 -1 -1 3
3 0 0 0 -1 -1 -1 -1 0 0 0 0 -1 -1 -1 -1 3
0 0 0 -1 -1 -1 -1 0 0 0 0 -1 -1 -1 -1 -1 -1
3 0 0 -1 -1 -1 -1 0 0 0 -1 -1 -1 -1 -1 -1 3
3 0 -1 -1 -1 -1 0 0 0 -1 -1 -1 -1 -1 -1 -1 3
3 -1 -1 -1 -1 0 0 0 -1 -1 -1 -1 -1 -1 -1 -1 3
3 3 -1 -1 -1 0 0 0 -1 -1 -1 -1 -1 -1 -1 3 3
3 3 -1 -1 0 0 0 -1 -1 -1 -1 -1 -1 -1 -1 3 3
3 3 3 0 0 0 0 -1 -1 -1 -1 -1 -1 -1 3 3 3
3 3 3 3 3 0 -1 -1 -1 -1 100 -1 3 3 3 3 3
3 3 3 3 3 3 3 3 -1 3 3 3 3 3 3 3 3
18:19:55.406583 - stdout  :: 0 1
18:19:55.420946 - stdin   :: 12 24 1 0
7 22
21 4
9 8
12 24
3 3 3 3 3 3 3 3 0 3 3 3 3 3 3 3 3
3 3 3 3 3 0 0 0 0 0 0 -1 3 3 3 3 3
3 3 3 0 0 0 0 0 0 0 0 -1 -1 -1 3 3 3
3 3 0 0 0 0 0 0 0 0 0 -1 -1 -1 -1 3 3
3 3 0 0 0 0 -1 -1 0 0 0 0 -1 -1 -1 3 3
3 0 0 0 0 -1 -1 -1 -1 0 0 0 -1 -1 -1 -1 3
3 0 0 0 -1 -1 -1 -1 0 0 0 0 -1 -1 -1 -1 3
3 0 0 -1 -1 -1 -1 0 0 0 0 -1 -1 -1 -1 -1 3
0 0 0 -1 -1 -1 -1 0 0 0 -1 -1 -1 -1 -1 -1 -1
3 0 -1 -1 -1 -1 0 0 0 -1 -1 -1 -1 -1 -1 -1 3
3 -1 -1 -1 -1 0 0 0 -1 -1 -1 -1 -1 -1 -1 -1 3
3 -1 -1 -1 -1 0 0 0 -1 -1 -1 -1 -1 -1 -1 -1 3
3 3 -1 -1 0 0 0 -1 -1 -1 -1 -1 -1 -1 -1 3 3
3 3 -1 0 0 0 0 -1 -1 -1 -1 -1 -1 -1 -1 3 3
3 3 3 0 0 0 -1 -1 -1 -1 100 -1 -1 -1 3 3 3
3 3 3 3 3 -1 -1 -1 -1 100 100 100 3 3 3 3 3
3 3 3 3 3 3 3 3 100 3 3 3 3 3 3 3 3
18:19:55.422521 - stdout  :: 0 0
18:19:55.439407 - stdin   :: 13 24 1 0
7 23
22 4
9 7
13 24
3 3 3 3 3 3 3 3 0 3 3 3 3 3 3 3 3
3 3 3 3 3 0 0 0 0 0 0 -1 3 3 3 3 3
3 3 3 0 0 0 0 0 0 0 0 -1 -1 -1 3 3 3
3 3 0 0 0 0 -1 -1 0 0 0 0 -1 -1 -1 3 3
3 3 0 0 0 -1 -1 -1 -1 0 0 0 -1 -1 -1 3 3
3 0 0 0 -1 -1 -1 -1 0 0 0 0 -1 -1 -1 -1 3
3 0 0 -1 -1 -1 -1 0 0 0 0 -1 -1 -1 -1 -1 3
3 0 0 -1 -1 -1 -1 0 0 0 -1 -1 -1 -1 -1 -1 3
0 0 -1 -1 -1 -1 0 0 0 -1 -1 -1 -1 -1 -1 -1 -1
3 -1 -1 -1 -1 0 0 0 -1 -1 -1 -1 -1 -1 -1 -1 3
3 -1 -1 -1 -1 0 0 0 -1 -1 -1 -1 -1 -1 -1 -1 3
3 -1 -1 -1 0 0 0 -1 -1 -1 -1 -1 -1 -1 -1 -1 3
3 3 -1 0 0 0 0 -1 -1 -1 -1 -1 -1 -1 -1 3 3
3 3 0 0 0 0 -1 -1 -1 -1 100 -1 -1 -1 -1 3 3
3 3 3 0 0 -1 -1 -1 -1 100 100 100 -1 -1 3 3 3
3 3 3 3 3 -1 -1 -1 100 100 100 100 3 3 3 3 3
3 3 3 3 3 3 3 3 100 3 3 3 3 3 3 3 3
18:19:55.440340 - stdout  :: 0 -1
18:19:55.453904 - stdin   :: 14 23 1 -1
8 24
22 5
10 7
14 23
3 3 3 3 3 3 3 3 0 3 3 3 3 3 3 3 3
3 3 3 3 3 0 0 0 0 0 0 0 3 3 3 3 3
3 3 3 0 0 0 0 -1 -1 0 0 0 0 -1 3 3 3
3 3 0 0 0 0 -1 -1 -1 -1 0 0 0 -1 -1 3 3
3 3 0 0 0 -1 -1 -1 -1 0 0 0 0 -1 -1 3 3
3 0 0 0 -1 -1 -1 -1 0 0 0 0 -1 -1 -1 -1 3
3 0 0 0 -1 -1 -1 -1 0 0 0 -1 -1 -1 -1 -1 3
3 0 0 -1 -1 -1 -1 0 0 0 -1 -1 -1 -1 -1 -1 3
0 0 -1 -1 -1 -1 0 0 0 -1 -1 -1 -1 -1 -1 -1 -1
3 -1 -1 -1 -1 -1 0 0 0 -1 -1 -1 -1 -1 -1 -1 3
3 -1 -1 -1 -1 0 0 0 -1 -1 -1 -1 -1 -1 -1 -1 3
3 -1 -1 -1 0 0 0 0 -1 -1 -1 -1 -1 -1 -1 -1 3
3 3 -1 0 0 0 0 -1 -1 -1 -1 100 -1 -1 -1 3 3
3 3 0 0 0 0 -1 -1 -1 -1 100 100 100 -1 -1 3 3
3 3 3 0 0 -1 -1 -1 -1 100 100 100 100 -1 3 3 3
3 3 3 3 3 -1 -1 -1 100 100 100 100 3 3 3 3 3
3 3 3 3 3 3 3 3 100 3 3 3 3 3 3 3 3
18:19:55.454854 - stdout  :: 0 1
18:19:55.469143 - stdin   :: 15 23 1 0
9 25
21 6
11 7
15 23
3 3 3 3 3 3 3 3 0 3 3 3 3 3 3 3 3
3 3 3 3 3 0 0 -1 -1 0 0 0 3 3 3 3 3
3 3 3 0 0 0 -1 -1 -1 -1 0 0 0 -1 3 3 3
3 3 0 0 0 -1 -1 -1 -1 0 0 0 0 -1 -1 3 3
3 3 0 0 -1 -1 -1 -1 0 0 0 0 -1 -1 -1 3 3
3 0 0 0 -1 -1 -1 -1 0 0 0 -1 -1 -1 -1 -1 3
3 0 0 -1 -1 -1 -1 0 0 0 -1 -1 -1 -1 -1 -1 3
3 0 -1 -1 -1 -1 0 0 0 -1 -1 -1 -1 -1 -1 -1 3
-1 -1 -1 -1 -1 -1 0 0 0 -1 -1 -1 -1 -1 -1 -1 -1
3 -1 -1 -1 -1 0 0 0 -1 -1 -1 -1 -1 -1 -1 -1 3
3 -1 -1 -1 0 0 0 0 -1 -1 -1 -1 -1 -1 -1 -1 3
3 -1 -1 0 0 0 0 -1 -1 -1 -1 100 -1 -1 -1 -1 3
3 3 0 0 0 0 -1 -1 -1 -1 100 100 100 -1 -1 3 3
3 3 0 0 0 -1 -1 -1 -1 100 100 100 100 -1 -1 3 3
3 3 3 -1 -1 -1 -1 -1 100 100 100 100 100 -1 3 3 3
3 3 3 3 3 -1 -1 100 100 100 100 100 3 3 3 3 3
3 3 3 3 3 3 3 3 100 3 3 3 3 3 3 3 3
18:19:55.470151 - stdout  :: 0 -1
18:19:55.481408 - stdin   :: 16 22 1 -1
10 25
20 7
12 7
16 22
3 3 3 3 3 3 3 3 -1 3 3 3 3 3 3 3 3
3 3 3 3 3 0 0 -1 -1 -1 -1 0 3 3 3 3 3
3 3 3 0 0 0 -1 -1 -1 -1 0 0 0 0 3 3 3
3 3 0 0 0 -1 -1 -1 -1 0 0 0 0 -1 -1 3 3
3 3 0 0 0 -1 -1 -1 -1 0 0 0 -1 -1 -1 3 3
3 0 0 0 -1 -1 -1 -1 0 0 0 -1 -1 -1 -1 -1 3
3 0 0 -1 -1 -1 -1 0 0 0 -1 -1 -1 -1 -1 -1 3
3 -1 -1 -1 -1 -1 -1 0 0 0 -1 -1 -1 -1 -1 -1 3
-1 -1 -1 -1 -1 -1 0 0 0 -1 -1 -1 -1 -1 -1 -1 -1
3 -1 -1 -1 -1 0 0 0 0 -1 -1 -1 -1 -1 -1 -1 3
3 -1 -1 -1 0 0 0 0 -1 -1 -1 -1 100 -1 -1 -1 3
3 -1 0 0 0 0 0 -1 -1 -1 -1 100 100 100 -1 -1 3
3 3 0 0 0 0 -1 -1 -1 -1 100 100 100 100 -1 3 3
3 3 0 0 -1 -1 -1 -1 -1 100 100 100 100 100 -1 3 3
3 3 3 -1 -1 -1 -1 -1 100 100 100 100 100 -1 3 3 3
3 3 3 3 3 -1 0 0 100 100 100 100 3 3 3 3 3
3 3 3 3 3 3 3 3 0 3 3 3 3 3 3 3 3
18:19:55.482231 - stdout  :: 0 0
18:19:55.493142 - stdin   :: 17 21 1 -1
11 24
19 8
12 6
17 21
3 3 3 3 3 3 3 3 -1 3 3 3 3 3 3 3 3
3 3 3 3 3 0 0 -1 -1 -1 -1 0 3 3 3 3 3
3 3 3 0 0 0 -1 -1 -1 -1 0 0 0 0 3 3 3
3 3 0 0 0 0 -1 -1 -1 -1 0 0 0 -1 -1 3 3
3 3 0 0 0 -1 -1 -1 -1 0 0 0 -1 -1 -1 3 3
3 0 0 0 -1 -1 -1 -1 0 0 0 -1 -1 -1 -1 -1 3
3 0 -1 -1 -1 -1 -1 -1 0 0 0 -1 -1 -1 -1 -1 3
3 -1 -1 -1 -1 -1 -1 0 0 0 -1 -1 -1 -1 -1 -1 3
-1 -1 -1 -1 -1 -1 0 0 0 0 -1 -1 -1 -1 -1 -1 -1
3 -1 -1 -1 -1 0 0 0 0 -1 -1 -1 -1 100 -1 -1 3
3 -1 -1 0 0 0 0 0 -1 -1 -1 -1 100 100 100 -1 3
3 0 0 0 0 0 0 -1 -1 -1 -1 100 100 100 100 -1 3
3 3 0 0 0 -1 -1 -1 -1 -1 100 100 100 100 100 3 3
3 3 0 -1 -1 -1 -1 -1 -1 100 100 100 100 100 -1 3 3
3 3 3 -1 -1 -1 -1 0 0 100 100 100 100 -1 3 3 3
3 3 3 3 3 0 0 0 0 0 100 -1 3 3 3 3 3
3 3 3 3 3 3 3 3 0 3 3 3 3 3 3 3 3
18:19:55.494012 - stdout  :: 0 0
18:19:55.505873 - stdin   :: 18 20 1 -1
12 23
18 9
13 6
18 20
3 3 3 3 3 3 3 3 -1 3 3 3 3 3 3 3 3
3 3 3 3 3 0 0 -1 -1 -1 -1 0 3 3 3 3 3
3 3 3 0 0 0 0 -1 -1 -1 -1 0 0 0 3 3 3
3 3 0 0 0 0 -1 -1 -1 -1 0 0 0 -1 -1 3 3
3 3 0 0 0 -1 -1 -1 -1 0 0 0 -1 -1 -1 3 3
3 0 0 -1 -1 -1 -1 -1 -1 0 0 0 -1 -1 -1 -1 3
3 0 -1 -1 -1 -1 -1 -1 0 0 0 -1 -1 -1 -1 -1 3
3 -1 -1 -1 -1 -1 -1 0 0 0 0 -1 -1 -1 -1 -1 3
-1 -1 -1 -1 -1 -1 0 0 0 0 -1 -1 -1 -1 100 -1 -1
3 -1 -1 -1 0 0 0 0 0 -1 -1 -1 -1 100 100 100 3
3 -1 0 0 0 0 0 0 -1 -1 -1 -1 100 100 100 100 3
3 0 0 0 0 0 -1 -1 -1 -1 -1 100 100 100 100 100 3
3 3 0 0 -1 -1 -1 -1 -1 -1 100 100 100 100 100 3 3
3 3 0 -1 -1 -1 -1 -1 0 0 100 100 100 100 -1 3 3
3 3 3 -1 -1 0 0 0 0 0 0 100 -1 -1 3 3 3
3 3 3 3 3 0 0 0 0 0 -1 -1 3 3 3 3 3
3 3 3 3 3 3 3 3 0 3 3 3 3 3 3 3 3
18:19:55.506840 - stdout  :: -1 0
18:19:55.518534 - stdin   :: 18 19 0 -1
13 22
17 10
14 6
18 19
3 3 3 3 3 3 3 3 0 3 3 3 3 3 3 3 3
3 3 3 3 3 0 0 0 -1 -1 -1 -1 3 3 3 3 3
3 3 3 0 0 0 0 0 -1 -1 -1 -1 0 0 3 3 3
3 3 0 0 0 0 0 -1 -1 -1 -1 0 0 0 -1 3 3
3 3 0 0 0 0 -1 -1 -1 -1 0 0 0 -1 -1 3 3
3 0 0 0 -1 -1 -1 -1 -1 -1 0 0 0 -1 -1 -1 3
3 0 0 -1 -1 -1 -1 -1 -1 0 0 0 -1 -1 -1 -1 3
3 0 -1 -1 -1 -1 -1 -1 0 0 0 0 -1 -1 -1 -1 3
0 -1 -1 -1 -1 -1 -1 0 0 0 0 -1 -1 -1 -1 100 -1
3 -1 -1 -1 -1 0 0 0 0 0 -1 -1 -1 -1 100 100 3
3 -1 -1 0 0 0 0 0 0 -1 -1 -1 -1 100 100 100 3
3 -1 0 0 0 0 0 -1 -1 -1 -1 -1 100 100 100 100 3
3 3 0 0 0 -1 -1 -1 -1 -1 -1 100 100 100 100 3 3
3 3 0 0 -1 -1 -1 -1 -1 0 0 100 100 100 100 3 3
3 3 3 -1 -1 -1 0 0 0 0 0 0 100 -1 3 3 3
3 3 3 3 3 0 0 0 0 0 0 -1 3 3 3 3 3
3 3 3 3 3 3 3 3 0 3 3 3 3 3 3 3 3
18:19:55.519839 - stdout  :: 1 0
18:19:55.531746 - stdin   :: 19 18 1 -1
14 21
16 11
15 6
19 18
3 3 3 3 3 3 3 3 0 3 3 3 3 3 3 3 3
3 3 3 3 3 0 0 0 0 -1 -1 -1 3 3 3 3 3
3 3 3 0 0 0 0 0 -1 -1 -1 -1 0 0 3 3 3
3 3 0 0 0 0 0 -1 -1 -1 -1 0 0 0 -1 3 3
3 3 0 0 0 -1 -1 -1 -1 -1 -1 0 0 0 -1 3 3
3 0 0 0 -1 -1 -1 -1 -1 -1 0 0 0 -1 -1 -1 3
3 0 0 -1 -1 -1 -1 -1 -1 0 0 0 0 -1 -1 -1 3
3 0 -1 -1 -1 -1 -1 -1 0 0 0 0 -1 -1 -1 -1 3
-1 -1 -1 -1 -1 -1 0 0 0 0 0 -1 -1 -1 -1 100 100
3 -1 -1 -1 0 0 0 0 0 0 -1 -1 -1 -1 100 100 3
3 -1 -1 0 0 0 0 0 -1 -1 -1 -1 -1 100 100 100 3
3 0 0 0 0 0 -1 -1 -1 -1 -1 -1 100 100 100 100 3
3 3 0 0 0 -1 -1 -1 -1 -1 0 0 100 100 100 3 3
3 3 0 -1 -1 -1 -1 0 0 0 0 0 0 100 -1 3 3
3 3 3 0 0 0 0 0 0 0 0 0 -1 -1 3 3 3
3 3 3 3 3 0 0 0 0 0 0 -1 3 3 3 3 3
3 3 3 3 3 3 3 3 -1 3 3 3 3 3 3 3 3
18:19:55.532579 - stdout  :: -1 0
18:19:55.543826 - stdin   :: 19 17 0 -1
15 21
15 12
16 6
19 17
3 3 3 3 3 3 3 3 0 3 3 3 3 3 3 3 3
3 3 3 3 3 0 0 0 0 0 -1 -1 3 3 3 3 3
3 3 3 -1 0 0 0 0 0 -1 -1 -1 -1 0 3 3 3
3 3 -1 0 0 0 0 0 -1 -1 -1 -1 0 0 0 3 3
3 3 0 0 0 0 -1 -1 -1 -1 -1 -1 0 0 0 3 3
3 0 0 0 0 -1 -1 -1 -1 -1 -1 0 0 0 -1 -1 3
3 0 0 0 -1 -1 -1 -1 -1 -1 0 0 0 0 -1 -1 3
3 0 0 -1 -1 -1 -1 -1 -1 0 0 0 0 -1 -1 -1 3
0 -1 -1 -1 -1 -1 -1 0 0 0 0 0 -1 -1 -1 -1 100
3 -1 -1 -1 -1 0 0 0 0 0 0 -1 -1 -1 -1 100 3
3 -1 -1 -1 0 0 0 0 0 -1 -1 -1 -1 -1 100 100 3
3 -1 0 0 0 0 0 -1 -1 -1 -1 -1 -1 100 100 100 3
3 3 0 0 0 0 -1 -1 -1 -1 -1 0 0 100 100 3 3
3 3 0 0 -1 -1 -1 -1 0 0 0 0 0 0 100 3 3
3 3 3 0 0 0 0 0 0 0 0 0 0 -1 3 3 3
3 3 3 3 3 0 0 0 0 0 0 0 3 3 3 3 3
3 3 3 3 3 3 3 3 0 3 3 3 3 3 3 3 3
18:19:55.544721 - stdout  :: 1 0
18:19:55.554806 - stdin   :: 20 16 1 -1
16 20
14 13
17 6
20 16
3 3 3 3 3 3 3 3 0 3 3 3 3 3 3 3 3
3 3 3 3 3 0 0 0 0 0 -1 -1 3 3 3 3 3
3 3 3 -1 0 0 0 0 0 -1 -1 -1 -1 0 3 3 3
3 3 -1 0 0 0 0 -1 -1 -1 -1 -1 -1 0 0 3 3
3 3 0 0 0 0 -1 -1 -1 -1 -1 -1 0 0 0 3 3
3 0 0 0 0 -1 -1 -1 -1 -1 -1 0 0 0 0 -1 3
3 0 0 0 -1 -1 -1 -1 -1 -1 0 0 0 0 -1 -1 3
3 0 -1 -1 -1 -1 -1 -1 0 0 0 0 0 -1 -1 -1 3
-1 -1 -1 -1 -1 -1 0 0 0 0 0 0 -1 -1 -1 -1 100
3 -1 -1 -1 -1 0 0 0 0 0 -1 -1 -1 -1 -1 100 3
3 -1 -1 0 0 0 0 0 -1 -1 -1 -1 -1 -1 100 100 3
3 -1 0 0 0 0 0 -1 -1 -1 -1 -1 0 0 100 100 3
3 3 0 0 0 -1 -1 -1 -1 0 0 0 0 0 0 3 3
3 3 0 0 0 0 0 0 0 0 0 0 0 0 -1 3 3
3 3 3 0 0 0 0 0 0 0 0 0 0 -1 3 3 3
3 3 3 3 3 0 0 0 0 0 -1 -1 3 3 3 3 3
3 3 3 3 3 3 3 3 -1 3 3 3 3 3 3 3 3
18:19:55.555665 - stdout  :: 0 0
18:19:55.566748 - stdin   :: 21 15 1 -1
17 19
13 14
18 6
21 15
3 3 3 3 3 3 3 3 0 3 3 3 3 3 3 3 3
3 3 3 3 3 0 0 0 0 0 -1 -1 3 3 3 3 3
3 3 3 -1 0 0 0 0 -1 -1 -1 -1 -1 -1 3 3 3
3 3 0 0 0 0 0 -1 -1 -1 -1 -1 -1 0 0 3 3
3 3 0 0 0 0 -1 -1 -1 -1 -1 -1 0 0 0 3 3
3 0 0 0 0 -1 -1 -1 -1 -1 -1 0 0 0 0 -1 3
3 0 0 -1 -1 -1 -1 -1 -1 0 0 0 0 0 -1 -1 3
3 -1 -1 -1 -1 -1 -1 0 0 0 0 0 0 -1 -1 -1 3
-1 -1 -1 -1 -1 -1 0 0 0 0 0 -1 -1 -1 -1 -1 100
3 -1 -1 -1 0 0 0 0 0 -1 -1 -1 -1 -1 -1 100 3
3 -1 -1 0 0 0 0 0 -1 -1 -1 -1 -1 0 0 100 3
3 -1 -1 0 0 0 -1 -1 -1 -1 0 0 0 0 0 0 3
3 3 -1 0 0 0 0 0 0 0 0 0 0 0 0 3 3
3 3 -1 0 0 0 0 0 0 0 0 0 0 0 -1 3 3
3 3 3 -1 0 0 0 0 0 0 0 -1 -1 -1 3 3 3
3 3 3 3 3 -1 -1 -1 -1 -1 -1 -1 3 3 3 3 3
3 3 3 3 3 3 3 3 -1 3 3 3 3 3 3 3 3
18:19:55.567588 - stdout  :: 0 0
18:19:55.582172 - stdin   :: 22 14 1 -1
18 18
12 15
19 6
22 14
3 3 3 3 3 3 3 3 0 3 3 3 3 3 3 3 3
3 3 3 3 3 0 0 0 0 -1 -1 -1 3 3 3 3 3
3 3 3 0 0 0 0 0 -1 -1 -1 -1 -1 -1 3 3 3
3 3 0 0 0 0 0 -1 -1 -1 -1 -1 -1 0 0 3 3
3 3 0 0 0 0 -1 -1 -1 -1 -1 -1 0 0 0 3 3
3 0 0 0 -1 -1 -1 -1 -1 -1 0 0 0 0 0 -1 3
3 0 -1 -1 -1 -1 -1 -1 0 0 0 0 0 0 -1 -1 3
3 -1 -1 -1 -1 -1 -1 0 0 0 0 0 -1 -1 -1 -1 3
-1 -1 -1 -1 -1 0 0 0 0 0 -1 -1 -1 -1 -1 -1 100
3 -1 -1 -1 0 0 0 0 0 -1 -1 -1 -1 -1 0 0 3
3 -1 -1 -1 0 0 0 -1 -1 -1 -1 0 0 0 0 0 3
3 -1 -1 -1 0 0 0 0 0 0 0 0 0 0 0 0 3
3 3 -1 -1 0 0 0 0 0 0 0 0 0 0 0 3 3
3 3 -1 -1 -1 0 0 0 0 0 0 0 -1 -1 -1 3 3
3 3 3 -1 -1 -1 -1 -1 -1 -1 -1 -1 -1 -1 3 3 3
3 3 3 3 3 -1 -1 -1 -1 -1 -1 -1 3 3 3 3 3
3 3 3 3 3 3 3 3 -1 3 3 3 3 3 3 3 3
18:19:55.583002 - stdout  :: 0 0
18:19:55.593097 - stdin   :: 23 13 1 -1
19 17
11 16
20 6
23 13
3 3 3 3 3 3 3 3 0 3 3 3 3 3 3 3 3
3 3 3 3 3 0 0 0 0 -1 -1 -1 3 3 3 3 3
3 3 3 0 0 0 0 0 -1 -1 -1 -1 -1 -1 3 3 3
3 3 0 0 0 0 0 -1 -1 -1 -1 -1 -1 0 0 3 3
3 3 0 0 0 -1 -1 -1 -1 -1 -1 0 0 0 0 3 3
3 0 0 -1 -1 -1 -1 -1 -1 0 0 0 0 0 0 -1 3
3 0 -1 -1 -1 -1 -1 -1 0 0 0 0 0 -1 -1 -1 3
3 -1 -1 -1 -1 -1 0 0 0 0 0 -1 -1 -1 -1 -1 3
-1 -1 -1 -1 -1 0 0 0 0 0 -1 -1 -1 -1 -1 0 0
3 -1 -1 -1 -1 0 0 0 -1 -1 -1 -1 0 0 0 0 3
3 -1 -1 -1 -1 0 0 0 0 0 0 0 0 0 0 0 3
3 -1 -1 -1 -1 0 0 0 0 0 0 0 0 0 0 0 3
3 3 -1 -1 -1 -1 0 0 0 0 0 0 0 -1 -1 3 3
3 3 -1 -1 -1 -1 -1 -1 -1 -1 -1 -1 -1 -1 -1 3 3
3 3 3 -1 -1 -1 -1 -1 -1 -1 -1 -1 -1 -1 3 3 3
3 3 3 3 3 -1 -1 -1 -1 -1 -1 -1 3 3 3 3 3
3 3 3 3 3 3 3 3 -1 3 3 3 3 3 3 3 3
18:19:55.593728 - stdout  :: 0 0
18:19:55.603219 - stdin   :: 24 12 1 -1
20 16
10 17
21 6
24 12
3 3 3 3 3 3 3 3 0 3 3 3 3 3 3 3 3
3 3 3 3 3 0 0 0 0 -1 -1 -1 3 3 3 3 3
3 3 3 0 0 0 0 0 -1 -1 -1 -1 -1 -1 3 3 3
3 3 0 0 0 0 -1 -1 -1 -1 -1 -1 0 0 0 3 3
3 3 0 0 -1 -1 -1 -1 -1 -1 0 0 0 0 0 3 3
3 0 0 -1 -1 -1 -1 -1 -1 0 0 0 0 0 -1 -1 3
3 0 -1 -1 -1 -1 -1 0 0 0 0 0 -1 -1 -1 -1 3
3 -1 -1 -1 -1 -1 0 0 0 0 0 -1 -1 -1 -1 -1 3
-1 -1 -1 -1 -1 -1 0 0 0 -1 -1 -1 -1 0 0 0 0
3 -1 -1 -1 -1 -1 0 0 0 0 0 0 0 0 0 0 3
3 -1 -1 -1 -1 -1 0 0 0 0 0 0 0 0 0 0 3
3 -1 -1 -1 -1 -1 -1 0 0 0 0 0 0 0 -1 -1 3
3 3 -1 -1 -1 -1 -1 -1 -1 -1 -1 -1 -1 -1 -1 3 3
3 3 -1 -1 -1 -1 -1 -1 -1 -1 -1 -1 -1 -1 -1 3 3
3 3 3 -1 -1 -1 -1 -1 -1 -1 -1 -1 -1 -1 3 3 3
3 3 3 3 3 -1 -1 -1 -1 -1 -1 -1 3 3 3 3 3
3 3 3 3 3 3 3 3 -1 3 3 3 3 3 3 3 3
18:19:55.603775 - stdout  :: 0 1
18:19:55.613667 - stdin   :: 25 12 1 0
21 15
9 18
21 5
25 12
3 3 3 3 3 3 3 3 0 3 3 3 3 3 3 3 3
3 3 3 3 3 0 0 0 -1 -1 -1 -1 3 3 3 3 3
3 3 3 0 0 0 -1 -1 -1 -1 -1 -1 0 0 3 3 3
3 3 0 0 -1 -1 -1 -1 -1 -1 0 0 0 0 0 3 3
3 3 0 -1 -1 -1 -1 -1 -1 0 0 0 0 0 -1 3 3
3 0 -1 -1 -1 -1 -1 0 0 0 0 0 -1 -1 -1 -1 3
3 -1 -1 -1 -1 -1 0 0 0 0 0 -1 -1 -1 -1 -1 3
3 -1 -1 -1 -1 -1 0 0 0 -1 -1 -1 -1 0 0 0 3
-1 -1 -1 -1 -1 -1 0 0 0 0 0 0 0 0 0 0 0
3 -1 -1 -1 -1 -1 0 0 0 0 0 0 0 0 0 0 3
3 -1 -1 -1 -1 -1 -1 0 0 0 0 0 0 0 -1 -1 3
3 -1 -1 -1 -1 -1 -1 -1 -1 -1 -1 -1 -1 -1 -1 -1 3
3 3 -1 -1 -1 -1 -1 -1 -1 -1 -1 -1 -1 -1 -1 3 3
3 3 -1 -1 -1 -1 -1 -1 -1 -1 -1 -1 -1 -1 -1 3 3
3 3 3 -1 -1 -1 -1 -1 -1 -1 -1 -1 -1 -1 3 3 3
3 3 3 3 3 -1 -1 -1 -1 -1 -1 -1 3 3 3 3 3
3 3 3 3 3 3 3 3 -1 3 3 3 3 3 3 3 3
18:19:55.614228 - stdout  :: -1 1
18:19:55.623740 - stdin   :: 25 13 0 1
22 14
8 19
22 5
25 13
3 3 3 3 3 3 3 3 -1 3 3 3 3 3 3 3 3
3 3 3 3 3 0 0 -1 -1 -1 -1 -1 3 3 3 3 3
3 3 3 0 0 -1 -1 -1 -1 -1 -1 0 0 0 3 3 3
3 3 0 -1 -1 -1 -1 -1 -1 0 0 0 0 0 0 3 3
3 3 -1 -1 -1 -1 -1 -1 0 0 0 0 0 -1 -1 3 3
3 -1 -1 -1 -1 -1 0 0 0 0 0 -1 -1 -1 -1 -1 3
3 -1 -1 -1 -1 0 0 0 0 0 -1 -1 -1 -1 -1 0 3
3 -1 -1 -1 -1 0 0 0 -1 -1 -1 -1 0 0 0 0 3
-1 -1 -1 -1 -1 0 0 0 0 0 0 0 0 0 0 0 0
3 -1 -1 -1 -1 0 0 0 0 0 0 0 0 0 0 0 3
3 -1 -1 -1 -1 -1 0 0 0 0 0 0 0 -1 -1 -1 3
3 -1 -1 -1 -1 -1 -1 -1 -1 -1 -1 -1 -1 -1 -1 -1 3
3 3 -1 -1 -1 -1 -1 -1 -1 -1 -1 -1 -1 -1 -1 3 3
3 3 -1 -1 -1 -1 -1 -1 -1 -1 -1 -1 -1 -1 -1 3 3
3 3 3 -1 -1 -1 -1 -1 -1 -1 -1 -1 -1 -1 3 3 3
3 3 3 3 3 -1 -1 -1 -1 -1 -1 -1 3 3 3 3 3
3 3 3 3 3 3 3 3 -1 3 3 3 3 3 3 3 3
18:19:55.624273 - stdout  :: 0 0
18:19:55.634181 - stdin   :: 25 14 0 1
23 13
7 20
22 4
25 14
3 3 3 3 3 3 3 3 -1 3 3 3 3 3 3 3 3
3 3 3 3 3 0 -1 -1 -1 -1 -1 -1 3 3 3 3 3
3 3 3 0 -1 -1 -1 -1 -1 -1 0 0 0 0 3 3 3
3 3 -1 -1 -1 -1 -1 -1 0 0 0 0 0 0 -1 3 3
3 3 -1 -1 -1 -1 -1 0 0 0 0 0 -1 -1 -1 3 3
3 -1 -1 -1 -1 0 0 0 0 0 -1 -1 -1 -1 -1 -1 3
3 -1 -1 -1 0 0 0 0 0 -1 -1 -1 -1 -1 0 0 3
3 -1 -1 -1 0 0 0 -1 -1 -1 -1 0 0 0 0 0 3
-1 -1 -1 -1 0 0 0 0 0 0 0 0 0 0 0 0 -1
3 -1 -1 -1 0 0 0 0 0 0 0 0 0 0 0 -1 3
3 -1 -1 -1 -1 0 0 0 0 0 0 0 -1 -1 -1 -1 3
3 -1 -1 -1 -1 -1 -1 -1 -1 -1 -1 -1 -1 -1 -1 -1 3
3 3 -1 -1 -1 -1 -1 -1 -1 -1 -1 -1 -1 -1 -1 3 3
3 3 -1 -1 -1 -1 -1 -1 -1 -1 -1 -1 -1 -1 -1 3 3
3 3 3 -1 -1 -1 -1 -1 -1 -1 -1 -1 -1 -1 3 3 3
3 3 3 3 3 -1 -1 -1 -1 -1 -1 -1 3 3 3 3 3
3 3 3 3 3 3 3 3 -1 3 3 3 3 3 3 3 3
18:19:55.634671 - stdout  :: 0 0
18:19:55.644430 - stdin   :: 25 15 0 1
24 12
6 21
21 4
25 15
3 3 3 3 3 3 3 3 -1 3 3 3 3 3 3 3 3
3 3 3 3 3 -1 -1 -1 -1 -1 -1 0 3 3 3 3 3
3 3 3 -1 -1 -1 -1 -1 -1 0 0 0 0 0 3 3 3
3 3 -1 -1 -1 -1 -1 0 0 0 0 0 0 -1 -1 3 3
3 3 -1 -1 -1 -1 0 0 0 0 0 -1 -1 -1 -1 3 3
3 -1 -1 -1 0 0 0 0 0 -1 -1 -1 -1 -1 -1 100 3
3 -1 -1 0 0 0 0 0 -1 -1 -1 -1 -1 0 0 100 3
3 -1 -1 0 0 0 -1 -1 -1 -1 0 0 0 0 0 0 3
-1 -1 -1 0 0 0 0 0 0 0 0 0 0 0 0 -1 -1
3 -1 -1 0 0 0 0 0 0 0 0 0 0 0 -1 -1 3
3 -1 -1 -1 0 0 0 0 0 0 0 -1 -1 -1 -1 -1 3
3 -1 -1 -1 -1 -1 -1 -1 -1 -1 -1 -1 -1 -1 -1 -1 3
3 3 -1 -1 -1 -1 -1 -1 -1 -1 -1 -1 -1 -1 -1 3 3
3 3 -1 -1 -1 -1 -1 -1 -1 -1 -1 -1 -1 -1 -1 3 3
3 3 3 -1 -1 -1 -1 -1 -1 -1 -1 -1 -1 -1 3 3 3
3 3 3 3 3 -1 -1 -1 -1 -1 -1 -1 3 3 3 3 3
3 3 3 3 3 3 3 3 -1 3 3 3 3 3 3 3 3
18:19:55.644927 - stdout  :: 0 0
18:19:55.655435 - stdin   :: 25 16 0 1
25 12
6 22
20 4
25 16
3 3 3 3 3 3 3 3 -1 3 3 3 3 3 3 3 3
3 3 3 3 3 -1 -1 -1 -1 -1 0 0 3 3 3 3 3
3 3 3 -1 -1 -1 -1 -1 0 0 0 0 0 -1 3 3 3
3 3 -1 -1 -1 -1 0 0 0 0 0 0 -1 -1 -1 3 3
3 3 -1 -1 -1 0 0 0 0 0 -1 -1 -1 -1 -1 3 3
3 -1 -1 0 0 0 0 0 -1 -1 -1 -1 -1 -1 100 100 3
3 -1 0 0 0 0 0 -1 -1 -1 -1 -1 0 0 100 100 3
3 -1 0 0 0 -1 -1 -1 -1 0 0 0 0 0 0 100 3
-1 -1 0 0 0 0 0 0 0 0 0 0 0 0 -1 -1 -1
3 -1 0 0 0 0 0 0 0 0 0 0 0 -1 -1 -1 3
3 -1 -1 0 0 0 0 0 0 0 -1 -1 -1 -1 -1 -1 3
3 -1 -1 -1 -1 -1 -1 -1 -1 -1 -1 -1 -1 -1 -1 -1 3
3 3 -1 -1 -1 -1 -1 -1 -1 -1 -1 -1 -1 -1 -1 3 3
3 3 -1 -1 -1 -1 -1 -1 -1 -1 -1 -1 -1 -1 -1 3 3
3 3 3 -1 -1 -1 -1 -1 -1 -1 -1 -1 -1 -1 3 3 3
3 3 3 3 3 -1 -1 -1 -1 -1 -1 -1 3 3 3 3 3
3 3 3 3 3 3 3 3 -1 3 3 3 3 3 3 3 3
18:19:55.656059 - stdout  :: -1 0
18:19:55.666302 - stdin   :: 24 17 -1 1
26 13
6 23
20 5
24 17
3 3 3 3 3 3 3 3 -1 3 3 3 3 3 3 3 3
3 3 3 3 3 -1 -1 -1 -1 -1 0 0 3 3 3 3 3
3 3 3 -1 -1 -1 -1 -1 -1 0 0 0 0 -1 3 3 3
3 3 -1 -1 -1 -1 -1 0 0 0 0 0 -1 -1 -1 3 3
3 3 -1 -1 -1 0 0 0 0 0 0 -1 -1 -1 -1 3 3
3 -1 -1 -1 0 0 0 0 0 -1 -1 -1 -1 -1 100 100 3
3 -1 0 0 0 0 0 -1 -1 -1 -1 -1 -1 100 100 100 3
3 0 0 0 0 0 -1 -1 -1 -1 -1 0 0 100 100 100 3
-1 0 0 0 -1 -1 -1 -1 0 0 0 0 0 0 100 -1 -1
3 0 0 0 0 0 0 0 0 0 0 0 0 -1 -1 -1 3
3 0 0 0 0 0 0 0 0 0 0 0 -1 -1 -1 -1 3
3 -1 0 0 0 0 0 0 0 -1 -1 -1 -1 -1 -1 -1 3
3 3 -1 -1 -1 -1 -1 -1 -1 -1 -1 -1 -1 -1 -1 3 3
3 3 -1 -1 -1 -1 -1 -1 -1 -1 -1 -1 -1 -1 -1 3 3
3 3 3 -1 -1 -1 -1 -1 -1 -1 -1 -1 -1 -1 3 3 3
3 3 3 3 3 -1 -1 -1 -1 -1 -1 -1 3 3 3 3 3
3 3 3 3 3 3 3 3 -1 3 3 3 3 3 3 3 3
18:19:55.666876 - stdout  :: 1 0
18:19:55.678093 - stdin   :: 24 18 0 1
27 14
6 25
20 6
24 18
3 3 3 3 3 3 3 3 -1 3 3 3 3 3 3 3 3
3 3 3 3 3 -1 -1 -1 -1 0 0 0 3 3 3 3 3
3 3 3 -1 -1 -1 -1 -1 0 0 0 0 -1 -1 3 3 3
3 3 -1 -1 -1 -1 0 0 0 0 0 -1 -1 -1 -1 3 3
3 3 -1 -1 0 0 0 0 0 0 -1 -1 -1 -1 100 3 3
3 -1 -1 0 0 0 0 0 -1 -1 -1 -1 -1 100 100 100 3
3 0 0 0 0 0 -1 -1 -1 -1 -1 -1 100 100 100 100 3
3 0 0 0 0 -1 -1 -1 -1 -1 0 0 100 100 100 100 3
0 0 0 -1 -1 -1 -1 0 0 0 0 0 0 100 -1 -1 -1
3 0 0 0 0 0 0 0 0 0 0 0 -1 -1 -1 -1 3
3 0 0 0 0 0 0 0 0 0 0 -1 -1 -1 -1 -1 3
3 0 0 0 0 0 0 0 -1 -1 -1 -1 -1 -1 -1 -1 3
3 3 -1 -1 -1 -1 -1 -1 -1 -1 -1 -1 -1 -1 -1 3 3
3 3 -1 -1 -1 -1 -1 -1 -1 -1 -1 -1 -1 -1 -1 3 3
3 3 3 -1 -1 -1 -1 -1 -1 -1 -1 -1 -1 -1 3 3 3
3 3 3 3 3 -1 -1 -1 -1 -1 -1 -1 3 3 3 3 3
3 3 3 3 3 3 3 3 -1 3 3 3 3 3 3 3 3
18:19:55.678725 - stdout  :: 0 0
18:19:55.689694 - stdin   :: 24 19 0 1
27 15
6 26
20 7
24 19
3 3 3 3 3 3 3 3 -1 3 3 3 3 3 3 3 3
3 3 3 3 3 -1 -1 -1 0 0 0 0 3 3 3 3 3
3 3 3 -1 -1 -1 -1 0 0 0 0 -1 -1 -1 3 3 3
3 3 -1 -1 -1 0 0 0 0 0 -1 -1 -1 -1 100 3 3
3 3 -1 0 0 0 0 0 0 -1 -1 -1 -1 100 100 3 3
3 -1 0 0 0 0 0 -1 -1 -1 -1 -1 100 100 100 100 3
3 0 0 0 0 -1 -1 -1 -1 -1 -1 100 100 100 100 100 3
3 0 0 0 -1 -1 -1 -1 -1 0 0 100 100 100 100 -1 3
0 0 -1 -1 -1 -1 0 0 0 0 0 0 100 -1 -1 -1 -1
3 0 0 0 0 0 0 0 0 0 0 -1 -1 -1 -1 -1 3
3 0 0 0 0 0 0 0 0 0 -1 -1 -1 -1 -1 -1 3
3 0 0 0 0 0 0 -1 -1 -1 -1 -1 -1 -1 -1 -1 3
3 3 -1 -1 -1 -1 -1 -1 -1 -1 -1 -1 -1 -1 -1 3 3
3 3 -1 -1 -1 -1 -1 -1 -1 -1 -1 -1 -1 -1 -1 3 3
3 3 3 -1 -1 -1 -1 -1 -1 -1 -1 -1 -1 -1 3 3 3
3 3 3 3 3 -1 -1 -1 -1 -1 -1 -1 3 3 3 3 3
3 3 3 3 3 3 3 3 -1 3 3 3 3 3 3 3 3
18:19:55.690364 - stdout  :: -1 0
18:19:55.701442 - stdin   :: 23 20 -1 1
26 16
7 26
19 7
23 20
3 3 3 3 3 3 3 3 -1 3 3 3 3 3 3 3 3
3 3 3 3 3 -1 -1 -1 0 0 0 -1 3 3 3 3 3
3 3 3 -1 -1 -1 -1 0 0 0 0 -1 -1 -1 3 3 3
3 3 -1 -1 -1 -1 0 0 0 0 -1 -1 -1 -1 100 3 3
3 3 -1 -1 0 0 0 0 0 -1 -1 -1 -1 100 100 3 3
3 -1 0 0 0 0 0 0 -1 -1 -1 -1 100 100 100 100 3
3 0 0 0 0 0 -1 -1 -1 -1 -1 100 100 100 100 100 3
3 0 0 0 -1 -1 -1 -1 -1 -1 100 100 100 100 100 -1 3
0 0 0 -1 -1 -1 -1 -1 0 0 100 100 100 100 -1 -1 -1
3 -1 -1 -1 -1 0 0 0 0 0 0 100 -1 -1 -1 -1 3
3 0 0 0 0 0 0 0 0 0 -1 -1 -1 -1 -1 -1 3
3 0 0 0 0 0 0 0 0 -1 -1 -1 -1 -1 -1 -1 3
3 3 0 0 0 0 -1 -1 -1 -1 -1 -1 -1 -1 -1 3 3
3 3 -1 -1 -1 -1 -1 -1 -1 -1 -1 -1 -1 -1 -1 3 3
3 3 3 -1 -1 -1 -1 -1 -1 -1 -1 -1 -1 -1 3 3 3
3 3 3 3 3 -1 -1 -1 -1 -1 -1 -1 3 3 3 3 3
3 3 3 3 3 3 3 3 -1 3 3 3 3 3 3 3 3
18:19:55.702128 - stdout  :: 1 0
18:19:55.713748 - stdin   :: 23 21 0 1
25 17
8 26
18 7
23 21
3 3 3 3 3 3 3 3 0 3 3 3 3 3 3 3 3
3 3 3 3 3 -1 -1 0 0 0 -1 -1 3 3 3 3 3
3 3 3 -1 -1 -1 0 0 0 0 -1 -1 -1 -1 3 3 3
3 3 -1 -1 -1 0 0 0 0 -1 -1 -1 -1 100 -1 3 3
3 3 -1 0 0 0 0 0 -1 -1 -1 -1 100 100 100 3 3
3 0 0 0 0 0 0 -1 -1 -1 -1 100 100 100 100 -1 3
3 0 0 0 0 -1 -1 -1 -1 -1 100 100 100 100 100 -1 3
3 0 0 -1 -1 -1 -1 -1 -1 100 100 100 100 100 -1 -1 3
0 0 -1 -1 -1 -1 -1 0 0 100 100 100 100 -1 -1 -1 -1
3 -1 -1 -1 0 0 0 0 0 0 100 -1 -1 -1 -1 -1 3
3 0 0 0 0 0 0 0 0 -1 -1 -1 -1 -1 -1 -1 3
3 0 0 0 0 0 0 0 -1 -1 -1 -1 -1 -1 -1 -1 3
3 3 0 0 0 -1 -1 -1 -1 -1 -1 -1 -1 -1 -1 3 3
3 3 -1 -1 -1 -1 -1 -1 -1 -1 -1 -1 -1 -1 -1 3 3
3 3 3 -1 -1 -1 -1 -1 -1 -1 -1 -1 -1 -1 3 3 3
3 3 3 3 3 -1 -1 -1 -1 -1 -1 -1 3 3 3 3 3
3 3 3 3 3 3 3 3 -1 3 3 3 3 3 3 3 3
18:19:55.714414 - stdout  :: 0 0
18:19:56.433445 - stdin   :: ~~~END~~~
18:19:56.434222 - control :: Server has terminated, no more data.
